     1 00000000                                 [FORMAT "WCOFF"]
     2 00000000                                 [INSTRSET "i486p"]
     3 00000000                                 [OPTIMIZE 1]
     4 00000000                                 [OPTION 1]
     5 00000000                                 [BITS 32]
     6 00000000                                 	EXTERN	_init_gdtidt
     7 00000000                                 	EXTERN	_init_pic
     8 00000000                                 	EXTERN	_io_sti
     9 00000000                                 	EXTERN	_fifo32_init
    10 00000000                                 	EXTERN	_init_pit
    11 00000000                                 	EXTERN	_init_keyboard
    12 00000000                                 	EXTERN	_enable_mouse
    13 00000000                                 	EXTERN	_io_out8
    14 00000000                                 	EXTERN	_memtest
    15 00000000                                 	EXTERN	_memman_init
    16 00000000                                 	EXTERN	_memman_free
    17 00000000                                 	EXTERN	_init_palette
    18 00000000                                 	EXTERN	_shtctl_init
    19 00000000                                 	EXTERN	_task_init
    20 00000000                                 	EXTERN	_task_run
    21 00000000                                 	EXTERN	_sheet_alloc
    22 00000000                                 	EXTERN	_memman_alloc_4k
    23 00000000                                 	EXTERN	_sheet_setbuf
    24 00000000                                 	EXTERN	_init_screen8
    25 00000000                                 	EXTERN	_task_alloc
    26 00000000                                 	EXTERN	_timer_alloc
    27 00000000                                 	EXTERN	_timer_init
    28 00000000                                 	EXTERN	_timer_settime
    29 00000000                                 	EXTERN	_init_mouse_cursor8
    30 00000000                                 	EXTERN	_sheet_slide
    31 00000000                                 	EXTERN	_sheet_updown
    32 00000000                                 	EXTERN	_sprintf
    33 00000000                                 	EXTERN	_memman_total
    34 00000000                                 	EXTERN	_io_cli
    35 00000000                                 	EXTERN	_fifo32_status
    36 00000000                                 	EXTERN	_fifo32_get
    37 00000000                                 	EXTERN	_boxfill8
    38 00000000                                 	EXTERN	_sheet_refresh
    39 00000000                                 	EXTERN	_mouse_decode
    40 00000000                                 	EXTERN	_keytable.0
    41 00000000                                 	EXTERN	_task_sleep
    42 00000000                                 	EXTERN	_putfonts8_asc
    43 00000000                                 	EXTERN	_task_now
    44 00000000                                 [FILE "bootpack.c"]
    45                                          [SECTION .data]
    46 00000000                                 _keytable.0:
    47 00000000 00                              	DB	0
    48 00000001 00                              	DB	0
    49 00000002 31                              	DB	49
    50 00000003 32                              	DB	50
    51 00000004 33                              	DB	51
    52 00000005 34                              	DB	52
    53 00000006 35                              	DB	53
    54 00000007 36                              	DB	54
    55 00000008 37                              	DB	55
    56 00000009 38                              	DB	56
    57 0000000A 39                              	DB	57
    58 0000000B 30                              	DB	48
    59 0000000C 2D                              	DB	45
    60 0000000D 5E                              	DB	94
    61 0000000E 00                              	DB	0
    62 0000000F 00                              	DB	0
    63 00000010 51                              	DB	81
    64 00000011 57                              	DB	87
    65 00000012 45                              	DB	69
    66 00000013 52                              	DB	82
    67 00000014 54                              	DB	84
    68 00000015 59                              	DB	89
    69 00000016 55                              	DB	85
    70 00000017 49                              	DB	73
    71 00000018 4F                              	DB	79
    72 00000019 50                              	DB	80
    73 0000001A 40                              	DB	64
    74 0000001B 5B                              	DB	91
    75 0000001C 00                              	DB	0
    76 0000001D 00                              	DB	0
    77 0000001E 41                              	DB	65
    78 0000001F 53                              	DB	83
    79 00000020 44                              	DB	68
    80 00000021 46                              	DB	70
    81 00000022 47                              	DB	71
    82 00000023 48                              	DB	72
    83 00000024 4A                              	DB	74
    84 00000025 4B                              	DB	75
    85 00000026 4C                              	DB	76
    86 00000027 3B                              	DB	59
    87 00000028 3A                              	DB	58
    88 00000029 00                              	DB	0
    89 0000002A 00                              	DB	0
    90 0000002B 5D                              	DB	93
    91 0000002C 5A                              	DB	90
    92 0000002D 58                              	DB	88
    93 0000002E 43                              	DB	67
    94 0000002F 56                              	DB	86
    95 00000030 42                              	DB	66
    96 00000031 4E                              	DB	78
    97 00000032 4D                              	DB	77
    98 00000033 2C                              	DB	44
    99 00000034 2E                              	DB	46
   100 00000035 2F                              	DB	47
   101 00000036 00                              	DB	0
   102 00000037 2A                              	DB	42
   103 00000038 00                              	DB	0
   104 00000039 20                              	DB	32
   105 0000003A 00                              	DB	0
   106 0000003B 00                              	DB	0
   107 0000003C 00                              	DB	0
   108 0000003D 00                              	DB	0
   109 0000003E 00                              	DB	0
   110 0000003F 00                              	DB	0
   111 00000040 00                              	DB	0
   112 00000041 00                              	DB	0
   113 00000042 00                              	DB	0
   114 00000043 00                              	DB	0
   115 00000044 00                              	DB	0
   116 00000045 00                              	DB	0
   117 00000046 00                              	DB	0
   118 00000047 37                              	DB	55
   119 00000048 38                              	DB	56
   120 00000049 39                              	DB	57
   121 0000004A 2D                              	DB	45
   122 0000004B 34                              	DB	52
   123 0000004C 35                              	DB	53
   124 0000004D 36                              	DB	54
   125 0000004E 2B                              	DB	43
   126 0000004F 31                              	DB	49
   127 00000050 32                              	DB	50
   128 00000051 33                              	DB	51
   129 00000052 30                              	DB	48
   130 00000053 2E                              	DB	46
   131 00000054                                 LC0:
   132 00000054 63 6F 6E 73 6F 6C 65 00         	DB	"console",0x00
   133 0000005C                                 LC1:
   134 0000005C 74 61 73 6B 5F 61 00            	DB	"task_a",0x00
   135 00000063                                 LC2:
   136 00000063 28 25 33 64 2C 20 25 33 64 29   	DB	"(%3d, %3d)",0x00
       0000006D 00 
   137 0000006E                                 LC3:
   138 0000006E 6D 65 6D 6F 72 79 20 25 64 4D   	DB	"memory %dMB   free : %dKB",0x00
       00000078 42 20 20 20 66 72 65 65 20 3A 
       00000082 20 25 64 4B 42 00 
   139 00000088                                 LC8:
   140 00000088 5B 6C 63 72 20 25 34 64 20 25   	DB	"[lcr %4d %4d]",0x00
       00000092 34 64 5D 00 
   141 00000096                                 LC4:
   142 00000096 25 30 32 58 00                  	DB	"%02X",0x00
   143 0000009B                                 LC6:
   144 0000009B 54 61 73 6B 5F 41 00            	DB	"Task_A",0x00
   145 000000A2                                 LC7:
   146 000000A2 43 6F 6E 73 6F 6C 65 00         	DB	"Console",0x00
   147 000000AA                                 LC5:
   148 000000AA 20 00                           	DB	" ",0x00
   149                                          [SECTION .text]
   150 00000000                                 	GLOBAL	_HariMain
   151 00000000                                 _HariMain:
   152 00000000 55                              	PUSH	EBP
   153 00000001 89 E5                           	MOV	EBP,ESP
   154 00000003 57                              	PUSH	EDI
   155 00000004 56                              	PUSH	ESI
   156 00000005 53                              	PUSH	EBX
   157 00000006 8D 9D FFFFFCD4                  	LEA	EBX,DWORD [-812+EBP]
   158 0000000C 81 EC 0000064C                  	SUB	ESP,1612
   159 00000012 C7 85 FFFFF9B0 00000000         	MOV	DWORD [-1616+EBP],0
   160 0000001C E8 [00000000]                   	CALL	_init_gdtidt
   161 00000021 E8 [00000000]                   	CALL	_init_pic
   162 00000026 E8 [00000000]                   	CALL	_io_sti
   163 0000002B 8D 85 FFFFFAD4                  	LEA	EAX,DWORD [-1324+EBP]
   164 00000031 6A 00                           	PUSH	0
   165 00000033 50                              	PUSH	EAX
   166 00000034 8D 85 FFFFFCD4                  	LEA	EAX,DWORD [-812+EBP]
   167 0000003A 68 00000080                     	PUSH	128
   168 0000003F 50                              	PUSH	EAX
   169 00000040 E8 [00000000]                   	CALL	_fifo32_init
   170 00000045 E8 [00000000]                   	CALL	_init_pit
   171 0000004A 8D 95 FFFFFCD4                  	LEA	EDX,DWORD [-812+EBP]
   172 00000050 68 00000100                     	PUSH	256
   173 00000055 52                              	PUSH	EDX
   174 00000056 E8 [00000000]                   	CALL	_init_keyboard
   175 0000005B 8D 85 FFFFFE04                  	LEA	EAX,DWORD [-508+EBP]
   176 00000061 50                              	PUSH	EAX
   177 00000062 68 00000200                     	PUSH	512
   178 00000067 53                              	PUSH	EBX
   179 00000068 E8 [00000000]                   	CALL	_enable_mouse
   180 0000006D 83 C4 24                        	ADD	ESP,36
   181 00000070 68 000000F8                     	PUSH	248
   182 00000075 6A 21                           	PUSH	33
   183 00000077 E8 [00000000]                   	CALL	_io_out8
   184 0000007C 68 000000EF                     	PUSH	239
   185 00000081 68 000000A1                     	PUSH	161
   186 00000086 E8 [00000000]                   	CALL	_io_out8
   187 0000008B 68 BFFFFFFF                     	PUSH	-1073741825
   188 00000090 68 00400000                     	PUSH	4194304
   189 00000095 E8 [00000000]                   	CALL	_memtest
   190 0000009A 68 003C0000                     	PUSH	3932160
   191 0000009F 89 85 FFFFF9D8                  	MOV	DWORD [-1576+EBP],EAX
   192 000000A5 E8 [00000000]                   	CALL	_memman_init
   193 000000AA 68 0009E000                     	PUSH	647168
   194 000000AF 68 00001000                     	PUSH	4096
   195 000000B4 68 003C0000                     	PUSH	3932160
   196 000000B9 E8 [00000000]                   	CALL	_memman_free
   197 000000BE 8B 85 FFFFF9D8                  	MOV	EAX,DWORD [-1576+EBP]
   198 000000C4 83 C4 28                        	ADD	ESP,40
   199 000000C7 2D 00400000                     	SUB	EAX,4194304
   200 000000CC 50                              	PUSH	EAX
   201 000000CD 68 00400000                     	PUSH	4194304
   202 000000D2 68 003C0000                     	PUSH	3932160
   203 000000D7 E8 [00000000]                   	CALL	_memman_free
   204 000000DC E8 [00000000]                   	CALL	_init_palette
   205 000000E1 0F BF 05 00000FF6               	MOVSX	EAX,WORD [4086]
   206 000000E8 50                              	PUSH	EAX
   207 000000E9 0F BF 05 00000FF4               	MOVSX	EAX,WORD [4084]
   208 000000F0 50                              	PUSH	EAX
   209 000000F1 FF 35 00000FF8                  	PUSH	DWORD [4088]
   210 000000F7 68 003C0000                     	PUSH	3932160
   211 000000FC E8 [00000000]                   	CALL	_shtctl_init
   212 00000101 68 003C0000                     	PUSH	3932160
   213 00000106 89 C6                           	MOV	ESI,EAX
   214 00000108 E8 [00000000]                   	CALL	_task_init
   215 0000010D 83 C4 20                        	ADD	ESP,32
   216 00000110 89 85 FFFFF9B4                  	MOV	DWORD [-1612+EBP],EAX
   217 00000116 89 85 FFFFFCEC                  	MOV	DWORD [-788+EBP],EAX
   218 0000011C 6A 00                           	PUSH	0
   219 0000011E 6A 01                           	PUSH	1
   220 00000120 50                              	PUSH	EAX
   221 00000121 E8 [00000000]                   	CALL	_task_run
   222 00000126 56                              	PUSH	ESI
   223 00000127 E8 [00000000]                   	CALL	_sheet_alloc
   224 0000012C 0F BF 15 00000FF6               	MOVSX	EDX,WORD [4086]
   225 00000133 89 85 FFFFF9D4                  	MOV	DWORD [-1580+EBP],EAX
   226 00000139 0F BF 05 00000FF4               	MOVSX	EAX,WORD [4084]
   227 00000140 0F AF C2                        	IMUL	EAX,EDX
   228 00000143 50                              	PUSH	EAX
   229 00000144 68 003C0000                     	PUSH	3932160
   230 00000149 E8 [00000000]                   	CALL	_memman_alloc_4k
   231 0000014E 6A FF                           	PUSH	-1
   232 00000150 89 C3                           	MOV	EBX,EAX
   233 00000152 0F BF 05 00000FF6               	MOVSX	EAX,WORD [4086]
   234 00000159 50                              	PUSH	EAX
   235 0000015A 0F BF 05 00000FF4               	MOVSX	EAX,WORD [4084]
   236 00000161 50                              	PUSH	EAX
   237 00000162 53                              	PUSH	EBX
   238 00000163 FF B5 FFFFF9D4                  	PUSH	DWORD [-1580+EBP]
   239 00000169 E8 [00000000]                   	CALL	_sheet_setbuf
   240 0000016E 83 C4 2C                        	ADD	ESP,44
   241 00000171 0F BF 05 00000FF6               	MOVSX	EAX,WORD [4086]
   242 00000178 50                              	PUSH	EAX
   243 00000179 0F BF 05 00000FF4               	MOVSX	EAX,WORD [4084]
   244 00000180 50                              	PUSH	EAX
   245 00000181 53                              	PUSH	EBX
   246 00000182 E8 [00000000]                   	CALL	_init_screen8
   247 00000187 56                              	PUSH	ESI
   248 00000188 E8 [00000000]                   	CALL	_sheet_alloc
   249 0000018D 68 0000A500                     	PUSH	42240
   250 00000192 68 003C0000                     	PUSH	3932160
   251 00000197 89 85 FFFFF9CC                  	MOV	DWORD [-1588+EBP],EAX
   252 0000019D E8 [00000000]                   	CALL	_memman_alloc_4k
   253 000001A2 6A FF                           	PUSH	-1
   254 000001A4 68 000000A5                     	PUSH	165
   255 000001A9 89 85 FFFFF9C4                  	MOV	DWORD [-1596+EBP],EAX
   256 000001AF 68 00000100                     	PUSH	256
   257 000001B4 50                              	PUSH	EAX
   258 000001B5 FF B5 FFFFF9CC                  	PUSH	DWORD [-1588+EBP]
   259 000001BB E8 [00000000]                   	CALL	_sheet_setbuf
   260 000001C0 83 C4 2C                        	ADD	ESP,44
   261 000001C3 6A 00                           	PUSH	0
   262 000001C5 68 [00000054]                   	PUSH	LC0
   263 000001CA 68 000000A5                     	PUSH	165
   264 000001CF 68 00000100                     	PUSH	256
   265 000001D4 FF B5 FFFFF9C4                  	PUSH	DWORD [-1596+EBP]
   266 000001DA E8 00000650                     	CALL	_make_window8
   267 000001DF 6A 00                           	PUSH	0
   268 000001E1 68 00000080                     	PUSH	128
   269 000001E6 68 000000F0                     	PUSH	240
   270 000001EB 6A 1C                           	PUSH	28
   271 000001ED 6A 08                           	PUSH	8
   272 000001EF FF B5 FFFFF9CC                  	PUSH	DWORD [-1588+EBP]
   273 000001F5 E8 00000874                     	CALL	_make_textbox8
   274 000001FA 83 C4 2C                        	ADD	ESP,44
   275 000001FD E8 [00000000]                   	CALL	_task_alloc
   276 00000202 68 00010000                     	PUSH	65536
   277 00000207 89 C3                           	MOV	EBX,EAX
   278 00000209 68 003C0000                     	PUSH	3932160
   279 0000020E E8 [00000000]                   	CALL	_memman_alloc_4k
   280 00000213 8B 95 FFFFF9CC                  	MOV	EDX,DWORD [-1588+EBP]
   281 00000219 05 0000FFF8                     	ADD	EAX,65528
   282 0000021E 89 43 48                        	MOV	DWORD [72+EBX],EAX
   283 00000221 C7 43 30 [00000C5E]             	MOV	DWORD [48+EBX],_console_task
   284 00000228 C7 43 58 00000008               	MOV	DWORD [88+EBX],8
   285 0000022F C7 43 5C 00000010               	MOV	DWORD [92+EBX],16
   286 00000236 C7 43 60 00000008               	MOV	DWORD [96+EBX],8
   287 0000023D C7 43 64 00000008               	MOV	DWORD [100+EBX],8
   288 00000244 C7 43 68 00000008               	MOV	DWORD [104+EBX],8
   289 0000024B C7 43 6C 00000008               	MOV	DWORD [108+EBX],8
   290 00000252 89 50 10                        	MOV	DWORD [16+EAX],EDX
   291 00000255 6A 02                           	PUSH	2
   292 00000257 6A 02                           	PUSH	2
   293 00000259 53                              	PUSH	EBX
   294 0000025A E8 [00000000]                   	CALL	_task_run
   295 0000025F 56                              	PUSH	ESI
   296 00000260 E8 [00000000]                   	CALL	_sheet_alloc
   297 00000265 68 00002080                     	PUSH	8320
   298 0000026A 68 003C0000                     	PUSH	3932160
   299 0000026F 89 C7                           	MOV	EDI,EAX
   300 00000271 E8 [00000000]                   	CALL	_memman_alloc_4k
   301 00000276 83 C4 20                        	ADD	ESP,32
   302 00000279 6A FF                           	PUSH	-1
   303 0000027B 89 85 FFFFF9C8                  	MOV	DWORD [-1592+EBP],EAX
   304 00000281 6A 34                           	PUSH	52
   305 00000283 68 00000090                     	PUSH	144
   306 00000288 50                              	PUSH	EAX
   307 00000289 57                              	PUSH	EDI
   308 0000028A E8 [00000000]                   	CALL	_sheet_setbuf
   309 0000028F 6A 01                           	PUSH	1
   310 00000291 68 [0000005C]                   	PUSH	LC1
   311 00000296 6A 34                           	PUSH	52
   312 00000298 68 00000090                     	PUSH	144
   313 0000029D FF B5 FFFFF9C8                  	PUSH	DWORD [-1592+EBP]
   314 000002A3 E8 00000587                     	CALL	_make_window8
   315 000002A8 83 C4 28                        	ADD	ESP,40
   316 000002AB 6A 07                           	PUSH	7
   317 000002AD 6A 10                           	PUSH	16
   318 000002AF 68 00000080                     	PUSH	128
   319 000002B4 6A 1C                           	PUSH	28
   320 000002B6 6A 08                           	PUSH	8
   321 000002B8 57                              	PUSH	EDI
   322 000002B9 E8 000007B0                     	CALL	_make_textbox8
   323 000002BE C7 85 FFFFF9BC 00000008         	MOV	DWORD [-1604+EBP],8
   324 000002C8 C7 85 FFFFF9B8 00000007         	MOV	DWORD [-1608+EBP],7
   325 000002D2 E8 [00000000]                   	CALL	_timer_alloc
   326 000002D7 6A 01                           	PUSH	1
   327 000002D9 89 C3                           	MOV	EBX,EAX
   328 000002DB 8D 85 FFFFFCD4                  	LEA	EAX,DWORD [-812+EBP]
   329 000002E1 50                              	PUSH	EAX
   330 000002E2 53                              	PUSH	EBX
   331 000002E3 E8 [00000000]                   	CALL	_timer_init
   332 000002E8 83 C4 24                        	ADD	ESP,36
   333 000002EB 6A 32                           	PUSH	50
   334 000002ED 53                              	PUSH	EBX
   335 000002EE 8D 9D FFFFFCF4                  	LEA	EBX,DWORD [-780+EBP]
   336 000002F4 E8 [00000000]                   	CALL	_timer_settime
   337 000002F9 56                              	PUSH	ESI
   338 000002FA E8 [00000000]                   	CALL	_sheet_alloc
   339 000002FF 6A 63                           	PUSH	99
   340 00000301 6A 10                           	PUSH	16
   341 00000303 6A 10                           	PUSH	16
   342 00000305 89 85 FFFFF9D0                  	MOV	DWORD [-1584+EBP],EAX
   343 0000030B 53                              	PUSH	EBX
   344 0000030C 50                              	PUSH	EAX
   345 0000030D E8 [00000000]                   	CALL	_sheet_setbuf
   346 00000312 83 C4 20                        	ADD	ESP,32
   347 00000315 6A 63                           	PUSH	99
   348 00000317 53                              	PUSH	EBX
   349 00000318 BB 00000002                     	MOV	EBX,2
   350 0000031D E8 [00000000]                   	CALL	_init_mouse_cursor8
   351 00000322 0F BF 05 00000FF4               	MOVSX	EAX,WORD [4084]
   352 00000329 8D 48 F0                        	LEA	ECX,DWORD [-16+EAX]
   353 0000032C 89 C8                           	MOV	EAX,ECX
   354 0000032E 99                              	CDQ
   355 0000032F F7 FB                           	IDIV	EBX
   356 00000331 89 85 FFFFF9E0                  	MOV	DWORD [-1568+EBP],EAX
   357 00000337 0F BF 05 00000FF6               	MOVSX	EAX,WORD [4086]
   358 0000033E 6A 00                           	PUSH	0
   359 00000340 8D 48 D4                        	LEA	ECX,DWORD [-44+EAX]
   360 00000343 6A 00                           	PUSH	0
   361 00000345 89 C8                           	MOV	EAX,ECX
   362 00000347 99                              	CDQ
   363 00000348 F7 FB                           	IDIV	EBX
   364 0000034A FF B5 FFFFF9D4                  	PUSH	DWORD [-1580+EBP]
   365 00000350 89 85 FFFFF9DC                  	MOV	DWORD [-1572+EBP],EAX
   366 00000356 8D 5D C4                        	LEA	EBX,DWORD [-60+EBP]
   367 00000359 E8 [00000000]                   	CALL	_sheet_slide
   368 0000035E 6A 04                           	PUSH	4
   369 00000360 6A 20                           	PUSH	32
   370 00000362 FF B5 FFFFF9CC                  	PUSH	DWORD [-1588+EBP]
   371 00000368 E8 [00000000]                   	CALL	_sheet_slide
   372 0000036D 83 C4 20                        	ADD	ESP,32
   373 00000370 6A 38                           	PUSH	56
   374 00000372 6A 40                           	PUSH	64
   375 00000374 57                              	PUSH	EDI
   376 00000375 E8 [00000000]                   	CALL	_sheet_slide
   377 0000037A FF B5 FFFFF9DC                  	PUSH	DWORD [-1572+EBP]
   378 00000380 FF B5 FFFFF9E0                  	PUSH	DWORD [-1568+EBP]
   379 00000386 FF B5 FFFFF9D0                  	PUSH	DWORD [-1584+EBP]
   380 0000038C E8 [00000000]                   	CALL	_sheet_slide
   381 00000391 6A 00                           	PUSH	0
   382 00000393 FF B5 FFFFF9D4                  	PUSH	DWORD [-1580+EBP]
   383 00000399 E8 [00000000]                   	CALL	_sheet_updown
   384 0000039E 83 C4 20                        	ADD	ESP,32
   385 000003A1 6A 01                           	PUSH	1
   386 000003A3 FF B5 FFFFF9CC                  	PUSH	DWORD [-1588+EBP]
   387 000003A9 E8 [00000000]                   	CALL	_sheet_updown
   388 000003AE 6A 02                           	PUSH	2
   389 000003B0 57                              	PUSH	EDI
   390 000003B1 E8 [00000000]                   	CALL	_sheet_updown
   391 000003B6 6A 03                           	PUSH	3
   392 000003B8 FF B5 FFFFF9D0                  	PUSH	DWORD [-1584+EBP]
   393 000003BE E8 [00000000]                   	CALL	_sheet_updown
   394 000003C3 FF B5 FFFFF9DC                  	PUSH	DWORD [-1572+EBP]
   395 000003C9 FF B5 FFFFF9E0                  	PUSH	DWORD [-1568+EBP]
   396 000003CF 68 [00000063]                   	PUSH	LC2
   397 000003D4 53                              	PUSH	EBX
   398 000003D5 E8 [00000000]                   	CALL	_sprintf
   399 000003DA 83 C4 28                        	ADD	ESP,40
   400 000003DD 6A 0A                           	PUSH	10
   401 000003DF 53                              	PUSH	EBX
   402 000003E0 6A 0E                           	PUSH	14
   403 000003E2 6A 07                           	PUSH	7
   404 000003E4 6A 00                           	PUSH	0
   405 000003E6 6A 00                           	PUSH	0
   406 000003E8 FF B5 FFFFF9D4                  	PUSH	DWORD [-1580+EBP]
   407 000003EE E8 000005F4                     	CALL	_putfonts8_asc_sht
   408 000003F3 68 003C0000                     	PUSH	3932160
   409 000003F8 E8 [00000000]                   	CALL	_memman_total
   410 000003FD C1 AD FFFFF9D8 14               	SHR	DWORD [-1576+EBP],20
   411 00000404 C1 E8 0A                        	SHR	EAX,10
   412 00000407 89 04 24                        	MOV	DWORD [ESP],EAX
   413 0000040A FF B5 FFFFF9D8                  	PUSH	DWORD [-1576+EBP]
   414 00000410 68 [0000006E]                   	PUSH	LC3
   415 00000415 53                              	PUSH	EBX
   416 00000416 E8 [00000000]                   	CALL	_sprintf
   417 0000041B 83 C4 2C                        	ADD	ESP,44
   418 0000041E 6A 28                           	PUSH	40
   419 00000420 53                              	PUSH	EBX
   420 00000421 6A 0E                           	PUSH	14
   421 00000423 6A 07                           	PUSH	7
   422 00000425 6A 20                           	PUSH	32
   423 00000427 6A 00                           	PUSH	0
   424 00000429 FF B5 FFFFF9D4                  	PUSH	DWORD [-1580+EBP]
   425 0000042F E8 000005B3                     	CALL	_putfonts8_asc_sht
   426 00000434 83 C4 1C                        	ADD	ESP,28
   427 00000437                                 L2:
   428 00000437 8D B5 FFFFFCD4                  	LEA	ESI,DWORD [-812+EBP]
   429 0000043D E8 [00000000]                   	CALL	_io_cli
   430 00000442 56                              	PUSH	ESI
   431 00000443 E8 [00000000]                   	CALL	_fifo32_status
   432 00000448 5B                              	POP	EBX
   433 00000449 85 C0                           	TEST	EAX,EAX
   434 0000044B 0F 84 000003C8                  	JE	L31
   435 00000451 56                              	PUSH	ESI
   436 00000452 E8 [00000000]                   	CALL	_fifo32_get
   437 00000457 89 C3                           	MOV	EBX,EAX
   438 00000459 E8 [00000000]                   	CALL	_io_sti
   439 0000045E 5A                              	POP	EDX
   440 0000045F 8D 83 FFFFFF00                  	LEA	EAX,DWORD [-256+EBX]
   441 00000465 3D 000000FF                     	CMP	EAX,255
   442 0000046A 0F 86 0000020B                  	JBE	L32
   443 00000470 8D 83 FFFFFE00                  	LEA	EAX,DWORD [-512+EBX]
   444 00000476 3D 000000FF                     	CMP	EAX,255
   445 0000047B 0F 86 00000094                  	JBE	L33
   446 00000481 83 FB 01                        	CMP	EBX,1
   447 00000484 7F B1                           	JG	L2
   448 00000486 85 DB                           	TEST	EBX,EBX
   449 00000488 74 71                           	JE	L27
   450 0000048A 6A 00                           	PUSH	0
   451 0000048C 56                              	PUSH	ESI
   452 0000048D FF B5 FFFFF9C0                  	PUSH	DWORD [-1600+EBP]
   453 00000493 E8 [00000000]                   	CALL	_timer_init
   454 00000498 C7 85 FFFFF9B8 00000000         	MOV	DWORD [-1608+EBP],0
   455 000004A2                                 L30:
   456 000004A2 83 C4 0C                        	ADD	ESP,12
   457 000004A5 6A 32                           	PUSH	50
   458 000004A7 FF B5 FFFFF9C0                  	PUSH	DWORD [-1600+EBP]
   459 000004AD E8 [00000000]                   	CALL	_timer_settime
   460 000004B2 8B 85 FFFFF9BC                  	MOV	EAX,DWORD [-1604+EBP]
   461 000004B8 6A 2B                           	PUSH	43
   462 000004BA 83 C0 07                        	ADD	EAX,7
   463 000004BD 50                              	PUSH	EAX
   464 000004BE 6A 1C                           	PUSH	28
   465 000004C0 FF B5 FFFFF9BC                  	PUSH	DWORD [-1604+EBP]
   466 000004C6 FF B5 FFFFF9B8                  	PUSH	DWORD [-1608+EBP]
   467 000004CC FF 77 04                        	PUSH	DWORD [4+EDI]
   468 000004CF FF 37                           	PUSH	DWORD [EDI]
   469 000004D1 E8 [00000000]                   	CALL	_boxfill8
   470 000004D6 8B 85 FFFFF9BC                  	MOV	EAX,DWORD [-1604+EBP]
   471 000004DC 83 C4 24                        	ADD	ESP,36
   472 000004DF 83 C0 08                        	ADD	EAX,8
   473 000004E2 6A 2C                           	PUSH	44
   474 000004E4 50                              	PUSH	EAX
   475 000004E5 6A 1C                           	PUSH	28
   476 000004E7 FF B5 FFFFF9BC                  	PUSH	DWORD [-1604+EBP]
   477 000004ED 57                              	PUSH	EDI
   478 000004EE E8 [00000000]                   	CALL	_sheet_refresh
   479 000004F3 83 C4 14                        	ADD	ESP,20
   480 000004F6 E9 FFFFFF3C                     	JMP	L2
   481 000004FB                                 L27:
   482 000004FB 6A 01                           	PUSH	1
   483 000004FD 56                              	PUSH	ESI
   484 000004FE FF B5 FFFFF9C0                  	PUSH	DWORD [-1600+EBP]
   485 00000504 E8 [00000000]                   	CALL	_timer_init
   486 00000509 C7 85 FFFFF9B8 00000007         	MOV	DWORD [-1608+EBP],7
   487 00000513 EB 8D                           	JMP	L30
   488 00000515                                 L33:
   489 00000515 0F B6 C3                        	MOVZX	EAX,BL
   490 00000518 50                              	PUSH	EAX
   491 00000519 8D 85 FFFFFE04                  	LEA	EAX,DWORD [-508+EBP]
   492 0000051F 50                              	PUSH	EAX
   493 00000520 E8 [00000000]                   	CALL	_mouse_decode
   494 00000525 5A                              	POP	EDX
   495 00000526 59                              	POP	ECX
   496 00000527 85 C0                           	TEST	EAX,EAX
   497 00000529 0F 84 FFFFFF08                  	JE	L2
   498 0000052F FF B5 FFFFFE0C                  	PUSH	DWORD [-500+EBP]
   499 00000535 FF B5 FFFFFE08                  	PUSH	DWORD [-504+EBP]
   500 0000053B 68 [00000088]                   	PUSH	LC8
   501 00000540 8D 5D C4                        	LEA	EBX,DWORD [-60+EBP]
   502 00000543 53                              	PUSH	EBX
   503 00000544 E8 [00000000]                   	CALL	_sprintf
   504 00000549 83 C4 10                        	ADD	ESP,16
   505 0000054C 8B 85 FFFFFE10                  	MOV	EAX,DWORD [-496+EBP]
   506 00000552 A9 00000001                     	TEST	EAX,1
   507 00000557 74 04                           	JE	L17
   508 00000559 C6 45 C5 4C                     	MOV	BYTE [-59+EBP],76
   509 0000055D                                 L17:
   510 0000055D A9 00000002                     	TEST	EAX,2
   511 00000562 74 04                           	JE	L18
   512 00000564 C6 45 C7 52                     	MOV	BYTE [-57+EBP],82
   513 00000568                                 L18:
   514 00000568 83 E0 04                        	AND	EAX,4
   515 0000056B 74 04                           	JE	L19
   516 0000056D C6 45 C6 43                     	MOV	BYTE [-58+EBP],67
   517 00000571                                 L19:
   518 00000571 6A 0F                           	PUSH	15
   519 00000573 53                              	PUSH	EBX
   520 00000574 6A 0E                           	PUSH	14
   521 00000576 6A 07                           	PUSH	7
   522 00000578 6A 10                           	PUSH	16
   523 0000057A 6A 20                           	PUSH	32
   524 0000057C FF B5 FFFFF9D4                  	PUSH	DWORD [-1580+EBP]
   525 00000582 E8 00000460                     	CALL	_putfonts8_asc_sht
   526 00000587 8B 95 FFFFFE08                  	MOV	EDX,DWORD [-504+EBP]
   527 0000058D 8B 85 FFFFFE0C                  	MOV	EAX,DWORD [-500+EBP]
   528 00000593 83 C4 1C                        	ADD	ESP,28
   529 00000596 01 85 FFFFF9DC                  	ADD	DWORD [-1572+EBP],EAX
   530 0000059C 01 95 FFFFF9E0                  	ADD	DWORD [-1568+EBP],EDX
   531 000005A2 0F 88 000000C4                  	JS	L34
   532 000005A8                                 L20:
   533 000005A8 83 BD FFFFF9DC 00               	CMP	DWORD [-1572+EBP],0
   534 000005AF 0F 88 000000A8                  	JS	L35
   535 000005B5                                 L21:
   536 000005B5 0F BF 05 00000FF4               	MOVSX	EAX,WORD [4084]
   537 000005BC 48                              	DEC	EAX
   538 000005BD 39 85 FFFFF9E0                  	CMP	DWORD [-1568+EBP],EAX
   539 000005C3 7E 06                           	JLE	L22
   540 000005C5 89 85 FFFFF9E0                  	MOV	DWORD [-1568+EBP],EAX
   541 000005CB                                 L22:
   542 000005CB 0F BF 05 00000FF6               	MOVSX	EAX,WORD [4086]
   543 000005D2 48                              	DEC	EAX
   544 000005D3 39 85 FFFFF9DC                  	CMP	DWORD [-1572+EBP],EAX
   545 000005D9 7E 06                           	JLE	L23
   546 000005DB 89 85 FFFFF9DC                  	MOV	DWORD [-1572+EBP],EAX
   547 000005E1                                 L23:
   548 000005E1 FF B5 FFFFF9DC                  	PUSH	DWORD [-1572+EBP]
   549 000005E7 FF B5 FFFFF9E0                  	PUSH	DWORD [-1568+EBP]
   550 000005ED 68 [00000063]                   	PUSH	LC2
   551 000005F2 53                              	PUSH	EBX
   552 000005F3 E8 [00000000]                   	CALL	_sprintf
   553 000005F8 6A 0A                           	PUSH	10
   554 000005FA 53                              	PUSH	EBX
   555 000005FB 6A 0E                           	PUSH	14
   556 000005FD 6A 07                           	PUSH	7
   557 000005FF 6A 00                           	PUSH	0
   558 00000601 6A 00                           	PUSH	0
   559 00000603 FF B5 FFFFF9D4                  	PUSH	DWORD [-1580+EBP]
   560 00000609 E8 000003D9                     	CALL	_putfonts8_asc_sht
   561 0000060E 83 C4 2C                        	ADD	ESP,44
   562 00000611 FF B5 FFFFF9DC                  	PUSH	DWORD [-1572+EBP]
   563 00000617 FF B5 FFFFF9E0                  	PUSH	DWORD [-1568+EBP]
   564 0000061D FF B5 FFFFF9D0                  	PUSH	DWORD [-1584+EBP]
   565 00000623 E8 [00000000]                   	CALL	_sheet_slide
   566 00000628 83 C4 0C                        	ADD	ESP,12
   567 0000062B F7 85 FFFFFE10 00000001         	TEST	DWORD [-496+EBP],1
   568 00000635 0F 84 FFFFFDFC                  	JE	L2
   569 0000063B 8B 85 FFFFF9DC                  	MOV	EAX,DWORD [-1572+EBP]
   570 00000641 83 E8 50                        	SUB	EAX,80
   571 00000644 50                              	PUSH	EAX
   572 00000645 8B 85 FFFFF9E0                  	MOV	EAX,DWORD [-1568+EBP]
   573 0000064B 83 E8 50                        	SUB	EAX,80
   574 0000064E 50                              	PUSH	EAX
   575 0000064F 57                              	PUSH	EDI
   576 00000650 E8 [00000000]                   	CALL	_sheet_slide
   577 00000655 83 C4 0C                        	ADD	ESP,12
   578 00000658 E9 FFFFFDDA                     	JMP	L2
   579 0000065D                                 L35:
   580 0000065D C7 85 FFFFF9DC 00000000         	MOV	DWORD [-1572+EBP],0
   581 00000667 E9 FFFFFF49                     	JMP	L21
   582 0000066C                                 L34:
   583 0000066C C7 85 FFFFF9E0 00000000         	MOV	DWORD [-1568+EBP],0
   584 00000676 E9 FFFFFF2D                     	JMP	L20
   585 0000067B                                 L32:
   586 0000067B 50                              	PUSH	EAX
   587 0000067C 8D 75 C4                        	LEA	ESI,DWORD [-60+EBP]
   588 0000067F 68 [00000096]                   	PUSH	LC4
   589 00000684 56                              	PUSH	ESI
   590 00000685 E8 [00000000]                   	CALL	_sprintf
   591 0000068A 6A 02                           	PUSH	2
   592 0000068C 56                              	PUSH	ESI
   593 0000068D 6A 0E                           	PUSH	14
   594 0000068F 6A 07                           	PUSH	7
   595 00000691 6A 10                           	PUSH	16
   596 00000693 6A 00                           	PUSH	0
   597 00000695 FF B5 FFFFF9D4                  	PUSH	DWORD [-1580+EBP]
   598 0000069B E8 00000347                     	CALL	_putfonts8_asc_sht
   599 000006A0 83 C4 28                        	ADD	ESP,40
   600 000006A3 81 FB 00000153                  	CMP	EBX,339
   601 000006A9 7F 3C                           	JG	L8
   602 000006AB 8A 83 [FFFFFF00]                	MOV	AL,BYTE [_keytable.0-256+EBX]
   603 000006B1 84 C0                           	TEST	AL,AL
   604 000006B3 74 32                           	JE	L8
   605 000006B5 81 BD FFFFF9BC 0000008F         	CMP	DWORD [-1604+EBP],143
   606 000006BF 7F 26                           	JG	L8
   607 000006C1 6A 01                           	PUSH	1
   608 000006C3 88 45 C4                        	MOV	BYTE [-60+EBP],AL
   609 000006C6 56                              	PUSH	ESI
   610 000006C7 6A 08                           	PUSH	8
   611 000006C9 6A 00                           	PUSH	0
   612 000006CB 6A 1C                           	PUSH	28
   613 000006CD FF B5 FFFFF9BC                  	PUSH	DWORD [-1604+EBP]
   614 000006D3 57                              	PUSH	EDI
   615 000006D4 C6 45 C5 00                     	MOV	BYTE [-59+EBP],0
   616 000006D8 E8 0000030A                     	CALL	_putfonts8_asc_sht
   617 000006DD 83 C4 1C                        	ADD	ESP,28
   618 000006E0 83 85 FFFFF9BC 08               	ADD	DWORD [-1604+EBP],8
   619 000006E7                                 L8:
   620 000006E7 81 FB 0000010E                  	CMP	EBX,270
   621 000006ED 0F 84 000000F1                  	JE	L36
   622 000006F3                                 L10:
   623 000006F3 81 FB 0000010F                  	CMP	EBX,271
   624 000006F9 74 46                           	JE	L37
   625 000006FB                                 L11:
   626 000006FB 8B 85 FFFFF9BC                  	MOV	EAX,DWORD [-1604+EBP]
   627 00000701 6A 2B                           	PUSH	43
   628 00000703 83 C0 07                        	ADD	EAX,7
   629 00000706 50                              	PUSH	EAX
   630 00000707 6A 1C                           	PUSH	28
   631 00000709 FF B5 FFFFF9BC                  	PUSH	DWORD [-1604+EBP]
   632 0000070F FF B5 FFFFF9B8                  	PUSH	DWORD [-1608+EBP]
   633 00000715 FF 77 04                        	PUSH	DWORD [4+EDI]
   634 00000718 FF 37                           	PUSH	DWORD [EDI]
   635 0000071A E8 [00000000]                   	CALL	_boxfill8
   636 0000071F 8B 85 FFFFF9BC                  	MOV	EAX,DWORD [-1604+EBP]
   637 00000725 6A 2C                           	PUSH	44
   638 00000727 83 C0 08                        	ADD	EAX,8
   639 0000072A 50                              	PUSH	EAX
   640 0000072B 6A 1C                           	PUSH	28
   641 0000072D FF B5 FFFFF9BC                  	PUSH	DWORD [-1604+EBP]
   642 00000733 57                              	PUSH	EDI
   643 00000734 E8 [00000000]                   	CALL	_sheet_refresh
   644 00000739 83 C4 30                        	ADD	ESP,48
   645 0000073C E9 FFFFFCF6                     	JMP	L2
   646 00000741                                 L37:
   647 00000741 83 BD FFFFF9B0 00               	CMP	DWORD [-1616+EBP],0
   648 00000748 75 69                           	JNE	L12
   649 0000074A 6A 00                           	PUSH	0
   650 0000074C 68 [0000009B]                   	PUSH	LC6
   651 00000751 FF 77 04                        	PUSH	DWORD [4+EDI]
   652 00000754 FF B5 FFFFF9C8                  	PUSH	DWORD [-1592+EBP]
   653 0000075A C7 85 FFFFF9B0 00000001         	MOV	DWORD [-1616+EBP],1
   654 00000764 E8 000001CD                     	CALL	_make_window_title
   655 00000769 8B 9D FFFFF9CC                  	MOV	EBX,DWORD [-1588+EBP]
   656 0000076F 6A 01                           	PUSH	1
   657 00000771 68 [000000A2]                   	PUSH	LC7
   658 00000776 FF 73 04                        	PUSH	DWORD [4+EBX]
   659 00000779                                 L29:
   660 00000779 FF B5 FFFFF9C4                  	PUSH	DWORD [-1596+EBP]
   661 0000077F E8 000001B2                     	CALL	_make_window_title
   662 00000784 83 C4 20                        	ADD	ESP,32
   663 00000787 6A 15                           	PUSH	21
   664 00000789 FF 77 04                        	PUSH	DWORD [4+EDI]
   665 0000078C 6A 00                           	PUSH	0
   666 0000078E 6A 00                           	PUSH	0
   667 00000790 57                              	PUSH	EDI
   668 00000791 E8 [00000000]                   	CALL	_sheet_refresh
   669 00000796 8B 95 FFFFF9CC                  	MOV	EDX,DWORD [-1588+EBP]
   670 0000079C 6A 15                           	PUSH	21
   671 0000079E FF 72 04                        	PUSH	DWORD [4+EDX]
   672 000007A1 6A 00                           	PUSH	0
   673 000007A3 6A 00                           	PUSH	0
   674 000007A5 52                              	PUSH	EDX
   675 000007A6 E8 [00000000]                   	CALL	_sheet_refresh
   676 000007AB 83 C4 28                        	ADD	ESP,40
   677 000007AE E9 FFFFFF48                     	JMP	L11
   678 000007B3                                 L12:
   679 000007B3 6A 01                           	PUSH	1
   680 000007B5 68 [0000009B]                   	PUSH	LC6
   681 000007BA FF 77 04                        	PUSH	DWORD [4+EDI]
   682 000007BD FF B5 FFFFF9C8                  	PUSH	DWORD [-1592+EBP]
   683 000007C3 C7 85 FFFFF9B0 00000000         	MOV	DWORD [-1616+EBP],0
   684 000007CD E8 00000164                     	CALL	_make_window_title
   685 000007D2 8B 85 FFFFF9CC                  	MOV	EAX,DWORD [-1588+EBP]
   686 000007D8 6A 00                           	PUSH	0
   687 000007DA 68 [000000A2]                   	PUSH	LC7
   688 000007DF FF 70 04                        	PUSH	DWORD [4+EAX]
   689 000007E2 EB 95                           	JMP	L29
   690 000007E4                                 L36:
   691 000007E4 83 BD FFFFF9BC 08               	CMP	DWORD [-1604+EBP],8
   692 000007EB 0F 8E FFFFFF02                  	JLE	L10
   693 000007F1 6A 01                           	PUSH	1
   694 000007F3 68 [000000AA]                   	PUSH	LC5
   695 000007F8 6A 07                           	PUSH	7
   696 000007FA 6A 00                           	PUSH	0
   697 000007FC 6A 1C                           	PUSH	28
   698 000007FE FF B5 FFFFF9BC                  	PUSH	DWORD [-1604+EBP]
   699 00000804 57                              	PUSH	EDI
   700 00000805 E8 000001DD                     	CALL	_putfonts8_asc_sht
   701 0000080A 83 C4 1C                        	ADD	ESP,28
   702 0000080D 83 AD FFFFF9BC 08               	SUB	DWORD [-1604+EBP],8
   703 00000814 E9 FFFFFEDA                     	JMP	L10
   704 00000819                                 L31:
   705 00000819 FF B5 FFFFF9B4                  	PUSH	DWORD [-1612+EBP]
   706 0000081F E8 [00000000]                   	CALL	_task_sleep
   707 00000824 E8 [00000000]                   	CALL	_io_sti
   708 00000829 59                              	POP	ECX
   709 0000082A E9 FFFFFC08                     	JMP	L2
   710 0000082F                                 	GLOBAL	_make_window8
   711 0000082F                                 _make_window8:
   712 0000082F 55                              	PUSH	EBP
   713 00000830 89 E5                           	MOV	EBP,ESP
   714 00000832 57                              	PUSH	EDI
   715 00000833 56                              	PUSH	ESI
   716 00000834 53                              	PUSH	EBX
   717 00000835 83 EC 18                        	SUB	ESP,24
   718 00000838 8B 45 10                        	MOV	EAX,DWORD [16+EBP]
   719 0000083B 8B 5D 0C                        	MOV	EBX,DWORD [12+EBP]
   720 0000083E 89 45 F0                        	MOV	DWORD [-16+EBP],EAX
   721 00000841 8B 75 08                        	MOV	ESI,DWORD [8+EBP]
   722 00000844 8B 45 14                        	MOV	EAX,DWORD [20+EBP]
   723 00000847 89 45 EC                        	MOV	DWORD [-20+EBP],EAX
   724 0000084A 0F BE 45 18                     	MOVSX	EAX,BYTE [24+EBP]
   725 0000084E 89 45 E8                        	MOV	DWORD [-24+EBP],EAX
   726 00000851 8D 43 FF                        	LEA	EAX,DWORD [-1+EBX]
   727 00000854 6A 00                           	PUSH	0
   728 00000856 89 45 E4                        	MOV	DWORD [-28+EBP],EAX
   729 00000859 50                              	PUSH	EAX
   730 0000085A 6A 00                           	PUSH	0
   731 0000085C 6A 00                           	PUSH	0
   732 0000085E 6A 08                           	PUSH	8
   733 00000860 53                              	PUSH	EBX
   734 00000861 56                              	PUSH	ESI
   735 00000862 E8 [00000000]                   	CALL	_boxfill8
   736 00000867 8D 43 FE                        	LEA	EAX,DWORD [-2+EBX]
   737 0000086A 6A 01                           	PUSH	1
   738 0000086C 89 45 E0                        	MOV	DWORD [-32+EBP],EAX
   739 0000086F 50                              	PUSH	EAX
   740 00000870 6A 01                           	PUSH	1
   741 00000872 6A 01                           	PUSH	1
   742 00000874 6A 07                           	PUSH	7
   743 00000876 53                              	PUSH	EBX
   744 00000877 56                              	PUSH	ESI
   745 00000878 E8 [00000000]                   	CALL	_boxfill8
   746 0000087D 8B 45 F0                        	MOV	EAX,DWORD [-16+EBP]
   747 00000880 83 C4 38                        	ADD	ESP,56
   748 00000883 48                              	DEC	EAX
   749 00000884 89 45 DC                        	MOV	DWORD [-36+EBP],EAX
   750 00000887 50                              	PUSH	EAX
   751 00000888 6A 00                           	PUSH	0
   752 0000088A 6A 00                           	PUSH	0
   753 0000088C 6A 00                           	PUSH	0
   754 0000088E 6A 08                           	PUSH	8
   755 00000890 53                              	PUSH	EBX
   756 00000891 56                              	PUSH	ESI
   757 00000892 E8 [00000000]                   	CALL	_boxfill8
   758 00000897 8B 7D F0                        	MOV	EDI,DWORD [-16+EBP]
   759 0000089A 83 EF 02                        	SUB	EDI,2
   760 0000089D 57                              	PUSH	EDI
   761 0000089E 6A 01                           	PUSH	1
   762 000008A0 6A 01                           	PUSH	1
   763 000008A2 6A 01                           	PUSH	1
   764 000008A4 6A 07                           	PUSH	7
   765 000008A6 53                              	PUSH	EBX
   766 000008A7 56                              	PUSH	ESI
   767 000008A8 E8 [00000000]                   	CALL	_boxfill8
   768 000008AD 83 C4 38                        	ADD	ESP,56
   769 000008B0 57                              	PUSH	EDI
   770 000008B1 FF 75 E0                        	PUSH	DWORD [-32+EBP]
   771 000008B4 6A 01                           	PUSH	1
   772 000008B6 FF 75 E0                        	PUSH	DWORD [-32+EBP]
   773 000008B9 6A 0F                           	PUSH	15
   774 000008BB 53                              	PUSH	EBX
   775 000008BC 56                              	PUSH	ESI
   776 000008BD E8 [00000000]                   	CALL	_boxfill8
   777 000008C2 FF 75 DC                        	PUSH	DWORD [-36+EBP]
   778 000008C5 FF 75 E4                        	PUSH	DWORD [-28+EBP]
   779 000008C8 6A 00                           	PUSH	0
   780 000008CA FF 75 E4                        	PUSH	DWORD [-28+EBP]
   781 000008CD 6A 00                           	PUSH	0
   782 000008CF 53                              	PUSH	EBX
   783 000008D0 56                              	PUSH	ESI
   784 000008D1 E8 [00000000]                   	CALL	_boxfill8
   785 000008D6 8B 45 F0                        	MOV	EAX,DWORD [-16+EBP]
   786 000008D9 83 C4 38                        	ADD	ESP,56
   787 000008DC 83 E8 03                        	SUB	EAX,3
   788 000008DF 50                              	PUSH	EAX
   789 000008E0 8D 43 FD                        	LEA	EAX,DWORD [-3+EBX]
   790 000008E3 50                              	PUSH	EAX
   791 000008E4 6A 02                           	PUSH	2
   792 000008E6 6A 02                           	PUSH	2
   793 000008E8 6A 08                           	PUSH	8
   794 000008EA 53                              	PUSH	EBX
   795 000008EB 56                              	PUSH	ESI
   796 000008EC E8 [00000000]                   	CALL	_boxfill8
   797 000008F1 57                              	PUSH	EDI
   798 000008F2 FF 75 E0                        	PUSH	DWORD [-32+EBP]
   799 000008F5 57                              	PUSH	EDI
   800 000008F6 6A 01                           	PUSH	1
   801 000008F8 6A 0F                           	PUSH	15
   802 000008FA 53                              	PUSH	EBX
   803 000008FB 56                              	PUSH	ESI
   804 000008FC E8 [00000000]                   	CALL	_boxfill8
   805 00000901 83 C4 38                        	ADD	ESP,56
   806 00000904 FF 75 DC                        	PUSH	DWORD [-36+EBP]
   807 00000907 FF 75 E4                        	PUSH	DWORD [-28+EBP]
   808 0000090A FF 75 DC                        	PUSH	DWORD [-36+EBP]
   809 0000090D 6A 00                           	PUSH	0
   810 0000090F 6A 00                           	PUSH	0
   811 00000911 53                              	PUSH	EBX
   812 00000912 56                              	PUSH	ESI
   813 00000913 E8 [00000000]                   	CALL	_boxfill8
   814 00000918 89 75 08                        	MOV	DWORD [8+EBP],ESI
   815 0000091B 8B 45 E8                        	MOV	EAX,DWORD [-24+EBP]
   816 0000091E 89 5D 0C                        	MOV	DWORD [12+EBP],EBX
   817 00000921 89 45 14                        	MOV	DWORD [20+EBP],EAX
   818 00000924 83 C4 1C                        	ADD	ESP,28
   819 00000927 8B 45 EC                        	MOV	EAX,DWORD [-20+EBP]
   820 0000092A 89 45 10                        	MOV	DWORD [16+EBP],EAX
   821 0000092D 8D 65 F4                        	LEA	ESP,DWORD [-12+EBP]
   822 00000930 5B                              	POP	EBX
   823 00000931 5E                              	POP	ESI
   824 00000932 5F                              	POP	EDI
   825 00000933 5D                              	POP	EBP
   826 00000934 EB 00                           	JMP	_make_window_title
   827                                          [SECTION .data]
   828 000000AC                                 _closebtn.1:
   829 000000AC 4F 4F 4F 4F 4F 4F 4F 4F 4F 4F   	DB	"OOOOOOOOOOOOOOO@"
       000000B6 4F 4F 4F 4F 4F 40 
   830 000000BC 4F 51 51 51 51 51 51 51 51 51   	DB	"OQQQQQQQQQQQQQ$@"
       000000C6 51 51 51 51 24 40 
   831 000000CC 4F 51 51 51 51 51 51 51 51 51   	DB	"OQQQQQQQQQQQQQ$@"
       000000D6 51 51 51 51 24 40 
   832 000000DC 4F 51 51 51 40 40 51 51 51 51   	DB	"OQQQ@@QQQQ@@QQ$@"
       000000E6 40 40 51 51 24 40 
   833 000000EC 4F 51 51 51 51 40 40 51 51 40   	DB	"OQQQQ@@QQ@@QQQ$@"
       000000F6 40 51 51 51 24 40 
   834 000000FC 4F 51 51 51 51 51 40 40 40 40   	DB	"OQQQQQ@@@@QQQQ$@"
       00000106 51 51 51 51 24 40 
   835 0000010C 4F 51 51 51 51 51 51 40 40 51   	DB	"OQQQQQQ@@QQQQQ$@"
       00000116 51 51 51 51 24 40 
   836 0000011C 4F 51 51 51 51 51 40 40 40 40   	DB	"OQQQQQ@@@@QQQQ$@"
       00000126 51 51 51 51 24 40 
   837 0000012C 4F 51 51 51 51 40 40 51 51 40   	DB	"OQQQQ@@QQ@@QQQ$@"
       00000136 40 51 51 51 24 40 
   838 0000013C 4F 51 51 51 40 40 51 51 51 51   	DB	"OQQQ@@QQQQ@@QQ$@"
       00000146 40 40 51 51 24 40 
   839 0000014C 4F 51 51 51 51 51 51 51 51 51   	DB	"OQQQQQQQQQQQQQ$@"
       00000156 51 51 51 51 24 40 
   840 0000015C 4F 51 51 51 51 51 51 51 51 51   	DB	"OQQQQQQQQQQQQQ$@"
       00000166 51 51 51 51 24 40 
   841 0000016C 4F 24 24 24 24 24 24 24 24 24   	DB	"O$$$$$$$$$$$$$$@"
       00000176 24 24 24 24 24 40 
   842 0000017C 40 40 40 40 40 40 40 40 40 40   	DB	"@@@@@@@@@@@@@@@@"
       00000186 40 40 40 40 40 40 
   843                                          [SECTION .text]
   844 00000936                                 	GLOBAL	_make_window_title
   845 00000936                                 _make_window_title:
   846 00000936 55                              	PUSH	EBP
   847 00000937 89 E5                           	MOV	EBP,ESP
   848 00000939 57                              	PUSH	EDI
   849 0000093A 56                              	PUSH	ESI
   850 0000093B 53                              	PUSH	EBX
   851 0000093C 56                              	PUSH	ESI
   852 0000093D 80 7D 14 00                     	CMP	BYTE [20+EBP],0
   853 00000941 0F 84 00000097                  	JE	L40
   854 00000947 B3 07                           	MOV	BL,7
   855 00000949 B2 0C                           	MOV	DL,12
   856 0000094B                                 L41:
   857 0000094B 8B 45 0C                        	MOV	EAX,DWORD [12+EBP]
   858 0000094E 6A 14                           	PUSH	20
   859 00000950 83 E8 04                        	SUB	EAX,4
   860 00000953 31 FF                           	XOR	EDI,EDI
   861 00000955 50                              	PUSH	EAX
   862 00000956 6A 03                           	PUSH	3
   863 00000958 6A 03                           	PUSH	3
   864 0000095A 0F B6 C2                        	MOVZX	EAX,DL
   865 0000095D 50                              	PUSH	EAX
   866 0000095E FF 75 0C                        	PUSH	DWORD [12+EBP]
   867 00000961 FF 75 08                        	PUSH	DWORD [8+EBP]
   868 00000964 E8 [00000000]                   	CALL	_boxfill8
   869 00000969 FF 75 10                        	PUSH	DWORD [16+EBP]
   870 0000096C 0F BE C3                        	MOVSX	EAX,BL
   871 0000096F 50                              	PUSH	EAX
   872 00000970 6A 04                           	PUSH	4
   873 00000972 6A 18                           	PUSH	24
   874 00000974 FF 75 0C                        	PUSH	DWORD [12+EBP]
   875 00000977 FF 75 08                        	PUSH	DWORD [8+EBP]
   876 0000097A E8 [00000000]                   	CALL	_putfonts8_asc
   877 0000097F 83 C4 34                        	ADD	ESP,52
   878 00000982 6B 5D 0C 05                     	IMUL	EBX,DWORD [12+EBP],5
   879 00000986 C7 45 F0 00000000               	MOV	DWORD [-16+EBP],0
   880 0000098D                                 L57:
   881 0000098D 8B 45 0C                        	MOV	EAX,DWORD [12+EBP]
   882 00000990 8B 55 08                        	MOV	EDX,DWORD [8+EBP]
   883 00000993 01 D8                           	ADD	EAX,EBX
   884 00000995 31 F6                           	XOR	ESI,ESI
   885 00000997 8D 4C 02 EB                     	LEA	ECX,DWORD [-21+EDX+EAX*1]
   886 0000099B                                 L56:
   887 0000099B 8A 94 3E [000000AC]             	MOV	DL,BYTE [_closebtn.1+ESI+EDI*1]
   888 000009A2 80 FA 40                        	CMP	DL,64
   889 000009A5 74 33                           	JE	L62
   890 000009A7 80 FA 24                        	CMP	DL,36
   891 000009AA 74 2A                           	JE	L63
   892 000009AC 80 FA 51                        	CMP	DL,81
   893 000009AF B2 08                           	MOV	DL,8
   894 000009B1 0F 95 C0                        	SETNE	AL
   895 000009B4 28 C2                           	SUB	DL,AL
   896 000009B6                                 L51:
   897 000009B6 46                              	INC	ESI
   898 000009B7 88 11                           	MOV	BYTE [ECX],DL
   899 000009B9 41                              	INC	ECX
   900 000009BA 83 FE 0F                        	CMP	ESI,15
   901 000009BD 7E DC                           	JLE	L56
   902 000009BF FF 45 F0                        	INC	DWORD [-16+EBP]
   903 000009C2 83 C7 10                        	ADD	EDI,16
   904 000009C5 03 5D 0C                        	ADD	EBX,DWORD [12+EBP]
   905 000009C8 83 7D F0 0D                     	CMP	DWORD [-16+EBP],13
   906 000009CC 7E BF                           	JLE	L57
   907 000009CE 8D 65 F4                        	LEA	ESP,DWORD [-12+EBP]
   908 000009D1 5B                              	POP	EBX
   909 000009D2 5E                              	POP	ESI
   910 000009D3 5F                              	POP	EDI
   911 000009D4 5D                              	POP	EBP
   912 000009D5 C3                              	RET
   913 000009D6                                 L63:
   914 000009D6 B2 0F                           	MOV	DL,15
   915 000009D8 EB DC                           	JMP	L51
   916 000009DA                                 L62:
   917 000009DA 31 D2                           	XOR	EDX,EDX
   918 000009DC EB D8                           	JMP	L51
   919 000009DE                                 L40:
   920 000009DE B3 08                           	MOV	BL,8
   921 000009E0 B2 0F                           	MOV	DL,15
   922 000009E2 E9 FFFFFF64                     	JMP	L41
   923 000009E7                                 	GLOBAL	_putfonts8_asc_sht
   924 000009E7                                 _putfonts8_asc_sht:
   925 000009E7 55                              	PUSH	EBP
   926 000009E8 89 E5                           	MOV	EBP,ESP
   927 000009EA 57                              	PUSH	EDI
   928 000009EB 56                              	PUSH	ESI
   929 000009EC 53                              	PUSH	EBX
   930 000009ED 83 EC 0C                        	SUB	ESP,12
   931 000009F0 8B 45 08                        	MOV	EAX,DWORD [8+EBP]
   932 000009F3 8B 7D 10                        	MOV	EDI,DWORD [16+EBP]
   933 000009F6 89 45 F0                        	MOV	DWORD [-16+EBP],EAX
   934 000009F9 8B 5D 14                        	MOV	EBX,DWORD [20+EBP]
   935 000009FC 8B 45 0C                        	MOV	EAX,DWORD [12+EBP]
   936 000009FF 89 45 EC                        	MOV	DWORD [-20+EBP],EAX
   937 00000A02 8B 45 1C                        	MOV	EAX,DWORD [28+EBP]
   938 00000A05 89 45 E8                        	MOV	DWORD [-24+EBP],EAX
   939 00000A08 8D 47 0F                        	LEA	EAX,DWORD [15+EDI]
   940 00000A0B 50                              	PUSH	EAX
   941 00000A0C 8B 45 EC                        	MOV	EAX,DWORD [-20+EBP]
   942 00000A0F 8B 75 20                        	MOV	ESI,DWORD [32+EBP]
   943 00000A12 0F BE DB                        	MOVSX	EBX,BL
   944 00000A15 8D 34 F0                        	LEA	ESI,DWORD [EAX+ESI*8]
   945 00000A18 8D 46 FF                        	LEA	EAX,DWORD [-1+ESI]
   946 00000A1B 50                              	PUSH	EAX
   947 00000A1C 57                              	PUSH	EDI
   948 00000A1D FF 75 EC                        	PUSH	DWORD [-20+EBP]
   949 00000A20 0F B6 45 18                     	MOVZX	EAX,BYTE [24+EBP]
   950 00000A24 50                              	PUSH	EAX
   951 00000A25 8B 45 F0                        	MOV	EAX,DWORD [-16+EBP]
   952 00000A28 FF 70 04                        	PUSH	DWORD [4+EAX]
   953 00000A2B FF 30                           	PUSH	DWORD [EAX]
   954 00000A2D E8 [00000000]                   	CALL	_boxfill8
   955 00000A32 FF 75 E8                        	PUSH	DWORD [-24+EBP]
   956 00000A35 53                              	PUSH	EBX
   957 00000A36 57                              	PUSH	EDI
   958 00000A37 FF 75 EC                        	PUSH	DWORD [-20+EBP]
   959 00000A3A 8B 45 F0                        	MOV	EAX,DWORD [-16+EBP]
   960 00000A3D FF 70 04                        	PUSH	DWORD [4+EAX]
   961 00000A40 FF 30                           	PUSH	DWORD [EAX]
   962 00000A42 E8 [00000000]                   	CALL	_putfonts8_asc
   963 00000A47 89 7D 10                        	MOV	DWORD [16+EBP],EDI
   964 00000A4A 8D 47 10                        	LEA	EAX,DWORD [16+EDI]
   965 00000A4D 89 75 14                        	MOV	DWORD [20+EBP],ESI
   966 00000A50 89 45 18                        	MOV	DWORD [24+EBP],EAX
   967 00000A53 83 C4 34                        	ADD	ESP,52
   968 00000A56 8B 45 EC                        	MOV	EAX,DWORD [-20+EBP]
   969 00000A59 89 45 0C                        	MOV	DWORD [12+EBP],EAX
   970 00000A5C 8B 45 F0                        	MOV	EAX,DWORD [-16+EBP]
   971 00000A5F 89 45 08                        	MOV	DWORD [8+EBP],EAX
   972 00000A62 8D 65 F4                        	LEA	ESP,DWORD [-12+EBP]
   973 00000A65 5B                              	POP	EBX
   974 00000A66 5E                              	POP	ESI
   975 00000A67 5F                              	POP	EDI
   976 00000A68 5D                              	POP	EBP
   977 00000A69 E9 [00000000]                   	JMP	_sheet_refresh
   978 00000A6E                                 	GLOBAL	_make_textbox8
   979 00000A6E                                 _make_textbox8:
   980 00000A6E 55                              	PUSH	EBP
   981 00000A6F 89 E5                           	MOV	EBP,ESP
   982 00000A71 57                              	PUSH	EDI
   983 00000A72 56                              	PUSH	ESI
   984 00000A73 53                              	PUSH	EBX
   985 00000A74 83 EC 14                        	SUB	ESP,20
   986 00000A77 8B 45 0C                        	MOV	EAX,DWORD [12+EBP]
   987 00000A7A 8B 75 10                        	MOV	ESI,DWORD [16+EBP]
   988 00000A7D 03 45 14                        	ADD	EAX,DWORD [20+EBP]
   989 00000A80 83 EE 03                        	SUB	ESI,3
   990 00000A83 56                              	PUSH	ESI
   991 00000A84 89 45 F0                        	MOV	DWORD [-16+EBP],EAX
   992 00000A87 8B 45 10                        	MOV	EAX,DWORD [16+EBP]
   993 00000A8A 03 45 18                        	ADD	EAX,DWORD [24+EBP]
   994 00000A8D 89 45 EC                        	MOV	DWORD [-20+EBP],EAX
   995 00000A90 8B 45 F0                        	MOV	EAX,DWORD [-16+EBP]
   996 00000A93 40                              	INC	EAX
   997 00000A94 50                              	PUSH	EAX
   998 00000A95 89 45 E8                        	MOV	DWORD [-24+EBP],EAX
   999 00000A98 8B 45 0C                        	MOV	EAX,DWORD [12+EBP]
  1000 00000A9B 56                              	PUSH	ESI
  1001 00000A9C 83 E8 02                        	SUB	EAX,2
  1002 00000A9F 50                              	PUSH	EAX
  1003 00000AA0 89 45 E4                        	MOV	DWORD [-28+EBP],EAX
  1004 00000AA3 8B 45 08                        	MOV	EAX,DWORD [8+EBP]
  1005 00000AA6 6A 0F                           	PUSH	15
  1006 00000AA8 FF 70 04                        	PUSH	DWORD [4+EAX]
  1007 00000AAB FF 30                           	PUSH	DWORD [EAX]
  1008 00000AAD E8 [00000000]                   	CALL	_boxfill8
  1009 00000AB2 8B 7D 0C                        	MOV	EDI,DWORD [12+EBP]
  1010 00000AB5 8B 45 EC                        	MOV	EAX,DWORD [-20+EBP]
  1011 00000AB8 83 EF 03                        	SUB	EDI,3
  1012 00000ABB 40                              	INC	EAX
  1013 00000ABC 50                              	PUSH	EAX
  1014 00000ABD 89 45 E0                        	MOV	DWORD [-32+EBP],EAX
  1015 00000AC0 57                              	PUSH	EDI
  1016 00000AC1 8B 45 08                        	MOV	EAX,DWORD [8+EBP]
  1017 00000AC4 56                              	PUSH	ESI
  1018 00000AC5 57                              	PUSH	EDI
  1019 00000AC6 6A 0F                           	PUSH	15
  1020 00000AC8 FF 70 04                        	PUSH	DWORD [4+EAX]
  1021 00000ACB FF 30                           	PUSH	DWORD [EAX]
  1022 00000ACD E8 [00000000]                   	CALL	_boxfill8
  1023 00000AD2 8B 45 08                        	MOV	EAX,DWORD [8+EBP]
  1024 00000AD5 83 C4 38                        	ADD	ESP,56
  1025 00000AD8 8B 5D EC                        	MOV	EBX,DWORD [-20+EBP]
  1026 00000ADB 83 C3 02                        	ADD	EBX,2
  1027 00000ADE 53                              	PUSH	EBX
  1028 00000ADF FF 75 E8                        	PUSH	DWORD [-24+EBP]
  1029 00000AE2 53                              	PUSH	EBX
  1030 00000AE3 57                              	PUSH	EDI
  1031 00000AE4 6A 07                           	PUSH	7
  1032 00000AE6 FF 70 04                        	PUSH	DWORD [4+EAX]
  1033 00000AE9 FF 30                           	PUSH	DWORD [EAX]
  1034 00000AEB E8 [00000000]                   	CALL	_boxfill8
  1035 00000AF0 8B 45 F0                        	MOV	EAX,DWORD [-16+EBP]
  1036 00000AF3 53                              	PUSH	EBX
  1037 00000AF4 83 C0 02                        	ADD	EAX,2
  1038 00000AF7 50                              	PUSH	EAX
  1039 00000AF8 56                              	PUSH	ESI
  1040 00000AF9 50                              	PUSH	EAX
  1041 00000AFA 8B 45 08                        	MOV	EAX,DWORD [8+EBP]
  1042 00000AFD 6A 07                           	PUSH	7
  1043 00000AFF FF 70 04                        	PUSH	DWORD [4+EAX]
  1044 00000B02 FF 30                           	PUSH	DWORD [EAX]
  1045 00000B04 E8 [00000000]                   	CALL	_boxfill8
  1046 00000B09 8B 45 08                        	MOV	EAX,DWORD [8+EBP]
  1047 00000B0C 83 C4 38                        	ADD	ESP,56
  1048 00000B0F 8B 5D 10                        	MOV	EBX,DWORD [16+EBP]
  1049 00000B12 83 EB 02                        	SUB	EBX,2
  1050 00000B15 8B 7D 0C                        	MOV	EDI,DWORD [12+EBP]
  1051 00000B18 53                              	PUSH	EBX
  1052 00000B19 4F                              	DEC	EDI
  1053 00000B1A FF 75 F0                        	PUSH	DWORD [-16+EBP]
  1054 00000B1D 53                              	PUSH	EBX
  1055 00000B1E 57                              	PUSH	EDI
  1056 00000B1F 6A 00                           	PUSH	0
  1057 00000B21 FF 70 04                        	PUSH	DWORD [4+EAX]
  1058 00000B24 FF 30                           	PUSH	DWORD [EAX]
  1059 00000B26 E8 [00000000]                   	CALL	_boxfill8
  1060 00000B2B 8B 45 08                        	MOV	EAX,DWORD [8+EBP]
  1061 00000B2E FF 75 EC                        	PUSH	DWORD [-20+EBP]
  1062 00000B31 FF 75 E4                        	PUSH	DWORD [-28+EBP]
  1063 00000B34 53                              	PUSH	EBX
  1064 00000B35 FF 75 E4                        	PUSH	DWORD [-28+EBP]
  1065 00000B38 6A 00                           	PUSH	0
  1066 00000B3A FF 70 04                        	PUSH	DWORD [4+EAX]
  1067 00000B3D FF 30                           	PUSH	DWORD [EAX]
  1068 00000B3F E8 [00000000]                   	CALL	_boxfill8
  1069 00000B44 8B 45 08                        	MOV	EAX,DWORD [8+EBP]
  1070 00000B47 83 C4 38                        	ADD	ESP,56
  1071 00000B4A FF 75 E0                        	PUSH	DWORD [-32+EBP]
  1072 00000B4D FF 75 F0                        	PUSH	DWORD [-16+EBP]
  1073 00000B50 FF 75 E0                        	PUSH	DWORD [-32+EBP]
  1074 00000B53 FF 75 E4                        	PUSH	DWORD [-28+EBP]
  1075 00000B56 6A 08                           	PUSH	8
  1076 00000B58 FF 70 04                        	PUSH	DWORD [4+EAX]
  1077 00000B5B FF 30                           	PUSH	DWORD [EAX]
  1078 00000B5D E8 [00000000]                   	CALL	_boxfill8
  1079 00000B62 8B 45 08                        	MOV	EAX,DWORD [8+EBP]
  1080 00000B65 FF 75 E0                        	PUSH	DWORD [-32+EBP]
  1081 00000B68 FF 75 E8                        	PUSH	DWORD [-24+EBP]
  1082 00000B6B 53                              	PUSH	EBX
  1083 00000B6C FF 75 E8                        	PUSH	DWORD [-24+EBP]
  1084 00000B6F 6A 08                           	PUSH	8
  1085 00000B71 FF 70 04                        	PUSH	DWORD [4+EAX]
  1086 00000B74 FF 30                           	PUSH	DWORD [EAX]
  1087 00000B76 E8 [00000000]                   	CALL	_boxfill8
  1088 00000B7B 8B 45 10                        	MOV	EAX,DWORD [16+EBP]
  1089 00000B7E 83 C4 38                        	ADD	ESP,56
  1090 00000B81 48                              	DEC	EAX
  1091 00000B82 FF 75 EC                        	PUSH	DWORD [-20+EBP]
  1092 00000B85 FF 75 F0                        	PUSH	DWORD [-16+EBP]
  1093 00000B88 50                              	PUSH	EAX
  1094 00000B89 57                              	PUSH	EDI
  1095 00000B8A 0F B6 45 1C                     	MOVZX	EAX,BYTE [28+EBP]
  1096 00000B8E 50                              	PUSH	EAX
  1097 00000B8F 8B 45 08                        	MOV	EAX,DWORD [8+EBP]
  1098 00000B92 FF 70 04                        	PUSH	DWORD [4+EAX]
  1099 00000B95 FF 30                           	PUSH	DWORD [EAX]
  1100 00000B97 E8 [00000000]                   	CALL	_boxfill8
  1101 00000B9C 8D 65 F4                        	LEA	ESP,DWORD [-12+EBP]
  1102 00000B9F 5B                              	POP	EBX
  1103 00000BA0 5E                              	POP	ESI
  1104 00000BA1 5F                              	POP	EDI
  1105 00000BA2 5D                              	POP	EBP
  1106 00000BA3 C3                              	RET
  1107                                          [SECTION .data]
  1108 0000018C                                 LC9:
  1109 0000018C 25 31 31 64 00                  	DB	"%11d",0x00
  1110                                          [SECTION .text]
  1111 00000BA4                                 	GLOBAL	_task_b_main
  1112 00000BA4                                 _task_b_main:
  1113 00000BA4 55                              	PUSH	EBP
  1114 00000BA5 89 E5                           	MOV	EBP,ESP
  1115 00000BA7 57                              	PUSH	EDI
  1116 00000BA8 56                              	PUSH	ESI
  1117 00000BA9 31 FF                           	XOR	EDI,EDI
  1118 00000BAB 53                              	PUSH	EBX
  1119 00000BAC 8D 85 FFFFFDD4                  	LEA	EAX,DWORD [-556+EBP]
  1120 00000BB2 81 EC 00000234                  	SUB	ESP,564
  1121 00000BB8 8D 5D D4                        	LEA	EBX,DWORD [-44+EBP]
  1122 00000BBB C7 85 FFFFFDC0 00000000         	MOV	DWORD [-576+EBP],0
  1123 00000BC5 6A 00                           	PUSH	0
  1124 00000BC7 50                              	PUSH	EAX
  1125 00000BC8 68 00000080                     	PUSH	128
  1126 00000BCD 53                              	PUSH	EBX
  1127 00000BCE E8 [00000000]                   	CALL	_fifo32_init
  1128 00000BD3 E8 [00000000]                   	CALL	_timer_alloc
  1129 00000BD8 6A 64                           	PUSH	100
  1130 00000BDA 53                              	PUSH	EBX
  1131 00000BDB 89 C6                           	MOV	ESI,EAX
  1132 00000BDD 50                              	PUSH	EAX
  1133 00000BDE E8 [00000000]                   	CALL	_timer_init
  1134 00000BE3 6A 64                           	PUSH	100
  1135 00000BE5 56                              	PUSH	ESI
  1136 00000BE6 E8 [00000000]                   	CALL	_timer_settime
  1137 00000BEB 83 C4 24                        	ADD	ESP,36
  1138 00000BEE                                 L67:
  1139 00000BEE 8D 5D D4                        	LEA	EBX,DWORD [-44+EBP]
  1140 00000BF1 E8 [00000000]                   	CALL	_io_cli
  1141 00000BF6 53                              	PUSH	EBX
  1142 00000BF7 47                              	INC	EDI
  1143 00000BF8 E8 [00000000]                   	CALL	_fifo32_status
  1144 00000BFD 5A                              	POP	EDX
  1145 00000BFE 85 C0                           	TEST	EAX,EAX
  1146 00000C00 74 55                           	JE	L73
  1147 00000C02 53                              	PUSH	EBX
  1148 00000C03 E8 [00000000]                   	CALL	_fifo32_get
  1149 00000C08 89 C3                           	MOV	EBX,EAX
  1150 00000C0A E8 [00000000]                   	CALL	_io_sti
  1151 00000C0F 59                              	POP	ECX
  1152 00000C10 83 FB 64                        	CMP	EBX,100
  1153 00000C13 75 D9                           	JNE	L67
  1154 00000C15 89 F8                           	MOV	EAX,EDI
  1155 00000C17 8D 9D FFFFFDC4                  	LEA	EBX,DWORD [-572+EBP]
  1156 00000C1D 2B 85 FFFFFDC0                  	SUB	EAX,DWORD [-576+EBP]
  1157 00000C23 50                              	PUSH	EAX
  1158 00000C24 68 [0000018C]                   	PUSH	LC9
  1159 00000C29 53                              	PUSH	EBX
  1160 00000C2A E8 [00000000]                   	CALL	_sprintf
  1161 00000C2F 6A 0B                           	PUSH	11
  1162 00000C31 53                              	PUSH	EBX
  1163 00000C32 6A 08                           	PUSH	8
  1164 00000C34 6A 00                           	PUSH	0
  1165 00000C36 6A 1C                           	PUSH	28
  1166 00000C38 6A 18                           	PUSH	24
  1167 00000C3A FF 75 08                        	PUSH	DWORD [8+EBP]
  1168 00000C3D E8 FFFFFDA5                     	CALL	_putfonts8_asc_sht
  1169 00000C42 83 C4 28                        	ADD	ESP,40
  1170 00000C45 89 BD FFFFFDC0                  	MOV	DWORD [-576+EBP],EDI
  1171 00000C4B 6A 64                           	PUSH	100
  1172 00000C4D 56                              	PUSH	ESI
  1173 00000C4E E8 [00000000]                   	CALL	_timer_settime
  1174 00000C53 58                              	POP	EAX
  1175 00000C54 5A                              	POP	EDX
  1176 00000C55 EB 97                           	JMP	L67
  1177 00000C57                                 L73:
  1178 00000C57 E8 [00000000]                   	CALL	_io_sti
  1179 00000C5C EB 90                           	JMP	L67
  1180 00000C5E                                 	GLOBAL	_console_task
  1181 00000C5E                                 _console_task:
  1182 00000C5E 55                              	PUSH	EBP
  1183 00000C5F 89 E5                           	MOV	EBP,ESP
  1184 00000C61 57                              	PUSH	EDI
  1185 00000C62 56                              	PUSH	ESI
  1186 00000C63 53                              	PUSH	EBX
  1187 00000C64 8D 5D D4                        	LEA	EBX,DWORD [-44+EBP]
  1188 00000C67 81 EC 00000224                  	SUB	ESP,548
  1189 00000C6D E8 [00000000]                   	CALL	_task_now
  1190 00000C72 50                              	PUSH	EAX
  1191 00000C73 89 85 FFFFFDD0                  	MOV	DWORD [-560+EBP],EAX
  1192 00000C79 8D 85 FFFFFDD4                  	LEA	EAX,DWORD [-556+EBP]
  1193 00000C7F 50                              	PUSH	EAX
  1194 00000C80 68 00000080                     	PUSH	128
  1195 00000C85 53                              	PUSH	EBX
  1196 00000C86 E8 [00000000]                   	CALL	_fifo32_init
  1197 00000C8B E8 [00000000]                   	CALL	_timer_alloc
  1198 00000C90 6A 01                           	PUSH	1
  1199 00000C92 53                              	PUSH	EBX
  1200 00000C93 89 C7                           	MOV	EDI,EAX
  1201 00000C95 50                              	PUSH	EAX
  1202 00000C96 E8 [00000000]                   	CALL	_timer_init
  1203 00000C9B 6A 32                           	PUSH	50
  1204 00000C9D 57                              	PUSH	EDI
  1205 00000C9E E8 [00000000]                   	CALL	_timer_settime
  1206 00000CA3 83 C4 24                        	ADD	ESP,36
  1207 00000CA6                                 L83:
  1208 00000CA6 8D 75 D4                        	LEA	ESI,DWORD [-44+EBP]
  1209 00000CA9 E8 [00000000]                   	CALL	_io_cli
  1210 00000CAE 56                              	PUSH	ESI
  1211 00000CAF E8 [00000000]                   	CALL	_fifo32_status
  1212 00000CB4 5A                              	POP	EDX
  1213 00000CB5 85 C0                           	TEST	EAX,EAX
  1214 00000CB7 74 6B                           	JE	L85
  1215 00000CB9 56                              	PUSH	ESI
  1216 00000CBA E8 [00000000]                   	CALL	_fifo32_get
  1217 00000CBF 89 C3                           	MOV	EBX,EAX
  1218 00000CC1 E8 [00000000]                   	CALL	_io_sti
  1219 00000CC6 59                              	POP	ECX
  1220 00000CC7 83 FB 01                        	CMP	EBX,1
  1221 00000CCA 7F DA                           	JG	L83
  1222 00000CCC 85 DB                           	TEST	EBX,EBX
  1223 00000CCE 74 47                           	JE	L81
  1224 00000CD0 6A 00                           	PUSH	0
  1225 00000CD2 BB 00000007                     	MOV	EBX,7
  1226 00000CD7 56                              	PUSH	ESI
  1227 00000CD8 57                              	PUSH	EDI
  1228 00000CD9 E8 [00000000]                   	CALL	_timer_init
  1229 00000CDE                                 L84:
  1230 00000CDE 83 C4 0C                        	ADD	ESP,12
  1231 00000CE1 6A 32                           	PUSH	50
  1232 00000CE3 57                              	PUSH	EDI
  1233 00000CE4 E8 [00000000]                   	CALL	_timer_settime
  1234 00000CE9 8B 45 08                        	MOV	EAX,DWORD [8+EBP]
  1235 00000CEC 6A 2B                           	PUSH	43
  1236 00000CEE 6A 0F                           	PUSH	15
  1237 00000CF0 6A 1C                           	PUSH	28
  1238 00000CF2 6A 08                           	PUSH	8
  1239 00000CF4 53                              	PUSH	EBX
  1240 00000CF5 FF 70 04                        	PUSH	DWORD [4+EAX]
  1241 00000CF8 FF 30                           	PUSH	DWORD [EAX]
  1242 00000CFA E8 [00000000]                   	CALL	_boxfill8
  1243 00000CFF 83 C4 24                        	ADD	ESP,36
  1244 00000D02 6A 2C                           	PUSH	44
  1245 00000D04 6A 10                           	PUSH	16
  1246 00000D06 6A 1C                           	PUSH	28
  1247 00000D08 6A 08                           	PUSH	8
  1248 00000D0A FF 75 08                        	PUSH	DWORD [8+EBP]
  1249 00000D0D E8 [00000000]                   	CALL	_sheet_refresh
  1250 00000D12 83 C4 14                        	ADD	ESP,20
  1251 00000D15 EB 8F                           	JMP	L83
  1252 00000D17                                 L81:
  1253 00000D17 6A 01                           	PUSH	1
  1254 00000D19 31 DB                           	XOR	EBX,EBX
  1255 00000D1B 56                              	PUSH	ESI
  1256 00000D1C 57                              	PUSH	EDI
  1257 00000D1D E8 [00000000]                   	CALL	_timer_init
  1258 00000D22 EB BA                           	JMP	L84
  1259 00000D24                                 L85:
  1260 00000D24 FF B5 FFFFFDD0                  	PUSH	DWORD [-560+EBP]
  1261 00000D2A E8 [00000000]                   	CALL	_task_sleep
  1262 00000D2F E8 [00000000]                   	CALL	_io_sti
  1263 00000D34 5B                              	POP	EBX
  1264 00000D35 E9 FFFFFF6C                     	JMP	L83
