     1 00000000                                 [FORMAT "WCOFF"]
     2 00000000                                 [INSTRSET "i486p"]
     3 00000000                                 [OPTIMIZE 1]
     4 00000000                                 [OPTION 1]
     5 00000000                                 [BITS 32]
     6 00000000                                 [FILE "file.c"]
     7                                          [SECTION .text]
     8 00000000                                 	GLOBAL	_file_ReadFat
     9 00000000                                 _file_ReadFat:
    10 00000000 55                              	PUSH	EBP
    11 00000001 31 C9                           	XOR	ECX,ECX
    12 00000003 89 E5                           	MOV	EBP,ESP
    13 00000005 57                              	PUSH	EDI
    14 00000006 56                              	PUSH	ESI
    15 00000007 53                              	PUSH	EBX
    16 00000008 8B 7D 08                        	MOV	EDI,DWORD [8+EBP]
    17 0000000B 8B 75 0C                        	MOV	ESI,DWORD [12+EBP]
    18 0000000E 31 DB                           	XOR	EBX,EBX
    19 00000010                                 L6:
    20 00000010 0F B6 44 31 01                  	MOVZX	EAX,BYTE [1+ECX+ESI*1]
    21 00000015 0F B6 14 31                     	MOVZX	EDX,BYTE [ECX+ESI*1]
    22 00000019 C1 E0 08                        	SAL	EAX,8
    23 0000001C 09 C2                           	OR	EDX,EAX
    24 0000001E 81 E2 00000FFF                  	AND	EDX,4095
    25 00000024 89 14 9F                        	MOV	DWORD [EDI+EBX*4],EDX
    26 00000027 8A 44 31 01                     	MOV	AL,BYTE [1+ECX+ESI*1]
    27 0000002B 0F B6 54 31 02                  	MOVZX	EDX,BYTE [2+ECX+ESI*1]
    28 00000030 C0 E8 04                        	SHR	AL,4
    29 00000033 83 C1 03                        	ADD	ECX,3
    30 00000036 C1 E2 04                        	SAL	EDX,4
    31 00000039 0F B6 C0                        	MOVZX	EAX,AL
    32 0000003C 09 D0                           	OR	EAX,EDX
    33 0000003E 89 44 9F 04                     	MOV	DWORD [4+EDI+EBX*4],EAX
    34 00000042 83 C3 02                        	ADD	EBX,2
    35 00000045 81 FB 00000B3F                  	CMP	EBX,2879
    36 0000004B 7E C3                           	JLE	L6
    37 0000004D 5B                              	POP	EBX
    38 0000004E 5E                              	POP	ESI
    39 0000004F 5F                              	POP	EDI
    40 00000050 5D                              	POP	EBP
    41 00000051 C3                              	RET
    42 00000052                                 	GLOBAL	_file_LoadFile
    43 00000052                                 _file_LoadFile:
    44 00000052 55                              	PUSH	EBP
    45 00000053 89 E5                           	MOV	EBP,ESP
    46 00000055 57                              	PUSH	EDI
    47 00000056 56                              	PUSH	ESI
    48 00000057 53                              	PUSH	EBX
    49 00000058 8B 7D 08                        	MOV	EDI,DWORD [8+EBP]
    50 0000005B 8B 4D 0C                        	MOV	ECX,DWORD [12+EBP]
    51 0000005E 8B 5D 10                        	MOV	EBX,DWORD [16+EBP]
    52 00000061 8B 75 18                        	MOV	ESI,DWORD [24+EBP]
    53 00000064                                 L24:
    54 00000064 81 F9 00000200                  	CMP	ECX,512
    55 0000006A 7E 26                           	JLE	L28
    56 0000006C 31 D2                           	XOR	EDX,EDX
    57 0000006E                                 L23:
    58 0000006E 89 F8                           	MOV	EAX,EDI
    59 00000070 C1 E0 09                        	SAL	EAX,9
    60 00000073 01 D0                           	ADD	EAX,EDX
    61 00000075 8A 04 30                        	MOV	AL,BYTE [EAX+ESI*1]
    62 00000078 88 04 1A                        	MOV	BYTE [EDX+EBX*1],AL
    63 0000007B 42                              	INC	EDX
    64 0000007C 81 FA 000001FF                  	CMP	EDX,511
    65 00000082 7E EA                           	JLE	L23
    66 00000084 81 E9 00000200                  	SUB	ECX,512
    67 0000008A 81 C3 00000200                  	ADD	EBX,512
    68 00000090 EB D2                           	JMP	L24
    69 00000092                                 L28:
    70 00000092 31 D2                           	XOR	EDX,EDX
    71 00000094 39 CA                           	CMP	EDX,ECX
    72 00000096 7D 12                           	JGE	L9
    73 00000098                                 L18:
    74 00000098 89 F8                           	MOV	EAX,EDI
    75 0000009A C1 E0 09                        	SAL	EAX,9
    76 0000009D 01 D0                           	ADD	EAX,EDX
    77 0000009F 8A 04 30                        	MOV	AL,BYTE [EAX+ESI*1]
    78 000000A2 88 04 1A                        	MOV	BYTE [EDX+EBX*1],AL
    79 000000A5 42                              	INC	EDX
    80 000000A6 39 CA                           	CMP	EDX,ECX
    81 000000A8 7C EE                           	JL	L18
    82 000000AA                                 L9:
    83 000000AA 5B                              	POP	EBX
    84 000000AB 5E                              	POP	ESI
    85 000000AC 5F                              	POP	EDI
    86 000000AD 5D                              	POP	EBP
    87 000000AE C3                              	RET
    88 000000AF                                 	GLOBAL	_file_Search
    89 000000AF                                 _file_Search:
    90 000000AF 55                              	PUSH	EBP
    91 000000B0 31 C9                           	XOR	ECX,ECX
    92 000000B2 89 E5                           	MOV	EBP,ESP
    93 000000B4 57                              	PUSH	EDI
    94 000000B5 56                              	PUSH	ESI
    95 000000B6 53                              	PUSH	EBX
    96 000000B7 83 EC 14                        	SUB	ESP,20
    97 000000BA 8B 5D 08                        	MOV	EBX,DWORD [8+EBP]
    98 000000BD                                 L34:
    99 000000BD C6 44 0D E4 20                  	MOV	BYTE [-28+EBP+ECX*1],32
   100 000000C2 41                              	INC	ECX
   101 000000C3 83 F9 0A                        	CMP	ECX,10
   102 000000C6 7E F5                           	JLE	L34
   103 000000C8 31 C9                           	XOR	ECX,ECX
   104 000000CA 31 FF                           	XOR	EDI,EDI
   105 000000CC 80 3B 00                        	CMP	BYTE [EBX],0
   106 000000CF 74 29                           	JE	L61
   107 000000D1                                 L43:
   108 000000D1 31 C0                           	XOR	EAX,EAX
   109 000000D3 83 F9 0A                        	CMP	ECX,10
   110 000000D6 7F 5B                           	JG	L29
   111 000000D8 8A 14 1F                        	MOV	DL,BYTE [EDI+EBX*1]
   112 000000DB 80 FA 2E                        	CMP	DL,46
   113 000000DE 74 6C                           	JE	L65
   114 000000E0                                 L40:
   115 000000E0 8D 42 9F                        	LEA	EAX,DWORD [-97+EDX]
   116 000000E3 88 54 0D E4                     	MOV	BYTE [-28+EBP+ECX*1],DL
   117 000000E7 3C 19                           	CMP	AL,25
   118 000000E9 77 07                           	JA	L42
   119 000000EB 8D 42 E0                        	LEA	EAX,DWORD [-32+EDX]
   120 000000EE 88 44 0D E4                     	MOV	BYTE [-28+EBP+ECX*1],AL
   121 000000F2                                 L42:
   122 000000F2 41                              	INC	ECX
   123 000000F3                                 L37:
   124 000000F3 47                              	INC	EDI
   125 000000F4 80 3C 1F 00                     	CMP	BYTE [EDI+EBX*1],0
   126 000000F8 75 D7                           	JNE	L43
   127 000000FA                                 L61:
   128 000000FA 31 FF                           	XOR	EDI,EDI
   129 000000FC 3B 7D 10                        	CMP	EDI,DWORD [16+EBP]
   130 000000FF 7D 47                           	JGE	L45
   131 00000101 8B 75 0C                        	MOV	ESI,DWORD [12+EBP]
   132 00000104 C7 45 E0 00000000               	MOV	DWORD [-32+EBP],0
   133 0000010B                                 L57:
   134 0000010B 80 3E 00                        	CMP	BYTE [ESI],0
   135 0000010E 74 38                           	JE	L45
   136 00000110 F6 46 0B 18                     	TEST	BYTE [11+ESI],24
   137 00000114 75 25                           	JNE	L55
   138 00000116 8B 5D 0C                        	MOV	EBX,DWORD [12+EBP]
   139 00000119 31 C9                           	XOR	ECX,ECX
   140 0000011B 03 5D E0                        	ADD	EBX,DWORD [-32+EBP]
   141 0000011E                                 L56:
   142 0000011E 0F B6 13                        	MOVZX	EDX,BYTE [EBX]
   143 00000121 0F BE 44 0D E4                  	MOVSX	EAX,BYTE [-28+EBP+ECX*1]
   144 00000126 39 C2                           	CMP	EDX,EAX
   145 00000128 75 11                           	JNE	L55
   146 0000012A 41                              	INC	ECX
   147 0000012B 43                              	INC	EBX
   148 0000012C 89 F0                           	MOV	EAX,ESI
   149 0000012E 83 F9 0A                        	CMP	ECX,10
   150 00000131 7E EB                           	JLE	L56
   151 00000133                                 L29:
   152 00000133 83 C4 14                        	ADD	ESP,20
   153 00000136 5B                              	POP	EBX
   154 00000137 5E                              	POP	ESI
   155 00000138 5F                              	POP	EDI
   156 00000139 5D                              	POP	EBP
   157 0000013A C3                              	RET
   158 0000013B                                 L55:
   159 0000013B 47                              	INC	EDI
   160 0000013C 83 C6 20                        	ADD	ESI,32
   161 0000013F 83 45 E0 20                     	ADD	DWORD [-32+EBP],32
   162 00000143 3B 7D 10                        	CMP	EDI,DWORD [16+EBP]
   163 00000146 7C C3                           	JL	L57
   164 00000148                                 L45:
   165 00000148 31 C0                           	XOR	EAX,EAX
   166 0000014A EB E7                           	JMP	L29
   167 0000014C                                 L65:
   168 0000014C 83 F9 08                        	CMP	ECX,8
   169 0000014F 7F 8F                           	JG	L40
   170 00000151 B9 00000008                     	MOV	ECX,8
   171 00000156 EB 9B                           	JMP	L37
