     1 00000000                                 ;naskfunc
     2 00000000                                 ;TAB=4
     3 00000000                                 
     4 00000000                                 [FORMAT "WCOFF"]
     5 00000000                                 [INSTRSET "i486p"]       ;设置使用指令的型号，即32位   写成INSERT了，半天没找出错误
     6 00000000                                 [BITS 32]
     7 00000000                                 
     8 00000000                                 ;制作目标文件信息
     9 00000000                                 [FILE "naskfunc.nas"]
    10 00000000                                     GLOBAL _io_hlt,_io_cli,_io_sti,_io_stihlt           ;书上怎么stihlt前面少了个下划线
    11 00000000                                     GLOBAL _io_in8,_io_in16,_io_in32
    12 00000000                                     GLOBAL _io_out8,_io_out16,_io_out32
    13 00000000                                     GLOBAL _io_load_eflags,_io_store_eflags             ;函数声明前怎么都要加下划线
    14 00000000                                 	GLOBAL	_load_gdtr, _load_idtr                      ;忘记加这两行了，出大问题
    15 00000000                                 	GLOBAL  _load_cr0,_store_cr0
    16 00000000                                 	GLOBAL	_asm_inthandler21, _asm_inthandler27, _asm_inthandler2c, _asm_inthandler20
    17 00000000                                 	GLOBAL _memtest_sub
    18 00000000                                     EXTERN	_inthandler21, _inthandler27, _inthandler2c
    19 00000000                                 	EXTERN _inthandler20
    20 00000000                                 	GLOBAL _load_tr
    21 00000000                                 	GLOBAL _taskswitch4,_taskswitch3
    22 00000000                                 	GLOBAL _farjmp,_farcall
    23 00000000                                 	GLOBAL _asm_console_putchar
    24 00000000                                 
    25                                          [SECTION .text]         ;以下是实际的函数
    26 00000000                                 _io_hlt:
    27 00000000 F4                                  HLT
    28 00000001 C3                                  RET
    29 00000002                                 
    30 00000002                                 _io_cli:
    31 00000002 FA                                  CLI
    32 00000003 C3                                  RET
    33 00000004                                 
    34 00000004                                 _io_sti:
    35 00000004 FB                                  STI
    36 00000005 C3                                  RET
    37 00000006                                 
    38 00000006                                 _io_stihlt:
    39 00000006 FB                                  STI
    40 00000007 F4                                  HLT
    41 00000008 C3                                  RET
    42 00000009                                 
    43 00000009                                 _io_in8:
    44 00000009 8B 54 24 04                         MOV EDX,[ESP+4]
    45 0000000D B8 00000000                         MOV EAX,0
    46 00000012 EC                                  IN AL,DX
    47 00000013 C3                                  RET
    48 00000014                                 
    49 00000014                                 _io_in16:
    50 00000014 8B 54 24 04                         MOV EDX,[ESP+4]
    51 00000018 B8 00000000                         MOV EAX,0
    52 0000001D 66 ED                               IN AX,DX
    53 0000001F C3                                  RET
    54 00000020                                 
    55 00000020                                 _io_in32:
    56 00000020 8B 54 24 04                         MOV EDX,[ESP+4]
    57 00000024 B8 00000000                         MOV EAX,0
    58 00000029 66 ED                               IN AX,DX
    59 0000002B C3                                  RET
    60 0000002C                                 
    61 0000002C                                 _io_out8:
    62 0000002C 8B 54 24 04                         MOV EDX,[ESP+4]
    63 00000030 8A 44 24 08                         MOV AL,[ESP+8]
    64 00000034 EE                                  OUT DX,AL
    65 00000035 C3                                  RET
    66 00000036                                 
    67 00000036                                 _io_out16:
    68 00000036 8B 54 24 04                         MOV EDX,[ESP+4]
    69 0000003A 8B 44 24 08                         MOV EAX,[ESP+8]
    70 0000003E 66 EF                               OUT DX,AX
    71 00000040 C3                                  RET
    72 00000041                                 
    73 00000041                                 _io_out32:
    74 00000041 8B 54 24 04                         MOV EDX,[ESP+4]
    75 00000045 8A 44 24 08                         MOV AL,[ESP+8]
    76 00000049 EF                                  OUT DX,EAX
    77 0000004A C3                                  RET
    78 0000004B                                 
    79 0000004B                                 _io_load_eflags:          ;eflags是32位的，flag的扩充版
    80 0000004B 9C                                  PUSHFD                ;push flags double-word 等同于MOVE EAX,EFLAGS  指push eflags
    81 0000004C 58                                  POP EAX               ;计算机没有MOV EAX，EFLAGS这种指令
    82 0000004D C3                                  RET                   ;EAX里面的值就被看成是返回值
    83 0000004E                                 
    84 0000004E                                 _io_store_eflags:
    85 0000004E 8B 44 24 04                         MOV EAX,[ESP+4]
    86 00000052 50                                  PUSH EAX
    87 00000053 9D                                  POPFD
    88 00000054 C3                                  RET
    89 00000055                                 
    90 00000055                                 _load_gdtr:		; void load_gdtr(int limit, int addr);
    91 00000055 66 8B 44 24 04                  		MOV		AX,[ESP+4]		; limit
    92 0000005A 66 89 44 24 06                  		MOV		[ESP+6],AX
    93 0000005F 0F 01 54 24 06                  		LGDT	[ESP+6]
    94 00000064 C3                              		RET
    95 00000065                                 
    96 00000065                                 _load_idtr:		; void load_idtr(int limit, int addr);
    97 00000065 66 8B 44 24 04                  		MOV		AX,[ESP+4]		; limit
    98 0000006A 66 89 44 24 06                  		MOV		[ESP+6],AX
    99 0000006F 0F 01 5C 24 06                  		LIDT	[ESP+6]
   100 00000074 C3                              		RET
   101 00000075                                 
   102 00000075                                 _asm_inthandler21:
   103 00000075 06                              		PUSH	ES
   104 00000076 1E                              		PUSH	DS
   105 00000077 60                              		PUSHAD
   106 00000078 89 E0                           		MOV		EAX,ESP
   107 0000007A 50                              		PUSH	EAX
   108 0000007B 66 8C D0                        		MOV		AX,SS
   109 0000007E 8E D8                           		MOV		DS,AX
   110 00000080 8E C0                           		MOV		ES,AX
   111 00000082 E8 [00000000]                   		CALL	_inthandler21
   112 00000087 58                              		POP		EAX
   113 00000088 61                              		POPAD
   114 00000089 1F                              		POP		DS
   115 0000008A 07                              		POP		ES
   116 0000008B CF                              		IRETD
   117 0000008C                                 
   118 0000008C                                 _asm_inthandler27:
   119 0000008C 06                              		PUSH	ES
   120 0000008D 1E                              		PUSH	DS
   121 0000008E 60                              		PUSHAD
   122 0000008F 89 E0                           		MOV		EAX,ESP
   123 00000091 50                              		PUSH	EAX
   124 00000092 66 8C D0                        		MOV		AX,SS
   125 00000095 8E D8                           		MOV		DS,AX
   126 00000097 8E C0                           		MOV		ES,AX
   127 00000099 E8 [00000000]                   		CALL	_inthandler27
   128 0000009E 58                              		POP		EAX
   129 0000009F 61                              		POPAD
   130 000000A0 1F                              		POP		DS
   131 000000A1 07                              		POP		ES
   132 000000A2 CF                              		IRETD
   133 000000A3                                 
   134 000000A3                                 _asm_inthandler2c:
   135 000000A3 06                              		PUSH	ES
   136 000000A4 1E                              		PUSH	DS
   137 000000A5 60                              		PUSHAD
   138 000000A6 89 E0                           		MOV		EAX,ESP
   139 000000A8 50                              		PUSH	EAX
   140 000000A9 66 8C D0                        		MOV		AX,SS
   141 000000AC 8E D8                           		MOV		DS,AX
   142 000000AE 8E C0                           		MOV		ES,AX
   143 000000B0 E8 [00000000]                   		CALL	_inthandler2c
   144 000000B5 58                              		POP		EAX
   145 000000B6 61                              		POPAD
   146 000000B7 1F                              		POP		DS
   147 000000B8 07                              		POP		ES
   148 000000B9 CF                              		IRETD
   149 000000BA                                 
   150 000000BA                                 _load_cr0:   ;int load_cr0();
   151 000000BA 0F 20 C0                        	MOV EAX,CR0
   152 000000BD C3                              	RET
   153 000000BE                                 
   154 000000BE                                 _store_cr0:  ;void store_cr0(int cr0);
   155 000000BE 8B 44 24 04                     	MOV EAX,[ESP+4]
   156 000000C2 0F 22 C0                        	MOV CR0,EAX
   157 000000C5 C3                              	RET
   158 000000C6                                 
   159 000000C6                                 _memtest_sub:  ;unsigned int memtest_sub(unsigned int start,unsigned int end)
   160 000000C6 57                              	PUSH EDI
   161 000000C7 56                              	PUSH ESI
   162 000000C8 53                              	PUSH EBX
   163 000000C9 BE AA55AA55                     	MOV ESI,0xaa55aa55   ;pat0=0xaa55aa55
   164 000000CE BF 55AA55AA                     	MOV EDI,0x55aa55aa   ;pat1=0x55aa55aa
   165 000000D3 8B 44 24 10                     	MOV EAX,[ESP+12+4]   ;i=start
   166 000000D7                                 mts_loop:
   167 000000D7 89 C3                           	MOV EBX,EAX
   168 000000D9 81 C3 00000FFC                  	ADD EBX,0xffc		 ;p=i+0xffc
   169 000000DF 8B 13                           	MOV EDX,[EBX]        ;old=*p
   170 000000E1 89 33                           	MOV [EBX],ESI        ;*p=pat0
   171 000000E3 83 33 FF                        	XOR DWORD [EBX],0xffffffff	;*P^=0xffffffff
   172 000000E6 3B 3B                           	CMP EDI,[EBX]               ;if(*p!=pat1) goto fin
   173 000000E8 75 18                           	JNE mts_fin
   174 000000EA 83 33 FF                        	XOR DWORD [EBX],0xffffffff  ;*P^=0xffffffff
   175 000000ED 3B 33                           	CMP ESI,[EBX]               ;if(*p!=pat0) goto fin
   176 000000EF 75 11                           	JNE mts_fin
   177 000000F1 89 13                           	MOV [EBX],EDX               ;*p=old
   178 000000F3 05 00001000                     	ADD EAX,0x1000              ;i+=0x1000
   179 000000F8 3B 44 24 14                     	CMP EAX,[ESP+12+8]          ;if(i<=end) goto mts_loop
   180 000000FC 76 D9                           	JBE mts_loop
   181 000000FE 5B                              	POP EBX
   182 000000FF 5E                              	POP ESI
   183 00000100 5F                              	POP EDI
   184 00000101 C3                              	RET
   185 00000102                                 mts_fin:
   186 00000102 89 13                           	MOV [EBX],EDX              ;*p=old
   187 00000104 5B                              	POP EBX
   188 00000105 5E                              	POP ESI
   189 00000106 5F                              	POP EDI
   190 00000107 C3                              	RET
   191 00000108                                 	
   192 00000108                                 _asm_inthandler20:
   193 00000108 06                              	PUSH ES
   194 00000109 1E                              	PUSH DS
   195 0000010A 60                              	PUSHAD
   196 0000010B 89 E0                           	MOV EAX,ESP
   197 0000010D 50                              	PUSH EAX
   198 0000010E 66 8C D0                        	MOV AX,SS
   199 00000111 8E D8                           	MOV DS,AX
   200 00000113 8E C0                           	MOV ES,AX
   201 00000115 E8 [00000000]                   	CALL _inthandler20
   202 0000011A 58                              	POP EAX
   203 0000011B 61                              	POPAD
   204 0000011C 1F                              	POP DS
   205 0000011D 07                              	POP ES
   206 0000011E CF                              	IRETD
   207 0000011F                                 
   208 0000011F                                 _load_tr:                     ;void load_tr(int tr)  改变TR寄存器的值
   209 0000011F 0F 00 5C 24 04                  	LTR [ESP+4]				  ;tr
   210 00000124 C3                              	RET
   211 00000125                                 
   212 00000125                                 _taskswitch4:                 ;void taskswitch(void)
   213 00000125 EA 00000000 0020                	JMP 4*8:0
   214 0000012C C3                              	RET
   215 0000012D                                 
   216 0000012D                                 _taskswitch3:				  ;void taskswitch3()
   217 0000012D EA 00000000 0018                	JMP 3*8:0
   218 00000134 C3                              	RET
   219 00000135                                 
   220 00000135                                 _farjmp:                      ;void farjmp(int eip,int cs);
   221 00000135 FF 6C 24 04                     	JMP FAR[ESP+4]            ;执行far跳转,在[ESP+4]存放了eip的值，[ESP+8]存放了cs的值
   222 00000139 C3                              	RET
   223 0000013A                                 
   224 0000013A                                 _asm_console_putchar:
   225 0000013A FB                              	STI    					;使用INT指令会被视作中断处理，采用RETF是无法返回的，需要用到IRETD
   226 0000013B 6A 01                           	PUSH 1
   227 0000013D 25 000000FF                     	AND EAX,0xff			;将AH和EAX的高位置0，将EAX置为已存入字符编码的状态
   228 00000142 50                              	PUSH EAX
   229 00000143 FF 35 00000FEC                  	PUSH DWORD[0x0fec]		;读取内存并PUSH该值
   230 00000149                                 	CALL _console_putchar 	；不能直接调用console_putchar，因为hlt.nas这个程序在汇编时并不包含操作系统本身的代码，因此编译器无法得知要调用的函数地址
      >> [ERROR #002] parameter error.
   231 00000149 83 C4 0C                        	ADD ESP,12				;将栈中的数据丢弃
   232 0000014C                                 	TRETD
   233 0000014C                                 
   234 0000014C                                 _farcall:					;void farcall(int eip,int cs)
   235 0000014C FF 5C 24 04                     	CALL FAR[ESP+4]			;eip，cs
   236 00000150 C3                              	RET