     1 00000000                                 ;naskfunc
     2 00000000                                 ;TAB=4
     3 00000000                                 
     4 00000000                                 [FORMAT "WCOFF"]
     5 00000000                                 [INSTRSET "i486p"]       ;设置使用指令的型号，即32位   写成INSERT了，半天没找出错误
     6 00000000                                 [BITS 32]
     7 00000000                                 
     8 00000000                                 ;制作目标文件信息
     9 00000000                                 [FILE "naskfunc.nas"]
    10 00000000                                     GLOBAL _io_hlt,_io_cli,_io_sti,_io_stihlt           ;书上怎么stihlt前面少了个下划线
    11 00000000                                     GLOBAL _io_in8,_io_in16,_io_in32
    12 00000000                                     GLOBAL _io_out8,_io_out16,_io_out32
    13 00000000                                     GLOBAL _io_load_eflags,_io_store_eflags             ;函数声明前怎么都要加下划线
    14 00000000                                 	GLOBAL	_load_gdtr, _load_idtr                      ;忘记加这两行了，出大问题
    15 00000000                                 	GLOBAL  _load_cr0,_store_cr0
    16 00000000                                 	GLOBAL	_asm_inthandler21, _asm_inthandler27, _asm_inthandler2c, _asm_inthandler20, _asm_inthandler0d
    17 00000000                                 	GLOBAL _memtest_sub
    18 00000000                                     EXTERN	_inthandler21, _inthandler27, _inthandler2c,_inthandler20
    19 00000000                                 	EXTERN	_inthandler0d
    20 00000000                                 	GLOBAL _load_tr
    21 00000000                                 	GLOBAL _taskswitch4,_taskswitch3
    22 00000000                                 	GLOBAL _farjmp,_farcall
    23 00000000                                 	GLOBAL _asm_console_putchar,_asm_hrb_api,_start_app
    24 00000000                                 	EXTERN	_console_putchar,_hrb_api
    25 00000000                                 
    26                                          [SECTION .text]         ;以下是实际的函数
    27 00000000                                 _io_hlt:
    28 00000000 F4                                  HLT
    29 00000001 C3                                  RET
    30 00000002                                 
    31 00000002                                 _io_cli:
    32 00000002 FA                                  CLI
    33 00000003 C3                                  RET
    34 00000004                                 
    35 00000004                                 _io_sti:
    36 00000004 FB                                  STI
    37 00000005 C3                                  RET
    38 00000006                                 
    39 00000006                                 _io_stihlt:
    40 00000006 FB                                  STI
    41 00000007 F4                                  HLT
    42 00000008 C3                                  RET
    43 00000009                                 
    44 00000009                                 _io_in8:
    45 00000009 8B 54 24 04                         MOV EDX,[ESP+4]
    46 0000000D B8 00000000                         MOV EAX,0
    47 00000012 EC                                  IN AL,DX
    48 00000013 C3                                  RET
    49 00000014                                 
    50 00000014                                 _io_in16:
    51 00000014 8B 54 24 04                         MOV EDX,[ESP+4]
    52 00000018 B8 00000000                         MOV EAX,0
    53 0000001D 66 ED                               IN AX,DX
    54 0000001F C3                                  RET
    55 00000020                                 
    56 00000020                                 _io_in32:
    57 00000020 8B 54 24 04                         MOV EDX,[ESP+4]
    58 00000024 B8 00000000                         MOV EAX,0
    59 00000029 66 ED                               IN AX,DX
    60 0000002B C3                                  RET
    61 0000002C                                 
    62 0000002C                                 _io_out8:
    63 0000002C 8B 54 24 04                         MOV EDX,[ESP+4]
    64 00000030 8A 44 24 08                         MOV AL,[ESP+8]
    65 00000034 EE                                  OUT DX,AL
    66 00000035 C3                                  RET
    67 00000036                                 
    68 00000036                                 _io_out16:
    69 00000036 8B 54 24 04                         MOV EDX,[ESP+4]
    70 0000003A 8B 44 24 08                         MOV EAX,[ESP+8]
    71 0000003E 66 EF                               OUT DX,AX
    72 00000040 C3                                  RET
    73 00000041                                 
    74 00000041                                 _io_out32:
    75 00000041 8B 54 24 04                         MOV EDX,[ESP+4]
    76 00000045 8A 44 24 08                         MOV AL,[ESP+8]
    77 00000049 EF                                  OUT DX,EAX
    78 0000004A C3                                  RET
    79 0000004B                                 
    80 0000004B                                 _io_load_eflags:          ;eflags是32位的，flag的扩充版
    81 0000004B 9C                                  PUSHFD                ;push flags double-word 等同于MOVE EAX,EFLAGS  指push eflags
    82 0000004C 58                                  POP EAX               ;计算机没有MOV EAX，EFLAGS这种指令
    83 0000004D C3                                  RET                   ;EAX里面的值就被看成是返回值
    84 0000004E                                 
    85 0000004E                                 _io_store_eflags:
    86 0000004E 8B 44 24 04                         MOV EAX,[ESP+4]
    87 00000052 50                                  PUSH EAX
    88 00000053 9D                                  POPFD
    89 00000054 C3                                  RET
    90 00000055                                 
    91 00000055                                 _load_gdtr:		; void load_gdtr(int limit, int addr);
    92 00000055 66 8B 44 24 04                  		MOV		AX,[ESP+4]		; limit
    93 0000005A 66 89 44 24 06                  		MOV		[ESP+6],AX
    94 0000005F 0F 01 54 24 06                  		LGDT	[ESP+6]
    95 00000064 C3                              		RET
    96 00000065                                 
    97 00000065                                 _load_idtr:		; void load_idtr(int limit, int addr);
    98 00000065 66 8B 44 24 04                  		MOV		AX,[ESP+4]		; limit
    99 0000006A 66 89 44 24 06                  		MOV		[ESP+6],AX
   100 0000006F 0F 01 5C 24 06                  		LIDT	[ESP+6]
   101 00000074 C3                              		RET
   102 00000075                                 
   103 00000075                                 
   104 00000075                                 _asm_inthandler20:
   105 00000075 06                              		PUSH	ES
   106 00000076 1E                              		PUSH	DS
   107 00000077 60                              		PUSHAD
   108 00000078 66 8C D0                        		MOV		AX,SS
   109 0000007B 66 3D 0008                      		CMP		AX,1*8
   110 0000007F 75 17                           		JNE		.from_app
   111 00000081                                 ;	当操作系统活动时产生的中断情况和之前的差不多
   112 00000081 89 E0                           		MOV		EAX,ESP
   113 00000083 16                              		PUSH	SS				; 保存中断时的SS
   114 00000084 50                              		PUSH	EAX				; 保存中断时的ESP
   115 00000085 66 8C D0                        		MOV		AX,SS
   116 00000088 8E D8                           		MOV		DS,AX
   117 0000008A 8E C0                           		MOV		ES,AX
   118 0000008C E8 [00000000]                   		CALL	_inthandler20
   119 00000091 83 C4 08                        		ADD		ESP,8
   120 00000094 61                              		POPAD
   121 00000095 1F                              		POP		DS
   122 00000096 07                              		POP		ES
   123 00000097 CF                              		IRETD
   124 00000098                                 .from_app:
   125 00000098                                 ;	当应用程序活动时发生中断
   126 00000098 B8 00000008                     		MOV		EAX,1*8
   127 0000009D 8E D8                           		MOV		DS,AX			; 先仅将DS设定为操作系统用
   128 0000009F 8B 0D 00000FE4                  		MOV		ECX,[0xfe4]		; 操作系统的ESP
   129 000000A5 83 C1 F8                        		ADD		ECX,-8
   130 000000A8 8C 51 04                        		MOV		[ECX+4],SS		; 保存中断时的SS
   131 000000AB 89 21                           		MOV		[ECX  ],ESP		; 保存中断时的ESP
   132 000000AD 8E D0                           		MOV		SS,AX
   133 000000AF 8E C0                           		MOV		ES,AX
   134 000000B1 89 CC                           		MOV		ESP,ECX
   135 000000B3 E8 [00000000]                   		CALL	_inthandler20
   136 000000B8 59                              		POP		ECX
   137 000000B9 58                              		POP		EAX
   138 000000BA 8E D0                           		MOV		SS,AX			; 将SS设回应用程序用
   139 000000BC 89 CC                           		MOV		ESP,ECX			; 将ESP设定为应用程序用
   140 000000BE 61                              		POPAD
   141 000000BF 1F                              		POP		DS
   142 000000C0 07                              		POP		ES
   143 000000C1 CF                              		IRETD
   144 000000C2                                 
   145 000000C2                                 
   146 000000C2                                 _asm_inthandler21:
   147 000000C2 06                              		PUSH	ES
   148 000000C3 1E                              		PUSH	DS
   149 000000C4 60                              		PUSHAD
   150 000000C5 66 8C D0                        		MOV		AX,SS
   151 000000C8 66 3D 0008                      		CMP		AX,1*8
   152 000000CC 75 17                           		JNE		.from_app
   153 000000CE                                 ;	OS
   154 000000CE 89 E0                           		MOV		EAX,ESP
   155 000000D0 16                              		PUSH	SS				; SS
   156 000000D1 50                              		PUSH	EAX				; ESP
   157 000000D2 66 8C D0                        		MOV		AX,SS
   158 000000D5 8E D8                           		MOV		DS,AX
   159 000000D7 8E C0                           		MOV		ES,AX
   160 000000D9 E8 [00000000]                   		CALL	_inthandler21
   161 000000DE 83 C4 08                        		ADD		ESP,8
   162 000000E1 61                              		POPAD
   163 000000E2 1F                              		POP		DS
   164 000000E3 07                              		POP		ES
   165 000000E4 CF                              		IRETD
   166 000000E5                                 .from_app:
   167 000000E5                                 ;	Av
   168 000000E5 B8 00000008                     		MOV		EAX,1*8
   169 000000EA 8E D8                           		MOV		DS,AX			; DSOSp
   170 000000EC 8B 0D 00000FE4                  		MOV		ECX,[0xfe4]		; OSESP
   171 000000F2 83 C1 F8                        		ADD		ECX,-8
   172 000000F5 8C 51 04                        		MOV		[ECX+4],SS		; SS
   173 000000F8 89 21                           		MOV		[ECX  ],ESP		; ESP
   174 000000FA 8E D0                           		MOV		SS,AX
   175 000000FC 8E C0                           		MOV		ES,AX
   176 000000FE 89 CC                           		MOV		ESP,ECX
   177 00000100 E8 [00000000]                   		CALL	_inthandler21
   178 00000105 59                              		POP		ECX
   179 00000106 58                              		POP		EAX
   180 00000107 8E D0                           		MOV		SS,AX			; SSAvp
   181 00000109 89 CC                           		MOV		ESP,ECX			; ESPAvp
   182 0000010B 61                              		POPAD
   183 0000010C 1F                              		POP		DS
   184 0000010D 07                              		POP		ES
   185 0000010E CF                              		IRETD
   186 0000010F                                 
   187 0000010F                                 
   188 0000010F                                 _asm_inthandler27:
   189 0000010F 06                              		PUSH	ES
   190 00000110 1E                              		PUSH	DS
   191 00000111 60                              		PUSHAD
   192 00000112 66 8C D0                        		MOV		AX,SS
   193 00000115 66 3D 0008                      		CMP		AX,1*8
   194 00000119 75 17                           		JNE		.from_app
   195 0000011B                                 ;	OS
   196 0000011B 89 E0                           		MOV		EAX,ESP
   197 0000011D 16                              		PUSH	SS				; SS
   198 0000011E 50                              		PUSH	EAX				; ESP
   199 0000011F 66 8C D0                        		MOV		AX,SS
   200 00000122 8E D8                           		MOV		DS,AX
   201 00000124 8E C0                           		MOV		ES,AX
   202 00000126 E8 [00000000]                   		CALL	_inthandler27
   203 0000012B 83 C4 08                        		ADD		ESP,8
   204 0000012E 61                              		POPAD
   205 0000012F 1F                              		POP		DS
   206 00000130 07                              		POP		ES
   207 00000131 CF                              		IRETD
   208 00000132                                 .from_app:
   209 00000132                                 ;	Av
   210 00000132 B8 00000008                     		MOV		EAX,1*8
   211 00000137 8E D8                           		MOV		DS,AX			; DSOSp
   212 00000139 8B 0D 00000FE4                  		MOV		ECX,[0xfe4]		; OSESP
   213 0000013F 83 C1 F8                        		ADD		ECX,-8
   214 00000142 8C 51 04                        		MOV		[ECX+4],SS		; SS
   215 00000145 89 21                           		MOV		[ECX  ],ESP		; ESP
   216 00000147 8E D0                           		MOV		SS,AX
   217 00000149 8E C0                           		MOV		ES,AX
   218 0000014B 89 CC                           		MOV		ESP,ECX
   219 0000014D E8 [00000000]                   		CALL	_inthandler27
   220 00000152 59                              		POP		ECX
   221 00000153 58                              		POP		EAX
   222 00000154 8E D0                           		MOV		SS,AX			; SSAvp
   223 00000156 89 CC                           		MOV		ESP,ECX			; ESPAvp
   224 00000158 61                              		POPAD
   225 00000159 1F                              		POP		DS
   226 0000015A 07                              		POP		ES
   227 0000015B CF                              		IRETD
   228 0000015C                                 
   229 0000015C                                 
   230 0000015C                                 _asm_inthandler2c:
   231 0000015C 06                              		PUSH	ES
   232 0000015D 1E                              		PUSH	DS
   233 0000015E 60                              		PUSHAD
   234 0000015F 66 8C D0                        		MOV		AX,SS
   235 00000162 66 3D 0008                      		CMP		AX,1*8
   236 00000166 75 17                           		JNE		.from_app
   237 00000168                                 ;	OS
   238 00000168 89 E0                           		MOV		EAX,ESP
   239 0000016A 16                              		PUSH	SS				; SS
   240 0000016B 50                              		PUSH	EAX				; ESP
   241 0000016C 66 8C D0                        		MOV		AX,SS
   242 0000016F 8E D8                           		MOV		DS,AX
   243 00000171 8E C0                           		MOV		ES,AX
   244 00000173 E8 [00000000]                   		CALL	_inthandler2c
   245 00000178 83 C4 08                        		ADD		ESP,8
   246 0000017B 61                              		POPAD
   247 0000017C 1F                              		POP		DS
   248 0000017D 07                              		POP		ES
   249 0000017E CF                              		IRETD
   250 0000017F                                 .from_app:
   251 0000017F                                 ;	Av
   252 0000017F B8 00000008                     		MOV		EAX,1*8
   253 00000184 8E D8                           		MOV		DS,AX			; DSOSp
   254 00000186 8B 0D 00000FE4                  		MOV		ECX,[0xfe4]		; OSESP
   255 0000018C 83 C1 F8                        		ADD		ECX,-8
   256 0000018F 8C 51 04                        		MOV		[ECX+4],SS		; SS
   257 00000192 89 21                           		MOV		[ECX  ],ESP		; ESP
   258 00000194 8E D0                           		MOV		SS,AX
   259 00000196 8E C0                           		MOV		ES,AX
   260 00000198 89 CC                           		MOV		ESP,ECX
   261 0000019A E8 [00000000]                   		CALL	_inthandler2c
   262 0000019F 59                              		POP		ECX
   263 000001A0 58                              		POP		EAX
   264 000001A1 8E D0                           		MOV		SS,AX			; SSAvp
   265 000001A3 89 CC                           		MOV		ESP,ECX			; ESPAvp
   266 000001A5 61                              		POPAD
   267 000001A6 1F                              		POP		DS
   268 000001A7 07                              		POP		ES
   269 000001A8 CF                              		IRETD
   270 000001A9                                 
   271 000001A9                                 _asm_inthandler0d:
   272 000001A9 FB                              		STI
   273 000001AA 06                              		PUSH	ES
   274 000001AB 1E                              		PUSH	DS
   275 000001AC 60                              		PUSHAD
   276 000001AD 66 8C D0                        		MOV		AX,SS
   277 000001B0 66 3D 0008                      		CMP		AX,1*8
   278 000001B4 75 1A                           		JNE		.from_app
   279 000001B6                                 ;	当操作系统活动时产生的中断情况和之前的差不多
   280 000001B6 89 E0                           		MOV		EAX,ESP
   281 000001B8 16                              		PUSH	SS				; 保存中断时的SS
   282 000001B9 50                              		PUSH	EAX				; 保存中断时的ESP
   283 000001BA 66 8C D0                        		MOV		AX,SS
   284 000001BD 8E D8                           		MOV		DS,AX
   285 000001BF 8E C0                           		MOV		ES,AX
   286 000001C1 E8 [00000000]                   		CALL	_inthandler0d
   287 000001C6 83 C4 08                        		ADD		ESP,8
   288 000001C9 61                              		POPAD
   289 000001CA 1F                              		POP		DS
   290 000001CB 07                              		POP		ES
   291 000001CC 83 C4 04                        		ADD		ESP,4			; INT 0x0d 中需要这句
   292 000001CF CF                              		IRETD
   293 000001D0                                 .from_app:
   294 000001D0                                 ;	当应用程序活动时发生中断
   295 000001D0 FA                              		CLI
   296 000001D1 B8 00000008                     		MOV		EAX,1*8
   297 000001D6 8E D8                           		MOV		DS,AX			; 先仅将DS设定为操作系统用
   298 000001D8 8B 0D 00000FE4                  		MOV		ECX,[0xfe4]		; 操作系统用的ESP
   299 000001DE 83 C1 F8                        		ADD		ECX,-8
   300 000001E1 8C 51 04                        		MOV		[ECX+4],SS		; 保存中断时的SS
   301 000001E4 89 21                           		MOV		[ECX  ],ESP		; 保存应用程序的ESP
   302 000001E6 8E D0                           		MOV		SS,AX
   303 000001E8 8E C0                           		MOV		ES,AX
   304 000001EA 89 CC                           		MOV		ESP,ECX
   305 000001EC FB                              		STI
   306 000001ED E8 [00000000]                   		CALL	_inthandler0d
   307 000001F2 FA                              		CLI
   308 000001F3 83 F8 00                        		CMP		EAX,0
   309 000001F6 75 0D                           		JNE		.kill
   310 000001F8 59                              		POP		ECX
   311 000001F9 58                              		POP		EAX
   312 000001FA 8E D0                           		MOV		SS,AX			; 将SS恢复为应用程序用
   313 000001FC 89 CC                           		MOV		ESP,ECX			; 将ESP恢复为应用程序用
   314 000001FE 61                              		POPAD
   315 000001FF 1F                              		POP		DS
   316 00000200 07                              		POP		ES
   317 00000201 83 C4 04                        		ADD		ESP,4			; INT 0x0d 需要这句
   318 00000204 CF                              		IRETD
   319 00000205                                 .kill:
   320 00000205                                 ;	将应用程序强制结束
   321 00000205 B8 00000008                     		MOV		EAX,1*8			; 操作系统用的DS/SS
   322 0000020A 8E C0                           		MOV		ES,AX
   323 0000020C 8E D0                           		MOV		SS,AX
   324 0000020E 8E D8                           		MOV		DS,AX
   325 00000210 8E E0                           		MOV		FS,AX
   326 00000212 8E E8                           		MOV		GS,AX
   327 00000214 8B 25 00000FE4                  		MOV		ESP,[0xfe4]		; 强制返回到start_app时的ESP
   328 0000021A FB                              		STI						; 切换完成后恢复中断请求
   329 0000021B 61                              		POPAD					; 恢复实现保存的寄存器值
   330 0000021C C3                              		RET
   331 0000021D                                 
   332 0000021D                                 
   333 0000021D                                 _load_cr0:   ;int load_cr0();
   334 0000021D 0F 20 C0                        	MOV EAX,CR0
   335 00000220 C3                              	RET
   336 00000221                                 
   337 00000221                                 _store_cr0:  ;void store_cr0(int cr0);
   338 00000221 8B 44 24 04                     	MOV EAX,[ESP+4]
   339 00000225 0F 22 C0                        	MOV CR0,EAX
   340 00000228 C3                              	RET
   341 00000229                                 
   342 00000229                                 _memtest_sub:  ;unsigned int memtest_sub(unsigned int start,unsigned int end)
   343 00000229 57                              	PUSH EDI
   344 0000022A 56                              	PUSH ESI
   345 0000022B 53                              	PUSH EBX
   346 0000022C BE AA55AA55                     	MOV ESI,0xaa55aa55   ;pat0=0xaa55aa55
   347 00000231 BF 55AA55AA                     	MOV EDI,0x55aa55aa   ;pat1=0x55aa55aa
   348 00000236 8B 44 24 10                     	MOV EAX,[ESP+12+4]   ;i=start
   349 0000023A                                 mts_loop:
   350 0000023A 89 C3                           	MOV EBX,EAX
   351 0000023C 81 C3 00000FFC                  	ADD EBX,0xffc		 ;p=i+0xffc
   352 00000242 8B 13                           	MOV EDX,[EBX]        ;old=*p
   353 00000244 89 33                           	MOV [EBX],ESI        ;*p=pat0
   354 00000246 83 33 FF                        	XOR DWORD [EBX],0xffffffff	;*P^=0xffffffff
   355 00000249 3B 3B                           	CMP EDI,[EBX]               ;if(*p!=pat1) goto fin
   356 0000024B 75 18                           	JNE mts_fin
   357 0000024D 83 33 FF                        	XOR DWORD [EBX],0xffffffff  ;*P^=0xffffffff
   358 00000250 3B 33                           	CMP ESI,[EBX]               ;if(*p!=pat0) goto fin
   359 00000252 75 11                           	JNE mts_fin
   360 00000254 89 13                           	MOV [EBX],EDX               ;*p=old
   361 00000256 05 00001000                     	ADD EAX,0x1000              ;i+=0x1000
   362 0000025B 3B 44 24 14                     	CMP EAX,[ESP+12+8]          ;if(i<=end) goto mts_loop
   363 0000025F 76 D9                           	JBE mts_loop
   364 00000261 5B                              	POP EBX
   365 00000262 5E                              	POP ESI
   366 00000263 5F                              	POP EDI
   367 00000264 C3                              	RET
   368 00000265                                 mts_fin:
   369 00000265 89 13                           	MOV [EBX],EDX              ;*p=old
   370 00000267 5B                              	POP EBX
   371 00000268 5E                              	POP ESI
   372 00000269 5F                              	POP EDI
   373 0000026A C3                              	RET
   374 0000026B                                 	
   375 0000026B                                 
   376 0000026B                                 _load_tr:                     ;void load_tr(int tr)  改变TR寄存器的值
   377 0000026B 0F 00 5C 24 04                  	LTR [ESP+4]				  ;tr
   378 00000270 C3                              	RET
   379 00000271                                 
   380 00000271                                 _taskswitch4:                 ;void taskswitch(void)
   381 00000271 EA 00000000 0020                	JMP 4*8:0
   382 00000278 C3                              	RET
   383 00000279                                 
   384 00000279                                 _taskswitch3:				  ;void taskswitch3()
   385 00000279 EA 00000000 0018                	JMP 3*8:0
   386 00000280 C3                              	RET
   387 00000281                                 
   388 00000281                                 _farjmp:                      ;void farjmp(int eip,int cs);
   389 00000281 FF 6C 24 04                     	JMP FAR[ESP+4]            ;执行far跳转,在[ESP+4]存放了eip的值，[ESP+8]存放了cs的值
   390 00000285 C3                              	RET
   391 00000286                                 
   392 00000286                                 _asm_console_putchar:
   393 00000286 FB                              	STI    					;使用INT指令会被视作中断处理，采用RETF是无法返回的，需要用到IRETD
   394 00000287 60                              	PUSHAD
   395 00000288 6A 01                           	PUSH 1
   396 0000028A 25 000000FF                     	AND EAX,0xff			;将AH和EAX的高位置0，将EAX置为已存入字符编码的状态
   397 0000028F 50                              	PUSH EAX
   398 00000290 FF 35 00000FEC                  	PUSH DWORD[0x0fec]		;读取内存并PUSH该值
   399 00000296                                 	CALL _console_putchar 	；不能直接调用console_putchar，因为hlt.nas这个程序在汇编时并不包含操作系统本身的代码，因此编译器无法得知要调用的函数地址
      >> [ERROR #002] parameter error.
   400 00000296 83 C4 0C                        	ADD ESP,12				;将栈中的数据丢弃
   401 00000299 61                              	POPAD
   402 0000029A                                 	TRETD
   403 0000029A                                 
   404 0000029A                                 _farcall:					;void farcall(int eip,int cs)
   405 0000029A FF 5C 24 04                     	CALL FAR[ESP+4]			;eip，cs
   406 0000029E C3                              	RET
   407 0000029F                                 
   408 0000029F                                 _asm_hrb_api:
   409 0000029F                                 	; 为了方便起见从开头就禁止中断请求
   410 0000029F 1E                              	PUSH	DS
   411 000002A0 06                              	PUSH	ES
   412 000002A1 60                              	PUSHAD		; 用于保存PUSH
   413 000002A2 B8 00000008                     	MOV		EAX,1*8
   414 000002A7 8E D8                           	MOV		DS,AX			;先仅将DS设定为操作系统用
   415 000002A9 8B 0D 00000FE4                  	MOV		ECX,[0xfe4]		; 操作系统的ESP
   416 000002AF 83 C1 D8                        	ADD		ECX,-40
   417 000002B2 89 61 20                        	MOV		[ECX+32],ESP	; 保存应用程序的ESP
   418 000002B5 8C 51 24                        	MOV		[ECX+36],SS		; 保存应用程序的SS
   419 000002B8                                 
   420 000002B8                                 ; 将PUSHAD后的值复制到系统栈
   421 000002B8 8B 14 24                        	MOV		EDX,[ESP   ]
   422 000002BB 8B 5C 24 04                     	MOV		EBX,[ESP+ 4]
   423 000002BF 89 11                           	MOV		[ECX   ],EDX	; 复制传递给hrb_api
   424 000002C1 89 59 04                        	MOV		[ECX+ 4],EBX	; 复制传递给hrb_api
   425 000002C4 8B 54 24 08                     	MOV		EDX,[ESP+ 8]
   426 000002C8 8B 5C 24 0C                     	MOV		EBX,[ESP+12]
   427 000002CC 89 51 08                        	MOV		[ECX+ 8],EDX	; 复制传递给hrb_api
   428 000002CF 89 59 0C                        	MOV		[ECX+12],EBX	; 复制传递给hrb_api
   429 000002D2 8B 54 24 10                     	MOV		EDX,[ESP+16]
   430 000002D6 8B 5C 24 14                     	MOV		EBX,[ESP+20]
   431 000002DA 89 51 10                        	MOV		[ECX+16],EDX	; 复制传递给hrb_api
   432 000002DD 89 59 14                        	MOV		[ECX+20],EBX	; 复制传递给hrb_api
   433 000002E0 8B 54 24 18                     	MOV		EDX,[ESP+24]
   434 000002E4 8B 5C 24 1C                     	MOV		EBX,[ESP+28]
   435 000002E8 89 51 18                        	MOV		[ECX+24],EDX	; 复制传递给hrb_api
   436 000002EB 89 59 1C                        	MOV		[ECX+28],EBX	; 复制传递给hrb_api
   437 000002EE                                 
   438 000002EE 8E C0                           	MOV		ES,AX			; 将剩余的段寄存器也设定为操作系统用
   439 000002F0 8E D0                           	MOV		SS,AX
   440 000002F2 89 CC                           	MOV		ESP,ECX
   441 000002F4 FB                              	STI			; 恢复中断请求
   442 000002F5                                 
   443 000002F5 E8 [00000000]                   	CALL	_hrb_api
   444 000002FA                                 
   445 000002FA 8B 4C 24 20                     	MOV		ECX,[ESP+32]	; 取出应用程序的ESP
   446 000002FE 8B 44 24 24                     	MOV		EAX,[ESP+36]	; 取出应用程序的SS
   447 00000302 FA                              	CLI
   448 00000303 8E D0                           	MOV		SS,AX
   449 00000305 89 CC                           	MOV		ESP,ECX
   450 00000307 61                              	POPAD
   451 00000308 07                              	POP		ES
   452 00000309 1F                              	POP		DS
   453 0000030A CF                              	IRETD		; 这个命令会自动执行STI
   454 0000030B                                 
   455 0000030B                                 
   456 0000030B                                 _start_app:					;void start_app(int eip,int cs,int esp,int ds)
   457 0000030B 60                              	PUSHAD					;将32位寄存器的值全部保存起来
   458 0000030C 8B 44 24 24                     	MOV		EAX,[ESP+36]		;应用程序用EIP
   459 00000310 8B 4C 24 28                     	MOV		ECX,[ESP+40]		;应用程序用CS
   460 00000314 8B 54 24 2C                     	MOV		EDX,[ESP+44]		;应用程序用ESP
   461 00000318 8B 5C 24 30                     	MOV		EBX,[ESP+48]		;应用程序用DS/SS
   462 0000031C 89 25 00000FE4                  	MOV		[0xfe4],ESP         ;操作系统用ESP
   463 00000322 FA                              	CLI							;在切换过程中禁止中断请求
   464 00000323 8E C3                           	MOV		ES,BX
   465 00000325 8E D3                           	MOV		SS,BX
   466 00000327 8E DB                           	MOV 	DS,BX
   467 00000329 8E E3                           	MOV 	FS,BX
   468 0000032B 8E EB                           	MOV		GS,BX
   469 0000032D 89 D4                           	MOV		ESP,EDX
   470 0000032F FB                              	STI							;切换完成后恢复中断请求
   471 00000330 51                              	PUSH	ECX					;用于far-call的push(cs)
   472 00000331 50                              	PUSH	EAX					;用于far-call的push(eip)
   473 00000332 FF 1C 24                        	CALL	FAR[ESP]			;调用应用程序
   474 00000335                                 	;应用程序结束后返回此处
   475 00000335 B8 00000008                     	MOV EAX,1*8					;操作系统用DS/SS
   476 0000033A FA                              	CLI
   477 0000033B 8E C0                           	MOV		ES,AX
   478 0000033D 8E D0                           	MOV		SS,AX
   479 0000033F 8E D8                           	MOV  	DS,AX
   480 00000341 8E E0                           	MOV		FS,AX
   481 00000343 8E E8                           	MOV		GS,AX				;向ES，FS，GS赋值是为了以防万一
   482 00000345 8B 25 00000FE4                  	MOV		ESP,[0xfe4]
   483 0000034B FB                              	STI
   484 0000034C 61                              	POPAD
   485 0000034D C3                              	RET