     1 00000000                                 [FORMAT "WCOFF"]
     2 00000000                                 [INSTRSET "i486p"]
     3 00000000                                 [OPTIMIZE 1]
     4 00000000                                 [OPTION 1]
     5 00000000                                 [BITS 32]
     6 00000000                                 	EXTERN	_init_gdtidt
     7 00000000                                 	EXTERN	_init_pic
     8 00000000                                 	EXTERN	_io_sti
     9 00000000                                 	EXTERN	_fifo32_init
    10 00000000                                 	EXTERN	_init_pit
    11 00000000                                 	EXTERN	_init_keyboard
    12 00000000                                 	EXTERN	_enable_mouse
    13 00000000                                 	EXTERN	_io_out8
    14 00000000                                 	EXTERN	_memtest
    15 00000000                                 	EXTERN	_memman_init
    16 00000000                                 	EXTERN	_memman_free
    17 00000000                                 	EXTERN	_init_palette
    18 00000000                                 	EXTERN	_shtctl_init
    19 00000000                                 	EXTERN	_task_init
    20 00000000                                 	EXTERN	_sheet_alloc
    21 00000000                                 	EXTERN	_memman_alloc_4k
    22 00000000                                 	EXTERN	_sheet_setbuf
    23 00000000                                 	EXTERN	_init_screen8
    24 00000000                                 	EXTERN	_sprintf
    25 00000000                                 	EXTERN	_task_alloc
    26 00000000                                 	EXTERN	_task_run
    27 00000000                                 	EXTERN	_timer_alloc
    28 00000000                                 	EXTERN	_timer_init
    29 00000000                                 	EXTERN	_timer_settime
    30 00000000                                 	EXTERN	_init_mouse_cursor8
    31 00000000                                 	EXTERN	_sheet_slide
    32 00000000                                 	EXTERN	_sheet_updown
    33 00000000                                 	EXTERN	_memman_total
    34 00000000                                 	EXTERN	_io_cli
    35 00000000                                 	EXTERN	_fifo32_status
    36 00000000                                 	EXTERN	_fifo32_get
    37 00000000                                 	EXTERN	_boxfill8
    38 00000000                                 	EXTERN	_sheet_refresh
    39 00000000                                 	EXTERN	_mouse_decode
    40 00000000                                 	EXTERN	_keytable.0
    41 00000000                                 	EXTERN	_task_sleep
    42 00000000                                 	EXTERN	_putfonts8_asc
    43 00000000                                 [FILE "bootpack.c"]
    44                                          [SECTION .data]
    45 00000000                                 _keytable.0:
    46 00000000 00                              	DB	0
    47 00000001 00                              	DB	0
    48 00000002 31                              	DB	49
    49 00000003 32                              	DB	50
    50 00000004 33                              	DB	51
    51 00000005 34                              	DB	52
    52 00000006 35                              	DB	53
    53 00000007 36                              	DB	54
    54 00000008 37                              	DB	55
    55 00000009 38                              	DB	56
    56 0000000A 39                              	DB	57
    57 0000000B 30                              	DB	48
    58 0000000C 2D                              	DB	45
    59 0000000D 5E                              	DB	94
    60 0000000E 00                              	DB	0
    61 0000000F 00                              	DB	0
    62 00000010 51                              	DB	81
    63 00000011 57                              	DB	87
    64 00000012 45                              	DB	69
    65 00000013 52                              	DB	82
    66 00000014 54                              	DB	84
    67 00000015 59                              	DB	89
    68 00000016 55                              	DB	85
    69 00000017 49                              	DB	73
    70 00000018 4F                              	DB	79
    71 00000019 50                              	DB	80
    72 0000001A 40                              	DB	64
    73 0000001B 5B                              	DB	91
    74 0000001C 00                              	DB	0
    75 0000001D 00                              	DB	0
    76 0000001E 41                              	DB	65
    77 0000001F 53                              	DB	83
    78 00000020 44                              	DB	68
    79 00000021 46                              	DB	70
    80 00000022 47                              	DB	71
    81 00000023 48                              	DB	72
    82 00000024 4A                              	DB	74
    83 00000025 4B                              	DB	75
    84 00000026 4C                              	DB	76
    85 00000027 3B                              	DB	59
    86 00000028 3A                              	DB	58
    87 00000029 00                              	DB	0
    88 0000002A 00                              	DB	0
    89 0000002B 5D                              	DB	93
    90 0000002C 5A                              	DB	90
    91 0000002D 58                              	DB	88
    92 0000002E 43                              	DB	67
    93 0000002F 56                              	DB	86
    94 00000030 42                              	DB	66
    95 00000031 4E                              	DB	78
    96 00000032 4D                              	DB	77
    97 00000033 2C                              	DB	44
    98 00000034 2E                              	DB	46
    99 00000035 2F                              	DB	47
   100 00000036 00                              	DB	0
   101 00000037 2A                              	DB	42
   102 00000038 00                              	DB	0
   103 00000039 20                              	DB	32
   104 0000003A 00                              	DB	0
   105 0000003B 00                              	DB	0
   106 0000003C 00                              	DB	0
   107 0000003D 00                              	DB	0
   108 0000003E 00                              	DB	0
   109 0000003F 00                              	DB	0
   110 00000040 00                              	DB	0
   111 00000041 00                              	DB	0
   112 00000042 00                              	DB	0
   113 00000043 00                              	DB	0
   114 00000044 00                              	DB	0
   115 00000045 00                              	DB	0
   116 00000046 00                              	DB	0
   117 00000047 37                              	DB	55
   118 00000048 38                              	DB	56
   119 00000049 39                              	DB	57
   120 0000004A 2D                              	DB	45
   121 0000004B 34                              	DB	52
   122 0000004C 35                              	DB	53
   123 0000004D 36                              	DB	54
   124 0000004E 2B                              	DB	43
   125 0000004F 31                              	DB	49
   126 00000050 32                              	DB	50
   127 00000051 33                              	DB	51
   128 00000052 30                              	DB	48
   129 00000053 2E                              	DB	46
   130 00000054                                 LC0:
   131 00000054 74 61 73 6B 5F 62 25 64 00      	DB	"task_b%d",0x00
   132 0000005D                                 LC1:
   133 0000005D 74 61 73 6B 5F 61 00            	DB	"task_a",0x00
   134 00000064                                 LC2:
   135 00000064 28 25 33 64 2C 20 25 33 64 29   	DB	"(%3d, %3d)",0x00
       0000006E 00 
   136 0000006F                                 LC3:
   137 0000006F 6D 65 6D 6F 72 79 20 25 64 4D   	DB	"memory %dMB   free : %dKB",0x00
       00000079 42 20 20 20 66 72 65 65 20 3A 
       00000083 20 25 64 4B 42 00 
   138 00000089                                 LC6:
   139 00000089 5B 6C 63 72 20 25 34 64 20 25   	DB	"[lcr %4d %4d]",0x00
       00000093 34 64 5D 00 
   140 00000097                                 LC4:
   141 00000097 25 30 32 58 00                  	DB	"%02X",0x00
   142 0000009C                                 LC5:
   143 0000009C 20 00                           	DB	" ",0x00
   144                                          [SECTION .text]
   145 00000000                                 	GLOBAL	_HariMain
   146 00000000                                 _HariMain:
   147 00000000 55                              	PUSH	EBP
   148 00000001 89 E5                           	MOV	EBP,ESP
   149 00000003 57                              	PUSH	EDI
   150 00000004 56                              	PUSH	ESI
   151 00000005 31 F6                           	XOR	ESI,ESI
   152 00000007 53                              	PUSH	EBX
   153 00000008 8D 9D FFFFFCD4                  	LEA	EBX,DWORD [-812+EBP]
   154 0000000E 81 EC 0000063C                  	SUB	ESP,1596
   155 00000014 E8 [00000000]                   	CALL	_init_gdtidt
   156 00000019 E8 [00000000]                   	CALL	_init_pic
   157 0000001E E8 [00000000]                   	CALL	_io_sti
   158 00000023 8D 85 FFFFFAD4                  	LEA	EAX,DWORD [-1324+EBP]
   159 00000029 6A 00                           	PUSH	0
   160 0000002B 50                              	PUSH	EAX
   161 0000002C 68 00000080                     	PUSH	128
   162 00000031 53                              	PUSH	EBX
   163 00000032 E8 [00000000]                   	CALL	_fifo32_init
   164 00000037 E8 [00000000]                   	CALL	_init_pit
   165 0000003C 68 00000100                     	PUSH	256
   166 00000041 53                              	PUSH	EBX
   167 00000042 E8 [00000000]                   	CALL	_init_keyboard
   168 00000047 8D 85 FFFFFE04                  	LEA	EAX,DWORD [-508+EBP]
   169 0000004D 50                              	PUSH	EAX
   170 0000004E 68 00000200                     	PUSH	512
   171 00000053 53                              	PUSH	EBX
   172 00000054 E8 [00000000]                   	CALL	_enable_mouse
   173 00000059 83 C4 24                        	ADD	ESP,36
   174 0000005C 68 000000F8                     	PUSH	248
   175 00000061 6A 21                           	PUSH	33
   176 00000063 E8 [00000000]                   	CALL	_io_out8
   177 00000068 68 000000EF                     	PUSH	239
   178 0000006D 68 000000A1                     	PUSH	161
   179 00000072 E8 [00000000]                   	CALL	_io_out8
   180 00000077 68 BFFFFFFF                     	PUSH	-1073741825
   181 0000007C 68 00400000                     	PUSH	4194304
   182 00000081 E8 [00000000]                   	CALL	_memtest
   183 00000086 68 003C0000                     	PUSH	3932160
   184 0000008B 89 85 FFFFF9DC                  	MOV	DWORD [-1572+EBP],EAX
   185 00000091 E8 [00000000]                   	CALL	_memman_init
   186 00000096 68 0009E000                     	PUSH	647168
   187 0000009B 68 00001000                     	PUSH	4096
   188 000000A0 68 003C0000                     	PUSH	3932160
   189 000000A5 E8 [00000000]                   	CALL	_memman_free
   190 000000AA 8B 85 FFFFF9DC                  	MOV	EAX,DWORD [-1572+EBP]
   191 000000B0 83 C4 28                        	ADD	ESP,40
   192 000000B3 2D 00400000                     	SUB	EAX,4194304
   193 000000B8 50                              	PUSH	EAX
   194 000000B9 68 00400000                     	PUSH	4194304
   195 000000BE 68 003C0000                     	PUSH	3932160
   196 000000C3 E8 [00000000]                   	CALL	_memman_free
   197 000000C8 E8 [00000000]                   	CALL	_init_palette
   198 000000CD 0F BF 05 00000FF6               	MOVSX	EAX,WORD [4086]
   199 000000D4 50                              	PUSH	EAX
   200 000000D5 0F BF 05 00000FF4               	MOVSX	EAX,WORD [4084]
   201 000000DC 50                              	PUSH	EAX
   202 000000DD FF 35 00000FF8                  	PUSH	DWORD [4088]
   203 000000E3 68 003C0000                     	PUSH	3932160
   204 000000E8 E8 [00000000]                   	CALL	_shtctl_init
   205 000000ED 68 003C0000                     	PUSH	3932160
   206 000000F2 89 C7                           	MOV	EDI,EAX
   207 000000F4 E8 [00000000]                   	CALL	_task_init
   208 000000F9 83 C4 20                        	ADD	ESP,32
   209 000000FC 89 85 FFFFF9C0                  	MOV	DWORD [-1600+EBP],EAX
   210 00000102 89 85 FFFFFCEC                  	MOV	DWORD [-788+EBP],EAX
   211 00000108 57                              	PUSH	EDI
   212 00000109 E8 [00000000]                   	CALL	_sheet_alloc
   213 0000010E 0F BF 15 00000FF6               	MOVSX	EDX,WORD [4086]
   214 00000115 89 85 FFFFF9D8                  	MOV	DWORD [-1576+EBP],EAX
   215 0000011B 0F BF 05 00000FF4               	MOVSX	EAX,WORD [4084]
   216 00000122 0F AF C2                        	IMUL	EAX,EDX
   217 00000125 50                              	PUSH	EAX
   218 00000126 68 003C0000                     	PUSH	3932160
   219 0000012B E8 [00000000]                   	CALL	_memman_alloc_4k
   220 00000130 6A FF                           	PUSH	-1
   221 00000132 89 C3                           	MOV	EBX,EAX
   222 00000134 0F BF 05 00000FF6               	MOVSX	EAX,WORD [4086]
   223 0000013B 50                              	PUSH	EAX
   224 0000013C 0F BF 05 00000FF4               	MOVSX	EAX,WORD [4084]
   225 00000143 50                              	PUSH	EAX
   226 00000144 53                              	PUSH	EBX
   227 00000145 FF B5 FFFFF9D8                  	PUSH	DWORD [-1576+EBP]
   228 0000014B E8 [00000000]                   	CALL	_sheet_setbuf
   229 00000150 83 C4 20                        	ADD	ESP,32
   230 00000153 0F BF 05 00000FF6               	MOVSX	EAX,WORD [4086]
   231 0000015A 50                              	PUSH	EAX
   232 0000015B 0F BF 05 00000FF4               	MOVSX	EAX,WORD [4084]
   233 00000162 50                              	PUSH	EAX
   234 00000163 53                              	PUSH	EBX
   235 00000164 E8 [00000000]                   	CALL	_init_screen8
   236 00000169 83 C4 0C                        	ADD	ESP,12
   237 0000016C                                 L6:
   238 0000016C 57                              	PUSH	EDI
   239 0000016D E8 [00000000]                   	CALL	_sheet_alloc
   240 00000172 68 00001D40                     	PUSH	7488
   241 00000177 68 003C0000                     	PUSH	3932160
   242 0000017C 89 84 B5 FFFFFDF4               	MOV	DWORD [-524+EBP+ESI*4],EAX
   243 00000183 E8 [00000000]                   	CALL	_memman_alloc_4k
   244 00000188 6A FF                           	PUSH	-1
   245 0000018A 89 C3                           	MOV	EBX,EAX
   246 0000018C 6A 34                           	PUSH	52
   247 0000018E 68 00000090                     	PUSH	144
   248 00000193 50                              	PUSH	EAX
   249 00000194 FF B4 B5 FFFFFDF4               	PUSH	DWORD [-524+EBP+ESI*4]
   250 0000019B E8 [00000000]                   	CALL	_sheet_setbuf
   251 000001A0 8D 45 C4                        	LEA	EAX,DWORD [-60+EBP]
   252 000001A3 83 C4 20                        	ADD	ESP,32
   253 000001A6 56                              	PUSH	ESI
   254 000001A7 68 [00000054]                   	PUSH	LC0
   255 000001AC 50                              	PUSH	EAX
   256 000001AD E8 [00000000]                   	CALL	_sprintf
   257 000001B2 8D 55 C4                        	LEA	EDX,DWORD [-60+EBP]
   258 000001B5 6A 00                           	PUSH	0
   259 000001B7 52                              	PUSH	EDX
   260 000001B8 6A 34                           	PUSH	52
   261 000001BA 68 00000090                     	PUSH	144
   262 000001BF 53                              	PUSH	EBX
   263 000001C0 E8 000005DB                     	CALL	_make_window8
   264 000001C5 83 C4 20                        	ADD	ESP,32
   265 000001C8 E8 [00000000]                   	CALL	_task_alloc
   266 000001CD 68 00010000                     	PUSH	65536
   267 000001D2 89 C3                           	MOV	EBX,EAX
   268 000001D4 68 003C0000                     	PUSH	3932160
   269 000001D9 89 84 B5 FFFFF9E4               	MOV	DWORD [-1564+EBP+ESI*4],EAX
   270 000001E0 E8 [00000000]                   	CALL	_memman_alloc_4k
   271 000001E5 05 0000FFF8                     	ADD	EAX,65528
   272 000001EA 89 43 40                        	MOV	DWORD [64+EBX],EAX
   273 000001ED 8B 9C B5 FFFFFDF4               	MOV	EBX,DWORD [-524+EBP+ESI*4]
   274 000001F4 8B 84 B5 FFFFF9E4               	MOV	EAX,DWORD [-1564+EBP+ESI*4]
   275 000001FB 46                              	INC	ESI
   276 000001FC 8B 48 40                        	MOV	ECX,DWORD [64+EAX]
   277 000001FF C7 40 28 [00000AFD]             	MOV	DWORD [40+EAX],_task_b_main
   278 00000206 C7 40 50 00000008               	MOV	DWORD [80+EAX],8
   279 0000020D C7 40 54 00000010               	MOV	DWORD [84+EAX],16
   280 00000214 C7 40 58 00000008               	MOV	DWORD [88+EAX],8
   281 0000021B C7 40 5C 00000008               	MOV	DWORD [92+EAX],8
   282 00000222 C7 40 60 00000008               	MOV	DWORD [96+EAX],8
   283 00000229 C7 40 64 00000008               	MOV	DWORD [100+EAX],8
   284 00000230 89 59 04                        	MOV	DWORD [4+ECX],EBX
   285 00000233 50                              	PUSH	EAX
   286 00000234 E8 [00000000]                   	CALL	_task_run
   287 00000239 83 C4 0C                        	ADD	ESP,12
   288 0000023C 83 FE 02                        	CMP	ESI,2
   289 0000023F 0F 8E FFFFFF27                  	JLE	L6
   290 00000245 57                              	PUSH	EDI
   291 00000246 E8 [00000000]                   	CALL	_sheet_alloc
   292 0000024B 68 00002080                     	PUSH	8320
   293 00000250 68 003C0000                     	PUSH	3932160
   294 00000255 89 85 FFFFF9D0                  	MOV	DWORD [-1584+EBP],EAX
   295 0000025B E8 [00000000]                   	CALL	_memman_alloc_4k
   296 00000260 6A FF                           	PUSH	-1
   297 00000262 89 C3                           	MOV	EBX,EAX
   298 00000264 6A 34                           	PUSH	52
   299 00000266 68 00000090                     	PUSH	144
   300 0000026B 50                              	PUSH	EAX
   301 0000026C FF B5 FFFFF9D0                  	PUSH	DWORD [-1584+EBP]
   302 00000272 E8 [00000000]                   	CALL	_sheet_setbuf
   303 00000277 83 C4 20                        	ADD	ESP,32
   304 0000027A 6A 01                           	PUSH	1
   305 0000027C 68 [0000005D]                   	PUSH	LC1
   306 00000281 6A 34                           	PUSH	52
   307 00000283 68 00000090                     	PUSH	144
   308 00000288 53                              	PUSH	EBX
   309 00000289 E8 00000512                     	CALL	_make_window8
   310 0000028E 6A 07                           	PUSH	7
   311 00000290 6A 10                           	PUSH	16
   312 00000292 68 00000080                     	PUSH	128
   313 00000297 6A 1C                           	PUSH	28
   314 00000299 6A 08                           	PUSH	8
   315 0000029B FF B5 FFFFF9D0                  	PUSH	DWORD [-1584+EBP]
   316 000002A1 E8 00000721                     	CALL	_make_textbox8
   317 000002A6 83 C4 2C                        	ADD	ESP,44
   318 000002A9 C7 85 FFFFF9C8 00000008         	MOV	DWORD [-1592+EBP],8
   319 000002B3 C7 85 FFFFF9C4 00000007         	MOV	DWORD [-1596+EBP],7
   320 000002BD E8 [00000000]                   	CALL	_timer_alloc
   321 000002C2 6A 01                           	PUSH	1
   322 000002C4 89 C3                           	MOV	EBX,EAX
   323 000002C6 8D 85 FFFFFCD4                  	LEA	EAX,DWORD [-812+EBP]
   324 000002CC 50                              	PUSH	EAX
   325 000002CD 53                              	PUSH	EBX
   326 000002CE E8 [00000000]                   	CALL	_timer_init
   327 000002D3 6A 32                           	PUSH	50
   328 000002D5 53                              	PUSH	EBX
   329 000002D6 8D 9D FFFFFCF4                  	LEA	EBX,DWORD [-780+EBP]
   330 000002DC E8 [00000000]                   	CALL	_timer_settime
   331 000002E1 57                              	PUSH	EDI
   332 000002E2 E8 [00000000]                   	CALL	_sheet_alloc
   333 000002E7 6A 63                           	PUSH	99
   334 000002E9 6A 10                           	PUSH	16
   335 000002EB 6A 10                           	PUSH	16
   336 000002ED 89 85 FFFFF9D4                  	MOV	DWORD [-1580+EBP],EAX
   337 000002F3 53                              	PUSH	EBX
   338 000002F4 50                              	PUSH	EAX
   339 000002F5 E8 [00000000]                   	CALL	_sheet_setbuf
   340 000002FA 83 C4 2C                        	ADD	ESP,44
   341 000002FD 6A 63                           	PUSH	99
   342 000002FF 53                              	PUSH	EBX
   343 00000300 BB 00000002                     	MOV	EBX,2
   344 00000305 E8 [00000000]                   	CALL	_init_mouse_cursor8
   345 0000030A 0F BF 05 00000FF4               	MOVSX	EAX,WORD [4084]
   346 00000311 8D 48 F0                        	LEA	ECX,DWORD [-16+EAX]
   347 00000314 89 C8                           	MOV	EAX,ECX
   348 00000316 99                              	CDQ
   349 00000317 F7 FB                           	IDIV	EBX
   350 00000319 89 85 FFFFF9E0                  	MOV	DWORD [-1568+EBP],EAX
   351 0000031F 0F BF 05 00000FF6               	MOVSX	EAX,WORD [4086]
   352 00000326 6A 00                           	PUSH	0
   353 00000328 8D 48 D4                        	LEA	ECX,DWORD [-44+EAX]
   354 0000032B 6A 00                           	PUSH	0
   355 0000032D 89 C8                           	MOV	EAX,ECX
   356 0000032F 99                              	CDQ
   357 00000330 F7 FB                           	IDIV	EBX
   358 00000332 FF B5 FFFFF9D8                  	PUSH	DWORD [-1576+EBP]
   359 00000338 89 C7                           	MOV	EDI,EAX
   360 0000033A 8D 5D C4                        	LEA	EBX,DWORD [-60+EBP]
   361 0000033D E8 [00000000]                   	CALL	_sheet_slide
   362 00000342 6A 38                           	PUSH	56
   363 00000344 68 000000A8                     	PUSH	168
   364 00000349 FF B5 FFFFFDF4                  	PUSH	DWORD [-524+EBP]
   365 0000034F E8 [00000000]                   	CALL	_sheet_slide
   366 00000354 83 C4 20                        	ADD	ESP,32
   367 00000357 6A 74                           	PUSH	116
   368 00000359 6A 08                           	PUSH	8
   369 0000035B FF B5 FFFFFDF8                  	PUSH	DWORD [-520+EBP]
   370 00000361 E8 [00000000]                   	CALL	_sheet_slide
   371 00000366 6A 74                           	PUSH	116
   372 00000368 68 000000A8                     	PUSH	168
   373 0000036D FF B5 FFFFFDFC                  	PUSH	DWORD [-516+EBP]
   374 00000373 E8 [00000000]                   	CALL	_sheet_slide
   375 00000378 6A 38                           	PUSH	56
   376 0000037A 6A 08                           	PUSH	8
   377 0000037C FF B5 FFFFF9D0                  	PUSH	DWORD [-1584+EBP]
   378 00000382 E8 [00000000]                   	CALL	_sheet_slide
   379 00000387 83 C4 24                        	ADD	ESP,36
   380 0000038A 57                              	PUSH	EDI
   381 0000038B FF B5 FFFFF9E0                  	PUSH	DWORD [-1568+EBP]
   382 00000391 FF B5 FFFFF9D4                  	PUSH	DWORD [-1580+EBP]
   383 00000397 E8 [00000000]                   	CALL	_sheet_slide
   384 0000039C 6A 00                           	PUSH	0
   385 0000039E FF B5 FFFFF9D8                  	PUSH	DWORD [-1576+EBP]
   386 000003A4 E8 [00000000]                   	CALL	_sheet_updown
   387 000003A9 6A 01                           	PUSH	1
   388 000003AB FF B5 FFFFFDF4                  	PUSH	DWORD [-524+EBP]
   389 000003B1 E8 [00000000]                   	CALL	_sheet_updown
   390 000003B6 6A 02                           	PUSH	2
   391 000003B8 FF B5 FFFFFDF8                  	PUSH	DWORD [-520+EBP]
   392 000003BE E8 [00000000]                   	CALL	_sheet_updown
   393 000003C3 83 C4 24                        	ADD	ESP,36
   394 000003C6 6A 03                           	PUSH	3
   395 000003C8 FF B5 FFFFFDFC                  	PUSH	DWORD [-516+EBP]
   396 000003CE E8 [00000000]                   	CALL	_sheet_updown
   397 000003D3 6A 04                           	PUSH	4
   398 000003D5 FF B5 FFFFF9D0                  	PUSH	DWORD [-1584+EBP]
   399 000003DB E8 [00000000]                   	CALL	_sheet_updown
   400 000003E0 6A 05                           	PUSH	5
   401 000003E2 FF B5 FFFFF9D4                  	PUSH	DWORD [-1580+EBP]
   402 000003E8 E8 [00000000]                   	CALL	_sheet_updown
   403 000003ED 57                              	PUSH	EDI
   404 000003EE FF B5 FFFFF9E0                  	PUSH	DWORD [-1568+EBP]
   405 000003F4 68 [00000064]                   	PUSH	LC2
   406 000003F9 53                              	PUSH	EBX
   407 000003FA E8 [00000000]                   	CALL	_sprintf
   408 000003FF 83 C4 28                        	ADD	ESP,40
   409 00000402 6A 0A                           	PUSH	10
   410 00000404 53                              	PUSH	EBX
   411 00000405 6A 0E                           	PUSH	14
   412 00000407 6A 07                           	PUSH	7
   413 00000409 6A 00                           	PUSH	0
   414 0000040B 6A 00                           	PUSH	0
   415 0000040D FF B5 FFFFF9D8                  	PUSH	DWORD [-1576+EBP]
   416 00000413 E8 00000528                     	CALL	_putfonts8_asc_sht
   417 00000418 68 003C0000                     	PUSH	3932160
   418 0000041D E8 [00000000]                   	CALL	_memman_total
   419 00000422 C1 AD FFFFF9DC 14               	SHR	DWORD [-1572+EBP],20
   420 00000429 C1 E8 0A                        	SHR	EAX,10
   421 0000042C 89 04 24                        	MOV	DWORD [ESP],EAX
   422 0000042F FF B5 FFFFF9DC                  	PUSH	DWORD [-1572+EBP]
   423 00000435 68 [0000006F]                   	PUSH	LC3
   424 0000043A 53                              	PUSH	EBX
   425 0000043B E8 [00000000]                   	CALL	_sprintf
   426 00000440 83 C4 2C                        	ADD	ESP,44
   427 00000443 6A 28                           	PUSH	40
   428 00000445 53                              	PUSH	EBX
   429 00000446 6A 0E                           	PUSH	14
   430 00000448 6A 07                           	PUSH	7
   431 0000044A 6A 20                           	PUSH	32
   432 0000044C 6A 00                           	PUSH	0
   433 0000044E FF B5 FFFFF9D8                  	PUSH	DWORD [-1576+EBP]
   434 00000454 E8 000004E7                     	CALL	_putfonts8_asc_sht
   435 00000459 83 C4 1C                        	ADD	ESP,28
   436 0000045C                                 L7:
   437 0000045C 8D 9D FFFFFCD4                  	LEA	EBX,DWORD [-812+EBP]
   438 00000462 E8 [00000000]                   	CALL	_io_cli
   439 00000467 53                              	PUSH	EBX
   440 00000468 E8 [00000000]                   	CALL	_fifo32_status
   441 0000046D 5E                              	POP	ESI
   442 0000046E 85 C0                           	TEST	EAX,EAX
   443 00000470 0F 84 00000314                  	JE	L34
   444 00000476 53                              	PUSH	EBX
   445 00000477 E8 [00000000]                   	CALL	_fifo32_get
   446 0000047C 89 C6                           	MOV	ESI,EAX
   447 0000047E E8 [00000000]                   	CALL	_io_sti
   448 00000483 5A                              	POP	EDX
   449 00000484 8D 86 FFFFFF00                  	LEA	EAX,DWORD [-256+ESI]
   450 0000048A 3D 000000FF                     	CMP	EAX,255
   451 0000048F 0F 86 000001F5                  	JBE	L35
   452 00000495 8D 86 FFFFFE00                  	LEA	EAX,DWORD [-512+ESI]
   453 0000049B 3D 000000FF                     	CMP	EAX,255
   454 000004A0 0F 86 000000A2                  	JBE	L36
   455 000004A6 83 FE 01                        	CMP	ESI,1
   456 000004A9 7F B1                           	JG	L7
   457 000004AB 85 F6                           	TEST	ESI,ESI
   458 000004AD 74 7C                           	JE	L29
   459 000004AF 6A 00                           	PUSH	0
   460 000004B1 53                              	PUSH	EBX
   461 000004B2 FF B5 FFFFF9CC                  	PUSH	DWORD [-1588+EBP]
   462 000004B8 E8 [00000000]                   	CALL	_timer_init
   463 000004BD C7 85 FFFFF9C4 00000000         	MOV	DWORD [-1596+EBP],0
   464 000004C7                                 L33:
   465 000004C7 83 C4 0C                        	ADD	ESP,12
   466 000004CA 6A 32                           	PUSH	50
   467 000004CC FF B5 FFFFF9CC                  	PUSH	DWORD [-1588+EBP]
   468 000004D2 E8 [00000000]                   	CALL	_timer_settime
   469 000004D7 8B 95 FFFFF9D0                  	MOV	EDX,DWORD [-1584+EBP]
   470 000004DD 8B 85 FFFFF9C8                  	MOV	EAX,DWORD [-1592+EBP]
   471 000004E3 6A 2B                           	PUSH	43
   472 000004E5 83 C0 07                        	ADD	EAX,7
   473 000004E8 50                              	PUSH	EAX
   474 000004E9 6A 1C                           	PUSH	28
   475 000004EB FF B5 FFFFF9C8                  	PUSH	DWORD [-1592+EBP]
   476 000004F1 FF B5 FFFFF9C4                  	PUSH	DWORD [-1596+EBP]
   477 000004F7 FF 72 04                        	PUSH	DWORD [4+EDX]
   478 000004FA FF 32                           	PUSH	DWORD [EDX]
   479 000004FC E8 [00000000]                   	CALL	_boxfill8
   480 00000501 8B 85 FFFFF9C8                  	MOV	EAX,DWORD [-1592+EBP]
   481 00000507 83 C4 24                        	ADD	ESP,36
   482 0000050A 83 C0 08                        	ADD	EAX,8
   483 0000050D 6A 2C                           	PUSH	44
   484 0000050F 50                              	PUSH	EAX
   485 00000510 6A 1C                           	PUSH	28
   486 00000512 FF B5 FFFFF9C8                  	PUSH	DWORD [-1592+EBP]
   487 00000518 FF B5 FFFFF9D0                  	PUSH	DWORD [-1584+EBP]
   488 0000051E E8 [00000000]                   	CALL	_sheet_refresh
   489 00000523 83 C4 14                        	ADD	ESP,20
   490 00000526 E9 FFFFFF31                     	JMP	L7
   491 0000052B                                 L29:
   492 0000052B 6A 01                           	PUSH	1
   493 0000052D 53                              	PUSH	EBX
   494 0000052E FF B5 FFFFF9CC                  	PUSH	DWORD [-1588+EBP]
   495 00000534 E8 [00000000]                   	CALL	_timer_init
   496 00000539 C7 85 FFFFF9C4 00000007         	MOV	DWORD [-1596+EBP],7
   497 00000543 E9 FFFFFF7F                     	JMP	L33
   498 00000548                                 L36:
   499 00000548 89 F2                           	MOV	EDX,ESI
   500 0000054A 0F B6 C2                        	MOVZX	EAX,DL
   501 0000054D 50                              	PUSH	EAX
   502 0000054E 8D 85 FFFFFE04                  	LEA	EAX,DWORD [-508+EBP]
   503 00000554 50                              	PUSH	EAX
   504 00000555 E8 [00000000]                   	CALL	_mouse_decode
   505 0000055A 5A                              	POP	EDX
   506 0000055B 59                              	POP	ECX
   507 0000055C 85 C0                           	TEST	EAX,EAX
   508 0000055E 0F 84 FFFFFEF8                  	JE	L7
   509 00000564 FF B5 FFFFFE0C                  	PUSH	DWORD [-500+EBP]
   510 0000056A FF B5 FFFFFE08                  	PUSH	DWORD [-504+EBP]
   511 00000570 68 [00000089]                   	PUSH	LC6
   512 00000575 8D 5D C4                        	LEA	EBX,DWORD [-60+EBP]
   513 00000578 53                              	PUSH	EBX
   514 00000579 E8 [00000000]                   	CALL	_sprintf
   515 0000057E 83 C4 10                        	ADD	ESP,16
   516 00000581 8B 85 FFFFFE10                  	MOV	EAX,DWORD [-496+EBP]
   517 00000587 A9 00000001                     	TEST	EAX,1
   518 0000058C 74 04                           	JE	L19
   519 0000058E C6 45 C5 4C                     	MOV	BYTE [-59+EBP],76
   520 00000592                                 L19:
   521 00000592 A9 00000002                     	TEST	EAX,2
   522 00000597 74 04                           	JE	L20
   523 00000599 C6 45 C7 52                     	MOV	BYTE [-57+EBP],82
   524 0000059D                                 L20:
   525 0000059D 83 E0 04                        	AND	EAX,4
   526 000005A0 74 04                           	JE	L21
   527 000005A2 C6 45 C6 43                     	MOV	BYTE [-58+EBP],67
   528 000005A6                                 L21:
   529 000005A6 6A 0F                           	PUSH	15
   530 000005A8 53                              	PUSH	EBX
   531 000005A9 6A 0E                           	PUSH	14
   532 000005AB 6A 07                           	PUSH	7
   533 000005AD 6A 10                           	PUSH	16
   534 000005AF 6A 20                           	PUSH	32
   535 000005B1 FF B5 FFFFF9D8                  	PUSH	DWORD [-1576+EBP]
   536 000005B7 E8 00000384                     	CALL	_putfonts8_asc_sht
   537 000005BC 8B 85 FFFFFE08                  	MOV	EAX,DWORD [-504+EBP]
   538 000005C2 03 BD FFFFFE0C                  	ADD	EDI,DWORD [-500+EBP]
   539 000005C8 83 C4 1C                        	ADD	ESP,28
   540 000005CB 01 85 FFFFF9E0                  	ADD	DWORD [-1568+EBP],EAX
   541 000005D1 0F 88 000000A4                  	JS	L37
   542 000005D7                                 L22:
   543 000005D7 85 FF                           	TEST	EDI,EDI
   544 000005D9 0F 88 00000095                  	JS	L38
   545 000005DF                                 L23:
   546 000005DF 0F BF 05 00000FF4               	MOVSX	EAX,WORD [4084]
   547 000005E6 48                              	DEC	EAX
   548 000005E7 39 85 FFFFF9E0                  	CMP	DWORD [-1568+EBP],EAX
   549 000005ED 7E 06                           	JLE	L24
   550 000005EF 89 85 FFFFF9E0                  	MOV	DWORD [-1568+EBP],EAX
   551 000005F5                                 L24:
   552 000005F5 0F BF 05 00000FF6               	MOVSX	EAX,WORD [4086]
   553 000005FC 48                              	DEC	EAX
   554 000005FD 39 C7                           	CMP	EDI,EAX
   555 000005FF 7E 02                           	JLE	L25
   556 00000601 89 C7                           	MOV	EDI,EAX
   557 00000603                                 L25:
   558 00000603 57                              	PUSH	EDI
   559 00000604 FF B5 FFFFF9E0                  	PUSH	DWORD [-1568+EBP]
   560 0000060A 68 [00000064]                   	PUSH	LC2
   561 0000060F 53                              	PUSH	EBX
   562 00000610 E8 [00000000]                   	CALL	_sprintf
   563 00000615 6A 0A                           	PUSH	10
   564 00000617 53                              	PUSH	EBX
   565 00000618 6A 0E                           	PUSH	14
   566 0000061A 6A 07                           	PUSH	7
   567 0000061C 6A 00                           	PUSH	0
   568 0000061E 6A 00                           	PUSH	0
   569 00000620 FF B5 FFFFF9D8                  	PUSH	DWORD [-1576+EBP]
   570 00000626 E8 00000315                     	CALL	_putfonts8_asc_sht
   571 0000062B 83 C4 2C                        	ADD	ESP,44
   572 0000062E 57                              	PUSH	EDI
   573 0000062F FF B5 FFFFF9E0                  	PUSH	DWORD [-1568+EBP]
   574 00000635 FF B5 FFFFF9D4                  	PUSH	DWORD [-1580+EBP]
   575 0000063B E8 [00000000]                   	CALL	_sheet_slide
   576 00000640 83 C4 0C                        	ADD	ESP,12
   577 00000643 F7 85 FFFFFE10 00000001         	TEST	DWORD [-496+EBP],1
   578 0000064D 0F 84 FFFFFE09                  	JE	L7
   579 00000653 8D 47 B0                        	LEA	EAX,DWORD [-80+EDI]
   580 00000656 50                              	PUSH	EAX
   581 00000657 8B 85 FFFFF9E0                  	MOV	EAX,DWORD [-1568+EBP]
   582 0000065D 83 E8 50                        	SUB	EAX,80
   583 00000660 50                              	PUSH	EAX
   584 00000661 FF B5 FFFFF9D0                  	PUSH	DWORD [-1584+EBP]
   585 00000667 E8 [00000000]                   	CALL	_sheet_slide
   586 0000066C 83 C4 0C                        	ADD	ESP,12
   587 0000066F E9 FFFFFDE8                     	JMP	L7
   588 00000674                                 L38:
   589 00000674 31 FF                           	XOR	EDI,EDI
   590 00000676 E9 FFFFFF64                     	JMP	L23
   591 0000067B                                 L37:
   592 0000067B C7 85 FFFFF9E0 00000000         	MOV	DWORD [-1568+EBP],0
   593 00000685 E9 FFFFFF4D                     	JMP	L22
   594 0000068A                                 L35:
   595 0000068A 50                              	PUSH	EAX
   596 0000068B 8D 5D C4                        	LEA	EBX,DWORD [-60+EBP]
   597 0000068E 68 [00000097]                   	PUSH	LC4
   598 00000693 53                              	PUSH	EBX
   599 00000694 E8 [00000000]                   	CALL	_sprintf
   600 00000699 6A 02                           	PUSH	2
   601 0000069B 53                              	PUSH	EBX
   602 0000069C 6A 0E                           	PUSH	14
   603 0000069E 6A 07                           	PUSH	7
   604 000006A0 6A 10                           	PUSH	16
   605 000006A2 6A 00                           	PUSH	0
   606 000006A4 FF B5 FFFFF9D8                  	PUSH	DWORD [-1576+EBP]
   607 000006AA E8 00000291                     	CALL	_putfonts8_asc_sht
   608 000006AF 83 C4 28                        	ADD	ESP,40
   609 000006B2 81 FE 00000153                  	CMP	ESI,339
   610 000006B8 7F 41                           	JG	L13
   611 000006BA 8A 86 [FFFFFF00]                	MOV	AL,BYTE [_keytable.0-256+ESI]
   612 000006C0 84 C0                           	TEST	AL,AL
   613 000006C2 74 37                           	JE	L13
   614 000006C4 81 BD FFFFF9C8 0000008F         	CMP	DWORD [-1592+EBP],143
   615 000006CE 7F 2B                           	JG	L13
   616 000006D0 6A 01                           	PUSH	1
   617 000006D2 88 45 C4                        	MOV	BYTE [-60+EBP],AL
   618 000006D5 53                              	PUSH	EBX
   619 000006D6 6A 08                           	PUSH	8
   620 000006D8 6A 00                           	PUSH	0
   621 000006DA 6A 1C                           	PUSH	28
   622 000006DC FF B5 FFFFF9C8                  	PUSH	DWORD [-1592+EBP]
   623 000006E2 FF B5 FFFFF9D0                  	PUSH	DWORD [-1584+EBP]
   624 000006E8 C6 45 C5 00                     	MOV	BYTE [-59+EBP],0
   625 000006EC E8 0000024F                     	CALL	_putfonts8_asc_sht
   626 000006F1 83 C4 1C                        	ADD	ESP,28
   627 000006F4 83 85 FFFFF9C8 08               	ADD	DWORD [-1592+EBP],8
   628 000006FB                                 L13:
   629 000006FB 81 FE 0000010E                  	CMP	ESI,270
   630 00000701 74 51                           	JE	L39
   631 00000703                                 L15:
   632 00000703 8B 85 FFFFF9C8                  	MOV	EAX,DWORD [-1592+EBP]
   633 00000709 6A 2B                           	PUSH	43
   634 0000070B 83 C0 07                        	ADD	EAX,7
   635 0000070E 50                              	PUSH	EAX
   636 0000070F 8B 85 FFFFF9D0                  	MOV	EAX,DWORD [-1584+EBP]
   637 00000715 6A 1C                           	PUSH	28
   638 00000717 FF B5 FFFFF9C8                  	PUSH	DWORD [-1592+EBP]
   639 0000071D FF B5 FFFFF9C4                  	PUSH	DWORD [-1596+EBP]
   640 00000723 FF 70 04                        	PUSH	DWORD [4+EAX]
   641 00000726 FF 30                           	PUSH	DWORD [EAX]
   642 00000728 E8 [00000000]                   	CALL	_boxfill8
   643 0000072D 8B 85 FFFFF9C8                  	MOV	EAX,DWORD [-1592+EBP]
   644 00000733 6A 2C                           	PUSH	44
   645 00000735 83 C0 08                        	ADD	EAX,8
   646 00000738 50                              	PUSH	EAX
   647 00000739 6A 1C                           	PUSH	28
   648 0000073B FF B5 FFFFF9C8                  	PUSH	DWORD [-1592+EBP]
   649 00000741 FF B5 FFFFF9D0                  	PUSH	DWORD [-1584+EBP]
   650 00000747 E8 [00000000]                   	CALL	_sheet_refresh
   651 0000074C 83 C4 30                        	ADD	ESP,48
   652 0000074F E9 FFFFFD08                     	JMP	L7
   653 00000754                                 L39:
   654 00000754 83 BD FFFFF9C8 08               	CMP	DWORD [-1592+EBP],8
   655 0000075B 7E A6                           	JLE	L15
   656 0000075D 6A 01                           	PUSH	1
   657 0000075F 68 [0000009C]                   	PUSH	LC5
   658 00000764 6A 07                           	PUSH	7
   659 00000766 6A 00                           	PUSH	0
   660 00000768 6A 1C                           	PUSH	28
   661 0000076A FF B5 FFFFF9C8                  	PUSH	DWORD [-1592+EBP]
   662 00000770 FF B5 FFFFF9D0                  	PUSH	DWORD [-1584+EBP]
   663 00000776 E8 000001C5                     	CALL	_putfonts8_asc_sht
   664 0000077B 83 C4 1C                        	ADD	ESP,28
   665 0000077E 83 AD FFFFF9C8 08               	SUB	DWORD [-1592+EBP],8
   666 00000785 E9 FFFFFF79                     	JMP	L15
   667 0000078A                                 L34:
   668 0000078A FF B5 FFFFF9C0                  	PUSH	DWORD [-1600+EBP]
   669 00000790 E8 [00000000]                   	CALL	_task_sleep
   670 00000795 E8 [00000000]                   	CALL	_io_sti
   671 0000079A 59                              	POP	ECX
   672 0000079B E9 FFFFFCBC                     	JMP	L7
   673                                          [SECTION .data]
   674 0000009E                                 _closebtn.1:
   675 0000009E 4F 4F 4F 4F 4F 4F 4F 4F 4F 4F   	DB	"OOOOOOOOOOOOOOO@"
       000000A8 4F 4F 4F 4F 4F 40 
   676 000000AE 4F 51 51 51 51 51 51 51 51 51   	DB	"OQQQQQQQQQQQQQ$@"
       000000B8 51 51 51 51 24 40 
   677 000000BE 4F 51 51 51 51 51 51 51 51 51   	DB	"OQQQQQQQQQQQQQ$@"
       000000C8 51 51 51 51 24 40 
   678 000000CE 4F 51 51 51 40 40 51 51 51 51   	DB	"OQQQ@@QQQQ@@QQ$@"
       000000D8 40 40 51 51 24 40 
   679 000000DE 4F 51 51 51 51 40 40 51 51 40   	DB	"OQQQQ@@QQ@@QQQ$@"
       000000E8 40 51 51 51 24 40 
   680 000000EE 4F 51 51 51 51 51 40 40 40 40   	DB	"OQQQQQ@@@@QQQQ$@"
       000000F8 51 51 51 51 24 40 
   681 000000FE 4F 51 51 51 51 51 51 40 40 51   	DB	"OQQQQQQ@@QQQQQ$@"
       00000108 51 51 51 51 24 40 
   682 0000010E 4F 51 51 51 51 51 40 40 40 40   	DB	"OQQQQQ@@@@QQQQ$@"
       00000118 51 51 51 51 24 40 
   683 0000011E 4F 51 51 51 51 40 40 51 51 40   	DB	"OQQQQ@@QQ@@QQQ$@"
       00000128 40 51 51 51 24 40 
   684 0000012E 4F 51 51 51 40 40 51 51 51 51   	DB	"OQQQ@@QQQQ@@QQ$@"
       00000138 40 40 51 51 24 40 
   685 0000013E 4F 51 51 51 51 51 51 51 51 51   	DB	"OQQQQQQQQQQQQQ$@"
       00000148 51 51 51 51 24 40 
   686 0000014E 4F 51 51 51 51 51 51 51 51 51   	DB	"OQQQQQQQQQQQQQ$@"
       00000158 51 51 51 51 24 40 
   687 0000015E 4F 24 24 24 24 24 24 24 24 24   	DB	"O$$$$$$$$$$$$$$@"
       00000168 24 24 24 24 24 40 
   688 0000016E 40 40 40 40 40 40 40 40 40 40   	DB	"@@@@@@@@@@@@@@@@"
       00000178 40 40 40 40 40 40 
   689                                          [SECTION .text]
   690 000007A0                                 	GLOBAL	_make_window8
   691 000007A0                                 _make_window8:
   692 000007A0 55                              	PUSH	EBP
   693 000007A1 89 E5                           	MOV	EBP,ESP
   694 000007A3 57                              	PUSH	EDI
   695 000007A4 56                              	PUSH	ESI
   696 000007A5 53                              	PUSH	EBX
   697 000007A6 83 EC 0C                        	SUB	ESP,12
   698 000007A9 80 7D 18 00                     	CMP	BYTE [24+EBP],0
   699 000007AD 0F 84 00000180                  	JE	L41
   700 000007B3 C6 45 EF 07                     	MOV	BYTE [-17+EBP],7
   701 000007B7 C6 45 EE 0C                     	MOV	BYTE [-18+EBP],12
   702 000007BB                                 L42:
   703 000007BB 8B 45 0C                        	MOV	EAX,DWORD [12+EBP]
   704 000007BE 6A 00                           	PUSH	0
   705 000007C0 48                              	DEC	EAX
   706 000007C1 50                              	PUSH	EAX
   707 000007C2 89 45 E8                        	MOV	DWORD [-24+EBP],EAX
   708 000007C5 6A 00                           	PUSH	0
   709 000007C7 6A 00                           	PUSH	0
   710 000007C9 6A 08                           	PUSH	8
   711 000007CB FF 75 0C                        	PUSH	DWORD [12+EBP]
   712 000007CE FF 75 08                        	PUSH	DWORD [8+EBP]
   713 000007D1 E8 [00000000]                   	CALL	_boxfill8
   714 000007D6 8B 75 0C                        	MOV	ESI,DWORD [12+EBP]
   715 000007D9 6A 01                           	PUSH	1
   716 000007DB 83 EE 02                        	SUB	ESI,2
   717 000007DE 56                              	PUSH	ESI
   718 000007DF 6A 01                           	PUSH	1
   719 000007E1 6A 01                           	PUSH	1
   720 000007E3 6A 07                           	PUSH	7
   721 000007E5 FF 75 0C                        	PUSH	DWORD [12+EBP]
   722 000007E8 FF 75 08                        	PUSH	DWORD [8+EBP]
   723 000007EB E8 [00000000]                   	CALL	_boxfill8
   724 000007F0 8B 7D 10                        	MOV	EDI,DWORD [16+EBP]
   725 000007F3 83 C4 38                        	ADD	ESP,56
   726 000007F6 4F                              	DEC	EDI
   727 000007F7 57                              	PUSH	EDI
   728 000007F8 6A 00                           	PUSH	0
   729 000007FA 6A 00                           	PUSH	0
   730 000007FC 6A 00                           	PUSH	0
   731 000007FE 6A 08                           	PUSH	8
   732 00000800 FF 75 0C                        	PUSH	DWORD [12+EBP]
   733 00000803 FF 75 08                        	PUSH	DWORD [8+EBP]
   734 00000806 E8 [00000000]                   	CALL	_boxfill8
   735 0000080B 8B 5D 10                        	MOV	EBX,DWORD [16+EBP]
   736 0000080E 83 EB 02                        	SUB	EBX,2
   737 00000811 53                              	PUSH	EBX
   738 00000812 6A 01                           	PUSH	1
   739 00000814 6A 01                           	PUSH	1
   740 00000816 6A 01                           	PUSH	1
   741 00000818 6A 07                           	PUSH	7
   742 0000081A FF 75 0C                        	PUSH	DWORD [12+EBP]
   743 0000081D FF 75 08                        	PUSH	DWORD [8+EBP]
   744 00000820 E8 [00000000]                   	CALL	_boxfill8
   745 00000825 83 C4 38                        	ADD	ESP,56
   746 00000828 53                              	PUSH	EBX
   747 00000829 56                              	PUSH	ESI
   748 0000082A 6A 01                           	PUSH	1
   749 0000082C 56                              	PUSH	ESI
   750 0000082D 6A 0F                           	PUSH	15
   751 0000082F FF 75 0C                        	PUSH	DWORD [12+EBP]
   752 00000832 FF 75 08                        	PUSH	DWORD [8+EBP]
   753 00000835 E8 [00000000]                   	CALL	_boxfill8
   754 0000083A 57                              	PUSH	EDI
   755 0000083B FF 75 E8                        	PUSH	DWORD [-24+EBP]
   756 0000083E 6A 00                           	PUSH	0
   757 00000840 FF 75 E8                        	PUSH	DWORD [-24+EBP]
   758 00000843 6A 00                           	PUSH	0
   759 00000845 FF 75 0C                        	PUSH	DWORD [12+EBP]
   760 00000848 FF 75 08                        	PUSH	DWORD [8+EBP]
   761 0000084B E8 [00000000]                   	CALL	_boxfill8
   762 00000850 8B 45 10                        	MOV	EAX,DWORD [16+EBP]
   763 00000853 83 C4 38                        	ADD	ESP,56
   764 00000856 83 E8 03                        	SUB	EAX,3
   765 00000859 50                              	PUSH	EAX
   766 0000085A 8B 45 0C                        	MOV	EAX,DWORD [12+EBP]
   767 0000085D 83 E8 03                        	SUB	EAX,3
   768 00000860 50                              	PUSH	EAX
   769 00000861 6A 02                           	PUSH	2
   770 00000863 6A 02                           	PUSH	2
   771 00000865 6A 08                           	PUSH	8
   772 00000867 FF 75 0C                        	PUSH	DWORD [12+EBP]
   773 0000086A FF 75 08                        	PUSH	DWORD [8+EBP]
   774 0000086D E8 [00000000]                   	CALL	_boxfill8
   775 00000872 8B 45 0C                        	MOV	EAX,DWORD [12+EBP]
   776 00000875 6A 14                           	PUSH	20
   777 00000877 83 E8 04                        	SUB	EAX,4
   778 0000087A 50                              	PUSH	EAX
   779 0000087B 6A 03                           	PUSH	3
   780 0000087D 6A 03                           	PUSH	3
   781 0000087F 0F B6 45 EE                     	MOVZX	EAX,BYTE [-18+EBP]
   782 00000883 50                              	PUSH	EAX
   783 00000884 FF 75 0C                        	PUSH	DWORD [12+EBP]
   784 00000887 FF 75 08                        	PUSH	DWORD [8+EBP]
   785 0000088A E8 [00000000]                   	CALL	_boxfill8
   786 0000088F 83 C4 38                        	ADD	ESP,56
   787 00000892 53                              	PUSH	EBX
   788 00000893 56                              	PUSH	ESI
   789 00000894 53                              	PUSH	EBX
   790 00000895 6A 01                           	PUSH	1
   791 00000897 6A 0F                           	PUSH	15
   792 00000899 FF 75 0C                        	PUSH	DWORD [12+EBP]
   793 0000089C FF 75 08                        	PUSH	DWORD [8+EBP]
   794 0000089F E8 [00000000]                   	CALL	_boxfill8
   795 000008A4 57                              	PUSH	EDI
   796 000008A5 FF 75 E8                        	PUSH	DWORD [-24+EBP]
   797 000008A8 57                              	PUSH	EDI
   798 000008A9 31 FF                           	XOR	EDI,EDI
   799 000008AB 6A 00                           	PUSH	0
   800 000008AD 6A 00                           	PUSH	0
   801 000008AF FF 75 0C                        	PUSH	DWORD [12+EBP]
   802 000008B2 FF 75 08                        	PUSH	DWORD [8+EBP]
   803 000008B5 E8 [00000000]                   	CALL	_boxfill8
   804 000008BA 83 C4 38                        	ADD	ESP,56
   805 000008BD FF 75 14                        	PUSH	DWORD [20+EBP]
   806 000008C0 0F BE 45 EF                     	MOVSX	EAX,BYTE [-17+EBP]
   807 000008C4 50                              	PUSH	EAX
   808 000008C5 6A 04                           	PUSH	4
   809 000008C7 6A 18                           	PUSH	24
   810 000008C9 FF 75 0C                        	PUSH	DWORD [12+EBP]
   811 000008CC FF 75 08                        	PUSH	DWORD [8+EBP]
   812 000008CF E8 [00000000]                   	CALL	_putfonts8_asc
   813 000008D4 83 C4 18                        	ADD	ESP,24
   814 000008D7 6B 5D 0C 05                     	IMUL	EBX,DWORD [12+EBP],5
   815 000008DB C7 45 F0 00000000               	MOV	DWORD [-16+EBP],0
   816 000008E2                                 L58:
   817 000008E2 8B 45 0C                        	MOV	EAX,DWORD [12+EBP]
   818 000008E5 8B 55 08                        	MOV	EDX,DWORD [8+EBP]
   819 000008E8 01 D8                           	ADD	EAX,EBX
   820 000008EA 31 F6                           	XOR	ESI,ESI
   821 000008EC 8D 4C 02 EB                     	LEA	ECX,DWORD [-21+EDX+EAX*1]
   822 000008F0                                 L57:
   823 000008F0 8A 94 3E [0000009E]             	MOV	DL,BYTE [_closebtn.1+ESI+EDI*1]
   824 000008F7 80 FA 40                        	CMP	DL,64
   825 000008FA 74 33                           	JE	L63
   826 000008FC 80 FA 24                        	CMP	DL,36
   827 000008FF 74 2A                           	JE	L64
   828 00000901 80 FA 51                        	CMP	DL,81
   829 00000904 B2 08                           	MOV	DL,8
   830 00000906 0F 95 C0                        	SETNE	AL
   831 00000909 28 C2                           	SUB	DL,AL
   832 0000090B                                 L52:
   833 0000090B 46                              	INC	ESI
   834 0000090C 88 11                           	MOV	BYTE [ECX],DL
   835 0000090E 41                              	INC	ECX
   836 0000090F 83 FE 0F                        	CMP	ESI,15
   837 00000912 7E DC                           	JLE	L57
   838 00000914 FF 45 F0                        	INC	DWORD [-16+EBP]
   839 00000917 83 C7 10                        	ADD	EDI,16
   840 0000091A 03 5D 0C                        	ADD	EBX,DWORD [12+EBP]
   841 0000091D 83 7D F0 0D                     	CMP	DWORD [-16+EBP],13
   842 00000921 7E BF                           	JLE	L58
   843 00000923 8D 65 F4                        	LEA	ESP,DWORD [-12+EBP]
   844 00000926 5B                              	POP	EBX
   845 00000927 5E                              	POP	ESI
   846 00000928 5F                              	POP	EDI
   847 00000929 5D                              	POP	EBP
   848 0000092A C3                              	RET
   849 0000092B                                 L64:
   850 0000092B B2 0F                           	MOV	DL,15
   851 0000092D EB DC                           	JMP	L52
   852 0000092F                                 L63:
   853 0000092F 31 D2                           	XOR	EDX,EDX
   854 00000931 EB D8                           	JMP	L52
   855 00000933                                 L41:
   856 00000933 C6 45 EF 08                     	MOV	BYTE [-17+EBP],8
   857 00000937 C6 45 EE 0F                     	MOV	BYTE [-18+EBP],15
   858 0000093B E9 FFFFFE7B                     	JMP	L42
   859 00000940                                 	GLOBAL	_putfonts8_asc_sht
   860 00000940                                 _putfonts8_asc_sht:
   861 00000940 55                              	PUSH	EBP
   862 00000941 89 E5                           	MOV	EBP,ESP
   863 00000943 57                              	PUSH	EDI
   864 00000944 56                              	PUSH	ESI
   865 00000945 53                              	PUSH	EBX
   866 00000946 83 EC 0C                        	SUB	ESP,12
   867 00000949 8B 45 08                        	MOV	EAX,DWORD [8+EBP]
   868 0000094C 8B 7D 10                        	MOV	EDI,DWORD [16+EBP]
   869 0000094F 89 45 F0                        	MOV	DWORD [-16+EBP],EAX
   870 00000952 8B 5D 14                        	MOV	EBX,DWORD [20+EBP]
   871 00000955 8B 45 0C                        	MOV	EAX,DWORD [12+EBP]
   872 00000958 89 45 EC                        	MOV	DWORD [-20+EBP],EAX
   873 0000095B 8B 45 1C                        	MOV	EAX,DWORD [28+EBP]
   874 0000095E 89 45 E8                        	MOV	DWORD [-24+EBP],EAX
   875 00000961 8D 47 0F                        	LEA	EAX,DWORD [15+EDI]
   876 00000964 50                              	PUSH	EAX
   877 00000965 8B 45 EC                        	MOV	EAX,DWORD [-20+EBP]
   878 00000968 8B 75 20                        	MOV	ESI,DWORD [32+EBP]
   879 0000096B 0F BE DB                        	MOVSX	EBX,BL
   880 0000096E 8D 34 F0                        	LEA	ESI,DWORD [EAX+ESI*8]
   881 00000971 8D 46 FF                        	LEA	EAX,DWORD [-1+ESI]
   882 00000974 50                              	PUSH	EAX
   883 00000975 57                              	PUSH	EDI
   884 00000976 FF 75 EC                        	PUSH	DWORD [-20+EBP]
   885 00000979 0F B6 45 18                     	MOVZX	EAX,BYTE [24+EBP]
   886 0000097D 50                              	PUSH	EAX
   887 0000097E 8B 45 F0                        	MOV	EAX,DWORD [-16+EBP]
   888 00000981 FF 70 04                        	PUSH	DWORD [4+EAX]
   889 00000984 FF 30                           	PUSH	DWORD [EAX]
   890 00000986 E8 [00000000]                   	CALL	_boxfill8
   891 0000098B FF 75 E8                        	PUSH	DWORD [-24+EBP]
   892 0000098E 53                              	PUSH	EBX
   893 0000098F 57                              	PUSH	EDI
   894 00000990 FF 75 EC                        	PUSH	DWORD [-20+EBP]
   895 00000993 8B 45 F0                        	MOV	EAX,DWORD [-16+EBP]
   896 00000996 FF 70 04                        	PUSH	DWORD [4+EAX]
   897 00000999 FF 30                           	PUSH	DWORD [EAX]
   898 0000099B E8 [00000000]                   	CALL	_putfonts8_asc
   899 000009A0 89 7D 10                        	MOV	DWORD [16+EBP],EDI
   900 000009A3 8D 47 10                        	LEA	EAX,DWORD [16+EDI]
   901 000009A6 89 75 14                        	MOV	DWORD [20+EBP],ESI
   902 000009A9 89 45 18                        	MOV	DWORD [24+EBP],EAX
   903 000009AC 83 C4 34                        	ADD	ESP,52
   904 000009AF 8B 45 EC                        	MOV	EAX,DWORD [-20+EBP]
   905 000009B2 89 45 0C                        	MOV	DWORD [12+EBP],EAX
   906 000009B5 8B 45 F0                        	MOV	EAX,DWORD [-16+EBP]
   907 000009B8 89 45 08                        	MOV	DWORD [8+EBP],EAX
   908 000009BB 8D 65 F4                        	LEA	ESP,DWORD [-12+EBP]
   909 000009BE 5B                              	POP	EBX
   910 000009BF 5E                              	POP	ESI
   911 000009C0 5F                              	POP	EDI
   912 000009C1 5D                              	POP	EBP
   913 000009C2 E9 [00000000]                   	JMP	_sheet_refresh
   914 000009C7                                 	GLOBAL	_make_textbox8
   915 000009C7                                 _make_textbox8:
   916 000009C7 55                              	PUSH	EBP
   917 000009C8 89 E5                           	MOV	EBP,ESP
   918 000009CA 57                              	PUSH	EDI
   919 000009CB 56                              	PUSH	ESI
   920 000009CC 53                              	PUSH	EBX
   921 000009CD 83 EC 14                        	SUB	ESP,20
   922 000009D0 8B 45 0C                        	MOV	EAX,DWORD [12+EBP]
   923 000009D3 8B 75 10                        	MOV	ESI,DWORD [16+EBP]
   924 000009D6 03 45 14                        	ADD	EAX,DWORD [20+EBP]
   925 000009D9 83 EE 03                        	SUB	ESI,3
   926 000009DC 56                              	PUSH	ESI
   927 000009DD 89 45 F0                        	MOV	DWORD [-16+EBP],EAX
   928 000009E0 8B 45 10                        	MOV	EAX,DWORD [16+EBP]
   929 000009E3 03 45 18                        	ADD	EAX,DWORD [24+EBP]
   930 000009E6 89 45 EC                        	MOV	DWORD [-20+EBP],EAX
   931 000009E9 8B 45 F0                        	MOV	EAX,DWORD [-16+EBP]
   932 000009EC 40                              	INC	EAX
   933 000009ED 50                              	PUSH	EAX
   934 000009EE 89 45 E8                        	MOV	DWORD [-24+EBP],EAX
   935 000009F1 8B 45 0C                        	MOV	EAX,DWORD [12+EBP]
   936 000009F4 56                              	PUSH	ESI
   937 000009F5 83 E8 02                        	SUB	EAX,2
   938 000009F8 50                              	PUSH	EAX
   939 000009F9 89 45 E4                        	MOV	DWORD [-28+EBP],EAX
   940 000009FC 8B 45 08                        	MOV	EAX,DWORD [8+EBP]
   941 000009FF 6A 0F                           	PUSH	15
   942 00000A01 FF 70 04                        	PUSH	DWORD [4+EAX]
   943 00000A04 FF 30                           	PUSH	DWORD [EAX]
   944 00000A06 E8 [00000000]                   	CALL	_boxfill8
   945 00000A0B 8B 7D 0C                        	MOV	EDI,DWORD [12+EBP]
   946 00000A0E 8B 45 EC                        	MOV	EAX,DWORD [-20+EBP]
   947 00000A11 83 EF 03                        	SUB	EDI,3
   948 00000A14 40                              	INC	EAX
   949 00000A15 50                              	PUSH	EAX
   950 00000A16 89 45 E0                        	MOV	DWORD [-32+EBP],EAX
   951 00000A19 57                              	PUSH	EDI
   952 00000A1A 8B 45 08                        	MOV	EAX,DWORD [8+EBP]
   953 00000A1D 56                              	PUSH	ESI
   954 00000A1E 57                              	PUSH	EDI
   955 00000A1F 6A 0F                           	PUSH	15
   956 00000A21 FF 70 04                        	PUSH	DWORD [4+EAX]
   957 00000A24 FF 30                           	PUSH	DWORD [EAX]
   958 00000A26 E8 [00000000]                   	CALL	_boxfill8
   959 00000A2B 8B 45 08                        	MOV	EAX,DWORD [8+EBP]
   960 00000A2E 83 C4 38                        	ADD	ESP,56
   961 00000A31 8B 5D EC                        	MOV	EBX,DWORD [-20+EBP]
   962 00000A34 83 C3 02                        	ADD	EBX,2
   963 00000A37 53                              	PUSH	EBX
   964 00000A38 FF 75 E8                        	PUSH	DWORD [-24+EBP]
   965 00000A3B 53                              	PUSH	EBX
   966 00000A3C 57                              	PUSH	EDI
   967 00000A3D 6A 07                           	PUSH	7
   968 00000A3F FF 70 04                        	PUSH	DWORD [4+EAX]
   969 00000A42 FF 30                           	PUSH	DWORD [EAX]
   970 00000A44 E8 [00000000]                   	CALL	_boxfill8
   971 00000A49 8B 45 F0                        	MOV	EAX,DWORD [-16+EBP]
   972 00000A4C 53                              	PUSH	EBX
   973 00000A4D 83 C0 02                        	ADD	EAX,2
   974 00000A50 50                              	PUSH	EAX
   975 00000A51 56                              	PUSH	ESI
   976 00000A52 50                              	PUSH	EAX
   977 00000A53 8B 45 08                        	MOV	EAX,DWORD [8+EBP]
   978 00000A56 6A 07                           	PUSH	7
   979 00000A58 FF 70 04                        	PUSH	DWORD [4+EAX]
   980 00000A5B FF 30                           	PUSH	DWORD [EAX]
   981 00000A5D E8 [00000000]                   	CALL	_boxfill8
   982 00000A62 8B 45 08                        	MOV	EAX,DWORD [8+EBP]
   983 00000A65 83 C4 38                        	ADD	ESP,56
   984 00000A68 8B 5D 10                        	MOV	EBX,DWORD [16+EBP]
   985 00000A6B 83 EB 02                        	SUB	EBX,2
   986 00000A6E 8B 7D 0C                        	MOV	EDI,DWORD [12+EBP]
   987 00000A71 53                              	PUSH	EBX
   988 00000A72 4F                              	DEC	EDI
   989 00000A73 FF 75 F0                        	PUSH	DWORD [-16+EBP]
   990 00000A76 53                              	PUSH	EBX
   991 00000A77 57                              	PUSH	EDI
   992 00000A78 6A 00                           	PUSH	0
   993 00000A7A FF 70 04                        	PUSH	DWORD [4+EAX]
   994 00000A7D FF 30                           	PUSH	DWORD [EAX]
   995 00000A7F E8 [00000000]                   	CALL	_boxfill8
   996 00000A84 8B 45 08                        	MOV	EAX,DWORD [8+EBP]
   997 00000A87 FF 75 EC                        	PUSH	DWORD [-20+EBP]
   998 00000A8A FF 75 E4                        	PUSH	DWORD [-28+EBP]
   999 00000A8D 53                              	PUSH	EBX
  1000 00000A8E FF 75 E4                        	PUSH	DWORD [-28+EBP]
  1001 00000A91 6A 00                           	PUSH	0
  1002 00000A93 FF 70 04                        	PUSH	DWORD [4+EAX]
  1003 00000A96 FF 30                           	PUSH	DWORD [EAX]
  1004 00000A98 E8 [00000000]                   	CALL	_boxfill8
  1005 00000A9D 8B 45 08                        	MOV	EAX,DWORD [8+EBP]
  1006 00000AA0 83 C4 38                        	ADD	ESP,56
  1007 00000AA3 FF 75 E0                        	PUSH	DWORD [-32+EBP]
  1008 00000AA6 FF 75 F0                        	PUSH	DWORD [-16+EBP]
  1009 00000AA9 FF 75 E0                        	PUSH	DWORD [-32+EBP]
  1010 00000AAC FF 75 E4                        	PUSH	DWORD [-28+EBP]
  1011 00000AAF 6A 08                           	PUSH	8
  1012 00000AB1 FF 70 04                        	PUSH	DWORD [4+EAX]
  1013 00000AB4 FF 30                           	PUSH	DWORD [EAX]
  1014 00000AB6 E8 [00000000]                   	CALL	_boxfill8
  1015 00000ABB 8B 45 08                        	MOV	EAX,DWORD [8+EBP]
  1016 00000ABE FF 75 E0                        	PUSH	DWORD [-32+EBP]
  1017 00000AC1 FF 75 E8                        	PUSH	DWORD [-24+EBP]
  1018 00000AC4 53                              	PUSH	EBX
  1019 00000AC5 FF 75 E8                        	PUSH	DWORD [-24+EBP]
  1020 00000AC8 6A 08                           	PUSH	8
  1021 00000ACA FF 70 04                        	PUSH	DWORD [4+EAX]
  1022 00000ACD FF 30                           	PUSH	DWORD [EAX]
  1023 00000ACF E8 [00000000]                   	CALL	_boxfill8
  1024 00000AD4 8B 45 10                        	MOV	EAX,DWORD [16+EBP]
  1025 00000AD7 83 C4 38                        	ADD	ESP,56
  1026 00000ADA 48                              	DEC	EAX
  1027 00000ADB FF 75 EC                        	PUSH	DWORD [-20+EBP]
  1028 00000ADE FF 75 F0                        	PUSH	DWORD [-16+EBP]
  1029 00000AE1 50                              	PUSH	EAX
  1030 00000AE2 57                              	PUSH	EDI
  1031 00000AE3 0F B6 45 1C                     	MOVZX	EAX,BYTE [28+EBP]
  1032 00000AE7 50                              	PUSH	EAX
  1033 00000AE8 8B 45 08                        	MOV	EAX,DWORD [8+EBP]
  1034 00000AEB FF 70 04                        	PUSH	DWORD [4+EAX]
  1035 00000AEE FF 30                           	PUSH	DWORD [EAX]
  1036 00000AF0 E8 [00000000]                   	CALL	_boxfill8
  1037 00000AF5 8D 65 F4                        	LEA	ESP,DWORD [-12+EBP]
  1038 00000AF8 5B                              	POP	EBX
  1039 00000AF9 5E                              	POP	ESI
  1040 00000AFA 5F                              	POP	EDI
  1041 00000AFB 5D                              	POP	EBP
  1042 00000AFC C3                              	RET
  1043                                          [SECTION .data]
  1044 0000017E                                 LC7:
  1045 0000017E 25 31 31 64 00                  	DB	"%11d",0x00
  1046                                          [SECTION .text]
  1047 00000AFD                                 	GLOBAL	_task_b_main
  1048 00000AFD                                 _task_b_main:
  1049 00000AFD 55                              	PUSH	EBP
  1050 00000AFE 89 E5                           	MOV	EBP,ESP
  1051 00000B00 57                              	PUSH	EDI
  1052 00000B01 56                              	PUSH	ESI
  1053 00000B02 31 FF                           	XOR	EDI,EDI
  1054 00000B04 53                              	PUSH	EBX
  1055 00000B05 8D 85 FFFFFDD4                  	LEA	EAX,DWORD [-556+EBP]
  1056 00000B0B 81 EC 00000234                  	SUB	ESP,564
  1057 00000B11 8D 5D D4                        	LEA	EBX,DWORD [-44+EBP]
  1058 00000B14 C7 85 FFFFFDC0 00000000         	MOV	DWORD [-576+EBP],0
  1059 00000B1E 6A 00                           	PUSH	0
  1060 00000B20 50                              	PUSH	EAX
  1061 00000B21 68 00000080                     	PUSH	128
  1062 00000B26 53                              	PUSH	EBX
  1063 00000B27 E8 [00000000]                   	CALL	_fifo32_init
  1064 00000B2C E8 [00000000]                   	CALL	_timer_alloc
  1065 00000B31 6A 64                           	PUSH	100
  1066 00000B33 53                              	PUSH	EBX
  1067 00000B34 89 C6                           	MOV	ESI,EAX
  1068 00000B36 50                              	PUSH	EAX
  1069 00000B37 E8 [00000000]                   	CALL	_timer_init
  1070 00000B3C 6A 64                           	PUSH	100
  1071 00000B3E 56                              	PUSH	ESI
  1072 00000B3F E8 [00000000]                   	CALL	_timer_settime
  1073 00000B44 83 C4 24                        	ADD	ESP,36
  1074 00000B47                                 L68:
  1075 00000B47 8D 5D D4                        	LEA	EBX,DWORD [-44+EBP]
  1076 00000B4A E8 [00000000]                   	CALL	_io_cli
  1077 00000B4F 53                              	PUSH	EBX
  1078 00000B50 47                              	INC	EDI
  1079 00000B51 E8 [00000000]                   	CALL	_fifo32_status
  1080 00000B56 5A                              	POP	EDX
  1081 00000B57 85 C0                           	TEST	EAX,EAX
  1082 00000B59 74 55                           	JE	L74
  1083 00000B5B 53                              	PUSH	EBX
  1084 00000B5C E8 [00000000]                   	CALL	_fifo32_get
  1085 00000B61 89 C3                           	MOV	EBX,EAX
  1086 00000B63 E8 [00000000]                   	CALL	_io_sti
  1087 00000B68 59                              	POP	ECX
  1088 00000B69 83 FB 64                        	CMP	EBX,100
  1089 00000B6C 75 D9                           	JNE	L68
  1090 00000B6E 89 F8                           	MOV	EAX,EDI
  1091 00000B70 8D 9D FFFFFDC4                  	LEA	EBX,DWORD [-572+EBP]
  1092 00000B76 2B 85 FFFFFDC0                  	SUB	EAX,DWORD [-576+EBP]
  1093 00000B7C 50                              	PUSH	EAX
  1094 00000B7D 68 [0000017E]                   	PUSH	LC7
  1095 00000B82 53                              	PUSH	EBX
  1096 00000B83 E8 [00000000]                   	CALL	_sprintf
  1097 00000B88 6A 0B                           	PUSH	11
  1098 00000B8A 53                              	PUSH	EBX
  1099 00000B8B 6A 08                           	PUSH	8
  1100 00000B8D 6A 00                           	PUSH	0
  1101 00000B8F 6A 1C                           	PUSH	28
  1102 00000B91 6A 18                           	PUSH	24
  1103 00000B93 FF 75 08                        	PUSH	DWORD [8+EBP]
  1104 00000B96 E8 FFFFFDA5                     	CALL	_putfonts8_asc_sht
  1105 00000B9B 83 C4 28                        	ADD	ESP,40
  1106 00000B9E 89 BD FFFFFDC0                  	MOV	DWORD [-576+EBP],EDI
  1107 00000BA4 6A 64                           	PUSH	100
  1108 00000BA6 56                              	PUSH	ESI
  1109 00000BA7 E8 [00000000]                   	CALL	_timer_settime
  1110 00000BAC 58                              	POP	EAX
  1111 00000BAD 5A                              	POP	EDX
  1112 00000BAE EB 97                           	JMP	L68
  1113 00000BB0                                 L74:
  1114 00000BB0 E8 [00000000]                   	CALL	_io_sti
  1115 00000BB5 EB 90                           	JMP	L68
