     1 00000000                                 [FORMAT "WCOFF"]
     2 00000000                                 [INSTRSET "i486p"]
     3 00000000                                 [OPTIMIZE 1]
     4 00000000                                 [OPTION 1]
     5 00000000                                 [BITS 32]
     6 00000000                                 	EXTERN	_init_gdtidt
     7 00000000                                 	EXTERN	_init_pic
     8 00000000                                 	EXTERN	_io_sti
     9 00000000                                 	EXTERN	_fifo32_init
    10 00000000                                 	EXTERN	_init_pit
    11 00000000                                 	EXTERN	_init_keyboard
    12 00000000                                 	EXTERN	_enable_mouse
    13 00000000                                 	EXTERN	_io_out8
    14 00000000                                 	EXTERN	_timer_alloc
    15 00000000                                 	EXTERN	_timer_init
    16 00000000                                 	EXTERN	_timer_settime
    17 00000000                                 	EXTERN	_memtest
    18 00000000                                 	EXTERN	_memman_init
    19 00000000                                 	EXTERN	_memman_free
    20 00000000                                 	EXTERN	_init_palette
    21 00000000                                 	EXTERN	_shtctl_init
    22 00000000                                 	EXTERN	_sheet_alloc
    23 00000000                                 	EXTERN	_memman_alloc_4k
    24 00000000                                 	EXTERN	_sheet_setbuf
    25 00000000                                 	EXTERN	_init_screen8
    26 00000000                                 	EXTERN	_init_mouse_cursor8
    27 00000000                                 	EXTERN	_sheet_slide
    28 00000000                                 	EXTERN	_sheet_updown
    29 00000000                                 	EXTERN	_sprintf
    30 00000000                                 	EXTERN	_memman_total
    31 00000000                                 	EXTERN	_io_cli
    32 00000000                                 	EXTERN	_fifo32_status
    33 00000000                                 	EXTERN	_fifo32_get
    34 00000000                                 	EXTERN	_boxfill8
    35 00000000                                 	EXTERN	_sheet_refresh
    36 00000000                                 	EXTERN	_mouse_decode
    37 00000000                                 	EXTERN	_keytable.0
    38 00000000                                 	EXTERN	_io_stihlt
    39 00000000                                 	EXTERN	_putfonts8_asc
    40 00000000                                 [FILE "bootpack.c"]
    41                                          [SECTION .data]
    42 00000000                                 _keytable.0:
    43 00000000 00                              	DB	0
    44 00000001 00                              	DB	0
    45 00000002 31                              	DB	49
    46 00000003 32                              	DB	50
    47 00000004 33                              	DB	51
    48 00000005 34                              	DB	52
    49 00000006 35                              	DB	53
    50 00000007 36                              	DB	54
    51 00000008 37                              	DB	55
    52 00000009 38                              	DB	56
    53 0000000A 39                              	DB	57
    54 0000000B 30                              	DB	48
    55 0000000C 2D                              	DB	45
    56 0000000D 5E                              	DB	94
    57 0000000E 00                              	DB	0
    58 0000000F 00                              	DB	0
    59 00000010 51                              	DB	81
    60 00000011 57                              	DB	87
    61 00000012 45                              	DB	69
    62 00000013 52                              	DB	82
    63 00000014 54                              	DB	84
    64 00000015 59                              	DB	89
    65 00000016 55                              	DB	85
    66 00000017 49                              	DB	73
    67 00000018 4F                              	DB	79
    68 00000019 50                              	DB	80
    69 0000001A 40                              	DB	64
    70 0000001B 5B                              	DB	91
    71 0000001C 00                              	DB	0
    72 0000001D 00                              	DB	0
    73 0000001E 41                              	DB	65
    74 0000001F 53                              	DB	83
    75 00000020 44                              	DB	68
    76 00000021 46                              	DB	70
    77 00000022 47                              	DB	71
    78 00000023 48                              	DB	72
    79 00000024 4A                              	DB	74
    80 00000025 4B                              	DB	75
    81 00000026 4C                              	DB	76
    82 00000027 3B                              	DB	59
    83 00000028 3A                              	DB	58
    84 00000029 00                              	DB	0
    85 0000002A 00                              	DB	0
    86 0000002B 5D                              	DB	93
    87 0000002C 5A                              	DB	90
    88 0000002D 58                              	DB	88
    89 0000002E 43                              	DB	67
    90 0000002F 56                              	DB	86
    91 00000030 42                              	DB	66
    92 00000031 4E                              	DB	78
    93 00000032 4D                              	DB	77
    94 00000033 2C                              	DB	44
    95 00000034 2E                              	DB	46
    96 00000035 2F                              	DB	47
    97 00000036 00                              	DB	0
    98 00000037 2A                              	DB	42
    99 00000038 00                              	DB	0
   100 00000039 20                              	DB	32
   101 0000003A 00                              	DB	0
   102 0000003B 00                              	DB	0
   103 0000003C 00                              	DB	0
   104 0000003D 00                              	DB	0
   105 0000003E 00                              	DB	0
   106 0000003F 00                              	DB	0
   107 00000040 00                              	DB	0
   108 00000041 00                              	DB	0
   109 00000042 00                              	DB	0
   110 00000043 00                              	DB	0
   111 00000044 00                              	DB	0
   112 00000045 00                              	DB	0
   113 00000046 00                              	DB	0
   114 00000047 37                              	DB	55
   115 00000048 38                              	DB	56
   116 00000049 39                              	DB	57
   117 0000004A 2D                              	DB	45
   118 0000004B 34                              	DB	52
   119 0000004C 35                              	DB	53
   120 0000004D 36                              	DB	54
   121 0000004E 2B                              	DB	43
   122 0000004F 31                              	DB	49
   123 00000050 32                              	DB	50
   124 00000051 33                              	DB	51
   125 00000052 30                              	DB	48
   126 00000053 2E                              	DB	46
   127 00000054                                 LC0:
   128 00000054 43 6F 75 6E 74 65 72 00         	DB	"Counter",0x00
   129 0000005C                                 LC1:
   130 0000005C 28 25 33 64 2C 20 25 33 64 29   	DB	"(%3d, %3d)",0x00
       00000066 00 
   131 00000067                                 LC2:
   132 00000067 6D 65 6D 6F 72 79 20 25 64 4D   	DB	"memory %dMB   free : %dKB",0x00
       00000071 42 20 20 20 66 72 65 65 20 3A 
       0000007B 20 25 64 4B 42 00 
   133 00000081                                 LC7:
   134 00000081 33 5B 73 65 63 5D 00            	DB	"3[sec]",0x00
   135 00000088                                 LC6:
   136 00000088 31 30 5B 73 65 63 5D 00         	DB	"10[sec]",0x00
   137 00000090                                 LC5:
   138 00000090 5B 6C 63 72 20 25 34 64 20 25   	DB	"[lcr %4d %4d]",0x00
       0000009A 34 64 5D 00 
   139 0000009E                                 LC3:
   140 0000009E 25 30 32 58 00                  	DB	"%02X",0x00
   141 000000A3                                 LC4:
   142 000000A3 20 00                           	DB	" ",0x00
   143                                          [SECTION .text]
   144 00000000                                 	GLOBAL	_HariMain
   145 00000000                                 _HariMain:
   146 00000000 55                              	PUSH	EBP
   147 00000001 89 E5                           	MOV	EBP,ESP
   148 00000003 57                              	PUSH	EDI
   149 00000004 56                              	PUSH	ESI
   150 00000005 53                              	PUSH	EBX
   151 00000006 8D B5 FFFFFCE4                  	LEA	ESI,DWORD [-796+EBP]
   152 0000000C 81 EC 00000538                  	SUB	ESP,1336
   153 00000012 E8 [00000000]                   	CALL	_init_gdtidt
   154 00000017 E8 [00000000]                   	CALL	_init_pic
   155 0000001C E8 [00000000]                   	CALL	_io_sti
   156 00000021 8D 85 FFFFFAE4                  	LEA	EAX,DWORD [-1308+EBP]
   157 00000027 50                              	PUSH	EAX
   158 00000028 68 00000080                     	PUSH	128
   159 0000002D 56                              	PUSH	ESI
   160 0000002E E8 [00000000]                   	CALL	_fifo32_init
   161 00000033 E8 [00000000]                   	CALL	_init_pit
   162 00000038 68 00000100                     	PUSH	256
   163 0000003D 56                              	PUSH	ESI
   164 0000003E E8 [00000000]                   	CALL	_init_keyboard
   165 00000043 8D 85 FFFFFE04                  	LEA	EAX,DWORD [-508+EBP]
   166 00000049 50                              	PUSH	EAX
   167 0000004A 68 00000200                     	PUSH	512
   168 0000004F 56                              	PUSH	ESI
   169 00000050 E8 [00000000]                   	CALL	_enable_mouse
   170 00000055 83 C4 20                        	ADD	ESP,32
   171 00000058 68 000000F8                     	PUSH	248
   172 0000005D 6A 21                           	PUSH	33
   173 0000005F E8 [00000000]                   	CALL	_io_out8
   174 00000064 68 000000EF                     	PUSH	239
   175 00000069 68 000000A1                     	PUSH	161
   176 0000006E E8 [00000000]                   	CALL	_io_out8
   177 00000073 E8 [00000000]                   	CALL	_timer_alloc
   178 00000078 6A 0A                           	PUSH	10
   179 0000007A 56                              	PUSH	ESI
   180 0000007B 89 C3                           	MOV	EBX,EAX
   181 0000007D 50                              	PUSH	EAX
   182 0000007E E8 [00000000]                   	CALL	_timer_init
   183 00000083 68 000003E8                     	PUSH	1000
   184 00000088 53                              	PUSH	EBX
   185 00000089 E8 [00000000]                   	CALL	_timer_settime
   186 0000008E 83 C4 24                        	ADD	ESP,36
   187 00000091 E8 [00000000]                   	CALL	_timer_alloc
   188 00000096 6A 03                           	PUSH	3
   189 00000098 89 C3                           	MOV	EBX,EAX
   190 0000009A 56                              	PUSH	ESI
   191 0000009B 50                              	PUSH	EAX
   192 0000009C E8 [00000000]                   	CALL	_timer_init
   193 000000A1 68 0000012C                     	PUSH	300
   194 000000A6 53                              	PUSH	EBX
   195 000000A7 E8 [00000000]                   	CALL	_timer_settime
   196 000000AC E8 [00000000]                   	CALL	_timer_alloc
   197 000000B1 6A 01                           	PUSH	1
   198 000000B3 56                              	PUSH	ESI
   199 000000B4 50                              	PUSH	EAX
   200 000000B5 89 85 FFFFFACC                  	MOV	DWORD [-1332+EBP],EAX
   201 000000BB E8 [00000000]                   	CALL	_timer_init
   202 000000C0 83 C4 20                        	ADD	ESP,32
   203 000000C3 6A 32                           	PUSH	50
   204 000000C5 FF B5 FFFFFACC                  	PUSH	DWORD [-1332+EBP]
   205 000000CB E8 [00000000]                   	CALL	_timer_settime
   206 000000D0 68 BFFFFFFF                     	PUSH	-1073741825
   207 000000D5 68 00400000                     	PUSH	4194304
   208 000000DA E8 [00000000]                   	CALL	_memtest
   209 000000DF 68 003C0000                     	PUSH	3932160
   210 000000E4 89 85 FFFFFADC                  	MOV	DWORD [-1316+EBP],EAX
   211 000000EA E8 [00000000]                   	CALL	_memman_init
   212 000000EF 68 0009E000                     	PUSH	647168
   213 000000F4 68 00001000                     	PUSH	4096
   214 000000F9 68 003C0000                     	PUSH	3932160
   215 000000FE E8 [00000000]                   	CALL	_memman_free
   216 00000103 8B 85 FFFFFADC                  	MOV	EAX,DWORD [-1316+EBP]
   217 00000109 83 C4 20                        	ADD	ESP,32
   218 0000010C 2D 00400000                     	SUB	EAX,4194304
   219 00000111 50                              	PUSH	EAX
   220 00000112 68 00400000                     	PUSH	4194304
   221 00000117 68 003C0000                     	PUSH	3932160
   222 0000011C E8 [00000000]                   	CALL	_memman_free
   223 00000121 E8 [00000000]                   	CALL	_init_palette
   224 00000126 0F BF 05 00000FF6               	MOVSX	EAX,WORD [4086]
   225 0000012D 50                              	PUSH	EAX
   226 0000012E 0F BF 05 00000FF4               	MOVSX	EAX,WORD [4084]
   227 00000135 50                              	PUSH	EAX
   228 00000136 FF 35 00000FF8                  	PUSH	DWORD [4088]
   229 0000013C 68 003C0000                     	PUSH	3932160
   230 00000141 E8 [00000000]                   	CALL	_shtctl_init
   231 00000146 89 C3                           	MOV	EBX,EAX
   232 00000148 50                              	PUSH	EAX
   233 00000149 E8 [00000000]                   	CALL	_sheet_alloc
   234 0000014E 83 C4 20                        	ADD	ESP,32
   235 00000151 53                              	PUSH	EBX
   236 00000152 89 85 FFFFFAD8                  	MOV	DWORD [-1320+EBP],EAX
   237 00000158 E8 [00000000]                   	CALL	_sheet_alloc
   238 0000015D 53                              	PUSH	EBX
   239 0000015E 8D 9D FFFFFD04                  	LEA	EBX,DWORD [-764+EBP]
   240 00000164 89 85 FFFFFAD4                  	MOV	DWORD [-1324+EBP],EAX
   241 0000016A E8 [00000000]                   	CALL	_sheet_alloc
   242 0000016F 0F BF 15 00000FF6               	MOVSX	EDX,WORD [4086]
   243 00000176 89 85 FFFFFAD0                  	MOV	DWORD [-1328+EBP],EAX
   244 0000017C 0F BF 05 00000FF4               	MOVSX	EAX,WORD [4084]
   245 00000183 0F AF C2                        	IMUL	EAX,EDX
   246 00000186 50                              	PUSH	EAX
   247 00000187 68 003C0000                     	PUSH	3932160
   248 0000018C E8 [00000000]                   	CALL	_memman_alloc_4k
   249 00000191 68 00002080                     	PUSH	8320
   250 00000196 68 003C0000                     	PUSH	3932160
   251 0000019B 89 C6                           	MOV	ESI,EAX
   252 0000019D E8 [00000000]                   	CALL	_memman_alloc_4k
   253 000001A2 6A FF                           	PUSH	-1
   254 000001A4 89 C7                           	MOV	EDI,EAX
   255 000001A6 0F BF 05 00000FF6               	MOVSX	EAX,WORD [4086]
   256 000001AD 50                              	PUSH	EAX
   257 000001AE 0F BF 05 00000FF4               	MOVSX	EAX,WORD [4084]
   258 000001B5 50                              	PUSH	EAX
   259 000001B6 56                              	PUSH	ESI
   260 000001B7 FF B5 FFFFFAD8                  	PUSH	DWORD [-1320+EBP]
   261 000001BD E8 [00000000]                   	CALL	_sheet_setbuf
   262 000001C2 83 C4 2C                        	ADD	ESP,44
   263 000001C5 6A 63                           	PUSH	99
   264 000001C7 6A 10                           	PUSH	16
   265 000001C9 6A 10                           	PUSH	16
   266 000001CB 53                              	PUSH	EBX
   267 000001CC FF B5 FFFFFAD4                  	PUSH	DWORD [-1324+EBP]
   268 000001D2 E8 [00000000]                   	CALL	_sheet_setbuf
   269 000001D7 6A FF                           	PUSH	-1
   270 000001D9 6A 44                           	PUSH	68
   271 000001DB 68 000000A0                     	PUSH	160
   272 000001E0 57                              	PUSH	EDI
   273 000001E1 FF B5 FFFFFAD0                  	PUSH	DWORD [-1328+EBP]
   274 000001E7 E8 [00000000]                   	CALL	_sheet_setbuf
   275 000001EC 83 C4 28                        	ADD	ESP,40
   276 000001EF 0F BF 05 00000FF6               	MOVSX	EAX,WORD [4086]
   277 000001F6 50                              	PUSH	EAX
   278 000001F7 0F BF 05 00000FF4               	MOVSX	EAX,WORD [4084]
   279 000001FE 50                              	PUSH	EAX
   280 000001FF 56                              	PUSH	ESI
   281 00000200 E8 [00000000]                   	CALL	_init_screen8
   282 00000205 6A 63                           	PUSH	99
   283 00000207 53                              	PUSH	EBX
   284 00000208 BB 00000002                     	MOV	EBX,2
   285 0000020D E8 [00000000]                   	CALL	_init_mouse_cursor8
   286 00000212 68 [00000054]                   	PUSH	LC0
   287 00000217 6A 44                           	PUSH	68
   288 00000219 68 000000A0                     	PUSH	160
   289 0000021E 57                              	PUSH	EDI
   290 0000021F E8 00000451                     	CALL	_make_window8
   291 00000224 83 C4 24                        	ADD	ESP,36
   292 00000227 6A 07                           	PUSH	7
   293 00000229 6A 10                           	PUSH	16
   294 0000022B 68 00000090                     	PUSH	144
   295 00000230 6A 1C                           	PUSH	28
   296 00000232 6A 08                           	PUSH	8
   297 00000234 FF B5 FFFFFAD0                  	PUSH	DWORD [-1328+EBP]
   298 0000023A E8 00000629                     	CALL	_make_textbox8
   299 0000023F 6A 00                           	PUSH	0
   300 00000241 6A 00                           	PUSH	0
   301 00000243 FF B5 FFFFFAD8                  	PUSH	DWORD [-1320+EBP]
   302 00000249 C7 85 FFFFFAC8 00000008         	MOV	DWORD [-1336+EBP],8
   303 00000253 C7 85 FFFFFAC4 00000007         	MOV	DWORD [-1340+EBP],7
   304 0000025D E8 [00000000]                   	CALL	_sheet_slide
   305 00000262 83 C4 24                        	ADD	ESP,36
   306 00000265 0F BF 05 00000FF4               	MOVSX	EAX,WORD [4084]
   307 0000026C 8D 48 F0                        	LEA	ECX,DWORD [-16+EAX]
   308 0000026F 89 C8                           	MOV	EAX,ECX
   309 00000271 99                              	CDQ
   310 00000272 F7 FB                           	IDIV	EBX
   311 00000274 89 85 FFFFFAE0                  	MOV	DWORD [-1312+EBP],EAX
   312 0000027A 0F BF 05 00000FF6               	MOVSX	EAX,WORD [4086]
   313 00000281 8D 48 D4                        	LEA	ECX,DWORD [-44+EAX]
   314 00000284 89 C8                           	MOV	EAX,ECX
   315 00000286 99                              	CDQ
   316 00000287 F7 FB                           	IDIV	EBX
   317 00000289 50                              	PUSH	EAX
   318 0000028A 89 C7                           	MOV	EDI,EAX
   319 0000028C FF B5 FFFFFAE0                  	PUSH	DWORD [-1312+EBP]
   320 00000292 FF B5 FFFFFAD4                  	PUSH	DWORD [-1324+EBP]
   321 00000298 8D 5D C4                        	LEA	EBX,DWORD [-60+EBP]
   322 0000029B E8 [00000000]                   	CALL	_sheet_slide
   323 000002A0 6A 48                           	PUSH	72
   324 000002A2 6A 50                           	PUSH	80
   325 000002A4 FF B5 FFFFFAD0                  	PUSH	DWORD [-1328+EBP]
   326 000002AA E8 [00000000]                   	CALL	_sheet_slide
   327 000002AF 6A 00                           	PUSH	0
   328 000002B1 FF B5 FFFFFAD8                  	PUSH	DWORD [-1320+EBP]
   329 000002B7 E8 [00000000]                   	CALL	_sheet_updown
   330 000002BC 83 C4 20                        	ADD	ESP,32
   331 000002BF 6A 01                           	PUSH	1
   332 000002C1 FF B5 FFFFFAD0                  	PUSH	DWORD [-1328+EBP]
   333 000002C7 E8 [00000000]                   	CALL	_sheet_updown
   334 000002CC 6A 02                           	PUSH	2
   335 000002CE FF B5 FFFFFAD4                  	PUSH	DWORD [-1324+EBP]
   336 000002D4 E8 [00000000]                   	CALL	_sheet_updown
   337 000002D9 57                              	PUSH	EDI
   338 000002DA FF B5 FFFFFAE0                  	PUSH	DWORD [-1312+EBP]
   339 000002E0 68 [0000005C]                   	PUSH	LC1
   340 000002E5 53                              	PUSH	EBX
   341 000002E6 E8 [00000000]                   	CALL	_sprintf
   342 000002EB 83 C4 20                        	ADD	ESP,32
   343 000002EE 6A 0A                           	PUSH	10
   344 000002F0 53                              	PUSH	EBX
   345 000002F1 6A 0E                           	PUSH	14
   346 000002F3 6A 07                           	PUSH	7
   347 000002F5 6A 00                           	PUSH	0
   348 000002F7 6A 00                           	PUSH	0
   349 000002F9 FF B5 FFFFFAD8                  	PUSH	DWORD [-1320+EBP]
   350 000002FF E8 000004DD                     	CALL	_putfonts8_asc_sht
   351 00000304 68 003C0000                     	PUSH	3932160
   352 00000309 E8 [00000000]                   	CALL	_memman_total
   353 0000030E C1 AD FFFFFADC 14               	SHR	DWORD [-1316+EBP],20
   354 00000315 C1 E8 0A                        	SHR	EAX,10
   355 00000318 89 04 24                        	MOV	DWORD [ESP],EAX
   356 0000031B FF B5 FFFFFADC                  	PUSH	DWORD [-1316+EBP]
   357 00000321 68 [00000067]                   	PUSH	LC2
   358 00000326 53                              	PUSH	EBX
   359 00000327 E8 [00000000]                   	CALL	_sprintf
   360 0000032C 83 C4 2C                        	ADD	ESP,44
   361 0000032F 6A 28                           	PUSH	40
   362 00000331 53                              	PUSH	EBX
   363 00000332 6A 0E                           	PUSH	14
   364 00000334 6A 07                           	PUSH	7
   365 00000336 6A 20                           	PUSH	32
   366 00000338                                 L29:
   367 00000338 6A 00                           	PUSH	0
   368 0000033A FF B5 FFFFFAD8                  	PUSH	DWORD [-1320+EBP]
   369 00000340 E8 0000049C                     	CALL	_putfonts8_asc_sht
   370 00000345 83 C4 1C                        	ADD	ESP,28
   371 00000348                                 L2:
   372 00000348 8D B5 FFFFFCE4                  	LEA	ESI,DWORD [-796+EBP]
   373 0000034E E8 [00000000]                   	CALL	_io_cli
   374 00000353 56                              	PUSH	ESI
   375 00000354 E8 [00000000]                   	CALL	_fifo32_status
   376 00000359 59                              	POP	ECX
   377 0000035A 85 C0                           	TEST	EAX,EAX
   378 0000035C 0F 84 00000309                  	JE	L31
   379 00000362 56                              	PUSH	ESI
   380 00000363 E8 [00000000]                   	CALL	_fifo32_get
   381 00000368 89 C3                           	MOV	EBX,EAX
   382 0000036A E8 [00000000]                   	CALL	_io_sti
   383 0000036F 5A                              	POP	EDX
   384 00000370 8D 83 FFFFFF00                  	LEA	EAX,DWORD [-256+EBX]
   385 00000376 3D 000000FF                     	CMP	EAX,255
   386 0000037B 0F 86 000001EF                  	JBE	L32
   387 00000381 8D 83 FFFFFE00                  	LEA	EAX,DWORD [-512+EBX]
   388 00000387 3D 000000FF                     	CMP	EAX,255
   389 0000038C 0F 86 000000D8                  	JBE	L33
   390 00000392 83 FB 0A                        	CMP	EBX,10
   391 00000395 0F 84 000000BD                  	JE	L34
   392 0000039B 83 FB 03                        	CMP	EBX,3
   393 0000039E 0F 84 000000A2                  	JE	L35
   394 000003A4 83 FB 01                        	CMP	EBX,1
   395 000003A7 7F 9F                           	JG	L2
   396 000003A9 85 DB                           	TEST	EBX,EBX
   397 000003AB 74 7C                           	JE	L27
   398 000003AD 6A 00                           	PUSH	0
   399 000003AF 56                              	PUSH	ESI
   400 000003B0 FF B5 FFFFFACC                  	PUSH	DWORD [-1332+EBP]
   401 000003B6 E8 [00000000]                   	CALL	_timer_init
   402 000003BB C7 85 FFFFFAC4 00000000         	MOV	DWORD [-1340+EBP],0
   403 000003C5                                 L30:
   404 000003C5 83 C4 0C                        	ADD	ESP,12
   405 000003C8 6A 32                           	PUSH	50
   406 000003CA FF B5 FFFFFACC                  	PUSH	DWORD [-1332+EBP]
   407 000003D0 E8 [00000000]                   	CALL	_timer_settime
   408 000003D5 8B 95 FFFFFAD0                  	MOV	EDX,DWORD [-1328+EBP]
   409 000003DB 8B 85 FFFFFAC8                  	MOV	EAX,DWORD [-1336+EBP]
   410 000003E1 6A 2B                           	PUSH	43
   411 000003E3 83 C0 07                        	ADD	EAX,7
   412 000003E6 50                              	PUSH	EAX
   413 000003E7 6A 1C                           	PUSH	28
   414 000003E9 FF B5 FFFFFAC8                  	PUSH	DWORD [-1336+EBP]
   415 000003EF FF B5 FFFFFAC4                  	PUSH	DWORD [-1340+EBP]
   416 000003F5 FF 72 04                        	PUSH	DWORD [4+EDX]
   417 000003F8 FF 32                           	PUSH	DWORD [EDX]
   418 000003FA E8 [00000000]                   	CALL	_boxfill8
   419 000003FF 8B 85 FFFFFAC8                  	MOV	EAX,DWORD [-1336+EBP]
   420 00000405 83 C4 24                        	ADD	ESP,36
   421 00000408 83 C0 08                        	ADD	EAX,8
   422 0000040B 6A 2C                           	PUSH	44
   423 0000040D 50                              	PUSH	EAX
   424 0000040E 6A 1C                           	PUSH	28
   425 00000410 FF B5 FFFFFAC8                  	PUSH	DWORD [-1336+EBP]
   426 00000416 FF B5 FFFFFAD0                  	PUSH	DWORD [-1328+EBP]
   427 0000041C E8 [00000000]                   	CALL	_sheet_refresh
   428 00000421 83 C4 14                        	ADD	ESP,20
   429 00000424 E9 FFFFFF1F                     	JMP	L2
   430 00000429                                 L27:
   431 00000429 6A 01                           	PUSH	1
   432 0000042B 56                              	PUSH	ESI
   433 0000042C FF B5 FFFFFACC                  	PUSH	DWORD [-1332+EBP]
   434 00000432 E8 [00000000]                   	CALL	_timer_init
   435 00000437 C7 85 FFFFFAC4 00000007         	MOV	DWORD [-1340+EBP],7
   436 00000441 E9 FFFFFF7F                     	JMP	L30
   437 00000446                                 L35:
   438 00000446 6A 06                           	PUSH	6
   439 00000448 68 [00000081]                   	PUSH	LC7
   440 0000044D 6A 0E                           	PUSH	14
   441 0000044F 6A 07                           	PUSH	7
   442 00000451 6A 50                           	PUSH	80
   443 00000453 E9 FFFFFEE0                     	JMP	L29
   444 00000458                                 L34:
   445 00000458 6A 07                           	PUSH	7
   446 0000045A 68 [00000088]                   	PUSH	LC6
   447 0000045F 6A 0E                           	PUSH	14
   448 00000461 6A 07                           	PUSH	7
   449 00000463 6A 40                           	PUSH	64
   450 00000465 E9 FFFFFECE                     	JMP	L29
   451 0000046A                                 L33:
   452 0000046A 0F B6 C3                        	MOVZX	EAX,BL
   453 0000046D 50                              	PUSH	EAX
   454 0000046E 8D 85 FFFFFE04                  	LEA	EAX,DWORD [-508+EBP]
   455 00000474 50                              	PUSH	EAX
   456 00000475 E8 [00000000]                   	CALL	_mouse_decode
   457 0000047A 5A                              	POP	EDX
   458 0000047B 59                              	POP	ECX
   459 0000047C 85 C0                           	TEST	EAX,EAX
   460 0000047E 0F 84 FFFFFEC4                  	JE	L2
   461 00000484 FF B5 FFFFFE0C                  	PUSH	DWORD [-500+EBP]
   462 0000048A FF B5 FFFFFE08                  	PUSH	DWORD [-504+EBP]
   463 00000490 68 [00000090]                   	PUSH	LC5
   464 00000495 8D 5D C4                        	LEA	EBX,DWORD [-60+EBP]
   465 00000498 53                              	PUSH	EBX
   466 00000499 E8 [00000000]                   	CALL	_sprintf
   467 0000049E 83 C4 10                        	ADD	ESP,16
   468 000004A1 8B 85 FFFFFE10                  	MOV	EAX,DWORD [-496+EBP]
   469 000004A7 A9 00000001                     	TEST	EAX,1
   470 000004AC 74 04                           	JE	L14
   471 000004AE C6 45 C5 4C                     	MOV	BYTE [-59+EBP],76
   472 000004B2                                 L14:
   473 000004B2 A9 00000002                     	TEST	EAX,2
   474 000004B7 74 04                           	JE	L15
   475 000004B9 C6 45 C7 52                     	MOV	BYTE [-57+EBP],82
   476 000004BD                                 L15:
   477 000004BD 83 E0 04                        	AND	EAX,4
   478 000004C0 74 04                           	JE	L16
   479 000004C2 C6 45 C6 43                     	MOV	BYTE [-58+EBP],67
   480 000004C6                                 L16:
   481 000004C6 6A 0F                           	PUSH	15
   482 000004C8 53                              	PUSH	EBX
   483 000004C9 6A 0E                           	PUSH	14
   484 000004CB 6A 07                           	PUSH	7
   485 000004CD 6A 10                           	PUSH	16
   486 000004CF 6A 20                           	PUSH	32
   487 000004D1 FF B5 FFFFFAD8                  	PUSH	DWORD [-1320+EBP]
   488 000004D7 E8 00000305                     	CALL	_putfonts8_asc_sht
   489 000004DC 8B 85 FFFFFE08                  	MOV	EAX,DWORD [-504+EBP]
   490 000004E2 03 BD FFFFFE0C                  	ADD	EDI,DWORD [-500+EBP]
   491 000004E8 83 C4 1C                        	ADD	ESP,28
   492 000004EB 01 85 FFFFFAE0                  	ADD	DWORD [-1312+EBP],EAX
   493 000004F1 78 71                           	JS	L36
   494 000004F3                                 L17:
   495 000004F3 85 FF                           	TEST	EDI,EDI
   496 000004F5 78 69                           	JS	L37
   497 000004F7                                 L18:
   498 000004F7 0F BF 05 00000FF4               	MOVSX	EAX,WORD [4084]
   499 000004FE 48                              	DEC	EAX
   500 000004FF 39 85 FFFFFAE0                  	CMP	DWORD [-1312+EBP],EAX
   501 00000505 7E 06                           	JLE	L19
   502 00000507 89 85 FFFFFAE0                  	MOV	DWORD [-1312+EBP],EAX
   503 0000050D                                 L19:
   504 0000050D 0F BF 05 00000FF6               	MOVSX	EAX,WORD [4086]
   505 00000514 48                              	DEC	EAX
   506 00000515 39 C7                           	CMP	EDI,EAX
   507 00000517 7E 02                           	JLE	L20
   508 00000519 89 C7                           	MOV	EDI,EAX
   509 0000051B                                 L20:
   510 0000051B 57                              	PUSH	EDI
   511 0000051C FF B5 FFFFFAE0                  	PUSH	DWORD [-1312+EBP]
   512 00000522 68 [0000005C]                   	PUSH	LC1
   513 00000527 53                              	PUSH	EBX
   514 00000528 E8 [00000000]                   	CALL	_sprintf
   515 0000052D 6A 0A                           	PUSH	10
   516 0000052F 53                              	PUSH	EBX
   517 00000530 6A 0E                           	PUSH	14
   518 00000532 6A 07                           	PUSH	7
   519 00000534 6A 00                           	PUSH	0
   520 00000536 6A 00                           	PUSH	0
   521 00000538 FF B5 FFFFFAD8                  	PUSH	DWORD [-1320+EBP]
   522 0000053E E8 0000029E                     	CALL	_putfonts8_asc_sht
   523 00000543 83 C4 2C                        	ADD	ESP,44
   524 00000546 57                              	PUSH	EDI
   525 00000547 FF B5 FFFFFAE0                  	PUSH	DWORD [-1312+EBP]
   526 0000054D FF B5 FFFFFAD4                  	PUSH	DWORD [-1324+EBP]
   527 00000553 E8 [00000000]                   	CALL	_sheet_slide
   528 00000558 83 C4 0C                        	ADD	ESP,12
   529 0000055B E9 FFFFFDE8                     	JMP	L2
   530 00000560                                 L37:
   531 00000560 31 FF                           	XOR	EDI,EDI
   532 00000562 EB 93                           	JMP	L18
   533 00000564                                 L36:
   534 00000564 C7 85 FFFFFAE0 00000000         	MOV	DWORD [-1312+EBP],0
   535 0000056E EB 83                           	JMP	L17
   536 00000570                                 L32:
   537 00000570 50                              	PUSH	EAX
   538 00000571 8D 75 C4                        	LEA	ESI,DWORD [-60+EBP]
   539 00000574 68 [0000009E]                   	PUSH	LC3
   540 00000579 56                              	PUSH	ESI
   541 0000057A E8 [00000000]                   	CALL	_sprintf
   542 0000057F 6A 02                           	PUSH	2
   543 00000581 56                              	PUSH	ESI
   544 00000582 6A 0E                           	PUSH	14
   545 00000584 6A 07                           	PUSH	7
   546 00000586 6A 10                           	PUSH	16
   547 00000588 6A 00                           	PUSH	0
   548 0000058A FF B5 FFFFFAD8                  	PUSH	DWORD [-1320+EBP]
   549 00000590 E8 0000024C                     	CALL	_putfonts8_asc_sht
   550 00000595 83 C4 28                        	ADD	ESP,40
   551 00000598 81 FB 00000153                  	CMP	EBX,339
   552 0000059E 7F 41                           	JG	L8
   553 000005A0 8A 83 [FFFFFF00]                	MOV	AL,BYTE [_keytable.0-256+EBX]
   554 000005A6 84 C0                           	TEST	AL,AL
   555 000005A8 74 37                           	JE	L8
   556 000005AA 81 BD FFFFFAC8 0000008F         	CMP	DWORD [-1336+EBP],143
   557 000005B4 7F 2B                           	JG	L8
   558 000005B6 6A 01                           	PUSH	1
   559 000005B8 88 45 C4                        	MOV	BYTE [-60+EBP],AL
   560 000005BB 56                              	PUSH	ESI
   561 000005BC 6A 08                           	PUSH	8
   562 000005BE 6A 00                           	PUSH	0
   563 000005C0 6A 1C                           	PUSH	28
   564 000005C2 FF B5 FFFFFAC8                  	PUSH	DWORD [-1336+EBP]
   565 000005C8 FF B5 FFFFFAD0                  	PUSH	DWORD [-1328+EBP]
   566 000005CE C6 45 C5 00                     	MOV	BYTE [-59+EBP],0
   567 000005D2 E8 0000020A                     	CALL	_putfonts8_asc_sht
   568 000005D7 83 C4 1C                        	ADD	ESP,28
   569 000005DA 83 85 FFFFFAC8 08               	ADD	DWORD [-1336+EBP],8
   570 000005E1                                 L8:
   571 000005E1 81 FB 0000010E                  	CMP	EBX,270
   572 000005E7 74 4C                           	JE	L38
   573 000005E9                                 L10:
   574 000005E9 8B 85 FFFFFAC8                  	MOV	EAX,DWORD [-1336+EBP]
   575 000005EF 6A 2B                           	PUSH	43
   576 000005F1 83 C0 07                        	ADD	EAX,7
   577 000005F4 8B 9D FFFFFAD0                  	MOV	EBX,DWORD [-1328+EBP]
   578 000005FA 50                              	PUSH	EAX
   579 000005FB 6A 1C                           	PUSH	28
   580 000005FD FF B5 FFFFFAC8                  	PUSH	DWORD [-1336+EBP]
   581 00000603 FF B5 FFFFFAC4                  	PUSH	DWORD [-1340+EBP]
   582 00000609 FF 73 04                        	PUSH	DWORD [4+EBX]
   583 0000060C FF 33                           	PUSH	DWORD [EBX]
   584 0000060E E8 [00000000]                   	CALL	_boxfill8
   585 00000613 8B 85 FFFFFAC8                  	MOV	EAX,DWORD [-1336+EBP]
   586 00000619 6A 2C                           	PUSH	44
   587 0000061B 83 C0 08                        	ADD	EAX,8
   588 0000061E 50                              	PUSH	EAX
   589 0000061F 6A 1C                           	PUSH	28
   590 00000621 FF B5 FFFFFAC8                  	PUSH	DWORD [-1336+EBP]
   591 00000627 53                              	PUSH	EBX
   592 00000628 E8 [00000000]                   	CALL	_sheet_refresh
   593 0000062D 83 C4 30                        	ADD	ESP,48
   594 00000630 E9 FFFFFD13                     	JMP	L2
   595 00000635                                 L38:
   596 00000635 83 BD FFFFFAC8 08               	CMP	DWORD [-1336+EBP],8
   597 0000063C 7E AB                           	JLE	L10
   598 0000063E 6A 01                           	PUSH	1
   599 00000640 68 [000000A3]                   	PUSH	LC4
   600 00000645 6A 07                           	PUSH	7
   601 00000647 6A 00                           	PUSH	0
   602 00000649 6A 1C                           	PUSH	28
   603 0000064B FF B5 FFFFFAC8                  	PUSH	DWORD [-1336+EBP]
   604 00000651 FF B5 FFFFFAD0                  	PUSH	DWORD [-1328+EBP]
   605 00000657 E8 00000185                     	CALL	_putfonts8_asc_sht
   606 0000065C 83 C4 1C                        	ADD	ESP,28
   607 0000065F 83 AD FFFFFAC8 08               	SUB	DWORD [-1336+EBP],8
   608 00000666 E9 FFFFFF7E                     	JMP	L10
   609 0000066B                                 L31:
   610 0000066B E8 [00000000]                   	CALL	_io_stihlt
   611 00000670 E9 FFFFFCD3                     	JMP	L2
   612                                          [SECTION .data]
   613 000000A5                                 _closebtn.1:
   614 000000A5 4F 4F 4F 4F 4F 4F 4F 4F 4F 4F   	DB	"OOOOOOOOOOOOOOO@"
       000000AF 4F 4F 4F 4F 4F 40 
   615 000000B5 4F 51 51 51 51 51 51 51 51 51   	DB	"OQQQQQQQQQQQQQ$@"
       000000BF 51 51 51 51 24 40 
   616 000000C5 4F 51 51 51 51 51 51 51 51 51   	DB	"OQQQQQQQQQQQQQ$@"
       000000CF 51 51 51 51 24 40 
   617 000000D5 4F 51 51 51 40 40 51 51 51 51   	DB	"OQQQ@@QQQQ@@QQ$@"
       000000DF 40 40 51 51 24 40 
   618 000000E5 4F 51 51 51 51 40 40 51 51 40   	DB	"OQQQQ@@QQ@@QQQ$@"
       000000EF 40 51 51 51 24 40 
   619 000000F5 4F 51 51 51 51 51 40 40 40 40   	DB	"OQQQQQ@@@@QQQQ$@"
       000000FF 51 51 51 51 24 40 
   620 00000105 4F 51 51 51 51 51 51 40 40 51   	DB	"OQQQQQQ@@QQQQQ$@"
       0000010F 51 51 51 51 24 40 
   621 00000115 4F 51 51 51 51 51 40 40 40 40   	DB	"OQQQQQ@@@@QQQQ$@"
       0000011F 51 51 51 51 24 40 
   622 00000125 4F 51 51 51 51 40 40 51 51 40   	DB	"OQQQQ@@QQ@@QQQ$@"
       0000012F 40 51 51 51 24 40 
   623 00000135 4F 51 51 51 40 40 51 51 51 51   	DB	"OQQQ@@QQQQ@@QQ$@"
       0000013F 40 40 51 51 24 40 
   624 00000145 4F 51 51 51 51 51 51 51 51 51   	DB	"OQQQQQQQQQQQQQ$@"
       0000014F 51 51 51 51 24 40 
   625 00000155 4F 51 51 51 51 51 51 51 51 51   	DB	"OQQQQQQQQQQQQQ$@"
       0000015F 51 51 51 51 24 40 
   626 00000165 4F 24 24 24 24 24 24 24 24 24   	DB	"O$$$$$$$$$$$$$$@"
       0000016F 24 24 24 24 24 40 
   627 00000175 40 40 40 40 40 40 40 40 40 40   	DB	"@@@@@@@@@@@@@@@@"
       0000017F 40 40 40 40 40 40 
   628                                          [SECTION .text]
   629 00000675                                 	GLOBAL	_make_window8
   630 00000675                                 _make_window8:
   631 00000675 55                              	PUSH	EBP
   632 00000676 89 E5                           	MOV	EBP,ESP
   633 00000678 57                              	PUSH	EDI
   634 00000679 56                              	PUSH	ESI
   635 0000067A 53                              	PUSH	EBX
   636 0000067B 83 EC 14                        	SUB	ESP,20
   637 0000067E 8B 5D 0C                        	MOV	EBX,DWORD [12+EBP]
   638 00000681 6A 00                           	PUSH	0
   639 00000683 8D 43 FF                        	LEA	EAX,DWORD [-1+EBX]
   640 00000686 8D 7B FE                        	LEA	EDI,DWORD [-2+EBX]
   641 00000689 50                              	PUSH	EAX
   642 0000068A 89 45 EC                        	MOV	DWORD [-20+EBP],EAX
   643 0000068D 6A 00                           	PUSH	0
   644 0000068F 6A 00                           	PUSH	0
   645 00000691 6A 08                           	PUSH	8
   646 00000693 53                              	PUSH	EBX
   647 00000694 FF 75 08                        	PUSH	DWORD [8+EBP]
   648 00000697 E8 [00000000]                   	CALL	_boxfill8
   649 0000069C 6A 01                           	PUSH	1
   650 0000069E 57                              	PUSH	EDI
   651 0000069F 6A 01                           	PUSH	1
   652 000006A1 6A 01                           	PUSH	1
   653 000006A3 6A 07                           	PUSH	7
   654 000006A5 53                              	PUSH	EBX
   655 000006A6 FF 75 08                        	PUSH	DWORD [8+EBP]
   656 000006A9 E8 [00000000]                   	CALL	_boxfill8
   657 000006AE 8B 55 10                        	MOV	EDX,DWORD [16+EBP]
   658 000006B1 83 C4 38                        	ADD	ESP,56
   659 000006B4 4A                              	DEC	EDX
   660 000006B5 89 55 E8                        	MOV	DWORD [-24+EBP],EDX
   661 000006B8 52                              	PUSH	EDX
   662 000006B9 6A 00                           	PUSH	0
   663 000006BB 6A 00                           	PUSH	0
   664 000006BD 6A 00                           	PUSH	0
   665 000006BF 6A 08                           	PUSH	8
   666 000006C1 53                              	PUSH	EBX
   667 000006C2 FF 75 08                        	PUSH	DWORD [8+EBP]
   668 000006C5 E8 [00000000]                   	CALL	_boxfill8
   669 000006CA 8B 75 10                        	MOV	ESI,DWORD [16+EBP]
   670 000006CD 83 EE 02                        	SUB	ESI,2
   671 000006D0 56                              	PUSH	ESI
   672 000006D1 6A 01                           	PUSH	1
   673 000006D3 6A 01                           	PUSH	1
   674 000006D5 6A 01                           	PUSH	1
   675 000006D7 6A 07                           	PUSH	7
   676 000006D9 53                              	PUSH	EBX
   677 000006DA FF 75 08                        	PUSH	DWORD [8+EBP]
   678 000006DD E8 [00000000]                   	CALL	_boxfill8
   679 000006E2 83 C4 38                        	ADD	ESP,56
   680 000006E5 56                              	PUSH	ESI
   681 000006E6 57                              	PUSH	EDI
   682 000006E7 6A 01                           	PUSH	1
   683 000006E9 57                              	PUSH	EDI
   684 000006EA 6A 0F                           	PUSH	15
   685 000006EC 53                              	PUSH	EBX
   686 000006ED FF 75 08                        	PUSH	DWORD [8+EBP]
   687 000006F0 E8 [00000000]                   	CALL	_boxfill8
   688 000006F5 FF 75 E8                        	PUSH	DWORD [-24+EBP]
   689 000006F8 FF 75 EC                        	PUSH	DWORD [-20+EBP]
   690 000006FB 6A 00                           	PUSH	0
   691 000006FD FF 75 EC                        	PUSH	DWORD [-20+EBP]
   692 00000700 6A 00                           	PUSH	0
   693 00000702 53                              	PUSH	EBX
   694 00000703 FF 75 08                        	PUSH	DWORD [8+EBP]
   695 00000706 E8 [00000000]                   	CALL	_boxfill8
   696 0000070B 8B 45 10                        	MOV	EAX,DWORD [16+EBP]
   697 0000070E 83 C4 38                        	ADD	ESP,56
   698 00000711 83 E8 03                        	SUB	EAX,3
   699 00000714 50                              	PUSH	EAX
   700 00000715 8D 43 FD                        	LEA	EAX,DWORD [-3+EBX]
   701 00000718 50                              	PUSH	EAX
   702 00000719 6A 02                           	PUSH	2
   703 0000071B 6A 02                           	PUSH	2
   704 0000071D 6A 08                           	PUSH	8
   705 0000071F 53                              	PUSH	EBX
   706 00000720 FF 75 08                        	PUSH	DWORD [8+EBP]
   707 00000723 E8 [00000000]                   	CALL	_boxfill8
   708 00000728 8D 43 FC                        	LEA	EAX,DWORD [-4+EBX]
   709 0000072B 6A 14                           	PUSH	20
   710 0000072D 50                              	PUSH	EAX
   711 0000072E 6A 03                           	PUSH	3
   712 00000730 6A 03                           	PUSH	3
   713 00000732 6A 0C                           	PUSH	12
   714 00000734 53                              	PUSH	EBX
   715 00000735 FF 75 08                        	PUSH	DWORD [8+EBP]
   716 00000738 E8 [00000000]                   	CALL	_boxfill8
   717 0000073D 83 C4 38                        	ADD	ESP,56
   718 00000740 56                              	PUSH	ESI
   719 00000741 57                              	PUSH	EDI
   720 00000742 56                              	PUSH	ESI
   721 00000743 6A 01                           	PUSH	1
   722 00000745 6A 0F                           	PUSH	15
   723 00000747 53                              	PUSH	EBX
   724 00000748 FF 75 08                        	PUSH	DWORD [8+EBP]
   725 0000074B E8 [00000000]                   	CALL	_boxfill8
   726 00000750 FF 75 E8                        	PUSH	DWORD [-24+EBP]
   727 00000753 FF 75 EC                        	PUSH	DWORD [-20+EBP]
   728 00000756 FF 75 E8                        	PUSH	DWORD [-24+EBP]
   729 00000759 6A 00                           	PUSH	0
   730 0000075B 6A 00                           	PUSH	0
   731 0000075D 6B F3 05                        	IMUL	ESI,EBX,5
   732 00000760 53                              	PUSH	EBX
   733 00000761 FF 75 08                        	PUSH	DWORD [8+EBP]
   734 00000764 E8 [00000000]                   	CALL	_boxfill8
   735 00000769 83 C4 38                        	ADD	ESP,56
   736 0000076C FF 75 14                        	PUSH	DWORD [20+EBP]
   737 0000076F 6A 07                           	PUSH	7
   738 00000771 6A 04                           	PUSH	4
   739 00000773 6A 18                           	PUSH	24
   740 00000775 53                              	PUSH	EBX
   741 00000776 FF 75 08                        	PUSH	DWORD [8+EBP]
   742 00000779 E8 [00000000]                   	CALL	_putfonts8_asc
   743 0000077E 83 C4 18                        	ADD	ESP,24
   744 00000781 C7 45 F0 00000000               	MOV	DWORD [-16+EBP],0
   745 00000788 C7 45 E0 00000000               	MOV	DWORD [-32+EBP],0
   746 0000078F                                 L55:
   747 0000078F 8D 04 1E                        	LEA	EAX,DWORD [ESI+EBX*1]
   748 00000792 8B 55 08                        	MOV	EDX,DWORD [8+EBP]
   749 00000795 31 FF                           	XOR	EDI,EDI
   750 00000797 8D 4C 02 EB                     	LEA	ECX,DWORD [-21+EDX+EAX*1]
   751 0000079B                                 L54:
   752 0000079B 8B 45 E0                        	MOV	EAX,DWORD [-32+EBP]
   753 0000079E 8A 94 07 [000000A5]             	MOV	DL,BYTE [_closebtn.1+EDI+EAX*1]
   754 000007A5 80 FA 40                        	CMP	DL,64
   755 000007A8 74 33                           	JE	L60
   756 000007AA 80 FA 24                        	CMP	DL,36
   757 000007AD 74 2A                           	JE	L61
   758 000007AF 80 FA 51                        	CMP	DL,81
   759 000007B2 B2 08                           	MOV	DL,8
   760 000007B4 0F 95 C0                        	SETNE	AL
   761 000007B7 28 C2                           	SUB	DL,AL
   762 000007B9                                 L49:
   763 000007B9 47                              	INC	EDI
   764 000007BA 88 11                           	MOV	BYTE [ECX],DL
   765 000007BC 41                              	INC	ECX
   766 000007BD 83 FF 0F                        	CMP	EDI,15
   767 000007C0 7E D9                           	JLE	L54
   768 000007C2 FF 45 F0                        	INC	DWORD [-16+EBP]
   769 000007C5 01 DE                           	ADD	ESI,EBX
   770 000007C7 83 45 E0 10                     	ADD	DWORD [-32+EBP],16
   771 000007CB 83 7D F0 0D                     	CMP	DWORD [-16+EBP],13
   772 000007CF 7E BE                           	JLE	L55
   773 000007D1 8D 65 F4                        	LEA	ESP,DWORD [-12+EBP]
   774 000007D4 5B                              	POP	EBX
   775 000007D5 5E                              	POP	ESI
   776 000007D6 5F                              	POP	EDI
   777 000007D7 5D                              	POP	EBP
   778 000007D8 C3                              	RET
   779 000007D9                                 L61:
   780 000007D9 B2 0F                           	MOV	DL,15
   781 000007DB EB DC                           	JMP	L49
   782 000007DD                                 L60:
   783 000007DD 31 D2                           	XOR	EDX,EDX
   784 000007DF EB D8                           	JMP	L49
   785 000007E1                                 	GLOBAL	_putfonts8_asc_sht
   786 000007E1                                 _putfonts8_asc_sht:
   787 000007E1 55                              	PUSH	EBP
   788 000007E2 89 E5                           	MOV	EBP,ESP
   789 000007E4 57                              	PUSH	EDI
   790 000007E5 56                              	PUSH	ESI
   791 000007E6 53                              	PUSH	EBX
   792 000007E7 83 EC 0C                        	SUB	ESP,12
   793 000007EA 8B 45 08                        	MOV	EAX,DWORD [8+EBP]
   794 000007ED 8B 7D 10                        	MOV	EDI,DWORD [16+EBP]
   795 000007F0 89 45 F0                        	MOV	DWORD [-16+EBP],EAX
   796 000007F3 8B 5D 14                        	MOV	EBX,DWORD [20+EBP]
   797 000007F6 8B 45 0C                        	MOV	EAX,DWORD [12+EBP]
   798 000007F9 89 45 EC                        	MOV	DWORD [-20+EBP],EAX
   799 000007FC 8B 45 1C                        	MOV	EAX,DWORD [28+EBP]
   800 000007FF 89 45 E8                        	MOV	DWORD [-24+EBP],EAX
   801 00000802 8D 47 0F                        	LEA	EAX,DWORD [15+EDI]
   802 00000805 50                              	PUSH	EAX
   803 00000806 8B 45 EC                        	MOV	EAX,DWORD [-20+EBP]
   804 00000809 8B 75 20                        	MOV	ESI,DWORD [32+EBP]
   805 0000080C 0F BE DB                        	MOVSX	EBX,BL
   806 0000080F 8D 34 F0                        	LEA	ESI,DWORD [EAX+ESI*8]
   807 00000812 8D 46 FF                        	LEA	EAX,DWORD [-1+ESI]
   808 00000815 50                              	PUSH	EAX
   809 00000816 57                              	PUSH	EDI
   810 00000817 FF 75 EC                        	PUSH	DWORD [-20+EBP]
   811 0000081A 0F B6 45 18                     	MOVZX	EAX,BYTE [24+EBP]
   812 0000081E 50                              	PUSH	EAX
   813 0000081F 8B 45 F0                        	MOV	EAX,DWORD [-16+EBP]
   814 00000822 FF 70 04                        	PUSH	DWORD [4+EAX]
   815 00000825 FF 30                           	PUSH	DWORD [EAX]
   816 00000827 E8 [00000000]                   	CALL	_boxfill8
   817 0000082C FF 75 E8                        	PUSH	DWORD [-24+EBP]
   818 0000082F 53                              	PUSH	EBX
   819 00000830 57                              	PUSH	EDI
   820 00000831 FF 75 EC                        	PUSH	DWORD [-20+EBP]
   821 00000834 8B 45 F0                        	MOV	EAX,DWORD [-16+EBP]
   822 00000837 FF 70 04                        	PUSH	DWORD [4+EAX]
   823 0000083A FF 30                           	PUSH	DWORD [EAX]
   824 0000083C E8 [00000000]                   	CALL	_putfonts8_asc
   825 00000841 89 7D 10                        	MOV	DWORD [16+EBP],EDI
   826 00000844 8D 47 10                        	LEA	EAX,DWORD [16+EDI]
   827 00000847 89 75 14                        	MOV	DWORD [20+EBP],ESI
   828 0000084A 89 45 18                        	MOV	DWORD [24+EBP],EAX
   829 0000084D 83 C4 34                        	ADD	ESP,52
   830 00000850 8B 45 EC                        	MOV	EAX,DWORD [-20+EBP]
   831 00000853 89 45 0C                        	MOV	DWORD [12+EBP],EAX
   832 00000856 8B 45 F0                        	MOV	EAX,DWORD [-16+EBP]
   833 00000859 89 45 08                        	MOV	DWORD [8+EBP],EAX
   834 0000085C 8D 65 F4                        	LEA	ESP,DWORD [-12+EBP]
   835 0000085F 5B                              	POP	EBX
   836 00000860 5E                              	POP	ESI
   837 00000861 5F                              	POP	EDI
   838 00000862 5D                              	POP	EBP
   839 00000863 E9 [00000000]                   	JMP	_sheet_refresh
   840 00000868                                 	GLOBAL	_make_textbox8
   841 00000868                                 _make_textbox8:
   842 00000868 55                              	PUSH	EBP
   843 00000869 89 E5                           	MOV	EBP,ESP
   844 0000086B 57                              	PUSH	EDI
   845 0000086C 56                              	PUSH	ESI
   846 0000086D 53                              	PUSH	EBX
   847 0000086E 83 EC 14                        	SUB	ESP,20
   848 00000871 8B 45 0C                        	MOV	EAX,DWORD [12+EBP]
   849 00000874 8B 75 10                        	MOV	ESI,DWORD [16+EBP]
   850 00000877 03 45 14                        	ADD	EAX,DWORD [20+EBP]
   851 0000087A 83 EE 03                        	SUB	ESI,3
   852 0000087D 56                              	PUSH	ESI
   853 0000087E 89 45 F0                        	MOV	DWORD [-16+EBP],EAX
   854 00000881 8B 45 10                        	MOV	EAX,DWORD [16+EBP]
   855 00000884 03 45 18                        	ADD	EAX,DWORD [24+EBP]
   856 00000887 89 45 EC                        	MOV	DWORD [-20+EBP],EAX
   857 0000088A 8B 45 F0                        	MOV	EAX,DWORD [-16+EBP]
   858 0000088D 40                              	INC	EAX
   859 0000088E 50                              	PUSH	EAX
   860 0000088F 89 45 E8                        	MOV	DWORD [-24+EBP],EAX
   861 00000892 8B 45 0C                        	MOV	EAX,DWORD [12+EBP]
   862 00000895 56                              	PUSH	ESI
   863 00000896 83 E8 02                        	SUB	EAX,2
   864 00000899 50                              	PUSH	EAX
   865 0000089A 89 45 E4                        	MOV	DWORD [-28+EBP],EAX
   866 0000089D 8B 45 08                        	MOV	EAX,DWORD [8+EBP]
   867 000008A0 6A 0F                           	PUSH	15
   868 000008A2 FF 70 04                        	PUSH	DWORD [4+EAX]
   869 000008A5 FF 30                           	PUSH	DWORD [EAX]
   870 000008A7 E8 [00000000]                   	CALL	_boxfill8
   871 000008AC 8B 7D 0C                        	MOV	EDI,DWORD [12+EBP]
   872 000008AF 8B 45 EC                        	MOV	EAX,DWORD [-20+EBP]
   873 000008B2 83 EF 03                        	SUB	EDI,3
   874 000008B5 40                              	INC	EAX
   875 000008B6 50                              	PUSH	EAX
   876 000008B7 89 45 E0                        	MOV	DWORD [-32+EBP],EAX
   877 000008BA 57                              	PUSH	EDI
   878 000008BB 8B 45 08                        	MOV	EAX,DWORD [8+EBP]
   879 000008BE 56                              	PUSH	ESI
   880 000008BF 57                              	PUSH	EDI
   881 000008C0 6A 0F                           	PUSH	15
   882 000008C2 FF 70 04                        	PUSH	DWORD [4+EAX]
   883 000008C5 FF 30                           	PUSH	DWORD [EAX]
   884 000008C7 E8 [00000000]                   	CALL	_boxfill8
   885 000008CC 8B 45 08                        	MOV	EAX,DWORD [8+EBP]
   886 000008CF 83 C4 38                        	ADD	ESP,56
   887 000008D2 8B 5D EC                        	MOV	EBX,DWORD [-20+EBP]
   888 000008D5 83 C3 02                        	ADD	EBX,2
   889 000008D8 53                              	PUSH	EBX
   890 000008D9 FF 75 E8                        	PUSH	DWORD [-24+EBP]
   891 000008DC 53                              	PUSH	EBX
   892 000008DD 57                              	PUSH	EDI
   893 000008DE 6A 07                           	PUSH	7
   894 000008E0 FF 70 04                        	PUSH	DWORD [4+EAX]
   895 000008E3 FF 30                           	PUSH	DWORD [EAX]
   896 000008E5 E8 [00000000]                   	CALL	_boxfill8
   897 000008EA 8B 45 F0                        	MOV	EAX,DWORD [-16+EBP]
   898 000008ED 53                              	PUSH	EBX
   899 000008EE 83 C0 02                        	ADD	EAX,2
   900 000008F1 50                              	PUSH	EAX
   901 000008F2 56                              	PUSH	ESI
   902 000008F3 50                              	PUSH	EAX
   903 000008F4 8B 45 08                        	MOV	EAX,DWORD [8+EBP]
   904 000008F7 6A 07                           	PUSH	7
   905 000008F9 FF 70 04                        	PUSH	DWORD [4+EAX]
   906 000008FC FF 30                           	PUSH	DWORD [EAX]
   907 000008FE E8 [00000000]                   	CALL	_boxfill8
   908 00000903 8B 45 08                        	MOV	EAX,DWORD [8+EBP]
   909 00000906 83 C4 38                        	ADD	ESP,56
   910 00000909 8B 5D 10                        	MOV	EBX,DWORD [16+EBP]
   911 0000090C 83 EB 02                        	SUB	EBX,2
   912 0000090F 8B 7D 0C                        	MOV	EDI,DWORD [12+EBP]
   913 00000912 53                              	PUSH	EBX
   914 00000913 4F                              	DEC	EDI
   915 00000914 FF 75 F0                        	PUSH	DWORD [-16+EBP]
   916 00000917 53                              	PUSH	EBX
   917 00000918 57                              	PUSH	EDI
   918 00000919 6A 00                           	PUSH	0
   919 0000091B FF 70 04                        	PUSH	DWORD [4+EAX]
   920 0000091E FF 30                           	PUSH	DWORD [EAX]
   921 00000920 E8 [00000000]                   	CALL	_boxfill8
   922 00000925 8B 45 08                        	MOV	EAX,DWORD [8+EBP]
   923 00000928 FF 75 EC                        	PUSH	DWORD [-20+EBP]
   924 0000092B FF 75 E4                        	PUSH	DWORD [-28+EBP]
   925 0000092E 53                              	PUSH	EBX
   926 0000092F FF 75 E4                        	PUSH	DWORD [-28+EBP]
   927 00000932 6A 00                           	PUSH	0
   928 00000934 FF 70 04                        	PUSH	DWORD [4+EAX]
   929 00000937 FF 30                           	PUSH	DWORD [EAX]
   930 00000939 E8 [00000000]                   	CALL	_boxfill8
   931 0000093E 8B 45 08                        	MOV	EAX,DWORD [8+EBP]
   932 00000941 83 C4 38                        	ADD	ESP,56
   933 00000944 FF 75 E0                        	PUSH	DWORD [-32+EBP]
   934 00000947 FF 75 F0                        	PUSH	DWORD [-16+EBP]
   935 0000094A FF 75 E0                        	PUSH	DWORD [-32+EBP]
   936 0000094D FF 75 E4                        	PUSH	DWORD [-28+EBP]
   937 00000950 6A 08                           	PUSH	8
   938 00000952 FF 70 04                        	PUSH	DWORD [4+EAX]
   939 00000955 FF 30                           	PUSH	DWORD [EAX]
   940 00000957 E8 [00000000]                   	CALL	_boxfill8
   941 0000095C 8B 45 08                        	MOV	EAX,DWORD [8+EBP]
   942 0000095F FF 75 E0                        	PUSH	DWORD [-32+EBP]
   943 00000962 FF 75 E8                        	PUSH	DWORD [-24+EBP]
   944 00000965 53                              	PUSH	EBX
   945 00000966 FF 75 E8                        	PUSH	DWORD [-24+EBP]
   946 00000969 6A 08                           	PUSH	8
   947 0000096B FF 70 04                        	PUSH	DWORD [4+EAX]
   948 0000096E FF 30                           	PUSH	DWORD [EAX]
   949 00000970 E8 [00000000]                   	CALL	_boxfill8
   950 00000975 8B 45 10                        	MOV	EAX,DWORD [16+EBP]
   951 00000978 83 C4 38                        	ADD	ESP,56
   952 0000097B 48                              	DEC	EAX
   953 0000097C FF 75 EC                        	PUSH	DWORD [-20+EBP]
   954 0000097F FF 75 F0                        	PUSH	DWORD [-16+EBP]
   955 00000982 50                              	PUSH	EAX
   956 00000983 57                              	PUSH	EDI
   957 00000984 0F B6 45 1C                     	MOVZX	EAX,BYTE [28+EBP]
   958 00000988 50                              	PUSH	EAX
   959 00000989 8B 45 08                        	MOV	EAX,DWORD [8+EBP]
   960 0000098C FF 70 04                        	PUSH	DWORD [4+EAX]
   961 0000098F FF 30                           	PUSH	DWORD [EAX]
   962 00000991 E8 [00000000]                   	CALL	_boxfill8
   963 00000996 8D 65 F4                        	LEA	ESP,DWORD [-12+EBP]
   964 00000999 5B                              	POP	EBX
   965 0000099A 5E                              	POP	ESI
   966 0000099B 5F                              	POP	EDI
   967 0000099C 5D                              	POP	EBP
   968 0000099D C3                              	RET
