     1 00000000                                 [FORMAT "WCOFF"]
     2 00000000                                 [INSTRSET "i486p"]
     3 00000000                                 [OPTIMIZE 1]
     4 00000000                                 [OPTION 1]
     5 00000000                                 [BITS 32]
     6 00000000                                 	EXTERN	_sprintf
     7 00000000                                 	EXTERN	_io_hlt
     8 00000000                                 	EXTERN	_io_load_eflags
     9 00000000                                 	EXTERN	_io_cli
    10 00000000                                 	EXTERN	_io_out8
    11 00000000                                 	EXTERN	_io_store_eflags
    12 00000000                                 	EXTERN	_hankaku
    13 00000000                                 [FILE "bootpack.c"]
    14                                          [SECTION .data]
    15 00000000                                 _font_A.0:
    16 00000000 00                              	DB	0
    17 00000001 18                              	DB	24
    18 00000002 18                              	DB	24
    19 00000003 18                              	DB	24
    20 00000004 18                              	DB	24
    21 00000005 24                              	DB	36
    22 00000006 24                              	DB	36
    23 00000007 24                              	DB	36
    24 00000008 24                              	DB	36
    25 00000009 7E                              	DB	126
    26 0000000A 42                              	DB	66
    27 0000000B 42                              	DB	66
    28 0000000C 42                              	DB	66
    29 0000000D E7                              	DB	-25
    30 0000000E 00                              	DB	0
    31 0000000F 00                              	DB	0
    32 00000010                                 LC0:
    33 00000010 41 42 43 20 31 32 33 00         	DB	"ABC 123",0x00
    34 00000018                                 LC1:
    35 00000018 48 65 6C 6C 6F 20 4C 69 6E 67   	DB	"Hello LingerOS",0x00
       00000022 65 72 4F 53 00 
    36 00000027                                 LC2:
    37 00000027 73 63 72 6E 78 3D 25 64 00      	DB	"scrnx=%d",0x00
    38                                          [SECTION .text]
    39 00000000                                 	GLOBAL	_HariMain
    40 00000000                                 _HariMain:
    41 00000000 55                              	PUSH	EBP
    42 00000001 89 E5                           	MOV	EBP,ESP
    43 00000003 53                              	PUSH	EBX
    44 00000004 E8 00000094                     	CALL	_init_palette
    45 00000009 0F BF 05 00000FF6               	MOVSX	EAX,WORD [4086]
    46 00000010 50                              	PUSH	EAX
    47 00000011 0F BF 05 00000FF4               	MOVSX	EAX,WORD [4084]
    48 00000018 50                              	PUSH	EAX
    49 00000019 FF 35 00000FF8                  	PUSH	DWORD [4088]
    50 0000001F E8 00000165                     	CALL	_init_screen
    51 00000024 68 [00000010]                   	PUSH	LC0
    52 00000029 6A 07                           	PUSH	7
    53 0000002B 6A 08                           	PUSH	8
    54 0000002D 6A 08                           	PUSH	8
    55 0000002F 0F BF 05 00000FF4               	MOVSX	EAX,WORD [4084]
    56 00000036 50                              	PUSH	EAX
    57 00000037 FF 35 00000FF8                  	PUSH	DWORD [4088]
    58 0000003D E8 00000358                     	CALL	_putfonts8_asc
    59 00000042 83 C4 24                        	ADD	ESP,36
    60 00000045 68 [00000018]                   	PUSH	LC1
    61 0000004A 6A 00                           	PUSH	0
    62 0000004C 6A 1F                           	PUSH	31
    63 0000004E 6A 1F                           	PUSH	31
    64 00000050 0F BF 05 00000FF4               	MOVSX	EAX,WORD [4084]
    65 00000057 50                              	PUSH	EAX
    66 00000058 FF 35 00000FF8                  	PUSH	DWORD [4088]
    67 0000005E E8 00000337                     	CALL	_putfonts8_asc
    68 00000063 0F BF 05 00000FF4               	MOVSX	EAX,WORD [4084]
    69 0000006A 50                              	PUSH	EAX
    70 0000006B 68 [00000027]                   	PUSH	LC2
    71 00000070 53                              	PUSH	EBX
    72 00000071 E8 [00000000]                   	CALL	_sprintf
    73 00000076 83 C4 24                        	ADD	ESP,36
    74 00000079 53                              	PUSH	EBX
    75 0000007A 6A 07                           	PUSH	7
    76 0000007C 6A 40                           	PUSH	64
    77 0000007E 6A 10                           	PUSH	16
    78 00000080 0F BF 05 00000FF4               	MOVSX	EAX,WORD [4084]
    79 00000087 50                              	PUSH	EAX
    80 00000088 FF 35 00000FF8                  	PUSH	DWORD [4088]
    81 0000008E E8 00000307                     	CALL	_putfonts8_asc
    82 00000093 83 C4 18                        	ADD	ESP,24
    83 00000096                                 L2:
    84 00000096 E8 [00000000]                   	CALL	_io_hlt
    85 0000009B EB F9                           	JMP	L2
    86                                          [SECTION .data]
    87 00000030                                 _table_rgb.1:
    88 00000030 00                              	DB	0
    89 00000031 00                              	DB	0
    90 00000032 00                              	DB	0
    91 00000033 FF                              	DB	-1
    92 00000034 00                              	DB	0
    93 00000035 00                              	DB	0
    94 00000036 00                              	DB	0
    95 00000037 FF                              	DB	-1
    96 00000038 00                              	DB	0
    97 00000039 FF                              	DB	-1
    98 0000003A FF                              	DB	-1
    99 0000003B 00                              	DB	0
   100 0000003C 00                              	DB	0
   101 0000003D 00                              	DB	0
   102 0000003E FF                              	DB	-1
   103 0000003F FF                              	DB	-1
   104 00000040 00                              	DB	0
   105 00000041 FF                              	DB	-1
   106 00000042 00                              	DB	0
   107 00000043 FF                              	DB	-1
   108 00000044 FF                              	DB	-1
   109 00000045 FF                              	DB	-1
   110 00000046 FF                              	DB	-1
   111 00000047 FF                              	DB	-1
   112 00000048 C6                              	DB	-58
   113 00000049 C6                              	DB	-58
   114 0000004A C6                              	DB	-58
   115 0000004B 84                              	DB	-124
   116 0000004C 00                              	DB	0
   117 0000004D 00                              	DB	0
   118 0000004E 00                              	DB	0
   119 0000004F 84                              	DB	-124
   120 00000050 00                              	DB	0
   121 00000051 84                              	DB	-124
   122 00000052 84                              	DB	-124
   123 00000053 00                              	DB	0
   124 00000054 00                              	DB	0
   125 00000055 00                              	DB	0
   126 00000056 84                              	DB	-124
   127 00000057 84                              	DB	-124
   128 00000058 00                              	DB	0
   129 00000059 84                              	DB	-124
   130 0000005A 00                              	DB	0
   131 0000005B 84                              	DB	-124
   132 0000005C 84                              	DB	-124
   133 0000005D 84                              	DB	-124
   134 0000005E 84                              	DB	-124
   135 0000005F 84                              	DB	-124
   136                                          [SECTION .text]
   137 0000009D                                 	GLOBAL	_init_palette
   138 0000009D                                 _init_palette:
   139 0000009D 55                              	PUSH	EBP
   140 0000009E 89 E5                           	MOV	EBP,ESP
   141 000000A0 68 [00000030]                   	PUSH	_table_rgb.1
   142 000000A5 6A 0F                           	PUSH	15
   143 000000A7 6A 00                           	PUSH	0
   144 000000A9 E8 00000002                     	CALL	_set_palette
   145 000000AE C9                              	LEAVE
   146 000000AF C3                              	RET
   147 000000B0                                 	GLOBAL	_set_palette
   148 000000B0                                 _set_palette:
   149 000000B0 55                              	PUSH	EBP
   150 000000B1 89 E5                           	MOV	EBP,ESP
   151 000000B3 57                              	PUSH	EDI
   152 000000B4 56                              	PUSH	ESI
   153 000000B5 53                              	PUSH	EBX
   154 000000B6 51                              	PUSH	ECX
   155 000000B7 8B 5D 08                        	MOV	EBX,DWORD [8+EBP]
   156 000000BA 8B 7D 0C                        	MOV	EDI,DWORD [12+EBP]
   157 000000BD 8B 75 10                        	MOV	ESI,DWORD [16+EBP]
   158 000000C0 E8 [00000000]                   	CALL	_io_load_eflags
   159 000000C5 89 45 F0                        	MOV	DWORD [-16+EBP],EAX
   160 000000C8 E8 [00000000]                   	CALL	_io_cli
   161 000000CD 53                              	PUSH	EBX
   162 000000CE 68 000003C8                     	PUSH	968
   163 000000D3 E8 [00000000]                   	CALL	_io_out8
   164 000000D8 39 FB                           	CMP	EBX,EDI
   165 000000DA 58                              	POP	EAX
   166 000000DB 5A                              	POP	EDX
   167 000000DC 7E 12                           	JLE	L11
   168 000000DE                                 L13:
   169 000000DE 8B 45 F0                        	MOV	EAX,DWORD [-16+EBP]
   170 000000E1 89 45 08                        	MOV	DWORD [8+EBP],EAX
   171 000000E4 8D 65 F4                        	LEA	ESP,DWORD [-12+EBP]
   172 000000E7 5B                              	POP	EBX
   173 000000E8 5E                              	POP	ESI
   174 000000E9 5F                              	POP	EDI
   175 000000EA 5D                              	POP	EBP
   176 000000EB E9 [00000000]                   	JMP	_io_store_eflags
   177 000000F0                                 L11:
   178 000000F0 8A 06                           	MOV	AL,BYTE [ESI]
   179 000000F2 43                              	INC	EBX
   180 000000F3 C0 E8 02                        	SHR	AL,2
   181 000000F6 0F B6 C0                        	MOVZX	EAX,AL
   182 000000F9 50                              	PUSH	EAX
   183 000000FA 68 000003C9                     	PUSH	969
   184 000000FF E8 [00000000]                   	CALL	_io_out8
   185 00000104 8A 46 01                        	MOV	AL,BYTE [1+ESI]
   186 00000107 C0 E8 02                        	SHR	AL,2
   187 0000010A 0F B6 C0                        	MOVZX	EAX,AL
   188 0000010D 50                              	PUSH	EAX
   189 0000010E 68 000003C9                     	PUSH	969
   190 00000113 E8 [00000000]                   	CALL	_io_out8
   191 00000118 8A 46 02                        	MOV	AL,BYTE [2+ESI]
   192 0000011B C0 E8 02                        	SHR	AL,2
   193 0000011E 83 C6 03                        	ADD	ESI,3
   194 00000121 0F B6 C0                        	MOVZX	EAX,AL
   195 00000124 50                              	PUSH	EAX
   196 00000125 68 000003C9                     	PUSH	969
   197 0000012A E8 [00000000]                   	CALL	_io_out8
   198 0000012F 83 C4 18                        	ADD	ESP,24
   199 00000132 39 FB                           	CMP	EBX,EDI
   200 00000134 7E BA                           	JLE	L11
   201 00000136 EB A6                           	JMP	L13
   202 00000138                                 	GLOBAL	_boxfill8
   203 00000138                                 _boxfill8:
   204 00000138 55                              	PUSH	EBP
   205 00000139 89 E5                           	MOV	EBP,ESP
   206 0000013B 57                              	PUSH	EDI
   207 0000013C 56                              	PUSH	ESI
   208 0000013D 53                              	PUSH	EBX
   209 0000013E 57                              	PUSH	EDI
   210 0000013F 57                              	PUSH	EDI
   211 00000140 8A 45 10                        	MOV	AL,BYTE [16+EBP]
   212 00000143 8B 4D 18                        	MOV	ECX,DWORD [24+EBP]
   213 00000146 8B 7D 1C                        	MOV	EDI,DWORD [28+EBP]
   214 00000149 88 45 F3                        	MOV	BYTE [-13+EBP],AL
   215 0000014C 3B 4D 20                        	CMP	ECX,DWORD [32+EBP]
   216 0000014F 7F 31                           	JG	L26
   217 00000151 8B 5D 0C                        	MOV	EBX,DWORD [12+EBP]
   218 00000154 0F AF D9                        	IMUL	EBX,ECX
   219 00000157                                 L24:
   220 00000157 8B 55 14                        	MOV	EDX,DWORD [20+EBP]
   221 0000015A 39 FA                           	CMP	EDX,EDI
   222 0000015C 7F 1B                           	JG	L28
   223 0000015E 8B 75 08                        	MOV	ESI,DWORD [8+EBP]
   224 00000161 01 DE                           	ADD	ESI,EBX
   225 00000163 01 D6                           	ADD	ESI,EDX
   226 00000165 89 75 EC                        	MOV	DWORD [-20+EBP],ESI
   227 00000168                                 L23:
   228 00000168 8B 75 EC                        	MOV	ESI,DWORD [-20+EBP]
   229 0000016B 8A 45 F3                        	MOV	AL,BYTE [-13+EBP]
   230 0000016E 42                              	INC	EDX
   231 0000016F 88 06                           	MOV	BYTE [ESI],AL
   232 00000171 46                              	INC	ESI
   233 00000172 89 75 EC                        	MOV	DWORD [-20+EBP],ESI
   234 00000175 39 FA                           	CMP	EDX,EDI
   235 00000177 7E EF                           	JLE	L23
   236 00000179                                 L28:
   237 00000179 41                              	INC	ECX
   238 0000017A 03 5D 0C                        	ADD	EBX,DWORD [12+EBP]
   239 0000017D 3B 4D 20                        	CMP	ECX,DWORD [32+EBP]
   240 00000180 7E D5                           	JLE	L24
   241 00000182                                 L26:
   242 00000182 5B                              	POP	EBX
   243 00000183 5E                              	POP	ESI
   244 00000184 5B                              	POP	EBX
   245 00000185 5E                              	POP	ESI
   246 00000186 5F                              	POP	EDI
   247 00000187 5D                              	POP	EBP
   248 00000188 C3                              	RET
   249 00000189                                 	GLOBAL	_init_screen
   250 00000189                                 _init_screen:
   251 00000189 55                              	PUSH	EBP
   252 0000018A 89 E5                           	MOV	EBP,ESP
   253 0000018C 57                              	PUSH	EDI
   254 0000018D 56                              	PUSH	ESI
   255 0000018E 53                              	PUSH	EBX
   256 0000018F 83 EC 0C                        	SUB	ESP,12
   257 00000192 8B 45 10                        	MOV	EAX,DWORD [16+EBP]
   258 00000195 8B 7D 0C                        	MOV	EDI,DWORD [12+EBP]
   259 00000198 83 E8 1D                        	SUB	EAX,29
   260 0000019B 4F                              	DEC	EDI
   261 0000019C 50                              	PUSH	EAX
   262 0000019D 57                              	PUSH	EDI
   263 0000019E 6A 00                           	PUSH	0
   264 000001A0 6A 00                           	PUSH	0
   265 000001A2 6A 0E                           	PUSH	14
   266 000001A4 FF 75 0C                        	PUSH	DWORD [12+EBP]
   267 000001A7 FF 75 08                        	PUSH	DWORD [8+EBP]
   268 000001AA E8 FFFFFF89                     	CALL	_boxfill8
   269 000001AF 8B 45 10                        	MOV	EAX,DWORD [16+EBP]
   270 000001B2 83 E8 1C                        	SUB	EAX,28
   271 000001B5 50                              	PUSH	EAX
   272 000001B6 57                              	PUSH	EDI
   273 000001B7 50                              	PUSH	EAX
   274 000001B8 6A 00                           	PUSH	0
   275 000001BA 6A 08                           	PUSH	8
   276 000001BC FF 75 0C                        	PUSH	DWORD [12+EBP]
   277 000001BF FF 75 08                        	PUSH	DWORD [8+EBP]
   278 000001C2 E8 FFFFFF71                     	CALL	_boxfill8
   279 000001C7 8B 45 10                        	MOV	EAX,DWORD [16+EBP]
   280 000001CA 83 C4 38                        	ADD	ESP,56
   281 000001CD 83 E8 1B                        	SUB	EAX,27
   282 000001D0 50                              	PUSH	EAX
   283 000001D1 57                              	PUSH	EDI
   284 000001D2 50                              	PUSH	EAX
   285 000001D3 6A 00                           	PUSH	0
   286 000001D5 6A 07                           	PUSH	7
   287 000001D7 FF 75 0C                        	PUSH	DWORD [12+EBP]
   288 000001DA FF 75 08                        	PUSH	DWORD [8+EBP]
   289 000001DD E8 FFFFFF56                     	CALL	_boxfill8
   290 000001E2 8B 45 10                        	MOV	EAX,DWORD [16+EBP]
   291 000001E5 48                              	DEC	EAX
   292 000001E6 50                              	PUSH	EAX
   293 000001E7 8B 45 10                        	MOV	EAX,DWORD [16+EBP]
   294 000001EA 57                              	PUSH	EDI
   295 000001EB 83 E8 1A                        	SUB	EAX,26
   296 000001EE 50                              	PUSH	EAX
   297 000001EF 6A 00                           	PUSH	0
   298 000001F1 6A 08                           	PUSH	8
   299 000001F3 FF 75 0C                        	PUSH	DWORD [12+EBP]
   300 000001F6 FF 75 08                        	PUSH	DWORD [8+EBP]
   301 000001F9 E8 FFFFFF3A                     	CALL	_boxfill8
   302 000001FE 8B 75 10                        	MOV	ESI,DWORD [16+EBP]
   303 00000201 83 C4 38                        	ADD	ESP,56
   304 00000204 83 EE 18                        	SUB	ESI,24
   305 00000207 56                              	PUSH	ESI
   306 00000208 6A 3B                           	PUSH	59
   307 0000020A 56                              	PUSH	ESI
   308 0000020B 6A 03                           	PUSH	3
   309 0000020D 6A 07                           	PUSH	7
   310 0000020F FF 75 0C                        	PUSH	DWORD [12+EBP]
   311 00000212 FF 75 08                        	PUSH	DWORD [8+EBP]
   312 00000215 E8 FFFFFF1E                     	CALL	_boxfill8
   313 0000021A 8B 45 10                        	MOV	EAX,DWORD [16+EBP]
   314 0000021D 83 E8 04                        	SUB	EAX,4
   315 00000220 50                              	PUSH	EAX
   316 00000221 89 45 F0                        	MOV	DWORD [-16+EBP],EAX
   317 00000224 6A 02                           	PUSH	2
   318 00000226 56                              	PUSH	ESI
   319 00000227 6A 02                           	PUSH	2
   320 00000229 6A 07                           	PUSH	7
   321 0000022B FF 75 0C                        	PUSH	DWORD [12+EBP]
   322 0000022E FF 75 08                        	PUSH	DWORD [8+EBP]
   323 00000231 E8 FFFFFF02                     	CALL	_boxfill8
   324 00000236 83 C4 38                        	ADD	ESP,56
   325 00000239 FF 75 F0                        	PUSH	DWORD [-16+EBP]
   326 0000023C 6A 3B                           	PUSH	59
   327 0000023E FF 75 F0                        	PUSH	DWORD [-16+EBP]
   328 00000241 6A 03                           	PUSH	3
   329 00000243 6A 0F                           	PUSH	15
   330 00000245 FF 75 0C                        	PUSH	DWORD [12+EBP]
   331 00000248 FF 75 08                        	PUSH	DWORD [8+EBP]
   332 0000024B E8 FFFFFEE8                     	CALL	_boxfill8
   333 00000250 8B 45 10                        	MOV	EAX,DWORD [16+EBP]
   334 00000253 83 E8 05                        	SUB	EAX,5
   335 00000256 50                              	PUSH	EAX
   336 00000257 8B 45 10                        	MOV	EAX,DWORD [16+EBP]
   337 0000025A 6A 3B                           	PUSH	59
   338 0000025C 83 E8 17                        	SUB	EAX,23
   339 0000025F 50                              	PUSH	EAX
   340 00000260 89 45 EC                        	MOV	DWORD [-20+EBP],EAX
   341 00000263 6A 3B                           	PUSH	59
   342 00000265 6A 0F                           	PUSH	15
   343 00000267 FF 75 0C                        	PUSH	DWORD [12+EBP]
   344 0000026A FF 75 08                        	PUSH	DWORD [8+EBP]
   345 0000026D E8 FFFFFEC6                     	CALL	_boxfill8
   346 00000272 8B 45 10                        	MOV	EAX,DWORD [16+EBP]
   347 00000275 83 C4 38                        	ADD	ESP,56
   348 00000278 83 E8 03                        	SUB	EAX,3
   349 0000027B 89 45 E8                        	MOV	DWORD [-24+EBP],EAX
   350 0000027E 50                              	PUSH	EAX
   351 0000027F 6A 3B                           	PUSH	59
   352 00000281 50                              	PUSH	EAX
   353 00000282 6A 02                           	PUSH	2
   354 00000284 6A 00                           	PUSH	0
   355 00000286 FF 75 0C                        	PUSH	DWORD [12+EBP]
   356 00000289 FF 75 08                        	PUSH	DWORD [8+EBP]
   357 0000028C E8 FFFFFEA7                     	CALL	_boxfill8
   358 00000291 FF 75 E8                        	PUSH	DWORD [-24+EBP]
   359 00000294 6A 3C                           	PUSH	60
   360 00000296 56                              	PUSH	ESI
   361 00000297 6A 3C                           	PUSH	60
   362 00000299 6A 00                           	PUSH	0
   363 0000029B FF 75 0C                        	PUSH	DWORD [12+EBP]
   364 0000029E FF 75 08                        	PUSH	DWORD [8+EBP]
   365 000002A1 E8 FFFFFE92                     	CALL	_boxfill8
   366 000002A6 8B 7D 0C                        	MOV	EDI,DWORD [12+EBP]
   367 000002A9 83 C4 38                        	ADD	ESP,56
   368 000002AC 8B 5D 0C                        	MOV	EBX,DWORD [12+EBP]
   369 000002AF 83 EB 04                        	SUB	EBX,4
   370 000002B2 83 EF 2F                        	SUB	EDI,47
   371 000002B5 56                              	PUSH	ESI
   372 000002B6 53                              	PUSH	EBX
   373 000002B7 56                              	PUSH	ESI
   374 000002B8 57                              	PUSH	EDI
   375 000002B9 6A 0F                           	PUSH	15
   376 000002BB FF 75 0C                        	PUSH	DWORD [12+EBP]
   377 000002BE FF 75 08                        	PUSH	DWORD [8+EBP]
   378 000002C1 E8 FFFFFE72                     	CALL	_boxfill8
   379 000002C6 FF 75 F0                        	PUSH	DWORD [-16+EBP]
   380 000002C9 57                              	PUSH	EDI
   381 000002CA FF 75 EC                        	PUSH	DWORD [-20+EBP]
   382 000002CD 57                              	PUSH	EDI
   383 000002CE 6A 0F                           	PUSH	15
   384 000002D0 FF 75 0C                        	PUSH	DWORD [12+EBP]
   385 000002D3 FF 75 08                        	PUSH	DWORD [8+EBP]
   386 000002D6 E8 FFFFFE5D                     	CALL	_boxfill8
   387 000002DB 83 C4 38                        	ADD	ESP,56
   388 000002DE FF 75 E8                        	PUSH	DWORD [-24+EBP]
   389 000002E1 53                              	PUSH	EBX
   390 000002E2 FF 75 E8                        	PUSH	DWORD [-24+EBP]
   391 000002E5 57                              	PUSH	EDI
   392 000002E6 6A 07                           	PUSH	7
   393 000002E8 FF 75 0C                        	PUSH	DWORD [12+EBP]
   394 000002EB FF 75 08                        	PUSH	DWORD [8+EBP]
   395 000002EE E8 FFFFFE45                     	CALL	_boxfill8
   396 000002F3 8B 45 0C                        	MOV	EAX,DWORD [12+EBP]
   397 000002F6 FF 75 E8                        	PUSH	DWORD [-24+EBP]
   398 000002F9 83 E8 03                        	SUB	EAX,3
   399 000002FC 50                              	PUSH	EAX
   400 000002FD 56                              	PUSH	ESI
   401 000002FE 50                              	PUSH	EAX
   402 000002FF 6A 07                           	PUSH	7
   403 00000301 FF 75 0C                        	PUSH	DWORD [12+EBP]
   404 00000304 FF 75 08                        	PUSH	DWORD [8+EBP]
   405 00000307 E8 FFFFFE2C                     	CALL	_boxfill8
   406 0000030C 8D 65 F4                        	LEA	ESP,DWORD [-12+EBP]
   407 0000030F 5B                              	POP	EBX
   408 00000310 5E                              	POP	ESI
   409 00000311 5F                              	POP	EDI
   410 00000312 5D                              	POP	EBP
   411 00000313 C3                              	RET
   412 00000314                                 	GLOBAL	_putfont8
   413 00000314                                 _putfont8:
   414 00000314 55                              	PUSH	EBP
   415 00000315 89 E5                           	MOV	EBP,ESP
   416 00000317 57                              	PUSH	EDI
   417 00000318 56                              	PUSH	ESI
   418 00000319 31 F6                           	XOR	ESI,ESI
   419 0000031B 53                              	PUSH	EBX
   420 0000031C 8B 7D 1C                        	MOV	EDI,DWORD [28+EBP]
   421 0000031F 8A 5D 18                        	MOV	BL,BYTE [24+EBP]
   422 00000322                                 L43:
   423 00000322 8B 45 14                        	MOV	EAX,DWORD [20+EBP]
   424 00000325 8B 55 10                        	MOV	EDX,DWORD [16+EBP]
   425 00000328 01 F0                           	ADD	EAX,ESI
   426 0000032A 0F AF 45 0C                     	IMUL	EAX,DWORD [12+EBP]
   427 0000032E 03 45 08                        	ADD	EAX,DWORD [8+EBP]
   428 00000331 8D 0C 02                        	LEA	ECX,DWORD [EDX+EAX*1]
   429 00000334 8A 14 3E                        	MOV	DL,BYTE [ESI+EDI*1]
   430 00000337 84 D2                           	TEST	DL,DL
   431 00000339 79 02                           	JNS	L35
   432 0000033B 88 19                           	MOV	BYTE [ECX],BL
   433 0000033D                                 L35:
   434 0000033D 88 D0                           	MOV	AL,DL
   435 0000033F 83 E0 40                        	AND	EAX,64
   436 00000342 84 C0                           	TEST	AL,AL
   437 00000344 74 03                           	JE	L36
   438 00000346 88 59 01                        	MOV	BYTE [1+ECX],BL
   439 00000349                                 L36:
   440 00000349 88 D0                           	MOV	AL,DL
   441 0000034B 83 E0 20                        	AND	EAX,32
   442 0000034E 84 C0                           	TEST	AL,AL
   443 00000350 74 03                           	JE	L37
   444 00000352 88 59 02                        	MOV	BYTE [2+ECX],BL
   445 00000355                                 L37:
   446 00000355 88 D0                           	MOV	AL,DL
   447 00000357 83 E0 10                        	AND	EAX,16
   448 0000035A 84 C0                           	TEST	AL,AL
   449 0000035C 74 03                           	JE	L38
   450 0000035E 88 59 03                        	MOV	BYTE [3+ECX],BL
   451 00000361                                 L38:
   452 00000361 88 D0                           	MOV	AL,DL
   453 00000363 83 E0 08                        	AND	EAX,8
   454 00000366 84 C0                           	TEST	AL,AL
   455 00000368 74 03                           	JE	L39
   456 0000036A 88 59 04                        	MOV	BYTE [4+ECX],BL
   457 0000036D                                 L39:
   458 0000036D 88 D0                           	MOV	AL,DL
   459 0000036F 83 E0 04                        	AND	EAX,4
   460 00000372 84 C0                           	TEST	AL,AL
   461 00000374 74 03                           	JE	L40
   462 00000376 88 59 05                        	MOV	BYTE [5+ECX],BL
   463 00000379                                 L40:
   464 00000379 88 D0                           	MOV	AL,DL
   465 0000037B 83 E0 02                        	AND	EAX,2
   466 0000037E 84 C0                           	TEST	AL,AL
   467 00000380 74 03                           	JE	L41
   468 00000382 88 59 06                        	MOV	BYTE [6+ECX],BL
   469 00000385                                 L41:
   470 00000385 83 E2 01                        	AND	EDX,1
   471 00000388 84 D2                           	TEST	DL,DL
   472 0000038A 74 03                           	JE	L33
   473 0000038C 88 59 07                        	MOV	BYTE [7+ECX],BL
   474 0000038F                                 L33:
   475 0000038F 46                              	INC	ESI
   476 00000390 83 FE 0F                        	CMP	ESI,15
   477 00000393 7E 8D                           	JLE	L43
   478 00000395 5B                              	POP	EBX
   479 00000396 5E                              	POP	ESI
   480 00000397 5F                              	POP	EDI
   481 00000398 5D                              	POP	EBP
   482 00000399 C3                              	RET
   483 0000039A                                 	GLOBAL	_putfonts8_asc
   484 0000039A                                 _putfonts8_asc:
   485 0000039A 55                              	PUSH	EBP
   486 0000039B 89 E5                           	MOV	EBP,ESP
   487 0000039D 57                              	PUSH	EDI
   488 0000039E 56                              	PUSH	ESI
   489 0000039F 53                              	PUSH	EBX
   490 000003A0 50                              	PUSH	EAX
   491 000003A1 8B 5D 1C                        	MOV	EBX,DWORD [28+EBP]
   492 000003A4 8A 45 18                        	MOV	AL,BYTE [24+EBP]
   493 000003A7 88 45 F3                        	MOV	BYTE [-13+EBP],AL
   494 000003AA 8B 75 10                        	MOV	ESI,DWORD [16+EBP]
   495 000003AD 8B 7D 14                        	MOV	EDI,DWORD [20+EBP]
   496 000003B0 80 3B 00                        	CMP	BYTE [EBX],0
   497 000003B3 75 08                           	JNE	L51
   498 000003B5                                 L53:
   499 000003B5 8D 65 F4                        	LEA	ESP,DWORD [-12+EBP]
   500 000003B8 5B                              	POP	EBX
   501 000003B9 5E                              	POP	ESI
   502 000003BA 5F                              	POP	EDI
   503 000003BB 5D                              	POP	EBP
   504 000003BC C3                              	RET
   505 000003BD                                 L51:
   506 000003BD 0F B6 03                        	MOVZX	EAX,BYTE [EBX]
   507 000003C0 C1 E0 04                        	SAL	EAX,4
   508 000003C3 43                              	INC	EBX
   509 000003C4 05 [00000000]                   	ADD	EAX,_hankaku
   510 000003C9 50                              	PUSH	EAX
   511 000003CA 0F BE 45 F3                     	MOVSX	EAX,BYTE [-13+EBP]
   512 000003CE 50                              	PUSH	EAX
   513 000003CF 57                              	PUSH	EDI
   514 000003D0 56                              	PUSH	ESI
   515 000003D1 83 C6 08                        	ADD	ESI,8
   516 000003D4 FF 75 0C                        	PUSH	DWORD [12+EBP]
   517 000003D7 FF 75 08                        	PUSH	DWORD [8+EBP]
   518 000003DA E8 FFFFFF35                     	CALL	_putfont8
   519 000003DF 83 C4 18                        	ADD	ESP,24
   520 000003E2 80 3B 00                        	CMP	BYTE [EBX],0
   521 000003E5 75 D6                           	JNE	L51
   522 000003E7 EB CC                           	JMP	L53
