     1 00000000                                 [FORMAT "WCOFF"]
     2 00000000                                 [INSTRSET "i486p"]
     3 00000000                                 [OPTIMIZE 1]
     4 00000000                                 [OPTION 1]
     5 00000000                                 [BITS 32]
     6 00000000                                 	EXTERN	_init_gdtidt
     7 00000000                                 	EXTERN	_init_pic
     8 00000000                                 	EXTERN	_io_sti
     9 00000000                                 	EXTERN	_keyfifo
    10 00000000                                 	EXTERN	_fifo8_init
    11 00000000                                 	EXTERN	_mousefifo
    12 00000000                                 	EXTERN	_init_pit
    13 00000000                                 	EXTERN	_io_out8
    14 00000000                                 	EXTERN	_init_keyboard
    15 00000000                                 	EXTERN	_enable_mouse
    16 00000000                                 	EXTERN	_memtest
    17 00000000                                 	EXTERN	_memman_init
    18 00000000                                 	EXTERN	_memman_free
    19 00000000                                 	EXTERN	_init_palette
    20 00000000                                 	EXTERN	_shtctl_init
    21 00000000                                 	EXTERN	_sheet_alloc
    22 00000000                                 	EXTERN	_memman_alloc_4k
    23 00000000                                 	EXTERN	_sheet_setbuf
    24 00000000                                 	EXTERN	_init_screen8
    25 00000000                                 	EXTERN	_init_mouse_cursor8
    26 00000000                                 	EXTERN	_sheet_slide
    27 00000000                                 	EXTERN	_sheet_updown
    28 00000000                                 	EXTERN	_sprintf
    29 00000000                                 	EXTERN	_putfonts8_asc
    30 00000000                                 	EXTERN	_memman_total
    31 00000000                                 	EXTERN	_sheet_refresh
    32 00000000                                 	EXTERN	_boxfill8
    33 00000000                                 	EXTERN	_io_cli
    34 00000000                                 	EXTERN	_fifo8_status
    35 00000000                                 	EXTERN	_fifo8_get
    36 00000000                                 	EXTERN	_mouse_decode
    37 00000000                                 [FILE "bootpack.c"]
    38                                          [SECTION .data]
    39 00000000                                 LC0:
    40 00000000 43 6F 75 6E 74 65 72 00         	DB	"Counter",0x00
    41 00000008                                 LC1:
    42 00000008 28 25 33 64 2C 20 25 33 64 29   	DB	"(%3d, %3d)",0x00
       00000012 00 
    43 00000013                                 LC2:
    44 00000013 6D 65 6D 6F 72 79 20 25 64 4D   	DB	"memory %dMB   free : %dKB",0x00
       0000001D 42 20 20 20 66 72 65 65 20 3A 
       00000027 20 25 64 4B 42 00 
    45 0000002D                                 LC3:
    46 0000002D 25 30 31 30 64 00               	DB	"%010d",0x00
    47 00000033                                 LC5:
    48 00000033 5B 6C 63 72 20 25 34 64 20 25   	DB	"[lcr %4d %4d]",0x00
       0000003D 34 64 5D 00 
    49 00000041                                 LC4:
    50 00000041 25 30 32 58 00                  	DB	"%02X",0x00
    51                                          [SECTION .text]
    52 00000000                                 	GLOBAL	_HariMain
    53 00000000                                 _HariMain:
    54 00000000 55                              	PUSH	EBP
    55 00000001 89 E5                           	MOV	EBP,ESP
    56 00000003 57                              	PUSH	EDI
    57 00000004 56                              	PUSH	ESI
    58 00000005 53                              	PUSH	EBX
    59 00000006 81 EC 00000314                  	SUB	ESP,788
    60 0000000C C7 85 FFFFFCE8 00000000         	MOV	DWORD [-792+EBP],0
    61 00000016 E8 [00000000]                   	CALL	_init_gdtidt
    62 0000001B E8 [00000000]                   	CALL	_init_pic
    63 00000020 E8 [00000000]                   	CALL	_io_sti
    64 00000025 8D 85 FFFFFEA4                  	LEA	EAX,DWORD [-348+EBP]
    65 0000002B 50                              	PUSH	EAX
    66 0000002C 6A 20                           	PUSH	32
    67 0000002E 68 [00000000]                   	PUSH	_keyfifo
    68 00000033 E8 [00000000]                   	CALL	_fifo8_init
    69 00000038 8D 85 FFFFFE24                  	LEA	EAX,DWORD [-476+EBP]
    70 0000003E 50                              	PUSH	EAX
    71 0000003F 68 00000080                     	PUSH	128
    72 00000044 68 [00000000]                   	PUSH	_mousefifo
    73 00000049 E8 [00000000]                   	CALL	_fifo8_init
    74 0000004E E8 [00000000]                   	CALL	_init_pit
    75 00000053 68 000000F8                     	PUSH	248
    76 00000058 6A 21                           	PUSH	33
    77 0000005A E8 [00000000]                   	CALL	_io_out8
    78 0000005F 83 C4 20                        	ADD	ESP,32
    79 00000062 68 000000EF                     	PUSH	239
    80 00000067 68 000000A1                     	PUSH	161
    81 0000006C E8 [00000000]                   	CALL	_io_out8
    82 00000071 E8 [00000000]                   	CALL	_init_keyboard
    83 00000076 8D 85 FFFFFE04                  	LEA	EAX,DWORD [-508+EBP]
    84 0000007C 50                              	PUSH	EAX
    85 0000007D E8 [00000000]                   	CALL	_enable_mouse
    86 00000082 68 BFFFFFFF                     	PUSH	-1073741825
    87 00000087 68 00400000                     	PUSH	4194304
    88 0000008C E8 [00000000]                   	CALL	_memtest
    89 00000091 68 003C0000                     	PUSH	3932160
    90 00000096 89 85 FFFFFD00                  	MOV	DWORD [-768+EBP],EAX
    91 0000009C E8 [00000000]                   	CALL	_memman_init
    92 000000A1 68 0009E000                     	PUSH	647168
    93 000000A6 68 00001000                     	PUSH	4096
    94 000000AB 68 003C0000                     	PUSH	3932160
    95 000000B0 E8 [00000000]                   	CALL	_memman_free
    96 000000B5 8B 85 FFFFFD00                  	MOV	EAX,DWORD [-768+EBP]
    97 000000BB 83 C4 24                        	ADD	ESP,36
    98 000000BE 2D 00400000                     	SUB	EAX,4194304
    99 000000C3 50                              	PUSH	EAX
   100 000000C4 68 00400000                     	PUSH	4194304
   101 000000C9 68 003C0000                     	PUSH	3932160
   102 000000CE E8 [00000000]                   	CALL	_memman_free
   103 000000D3 E8 [00000000]                   	CALL	_init_palette
   104 000000D8 0F BF 05 00000FF6               	MOVSX	EAX,WORD [4086]
   105 000000DF 50                              	PUSH	EAX
   106 000000E0 0F BF 05 00000FF4               	MOVSX	EAX,WORD [4084]
   107 000000E7 50                              	PUSH	EAX
   108 000000E8 FF 35 00000FF8                  	PUSH	DWORD [4088]
   109 000000EE 68 003C0000                     	PUSH	3932160
   110 000000F3 E8 [00000000]                   	CALL	_shtctl_init
   111 000000F8 89 C3                           	MOV	EBX,EAX
   112 000000FA 50                              	PUSH	EAX
   113 000000FB E8 [00000000]                   	CALL	_sheet_alloc
   114 00000100 83 C4 20                        	ADD	ESP,32
   115 00000103 53                              	PUSH	EBX
   116 00000104 89 85 FFFFFCFC                  	MOV	DWORD [-772+EBP],EAX
   117 0000010A E8 [00000000]                   	CALL	_sheet_alloc
   118 0000010F 53                              	PUSH	EBX
   119 00000110 8D 9D FFFFFD04                  	LEA	EBX,DWORD [-764+EBP]
   120 00000116 89 85 FFFFFCF8                  	MOV	DWORD [-776+EBP],EAX
   121 0000011C E8 [00000000]                   	CALL	_sheet_alloc
   122 00000121 0F BF 15 00000FF6               	MOVSX	EDX,WORD [4086]
   123 00000128 89 85 FFFFFCF4                  	MOV	DWORD [-780+EBP],EAX
   124 0000012E 0F BF 05 00000FF4               	MOVSX	EAX,WORD [4084]
   125 00000135 0F AF C2                        	IMUL	EAX,EDX
   126 00000138 50                              	PUSH	EAX
   127 00000139 68 003C0000                     	PUSH	3932160
   128 0000013E E8 [00000000]                   	CALL	_memman_alloc_4k
   129 00000143 68 00002080                     	PUSH	8320
   130 00000148 68 003C0000                     	PUSH	3932160
   131 0000014D 89 85 FFFFFCF0                  	MOV	DWORD [-784+EBP],EAX
   132 00000153 E8 [00000000]                   	CALL	_memman_alloc_4k
   133 00000158 6A FF                           	PUSH	-1
   134 0000015A 89 85 FFFFFCEC                  	MOV	DWORD [-788+EBP],EAX
   135 00000160 0F BF 05 00000FF6               	MOVSX	EAX,WORD [4086]
   136 00000167 50                              	PUSH	EAX
   137 00000168 0F BF 05 00000FF4               	MOVSX	EAX,WORD [4084]
   138 0000016F 50                              	PUSH	EAX
   139 00000170 FF B5 FFFFFCF0                  	PUSH	DWORD [-784+EBP]
   140 00000176 FF B5 FFFFFCFC                  	PUSH	DWORD [-772+EBP]
   141 0000017C E8 [00000000]                   	CALL	_sheet_setbuf
   142 00000181 83 C4 2C                        	ADD	ESP,44
   143 00000184 6A 63                           	PUSH	99
   144 00000186 6A 10                           	PUSH	16
   145 00000188 6A 10                           	PUSH	16
   146 0000018A 53                              	PUSH	EBX
   147 0000018B FF B5 FFFFFCF8                  	PUSH	DWORD [-776+EBP]
   148 00000191 E8 [00000000]                   	CALL	_sheet_setbuf
   149 00000196 6A FF                           	PUSH	-1
   150 00000198 6A 44                           	PUSH	68
   151 0000019A 68 000000A0                     	PUSH	160
   152 0000019F FF B5 FFFFFCEC                  	PUSH	DWORD [-788+EBP]
   153 000001A5 FF B5 FFFFFCF4                  	PUSH	DWORD [-780+EBP]
   154 000001AB E8 [00000000]                   	CALL	_sheet_setbuf
   155 000001B0 83 C4 28                        	ADD	ESP,40
   156 000001B3 0F BF 05 00000FF6               	MOVSX	EAX,WORD [4086]
   157 000001BA 50                              	PUSH	EAX
   158 000001BB 0F BF 05 00000FF4               	MOVSX	EAX,WORD [4084]
   159 000001C2 50                              	PUSH	EAX
   160 000001C3 FF B5 FFFFFCF0                  	PUSH	DWORD [-784+EBP]
   161 000001C9 E8 [00000000]                   	CALL	_init_screen8
   162 000001CE 6A 63                           	PUSH	99
   163 000001D0 53                              	PUSH	EBX
   164 000001D1 BB 00000002                     	MOV	EBX,2
   165 000001D6 E8 [00000000]                   	CALL	_init_mouse_cursor8
   166 000001DB 68 [00000000]                   	PUSH	LC0
   167 000001E0 6A 44                           	PUSH	68
   168 000001E2 68 000000A0                     	PUSH	160
   169 000001E7 FF B5 FFFFFCEC                  	PUSH	DWORD [-788+EBP]
   170 000001ED E8 000003A2                     	CALL	_make_window8
   171 000001F2 83 C4 24                        	ADD	ESP,36
   172 000001F5 6A 00                           	PUSH	0
   173 000001F7 6A 00                           	PUSH	0
   174 000001F9 FF B5 FFFFFCFC                  	PUSH	DWORD [-772+EBP]
   175 000001FF E8 [00000000]                   	CALL	_sheet_slide
   176 00000204 0F BF 05 00000FF4               	MOVSX	EAX,WORD [4084]
   177 0000020B 8D 48 F0                        	LEA	ECX,DWORD [-16+EAX]
   178 0000020E 89 C8                           	MOV	EAX,ECX
   179 00000210 99                              	CDQ
   180 00000211 F7 FB                           	IDIV	EBX
   181 00000213 89 C6                           	MOV	ESI,EAX
   182 00000215 0F BF 05 00000FF6               	MOVSX	EAX,WORD [4086]
   183 0000021C 8D 48 D4                        	LEA	ECX,DWORD [-44+EAX]
   184 0000021F 89 C8                           	MOV	EAX,ECX
   185 00000221 99                              	CDQ
   186 00000222 F7 FB                           	IDIV	EBX
   187 00000224 50                              	PUSH	EAX
   188 00000225 89 C7                           	MOV	EDI,EAX
   189 00000227 56                              	PUSH	ESI
   190 00000228 8D 5D C4                        	LEA	EBX,DWORD [-60+EBP]
   191 0000022B FF B5 FFFFFCF8                  	PUSH	DWORD [-776+EBP]
   192 00000231 E8 [00000000]                   	CALL	_sheet_slide
   193 00000236 6A 48                           	PUSH	72
   194 00000238 6A 50                           	PUSH	80
   195 0000023A FF B5 FFFFFCF4                  	PUSH	DWORD [-780+EBP]
   196 00000240 E8 [00000000]                   	CALL	_sheet_slide
   197 00000245 83 C4 24                        	ADD	ESP,36
   198 00000248 6A 00                           	PUSH	0
   199 0000024A FF B5 FFFFFCFC                  	PUSH	DWORD [-772+EBP]
   200 00000250 E8 [00000000]                   	CALL	_sheet_updown
   201 00000255 6A 01                           	PUSH	1
   202 00000257 FF B5 FFFFFCF4                  	PUSH	DWORD [-780+EBP]
   203 0000025D E8 [00000000]                   	CALL	_sheet_updown
   204 00000262 6A 02                           	PUSH	2
   205 00000264 FF B5 FFFFFCF8                  	PUSH	DWORD [-776+EBP]
   206 0000026A E8 [00000000]                   	CALL	_sheet_updown
   207 0000026F 57                              	PUSH	EDI
   208 00000270 56                              	PUSH	ESI
   209 00000271 68 [00000008]                   	PUSH	LC1
   210 00000276 53                              	PUSH	EBX
   211 00000277 E8 [00000000]                   	CALL	_sprintf
   212 0000027C 83 C4 28                        	ADD	ESP,40
   213 0000027F 53                              	PUSH	EBX
   214 00000280 6A 07                           	PUSH	7
   215 00000282 6A 00                           	PUSH	0
   216 00000284 6A 00                           	PUSH	0
   217 00000286 0F BF 05 00000FF4               	MOVSX	EAX,WORD [4084]
   218 0000028D 50                              	PUSH	EAX
   219 0000028E FF B5 FFFFFCF0                  	PUSH	DWORD [-784+EBP]
   220 00000294 E8 [00000000]                   	CALL	_putfonts8_asc
   221 00000299 68 003C0000                     	PUSH	3932160
   222 0000029E E8 [00000000]                   	CALL	_memman_total
   223 000002A3 C1 AD FFFFFD00 14               	SHR	DWORD [-768+EBP],20
   224 000002AA C1 E8 0A                        	SHR	EAX,10
   225 000002AD 89 04 24                        	MOV	DWORD [ESP],EAX
   226 000002B0 FF B5 FFFFFD00                  	PUSH	DWORD [-768+EBP]
   227 000002B6 68 [00000013]                   	PUSH	LC2
   228 000002BB 53                              	PUSH	EBX
   229 000002BC E8 [00000000]                   	CALL	_sprintf
   230 000002C1 83 C4 28                        	ADD	ESP,40
   231 000002C4 53                              	PUSH	EBX
   232 000002C5 6A 07                           	PUSH	7
   233 000002C7 6A 20                           	PUSH	32
   234 000002C9 6A 00                           	PUSH	0
   235 000002CB 0F BF 05 00000FF4               	MOVSX	EAX,WORD [4084]
   236 000002D2 50                              	PUSH	EAX
   237 000002D3 FF B5 FFFFFCF0                  	PUSH	DWORD [-784+EBP]
   238 000002D9 E8 [00000000]                   	CALL	_putfonts8_asc
   239 000002DE 6A 30                           	PUSH	48
   240 000002E0 0F BF 05 00000FF4               	MOVSX	EAX,WORD [4084]
   241 000002E7 50                              	PUSH	EAX
   242 000002E8 6A 00                           	PUSH	0
   243 000002EA                                 L18:
   244 000002EA 6A 00                           	PUSH	0
   245 000002EC FF B5 FFFFFCFC                  	PUSH	DWORD [-772+EBP]
   246 000002F2 E8 [00000000]                   	CALL	_sheet_refresh
   247 000002F7 83 C4 2C                        	ADD	ESP,44
   248 000002FA                                 L2:
   249 000002FA FF 85 FFFFFCE8                  	INC	DWORD [-792+EBP]
   250 00000300 8D 5D C4                        	LEA	EBX,DWORD [-60+EBP]
   251 00000303 FF B5 FFFFFCE8                  	PUSH	DWORD [-792+EBP]
   252 00000309 68 [0000002D]                   	PUSH	LC3
   253 0000030E 53                              	PUSH	EBX
   254 0000030F E8 [00000000]                   	CALL	_sprintf
   255 00000314 6A 2B                           	PUSH	43
   256 00000316 6A 77                           	PUSH	119
   257 00000318 6A 1C                           	PUSH	28
   258 0000031A 6A 28                           	PUSH	40
   259 0000031C 6A 08                           	PUSH	8
   260 0000031E 68 000000A0                     	PUSH	160
   261 00000323 FF B5 FFFFFCEC                  	PUSH	DWORD [-788+EBP]
   262 00000329 E8 [00000000]                   	CALL	_boxfill8
   263 0000032E 83 C4 28                        	ADD	ESP,40
   264 00000331 53                              	PUSH	EBX
   265 00000332 6A 00                           	PUSH	0
   266 00000334 6A 1C                           	PUSH	28
   267 00000336 6A 28                           	PUSH	40
   268 00000338 68 000000A0                     	PUSH	160
   269 0000033D FF B5 FFFFFCEC                  	PUSH	DWORD [-788+EBP]
   270 00000343 E8 [00000000]                   	CALL	_putfonts8_asc
   271 00000348 6A 2C                           	PUSH	44
   272 0000034A 6A 78                           	PUSH	120
   273 0000034C 6A 1C                           	PUSH	28
   274 0000034E 6A 28                           	PUSH	40
   275 00000350 FF B5 FFFFFCF4                  	PUSH	DWORD [-780+EBP]
   276 00000356 E8 [00000000]                   	CALL	_sheet_refresh
   277 0000035B 83 C4 2C                        	ADD	ESP,44
   278 0000035E E8 [00000000]                   	CALL	_io_cli
   279 00000363 68 [00000000]                   	PUSH	_keyfifo
   280 00000368 E8 [00000000]                   	CALL	_fifo8_status
   281 0000036D 5A                              	POP	EDX
   282 0000036E 85 C0                           	TEST	EAX,EAX
   283 00000370 75 13                           	JNE	L5
   284 00000372 68 [00000000]                   	PUSH	_mousefifo
   285 00000377 E8 [00000000]                   	CALL	_fifo8_status
   286 0000037C 5B                              	POP	EBX
   287 0000037D 85 C0                           	TEST	EAX,EAX
   288 0000037F 0F 84 00000205                  	JE	L19
   289 00000385                                 L5:
   290 00000385 68 [00000000]                   	PUSH	_keyfifo
   291 0000038A E8 [00000000]                   	CALL	_fifo8_status
   292 0000038F 59                              	POP	ECX
   293 00000390 85 C0                           	TEST	EAX,EAX
   294 00000392 0F 85 0000018D                  	JNE	L20
   295 00000398 68 [00000000]                   	PUSH	_mousefifo
   296 0000039D E8 [00000000]                   	CALL	_fifo8_status
   297 000003A2 5A                              	POP	EDX
   298 000003A3 85 C0                           	TEST	EAX,EAX
   299 000003A5 0F 84 FFFFFF4F                  	JE	L2
   300 000003AB 68 [00000000]                   	PUSH	_mousefifo
   301 000003B0 E8 [00000000]                   	CALL	_fifo8_get
   302 000003B5 89 C3                           	MOV	EBX,EAX
   303 000003B7 E8 [00000000]                   	CALL	_io_sti
   304 000003BC 0F B6 C3                        	MOVZX	EAX,BL
   305 000003BF 50                              	PUSH	EAX
   306 000003C0 8D 85 FFFFFE04                  	LEA	EAX,DWORD [-508+EBP]
   307 000003C6 50                              	PUSH	EAX
   308 000003C7 E8 [00000000]                   	CALL	_mouse_decode
   309 000003CC 83 C4 0C                        	ADD	ESP,12
   310 000003CF 85 C0                           	TEST	EAX,EAX
   311 000003D1 0F 84 FFFFFF23                  	JE	L2
   312 000003D7 FF B5 FFFFFE0C                  	PUSH	DWORD [-500+EBP]
   313 000003DD FF B5 FFFFFE08                  	PUSH	DWORD [-504+EBP]
   314 000003E3 68 [00000033]                   	PUSH	LC5
   315 000003E8 8D 5D C4                        	LEA	EBX,DWORD [-60+EBP]
   316 000003EB 53                              	PUSH	EBX
   317 000003EC E8 [00000000]                   	CALL	_sprintf
   318 000003F1 83 C4 10                        	ADD	ESP,16
   319 000003F4 8B 85 FFFFFE10                  	MOV	EAX,DWORD [-496+EBP]
   320 000003FA A9 00000001                     	TEST	EAX,1
   321 000003FF 74 04                           	JE	L11
   322 00000401 C6 45 C5 4C                     	MOV	BYTE [-59+EBP],76
   323 00000405                                 L11:
   324 00000405 A9 00000002                     	TEST	EAX,2
   325 0000040A 74 04                           	JE	L12
   326 0000040C C6 45 C7 52                     	MOV	BYTE [-57+EBP],82
   327 00000410                                 L12:
   328 00000410 83 E0 04                        	AND	EAX,4
   329 00000413 74 04                           	JE	L13
   330 00000415 C6 45 C6 43                     	MOV	BYTE [-58+EBP],67
   331 00000419                                 L13:
   332 00000419 6A 1F                           	PUSH	31
   333 0000041B 68 00000097                     	PUSH	151
   334 00000420 6A 10                           	PUSH	16
   335 00000422 6A 20                           	PUSH	32
   336 00000424 6A 0E                           	PUSH	14
   337 00000426 0F BF 05 00000FF4               	MOVSX	EAX,WORD [4084]
   338 0000042D 50                              	PUSH	EAX
   339 0000042E FF B5 FFFFFCF0                  	PUSH	DWORD [-784+EBP]
   340 00000434 E8 [00000000]                   	CALL	_boxfill8
   341 00000439 53                              	PUSH	EBX
   342 0000043A 6A 07                           	PUSH	7
   343 0000043C 6A 10                           	PUSH	16
   344 0000043E 6A 20                           	PUSH	32
   345 00000440 0F BF 05 00000FF4               	MOVSX	EAX,WORD [4084]
   346 00000447 50                              	PUSH	EAX
   347 00000448 FF B5 FFFFFCF0                  	PUSH	DWORD [-784+EBP]
   348 0000044E E8 [00000000]                   	CALL	_putfonts8_asc
   349 00000453 83 C4 34                        	ADD	ESP,52
   350 00000456 6A 20                           	PUSH	32
   351 00000458 68 00000098                     	PUSH	152
   352 0000045D 6A 10                           	PUSH	16
   353 0000045F 6A 20                           	PUSH	32
   354 00000461 FF B5 FFFFFCFC                  	PUSH	DWORD [-772+EBP]
   355 00000467 E8 [00000000]                   	CALL	_sheet_refresh
   356 0000046C 83 C4 14                        	ADD	ESP,20
   357 0000046F 03 BD FFFFFE0C                  	ADD	EDI,DWORD [-500+EBP]
   358 00000475 03 B5 FFFFFE08                  	ADD	ESI,DWORD [-504+EBP]
   359 0000047B 0F 88 0000009D                  	JS	L21
   360 00000481                                 L14:
   361 00000481 85 FF                           	TEST	EDI,EDI
   362 00000483 0F 88 0000008E                  	JS	L22
   363 00000489                                 L15:
   364 00000489 0F BF 05 00000FF4               	MOVSX	EAX,WORD [4084]
   365 00000490 48                              	DEC	EAX
   366 00000491 39 C6                           	CMP	ESI,EAX
   367 00000493 7E 02                           	JLE	L16
   368 00000495 89 C6                           	MOV	ESI,EAX
   369 00000497                                 L16:
   370 00000497 0F BF 05 00000FF6               	MOVSX	EAX,WORD [4086]
   371 0000049E 48                              	DEC	EAX
   372 0000049F 39 C7                           	CMP	EDI,EAX
   373 000004A1 7E 02                           	JLE	L17
   374 000004A3 89 C7                           	MOV	EDI,EAX
   375 000004A5                                 L17:
   376 000004A5 57                              	PUSH	EDI
   377 000004A6 56                              	PUSH	ESI
   378 000004A7 68 [00000008]                   	PUSH	LC1
   379 000004AC 53                              	PUSH	EBX
   380 000004AD E8 [00000000]                   	CALL	_sprintf
   381 000004B2 6A 0F                           	PUSH	15
   382 000004B4 6A 4F                           	PUSH	79
   383 000004B6 6A 00                           	PUSH	0
   384 000004B8 6A 00                           	PUSH	0
   385 000004BA 6A 0E                           	PUSH	14
   386 000004BC 0F BF 05 00000FF4               	MOVSX	EAX,WORD [4084]
   387 000004C3 50                              	PUSH	EAX
   388 000004C4 FF B5 FFFFFCF0                  	PUSH	DWORD [-784+EBP]
   389 000004CA E8 [00000000]                   	CALL	_boxfill8
   390 000004CF 83 C4 2C                        	ADD	ESP,44
   391 000004D2 53                              	PUSH	EBX
   392 000004D3 6A 07                           	PUSH	7
   393 000004D5 6A 00                           	PUSH	0
   394 000004D7 6A 00                           	PUSH	0
   395 000004D9 0F BF 05 00000FF4               	MOVSX	EAX,WORD [4084]
   396 000004E0 50                              	PUSH	EAX
   397 000004E1 FF B5 FFFFFCF0                  	PUSH	DWORD [-784+EBP]
   398 000004E7 E8 [00000000]                   	CALL	_putfonts8_asc
   399 000004EC 6A 10                           	PUSH	16
   400 000004EE 6A 50                           	PUSH	80
   401 000004F0 6A 00                           	PUSH	0
   402 000004F2 6A 00                           	PUSH	0
   403 000004F4 FF B5 FFFFFCFC                  	PUSH	DWORD [-772+EBP]
   404 000004FA E8 [00000000]                   	CALL	_sheet_refresh
   405 000004FF 83 C4 2C                        	ADD	ESP,44
   406 00000502 57                              	PUSH	EDI
   407 00000503 56                              	PUSH	ESI
   408 00000504 FF B5 FFFFFCF8                  	PUSH	DWORD [-776+EBP]
   409 0000050A E8 [00000000]                   	CALL	_sheet_slide
   410 0000050F 83 C4 0C                        	ADD	ESP,12
   411 00000512 E9 FFFFFDE3                     	JMP	L2
   412 00000517                                 L22:
   413 00000517 31 FF                           	XOR	EDI,EDI
   414 00000519 E9 FFFFFF6B                     	JMP	L15
   415 0000051E                                 L21:
   416 0000051E 31 F6                           	XOR	ESI,ESI
   417 00000520 E9 FFFFFF5C                     	JMP	L14
   418 00000525                                 L20:
   419 00000525 68 [00000000]                   	PUSH	_keyfifo
   420 0000052A E8 [00000000]                   	CALL	_fifo8_get
   421 0000052F 89 C3                           	MOV	EBX,EAX
   422 00000531 E8 [00000000]                   	CALL	_io_sti
   423 00000536 53                              	PUSH	EBX
   424 00000537 8D 5D C4                        	LEA	EBX,DWORD [-60+EBP]
   425 0000053A 68 [00000041]                   	PUSH	LC4
   426 0000053F 53                              	PUSH	EBX
   427 00000540 E8 [00000000]                   	CALL	_sprintf
   428 00000545 6A 1F                           	PUSH	31
   429 00000547 6A 0F                           	PUSH	15
   430 00000549 6A 10                           	PUSH	16
   431 0000054B 6A 00                           	PUSH	0
   432 0000054D 6A 0E                           	PUSH	14
   433 0000054F 0F BF 05 00000FF4               	MOVSX	EAX,WORD [4084]
   434 00000556 50                              	PUSH	EAX
   435 00000557 FF B5 FFFFFCF0                  	PUSH	DWORD [-784+EBP]
   436 0000055D E8 [00000000]                   	CALL	_boxfill8
   437 00000562 83 C4 2C                        	ADD	ESP,44
   438 00000565 53                              	PUSH	EBX
   439 00000566 6A 07                           	PUSH	7
   440 00000568 6A 10                           	PUSH	16
   441 0000056A 6A 00                           	PUSH	0
   442 0000056C 0F BF 05 00000FF4               	MOVSX	EAX,WORD [4084]
   443 00000573 50                              	PUSH	EAX
   444 00000574 FF B5 FFFFFCF0                  	PUSH	DWORD [-784+EBP]
   445 0000057A E8 [00000000]                   	CALL	_putfonts8_asc
   446 0000057F 6A 20                           	PUSH	32
   447 00000581 6A 10                           	PUSH	16
   448 00000583 6A 10                           	PUSH	16
   449 00000585 E9 FFFFFD60                     	JMP	L18
   450 0000058A                                 L19:
   451 0000058A E8 [00000000]                   	CALL	_io_sti
   452 0000058F E9 FFFFFD66                     	JMP	L2
   453                                          [SECTION .data]
   454 00000046                                 _closebtn.0:
   455 00000046 4F 4F 4F 4F 4F 4F 4F 4F 4F 4F   	DB	"OOOOOOOOOOOOOOO@"
       00000050 4F 4F 4F 4F 4F 40 
   456 00000056 4F 51 51 51 51 51 51 51 51 51   	DB	"OQQQQQQQQQQQQQ$@"
       00000060 51 51 51 51 24 40 
   457 00000066 4F 51 51 51 51 51 51 51 51 51   	DB	"OQQQQQQQQQQQQQ$@"
       00000070 51 51 51 51 24 40 
   458 00000076 4F 51 51 51 40 40 51 51 51 51   	DB	"OQQQ@@QQQQ@@QQ$@"
       00000080 40 40 51 51 24 40 
   459 00000086 4F 51 51 51 51 40 40 51 51 40   	DB	"OQQQQ@@QQ@@QQQ$@"
       00000090 40 51 51 51 24 40 
   460 00000096 4F 51 51 51 51 51 40 40 40 40   	DB	"OQQQQQ@@@@QQQQ$@"
       000000A0 51 51 51 51 24 40 
   461 000000A6 4F 51 51 51 51 51 51 40 40 51   	DB	"OQQQQQQ@@QQQQQ$@"
       000000B0 51 51 51 51 24 40 
   462 000000B6 4F 51 51 51 51 51 40 40 40 40   	DB	"OQQQQQ@@@@QQQQ$@"
       000000C0 51 51 51 51 24 40 
   463 000000C6 4F 51 51 51 51 40 40 51 51 40   	DB	"OQQQQ@@QQ@@QQQ$@"
       000000D0 40 51 51 51 24 40 
   464 000000D6 4F 51 51 51 40 40 51 51 51 51   	DB	"OQQQ@@QQQQ@@QQ$@"
       000000E0 40 40 51 51 24 40 
   465 000000E6 4F 51 51 51 51 51 51 51 51 51   	DB	"OQQQQQQQQQQQQQ$@"
       000000F0 51 51 51 51 24 40 
   466 000000F6 4F 51 51 51 51 51 51 51 51 51   	DB	"OQQQQQQQQQQQQQ$@"
       00000100 51 51 51 51 24 40 
   467 00000106 4F 24 24 24 24 24 24 24 24 24   	DB	"O$$$$$$$$$$$$$$@"
       00000110 24 24 24 24 24 40 
   468 00000116 40 40 40 40 40 40 40 40 40 40   	DB	"@@@@@@@@@@@@@@@@"
       00000120 40 40 40 40 40 40 
   469                                          [SECTION .text]
   470 00000594                                 	GLOBAL	_make_window8
   471 00000594                                 _make_window8:
   472 00000594 55                              	PUSH	EBP
   473 00000595 89 E5                           	MOV	EBP,ESP
   474 00000597 57                              	PUSH	EDI
   475 00000598 56                              	PUSH	ESI
   476 00000599 53                              	PUSH	EBX
   477 0000059A 83 EC 14                        	SUB	ESP,20
   478 0000059D 8B 5D 0C                        	MOV	EBX,DWORD [12+EBP]
   479 000005A0 6A 00                           	PUSH	0
   480 000005A2 8D 43 FF                        	LEA	EAX,DWORD [-1+EBX]
   481 000005A5 8D 7B FE                        	LEA	EDI,DWORD [-2+EBX]
   482 000005A8 50                              	PUSH	EAX
   483 000005A9 89 45 EC                        	MOV	DWORD [-20+EBP],EAX
   484 000005AC 6A 00                           	PUSH	0
   485 000005AE 6A 00                           	PUSH	0
   486 000005B0 6A 08                           	PUSH	8
   487 000005B2 53                              	PUSH	EBX
   488 000005B3 FF 75 08                        	PUSH	DWORD [8+EBP]
   489 000005B6 E8 [00000000]                   	CALL	_boxfill8
   490 000005BB 6A 01                           	PUSH	1
   491 000005BD 57                              	PUSH	EDI
   492 000005BE 6A 01                           	PUSH	1
   493 000005C0 6A 01                           	PUSH	1
   494 000005C2 6A 07                           	PUSH	7
   495 000005C4 53                              	PUSH	EBX
   496 000005C5 FF 75 08                        	PUSH	DWORD [8+EBP]
   497 000005C8 E8 [00000000]                   	CALL	_boxfill8
   498 000005CD 8B 55 10                        	MOV	EDX,DWORD [16+EBP]
   499 000005D0 83 C4 38                        	ADD	ESP,56
   500 000005D3 4A                              	DEC	EDX
   501 000005D4 89 55 E8                        	MOV	DWORD [-24+EBP],EDX
   502 000005D7 52                              	PUSH	EDX
   503 000005D8 6A 00                           	PUSH	0
   504 000005DA 6A 00                           	PUSH	0
   505 000005DC 6A 00                           	PUSH	0
   506 000005DE 6A 08                           	PUSH	8
   507 000005E0 53                              	PUSH	EBX
   508 000005E1 FF 75 08                        	PUSH	DWORD [8+EBP]
   509 000005E4 E8 [00000000]                   	CALL	_boxfill8
   510 000005E9 8B 75 10                        	MOV	ESI,DWORD [16+EBP]
   511 000005EC 83 EE 02                        	SUB	ESI,2
   512 000005EF 56                              	PUSH	ESI
   513 000005F0 6A 01                           	PUSH	1
   514 000005F2 6A 01                           	PUSH	1
   515 000005F4 6A 01                           	PUSH	1
   516 000005F6 6A 07                           	PUSH	7
   517 000005F8 53                              	PUSH	EBX
   518 000005F9 FF 75 08                        	PUSH	DWORD [8+EBP]
   519 000005FC E8 [00000000]                   	CALL	_boxfill8
   520 00000601 83 C4 38                        	ADD	ESP,56
   521 00000604 56                              	PUSH	ESI
   522 00000605 57                              	PUSH	EDI
   523 00000606 6A 01                           	PUSH	1
   524 00000608 57                              	PUSH	EDI
   525 00000609 6A 0F                           	PUSH	15
   526 0000060B 53                              	PUSH	EBX
   527 0000060C FF 75 08                        	PUSH	DWORD [8+EBP]
   528 0000060F E8 [00000000]                   	CALL	_boxfill8
   529 00000614 FF 75 E8                        	PUSH	DWORD [-24+EBP]
   530 00000617 FF 75 EC                        	PUSH	DWORD [-20+EBP]
   531 0000061A 6A 00                           	PUSH	0
   532 0000061C FF 75 EC                        	PUSH	DWORD [-20+EBP]
   533 0000061F 6A 00                           	PUSH	0
   534 00000621 53                              	PUSH	EBX
   535 00000622 FF 75 08                        	PUSH	DWORD [8+EBP]
   536 00000625 E8 [00000000]                   	CALL	_boxfill8
   537 0000062A 8B 45 10                        	MOV	EAX,DWORD [16+EBP]
   538 0000062D 83 C4 38                        	ADD	ESP,56
   539 00000630 83 E8 03                        	SUB	EAX,3
   540 00000633 50                              	PUSH	EAX
   541 00000634 8D 43 FD                        	LEA	EAX,DWORD [-3+EBX]
   542 00000637 50                              	PUSH	EAX
   543 00000638 6A 02                           	PUSH	2
   544 0000063A 6A 02                           	PUSH	2
   545 0000063C 6A 08                           	PUSH	8
   546 0000063E 53                              	PUSH	EBX
   547 0000063F FF 75 08                        	PUSH	DWORD [8+EBP]
   548 00000642 E8 [00000000]                   	CALL	_boxfill8
   549 00000647 8D 43 FC                        	LEA	EAX,DWORD [-4+EBX]
   550 0000064A 6A 14                           	PUSH	20
   551 0000064C 50                              	PUSH	EAX
   552 0000064D 6A 03                           	PUSH	3
   553 0000064F 6A 03                           	PUSH	3
   554 00000651 6A 0C                           	PUSH	12
   555 00000653 53                              	PUSH	EBX
   556 00000654 FF 75 08                        	PUSH	DWORD [8+EBP]
   557 00000657 E8 [00000000]                   	CALL	_boxfill8
   558 0000065C 83 C4 38                        	ADD	ESP,56
   559 0000065F 56                              	PUSH	ESI
   560 00000660 57                              	PUSH	EDI
   561 00000661 56                              	PUSH	ESI
   562 00000662 6A 01                           	PUSH	1
   563 00000664 6A 0F                           	PUSH	15
   564 00000666 53                              	PUSH	EBX
   565 00000667 FF 75 08                        	PUSH	DWORD [8+EBP]
   566 0000066A E8 [00000000]                   	CALL	_boxfill8
   567 0000066F FF 75 E8                        	PUSH	DWORD [-24+EBP]
   568 00000672 FF 75 EC                        	PUSH	DWORD [-20+EBP]
   569 00000675 FF 75 E8                        	PUSH	DWORD [-24+EBP]
   570 00000678 6A 00                           	PUSH	0
   571 0000067A 6A 00                           	PUSH	0
   572 0000067C 6B F3 05                        	IMUL	ESI,EBX,5
   573 0000067F 53                              	PUSH	EBX
   574 00000680 FF 75 08                        	PUSH	DWORD [8+EBP]
   575 00000683 E8 [00000000]                   	CALL	_boxfill8
   576 00000688 83 C4 38                        	ADD	ESP,56
   577 0000068B FF 75 14                        	PUSH	DWORD [20+EBP]
   578 0000068E 6A 07                           	PUSH	7
   579 00000690 6A 04                           	PUSH	4
   580 00000692 6A 18                           	PUSH	24
   581 00000694 53                              	PUSH	EBX
   582 00000695 FF 75 08                        	PUSH	DWORD [8+EBP]
   583 00000698 E8 [00000000]                   	CALL	_putfonts8_asc
   584 0000069D 83 C4 18                        	ADD	ESP,24
   585 000006A0 C7 45 F0 00000000               	MOV	DWORD [-16+EBP],0
   586 000006A7 C7 45 E0 00000000               	MOV	DWORD [-32+EBP],0
   587 000006AE                                 L39:
   588 000006AE 8D 04 1E                        	LEA	EAX,DWORD [ESI+EBX*1]
   589 000006B1 8B 55 08                        	MOV	EDX,DWORD [8+EBP]
   590 000006B4 31 FF                           	XOR	EDI,EDI
   591 000006B6 8D 4C 02 EB                     	LEA	ECX,DWORD [-21+EDX+EAX*1]
   592 000006BA                                 L38:
   593 000006BA 8B 45 E0                        	MOV	EAX,DWORD [-32+EBP]
   594 000006BD 8A 94 07 [00000046]             	MOV	DL,BYTE [_closebtn.0+EDI+EAX*1]
   595 000006C4 80 FA 40                        	CMP	DL,64
   596 000006C7 74 33                           	JE	L44
   597 000006C9 80 FA 24                        	CMP	DL,36
   598 000006CC 74 2A                           	JE	L45
   599 000006CE 80 FA 51                        	CMP	DL,81
   600 000006D1 B2 08                           	MOV	DL,8
   601 000006D3 0F 95 C0                        	SETNE	AL
   602 000006D6 28 C2                           	SUB	DL,AL
   603 000006D8                                 L33:
   604 000006D8 47                              	INC	EDI
   605 000006D9 88 11                           	MOV	BYTE [ECX],DL
   606 000006DB 41                              	INC	ECX
   607 000006DC 83 FF 0F                        	CMP	EDI,15
   608 000006DF 7E D9                           	JLE	L38
   609 000006E1 FF 45 F0                        	INC	DWORD [-16+EBP]
   610 000006E4 01 DE                           	ADD	ESI,EBX
   611 000006E6 83 45 E0 10                     	ADD	DWORD [-32+EBP],16
   612 000006EA 83 7D F0 0D                     	CMP	DWORD [-16+EBP],13
   613 000006EE 7E BE                           	JLE	L39
   614 000006F0 8D 65 F4                        	LEA	ESP,DWORD [-12+EBP]
   615 000006F3 5B                              	POP	EBX
   616 000006F4 5E                              	POP	ESI
   617 000006F5 5F                              	POP	EDI
   618 000006F6 5D                              	POP	EBP
   619 000006F7 C3                              	RET
   620 000006F8                                 L45:
   621 000006F8 B2 0F                           	MOV	DL,15
   622 000006FA EB DC                           	JMP	L33
   623 000006FC                                 L44:
   624 000006FC 31 D2                           	XOR	EDX,EDX
   625 000006FE EB D8                           	JMP	L33
