     1 00000000                                 [FORMAT "WCOFF"]
     2 00000000                                 [INSTRSET "i486p"]
     3 00000000                                 [OPTIMIZE 1]
     4 00000000                                 [OPTION 1]
     5 00000000                                 [BITS 32]
     6 00000000                                 	EXTERN	_init_gdtidt
     7 00000000                                 	EXTERN	_init_pic
     8 00000000                                 	EXTERN	_io_sti
     9 00000000                                 	EXTERN	_fifo32_init
    10 00000000                                 	EXTERN	_init_pit
    11 00000000                                 	EXTERN	_init_keyboard
    12 00000000                                 	EXTERN	_enable_mouse
    13 00000000                                 	EXTERN	_io_out8
    14 00000000                                 	EXTERN	_timer_alloc
    15 00000000                                 	EXTERN	_timer_init
    16 00000000                                 	EXTERN	_timer_settime
    17 00000000                                 	EXTERN	_memtest
    18 00000000                                 	EXTERN	_memman_init
    19 00000000                                 	EXTERN	_memman_free
    20 00000000                                 	EXTERN	_init_palette
    21 00000000                                 	EXTERN	_shtctl_init
    22 00000000                                 	EXTERN	_sheet_alloc
    23 00000000                                 	EXTERN	_memman_alloc_4k
    24 00000000                                 	EXTERN	_sheet_setbuf
    25 00000000                                 	EXTERN	_init_screen8
    26 00000000                                 	EXTERN	_init_mouse_cursor8
    27 00000000                                 	EXTERN	_sheet_slide
    28 00000000                                 	EXTERN	_sheet_updown
    29 00000000                                 	EXTERN	_sprintf
    30 00000000                                 	EXTERN	_memman_total
    31 00000000                                 	EXTERN	_io_cli
    32 00000000                                 	EXTERN	_fifo32_status
    33 00000000                                 	EXTERN	_fifo32_get
    34 00000000                                 	EXTERN	_boxfill8
    35 00000000                                 	EXTERN	_sheet_refresh
    36 00000000                                 	EXTERN	_mouse_decode
    37 00000000                                 	EXTERN	_putfonts8_asc
    38 00000000                                 [FILE "bootpack.c"]
    39                                          [SECTION .data]
    40 00000000                                 LC0:
    41 00000000 43 6F 75 6E 74 65 72 00         	DB	"Counter",0x00
    42 00000008                                 LC1:
    43 00000008 28 25 33 64 2C 20 25 33 64 29   	DB	"(%3d, %3d)",0x00
       00000012 00 
    44 00000013                                 LC2:
    45 00000013 6D 65 6D 6F 72 79 20 25 64 4D   	DB	"memory %dMB   free : %dKB",0x00
       0000001D 42 20 20 20 66 72 65 65 20 3A 
       00000027 20 25 64 4B 42 00 
    46 0000002D                                 LC7:
    47 0000002D 33 5B 73 65 63 5D 00            	DB	"3[sec]",0x00
    48 00000034                                 LC5:
    49 00000034 31 30 5B 73 65 63 5D 00         	DB	"10[sec]",0x00
    50 0000003C                                 LC6:
    51 0000003C 25 30 31 30 64 00               	DB	"%010d",0x00
    52 00000042                                 LC4:
    53 00000042 5B 6C 63 72 20 25 34 64 20 25   	DB	"[lcr %4d %4d]",0x00
       0000004C 34 64 5D 00 
    54 00000050                                 LC3:
    55 00000050 25 30 32 58 00                  	DB	"%02X",0x00
    56                                          [SECTION .text]
    57 00000000                                 	GLOBAL	_HariMain
    58 00000000                                 _HariMain:
    59 00000000 55                              	PUSH	EBP
    60 00000001 89 E5                           	MOV	EBP,ESP
    61 00000003 57                              	PUSH	EDI
    62 00000004 56                              	PUSH	ESI
    63 00000005 53                              	PUSH	EBX
    64 00000006 8D B5 FFFFFCE4                  	LEA	ESI,DWORD [-796+EBP]
    65 0000000C 81 EC 00000538                  	SUB	ESP,1336
    66 00000012 C7 85 FFFFFADC 00000000         	MOV	DWORD [-1316+EBP],0
    67 0000001C E8 [00000000]                   	CALL	_init_gdtidt
    68 00000021 E8 [00000000]                   	CALL	_init_pic
    69 00000026 E8 [00000000]                   	CALL	_io_sti
    70 0000002B 8D 85 FFFFFAE4                  	LEA	EAX,DWORD [-1308+EBP]
    71 00000031 50                              	PUSH	EAX
    72 00000032 68 00000080                     	PUSH	128
    73 00000037 56                              	PUSH	ESI
    74 00000038 E8 [00000000]                   	CALL	_fifo32_init
    75 0000003D E8 [00000000]                   	CALL	_init_pit
    76 00000042 68 00000100                     	PUSH	256
    77 00000047 56                              	PUSH	ESI
    78 00000048 E8 [00000000]                   	CALL	_init_keyboard
    79 0000004D 8D 85 FFFFFE04                  	LEA	EAX,DWORD [-508+EBP]
    80 00000053 50                              	PUSH	EAX
    81 00000054 68 00000200                     	PUSH	512
    82 00000059 56                              	PUSH	ESI
    83 0000005A E8 [00000000]                   	CALL	_enable_mouse
    84 0000005F 83 C4 20                        	ADD	ESP,32
    85 00000062 68 000000F8                     	PUSH	248
    86 00000067 6A 21                           	PUSH	33
    87 00000069 E8 [00000000]                   	CALL	_io_out8
    88 0000006E 68 000000EF                     	PUSH	239
    89 00000073 68 000000A1                     	PUSH	161
    90 00000078 E8 [00000000]                   	CALL	_io_out8
    91 0000007D E8 [00000000]                   	CALL	_timer_alloc
    92 00000082 6A 0A                           	PUSH	10
    93 00000084 56                              	PUSH	ESI
    94 00000085 89 C3                           	MOV	EBX,EAX
    95 00000087 50                              	PUSH	EAX
    96 00000088 E8 [00000000]                   	CALL	_timer_init
    97 0000008D 68 000003E8                     	PUSH	1000
    98 00000092 53                              	PUSH	EBX
    99 00000093 E8 [00000000]                   	CALL	_timer_settime
   100 00000098 83 C4 24                        	ADD	ESP,36
   101 0000009B E8 [00000000]                   	CALL	_timer_alloc
   102 000000A0 6A 03                           	PUSH	3
   103 000000A2 89 C3                           	MOV	EBX,EAX
   104 000000A4 56                              	PUSH	ESI
   105 000000A5 50                              	PUSH	EAX
   106 000000A6 E8 [00000000]                   	CALL	_timer_init
   107 000000AB 68 0000012C                     	PUSH	300
   108 000000B0 53                              	PUSH	EBX
   109 000000B1 E8 [00000000]                   	CALL	_timer_settime
   110 000000B6 E8 [00000000]                   	CALL	_timer_alloc
   111 000000BB 6A 01                           	PUSH	1
   112 000000BD 56                              	PUSH	ESI
   113 000000BE 50                              	PUSH	EAX
   114 000000BF 89 85 FFFFFAC4                  	MOV	DWORD [-1340+EBP],EAX
   115 000000C5 E8 [00000000]                   	CALL	_timer_init
   116 000000CA 83 C4 20                        	ADD	ESP,32
   117 000000CD 6A 32                           	PUSH	50
   118 000000CF FF B5 FFFFFAC4                  	PUSH	DWORD [-1340+EBP]
   119 000000D5 E8 [00000000]                   	CALL	_timer_settime
   120 000000DA 68 BFFFFFFF                     	PUSH	-1073741825
   121 000000DF 68 00400000                     	PUSH	4194304
   122 000000E4 E8 [00000000]                   	CALL	_memtest
   123 000000E9 68 003C0000                     	PUSH	3932160
   124 000000EE 89 85 FFFFFAD8                  	MOV	DWORD [-1320+EBP],EAX
   125 000000F4 E8 [00000000]                   	CALL	_memman_init
   126 000000F9 68 0009E000                     	PUSH	647168
   127 000000FE 68 00001000                     	PUSH	4096
   128 00000103 68 003C0000                     	PUSH	3932160
   129 00000108 E8 [00000000]                   	CALL	_memman_free
   130 0000010D 8B 85 FFFFFAD8                  	MOV	EAX,DWORD [-1320+EBP]
   131 00000113 83 C4 20                        	ADD	ESP,32
   132 00000116 2D 00400000                     	SUB	EAX,4194304
   133 0000011B 50                              	PUSH	EAX
   134 0000011C 68 00400000                     	PUSH	4194304
   135 00000121 68 003C0000                     	PUSH	3932160
   136 00000126 E8 [00000000]                   	CALL	_memman_free
   137 0000012B E8 [00000000]                   	CALL	_init_palette
   138 00000130 0F BF 05 00000FF6               	MOVSX	EAX,WORD [4086]
   139 00000137 50                              	PUSH	EAX
   140 00000138 0F BF 05 00000FF4               	MOVSX	EAX,WORD [4084]
   141 0000013F 50                              	PUSH	EAX
   142 00000140 FF 35 00000FF8                  	PUSH	DWORD [4088]
   143 00000146 68 003C0000                     	PUSH	3932160
   144 0000014B E8 [00000000]                   	CALL	_shtctl_init
   145 00000150 89 C3                           	MOV	EBX,EAX
   146 00000152 50                              	PUSH	EAX
   147 00000153 E8 [00000000]                   	CALL	_sheet_alloc
   148 00000158 83 C4 20                        	ADD	ESP,32
   149 0000015B 53                              	PUSH	EBX
   150 0000015C 89 85 FFFFFAD4                  	MOV	DWORD [-1324+EBP],EAX
   151 00000162 E8 [00000000]                   	CALL	_sheet_alloc
   152 00000167 53                              	PUSH	EBX
   153 00000168 8D 9D FFFFFD04                  	LEA	EBX,DWORD [-764+EBP]
   154 0000016E 89 85 FFFFFAD0                  	MOV	DWORD [-1328+EBP],EAX
   155 00000174 E8 [00000000]                   	CALL	_sheet_alloc
   156 00000179 0F BF 15 00000FF6               	MOVSX	EDX,WORD [4086]
   157 00000180 89 85 FFFFFACC                  	MOV	DWORD [-1332+EBP],EAX
   158 00000186 0F BF 05 00000FF4               	MOVSX	EAX,WORD [4084]
   159 0000018D 0F AF C2                        	IMUL	EAX,EDX
   160 00000190 50                              	PUSH	EAX
   161 00000191 68 003C0000                     	PUSH	3932160
   162 00000196 E8 [00000000]                   	CALL	_memman_alloc_4k
   163 0000019B 68 00002080                     	PUSH	8320
   164 000001A0 68 003C0000                     	PUSH	3932160
   165 000001A5 89 85 FFFFFAC8                  	MOV	DWORD [-1336+EBP],EAX
   166 000001AB E8 [00000000]                   	CALL	_memman_alloc_4k
   167 000001B0 6A FF                           	PUSH	-1
   168 000001B2 89 C6                           	MOV	ESI,EAX
   169 000001B4 0F BF 05 00000FF6               	MOVSX	EAX,WORD [4086]
   170 000001BB 50                              	PUSH	EAX
   171 000001BC 0F BF 05 00000FF4               	MOVSX	EAX,WORD [4084]
   172 000001C3 50                              	PUSH	EAX
   173 000001C4 FF B5 FFFFFAC8                  	PUSH	DWORD [-1336+EBP]
   174 000001CA FF B5 FFFFFAD4                  	PUSH	DWORD [-1324+EBP]
   175 000001D0 E8 [00000000]                   	CALL	_sheet_setbuf
   176 000001D5 83 C4 2C                        	ADD	ESP,44
   177 000001D8 6A 63                           	PUSH	99
   178 000001DA 6A 10                           	PUSH	16
   179 000001DC 6A 10                           	PUSH	16
   180 000001DE 53                              	PUSH	EBX
   181 000001DF FF B5 FFFFFAD0                  	PUSH	DWORD [-1328+EBP]
   182 000001E5 E8 [00000000]                   	CALL	_sheet_setbuf
   183 000001EA 6A FF                           	PUSH	-1
   184 000001EC 6A 44                           	PUSH	68
   185 000001EE 68 000000A0                     	PUSH	160
   186 000001F3 56                              	PUSH	ESI
   187 000001F4 FF B5 FFFFFACC                  	PUSH	DWORD [-1332+EBP]
   188 000001FA E8 [00000000]                   	CALL	_sheet_setbuf
   189 000001FF 83 C4 28                        	ADD	ESP,40
   190 00000202 0F BF 05 00000FF6               	MOVSX	EAX,WORD [4086]
   191 00000209 50                              	PUSH	EAX
   192 0000020A 0F BF 05 00000FF4               	MOVSX	EAX,WORD [4084]
   193 00000211 50                              	PUSH	EAX
   194 00000212 FF B5 FFFFFAC8                  	PUSH	DWORD [-1336+EBP]
   195 00000218 E8 [00000000]                   	CALL	_init_screen8
   196 0000021D 6A 63                           	PUSH	99
   197 0000021F 53                              	PUSH	EBX
   198 00000220 BB 00000002                     	MOV	EBX,2
   199 00000225 E8 [00000000]                   	CALL	_init_mouse_cursor8
   200 0000022A 68 [00000000]                   	PUSH	LC0
   201 0000022F 6A 44                           	PUSH	68
   202 00000231 68 000000A0                     	PUSH	160
   203 00000236 56                              	PUSH	ESI
   204 00000237 E8 00000376                     	CALL	_make_window8
   205 0000023C 83 C4 24                        	ADD	ESP,36
   206 0000023F 6A 00                           	PUSH	0
   207 00000241 6A 00                           	PUSH	0
   208 00000243 FF B5 FFFFFAD4                  	PUSH	DWORD [-1324+EBP]
   209 00000249 E8 [00000000]                   	CALL	_sheet_slide
   210 0000024E 0F BF 05 00000FF4               	MOVSX	EAX,WORD [4084]
   211 00000255 8D 48 F0                        	LEA	ECX,DWORD [-16+EAX]
   212 00000258 89 C8                           	MOV	EAX,ECX
   213 0000025A 99                              	CDQ
   214 0000025B F7 FB                           	IDIV	EBX
   215 0000025D 89 85 FFFFFAE0                  	MOV	DWORD [-1312+EBP],EAX
   216 00000263 0F BF 05 00000FF6               	MOVSX	EAX,WORD [4086]
   217 0000026A 8D 48 D4                        	LEA	ECX,DWORD [-44+EAX]
   218 0000026D 89 C8                           	MOV	EAX,ECX
   219 0000026F 99                              	CDQ
   220 00000270 F7 FB                           	IDIV	EBX
   221 00000272 50                              	PUSH	EAX
   222 00000273 89 C7                           	MOV	EDI,EAX
   223 00000275 FF B5 FFFFFAE0                  	PUSH	DWORD [-1312+EBP]
   224 0000027B FF B5 FFFFFAD0                  	PUSH	DWORD [-1328+EBP]
   225 00000281 8D 5D C4                        	LEA	EBX,DWORD [-60+EBP]
   226 00000284 E8 [00000000]                   	CALL	_sheet_slide
   227 00000289 6A 48                           	PUSH	72
   228 0000028B 6A 50                           	PUSH	80
   229 0000028D FF B5 FFFFFACC                  	PUSH	DWORD [-1332+EBP]
   230 00000293 E8 [00000000]                   	CALL	_sheet_slide
   231 00000298 83 C4 24                        	ADD	ESP,36
   232 0000029B 6A 00                           	PUSH	0
   233 0000029D FF B5 FFFFFAD4                  	PUSH	DWORD [-1324+EBP]
   234 000002A3 E8 [00000000]                   	CALL	_sheet_updown
   235 000002A8 6A 01                           	PUSH	1
   236 000002AA FF B5 FFFFFACC                  	PUSH	DWORD [-1332+EBP]
   237 000002B0 E8 [00000000]                   	CALL	_sheet_updown
   238 000002B5 6A 02                           	PUSH	2
   239 000002B7 FF B5 FFFFFAD0                  	PUSH	DWORD [-1328+EBP]
   240 000002BD E8 [00000000]                   	CALL	_sheet_updown
   241 000002C2 57                              	PUSH	EDI
   242 000002C3 FF B5 FFFFFAE0                  	PUSH	DWORD [-1312+EBP]
   243 000002C9 68 [00000008]                   	PUSH	LC1
   244 000002CE 53                              	PUSH	EBX
   245 000002CF E8 [00000000]                   	CALL	_sprintf
   246 000002D4 83 C4 28                        	ADD	ESP,40
   247 000002D7 6A 0A                           	PUSH	10
   248 000002D9 53                              	PUSH	EBX
   249 000002DA 6A 0E                           	PUSH	14
   250 000002DC 6A 07                           	PUSH	7
   251 000002DE 6A 00                           	PUSH	0
   252 000002E0 6A 00                           	PUSH	0
   253 000002E2 FF B5 FFFFFAD4                  	PUSH	DWORD [-1324+EBP]
   254 000002E8 E8 00000431                     	CALL	_putfonts8_asc_sht
   255 000002ED 68 003C0000                     	PUSH	3932160
   256 000002F2 E8 [00000000]                   	CALL	_memman_total
   257 000002F7 C1 AD FFFFFAD8 14               	SHR	DWORD [-1320+EBP],20
   258 000002FE C1 E8 0A                        	SHR	EAX,10
   259 00000301 89 04 24                        	MOV	DWORD [ESP],EAX
   260 00000304 FF B5 FFFFFAD8                  	PUSH	DWORD [-1320+EBP]
   261 0000030A 68 [00000013]                   	PUSH	LC2
   262 0000030F 53                              	PUSH	EBX
   263 00000310 E8 [00000000]                   	CALL	_sprintf
   264 00000315 83 C4 2C                        	ADD	ESP,44
   265 00000318 6A 28                           	PUSH	40
   266 0000031A 53                              	PUSH	EBX
   267 0000031B 6A 0E                           	PUSH	14
   268 0000031D 6A 07                           	PUSH	7
   269 0000031F 6A 20                           	PUSH	32
   270 00000321 6A 00                           	PUSH	0
   271 00000323 FF B5 FFFFFAD4                  	PUSH	DWORD [-1324+EBP]
   272 00000329                                 L27:
   273 00000329 E8 000003F0                     	CALL	_putfonts8_asc_sht
   274 0000032E                                 L26:
   275 0000032E 83 C4 1C                        	ADD	ESP,28
   276 00000331                                 L2:
   277 00000331 8D B5 FFFFFCE4                  	LEA	ESI,DWORD [-796+EBP]
   278 00000337 FF 85 FFFFFADC                  	INC	DWORD [-1316+EBP]
   279 0000033D E8 [00000000]                   	CALL	_io_cli
   280 00000342 56                              	PUSH	ESI
   281 00000343 E8 [00000000]                   	CALL	_fifo32_status
   282 00000348 59                              	POP	ECX
   283 00000349 85 C0                           	TEST	EAX,EAX
   284 0000034B 0F 84 00000257                  	JE	L29
   285 00000351 56                              	PUSH	ESI
   286 00000352 E8 [00000000]                   	CALL	_fifo32_get
   287 00000357 89 C3                           	MOV	EBX,EAX
   288 00000359 E8 [00000000]                   	CALL	_io_sti
   289 0000035E 5A                              	POP	EDX
   290 0000035F 8D 83 FFFFFF00                  	LEA	EAX,DWORD [-256+EBX]
   291 00000365 3D 000000FF                     	CMP	EAX,255
   292 0000036A 0F 86 0000020B                  	JBE	L30
   293 00000370 8D 83 FFFFFE00                  	LEA	EAX,DWORD [-512+EBX]
   294 00000376 3D 000000FF                     	CMP	EAX,255
   295 0000037B 0F 86 000000F4                  	JBE	L31
   296 00000381 83 FB 0A                        	CMP	EBX,10
   297 00000384 0F 84 000000A4                  	JE	L32
   298 0000038A 83 FB 03                        	CMP	EBX,3
   299 0000038D 74 76                           	JE	L33
   300 0000038F 83 FB 01                        	CMP	EBX,1
   301 00000392 74 57                           	JE	L34
   302 00000394 85 DB                           	TEST	EBX,EBX
   303 00000396 75 99                           	JNE	L2
   304 00000398 6A 01                           	PUSH	1
   305 0000039A 56                              	PUSH	ESI
   306 0000039B FF B5 FFFFFAC4                  	PUSH	DWORD [-1340+EBP]
   307 000003A1 E8 [00000000]                   	CALL	_timer_init
   308 000003A6 6A 6F                           	PUSH	111
   309 000003A8 6A 0F                           	PUSH	15
   310 000003AA 6A 60                           	PUSH	96
   311 000003AC 6A 08                           	PUSH	8
   312 000003AE 6A 0E                           	PUSH	14
   313 000003B0                                 L28:
   314 000003B0 0F BF 05 00000FF4               	MOVSX	EAX,WORD [4084]
   315 000003B7 50                              	PUSH	EAX
   316 000003B8 FF B5 FFFFFAC8                  	PUSH	DWORD [-1336+EBP]
   317 000003BE E8 [00000000]                   	CALL	_boxfill8
   318 000003C3 83 C4 28                        	ADD	ESP,40
   319 000003C6 6A 32                           	PUSH	50
   320 000003C8 FF B5 FFFFFAC4                  	PUSH	DWORD [-1340+EBP]
   321 000003CE E8 [00000000]                   	CALL	_timer_settime
   322 000003D3 6A 70                           	PUSH	112
   323 000003D5 6A 10                           	PUSH	16
   324 000003D7 6A 56                           	PUSH	86
   325 000003D9 6A 08                           	PUSH	8
   326 000003DB FF B5 FFFFFAD4                  	PUSH	DWORD [-1324+EBP]
   327 000003E1 E8 [00000000]                   	CALL	_sheet_refresh
   328 000003E6 E9 FFFFFF43                     	JMP	L26
   329 000003EB                                 L34:
   330 000003EB 6A 00                           	PUSH	0
   331 000003ED 56                              	PUSH	ESI
   332 000003EE FF B5 FFFFFAC4                  	PUSH	DWORD [-1340+EBP]
   333 000003F4 E8 [00000000]                   	CALL	_timer_init
   334 000003F9 6A 6F                           	PUSH	111
   335 000003FB 6A 0F                           	PUSH	15
   336 000003FD 6A 60                           	PUSH	96
   337 000003FF 6A 08                           	PUSH	8
   338 00000401 6A 07                           	PUSH	7
   339 00000403 EB AB                           	JMP	L28
   340 00000405                                 L33:
   341 00000405 6A 06                           	PUSH	6
   342 00000407 68 [0000002D]                   	PUSH	LC7
   343 0000040C 6A 0E                           	PUSH	14
   344 0000040E 6A 07                           	PUSH	7
   345 00000410 6A 50                           	PUSH	80
   346 00000412 6A 00                           	PUSH	0
   347 00000414 FF B5 FFFFFAD4                  	PUSH	DWORD [-1324+EBP]
   348 0000041A E8 000002FF                     	CALL	_putfonts8_asc_sht
   349 0000041F C7 85 FFFFFADC 00000000         	MOV	DWORD [-1316+EBP],0
   350 00000429 E9 FFFFFF00                     	JMP	L26
   351 0000042E                                 L32:
   352 0000042E 6A 07                           	PUSH	7
   353 00000430 8D 5D C4                        	LEA	EBX,DWORD [-60+EBP]
   354 00000433 68 [00000034]                   	PUSH	LC5
   355 00000438 6A 0E                           	PUSH	14
   356 0000043A 6A 07                           	PUSH	7
   357 0000043C 6A 40                           	PUSH	64
   358 0000043E 6A 00                           	PUSH	0
   359 00000440 FF B5 FFFFFAD4                  	PUSH	DWORD [-1324+EBP]
   360 00000446 E8 000002D3                     	CALL	_putfonts8_asc_sht
   361 0000044B FF B5 FFFFFADC                  	PUSH	DWORD [-1316+EBP]
   362 00000451 68 [0000003C]                   	PUSH	LC6
   363 00000456 53                              	PUSH	EBX
   364 00000457 E8 [00000000]                   	CALL	_sprintf
   365 0000045C 83 C4 28                        	ADD	ESP,40
   366 0000045F 6A 0A                           	PUSH	10
   367 00000461 53                              	PUSH	EBX
   368 00000462 6A 08                           	PUSH	8
   369 00000464 6A 00                           	PUSH	0
   370 00000466 6A 1C                           	PUSH	28
   371 00000468 6A 28                           	PUSH	40
   372 0000046A FF B5 FFFFFACC                  	PUSH	DWORD [-1332+EBP]
   373 00000470 E9 FFFFFEB4                     	JMP	L27
   374 00000475                                 L31:
   375 00000475 0F B6 C3                        	MOVZX	EAX,BL
   376 00000478 50                              	PUSH	EAX
   377 00000479 8D 85 FFFFFE04                  	LEA	EAX,DWORD [-508+EBP]
   378 0000047F 50                              	PUSH	EAX
   379 00000480 E8 [00000000]                   	CALL	_mouse_decode
   380 00000485 5A                              	POP	EDX
   381 00000486 59                              	POP	ECX
   382 00000487 85 C0                           	TEST	EAX,EAX
   383 00000489 0F 84 FFFFFEA2                  	JE	L2
   384 0000048F FF B5 FFFFFE0C                  	PUSH	DWORD [-500+EBP]
   385 00000495 FF B5 FFFFFE08                  	PUSH	DWORD [-504+EBP]
   386 0000049B 68 [00000042]                   	PUSH	LC4
   387 000004A0 8D 5D C4                        	LEA	EBX,DWORD [-60+EBP]
   388 000004A3 53                              	PUSH	EBX
   389 000004A4 E8 [00000000]                   	CALL	_sprintf
   390 000004A9 83 C4 10                        	ADD	ESP,16
   391 000004AC 8B 85 FFFFFE10                  	MOV	EAX,DWORD [-496+EBP]
   392 000004B2 A9 00000001                     	TEST	EAX,1
   393 000004B7 74 04                           	JE	L11
   394 000004B9 C6 45 C5 4C                     	MOV	BYTE [-59+EBP],76
   395 000004BD                                 L11:
   396 000004BD A9 00000002                     	TEST	EAX,2
   397 000004C2 74 04                           	JE	L12
   398 000004C4 C6 45 C7 52                     	MOV	BYTE [-57+EBP],82
   399 000004C8                                 L12:
   400 000004C8 83 E0 04                        	AND	EAX,4
   401 000004CB 74 04                           	JE	L13
   402 000004CD C6 45 C6 43                     	MOV	BYTE [-58+EBP],67
   403 000004D1                                 L13:
   404 000004D1 6A 0F                           	PUSH	15
   405 000004D3 53                              	PUSH	EBX
   406 000004D4 6A 0E                           	PUSH	14
   407 000004D6 6A 07                           	PUSH	7
   408 000004D8 6A 10                           	PUSH	16
   409 000004DA 6A 20                           	PUSH	32
   410 000004DC FF B5 FFFFFAD4                  	PUSH	DWORD [-1324+EBP]
   411 000004E2 E8 00000237                     	CALL	_putfonts8_asc_sht
   412 000004E7 8B 85 FFFFFE08                  	MOV	EAX,DWORD [-504+EBP]
   413 000004ED 03 BD FFFFFE0C                  	ADD	EDI,DWORD [-500+EBP]
   414 000004F3 83 C4 1C                        	ADD	ESP,28
   415 000004F6 01 85 FFFFFAE0                  	ADD	DWORD [-1312+EBP],EAX
   416 000004FC 78 71                           	JS	L35
   417 000004FE                                 L14:
   418 000004FE 85 FF                           	TEST	EDI,EDI
   419 00000500 78 69                           	JS	L36
   420 00000502                                 L15:
   421 00000502 0F BF 05 00000FF4               	MOVSX	EAX,WORD [4084]
   422 00000509 48                              	DEC	EAX
   423 0000050A 39 85 FFFFFAE0                  	CMP	DWORD [-1312+EBP],EAX
   424 00000510 7E 06                           	JLE	L16
   425 00000512 89 85 FFFFFAE0                  	MOV	DWORD [-1312+EBP],EAX
   426 00000518                                 L16:
   427 00000518 0F BF 05 00000FF6               	MOVSX	EAX,WORD [4086]
   428 0000051F 48                              	DEC	EAX
   429 00000520 39 C7                           	CMP	EDI,EAX
   430 00000522 7E 02                           	JLE	L17
   431 00000524 89 C7                           	MOV	EDI,EAX
   432 00000526                                 L17:
   433 00000526 57                              	PUSH	EDI
   434 00000527 FF B5 FFFFFAE0                  	PUSH	DWORD [-1312+EBP]
   435 0000052D 68 [00000008]                   	PUSH	LC1
   436 00000532 53                              	PUSH	EBX
   437 00000533 E8 [00000000]                   	CALL	_sprintf
   438 00000538 6A 0A                           	PUSH	10
   439 0000053A 53                              	PUSH	EBX
   440 0000053B 6A 0E                           	PUSH	14
   441 0000053D 6A 07                           	PUSH	7
   442 0000053F 6A 00                           	PUSH	0
   443 00000541 6A 00                           	PUSH	0
   444 00000543 FF B5 FFFFFAD4                  	PUSH	DWORD [-1324+EBP]
   445 00000549 E8 000001D0                     	CALL	_putfonts8_asc_sht
   446 0000054E 83 C4 2C                        	ADD	ESP,44
   447 00000551 57                              	PUSH	EDI
   448 00000552 FF B5 FFFFFAE0                  	PUSH	DWORD [-1312+EBP]
   449 00000558 FF B5 FFFFFAD0                  	PUSH	DWORD [-1328+EBP]
   450 0000055E E8 [00000000]                   	CALL	_sheet_slide
   451 00000563 83 C4 0C                        	ADD	ESP,12
   452 00000566 E9 FFFFFDC6                     	JMP	L2
   453 0000056B                                 L36:
   454 0000056B 31 FF                           	XOR	EDI,EDI
   455 0000056D EB 93                           	JMP	L15
   456 0000056F                                 L35:
   457 0000056F C7 85 FFFFFAE0 00000000         	MOV	DWORD [-1312+EBP],0
   458 00000579 EB 83                           	JMP	L14
   459 0000057B                                 L30:
   460 0000057B 50                              	PUSH	EAX
   461 0000057C 8D 5D C4                        	LEA	EBX,DWORD [-60+EBP]
   462 0000057F 68 [00000050]                   	PUSH	LC3
   463 00000584 53                              	PUSH	EBX
   464 00000585 E8 [00000000]                   	CALL	_sprintf
   465 0000058A 6A 02                           	PUSH	2
   466 0000058C 53                              	PUSH	EBX
   467 0000058D 6A 0E                           	PUSH	14
   468 0000058F 6A 07                           	PUSH	7
   469 00000591 6A 10                           	PUSH	16
   470 00000593 6A 00                           	PUSH	0
   471 00000595 FF B5 FFFFFAD4                  	PUSH	DWORD [-1324+EBP]
   472 0000059B E8 0000017E                     	CALL	_putfonts8_asc_sht
   473 000005A0 83 C4 28                        	ADD	ESP,40
   474 000005A3 E9 FFFFFD89                     	JMP	L2
   475 000005A8                                 L29:
   476 000005A8 E8 [00000000]                   	CALL	_io_sti
   477 000005AD E9 FFFFFD7F                     	JMP	L2
   478                                          [SECTION .data]
   479 00000055                                 _closebtn.0:
   480 00000055 4F 4F 4F 4F 4F 4F 4F 4F 4F 4F   	DB	"OOOOOOOOOOOOOOO@"
       0000005F 4F 4F 4F 4F 4F 40 
   481 00000065 4F 51 51 51 51 51 51 51 51 51   	DB	"OQQQQQQQQQQQQQ$@"
       0000006F 51 51 51 51 24 40 
   482 00000075 4F 51 51 51 51 51 51 51 51 51   	DB	"OQQQQQQQQQQQQQ$@"
       0000007F 51 51 51 51 24 40 
   483 00000085 4F 51 51 51 40 40 51 51 51 51   	DB	"OQQQ@@QQQQ@@QQ$@"
       0000008F 40 40 51 51 24 40 
   484 00000095 4F 51 51 51 51 40 40 51 51 40   	DB	"OQQQQ@@QQ@@QQQ$@"
       0000009F 40 51 51 51 24 40 
   485 000000A5 4F 51 51 51 51 51 40 40 40 40   	DB	"OQQQQQ@@@@QQQQ$@"
       000000AF 51 51 51 51 24 40 
   486 000000B5 4F 51 51 51 51 51 51 40 40 51   	DB	"OQQQQQQ@@QQQQQ$@"
       000000BF 51 51 51 51 24 40 
   487 000000C5 4F 51 51 51 51 51 40 40 40 40   	DB	"OQQQQQ@@@@QQQQ$@"
       000000CF 51 51 51 51 24 40 
   488 000000D5 4F 51 51 51 51 40 40 51 51 40   	DB	"OQQQQ@@QQ@@QQQ$@"
       000000DF 40 51 51 51 24 40 
   489 000000E5 4F 51 51 51 40 40 51 51 51 51   	DB	"OQQQ@@QQQQ@@QQ$@"
       000000EF 40 40 51 51 24 40 
   490 000000F5 4F 51 51 51 51 51 51 51 51 51   	DB	"OQQQQQQQQQQQQQ$@"
       000000FF 51 51 51 51 24 40 
   491 00000105 4F 51 51 51 51 51 51 51 51 51   	DB	"OQQQQQQQQQQQQQ$@"
       0000010F 51 51 51 51 24 40 
   492 00000115 4F 24 24 24 24 24 24 24 24 24   	DB	"O$$$$$$$$$$$$$$@"
       0000011F 24 24 24 24 24 40 
   493 00000125 40 40 40 40 40 40 40 40 40 40   	DB	"@@@@@@@@@@@@@@@@"
       0000012F 40 40 40 40 40 40 
   494                                          [SECTION .text]
   495 000005B2                                 	GLOBAL	_make_window8
   496 000005B2                                 _make_window8:
   497 000005B2 55                              	PUSH	EBP
   498 000005B3 89 E5                           	MOV	EBP,ESP
   499 000005B5 57                              	PUSH	EDI
   500 000005B6 56                              	PUSH	ESI
   501 000005B7 53                              	PUSH	EBX
   502 000005B8 83 EC 14                        	SUB	ESP,20
   503 000005BB 8B 5D 0C                        	MOV	EBX,DWORD [12+EBP]
   504 000005BE 6A 00                           	PUSH	0
   505 000005C0 8D 43 FF                        	LEA	EAX,DWORD [-1+EBX]
   506 000005C3 8D 7B FE                        	LEA	EDI,DWORD [-2+EBX]
   507 000005C6 50                              	PUSH	EAX
   508 000005C7 89 45 EC                        	MOV	DWORD [-20+EBP],EAX
   509 000005CA 6A 00                           	PUSH	0
   510 000005CC 6A 00                           	PUSH	0
   511 000005CE 6A 08                           	PUSH	8
   512 000005D0 53                              	PUSH	EBX
   513 000005D1 FF 75 08                        	PUSH	DWORD [8+EBP]
   514 000005D4 E8 [00000000]                   	CALL	_boxfill8
   515 000005D9 6A 01                           	PUSH	1
   516 000005DB 57                              	PUSH	EDI
   517 000005DC 6A 01                           	PUSH	1
   518 000005DE 6A 01                           	PUSH	1
   519 000005E0 6A 07                           	PUSH	7
   520 000005E2 53                              	PUSH	EBX
   521 000005E3 FF 75 08                        	PUSH	DWORD [8+EBP]
   522 000005E6 E8 [00000000]                   	CALL	_boxfill8
   523 000005EB 8B 55 10                        	MOV	EDX,DWORD [16+EBP]
   524 000005EE 83 C4 38                        	ADD	ESP,56
   525 000005F1 4A                              	DEC	EDX
   526 000005F2 89 55 E8                        	MOV	DWORD [-24+EBP],EDX
   527 000005F5 52                              	PUSH	EDX
   528 000005F6 6A 00                           	PUSH	0
   529 000005F8 6A 00                           	PUSH	0
   530 000005FA 6A 00                           	PUSH	0
   531 000005FC 6A 08                           	PUSH	8
   532 000005FE 53                              	PUSH	EBX
   533 000005FF FF 75 08                        	PUSH	DWORD [8+EBP]
   534 00000602 E8 [00000000]                   	CALL	_boxfill8
   535 00000607 8B 75 10                        	MOV	ESI,DWORD [16+EBP]
   536 0000060A 83 EE 02                        	SUB	ESI,2
   537 0000060D 56                              	PUSH	ESI
   538 0000060E 6A 01                           	PUSH	1
   539 00000610 6A 01                           	PUSH	1
   540 00000612 6A 01                           	PUSH	1
   541 00000614 6A 07                           	PUSH	7
   542 00000616 53                              	PUSH	EBX
   543 00000617 FF 75 08                        	PUSH	DWORD [8+EBP]
   544 0000061A E8 [00000000]                   	CALL	_boxfill8
   545 0000061F 83 C4 38                        	ADD	ESP,56
   546 00000622 56                              	PUSH	ESI
   547 00000623 57                              	PUSH	EDI
   548 00000624 6A 01                           	PUSH	1
   549 00000626 57                              	PUSH	EDI
   550 00000627 6A 0F                           	PUSH	15
   551 00000629 53                              	PUSH	EBX
   552 0000062A FF 75 08                        	PUSH	DWORD [8+EBP]
   553 0000062D E8 [00000000]                   	CALL	_boxfill8
   554 00000632 FF 75 E8                        	PUSH	DWORD [-24+EBP]
   555 00000635 FF 75 EC                        	PUSH	DWORD [-20+EBP]
   556 00000638 6A 00                           	PUSH	0
   557 0000063A FF 75 EC                        	PUSH	DWORD [-20+EBP]
   558 0000063D 6A 00                           	PUSH	0
   559 0000063F 53                              	PUSH	EBX
   560 00000640 FF 75 08                        	PUSH	DWORD [8+EBP]
   561 00000643 E8 [00000000]                   	CALL	_boxfill8
   562 00000648 8B 45 10                        	MOV	EAX,DWORD [16+EBP]
   563 0000064B 83 C4 38                        	ADD	ESP,56
   564 0000064E 83 E8 03                        	SUB	EAX,3
   565 00000651 50                              	PUSH	EAX
   566 00000652 8D 43 FD                        	LEA	EAX,DWORD [-3+EBX]
   567 00000655 50                              	PUSH	EAX
   568 00000656 6A 02                           	PUSH	2
   569 00000658 6A 02                           	PUSH	2
   570 0000065A 6A 08                           	PUSH	8
   571 0000065C 53                              	PUSH	EBX
   572 0000065D FF 75 08                        	PUSH	DWORD [8+EBP]
   573 00000660 E8 [00000000]                   	CALL	_boxfill8
   574 00000665 8D 43 FC                        	LEA	EAX,DWORD [-4+EBX]
   575 00000668 6A 14                           	PUSH	20
   576 0000066A 50                              	PUSH	EAX
   577 0000066B 6A 03                           	PUSH	3
   578 0000066D 6A 03                           	PUSH	3
   579 0000066F 6A 0C                           	PUSH	12
   580 00000671 53                              	PUSH	EBX
   581 00000672 FF 75 08                        	PUSH	DWORD [8+EBP]
   582 00000675 E8 [00000000]                   	CALL	_boxfill8
   583 0000067A 83 C4 38                        	ADD	ESP,56
   584 0000067D 56                              	PUSH	ESI
   585 0000067E 57                              	PUSH	EDI
   586 0000067F 56                              	PUSH	ESI
   587 00000680 6A 01                           	PUSH	1
   588 00000682 6A 0F                           	PUSH	15
   589 00000684 53                              	PUSH	EBX
   590 00000685 FF 75 08                        	PUSH	DWORD [8+EBP]
   591 00000688 E8 [00000000]                   	CALL	_boxfill8
   592 0000068D FF 75 E8                        	PUSH	DWORD [-24+EBP]
   593 00000690 FF 75 EC                        	PUSH	DWORD [-20+EBP]
   594 00000693 FF 75 E8                        	PUSH	DWORD [-24+EBP]
   595 00000696 6A 00                           	PUSH	0
   596 00000698 6A 00                           	PUSH	0
   597 0000069A 6B F3 05                        	IMUL	ESI,EBX,5
   598 0000069D 53                              	PUSH	EBX
   599 0000069E FF 75 08                        	PUSH	DWORD [8+EBP]
   600 000006A1 E8 [00000000]                   	CALL	_boxfill8
   601 000006A6 83 C4 38                        	ADD	ESP,56
   602 000006A9 FF 75 14                        	PUSH	DWORD [20+EBP]
   603 000006AC 6A 07                           	PUSH	7
   604 000006AE 6A 04                           	PUSH	4
   605 000006B0 6A 18                           	PUSH	24
   606 000006B2 53                              	PUSH	EBX
   607 000006B3 FF 75 08                        	PUSH	DWORD [8+EBP]
   608 000006B6 E8 [00000000]                   	CALL	_putfonts8_asc
   609 000006BB 83 C4 18                        	ADD	ESP,24
   610 000006BE C7 45 F0 00000000               	MOV	DWORD [-16+EBP],0
   611 000006C5 C7 45 E0 00000000               	MOV	DWORD [-32+EBP],0
   612 000006CC                                 L53:
   613 000006CC 8D 04 1E                        	LEA	EAX,DWORD [ESI+EBX*1]
   614 000006CF 8B 55 08                        	MOV	EDX,DWORD [8+EBP]
   615 000006D2 31 FF                           	XOR	EDI,EDI
   616 000006D4 8D 4C 02 EB                     	LEA	ECX,DWORD [-21+EDX+EAX*1]
   617 000006D8                                 L52:
   618 000006D8 8B 45 E0                        	MOV	EAX,DWORD [-32+EBP]
   619 000006DB 8A 94 07 [00000055]             	MOV	DL,BYTE [_closebtn.0+EDI+EAX*1]
   620 000006E2 80 FA 40                        	CMP	DL,64
   621 000006E5 74 33                           	JE	L58
   622 000006E7 80 FA 24                        	CMP	DL,36
   623 000006EA 74 2A                           	JE	L59
   624 000006EC 80 FA 51                        	CMP	DL,81
   625 000006EF B2 08                           	MOV	DL,8
   626 000006F1 0F 95 C0                        	SETNE	AL
   627 000006F4 28 C2                           	SUB	DL,AL
   628 000006F6                                 L47:
   629 000006F6 47                              	INC	EDI
   630 000006F7 88 11                           	MOV	BYTE [ECX],DL
   631 000006F9 41                              	INC	ECX
   632 000006FA 83 FF 0F                        	CMP	EDI,15
   633 000006FD 7E D9                           	JLE	L52
   634 000006FF FF 45 F0                        	INC	DWORD [-16+EBP]
   635 00000702 01 DE                           	ADD	ESI,EBX
   636 00000704 83 45 E0 10                     	ADD	DWORD [-32+EBP],16
   637 00000708 83 7D F0 0D                     	CMP	DWORD [-16+EBP],13
   638 0000070C 7E BE                           	JLE	L53
   639 0000070E 8D 65 F4                        	LEA	ESP,DWORD [-12+EBP]
   640 00000711 5B                              	POP	EBX
   641 00000712 5E                              	POP	ESI
   642 00000713 5F                              	POP	EDI
   643 00000714 5D                              	POP	EBP
   644 00000715 C3                              	RET
   645 00000716                                 L59:
   646 00000716 B2 0F                           	MOV	DL,15
   647 00000718 EB DC                           	JMP	L47
   648 0000071A                                 L58:
   649 0000071A 31 D2                           	XOR	EDX,EDX
   650 0000071C EB D8                           	JMP	L47
   651 0000071E                                 	GLOBAL	_putfonts8_asc_sht
   652 0000071E                                 _putfonts8_asc_sht:
   653 0000071E 55                              	PUSH	EBP
   654 0000071F 89 E5                           	MOV	EBP,ESP
   655 00000721 57                              	PUSH	EDI
   656 00000722 56                              	PUSH	ESI
   657 00000723 53                              	PUSH	EBX
   658 00000724 83 EC 0C                        	SUB	ESP,12
   659 00000727 8B 45 08                        	MOV	EAX,DWORD [8+EBP]
   660 0000072A 8B 7D 10                        	MOV	EDI,DWORD [16+EBP]
   661 0000072D 89 45 F0                        	MOV	DWORD [-16+EBP],EAX
   662 00000730 8B 5D 14                        	MOV	EBX,DWORD [20+EBP]
   663 00000733 8B 45 0C                        	MOV	EAX,DWORD [12+EBP]
   664 00000736 89 45 EC                        	MOV	DWORD [-20+EBP],EAX
   665 00000739 8B 45 1C                        	MOV	EAX,DWORD [28+EBP]
   666 0000073C 89 45 E8                        	MOV	DWORD [-24+EBP],EAX
   667 0000073F 8D 47 0F                        	LEA	EAX,DWORD [15+EDI]
   668 00000742 50                              	PUSH	EAX
   669 00000743 8B 45 EC                        	MOV	EAX,DWORD [-20+EBP]
   670 00000746 8B 75 20                        	MOV	ESI,DWORD [32+EBP]
   671 00000749 0F BE DB                        	MOVSX	EBX,BL
   672 0000074C 8D 34 F0                        	LEA	ESI,DWORD [EAX+ESI*8]
   673 0000074F 8D 46 FF                        	LEA	EAX,DWORD [-1+ESI]
   674 00000752 50                              	PUSH	EAX
   675 00000753 57                              	PUSH	EDI
   676 00000754 FF 75 EC                        	PUSH	DWORD [-20+EBP]
   677 00000757 0F B6 45 18                     	MOVZX	EAX,BYTE [24+EBP]
   678 0000075B 50                              	PUSH	EAX
   679 0000075C 8B 45 F0                        	MOV	EAX,DWORD [-16+EBP]
   680 0000075F FF 70 04                        	PUSH	DWORD [4+EAX]
   681 00000762 FF 30                           	PUSH	DWORD [EAX]
   682 00000764 E8 [00000000]                   	CALL	_boxfill8
   683 00000769 FF 75 E8                        	PUSH	DWORD [-24+EBP]
   684 0000076C 53                              	PUSH	EBX
   685 0000076D 57                              	PUSH	EDI
   686 0000076E FF 75 EC                        	PUSH	DWORD [-20+EBP]
   687 00000771 8B 45 F0                        	MOV	EAX,DWORD [-16+EBP]
   688 00000774 FF 70 04                        	PUSH	DWORD [4+EAX]
   689 00000777 FF 30                           	PUSH	DWORD [EAX]
   690 00000779 E8 [00000000]                   	CALL	_putfonts8_asc
   691 0000077E 89 7D 10                        	MOV	DWORD [16+EBP],EDI
   692 00000781 8D 47 10                        	LEA	EAX,DWORD [16+EDI]
   693 00000784 89 75 14                        	MOV	DWORD [20+EBP],ESI
   694 00000787 89 45 18                        	MOV	DWORD [24+EBP],EAX
   695 0000078A 83 C4 34                        	ADD	ESP,52
   696 0000078D 8B 45 EC                        	MOV	EAX,DWORD [-20+EBP]
   697 00000790 89 45 0C                        	MOV	DWORD [12+EBP],EAX
   698 00000793 8B 45 F0                        	MOV	EAX,DWORD [-16+EBP]
   699 00000796 89 45 08                        	MOV	DWORD [8+EBP],EAX
   700 00000799 8D 65 F4                        	LEA	ESP,DWORD [-12+EBP]
   701 0000079C 5B                              	POP	EBX
   702 0000079D 5E                              	POP	ESI
   703 0000079E 5F                              	POP	EDI
   704 0000079F 5D                              	POP	EBP
   705 000007A0 E9 [00000000]                   	JMP	_sheet_refresh
