     1 00000000                                 [FORMAT "WCOFF"]
     2 00000000                                 [INSTRSET "i486p"]
     3 00000000                                 [OPTIMIZE 1]
     4 00000000                                 [OPTION 1]
     5 00000000                                 [BITS 32]
     6 00000000                                 	EXTERN	_memman_alloc_4k
     7 00000000                                 	EXTERN	_memman_free_4k
     8 00000000                                 [FILE "sheet.c"]
     9                                          [SECTION .text]
    10 00000000                                 	GLOBAL	_shtctl_init
    11 00000000                                 _shtctl_init:
    12 00000000 55                              	PUSH	EBP
    13 00000001 89 E5                           	MOV	EBP,ESP
    14 00000003 57                              	PUSH	EDI
    15 00000004 56                              	PUSH	ESI
    16 00000005 53                              	PUSH	EBX
    17 00000006 8B 75 08                        	MOV	ESI,DWORD [8+EBP]
    18 00000009 68 00002814                     	PUSH	10260
    19 0000000E 8B 7D 10                        	MOV	EDI,DWORD [16+EBP]
    20 00000011 56                              	PUSH	ESI
    21 00000012 E8 [00000000]                   	CALL	_memman_alloc_4k
    22 00000017 89 C3                           	MOV	EBX,EAX
    23 00000019 58                              	POP	EAX
    24 0000001A 5A                              	POP	EDX
    25 0000001B 85 DB                           	TEST	EBX,EBX
    26 0000001D 74 4A                           	JE	L3
    27 0000001F 8B 45 14                        	MOV	EAX,DWORD [20+EBP]
    28 00000022 0F AF C7                        	IMUL	EAX,EDI
    29 00000025 50                              	PUSH	EAX
    30 00000026 56                              	PUSH	ESI
    31 00000027 E8 [00000000]                   	CALL	_memman_alloc_4k
    32 0000002C 85 C0                           	TEST	EAX,EAX
    33 0000002E 89 43 04                        	MOV	DWORD [4+EBX],EAX
    34 00000031 5A                              	POP	EDX
    35 00000032 59                              	POP	ECX
    36 00000033 74 3E                           	JE	L11
    37 00000035 8B 45 0C                        	MOV	EAX,DWORD [12+EBP]
    38 00000038 89 7B 08                        	MOV	DWORD [8+EBX],EDI
    39 0000003B 89 03                           	MOV	DWORD [EBX],EAX
    40 0000003D 8D 93 000023DC                  	LEA	EDX,DWORD [9180+EBX]
    41 00000043 8B 45 14                        	MOV	EAX,DWORD [20+EBP]
    42 00000046 89 43 0C                        	MOV	DWORD [12+EBX],EAX
    43 00000049 89 D8                           	MOV	EAX,EBX
    44 0000004B C7 43 10 FFFFFFFF               	MOV	DWORD [16+EBX],-1
    45 00000052                                 L9:
    46 00000052 C7 80 00000430 00000000         	MOV	DWORD [1072+EAX],0
    47 0000005C 89 98 00000434                  	MOV	DWORD [1076+EAX],EBX
    48 00000062 83 C0 24                        	ADD	EAX,36
    49 00000065 39 D0                           	CMP	EAX,EDX
    50 00000067 7E E9                           	JLE	L9
    51 00000069                                 L3:
    52 00000069 8D 65 F4                        	LEA	ESP,DWORD [-12+EBP]
    53 0000006C 89 D8                           	MOV	EAX,EBX
    54 0000006E 5B                              	POP	EBX
    55 0000006F 5E                              	POP	ESI
    56 00000070 5F                              	POP	EDI
    57 00000071 5D                              	POP	EBP
    58 00000072 C3                              	RET
    59 00000073                                 L11:
    60 00000073 68 00002814                     	PUSH	10260
    61 00000078 53                              	PUSH	EBX
    62 00000079 56                              	PUSH	ESI
    63 0000007A E8 [00000000]                   	CALL	_memman_free_4k
    64 0000007F 83 C4 0C                        	ADD	ESP,12
    65 00000082 EB E5                           	JMP	L3
    66 00000084                                 	GLOBAL	_sheet_alloc
    67 00000084                                 _sheet_alloc:
    68 00000084 55                              	PUSH	EBP
    69 00000085 31 D2                           	XOR	EDX,EDX
    70 00000087 89 E5                           	MOV	EBP,ESP
    71 00000089 8B 45 08                        	MOV	EAX,DWORD [8+EBP]
    72 0000008C 05 00000414                     	ADD	EAX,1044
    73 00000091                                 L18:
    74 00000091 83 78 1C 00                     	CMP	DWORD [28+EAX],0
    75 00000095 74 10                           	JE	L21
    76 00000097 42                              	INC	EDX
    77 00000098 83 C0 24                        	ADD	EAX,36
    78 0000009B 81 FA 000000FF                  	CMP	EDX,255
    79 000000A1 7E EE                           	JLE	L18
    80 000000A3 31 C0                           	XOR	EAX,EAX
    81 000000A5                                 L12:
    82 000000A5 5D                              	POP	EBP
    83 000000A6 C3                              	RET
    84 000000A7                                 L21:
    85 000000A7 C7 40 1C 00000001               	MOV	DWORD [28+EAX],1
    86 000000AE C7 40 18 FFFFFFFF               	MOV	DWORD [24+EAX],-1
    87 000000B5 EB EE                           	JMP	L12
    88 000000B7                                 	GLOBAL	_sheet_setbuf
    89 000000B7                                 _sheet_setbuf:
    90 000000B7 55                              	PUSH	EBP
    91 000000B8 89 E5                           	MOV	EBP,ESP
    92 000000BA 8B 55 08                        	MOV	EDX,DWORD [8+EBP]
    93 000000BD 8B 45 0C                        	MOV	EAX,DWORD [12+EBP]
    94 000000C0 89 02                           	MOV	DWORD [EDX],EAX
    95 000000C2 8B 45 10                        	MOV	EAX,DWORD [16+EBP]
    96 000000C5 89 42 04                        	MOV	DWORD [4+EDX],EAX
    97 000000C8 8B 45 14                        	MOV	EAX,DWORD [20+EBP]
    98 000000CB 89 42 08                        	MOV	DWORD [8+EDX],EAX
    99 000000CE 8B 45 18                        	MOV	EAX,DWORD [24+EBP]
   100 000000D1 89 42 14                        	MOV	DWORD [20+EDX],EAX
   101 000000D4 5D                              	POP	EBP
   102 000000D5 C3                              	RET
   103 000000D6                                 	GLOBAL	_sheet_updown
   104 000000D6                                 _sheet_updown:
   105 000000D6 55                              	PUSH	EBP
   106 000000D7 89 E5                           	MOV	EBP,ESP
   107 000000D9 57                              	PUSH	EDI
   108 000000DA 56                              	PUSH	ESI
   109 000000DB 53                              	PUSH	EBX
   110 000000DC 51                              	PUSH	ECX
   111 000000DD 8B 7D 08                        	MOV	EDI,DWORD [8+EBP]
   112 000000E0 8B 5D 0C                        	MOV	EBX,DWORD [12+EBP]
   113 000000E3 8B 77 20                        	MOV	ESI,DWORD [32+EDI]
   114 000000E6 8B 47 18                        	MOV	EAX,DWORD [24+EDI]
   115 000000E9 89 45 F0                        	MOV	DWORD [-16+EBP],EAX
   116 000000EC 8B 46 10                        	MOV	EAX,DWORD [16+ESI]
   117 000000EF 40                              	INC	EAX
   118 000000F0 39 C3                           	CMP	EBX,EAX
   119 000000F2 7E 02                           	JLE	L24
   120 000000F4 89 C3                           	MOV	EBX,EAX
   121 000000F6                                 L24:
   122 000000F6 83 FB FF                        	CMP	EBX,-1
   123 000000F9 7D 03                           	JGE	L25
   124 000000FB 83 CB FF                        	OR	EBX,-1
   125 000000FE                                 L25:
   126 000000FE 89 5F 18                        	MOV	DWORD [24+EDI],EBX
   127 00000101 39 5D F0                        	CMP	DWORD [-16+EBP],EBX
   128 00000104 0F 8E 000000A8                  	JLE	L26
   129 0000010A 85 DB                           	TEST	EBX,EBX
   130 0000010C 78 5C                           	JS	L27
   131 0000010E 8B 4D F0                        	MOV	ECX,DWORD [-16+EBP]
   132 00000111                                 L32:
   133 00000111 8B 44 8E 10                     	MOV	EAX,DWORD [16+ESI+ECX*4]
   134 00000115 89 44 8E 14                     	MOV	DWORD [20+ESI+ECX*4],EAX
   135 00000119 89 48 18                        	MOV	DWORD [24+EAX],ECX
   136 0000011C 49                              	DEC	ECX
   137 0000011D 39 D9                           	CMP	ECX,EBX
   138 0000011F 7F F0                           	JG	L32
   139 00000121 89 7C 9E 14                     	MOV	DWORD [20+ESI+EBX*4],EDI
   140 00000125 43                              	INC	EBX
   141 00000126 53                              	PUSH	EBX
   142 00000127 8B 4F 10                        	MOV	ECX,DWORD [16+EDI]
   143 0000012A 89 C8                           	MOV	EAX,ECX
   144 0000012C 03 47 08                        	ADD	EAX,DWORD [8+EDI]
   145 0000012F 50                              	PUSH	EAX
   146 00000130 8B 57 0C                        	MOV	EDX,DWORD [12+EDI]
   147 00000133 89 D0                           	MOV	EAX,EDX
   148 00000135 03 47 04                        	ADD	EAX,DWORD [4+EDI]
   149 00000138 50                              	PUSH	EAX
   150 00000139 51                              	PUSH	ECX
   151 0000013A 52                              	PUSH	EDX
   152 0000013B 56                              	PUSH	ESI
   153 0000013C E8 00000283                     	CALL	_sheet_refreshmap
   154 00000141 FF 75 F0                        	PUSH	DWORD [-16+EBP]
   155 00000144                                 L62:
   156 00000144 53                              	PUSH	EBX
   157 00000145                                 L61:
   158 00000145 8B 4F 10                        	MOV	ECX,DWORD [16+EDI]
   159 00000148 89 C8                           	MOV	EAX,ECX
   160 0000014A 03 47 08                        	ADD	EAX,DWORD [8+EDI]
   161 0000014D 50                              	PUSH	EAX
   162 0000014E 8B 57 0C                        	MOV	EDX,DWORD [12+EDI]
   163 00000151 89 D0                           	MOV	EAX,EDX
   164 00000153 03 47 04                        	ADD	EAX,DWORD [4+EDI]
   165 00000156 50                              	PUSH	EAX
   166 00000157 51                              	PUSH	ECX
   167 00000158 52                              	PUSH	EDX
   168 00000159 56                              	PUSH	ESI
   169 0000015A E8 000000F7                     	CALL	_sheet_refreshsub
   170 0000015F 83 C4 34                        	ADD	ESP,52
   171 00000162                                 L23:
   172 00000162 8D 65 F4                        	LEA	ESP,DWORD [-12+EBP]
   173 00000165 5B                              	POP	EBX
   174 00000166 5E                              	POP	ESI
   175 00000167 5F                              	POP	EDI
   176 00000168 5D                              	POP	EBP
   177 00000169 C3                              	RET
   178 0000016A                                 L27:
   179 0000016A 8B 46 10                        	MOV	EAX,DWORD [16+ESI]
   180 0000016D 3B 45 F0                        	CMP	EAX,DWORD [-16+EBP]
   181 00000170 7E 18                           	JLE	L34
   182 00000172 8B 4D F0                        	MOV	ECX,DWORD [-16+EBP]
   183 00000175 39 C1                           	CMP	ECX,EAX
   184 00000177 7D 11                           	JGE	L34
   185 00000179                                 L39:
   186 00000179 8B 44 8E 18                     	MOV	EAX,DWORD [24+ESI+ECX*4]
   187 0000017D 89 44 8E 14                     	MOV	DWORD [20+ESI+ECX*4],EAX
   188 00000181 89 48 18                        	MOV	DWORD [24+EAX],ECX
   189 00000184 41                              	INC	ECX
   190 00000185 3B 4E 10                        	CMP	ECX,DWORD [16+ESI]
   191 00000188 7C EF                           	JL	L39
   192 0000018A                                 L34:
   193 0000018A FF 4E 10                        	DEC	DWORD [16+ESI]
   194 0000018D 6A 00                           	PUSH	0
   195 0000018F 8B 4F 10                        	MOV	ECX,DWORD [16+EDI]
   196 00000192 89 C8                           	MOV	EAX,ECX
   197 00000194 03 47 08                        	ADD	EAX,DWORD [8+EDI]
   198 00000197 50                              	PUSH	EAX
   199 00000198 8B 57 0C                        	MOV	EDX,DWORD [12+EDI]
   200 0000019B 89 D0                           	MOV	EAX,EDX
   201 0000019D 03 47 04                        	ADD	EAX,DWORD [4+EDI]
   202 000001A0 50                              	PUSH	EAX
   203 000001A1 51                              	PUSH	ECX
   204 000001A2 52                              	PUSH	EDX
   205 000001A3 56                              	PUSH	ESI
   206 000001A4 E8 0000021B                     	CALL	_sheet_refreshmap
   207 000001A9 8B 45 F0                        	MOV	EAX,DWORD [-16+EBP]
   208 000001AC 48                              	DEC	EAX
   209 000001AD 50                              	PUSH	EAX
   210 000001AE 6A 00                           	PUSH	0
   211 000001B0 EB 93                           	JMP	L61
   212 000001B2                                 L26:
   213 000001B2 39 5D F0                        	CMP	DWORD [-16+EBP],EBX
   214 000001B5 7D AB                           	JGE	L23
   215 000001B7 83 7D F0 00                     	CMP	DWORD [-16+EBP],0
   216 000001BB 78 3C                           	JS	L42
   217 000001BD 8B 4D F0                        	MOV	ECX,DWORD [-16+EBP]
   218 000001C0 39 D9                           	CMP	ECX,EBX
   219 000001C2 7D 10                           	JGE	L58
   220 000001C4                                 L47:
   221 000001C4 8B 44 8E 18                     	MOV	EAX,DWORD [24+ESI+ECX*4]
   222 000001C8 89 44 8E 14                     	MOV	DWORD [20+ESI+ECX*4],EAX
   223 000001CC 89 48 18                        	MOV	DWORD [24+EAX],ECX
   224 000001CF 41                              	INC	ECX
   225 000001D0 39 D9                           	CMP	ECX,EBX
   226 000001D2 7C F0                           	JL	L47
   227 000001D4                                 L58:
   228 000001D4 89 7C 9E 14                     	MOV	DWORD [20+ESI+EBX*4],EDI
   229 000001D8                                 L48:
   230 000001D8 53                              	PUSH	EBX
   231 000001D9 8B 4F 10                        	MOV	ECX,DWORD [16+EDI]
   232 000001DC 89 C8                           	MOV	EAX,ECX
   233 000001DE 03 47 08                        	ADD	EAX,DWORD [8+EDI]
   234 000001E1 50                              	PUSH	EAX
   235 000001E2 8B 57 0C                        	MOV	EDX,DWORD [12+EDI]
   236 000001E5 89 D0                           	MOV	EAX,EDX
   237 000001E7 03 47 04                        	ADD	EAX,DWORD [4+EDI]
   238 000001EA 50                              	PUSH	EAX
   239 000001EB 51                              	PUSH	ECX
   240 000001EC 52                              	PUSH	EDX
   241 000001ED 56                              	PUSH	ESI
   242 000001EE E8 000001D1                     	CALL	_sheet_refreshmap
   243 000001F3 53                              	PUSH	EBX
   244 000001F4 E9 FFFFFF4B                     	JMP	L62
   245 000001F9                                 L42:
   246 000001F9 8B 4E 10                        	MOV	ECX,DWORD [16+ESI]
   247 000001FC 39 D9                           	CMP	ECX,EBX
   248 000001FE 7C 13                           	JL	L60
   249 00000200                                 L53:
   250 00000200 8B 54 8E 14                     	MOV	EDX,DWORD [20+ESI+ECX*4]
   251 00000204 8D 41 01                        	LEA	EAX,DWORD [1+ECX]
   252 00000207 89 54 8E 18                     	MOV	DWORD [24+ESI+ECX*4],EDX
   253 0000020B 49                              	DEC	ECX
   254 0000020C 89 42 18                        	MOV	DWORD [24+EDX],EAX
   255 0000020F 39 D9                           	CMP	ECX,EBX
   256 00000211 7D ED                           	JGE	L53
   257 00000213                                 L60:
   258 00000213 89 7C 9E 14                     	MOV	DWORD [20+ESI+EBX*4],EDI
   259 00000217 FF 46 10                        	INC	DWORD [16+ESI]
   260 0000021A EB BC                           	JMP	L48
   261 0000021C                                 	GLOBAL	_sheet_refresh
   262 0000021C                                 _sheet_refresh:
   263 0000021C 55                              	PUSH	EBP
   264 0000021D 89 E5                           	MOV	EBP,ESP
   265 0000021F 53                              	PUSH	EBX
   266 00000220 8B 5D 08                        	MOV	EBX,DWORD [8+EBP]
   267 00000223 8B 43 18                        	MOV	EAX,DWORD [24+EBX]
   268 00000226 85 C0                           	TEST	EAX,EAX
   269 00000228 78 27                           	JS	L63
   270 0000022A 50                              	PUSH	EAX
   271 0000022B 50                              	PUSH	EAX
   272 0000022C 8B 4B 10                        	MOV	ECX,DWORD [16+EBX]
   273 0000022F 89 C8                           	MOV	EAX,ECX
   274 00000231 03 4D 10                        	ADD	ECX,DWORD [16+EBP]
   275 00000234 03 45 18                        	ADD	EAX,DWORD [24+EBP]
   276 00000237 50                              	PUSH	EAX
   277 00000238 8B 53 0C                        	MOV	EDX,DWORD [12+EBX]
   278 0000023B 89 D0                           	MOV	EAX,EDX
   279 0000023D 03 55 0C                        	ADD	EDX,DWORD [12+EBP]
   280 00000240 03 45 14                        	ADD	EAX,DWORD [20+EBP]
   281 00000243 50                              	PUSH	EAX
   282 00000244 51                              	PUSH	ECX
   283 00000245 52                              	PUSH	EDX
   284 00000246 FF 73 20                        	PUSH	DWORD [32+EBX]
   285 00000249 E8 00000008                     	CALL	_sheet_refreshsub
   286 0000024E 83 C4 1C                        	ADD	ESP,28
   287 00000251                                 L63:
   288 00000251 8B 5D FC                        	MOV	EBX,DWORD [-4+EBP]
   289 00000254 C9                              	LEAVE
   290 00000255 C3                              	RET
   291 00000256                                 	GLOBAL	_sheet_refreshsub
   292 00000256                                 _sheet_refreshsub:
   293 00000256 55                              	PUSH	EBP
   294 00000257 89 E5                           	MOV	EBP,ESP
   295 00000259 57                              	PUSH	EDI
   296 0000025A 56                              	PUSH	ESI
   297 0000025B 53                              	PUSH	EBX
   298 0000025C 83 EC 2C                        	SUB	ESP,44
   299 0000025F 8B 45 08                        	MOV	EAX,DWORD [8+EBP]
   300 00000262 8B 55 08                        	MOV	EDX,DWORD [8+EBP]
   301 00000265 83 7D 0C 00                     	CMP	DWORD [12+EBP],0
   302 00000269 8B 00                           	MOV	EAX,DWORD [EAX]
   303 0000026B 8B 52 04                        	MOV	EDX,DWORD [4+EDX]
   304 0000026E 89 45 D8                        	MOV	DWORD [-40+EBP],EAX
   305 00000271 89 55 D4                        	MOV	DWORD [-44+EBP],EDX
   306 00000274 0F 88 0000013E                  	JS	L96
   307 0000027A                                 L66:
   308 0000027A 83 7D 10 00                     	CMP	DWORD [16+EBP],0
   309 0000027E 0F 88 00000128                  	JS	L97
   310 00000284                                 L67:
   311 00000284 8B 75 08                        	MOV	ESI,DWORD [8+EBP]
   312 00000287 8B 46 08                        	MOV	EAX,DWORD [8+ESI]
   313 0000028A 39 45 14                        	CMP	DWORD [20+EBP],EAX
   314 0000028D 7E 03                           	JLE	L68
   315 0000028F 89 45 14                        	MOV	DWORD [20+EBP],EAX
   316 00000292                                 L68:
   317 00000292 8B 7D 08                        	MOV	EDI,DWORD [8+EBP]
   318 00000295 8B 47 0C                        	MOV	EAX,DWORD [12+EDI]
   319 00000298 39 45 18                        	CMP	DWORD [24+EBP],EAX
   320 0000029B 7E 03                           	JLE	L69
   321 0000029D 89 45 18                        	MOV	DWORD [24+EBP],EAX
   322 000002A0                                 L69:
   323 000002A0 8B 55 08                        	MOV	EDX,DWORD [8+EBP]
   324 000002A3 8B 45 1C                        	MOV	EAX,DWORD [28+EBP]
   325 000002A6 89 45 F0                        	MOV	DWORD [-16+EBP],EAX
   326 000002A9 3B 42 10                        	CMP	EAX,DWORD [16+EDX]
   327 000002AC 0F 8F 000000D4                  	JG	L91
   328 000002B2                                 L89:
   329 000002B2 8B 7D 08                        	MOV	EDI,DWORD [8+EBP]
   330 000002B5 8B 75 F0                        	MOV	ESI,DWORD [-16+EBP]
   331 000002B8 8B 4D 10                        	MOV	ECX,DWORD [16+EBP]
   332 000002BB 8B 5C B7 14                     	MOV	EBX,DWORD [20+EDI+ESI*4]
   333 000002BF 8B 75 14                        	MOV	ESI,DWORD [20+EBP]
   334 000002C2 8B 03                           	MOV	EAX,DWORD [EBX]
   335 000002C4 8B 53 10                        	MOV	EDX,DWORD [16+EBX]
   336 000002C7 89 45 E0                        	MOV	DWORD [-32+EBP],EAX
   337 000002CA 29 D1                           	SUB	ECX,EDX
   338 000002CC 89 D8                           	MOV	EAX,EBX
   339 000002CE 29 F8                           	SUB	EAX,EDI
   340 000002D0 8B 7D 18                        	MOV	EDI,DWORD [24+EBP]
   341 000002D3 2D 00000414                     	SUB	EAX,1044
   342 000002D8 29 D7                           	SUB	EDI,EDX
   343 000002DA C1 F8 02                        	SAR	EAX,2
   344 000002DD 8B 55 0C                        	MOV	EDX,DWORD [12+EBP]
   345 000002E0 69 C0 38E38E39                  	IMUL	EAX,EAX,954437177
   346 000002E6 88 45 D3                        	MOV	BYTE [-45+EBP],AL
   347 000002E9 89 7D C8                        	MOV	DWORD [-56+EBP],EDI
   348 000002EC 8B 43 0C                        	MOV	EAX,DWORD [12+EBX]
   349 000002EF 29 C6                           	SUB	ESI,EAX
   350 000002F1 29 C2                           	SUB	EDX,EAX
   351 000002F3 89 75 E4                        	MOV	DWORD [-28+EBP],ESI
   352 000002F6 89 55 E8                        	MOV	DWORD [-24+EBP],EDX
   353 000002F9 0F 88 000000A1                  	JS	L98
   354 000002FF                                 L74:
   355 000002FF 85 C9                           	TEST	ECX,ECX
   356 00000301 0F 88 00000092                  	JS	L99
   357 00000307                                 L75:
   358 00000307 8B 43 04                        	MOV	EAX,DWORD [4+EBX]
   359 0000030A 39 45 E4                        	CMP	DWORD [-28+EBP],EAX
   360 0000030D 7E 03                           	JLE	L76
   361 0000030F 89 45 E4                        	MOV	DWORD [-28+EBP],EAX
   362 00000312                                 L76:
   363 00000312 8B 43 08                        	MOV	EAX,DWORD [8+EBX]
   364 00000315 39 45 C8                        	CMP	DWORD [-56+EBP],EAX
   365 00000318 7E 03                           	JLE	L77
   366 0000031A 89 45 C8                        	MOV	DWORD [-56+EBP],EAX
   367 0000031D                                 L77:
   368 0000031D 89 CE                           	MOV	ESI,ECX
   369 0000031F 3B 4D C8                        	CMP	ECX,DWORD [-56+EBP]
   370 00000322 7D 50                           	JGE	L93
   371 00000324                                 L88:
   372 00000324 8B 7B 10                        	MOV	EDI,DWORD [16+EBX]
   373 00000327 8B 4D E8                        	MOV	ECX,DWORD [-24+EBP]
   374 0000032A 01 F7                           	ADD	EDI,ESI
   375 0000032C 3B 4D E4                        	CMP	ECX,DWORD [-28+EBP]
   376 0000032F 89 7D EC                        	MOV	DWORD [-20+EBP],EDI
   377 00000332 7D 3A                           	JGE	L95
   378 00000334                                 L87:
   379 00000334 89 F2                           	MOV	EDX,ESI
   380 00000336 8B 43 0C                        	MOV	EAX,DWORD [12+EBX]
   381 00000339 0F AF 53 04                     	IMUL	EDX,DWORD [4+EBX]
   382 0000033D 01 C8                           	ADD	EAX,ECX
   383 0000033F 8B 7D E0                        	MOV	EDI,DWORD [-32+EBP]
   384 00000342 01 CA                           	ADD	EDX,ECX
   385 00000344 89 45 CC                        	MOV	DWORD [-52+EBP],EAX
   386 00000347 8B 45 08                        	MOV	EAX,DWORD [8+EBP]
   387 0000034A 8A 14 3A                        	MOV	DL,BYTE [EDX+EDI*1]
   388 0000034D 8B 7D D4                        	MOV	EDI,DWORD [-44+EBP]
   389 00000350 88 55 DF                        	MOV	BYTE [-33+EBP],DL
   390 00000353 8B 55 EC                        	MOV	EDX,DWORD [-20+EBP]
   391 00000356 0F AF 50 08                     	IMUL	EDX,DWORD [8+EAX]
   392 0000035A 03 55 CC                        	ADD	EDX,DWORD [-52+EBP]
   393 0000035D 8A 45 D3                        	MOV	AL,BYTE [-45+EBP]
   394 00000360 89 55 CC                        	MOV	DWORD [-52+EBP],EDX
   395 00000363 38 04 3A                        	CMP	BYTE [EDX+EDI*1],AL
   396 00000366 74 26                           	JE	L100
   397 00000368                                 L84:
   398 00000368 41                              	INC	ECX
   399 00000369 3B 4D E4                        	CMP	ECX,DWORD [-28+EBP]
   400 0000036C 7C C6                           	JL	L87
   401 0000036E                                 L95:
   402 0000036E 46                              	INC	ESI
   403 0000036F 3B 75 C8                        	CMP	ESI,DWORD [-56+EBP]
   404 00000372 7C B0                           	JL	L88
   405 00000374                                 L93:
   406 00000374 8B 55 08                        	MOV	EDX,DWORD [8+EBP]
   407 00000377 FF 45 F0                        	INC	DWORD [-16+EBP]
   408 0000037A 8B 45 F0                        	MOV	EAX,DWORD [-16+EBP]
   409 0000037D 3B 42 10                        	CMP	EAX,DWORD [16+EDX]
   410 00000380 0F 8E FFFFFF2C                  	JLE	L89
   411 00000386                                 L91:
   412 00000386 83 C4 2C                        	ADD	ESP,44
   413 00000389 5B                              	POP	EBX
   414 0000038A 5E                              	POP	ESI
   415 0000038B 5F                              	POP	EDI
   416 0000038C 5D                              	POP	EBP
   417 0000038D C3                              	RET
   418 0000038E                                 L100:
   419 0000038E 8B 7D D8                        	MOV	EDI,DWORD [-40+EBP]
   420 00000391 8A 45 DF                        	MOV	AL,BYTE [-33+EBP]
   421 00000394 88 04 3A                        	MOV	BYTE [EDX+EDI*1],AL
   422 00000397 EB CF                           	JMP	L84
   423 00000399                                 L99:
   424 00000399 31 C9                           	XOR	ECX,ECX
   425 0000039B E9 FFFFFF67                     	JMP	L75
   426 000003A0                                 L98:
   427 000003A0 C7 45 E8 00000000               	MOV	DWORD [-24+EBP],0
   428 000003A7 E9 FFFFFF53                     	JMP	L74
   429 000003AC                                 L97:
   430 000003AC C7 45 10 00000000               	MOV	DWORD [16+EBP],0
   431 000003B3 E9 FFFFFECC                     	JMP	L67
   432 000003B8                                 L96:
   433 000003B8 C7 45 0C 00000000               	MOV	DWORD [12+EBP],0
   434 000003BF E9 FFFFFEB6                     	JMP	L66
   435 000003C4                                 	GLOBAL	_sheet_refreshmap
   436 000003C4                                 _sheet_refreshmap:
   437 000003C4 55                              	PUSH	EBP
   438 000003C5 89 E5                           	MOV	EBP,ESP
   439 000003C7 57                              	PUSH	EDI
   440 000003C8 56                              	PUSH	ESI
   441 000003C9 53                              	PUSH	EBX
   442 000003CA 83 EC 28                        	SUB	ESP,40
   443 000003CD 8B 45 08                        	MOV	EAX,DWORD [8+EBP]
   444 000003D0 83 7D 0C 00                     	CMP	DWORD [12+EBP],0
   445 000003D4 8B 40 04                        	MOV	EAX,DWORD [4+EAX]
   446 000003D7 89 45 D8                        	MOV	DWORD [-40+EBP],EAX
   447 000003DA 0F 88 00000135                  	JS	L132
   448 000003E0                                 L102:
   449 000003E0 83 7D 10 00                     	CMP	DWORD [16+EBP],0
   450 000003E4 0F 88 0000011F                  	JS	L133
   451 000003EA                                 L103:
   452 000003EA 8B 55 08                        	MOV	EDX,DWORD [8+EBP]
   453 000003ED 8B 42 08                        	MOV	EAX,DWORD [8+EDX]
   454 000003F0 39 45 14                        	CMP	DWORD [20+EBP],EAX
   455 000003F3 7E 03                           	JLE	L104
   456 000003F5 89 45 14                        	MOV	DWORD [20+EBP],EAX
   457 000003F8                                 L104:
   458 000003F8 8B 75 08                        	MOV	ESI,DWORD [8+EBP]
   459 000003FB 8B 46 0C                        	MOV	EAX,DWORD [12+ESI]
   460 000003FE 39 45 18                        	CMP	DWORD [24+EBP],EAX
   461 00000401 7E 03                           	JLE	L105
   462 00000403 89 45 18                        	MOV	DWORD [24+EBP],EAX
   463 00000406                                 L105:
   464 00000406 8B 45 08                        	MOV	EAX,DWORD [8+EBP]
   465 00000409 8B 7D 1C                        	MOV	EDI,DWORD [28+EBP]
   466 0000040C 89 7D F0                        	MOV	DWORD [-16+EBP],EDI
   467 0000040F 3B 78 10                        	CMP	EDI,DWORD [16+EAX]
   468 00000412 0F 8F 000000D6                  	JG	L127
   469 00000418                                 L125:
   470 00000418 8B 75 08                        	MOV	ESI,DWORD [8+EBP]
   471 0000041B 8B 55 F0                        	MOV	EDX,DWORD [-16+EBP]
   472 0000041E 8B 5D 10                        	MOV	EBX,DWORD [16+EBP]
   473 00000421 8B 4C 96 14                     	MOV	ECX,DWORD [20+ESI+EDX*4]
   474 00000425 89 C8                           	MOV	EAX,ECX
   475 00000427 29 F0                           	SUB	EAX,ESI
   476 00000429 8B 39                           	MOV	EDI,DWORD [ECX]
   477 0000042B 2D 00000414                     	SUB	EAX,1044
   478 00000430 8B 51 10                        	MOV	EDX,DWORD [16+ECX]
   479 00000433 C1 F8 02                        	SAR	EAX,2
   480 00000436 89 7D E0                        	MOV	DWORD [-32+EBP],EDI
   481 00000439 69 C0 38E38E39                  	IMUL	EAX,EAX,954437177
   482 0000043F 8B 7D 18                        	MOV	EDI,DWORD [24+EBP]
   483 00000442 29 D3                           	SUB	EBX,EDX
   484 00000444 29 D7                           	SUB	EDI,EDX
   485 00000446 88 45 DF                        	MOV	BYTE [-33+EBP],AL
   486 00000449 8B 75 14                        	MOV	ESI,DWORD [20+EBP]
   487 0000044C 8B 55 0C                        	MOV	EDX,DWORD [12+EBP]
   488 0000044F 8B 41 0C                        	MOV	EAX,DWORD [12+ECX]
   489 00000452 89 7D D4                        	MOV	DWORD [-44+EBP],EDI
   490 00000455 29 C6                           	SUB	ESI,EAX
   491 00000457 29 C2                           	SUB	EDX,EAX
   492 00000459 89 75 CC                        	MOV	DWORD [-52+EBP],ESI
   493 0000045C 89 55 E4                        	MOV	DWORD [-28+EBP],EDX
   494 0000045F 0F 88 00000098                  	JS	L134
   495 00000465                                 L110:
   496 00000465 85 DB                           	TEST	EBX,EBX
   497 00000467 0F 88 00000089                  	JS	L135
   498 0000046D                                 L111:
   499 0000046D 8B 41 04                        	MOV	EAX,DWORD [4+ECX]
   500 00000470 39 45 CC                        	CMP	DWORD [-52+EBP],EAX
   501 00000473 7E 03                           	JLE	L112
   502 00000475 89 45 CC                        	MOV	DWORD [-52+EBP],EAX
   503 00000478                                 L112:
   504 00000478 8B 41 08                        	MOV	EAX,DWORD [8+ECX]
   505 0000047B 39 45 D4                        	CMP	DWORD [-44+EBP],EAX
   506 0000047E 7E 03                           	JLE	L113
   507 00000480 89 45 D4                        	MOV	DWORD [-44+EBP],EAX
   508 00000483                                 L113:
   509 00000483 3B 5D D4                        	CMP	EBX,DWORD [-44+EBP]
   510 00000486 7D 54                           	JGE	L129
   511 00000488                                 L124:
   512 00000488 8B 71 10                        	MOV	ESI,DWORD [16+ECX]
   513 0000048B 8B 55 E4                        	MOV	EDX,DWORD [-28+EBP]
   514 0000048E 01 DE                           	ADD	ESI,EBX
   515 00000490 3B 55 CC                        	CMP	EDX,DWORD [-52+EBP]
   516 00000493 89 75 E8                        	MOV	DWORD [-24+EBP],ESI
   517 00000496 7D 3E                           	JGE	L131
   518 00000498                                 L123:
   519 00000498 89 D8                           	MOV	EAX,EBX
   520 0000049A 8B 79 0C                        	MOV	EDI,DWORD [12+ECX]
   521 0000049D 0F AF 41 04                     	IMUL	EAX,DWORD [4+ECX]
   522 000004A1 01 D7                           	ADD	EDI,EDX
   523 000004A3 8B 75 E0                        	MOV	ESI,DWORD [-32+EBP]
   524 000004A6 01 D0                           	ADD	EAX,EDX
   525 000004A8 89 7D EC                        	MOV	DWORD [-20+EBP],EDI
   526 000004AB 0F B6 34 30                     	MOVZX	ESI,BYTE [EAX+ESI*1]
   527 000004AF 3B 71 14                        	CMP	ESI,DWORD [20+ECX]
   528 000004B2 74 1C                           	JE	L120
   529 000004B4 8B 7D 08                        	MOV	EDI,DWORD [8+EBP]
   530 000004B7 8B 45 E8                        	MOV	EAX,DWORD [-24+EBP]
   531 000004BA 8B 75 D8                        	MOV	ESI,DWORD [-40+EBP]
   532 000004BD 0F AF 47 08                     	IMUL	EAX,DWORD [8+EDI]
   533 000004C1 03 45 EC                        	ADD	EAX,DWORD [-20+EBP]
   534 000004C4 89 45 D0                        	MOV	DWORD [-48+EBP],EAX
   535 000004C7 8A 45 DF                        	MOV	AL,BYTE [-33+EBP]
   536 000004CA 8B 7D D0                        	MOV	EDI,DWORD [-48+EBP]
   537 000004CD 88 04 37                        	MOV	BYTE [EDI+ESI*1],AL
   538 000004D0                                 L120:
   539 000004D0 42                              	INC	EDX
   540 000004D1 3B 55 CC                        	CMP	EDX,DWORD [-52+EBP]
   541 000004D4 7C C2                           	JL	L123
   542 000004D6                                 L131:
   543 000004D6 43                              	INC	EBX
   544 000004D7 3B 5D D4                        	CMP	EBX,DWORD [-44+EBP]
   545 000004DA 7C AC                           	JL	L124
   546 000004DC                                 L129:
   547 000004DC 8B 55 08                        	MOV	EDX,DWORD [8+EBP]
   548 000004DF FF 45 F0                        	INC	DWORD [-16+EBP]
   549 000004E2 8B 45 F0                        	MOV	EAX,DWORD [-16+EBP]
   550 000004E5 3B 42 10                        	CMP	EAX,DWORD [16+EDX]
   551 000004E8 0F 8E FFFFFF2A                  	JLE	L125
   552 000004EE                                 L127:
   553 000004EE 83 C4 28                        	ADD	ESP,40
   554 000004F1 5B                              	POP	EBX
   555 000004F2 5E                              	POP	ESI
   556 000004F3 5F                              	POP	EDI
   557 000004F4 5D                              	POP	EBP
   558 000004F5 C3                              	RET
   559 000004F6                                 L135:
   560 000004F6 31 DB                           	XOR	EBX,EBX
   561 000004F8 E9 FFFFFF70                     	JMP	L111
   562 000004FD                                 L134:
   563 000004FD C7 45 E4 00000000               	MOV	DWORD [-28+EBP],0
   564 00000504 E9 FFFFFF5C                     	JMP	L110
   565 00000509                                 L133:
   566 00000509 C7 45 10 00000000               	MOV	DWORD [16+EBP],0
   567 00000510 E9 FFFFFED5                     	JMP	L103
   568 00000515                                 L132:
   569 00000515 C7 45 0C 00000000               	MOV	DWORD [12+EBP],0
   570 0000051C E9 FFFFFEBF                     	JMP	L102
   571 00000521                                 	GLOBAL	_sheet_slide
   572 00000521                                 _sheet_slide:
   573 00000521 55                              	PUSH	EBP
   574 00000522 89 E5                           	MOV	EBP,ESP
   575 00000524 57                              	PUSH	EDI
   576 00000525 56                              	PUSH	ESI
   577 00000526 53                              	PUSH	EBX
   578 00000527 8B 45 0C                        	MOV	EAX,DWORD [12+EBP]
   579 0000052A 8B 5D 08                        	MOV	EBX,DWORD [8+EBP]
   580 0000052D 8B 7B 0C                        	MOV	EDI,DWORD [12+EBX]
   581 00000530 8B 73 10                        	MOV	ESI,DWORD [16+EBX]
   582 00000533 89 43 0C                        	MOV	DWORD [12+EBX],EAX
   583 00000536 8B 45 10                        	MOV	EAX,DWORD [16+EBP]
   584 00000539 89 43 10                        	MOV	DWORD [16+EBX],EAX
   585 0000053C 83 7B 18 00                     	CMP	DWORD [24+EBX],0
   586 00000540 78 7C                           	JS	L136
   587 00000542 6A 00                           	PUSH	0
   588 00000544 89 F0                           	MOV	EAX,ESI
   589 00000546 03 43 08                        	ADD	EAX,DWORD [8+EBX]
   590 00000549 50                              	PUSH	EAX
   591 0000054A 89 F8                           	MOV	EAX,EDI
   592 0000054C 03 43 04                        	ADD	EAX,DWORD [4+EBX]
   593 0000054F 50                              	PUSH	EAX
   594 00000550 56                              	PUSH	ESI
   595 00000551 57                              	PUSH	EDI
   596 00000552 FF 73 20                        	PUSH	DWORD [32+EBX]
   597 00000555 E8 FFFFFE6A                     	CALL	_sheet_refreshmap
   598 0000055A 8B 45 10                        	MOV	EAX,DWORD [16+EBP]
   599 0000055D FF 73 18                        	PUSH	DWORD [24+EBX]
   600 00000560 03 43 08                        	ADD	EAX,DWORD [8+EBX]
   601 00000563 50                              	PUSH	EAX
   602 00000564 8B 45 0C                        	MOV	EAX,DWORD [12+EBP]
   603 00000567 03 43 04                        	ADD	EAX,DWORD [4+EBX]
   604 0000056A 50                              	PUSH	EAX
   605 0000056B FF 75 10                        	PUSH	DWORD [16+EBP]
   606 0000056E FF 75 0C                        	PUSH	DWORD [12+EBP]
   607 00000571 FF 73 20                        	PUSH	DWORD [32+EBX]
   608 00000574 E8 FFFFFE4B                     	CALL	_sheet_refreshmap
   609 00000579 8B 43 18                        	MOV	EAX,DWORD [24+EBX]
   610 0000057C 83 C4 30                        	ADD	ESP,48
   611 0000057F 48                              	DEC	EAX
   612 00000580 50                              	PUSH	EAX
   613 00000581 89 F0                           	MOV	EAX,ESI
   614 00000583 6A 00                           	PUSH	0
   615 00000585 03 43 08                        	ADD	EAX,DWORD [8+EBX]
   616 00000588 50                              	PUSH	EAX
   617 00000589 89 F8                           	MOV	EAX,EDI
   618 0000058B 03 43 04                        	ADD	EAX,DWORD [4+EBX]
   619 0000058E 50                              	PUSH	EAX
   620 0000058F 56                              	PUSH	ESI
   621 00000590 57                              	PUSH	EDI
   622 00000591 FF 73 20                        	PUSH	DWORD [32+EBX]
   623 00000594 E8 FFFFFCBD                     	CALL	_sheet_refreshsub
   624 00000599 8B 45 10                        	MOV	EAX,DWORD [16+EBP]
   625 0000059C FF 73 18                        	PUSH	DWORD [24+EBX]
   626 0000059F FF 73 18                        	PUSH	DWORD [24+EBX]
   627 000005A2 03 43 08                        	ADD	EAX,DWORD [8+EBX]
   628 000005A5 50                              	PUSH	EAX
   629 000005A6 8B 45 0C                        	MOV	EAX,DWORD [12+EBP]
   630 000005A9 03 43 04                        	ADD	EAX,DWORD [4+EBX]
   631 000005AC 50                              	PUSH	EAX
   632 000005AD FF 75 10                        	PUSH	DWORD [16+EBP]
   633 000005B0 FF 75 0C                        	PUSH	DWORD [12+EBP]
   634 000005B3 FF 73 20                        	PUSH	DWORD [32+EBX]
   635 000005B6 E8 FFFFFC9B                     	CALL	_sheet_refreshsub
   636 000005BB 83 C4 38                        	ADD	ESP,56
   637 000005BE                                 L136:
   638 000005BE 8D 65 F4                        	LEA	ESP,DWORD [-12+EBP]
   639 000005C1 5B                              	POP	EBX
   640 000005C2 5E                              	POP	ESI
   641 000005C3 5F                              	POP	EDI
   642 000005C4 5D                              	POP	EBP
   643 000005C5 C3                              	RET
   644 000005C6                                 	GLOBAL	_sheet_free
   645 000005C6                                 _sheet_free:
   646 000005C6 55                              	PUSH	EBP
   647 000005C7 89 E5                           	MOV	EBP,ESP
   648 000005C9 53                              	PUSH	EBX
   649 000005CA 8B 5D 08                        	MOV	EBX,DWORD [8+EBP]
   650 000005CD 83 7B 18 00                     	CMP	DWORD [24+EBX],0
   651 000005D1 78 0A                           	JS	L139
   652 000005D3 6A FF                           	PUSH	-1
   653 000005D5 53                              	PUSH	EBX
   654 000005D6 E8 FFFFFAFB                     	CALL	_sheet_updown
   655 000005DB 58                              	POP	EAX
   656 000005DC 5A                              	POP	EDX
   657 000005DD                                 L139:
   658 000005DD C7 43 1C 00000000               	MOV	DWORD [28+EBX],0
   659 000005E4 8B 5D FC                        	MOV	EBX,DWORD [-4+EBP]
   660 000005E7 C9                              	LEAVE
   661 000005E8 C3                              	RET
