     1 00000000                                 [FORMAT "WCOFF"]
     2 00000000                                 [INSTRSET "i486p"]
     3 00000000                                 [OPTIMIZE 1]
     4 00000000                                 [OPTION 1]
     5 00000000                                 [BITS 32]
     6 00000000                                 	EXTERN	_init_gdtidt
     7 00000000                                 	EXTERN	_init_pic
     8 00000000                                 	EXTERN	_io_sti
     9 00000000                                 	EXTERN	_fifo32_init
    10 00000000                                 	EXTERN	_init_pit
    11 00000000                                 	EXTERN	_init_keyboard
    12 00000000                                 	EXTERN	_enable_mouse
    13 00000000                                 	EXTERN	_io_out8
    14 00000000                                 	EXTERN	_timer_alloc
    15 00000000                                 	EXTERN	_timer_init
    16 00000000                                 	EXTERN	_timer_settime
    17 00000000                                 	EXTERN	_memtest
    18 00000000                                 	EXTERN	_memman_init
    19 00000000                                 	EXTERN	_memman_free
    20 00000000                                 	EXTERN	_init_palette
    21 00000000                                 	EXTERN	_shtctl_init
    22 00000000                                 	EXTERN	_sheet_alloc
    23 00000000                                 	EXTERN	_memman_alloc_4k
    24 00000000                                 	EXTERN	_sheet_setbuf
    25 00000000                                 	EXTERN	_init_screen8
    26 00000000                                 	EXTERN	_init_mouse_cursor8
    27 00000000                                 	EXTERN	_sheet_slide
    28 00000000                                 	EXTERN	_sheet_updown
    29 00000000                                 	EXTERN	_sprintf
    30 00000000                                 	EXTERN	_memman_total
    31 00000000                                 	EXTERN	_task_init
    32 00000000                                 	EXTERN	_task_alloc
    33 00000000                                 	EXTERN	_task_run
    34 00000000                                 	EXTERN	_io_cli
    35 00000000                                 	EXTERN	_fifo32_status
    36 00000000                                 	EXTERN	_fifo32_get
    37 00000000                                 	EXTERN	_boxfill8
    38 00000000                                 	EXTERN	_sheet_refresh
    39 00000000                                 	EXTERN	_mouse_decode
    40 00000000                                 	EXTERN	_keytable.0
    41 00000000                                 	EXTERN	_io_stihlt
    42 00000000                                 	EXTERN	_putfonts8_asc
    43 00000000                                 [FILE "bootpack.c"]
    44                                          [SECTION .data]
    45 00000000                                 _keytable.0:
    46 00000000 00                              	DB	0
    47 00000001 00                              	DB	0
    48 00000002 31                              	DB	49
    49 00000003 32                              	DB	50
    50 00000004 33                              	DB	51
    51 00000005 34                              	DB	52
    52 00000006 35                              	DB	53
    53 00000007 36                              	DB	54
    54 00000008 37                              	DB	55
    55 00000009 38                              	DB	56
    56 0000000A 39                              	DB	57
    57 0000000B 30                              	DB	48
    58 0000000C 2D                              	DB	45
    59 0000000D 5E                              	DB	94
    60 0000000E 00                              	DB	0
    61 0000000F 00                              	DB	0
    62 00000010 51                              	DB	81
    63 00000011 57                              	DB	87
    64 00000012 45                              	DB	69
    65 00000013 52                              	DB	82
    66 00000014 54                              	DB	84
    67 00000015 59                              	DB	89
    68 00000016 55                              	DB	85
    69 00000017 49                              	DB	73
    70 00000018 4F                              	DB	79
    71 00000019 50                              	DB	80
    72 0000001A 40                              	DB	64
    73 0000001B 5B                              	DB	91
    74 0000001C 00                              	DB	0
    75 0000001D 00                              	DB	0
    76 0000001E 41                              	DB	65
    77 0000001F 53                              	DB	83
    78 00000020 44                              	DB	68
    79 00000021 46                              	DB	70
    80 00000022 47                              	DB	71
    81 00000023 48                              	DB	72
    82 00000024 4A                              	DB	74
    83 00000025 4B                              	DB	75
    84 00000026 4C                              	DB	76
    85 00000027 3B                              	DB	59
    86 00000028 3A                              	DB	58
    87 00000029 00                              	DB	0
    88 0000002A 00                              	DB	0
    89 0000002B 5D                              	DB	93
    90 0000002C 5A                              	DB	90
    91 0000002D 58                              	DB	88
    92 0000002E 43                              	DB	67
    93 0000002F 56                              	DB	86
    94 00000030 42                              	DB	66
    95 00000031 4E                              	DB	78
    96 00000032 4D                              	DB	77
    97 00000033 2C                              	DB	44
    98 00000034 2E                              	DB	46
    99 00000035 2F                              	DB	47
   100 00000036 00                              	DB	0
   101 00000037 2A                              	DB	42
   102 00000038 00                              	DB	0
   103 00000039 20                              	DB	32
   104 0000003A 00                              	DB	0
   105 0000003B 00                              	DB	0
   106 0000003C 00                              	DB	0
   107 0000003D 00                              	DB	0
   108 0000003E 00                              	DB	0
   109 0000003F 00                              	DB	0
   110 00000040 00                              	DB	0
   111 00000041 00                              	DB	0
   112 00000042 00                              	DB	0
   113 00000043 00                              	DB	0
   114 00000044 00                              	DB	0
   115 00000045 00                              	DB	0
   116 00000046 00                              	DB	0
   117 00000047 37                              	DB	55
   118 00000048 38                              	DB	56
   119 00000049 39                              	DB	57
   120 0000004A 2D                              	DB	45
   121 0000004B 34                              	DB	52
   122 0000004C 35                              	DB	53
   123 0000004D 36                              	DB	54
   124 0000004E 2B                              	DB	43
   125 0000004F 31                              	DB	49
   126 00000050 32                              	DB	50
   127 00000051 33                              	DB	51
   128 00000052 30                              	DB	48
   129 00000053 2E                              	DB	46
   130 00000054                                 LC0:
   131 00000054 43 6F 75 6E 74 65 72 00         	DB	"Counter",0x00
   132 0000005C                                 LC1:
   133 0000005C 28 25 33 64 2C 20 25 33 64 29   	DB	"(%3d, %3d)",0x00
       00000066 00 
   134 00000067                                 LC2:
   135 00000067 6D 65 6D 6F 72 79 20 25 64 4D   	DB	"memory %dMB   free : %dKB",0x00
       00000071 42 20 20 20 66 72 65 65 20 3A 
       0000007B 20 25 64 4B 42 00 
   136 00000081                                 LC7:
   137 00000081 33 5B 73 65 63 5D 00            	DB	"3[sec]",0x00
   138 00000088                                 LC6:
   139 00000088 31 30 5B 73 65 63 5D 00         	DB	"10[sec]",0x00
   140 00000090                                 LC5:
   141 00000090 5B 6C 63 72 20 25 34 64 20 25   	DB	"[lcr %4d %4d]",0x00
       0000009A 34 64 5D 00 
   142 0000009E                                 LC3:
   143 0000009E 25 30 32 58 00                  	DB	"%02X",0x00
   144 000000A3                                 LC4:
   145 000000A3 20 00                           	DB	" ",0x00
   146                                          [SECTION .text]
   147 00000000                                 	GLOBAL	_HariMain
   148 00000000                                 _HariMain:
   149 00000000 55                              	PUSH	EBP
   150 00000001 89 E5                           	MOV	EBP,ESP
   151 00000003 57                              	PUSH	EDI
   152 00000004 56                              	PUSH	ESI
   153 00000005 53                              	PUSH	EBX
   154 00000006 8D B5 FFFFFCE4                  	LEA	ESI,DWORD [-796+EBP]
   155 0000000C 81 EC 00000618                  	SUB	ESP,1560
   156 00000012 E8 [00000000]                   	CALL	_init_gdtidt
   157 00000017 E8 [00000000]                   	CALL	_init_pic
   158 0000001C E8 [00000000]                   	CALL	_io_sti
   159 00000021 8D 85 FFFFFAE4                  	LEA	EAX,DWORD [-1308+EBP]
   160 00000027 50                              	PUSH	EAX
   161 00000028 68 00000080                     	PUSH	128
   162 0000002D 56                              	PUSH	ESI
   163 0000002E E8 [00000000]                   	CALL	_fifo32_init
   164 00000033 E8 [00000000]                   	CALL	_init_pit
   165 00000038 68 00000100                     	PUSH	256
   166 0000003D 56                              	PUSH	ESI
   167 0000003E E8 [00000000]                   	CALL	_init_keyboard
   168 00000043 8D 85 FFFFFE04                  	LEA	EAX,DWORD [-508+EBP]
   169 00000049 50                              	PUSH	EAX
   170 0000004A 68 00000200                     	PUSH	512
   171 0000004F 56                              	PUSH	ESI
   172 00000050 E8 [00000000]                   	CALL	_enable_mouse
   173 00000055 83 C4 20                        	ADD	ESP,32
   174 00000058 68 000000F8                     	PUSH	248
   175 0000005D 6A 21                           	PUSH	33
   176 0000005F E8 [00000000]                   	CALL	_io_out8
   177 00000064 68 000000EF                     	PUSH	239
   178 00000069 68 000000A1                     	PUSH	161
   179 0000006E E8 [00000000]                   	CALL	_io_out8
   180 00000073 E8 [00000000]                   	CALL	_timer_alloc
   181 00000078 6A 0A                           	PUSH	10
   182 0000007A 56                              	PUSH	ESI
   183 0000007B 89 C3                           	MOV	EBX,EAX
   184 0000007D 50                              	PUSH	EAX
   185 0000007E E8 [00000000]                   	CALL	_timer_init
   186 00000083 68 000003E8                     	PUSH	1000
   187 00000088 53                              	PUSH	EBX
   188 00000089 E8 [00000000]                   	CALL	_timer_settime
   189 0000008E 83 C4 24                        	ADD	ESP,36
   190 00000091 E8 [00000000]                   	CALL	_timer_alloc
   191 00000096 6A 03                           	PUSH	3
   192 00000098 89 C3                           	MOV	EBX,EAX
   193 0000009A 56                              	PUSH	ESI
   194 0000009B 50                              	PUSH	EAX
   195 0000009C E8 [00000000]                   	CALL	_timer_init
   196 000000A1 68 0000012C                     	PUSH	300
   197 000000A6 53                              	PUSH	EBX
   198 000000A7 E8 [00000000]                   	CALL	_timer_settime
   199 000000AC E8 [00000000]                   	CALL	_timer_alloc
   200 000000B1 6A 01                           	PUSH	1
   201 000000B3 56                              	PUSH	ESI
   202 000000B4 50                              	PUSH	EAX
   203 000000B5 89 85 FFFFF9EC                  	MOV	DWORD [-1556+EBP],EAX
   204 000000BB E8 [00000000]                   	CALL	_timer_init
   205 000000C0 83 C4 20                        	ADD	ESP,32
   206 000000C3 6A 32                           	PUSH	50
   207 000000C5 FF B5 FFFFF9EC                  	PUSH	DWORD [-1556+EBP]
   208 000000CB E8 [00000000]                   	CALL	_timer_settime
   209 000000D0 68 BFFFFFFF                     	PUSH	-1073741825
   210 000000D5 68 00400000                     	PUSH	4194304
   211 000000DA E8 [00000000]                   	CALL	_memtest
   212 000000DF 68 003C0000                     	PUSH	3932160
   213 000000E4 89 85 FFFFF9FC                  	MOV	DWORD [-1540+EBP],EAX
   214 000000EA E8 [00000000]                   	CALL	_memman_init
   215 000000EF 68 0009E000                     	PUSH	647168
   216 000000F4 68 00001000                     	PUSH	4096
   217 000000F9 68 003C0000                     	PUSH	3932160
   218 000000FE E8 [00000000]                   	CALL	_memman_free
   219 00000103 8B 85 FFFFF9FC                  	MOV	EAX,DWORD [-1540+EBP]
   220 00000109 83 C4 20                        	ADD	ESP,32
   221 0000010C 2D 00400000                     	SUB	EAX,4194304
   222 00000111 50                              	PUSH	EAX
   223 00000112 68 00400000                     	PUSH	4194304
   224 00000117 68 003C0000                     	PUSH	3932160
   225 0000011C E8 [00000000]                   	CALL	_memman_free
   226 00000121 E8 [00000000]                   	CALL	_init_palette
   227 00000126 0F BF 05 00000FF6               	MOVSX	EAX,WORD [4086]
   228 0000012D 50                              	PUSH	EAX
   229 0000012E 0F BF 05 00000FF4               	MOVSX	EAX,WORD [4084]
   230 00000135 50                              	PUSH	EAX
   231 00000136 FF 35 00000FF8                  	PUSH	DWORD [4088]
   232 0000013C 68 003C0000                     	PUSH	3932160
   233 00000141 E8 [00000000]                   	CALL	_shtctl_init
   234 00000146 89 C3                           	MOV	EBX,EAX
   235 00000148 50                              	PUSH	EAX
   236 00000149 E8 [00000000]                   	CALL	_sheet_alloc
   237 0000014E 83 C4 20                        	ADD	ESP,32
   238 00000151 53                              	PUSH	EBX
   239 00000152 89 85 FFFFF9F8                  	MOV	DWORD [-1544+EBP],EAX
   240 00000158 E8 [00000000]                   	CALL	_sheet_alloc
   241 0000015D 53                              	PUSH	EBX
   242 0000015E 8D 9D FFFFFD04                  	LEA	EBX,DWORD [-764+EBP]
   243 00000164 89 85 FFFFF9F4                  	MOV	DWORD [-1548+EBP],EAX
   244 0000016A E8 [00000000]                   	CALL	_sheet_alloc
   245 0000016F 0F BF 15 00000FF6               	MOVSX	EDX,WORD [4086]
   246 00000176 89 85 FFFFF9F0                  	MOV	DWORD [-1552+EBP],EAX
   247 0000017C 0F BF 05 00000FF4               	MOVSX	EAX,WORD [4084]
   248 00000183 0F AF C2                        	IMUL	EAX,EDX
   249 00000186 50                              	PUSH	EAX
   250 00000187 68 003C0000                     	PUSH	3932160
   251 0000018C E8 [00000000]                   	CALL	_memman_alloc_4k
   252 00000191 68 00002080                     	PUSH	8320
   253 00000196 68 003C0000                     	PUSH	3932160
   254 0000019B 89 C6                           	MOV	ESI,EAX
   255 0000019D E8 [00000000]                   	CALL	_memman_alloc_4k
   256 000001A2 6A FF                           	PUSH	-1
   257 000001A4 89 C7                           	MOV	EDI,EAX
   258 000001A6 0F BF 05 00000FF6               	MOVSX	EAX,WORD [4086]
   259 000001AD 50                              	PUSH	EAX
   260 000001AE 0F BF 05 00000FF4               	MOVSX	EAX,WORD [4084]
   261 000001B5 50                              	PUSH	EAX
   262 000001B6 56                              	PUSH	ESI
   263 000001B7 FF B5 FFFFF9F8                  	PUSH	DWORD [-1544+EBP]
   264 000001BD E8 [00000000]                   	CALL	_sheet_setbuf
   265 000001C2 83 C4 2C                        	ADD	ESP,44
   266 000001C5 6A 63                           	PUSH	99
   267 000001C7 6A 10                           	PUSH	16
   268 000001C9 6A 10                           	PUSH	16
   269 000001CB 53                              	PUSH	EBX
   270 000001CC FF B5 FFFFF9F4                  	PUSH	DWORD [-1548+EBP]
   271 000001D2 E8 [00000000]                   	CALL	_sheet_setbuf
   272 000001D7 6A FF                           	PUSH	-1
   273 000001D9 6A 44                           	PUSH	68
   274 000001DB 68 000000A0                     	PUSH	160
   275 000001E0 57                              	PUSH	EDI
   276 000001E1 FF B5 FFFFF9F0                  	PUSH	DWORD [-1552+EBP]
   277 000001E7 E8 [00000000]                   	CALL	_sheet_setbuf
   278 000001EC 83 C4 28                        	ADD	ESP,40
   279 000001EF 0F BF 05 00000FF6               	MOVSX	EAX,WORD [4086]
   280 000001F6 50                              	PUSH	EAX
   281 000001F7 0F BF 05 00000FF4               	MOVSX	EAX,WORD [4084]
   282 000001FE 50                              	PUSH	EAX
   283 000001FF 56                              	PUSH	ESI
   284 00000200 E8 [00000000]                   	CALL	_init_screen8
   285 00000205 6A 63                           	PUSH	99
   286 00000207 53                              	PUSH	EBX
   287 00000208 BB 00000002                     	MOV	EBX,2
   288 0000020D E8 [00000000]                   	CALL	_init_mouse_cursor8
   289 00000212 68 [00000054]                   	PUSH	LC0
   290 00000217 6A 44                           	PUSH	68
   291 00000219 68 000000A0                     	PUSH	160
   292 0000021E 57                              	PUSH	EDI
   293 0000021F E8 00000500                     	CALL	_make_window8
   294 00000224 83 C4 24                        	ADD	ESP,36
   295 00000227 6A 07                           	PUSH	7
   296 00000229 6A 10                           	PUSH	16
   297 0000022B 68 00000090                     	PUSH	144
   298 00000230 6A 1C                           	PUSH	28
   299 00000232 6A 08                           	PUSH	8
   300 00000234 FF B5 FFFFF9F0                  	PUSH	DWORD [-1552+EBP]
   301 0000023A E8 000006D8                     	CALL	_make_textbox8
   302 0000023F 6A 00                           	PUSH	0
   303 00000241 6A 00                           	PUSH	0
   304 00000243 FF B5 FFFFF9F8                  	PUSH	DWORD [-1544+EBP]
   305 00000249 C7 85 FFFFF9E8 00000008         	MOV	DWORD [-1560+EBP],8
   306 00000253 C7 85 FFFFF9E4 00000007         	MOV	DWORD [-1564+EBP],7
   307 0000025D E8 [00000000]                   	CALL	_sheet_slide
   308 00000262 83 C4 24                        	ADD	ESP,36
   309 00000265 0F BF 05 00000FF4               	MOVSX	EAX,WORD [4084]
   310 0000026C 8D 48 F0                        	LEA	ECX,DWORD [-16+EAX]
   311 0000026F 89 C8                           	MOV	EAX,ECX
   312 00000271 99                              	CDQ
   313 00000272 F7 FB                           	IDIV	EBX
   314 00000274 89 85 FFFFFA00                  	MOV	DWORD [-1536+EBP],EAX
   315 0000027A 0F BF 05 00000FF6               	MOVSX	EAX,WORD [4086]
   316 00000281 8D 48 D4                        	LEA	ECX,DWORD [-44+EAX]
   317 00000284 89 C8                           	MOV	EAX,ECX
   318 00000286 99                              	CDQ
   319 00000287 F7 FB                           	IDIV	EBX
   320 00000289 50                              	PUSH	EAX
   321 0000028A 89 C7                           	MOV	EDI,EAX
   322 0000028C FF B5 FFFFFA00                  	PUSH	DWORD [-1536+EBP]
   323 00000292 FF B5 FFFFF9F4                  	PUSH	DWORD [-1548+EBP]
   324 00000298 8D 5D C4                        	LEA	EBX,DWORD [-60+EBP]
   325 0000029B E8 [00000000]                   	CALL	_sheet_slide
   326 000002A0 6A 48                           	PUSH	72
   327 000002A2 6A 50                           	PUSH	80
   328 000002A4 FF B5 FFFFF9F0                  	PUSH	DWORD [-1552+EBP]
   329 000002AA E8 [00000000]                   	CALL	_sheet_slide
   330 000002AF 6A 00                           	PUSH	0
   331 000002B1 FF B5 FFFFF9F8                  	PUSH	DWORD [-1544+EBP]
   332 000002B7 E8 [00000000]                   	CALL	_sheet_updown
   333 000002BC 83 C4 20                        	ADD	ESP,32
   334 000002BF 6A 01                           	PUSH	1
   335 000002C1 FF B5 FFFFF9F0                  	PUSH	DWORD [-1552+EBP]
   336 000002C7 E8 [00000000]                   	CALL	_sheet_updown
   337 000002CC 6A 02                           	PUSH	2
   338 000002CE FF B5 FFFFF9F4                  	PUSH	DWORD [-1548+EBP]
   339 000002D4 E8 [00000000]                   	CALL	_sheet_updown
   340 000002D9 57                              	PUSH	EDI
   341 000002DA FF B5 FFFFFA00                  	PUSH	DWORD [-1536+EBP]
   342 000002E0 68 [0000005C]                   	PUSH	LC1
   343 000002E5 53                              	PUSH	EBX
   344 000002E6 E8 [00000000]                   	CALL	_sprintf
   345 000002EB 83 C4 20                        	ADD	ESP,32
   346 000002EE 6A 0A                           	PUSH	10
   347 000002F0 53                              	PUSH	EBX
   348 000002F1 6A 0E                           	PUSH	14
   349 000002F3 6A 07                           	PUSH	7
   350 000002F5 6A 00                           	PUSH	0
   351 000002F7 6A 00                           	PUSH	0
   352 000002F9 FF B5 FFFFF9F8                  	PUSH	DWORD [-1544+EBP]
   353 000002FF E8 0000058C                     	CALL	_putfonts8_asc_sht
   354 00000304 68 003C0000                     	PUSH	3932160
   355 00000309 E8 [00000000]                   	CALL	_memman_total
   356 0000030E C1 AD FFFFF9FC 14               	SHR	DWORD [-1540+EBP],20
   357 00000315 C1 E8 0A                        	SHR	EAX,10
   358 00000318 89 04 24                        	MOV	DWORD [ESP],EAX
   359 0000031B FF B5 FFFFF9FC                  	PUSH	DWORD [-1540+EBP]
   360 00000321 68 [00000067]                   	PUSH	LC2
   361 00000326 53                              	PUSH	EBX
   362 00000327 E8 [00000000]                   	CALL	_sprintf
   363 0000032C 83 C4 2C                        	ADD	ESP,44
   364 0000032F 6A 28                           	PUSH	40
   365 00000331 53                              	PUSH	EBX
   366 00000332 6A 0E                           	PUSH	14
   367 00000334 6A 07                           	PUSH	7
   368 00000336 6A 20                           	PUSH	32
   369 00000338 6A 00                           	PUSH	0
   370 0000033A FF B5 FFFFF9F8                  	PUSH	DWORD [-1544+EBP]
   371 00000340 E8 0000054B                     	CALL	_putfonts8_asc_sht
   372 00000345 68 003C0000                     	PUSH	3932160
   373 0000034A E8 [00000000]                   	CALL	_task_init
   374 0000034F 83 C4 20                        	ADD	ESP,32
   375 00000352 E8 [00000000]                   	CALL	_task_alloc
   376 00000357 68 00010000                     	PUSH	65536
   377 0000035C 89 C3                           	MOV	EBX,EAX
   378 0000035E 68 003C0000                     	PUSH	3932160
   379 00000363 E8 [00000000]                   	CALL	_memman_alloc_4k
   380 00000368 8B 95 FFFFF9F8                  	MOV	EDX,DWORD [-1544+EBP]
   381 0000036E 05 0000FFF8                     	ADD	EAX,65528
   382 00000373 89 43 40                        	MOV	DWORD [64+EBX],EAX
   383 00000376 C7 43 28 [00000A4D]             	MOV	DWORD [40+EBX],_task_b_main
   384 0000037D C7 43 50 00000008               	MOV	DWORD [80+EBX],8
   385 00000384 C7 43 54 00000010               	MOV	DWORD [84+EBX],16
   386 0000038B C7 43 58 00000008               	MOV	DWORD [88+EBX],8
   387 00000392 C7 43 5C 00000008               	MOV	DWORD [92+EBX],8
   388 00000399 C7 43 60 00000008               	MOV	DWORD [96+EBX],8
   389 000003A0 C7 43 64 00000008               	MOV	DWORD [100+EBX],8
   390 000003A7 89 50 04                        	MOV	DWORD [4+EAX],EDX
   391 000003AA 53                              	PUSH	EBX
   392 000003AB E8 [00000000]                   	CALL	_task_run
   393 000003B0                                 L31:
   394 000003B0 83 C4 0C                        	ADD	ESP,12
   395 000003B3                                 L2:
   396 000003B3 8D B5 FFFFFCE4                  	LEA	ESI,DWORD [-796+EBP]
   397 000003B9 E8 [00000000]                   	CALL	_io_cli
   398 000003BE 56                              	PUSH	ESI
   399 000003BF E8 [00000000]                   	CALL	_fifo32_status
   400 000003C4 59                              	POP	ECX
   401 000003C5 85 C0                           	TEST	EAX,EAX
   402 000003C7 0F 84 0000034D                  	JE	L33
   403 000003CD 56                              	PUSH	ESI
   404 000003CE E8 [00000000]                   	CALL	_fifo32_get
   405 000003D3 89 C3                           	MOV	EBX,EAX
   406 000003D5 E8 [00000000]                   	CALL	_io_sti
   407 000003DA 5A                              	POP	EDX
   408 000003DB 8D 83 FFFFFF00                  	LEA	EAX,DWORD [-256+EBX]
   409 000003E1 3D 000000FF                     	CMP	EAX,255
   410 000003E6 0F 86 00000233                  	JBE	L34
   411 000003EC 8D 83 FFFFFE00                  	LEA	EAX,DWORD [-512+EBX]
   412 000003F2 3D 000000FF                     	CMP	EAX,255
   413 000003F7 0F 86 000000E5                  	JBE	L35
   414 000003FD 83 FB 0A                        	CMP	EBX,10
   415 00000400 0F 84 000000CD                  	JE	L36
   416 00000406 83 FB 03                        	CMP	EBX,3
   417 00000409 0F 84 000000A2                  	JE	L37
   418 0000040F 83 FB 01                        	CMP	EBX,1
   419 00000412 7F 9F                           	JG	L2
   420 00000414 85 DB                           	TEST	EBX,EBX
   421 00000416 74 7C                           	JE	L28
   422 00000418 6A 00                           	PUSH	0
   423 0000041A 56                              	PUSH	ESI
   424 0000041B FF B5 FFFFF9EC                  	PUSH	DWORD [-1556+EBP]
   425 00000421 E8 [00000000]                   	CALL	_timer_init
   426 00000426 C7 85 FFFFF9E4 00000000         	MOV	DWORD [-1564+EBP],0
   427 00000430                                 L32:
   428 00000430 83 C4 0C                        	ADD	ESP,12
   429 00000433 6A 32                           	PUSH	50
   430 00000435 FF B5 FFFFF9EC                  	PUSH	DWORD [-1556+EBP]
   431 0000043B E8 [00000000]                   	CALL	_timer_settime
   432 00000440 8B 95 FFFFF9F0                  	MOV	EDX,DWORD [-1552+EBP]
   433 00000446 8B 85 FFFFF9E8                  	MOV	EAX,DWORD [-1560+EBP]
   434 0000044C 6A 2B                           	PUSH	43
   435 0000044E 83 C0 07                        	ADD	EAX,7
   436 00000451 50                              	PUSH	EAX
   437 00000452 6A 1C                           	PUSH	28
   438 00000454 FF B5 FFFFF9E8                  	PUSH	DWORD [-1560+EBP]
   439 0000045A FF B5 FFFFF9E4                  	PUSH	DWORD [-1564+EBP]
   440 00000460 FF 72 04                        	PUSH	DWORD [4+EDX]
   441 00000463 FF 32                           	PUSH	DWORD [EDX]
   442 00000465 E8 [00000000]                   	CALL	_boxfill8
   443 0000046A 8B 85 FFFFF9E8                  	MOV	EAX,DWORD [-1560+EBP]
   444 00000470 83 C4 24                        	ADD	ESP,36
   445 00000473 83 C0 08                        	ADD	EAX,8
   446 00000476 6A 2C                           	PUSH	44
   447 00000478 50                              	PUSH	EAX
   448 00000479 6A 1C                           	PUSH	28
   449 0000047B FF B5 FFFFF9E8                  	PUSH	DWORD [-1560+EBP]
   450 00000481 FF B5 FFFFF9F0                  	PUSH	DWORD [-1552+EBP]
   451 00000487 E8 [00000000]                   	CALL	_sheet_refresh
   452 0000048C 83 C4 14                        	ADD	ESP,20
   453 0000048F E9 FFFFFF1F                     	JMP	L2
   454 00000494                                 L28:
   455 00000494 6A 01                           	PUSH	1
   456 00000496 56                              	PUSH	ESI
   457 00000497 FF B5 FFFFF9EC                  	PUSH	DWORD [-1556+EBP]
   458 0000049D E8 [00000000]                   	CALL	_timer_init
   459 000004A2 C7 85 FFFFF9E4 00000007         	MOV	DWORD [-1564+EBP],7
   460 000004AC E9 FFFFFF7F                     	JMP	L32
   461 000004B1                                 L37:
   462 000004B1 6A 06                           	PUSH	6
   463 000004B3 68 [00000081]                   	PUSH	LC7
   464 000004B8 6A 0E                           	PUSH	14
   465 000004BA 6A 07                           	PUSH	7
   466 000004BC 6A 50                           	PUSH	80
   467 000004BE                                 L30:
   468 000004BE 6A 00                           	PUSH	0
   469 000004C0 FF B5 FFFFF9F8                  	PUSH	DWORD [-1544+EBP]
   470 000004C6 E8 000003C5                     	CALL	_putfonts8_asc_sht
   471 000004CB 83 C4 1C                        	ADD	ESP,28
   472 000004CE E9 FFFFFEE0                     	JMP	L2
   473 000004D3                                 L36:
   474 000004D3 6A 07                           	PUSH	7
   475 000004D5 68 [00000088]                   	PUSH	LC6
   476 000004DA 6A 0E                           	PUSH	14
   477 000004DC 6A 07                           	PUSH	7
   478 000004DE 6A 40                           	PUSH	64
   479 000004E0 EB DC                           	JMP	L30
   480 000004E2                                 L35:
   481 000004E2 0F B6 C3                        	MOVZX	EAX,BL
   482 000004E5 50                              	PUSH	EAX
   483 000004E6 8D 85 FFFFFE04                  	LEA	EAX,DWORD [-508+EBP]
   484 000004EC 50                              	PUSH	EAX
   485 000004ED E8 [00000000]                   	CALL	_mouse_decode
   486 000004F2 5A                              	POP	EDX
   487 000004F3 59                              	POP	ECX
   488 000004F4 85 C0                           	TEST	EAX,EAX
   489 000004F6 0F 84 FFFFFEB7                  	JE	L2
   490 000004FC FF B5 FFFFFE0C                  	PUSH	DWORD [-500+EBP]
   491 00000502 FF B5 FFFFFE08                  	PUSH	DWORD [-504+EBP]
   492 00000508 68 [00000090]                   	PUSH	LC5
   493 0000050D 8D 5D C4                        	LEA	EBX,DWORD [-60+EBP]
   494 00000510 53                              	PUSH	EBX
   495 00000511 E8 [00000000]                   	CALL	_sprintf
   496 00000516 83 C4 10                        	ADD	ESP,16
   497 00000519 8B 85 FFFFFE10                  	MOV	EAX,DWORD [-496+EBP]
   498 0000051F A9 00000001                     	TEST	EAX,1
   499 00000524 74 04                           	JE	L14
   500 00000526 C6 45 C5 4C                     	MOV	BYTE [-59+EBP],76
   501 0000052A                                 L14:
   502 0000052A A9 00000002                     	TEST	EAX,2
   503 0000052F 74 04                           	JE	L15
   504 00000531 C6 45 C7 52                     	MOV	BYTE [-57+EBP],82
   505 00000535                                 L15:
   506 00000535 83 E0 04                        	AND	EAX,4
   507 00000538 74 04                           	JE	L16
   508 0000053A C6 45 C6 43                     	MOV	BYTE [-58+EBP],67
   509 0000053E                                 L16:
   510 0000053E 6A 0F                           	PUSH	15
   511 00000540 53                              	PUSH	EBX
   512 00000541 6A 0E                           	PUSH	14
   513 00000543 6A 07                           	PUSH	7
   514 00000545 6A 10                           	PUSH	16
   515 00000547 6A 20                           	PUSH	32
   516 00000549 FF B5 FFFFF9F8                  	PUSH	DWORD [-1544+EBP]
   517 0000054F E8 0000033C                     	CALL	_putfonts8_asc_sht
   518 00000554 8B 85 FFFFFE08                  	MOV	EAX,DWORD [-504+EBP]
   519 0000055A 03 BD FFFFFE0C                  	ADD	EDI,DWORD [-500+EBP]
   520 00000560 83 C4 1C                        	ADD	ESP,28
   521 00000563 01 85 FFFFFA00                  	ADD	DWORD [-1536+EBP],EAX
   522 00000569 0F 88 000000A1                  	JS	L38
   523 0000056F                                 L17:
   524 0000056F 85 FF                           	TEST	EDI,EDI
   525 00000571 0F 88 00000092                  	JS	L39
   526 00000577                                 L18:
   527 00000577 0F BF 05 00000FF4               	MOVSX	EAX,WORD [4084]
   528 0000057E 48                              	DEC	EAX
   529 0000057F 39 85 FFFFFA00                  	CMP	DWORD [-1536+EBP],EAX
   530 00000585 7E 06                           	JLE	L19
   531 00000587 89 85 FFFFFA00                  	MOV	DWORD [-1536+EBP],EAX
   532 0000058D                                 L19:
   533 0000058D 0F BF 05 00000FF6               	MOVSX	EAX,WORD [4086]
   534 00000594 48                              	DEC	EAX
   535 00000595 39 C7                           	CMP	EDI,EAX
   536 00000597 7E 02                           	JLE	L20
   537 00000599 89 C7                           	MOV	EDI,EAX
   538 0000059B                                 L20:
   539 0000059B 57                              	PUSH	EDI
   540 0000059C FF B5 FFFFFA00                  	PUSH	DWORD [-1536+EBP]
   541 000005A2 68 [0000005C]                   	PUSH	LC1
   542 000005A7 53                              	PUSH	EBX
   543 000005A8 E8 [00000000]                   	CALL	_sprintf
   544 000005AD 6A 0A                           	PUSH	10
   545 000005AF 53                              	PUSH	EBX
   546 000005B0 6A 0E                           	PUSH	14
   547 000005B2 6A 07                           	PUSH	7
   548 000005B4 6A 00                           	PUSH	0
   549 000005B6 6A 00                           	PUSH	0
   550 000005B8 FF B5 FFFFF9F8                  	PUSH	DWORD [-1544+EBP]
   551 000005BE E8 000002CD                     	CALL	_putfonts8_asc_sht
   552 000005C3 83 C4 2C                        	ADD	ESP,44
   553 000005C6 57                              	PUSH	EDI
   554 000005C7 FF B5 FFFFFA00                  	PUSH	DWORD [-1536+EBP]
   555 000005CD FF B5 FFFFF9F4                  	PUSH	DWORD [-1548+EBP]
   556 000005D3 E8 [00000000]                   	CALL	_sheet_slide
   557 000005D8 83 C4 0C                        	ADD	ESP,12
   558 000005DB F7 85 FFFFFE10 00000001         	TEST	DWORD [-496+EBP],1
   559 000005E5 0F 84 FFFFFDC8                  	JE	L2
   560 000005EB 8D 47 B0                        	LEA	EAX,DWORD [-80+EDI]
   561 000005EE 50                              	PUSH	EAX
   562 000005EF 8B 85 FFFFFA00                  	MOV	EAX,DWORD [-1536+EBP]
   563 000005F5 83 E8 50                        	SUB	EAX,80
   564 000005F8 50                              	PUSH	EAX
   565 000005F9 FF B5 FFFFF9F0                  	PUSH	DWORD [-1552+EBP]
   566 000005FF E8 [00000000]                   	CALL	_sheet_slide
   567 00000604 E9 FFFFFDA7                     	JMP	L31
   568 00000609                                 L39:
   569 00000609 31 FF                           	XOR	EDI,EDI
   570 0000060B E9 FFFFFF67                     	JMP	L18
   571 00000610                                 L38:
   572 00000610 C7 85 FFFFFA00 00000000         	MOV	DWORD [-1536+EBP],0
   573 0000061A E9 FFFFFF50                     	JMP	L17
   574 0000061F                                 L34:
   575 0000061F 50                              	PUSH	EAX
   576 00000620 8D 75 C4                        	LEA	ESI,DWORD [-60+EBP]
   577 00000623 68 [0000009E]                   	PUSH	LC3
   578 00000628 56                              	PUSH	ESI
   579 00000629 E8 [00000000]                   	CALL	_sprintf
   580 0000062E 6A 02                           	PUSH	2
   581 00000630 56                              	PUSH	ESI
   582 00000631 6A 0E                           	PUSH	14
   583 00000633 6A 07                           	PUSH	7
   584 00000635 6A 10                           	PUSH	16
   585 00000637 6A 00                           	PUSH	0
   586 00000639 FF B5 FFFFF9F8                  	PUSH	DWORD [-1544+EBP]
   587 0000063F E8 0000024C                     	CALL	_putfonts8_asc_sht
   588 00000644 83 C4 28                        	ADD	ESP,40
   589 00000647 81 FB 00000153                  	CMP	EBX,339
   590 0000064D 7F 41                           	JG	L8
   591 0000064F 8A 83 [FFFFFF00]                	MOV	AL,BYTE [_keytable.0-256+EBX]
   592 00000655 84 C0                           	TEST	AL,AL
   593 00000657 74 37                           	JE	L8
   594 00000659 81 BD FFFFF9E8 0000008F         	CMP	DWORD [-1560+EBP],143
   595 00000663 7F 2B                           	JG	L8
   596 00000665 6A 01                           	PUSH	1
   597 00000667 88 45 C4                        	MOV	BYTE [-60+EBP],AL
   598 0000066A 56                              	PUSH	ESI
   599 0000066B 6A 08                           	PUSH	8
   600 0000066D 6A 00                           	PUSH	0
   601 0000066F 6A 1C                           	PUSH	28
   602 00000671 FF B5 FFFFF9E8                  	PUSH	DWORD [-1560+EBP]
   603 00000677 FF B5 FFFFF9F0                  	PUSH	DWORD [-1552+EBP]
   604 0000067D C6 45 C5 00                     	MOV	BYTE [-59+EBP],0
   605 00000681 E8 0000020A                     	CALL	_putfonts8_asc_sht
   606 00000686 83 C4 1C                        	ADD	ESP,28
   607 00000689 83 85 FFFFF9E8 08               	ADD	DWORD [-1560+EBP],8
   608 00000690                                 L8:
   609 00000690 81 FB 0000010E                  	CMP	EBX,270
   610 00000696 74 4C                           	JE	L40
   611 00000698                                 L10:
   612 00000698 8B 85 FFFFF9E8                  	MOV	EAX,DWORD [-1560+EBP]
   613 0000069E 6A 2B                           	PUSH	43
   614 000006A0 83 C0 07                        	ADD	EAX,7
   615 000006A3 8B 9D FFFFF9F0                  	MOV	EBX,DWORD [-1552+EBP]
   616 000006A9 50                              	PUSH	EAX
   617 000006AA 6A 1C                           	PUSH	28
   618 000006AC FF B5 FFFFF9E8                  	PUSH	DWORD [-1560+EBP]
   619 000006B2 FF B5 FFFFF9E4                  	PUSH	DWORD [-1564+EBP]
   620 000006B8 FF 73 04                        	PUSH	DWORD [4+EBX]
   621 000006BB FF 33                           	PUSH	DWORD [EBX]
   622 000006BD E8 [00000000]                   	CALL	_boxfill8
   623 000006C2 8B 85 FFFFF9E8                  	MOV	EAX,DWORD [-1560+EBP]
   624 000006C8 6A 2C                           	PUSH	44
   625 000006CA 83 C0 08                        	ADD	EAX,8
   626 000006CD 50                              	PUSH	EAX
   627 000006CE 6A 1C                           	PUSH	28
   628 000006D0 FF B5 FFFFF9E8                  	PUSH	DWORD [-1560+EBP]
   629 000006D6 53                              	PUSH	EBX
   630 000006D7 E8 [00000000]                   	CALL	_sheet_refresh
   631 000006DC 83 C4 30                        	ADD	ESP,48
   632 000006DF E9 FFFFFCCF                     	JMP	L2
   633 000006E4                                 L40:
   634 000006E4 83 BD FFFFF9E8 08               	CMP	DWORD [-1560+EBP],8
   635 000006EB 7E AB                           	JLE	L10
   636 000006ED 6A 01                           	PUSH	1
   637 000006EF 68 [000000A3]                   	PUSH	LC4
   638 000006F4 6A 07                           	PUSH	7
   639 000006F6 6A 00                           	PUSH	0
   640 000006F8 6A 1C                           	PUSH	28
   641 000006FA FF B5 FFFFF9E8                  	PUSH	DWORD [-1560+EBP]
   642 00000700 FF B5 FFFFF9F0                  	PUSH	DWORD [-1552+EBP]
   643 00000706 E8 00000185                     	CALL	_putfonts8_asc_sht
   644 0000070B 83 C4 1C                        	ADD	ESP,28
   645 0000070E 83 AD FFFFF9E8 08               	SUB	DWORD [-1560+EBP],8
   646 00000715 E9 FFFFFF7E                     	JMP	L10
   647 0000071A                                 L33:
   648 0000071A E8 [00000000]                   	CALL	_io_stihlt
   649 0000071F E9 FFFFFC8F                     	JMP	L2
   650                                          [SECTION .data]
   651 000000A5                                 _closebtn.1:
   652 000000A5 4F 4F 4F 4F 4F 4F 4F 4F 4F 4F   	DB	"OOOOOOOOOOOOOOO@"
       000000AF 4F 4F 4F 4F 4F 40 
   653 000000B5 4F 51 51 51 51 51 51 51 51 51   	DB	"OQQQQQQQQQQQQQ$@"
       000000BF 51 51 51 51 24 40 
   654 000000C5 4F 51 51 51 51 51 51 51 51 51   	DB	"OQQQQQQQQQQQQQ$@"
       000000CF 51 51 51 51 24 40 
   655 000000D5 4F 51 51 51 40 40 51 51 51 51   	DB	"OQQQ@@QQQQ@@QQ$@"
       000000DF 40 40 51 51 24 40 
   656 000000E5 4F 51 51 51 51 40 40 51 51 40   	DB	"OQQQQ@@QQ@@QQQ$@"
       000000EF 40 51 51 51 24 40 
   657 000000F5 4F 51 51 51 51 51 40 40 40 40   	DB	"OQQQQQ@@@@QQQQ$@"
       000000FF 51 51 51 51 24 40 
   658 00000105 4F 51 51 51 51 51 51 40 40 51   	DB	"OQQQQQQ@@QQQQQ$@"
       0000010F 51 51 51 51 24 40 
   659 00000115 4F 51 51 51 51 51 40 40 40 40   	DB	"OQQQQQ@@@@QQQQ$@"
       0000011F 51 51 51 51 24 40 
   660 00000125 4F 51 51 51 51 40 40 51 51 40   	DB	"OQQQQ@@QQ@@QQQ$@"
       0000012F 40 51 51 51 24 40 
   661 00000135 4F 51 51 51 40 40 51 51 51 51   	DB	"OQQQ@@QQQQ@@QQ$@"
       0000013F 40 40 51 51 24 40 
   662 00000145 4F 51 51 51 51 51 51 51 51 51   	DB	"OQQQQQQQQQQQQQ$@"
       0000014F 51 51 51 51 24 40 
   663 00000155 4F 51 51 51 51 51 51 51 51 51   	DB	"OQQQQQQQQQQQQQ$@"
       0000015F 51 51 51 51 24 40 
   664 00000165 4F 24 24 24 24 24 24 24 24 24   	DB	"O$$$$$$$$$$$$$$@"
       0000016F 24 24 24 24 24 40 
   665 00000175 40 40 40 40 40 40 40 40 40 40   	DB	"@@@@@@@@@@@@@@@@"
       0000017F 40 40 40 40 40 40 
   666                                          [SECTION .text]
   667 00000724                                 	GLOBAL	_make_window8
   668 00000724                                 _make_window8:
   669 00000724 55                              	PUSH	EBP
   670 00000725 89 E5                           	MOV	EBP,ESP
   671 00000727 57                              	PUSH	EDI
   672 00000728 56                              	PUSH	ESI
   673 00000729 53                              	PUSH	EBX
   674 0000072A 83 EC 14                        	SUB	ESP,20
   675 0000072D 8B 5D 0C                        	MOV	EBX,DWORD [12+EBP]
   676 00000730 6A 00                           	PUSH	0
   677 00000732 8D 43 FF                        	LEA	EAX,DWORD [-1+EBX]
   678 00000735 8D 7B FE                        	LEA	EDI,DWORD [-2+EBX]
   679 00000738 50                              	PUSH	EAX
   680 00000739 89 45 EC                        	MOV	DWORD [-20+EBP],EAX
   681 0000073C 6A 00                           	PUSH	0
   682 0000073E 6A 00                           	PUSH	0
   683 00000740 6A 08                           	PUSH	8
   684 00000742 53                              	PUSH	EBX
   685 00000743 FF 75 08                        	PUSH	DWORD [8+EBP]
   686 00000746 E8 [00000000]                   	CALL	_boxfill8
   687 0000074B 6A 01                           	PUSH	1
   688 0000074D 57                              	PUSH	EDI
   689 0000074E 6A 01                           	PUSH	1
   690 00000750 6A 01                           	PUSH	1
   691 00000752 6A 07                           	PUSH	7
   692 00000754 53                              	PUSH	EBX
   693 00000755 FF 75 08                        	PUSH	DWORD [8+EBP]
   694 00000758 E8 [00000000]                   	CALL	_boxfill8
   695 0000075D 8B 55 10                        	MOV	EDX,DWORD [16+EBP]
   696 00000760 83 C4 38                        	ADD	ESP,56
   697 00000763 4A                              	DEC	EDX
   698 00000764 89 55 E8                        	MOV	DWORD [-24+EBP],EDX
   699 00000767 52                              	PUSH	EDX
   700 00000768 6A 00                           	PUSH	0
   701 0000076A 6A 00                           	PUSH	0
   702 0000076C 6A 00                           	PUSH	0
   703 0000076E 6A 08                           	PUSH	8
   704 00000770 53                              	PUSH	EBX
   705 00000771 FF 75 08                        	PUSH	DWORD [8+EBP]
   706 00000774 E8 [00000000]                   	CALL	_boxfill8
   707 00000779 8B 75 10                        	MOV	ESI,DWORD [16+EBP]
   708 0000077C 83 EE 02                        	SUB	ESI,2
   709 0000077F 56                              	PUSH	ESI
   710 00000780 6A 01                           	PUSH	1
   711 00000782 6A 01                           	PUSH	1
   712 00000784 6A 01                           	PUSH	1
   713 00000786 6A 07                           	PUSH	7
   714 00000788 53                              	PUSH	EBX
   715 00000789 FF 75 08                        	PUSH	DWORD [8+EBP]
   716 0000078C E8 [00000000]                   	CALL	_boxfill8
   717 00000791 83 C4 38                        	ADD	ESP,56
   718 00000794 56                              	PUSH	ESI
   719 00000795 57                              	PUSH	EDI
   720 00000796 6A 01                           	PUSH	1
   721 00000798 57                              	PUSH	EDI
   722 00000799 6A 0F                           	PUSH	15
   723 0000079B 53                              	PUSH	EBX
   724 0000079C FF 75 08                        	PUSH	DWORD [8+EBP]
   725 0000079F E8 [00000000]                   	CALL	_boxfill8
   726 000007A4 FF 75 E8                        	PUSH	DWORD [-24+EBP]
   727 000007A7 FF 75 EC                        	PUSH	DWORD [-20+EBP]
   728 000007AA 6A 00                           	PUSH	0
   729 000007AC FF 75 EC                        	PUSH	DWORD [-20+EBP]
   730 000007AF 6A 00                           	PUSH	0
   731 000007B1 53                              	PUSH	EBX
   732 000007B2 FF 75 08                        	PUSH	DWORD [8+EBP]
   733 000007B5 E8 [00000000]                   	CALL	_boxfill8
   734 000007BA 8B 45 10                        	MOV	EAX,DWORD [16+EBP]
   735 000007BD 83 C4 38                        	ADD	ESP,56
   736 000007C0 83 E8 03                        	SUB	EAX,3
   737 000007C3 50                              	PUSH	EAX
   738 000007C4 8D 43 FD                        	LEA	EAX,DWORD [-3+EBX]
   739 000007C7 50                              	PUSH	EAX
   740 000007C8 6A 02                           	PUSH	2
   741 000007CA 6A 02                           	PUSH	2
   742 000007CC 6A 08                           	PUSH	8
   743 000007CE 53                              	PUSH	EBX
   744 000007CF FF 75 08                        	PUSH	DWORD [8+EBP]
   745 000007D2 E8 [00000000]                   	CALL	_boxfill8
   746 000007D7 8D 43 FC                        	LEA	EAX,DWORD [-4+EBX]
   747 000007DA 6A 14                           	PUSH	20
   748 000007DC 50                              	PUSH	EAX
   749 000007DD 6A 03                           	PUSH	3
   750 000007DF 6A 03                           	PUSH	3
   751 000007E1 6A 0C                           	PUSH	12
   752 000007E3 53                              	PUSH	EBX
   753 000007E4 FF 75 08                        	PUSH	DWORD [8+EBP]
   754 000007E7 E8 [00000000]                   	CALL	_boxfill8
   755 000007EC 83 C4 38                        	ADD	ESP,56
   756 000007EF 56                              	PUSH	ESI
   757 000007F0 57                              	PUSH	EDI
   758 000007F1 56                              	PUSH	ESI
   759 000007F2 6A 01                           	PUSH	1
   760 000007F4 6A 0F                           	PUSH	15
   761 000007F6 53                              	PUSH	EBX
   762 000007F7 FF 75 08                        	PUSH	DWORD [8+EBP]
   763 000007FA E8 [00000000]                   	CALL	_boxfill8
   764 000007FF FF 75 E8                        	PUSH	DWORD [-24+EBP]
   765 00000802 FF 75 EC                        	PUSH	DWORD [-20+EBP]
   766 00000805 FF 75 E8                        	PUSH	DWORD [-24+EBP]
   767 00000808 6A 00                           	PUSH	0
   768 0000080A 6A 00                           	PUSH	0
   769 0000080C 6B F3 05                        	IMUL	ESI,EBX,5
   770 0000080F 53                              	PUSH	EBX
   771 00000810 FF 75 08                        	PUSH	DWORD [8+EBP]
   772 00000813 E8 [00000000]                   	CALL	_boxfill8
   773 00000818 83 C4 38                        	ADD	ESP,56
   774 0000081B FF 75 14                        	PUSH	DWORD [20+EBP]
   775 0000081E 6A 07                           	PUSH	7
   776 00000820 6A 04                           	PUSH	4
   777 00000822 6A 18                           	PUSH	24
   778 00000824 53                              	PUSH	EBX
   779 00000825 FF 75 08                        	PUSH	DWORD [8+EBP]
   780 00000828 E8 [00000000]                   	CALL	_putfonts8_asc
   781 0000082D 83 C4 18                        	ADD	ESP,24
   782 00000830 C7 45 F0 00000000               	MOV	DWORD [-16+EBP],0
   783 00000837 C7 45 E0 00000000               	MOV	DWORD [-32+EBP],0
   784 0000083E                                 L57:
   785 0000083E 8D 04 1E                        	LEA	EAX,DWORD [ESI+EBX*1]
   786 00000841 8B 55 08                        	MOV	EDX,DWORD [8+EBP]
   787 00000844 31 FF                           	XOR	EDI,EDI
   788 00000846 8D 4C 02 EB                     	LEA	ECX,DWORD [-21+EDX+EAX*1]
   789 0000084A                                 L56:
   790 0000084A 8B 45 E0                        	MOV	EAX,DWORD [-32+EBP]
   791 0000084D 8A 94 07 [000000A5]             	MOV	DL,BYTE [_closebtn.1+EDI+EAX*1]
   792 00000854 80 FA 40                        	CMP	DL,64
   793 00000857 74 33                           	JE	L62
   794 00000859 80 FA 24                        	CMP	DL,36
   795 0000085C 74 2A                           	JE	L63
   796 0000085E 80 FA 51                        	CMP	DL,81
   797 00000861 B2 08                           	MOV	DL,8
   798 00000863 0F 95 C0                        	SETNE	AL
   799 00000866 28 C2                           	SUB	DL,AL
   800 00000868                                 L51:
   801 00000868 47                              	INC	EDI
   802 00000869 88 11                           	MOV	BYTE [ECX],DL
   803 0000086B 41                              	INC	ECX
   804 0000086C 83 FF 0F                        	CMP	EDI,15
   805 0000086F 7E D9                           	JLE	L56
   806 00000871 FF 45 F0                        	INC	DWORD [-16+EBP]
   807 00000874 01 DE                           	ADD	ESI,EBX
   808 00000876 83 45 E0 10                     	ADD	DWORD [-32+EBP],16
   809 0000087A 83 7D F0 0D                     	CMP	DWORD [-16+EBP],13
   810 0000087E 7E BE                           	JLE	L57
   811 00000880 8D 65 F4                        	LEA	ESP,DWORD [-12+EBP]
   812 00000883 5B                              	POP	EBX
   813 00000884 5E                              	POP	ESI
   814 00000885 5F                              	POP	EDI
   815 00000886 5D                              	POP	EBP
   816 00000887 C3                              	RET
   817 00000888                                 L63:
   818 00000888 B2 0F                           	MOV	DL,15
   819 0000088A EB DC                           	JMP	L51
   820 0000088C                                 L62:
   821 0000088C 31 D2                           	XOR	EDX,EDX
   822 0000088E EB D8                           	JMP	L51
   823 00000890                                 	GLOBAL	_putfonts8_asc_sht
   824 00000890                                 _putfonts8_asc_sht:
   825 00000890 55                              	PUSH	EBP
   826 00000891 89 E5                           	MOV	EBP,ESP
   827 00000893 57                              	PUSH	EDI
   828 00000894 56                              	PUSH	ESI
   829 00000895 53                              	PUSH	EBX
   830 00000896 83 EC 0C                        	SUB	ESP,12
   831 00000899 8B 45 08                        	MOV	EAX,DWORD [8+EBP]
   832 0000089C 8B 7D 10                        	MOV	EDI,DWORD [16+EBP]
   833 0000089F 89 45 F0                        	MOV	DWORD [-16+EBP],EAX
   834 000008A2 8B 5D 14                        	MOV	EBX,DWORD [20+EBP]
   835 000008A5 8B 45 0C                        	MOV	EAX,DWORD [12+EBP]
   836 000008A8 89 45 EC                        	MOV	DWORD [-20+EBP],EAX
   837 000008AB 8B 45 1C                        	MOV	EAX,DWORD [28+EBP]
   838 000008AE 89 45 E8                        	MOV	DWORD [-24+EBP],EAX
   839 000008B1 8D 47 0F                        	LEA	EAX,DWORD [15+EDI]
   840 000008B4 50                              	PUSH	EAX
   841 000008B5 8B 45 EC                        	MOV	EAX,DWORD [-20+EBP]
   842 000008B8 8B 75 20                        	MOV	ESI,DWORD [32+EBP]
   843 000008BB 0F BE DB                        	MOVSX	EBX,BL
   844 000008BE 8D 34 F0                        	LEA	ESI,DWORD [EAX+ESI*8]
   845 000008C1 8D 46 FF                        	LEA	EAX,DWORD [-1+ESI]
   846 000008C4 50                              	PUSH	EAX
   847 000008C5 57                              	PUSH	EDI
   848 000008C6 FF 75 EC                        	PUSH	DWORD [-20+EBP]
   849 000008C9 0F B6 45 18                     	MOVZX	EAX,BYTE [24+EBP]
   850 000008CD 50                              	PUSH	EAX
   851 000008CE 8B 45 F0                        	MOV	EAX,DWORD [-16+EBP]
   852 000008D1 FF 70 04                        	PUSH	DWORD [4+EAX]
   853 000008D4 FF 30                           	PUSH	DWORD [EAX]
   854 000008D6 E8 [00000000]                   	CALL	_boxfill8
   855 000008DB FF 75 E8                        	PUSH	DWORD [-24+EBP]
   856 000008DE 53                              	PUSH	EBX
   857 000008DF 57                              	PUSH	EDI
   858 000008E0 FF 75 EC                        	PUSH	DWORD [-20+EBP]
   859 000008E3 8B 45 F0                        	MOV	EAX,DWORD [-16+EBP]
   860 000008E6 FF 70 04                        	PUSH	DWORD [4+EAX]
   861 000008E9 FF 30                           	PUSH	DWORD [EAX]
   862 000008EB E8 [00000000]                   	CALL	_putfonts8_asc
   863 000008F0 89 7D 10                        	MOV	DWORD [16+EBP],EDI
   864 000008F3 8D 47 10                        	LEA	EAX,DWORD [16+EDI]
   865 000008F6 89 75 14                        	MOV	DWORD [20+EBP],ESI
   866 000008F9 89 45 18                        	MOV	DWORD [24+EBP],EAX
   867 000008FC 83 C4 34                        	ADD	ESP,52
   868 000008FF 8B 45 EC                        	MOV	EAX,DWORD [-20+EBP]
   869 00000902 89 45 0C                        	MOV	DWORD [12+EBP],EAX
   870 00000905 8B 45 F0                        	MOV	EAX,DWORD [-16+EBP]
   871 00000908 89 45 08                        	MOV	DWORD [8+EBP],EAX
   872 0000090B 8D 65 F4                        	LEA	ESP,DWORD [-12+EBP]
   873 0000090E 5B                              	POP	EBX
   874 0000090F 5E                              	POP	ESI
   875 00000910 5F                              	POP	EDI
   876 00000911 5D                              	POP	EBP
   877 00000912 E9 [00000000]                   	JMP	_sheet_refresh
   878 00000917                                 	GLOBAL	_make_textbox8
   879 00000917                                 _make_textbox8:
   880 00000917 55                              	PUSH	EBP
   881 00000918 89 E5                           	MOV	EBP,ESP
   882 0000091A 57                              	PUSH	EDI
   883 0000091B 56                              	PUSH	ESI
   884 0000091C 53                              	PUSH	EBX
   885 0000091D 83 EC 14                        	SUB	ESP,20
   886 00000920 8B 45 0C                        	MOV	EAX,DWORD [12+EBP]
   887 00000923 8B 75 10                        	MOV	ESI,DWORD [16+EBP]
   888 00000926 03 45 14                        	ADD	EAX,DWORD [20+EBP]
   889 00000929 83 EE 03                        	SUB	ESI,3
   890 0000092C 56                              	PUSH	ESI
   891 0000092D 89 45 F0                        	MOV	DWORD [-16+EBP],EAX
   892 00000930 8B 45 10                        	MOV	EAX,DWORD [16+EBP]
   893 00000933 03 45 18                        	ADD	EAX,DWORD [24+EBP]
   894 00000936 89 45 EC                        	MOV	DWORD [-20+EBP],EAX
   895 00000939 8B 45 F0                        	MOV	EAX,DWORD [-16+EBP]
   896 0000093C 40                              	INC	EAX
   897 0000093D 50                              	PUSH	EAX
   898 0000093E 89 45 E8                        	MOV	DWORD [-24+EBP],EAX
   899 00000941 8B 45 0C                        	MOV	EAX,DWORD [12+EBP]
   900 00000944 56                              	PUSH	ESI
   901 00000945 83 E8 02                        	SUB	EAX,2
   902 00000948 50                              	PUSH	EAX
   903 00000949 89 45 E4                        	MOV	DWORD [-28+EBP],EAX
   904 0000094C 8B 45 08                        	MOV	EAX,DWORD [8+EBP]
   905 0000094F 6A 0F                           	PUSH	15
   906 00000951 FF 70 04                        	PUSH	DWORD [4+EAX]
   907 00000954 FF 30                           	PUSH	DWORD [EAX]
   908 00000956 E8 [00000000]                   	CALL	_boxfill8
   909 0000095B 8B 7D 0C                        	MOV	EDI,DWORD [12+EBP]
   910 0000095E 8B 45 EC                        	MOV	EAX,DWORD [-20+EBP]
   911 00000961 83 EF 03                        	SUB	EDI,3
   912 00000964 40                              	INC	EAX
   913 00000965 50                              	PUSH	EAX
   914 00000966 89 45 E0                        	MOV	DWORD [-32+EBP],EAX
   915 00000969 57                              	PUSH	EDI
   916 0000096A 8B 45 08                        	MOV	EAX,DWORD [8+EBP]
   917 0000096D 56                              	PUSH	ESI
   918 0000096E 57                              	PUSH	EDI
   919 0000096F 6A 0F                           	PUSH	15
   920 00000971 FF 70 04                        	PUSH	DWORD [4+EAX]
   921 00000974 FF 30                           	PUSH	DWORD [EAX]
   922 00000976 E8 [00000000]                   	CALL	_boxfill8
   923 0000097B 8B 45 08                        	MOV	EAX,DWORD [8+EBP]
   924 0000097E 83 C4 38                        	ADD	ESP,56
   925 00000981 8B 5D EC                        	MOV	EBX,DWORD [-20+EBP]
   926 00000984 83 C3 02                        	ADD	EBX,2
   927 00000987 53                              	PUSH	EBX
   928 00000988 FF 75 E8                        	PUSH	DWORD [-24+EBP]
   929 0000098B 53                              	PUSH	EBX
   930 0000098C 57                              	PUSH	EDI
   931 0000098D 6A 07                           	PUSH	7
   932 0000098F FF 70 04                        	PUSH	DWORD [4+EAX]
   933 00000992 FF 30                           	PUSH	DWORD [EAX]
   934 00000994 E8 [00000000]                   	CALL	_boxfill8
   935 00000999 8B 45 F0                        	MOV	EAX,DWORD [-16+EBP]
   936 0000099C 53                              	PUSH	EBX
   937 0000099D 83 C0 02                        	ADD	EAX,2
   938 000009A0 50                              	PUSH	EAX
   939 000009A1 56                              	PUSH	ESI
   940 000009A2 50                              	PUSH	EAX
   941 000009A3 8B 45 08                        	MOV	EAX,DWORD [8+EBP]
   942 000009A6 6A 07                           	PUSH	7
   943 000009A8 FF 70 04                        	PUSH	DWORD [4+EAX]
   944 000009AB FF 30                           	PUSH	DWORD [EAX]
   945 000009AD E8 [00000000]                   	CALL	_boxfill8
   946 000009B2 8B 45 08                        	MOV	EAX,DWORD [8+EBP]
   947 000009B5 83 C4 38                        	ADD	ESP,56
   948 000009B8 8B 5D 10                        	MOV	EBX,DWORD [16+EBP]
   949 000009BB 83 EB 02                        	SUB	EBX,2
   950 000009BE 8B 7D 0C                        	MOV	EDI,DWORD [12+EBP]
   951 000009C1 53                              	PUSH	EBX
   952 000009C2 4F                              	DEC	EDI
   953 000009C3 FF 75 F0                        	PUSH	DWORD [-16+EBP]
   954 000009C6 53                              	PUSH	EBX
   955 000009C7 57                              	PUSH	EDI
   956 000009C8 6A 00                           	PUSH	0
   957 000009CA FF 70 04                        	PUSH	DWORD [4+EAX]
   958 000009CD FF 30                           	PUSH	DWORD [EAX]
   959 000009CF E8 [00000000]                   	CALL	_boxfill8
   960 000009D4 8B 45 08                        	MOV	EAX,DWORD [8+EBP]
   961 000009D7 FF 75 EC                        	PUSH	DWORD [-20+EBP]
   962 000009DA FF 75 E4                        	PUSH	DWORD [-28+EBP]
   963 000009DD 53                              	PUSH	EBX
   964 000009DE FF 75 E4                        	PUSH	DWORD [-28+EBP]
   965 000009E1 6A 00                           	PUSH	0
   966 000009E3 FF 70 04                        	PUSH	DWORD [4+EAX]
   967 000009E6 FF 30                           	PUSH	DWORD [EAX]
   968 000009E8 E8 [00000000]                   	CALL	_boxfill8
   969 000009ED 8B 45 08                        	MOV	EAX,DWORD [8+EBP]
   970 000009F0 83 C4 38                        	ADD	ESP,56
   971 000009F3 FF 75 E0                        	PUSH	DWORD [-32+EBP]
   972 000009F6 FF 75 F0                        	PUSH	DWORD [-16+EBP]
   973 000009F9 FF 75 E0                        	PUSH	DWORD [-32+EBP]
   974 000009FC FF 75 E4                        	PUSH	DWORD [-28+EBP]
   975 000009FF 6A 08                           	PUSH	8
   976 00000A01 FF 70 04                        	PUSH	DWORD [4+EAX]
   977 00000A04 FF 30                           	PUSH	DWORD [EAX]
   978 00000A06 E8 [00000000]                   	CALL	_boxfill8
   979 00000A0B 8B 45 08                        	MOV	EAX,DWORD [8+EBP]
   980 00000A0E FF 75 E0                        	PUSH	DWORD [-32+EBP]
   981 00000A11 FF 75 E8                        	PUSH	DWORD [-24+EBP]
   982 00000A14 53                              	PUSH	EBX
   983 00000A15 FF 75 E8                        	PUSH	DWORD [-24+EBP]
   984 00000A18 6A 08                           	PUSH	8
   985 00000A1A FF 70 04                        	PUSH	DWORD [4+EAX]
   986 00000A1D FF 30                           	PUSH	DWORD [EAX]
   987 00000A1F E8 [00000000]                   	CALL	_boxfill8
   988 00000A24 8B 45 10                        	MOV	EAX,DWORD [16+EBP]
   989 00000A27 83 C4 38                        	ADD	ESP,56
   990 00000A2A 48                              	DEC	EAX
   991 00000A2B FF 75 EC                        	PUSH	DWORD [-20+EBP]
   992 00000A2E FF 75 F0                        	PUSH	DWORD [-16+EBP]
   993 00000A31 50                              	PUSH	EAX
   994 00000A32 57                              	PUSH	EDI
   995 00000A33 0F B6 45 1C                     	MOVZX	EAX,BYTE [28+EBP]
   996 00000A37 50                              	PUSH	EAX
   997 00000A38 8B 45 08                        	MOV	EAX,DWORD [8+EBP]
   998 00000A3B FF 70 04                        	PUSH	DWORD [4+EAX]
   999 00000A3E FF 30                           	PUSH	DWORD [EAX]
  1000 00000A40 E8 [00000000]                   	CALL	_boxfill8
  1001 00000A45 8D 65 F4                        	LEA	ESP,DWORD [-12+EBP]
  1002 00000A48 5B                              	POP	EBX
  1003 00000A49 5E                              	POP	ESI
  1004 00000A4A 5F                              	POP	EDI
  1005 00000A4B 5D                              	POP	EBP
  1006 00000A4C C3                              	RET
  1007                                          [SECTION .data]
  1008 00000185                                 LC8:
  1009 00000185 25 31 31 64 00                  	DB	"%11d",0x00
  1010                                          [SECTION .text]
  1011 00000A4D                                 	GLOBAL	_task_b_main
  1012 00000A4D                                 _task_b_main:
  1013 00000A4D 55                              	PUSH	EBP
  1014 00000A4E 89 E5                           	MOV	EBP,ESP
  1015 00000A50 57                              	PUSH	EDI
  1016 00000A51 56                              	PUSH	ESI
  1017 00000A52 53                              	PUSH	EBX
  1018 00000A53 8D 85 FFFFFDD4                  	LEA	EAX,DWORD [-556+EBP]
  1019 00000A59 81 EC 00000238                  	SUB	ESP,568
  1020 00000A5F 8D 5D D4                        	LEA	EBX,DWORD [-44+EBP]
  1021 00000A62 C7 85 FFFFFDC0 00000000         	MOV	DWORD [-576+EBP],0
  1022 00000A6C 50                              	PUSH	EAX
  1023 00000A6D 68 00000080                     	PUSH	128
  1024 00000A72 53                              	PUSH	EBX
  1025 00000A73 C7 85 FFFFFDBC 00000000         	MOV	DWORD [-580+EBP],0
  1026 00000A7D E8 [00000000]                   	CALL	_fifo32_init
  1027 00000A82 E8 [00000000]                   	CALL	_timer_alloc
  1028 00000A87 6A 01                           	PUSH	1
  1029 00000A89 53                              	PUSH	EBX
  1030 00000A8A 89 C7                           	MOV	EDI,EAX
  1031 00000A8C 50                              	PUSH	EAX
  1032 00000A8D E8 [00000000]                   	CALL	_timer_init
  1033 00000A92 6A 01                           	PUSH	1
  1034 00000A94 57                              	PUSH	EDI
  1035 00000A95 E8 [00000000]                   	CALL	_timer_settime
  1036 00000A9A 83 C4 20                        	ADD	ESP,32
  1037 00000A9D E8 [00000000]                   	CALL	_timer_alloc
  1038 00000AA2 6A 64                           	PUSH	100
  1039 00000AA4 89 C6                           	MOV	ESI,EAX
  1040 00000AA6 53                              	PUSH	EBX
  1041 00000AA7 50                              	PUSH	EAX
  1042 00000AA8 E8 [00000000]                   	CALL	_timer_init
  1043 00000AAD 6A 64                           	PUSH	100
  1044 00000AAF 56                              	PUSH	ESI
  1045 00000AB0 E8 [00000000]                   	CALL	_timer_settime
  1046 00000AB5 83 C4 14                        	ADD	ESP,20
  1047 00000AB8                                 L67:
  1048 00000AB8 8D 5D D4                        	LEA	EBX,DWORD [-44+EBP]
  1049 00000ABB FF 85 FFFFFDC0                  	INC	DWORD [-576+EBP]
  1050 00000AC1 E8 [00000000]                   	CALL	_io_cli
  1051 00000AC6 53                              	PUSH	EBX
  1052 00000AC7 E8 [00000000]                   	CALL	_fifo32_status
  1053 00000ACC 5A                              	POP	EDX
  1054 00000ACD 85 C0                           	TEST	EAX,EAX
  1055 00000ACF 0F 84 0000009F                  	JE	L76
  1056 00000AD5 53                              	PUSH	EBX
  1057 00000AD6 E8 [00000000]                   	CALL	_fifo32_get
  1058 00000ADB 89 C3                           	MOV	EBX,EAX
  1059 00000ADD E8 [00000000]                   	CALL	_io_sti
  1060 00000AE2 58                              	POP	EAX
  1061 00000AE3 83 FB 01                        	CMP	EBX,1
  1062 00000AE6 74 57                           	JE	L77
  1063 00000AE8 83 FB 64                        	CMP	EBX,100
  1064 00000AEB 75 CB                           	JNE	L67
  1065 00000AED 8B 85 FFFFFDC0                  	MOV	EAX,DWORD [-576+EBP]
  1066 00000AF3 8D 9D FFFFFDC4                  	LEA	EBX,DWORD [-572+EBP]
  1067 00000AF9 2B 85 FFFFFDBC                  	SUB	EAX,DWORD [-580+EBP]
  1068 00000AFF 50                              	PUSH	EAX
  1069 00000B00 68 [00000185]                   	PUSH	LC8
  1070 00000B05 53                              	PUSH	EBX
  1071 00000B06 E8 [00000000]                   	CALL	_sprintf
  1072 00000B0B 6A 0B                           	PUSH	11
  1073 00000B0D 53                              	PUSH	EBX
  1074 00000B0E 6A 0E                           	PUSH	14
  1075 00000B10 6A 07                           	PUSH	7
  1076 00000B12 68 00000080                     	PUSH	128
  1077 00000B17 6A 00                           	PUSH	0
  1078 00000B19 FF 75 08                        	PUSH	DWORD [8+EBP]
  1079 00000B1C E8 FFFFFD6F                     	CALL	_putfonts8_asc_sht
  1080 00000B21 83 C4 28                        	ADD	ESP,40
  1081 00000B24 8B 85 FFFFFDC0                  	MOV	EAX,DWORD [-576+EBP]
  1082 00000B2A 6A 64                           	PUSH	100
  1083 00000B2C 89 85 FFFFFDBC                  	MOV	DWORD [-580+EBP],EAX
  1084 00000B32 56                              	PUSH	ESI
  1085 00000B33                                 L75:
  1086 00000B33 E8 [00000000]                   	CALL	_timer_settime
  1087 00000B38 5B                              	POP	EBX
  1088 00000B39 58                              	POP	EAX
  1089 00000B3A E9 FFFFFF79                     	JMP	L67
  1090 00000B3F                                 L77:
  1091 00000B3F FF B5 FFFFFDC0                  	PUSH	DWORD [-576+EBP]
  1092 00000B45 68 [00000185]                   	PUSH	LC8
  1093 00000B4A 8D 9D FFFFFDC4                  	LEA	EBX,DWORD [-572+EBP]
  1094 00000B50 53                              	PUSH	EBX
  1095 00000B51 E8 [00000000]                   	CALL	_sprintf
  1096 00000B56 6A 0B                           	PUSH	11
  1097 00000B58 53                              	PUSH	EBX
  1098 00000B59 6A 0F                           	PUSH	15
  1099 00000B5B 6A 07                           	PUSH	7
  1100 00000B5D 68 00000090                     	PUSH	144
  1101 00000B62 6A 00                           	PUSH	0
  1102 00000B64 FF 75 08                        	PUSH	DWORD [8+EBP]
  1103 00000B67 E8 FFFFFD24                     	CALL	_putfonts8_asc_sht
  1104 00000B6C 83 C4 28                        	ADD	ESP,40
  1105 00000B6F 6A 01                           	PUSH	1
  1106 00000B71 57                              	PUSH	EDI
  1107 00000B72 EB BF                           	JMP	L75
  1108 00000B74                                 L76:
  1109 00000B74 E8 [00000000]                   	CALL	_io_sti
  1110 00000B79 E9 FFFFFF3A                     	JMP	L67
