     1 00000000                                 [FORMAT "WCOFF"]
     2 00000000                                 [INSTRSET "i486p"]
     3 00000000                                 [OPTIMIZE 1]
     4 00000000                                 [OPTION 1]
     5 00000000                                 [BITS 32]
     6 00000000                                 	EXTERN	_init_gdtidt
     7 00000000                                 	EXTERN	_init_pic
     8 00000000                                 	EXTERN	_io_sti
     9 00000000                                 	EXTERN	_fifo32_init
    10 00000000                                 	EXTERN	_init_pit
    11 00000000                                 	EXTERN	_init_keyboard
    12 00000000                                 	EXTERN	_enable_mouse
    13 00000000                                 	EXTERN	_io_out8
    14 00000000                                 	EXTERN	_memtest
    15 00000000                                 	EXTERN	_memman_init
    16 00000000                                 	EXTERN	_memman_free
    17 00000000                                 	EXTERN	_init_palette
    18 00000000                                 	EXTERN	_shtctl_init
    19 00000000                                 	EXTERN	_task_init
    20 00000000                                 	EXTERN	_task_run
    21 00000000                                 	EXTERN	_sheet_alloc
    22 00000000                                 	EXTERN	_memman_alloc_4k
    23 00000000                                 	EXTERN	_sheet_setbuf
    24 00000000                                 	EXTERN	_init_screen8
    25 00000000                                 	EXTERN	_make_window8
    26 00000000                                 	EXTERN	_make_textbox8
    27 00000000                                 	EXTERN	_task_alloc
    28 00000000                                 	EXTERN	_console_task
    29 00000000                                 	EXTERN	_timer_alloc
    30 00000000                                 	EXTERN	_timer_init
    31 00000000                                 	EXTERN	_timer_settime
    32 00000000                                 	EXTERN	_init_mouse_cursor8
    33 00000000                                 	EXTERN	_sheet_slide
    34 00000000                                 	EXTERN	_sheet_updown
    35 00000000                                 	EXTERN	_fifo32_put
    36 00000000                                 	EXTERN	_fifo32_status
    37 00000000                                 	EXTERN	_io_cli
    38 00000000                                 	EXTERN	_fifo32_get
    39 00000000                                 	EXTERN	_boxfill8
    40 00000000                                 	EXTERN	_sheet_refresh
    41 00000000                                 	EXTERN	_mouse_decode
    42 00000000                                 	EXTERN	_keytable0.0
    43 00000000                                 	EXTERN	_putfonts8_asc_sht
    44 00000000                                 	EXTERN	_wait_KBC_sendready
    45 00000000                                 	EXTERN	_console_putstr0
    46 00000000                                 	EXTERN	_asm_end_app
    47 00000000                                 	EXTERN	_make_window_title
    48 00000000                                 	EXTERN	_keytable1.1
    49 00000000                                 	EXTERN	_task_sleep
    50 00000000                                 	EXTERN	_sprintf
    51 00000000                                 [FILE "bootpack.c"]
    52                                          [SECTION .data]
    53 00000000                                 _keytable0.0:
    54 00000000 00                              	DB	0
    55 00000001 00                              	DB	0
    56 00000002 31                              	DB	49
    57 00000003 32                              	DB	50
    58 00000004 33                              	DB	51
    59 00000005 34                              	DB	52
    60 00000006 35                              	DB	53
    61 00000007 36                              	DB	54
    62 00000008 37                              	DB	55
    63 00000009 38                              	DB	56
    64 0000000A 39                              	DB	57
    65 0000000B 30                              	DB	48
    66 0000000C 2D                              	DB	45
    67 0000000D 5E                              	DB	94
    68 0000000E 00                              	DB	0
    69 0000000F 00                              	DB	0
    70 00000010 51                              	DB	81
    71 00000011 57                              	DB	87
    72 00000012 45                              	DB	69
    73 00000013 52                              	DB	82
    74 00000014 54                              	DB	84
    75 00000015 59                              	DB	89
    76 00000016 55                              	DB	85
    77 00000017 49                              	DB	73
    78 00000018 4F                              	DB	79
    79 00000019 50                              	DB	80
    80 0000001A 40                              	DB	64
    81 0000001B 5B                              	DB	91
    82 0000001C 00                              	DB	0
    83 0000001D 00                              	DB	0
    84 0000001E 41                              	DB	65
    85 0000001F 53                              	DB	83
    86 00000020 44                              	DB	68
    87 00000021 46                              	DB	70
    88 00000022 47                              	DB	71
    89 00000023 48                              	DB	72
    90 00000024 4A                              	DB	74
    91 00000025 4B                              	DB	75
    92 00000026 4C                              	DB	76
    93 00000027 3B                              	DB	59
    94 00000028 3A                              	DB	58
    95 00000029 00                              	DB	0
    96 0000002A 00                              	DB	0
    97 0000002B 5D                              	DB	93
    98 0000002C 5A                              	DB	90
    99 0000002D 58                              	DB	88
   100 0000002E 43                              	DB	67
   101 0000002F 56                              	DB	86
   102 00000030 42                              	DB	66
   103 00000031 4E                              	DB	78
   104 00000032 4D                              	DB	77
   105 00000033 2C                              	DB	44
   106 00000034 2E                              	DB	46
   107 00000035 2F                              	DB	47
   108 00000036 00                              	DB	0
   109 00000037 2A                              	DB	42
   110 00000038 00                              	DB	0
   111 00000039 20                              	DB	32
   112 0000003A 00                              	DB	0
   113 0000003B 00                              	DB	0
   114 0000003C 00                              	DB	0
   115 0000003D 00                              	DB	0
   116 0000003E 00                              	DB	0
   117 0000003F 00                              	DB	0
   118 00000040 00                              	DB	0
   119 00000041 00                              	DB	0
   120 00000042 00                              	DB	0
   121 00000043 00                              	DB	0
   122 00000044 00                              	DB	0
   123 00000045 00                              	DB	0
   124 00000046 00                              	DB	0
   125 00000047 37                              	DB	55
   126 00000048 38                              	DB	56
   127 00000049 39                              	DB	57
   128 0000004A 2D                              	DB	45
   129 0000004B 34                              	DB	52
   130 0000004C 35                              	DB	53
   131 0000004D 36                              	DB	54
   132 0000004E 2B                              	DB	43
   133 0000004F 31                              	DB	49
   134 00000050 32                              	DB	50
   135 00000051 33                              	DB	51
   136 00000052 30                              	DB	48
   137 00000053 2E                              	DB	46
   138 00000054 00                              	DB	0
   139 00000055 00                              	DB	0
   140 00000056 00                              	DB	0
   141 00000057 00                              	DB	0
   142 00000058 00                              	DB	0
   143 00000059 00                              	DB	0
   144 0000005A 00                              	DB	0
   145 0000005B 00                              	DB	0
   146 0000005C 00                              	DB	0
   147 0000005D 00                              	DB	0
   148 0000005E 00                              	DB	0
   149 0000005F 00                              	DB	0
   150 00000060 00                              	DB	0
   151 00000061 00                              	DB	0
   152 00000062 00                              	DB	0
   153 00000063 00                              	DB	0
   154 00000064 00                              	DB	0
   155 00000065 00                              	DB	0
   156 00000066 00                              	DB	0
   157 00000067 00                              	DB	0
   158 00000068 00                              	DB	0
   159 00000069 00                              	DB	0
   160 0000006A 00                              	DB	0
   161 0000006B 00                              	DB	0
   162 0000006C 00                              	DB	0
   163 0000006D 00                              	DB	0
   164 0000006E 00                              	DB	0
   165 0000006F 00                              	DB	0
   166 00000070 00                              	DB	0
   167 00000071 00                              	DB	0
   168 00000072 00                              	DB	0
   169 00000073 5C                              	DB	92
   170 00000074 00                              	DB	0
   171 00000075 00                              	DB	0
   172 00000076 00                              	DB	0
   173 00000077 00                              	DB	0
   174 00000078 00                              	DB	0
   175 00000079 00                              	DB	0
   176 0000007A 00                              	DB	0
   177 0000007B 00                              	DB	0
   178 0000007C 00                              	DB	0
   179 0000007D 5C                              	DB	92
   180 0000007E 00                              	DB	0
   181 0000007F 00                              	DB	0
   182 00000080                                 _keytable1.1:
   183 00000080 00                              	DB	0
   184 00000081 00                              	DB	0
   185 00000082 21                              	DB	33
   186 00000083 22                              	DB	34
   187 00000084 23                              	DB	35
   188 00000085 24                              	DB	36
   189 00000086 25                              	DB	37
   190 00000087 26                              	DB	38
   191 00000088 27                              	DB	39
   192 00000089 28                              	DB	40
   193 0000008A 29                              	DB	41
   194 0000008B 7E                              	DB	126
   195 0000008C 3D                              	DB	61
   196 0000008D 7E                              	DB	126
   197 0000008E 00                              	DB	0
   198 0000008F 00                              	DB	0
   199 00000090 51                              	DB	81
   200 00000091 57                              	DB	87
   201 00000092 45                              	DB	69
   202 00000093 52                              	DB	82
   203 00000094 54                              	DB	84
   204 00000095 59                              	DB	89
   205 00000096 55                              	DB	85
   206 00000097 49                              	DB	73
   207 00000098 4F                              	DB	79
   208 00000099 50                              	DB	80
   209 0000009A 60                              	DB	96
   210 0000009B 7B                              	DB	123
   211 0000009C 00                              	DB	0
   212 0000009D 00                              	DB	0
   213 0000009E 41                              	DB	65
   214 0000009F 53                              	DB	83
   215 000000A0 44                              	DB	68
   216 000000A1 46                              	DB	70
   217 000000A2 47                              	DB	71
   218 000000A3 48                              	DB	72
   219 000000A4 4A                              	DB	74
   220 000000A5 4B                              	DB	75
   221 000000A6 4C                              	DB	76
   222 000000A7 2B                              	DB	43
   223 000000A8 2A                              	DB	42
   224 000000A9 00                              	DB	0
   225 000000AA 00                              	DB	0
   226 000000AB 7D                              	DB	125
   227 000000AC 5A                              	DB	90
   228 000000AD 58                              	DB	88
   229 000000AE 43                              	DB	67
   230 000000AF 56                              	DB	86
   231 000000B0 42                              	DB	66
   232 000000B1 4E                              	DB	78
   233 000000B2 4D                              	DB	77
   234 000000B3 3C                              	DB	60
   235 000000B4 3E                              	DB	62
   236 000000B5 3F                              	DB	63
   237 000000B6 00                              	DB	0
   238 000000B7 2A                              	DB	42
   239 000000B8 00                              	DB	0
   240 000000B9 20                              	DB	32
   241 000000BA 00                              	DB	0
   242 000000BB 00                              	DB	0
   243 000000BC 00                              	DB	0
   244 000000BD 00                              	DB	0
   245 000000BE 00                              	DB	0
   246 000000BF 00                              	DB	0
   247 000000C0 00                              	DB	0
   248 000000C1 00                              	DB	0
   249 000000C2 00                              	DB	0
   250 000000C3 00                              	DB	0
   251 000000C4 00                              	DB	0
   252 000000C5 00                              	DB	0
   253 000000C6 00                              	DB	0
   254 000000C7 37                              	DB	55
   255 000000C8 38                              	DB	56
   256 000000C9 39                              	DB	57
   257 000000CA 2D                              	DB	45
   258 000000CB 34                              	DB	52
   259 000000CC 35                              	DB	53
   260 000000CD 36                              	DB	54
   261 000000CE 2B                              	DB	43
   262 000000CF 31                              	DB	49
   263 000000D0 32                              	DB	50
   264 000000D1 33                              	DB	51
   265 000000D2 30                              	DB	48
   266 000000D3 2E                              	DB	46
   267 000000D4 00                              	DB	0
   268 000000D5 00                              	DB	0
   269 000000D6 00                              	DB	0
   270 000000D7 00                              	DB	0
   271 000000D8 00                              	DB	0
   272 000000D9 00                              	DB	0
   273 000000DA 00                              	DB	0
   274 000000DB 00                              	DB	0
   275 000000DC 00                              	DB	0
   276 000000DD 00                              	DB	0
   277 000000DE 00                              	DB	0
   278 000000DF 00                              	DB	0
   279 000000E0 00                              	DB	0
   280 000000E1 00                              	DB	0
   281 000000E2 00                              	DB	0
   282 000000E3 00                              	DB	0
   283 000000E4 00                              	DB	0
   284 000000E5 00                              	DB	0
   285 000000E6 00                              	DB	0
   286 000000E7 00                              	DB	0
   287 000000E8 00                              	DB	0
   288 000000E9 00                              	DB	0
   289 000000EA 00                              	DB	0
   290 000000EB 00                              	DB	0
   291 000000EC 00                              	DB	0
   292 000000ED 00                              	DB	0
   293 000000EE 00                              	DB	0
   294 000000EF 00                              	DB	0
   295 000000F0 00                              	DB	0
   296 000000F1 00                              	DB	0
   297 000000F2 00                              	DB	0
   298 000000F3 5F                              	DB	95
   299 000000F4 00                              	DB	0
   300 000000F5 00                              	DB	0
   301 000000F6 00                              	DB	0
   302 000000F7 00                              	DB	0
   303 000000F8 00                              	DB	0
   304 000000F9 00                              	DB	0
   305 000000FA 00                              	DB	0
   306 000000FB 00                              	DB	0
   307 000000FC 00                              	DB	0
   308 000000FD 7C                              	DB	124
   309 000000FE 00                              	DB	0
   310 000000FF 00                              	DB	0
   311 00000100                                 LC0:
   312 00000100 63 6F 6E 73 6F 6C 65 00         	DB	"console",0x00
   313 00000108                                 LC1:
   314 00000108 74 61 73 6B 5F 61 00            	DB	"task_a",0x00
   315 0000010F                                 LC5:
   316 0000010F 0A 42 72 65 61 6B 28 6B 65 79   	DB	0x0A,"Break(key):Shift+Alt",0x0A,0x00
       00000119 29 3A 53 68 69 66 74 2B 41 6C 
       00000123 74 0A 00 
   317 00000126                                 LC3:
   318 00000126 54 61 73 6B 5F 41 00            	DB	"Task_A",0x00
   319 0000012D                                 LC4:
   320 0000012D 43 6F 6E 73 6F 6C 65 00         	DB	"Console",0x00
   321 00000135                                 LC2:
   322 00000135 20 00                           	DB	" ",0x00
   323                                          [SECTION .text]
   324 00000000                                 	GLOBAL	_HariMain
   325 00000000                                 _HariMain:
   326 00000000 55                              	PUSH	EBP
   327 00000001 89 E5                           	MOV	EBP,ESP
   328 00000003 57                              	PUSH	EDI
   329 00000004 56                              	PUSH	ESI
   330 00000005 53                              	PUSH	EBX
   331 00000006 81 EC 000006F8                  	SUB	ESP,1784
   332 0000000C C7 85 FFFFF90C 00000000         	MOV	DWORD [-1780+EBP],0
   333 00000016 C7 85 FFFFF908 00000000         	MOV	DWORD [-1784+EBP],0
   334 00000020 A0 00000FF1                     	MOV	AL,BYTE [4081]
   335 00000025 C0 F8 04                        	SAR	AL,4
   336 00000028 89 C2                           	MOV	EDX,EAX
   337 0000002A 83 E2 07                        	AND	EDX,7
   338 0000002D 89 95 FFFFF904                  	MOV	DWORD [-1788+EBP],EDX
   339 00000033 C7 85 FFFFF900 FFFFFFFF         	MOV	DWORD [-1792+EBP],-1
   340 0000003D E8 [00000000]                   	CALL	_init_gdtidt
   341 00000042 E8 [00000000]                   	CALL	_init_pic
   342 00000047 E8 [00000000]                   	CALL	_io_sti
   343 0000004C 8D 85 FFFFFAB4                  	LEA	EAX,DWORD [-1356+EBP]
   344 00000052 6A 00                           	PUSH	0
   345 00000054 50                              	PUSH	EAX
   346 00000055 8D 85 FFFFFCD4                  	LEA	EAX,DWORD [-812+EBP]
   347 0000005B 68 00000080                     	PUSH	128
   348 00000060 50                              	PUSH	EAX
   349 00000061 E8 [00000000]                   	CALL	_fifo32_init
   350 00000066 E8 [00000000]                   	CALL	_init_pit
   351 0000006B 8D 95 FFFFFCD4                  	LEA	EDX,DWORD [-812+EBP]
   352 00000071 68 00000100                     	PUSH	256
   353 00000076 52                              	PUSH	EDX
   354 00000077 E8 [00000000]                   	CALL	_init_keyboard
   355 0000007C 8D 85 FFFFFE04                  	LEA	EAX,DWORD [-508+EBP]
   356 00000082 50                              	PUSH	EAX
   357 00000083 8D 85 FFFFFCD4                  	LEA	EAX,DWORD [-812+EBP]
   358 00000089 68 00000200                     	PUSH	512
   359 0000008E 50                              	PUSH	EAX
   360 0000008F E8 [00000000]                   	CALL	_enable_mouse
   361 00000094 83 C4 24                        	ADD	ESP,36
   362 00000097 68 000000F8                     	PUSH	248
   363 0000009C 6A 21                           	PUSH	33
   364 0000009E E8 [00000000]                   	CALL	_io_out8
   365 000000A3 68 000000EF                     	PUSH	239
   366 000000A8 68 000000A1                     	PUSH	161
   367 000000AD E8 [00000000]                   	CALL	_io_out8
   368 000000B2 8D 95 FFFFFCB4                  	LEA	EDX,DWORD [-844+EBP]
   369 000000B8 6A 00                           	PUSH	0
   370 000000BA 8D 85 FFFFFA34                  	LEA	EAX,DWORD [-1484+EBP]
   371 000000C0 50                              	PUSH	EAX
   372 000000C1 6A 20                           	PUSH	32
   373 000000C3 52                              	PUSH	EDX
   374 000000C4 E8 [00000000]                   	CALL	_fifo32_init
   375 000000C9 83 C4 20                        	ADD	ESP,32
   376 000000CC 68 BFFFFFFF                     	PUSH	-1073741825
   377 000000D1 68 00400000                     	PUSH	4194304
   378 000000D6 E8 [00000000]                   	CALL	_memtest
   379 000000DB 68 003C0000                     	PUSH	3932160
   380 000000E0 89 85 FFFFF938                  	MOV	DWORD [-1736+EBP],EAX
   381 000000E6 E8 [00000000]                   	CALL	_memman_init
   382 000000EB 68 0009E000                     	PUSH	647168
   383 000000F0 68 00001000                     	PUSH	4096
   384 000000F5 68 003C0000                     	PUSH	3932160
   385 000000FA E8 [00000000]                   	CALL	_memman_free
   386 000000FF 8B 85 FFFFF938                  	MOV	EAX,DWORD [-1736+EBP]
   387 00000105 2D 00400000                     	SUB	EAX,4194304
   388 0000010A 50                              	PUSH	EAX
   389 0000010B 68 00400000                     	PUSH	4194304
   390 00000110 68 003C0000                     	PUSH	3932160
   391 00000115 E8 [00000000]                   	CALL	_memman_free
   392 0000011A 83 C4 24                        	ADD	ESP,36
   393 0000011D E8 [00000000]                   	CALL	_init_palette
   394 00000122 0F BF 05 00000FF6               	MOVSX	EAX,WORD [4086]
   395 00000129 50                              	PUSH	EAX
   396 0000012A 0F BF 05 00000FF4               	MOVSX	EAX,WORD [4084]
   397 00000131 50                              	PUSH	EAX
   398 00000132 FF 35 00000FF8                  	PUSH	DWORD [4088]
   399 00000138 68 003C0000                     	PUSH	3932160
   400 0000013D E8 [00000000]                   	CALL	_shtctl_init
   401 00000142 68 003C0000                     	PUSH	3932160
   402 00000147 89 C6                           	MOV	ESI,EAX
   403 00000149 E8 [00000000]                   	CALL	_task_init
   404 0000014E 6A 02                           	PUSH	2
   405 00000150 6A 01                           	PUSH	1
   406 00000152 89 85 FFFFF914                  	MOV	DWORD [-1772+EBP],EAX
   407 00000158 50                              	PUSH	EAX
   408 00000159 89 85 FFFFFCEC                  	MOV	DWORD [-788+EBP],EAX
   409 0000015F E8 [00000000]                   	CALL	_task_run
   410 00000164 83 C4 20                        	ADD	ESP,32
   411 00000167 89 35 00000FE4                  	MOV	DWORD [4068],ESI
   412 0000016D 56                              	PUSH	ESI
   413 0000016E E8 [00000000]                   	CALL	_sheet_alloc
   414 00000173 0F BF 15 00000FF6               	MOVSX	EDX,WORD [4086]
   415 0000017A 89 85 FFFFF934                  	MOV	DWORD [-1740+EBP],EAX
   416 00000180 0F BF 05 00000FF4               	MOVSX	EAX,WORD [4084]
   417 00000187 0F AF C2                        	IMUL	EAX,EDX
   418 0000018A 50                              	PUSH	EAX
   419 0000018B 68 003C0000                     	PUSH	3932160
   420 00000190 E8 [00000000]                   	CALL	_memman_alloc_4k
   421 00000195 6A FF                           	PUSH	-1
   422 00000197 89 C3                           	MOV	EBX,EAX
   423 00000199 0F BF 05 00000FF6               	MOVSX	EAX,WORD [4086]
   424 000001A0 50                              	PUSH	EAX
   425 000001A1 0F BF 05 00000FF4               	MOVSX	EAX,WORD [4084]
   426 000001A8 50                              	PUSH	EAX
   427 000001A9 53                              	PUSH	EBX
   428 000001AA FF B5 FFFFF934                  	PUSH	DWORD [-1740+EBP]
   429 000001B0 E8 [00000000]                   	CALL	_sheet_setbuf
   430 000001B5 83 C4 20                        	ADD	ESP,32
   431 000001B8 0F BF 05 00000FF6               	MOVSX	EAX,WORD [4086]
   432 000001BF 50                              	PUSH	EAX
   433 000001C0 0F BF 05 00000FF4               	MOVSX	EAX,WORD [4084]
   434 000001C7 50                              	PUSH	EAX
   435 000001C8 53                              	PUSH	EBX
   436 000001C9 8D 9D FFFFFCF4                  	LEA	EBX,DWORD [-780+EBP]
   437 000001CF E8 [00000000]                   	CALL	_init_screen8
   438 000001D4 56                              	PUSH	ESI
   439 000001D5 E8 [00000000]                   	CALL	_sheet_alloc
   440 000001DA 68 0000A500                     	PUSH	42240
   441 000001DF 68 003C0000                     	PUSH	3932160
   442 000001E4 89 85 FFFFF92C                  	MOV	DWORD [-1748+EBP],EAX
   443 000001EA E8 [00000000]                   	CALL	_memman_alloc_4k
   444 000001EF 6A FF                           	PUSH	-1
   445 000001F1 68 000000A5                     	PUSH	165
   446 000001F6 89 85 FFFFF924                  	MOV	DWORD [-1756+EBP],EAX
   447 000001FC 68 00000100                     	PUSH	256
   448 00000201 50                              	PUSH	EAX
   449 00000202 FF B5 FFFFF92C                  	PUSH	DWORD [-1748+EBP]
   450 00000208 E8 [00000000]                   	CALL	_sheet_setbuf
   451 0000020D 83 C4 2C                        	ADD	ESP,44
   452 00000210 6A 00                           	PUSH	0
   453 00000212 68 [00000100]                   	PUSH	LC0
   454 00000217 68 000000A5                     	PUSH	165
   455 0000021C 68 00000100                     	PUSH	256
   456 00000221 FF B5 FFFFF924                  	PUSH	DWORD [-1756+EBP]
   457 00000227 E8 [00000000]                   	CALL	_make_window8
   458 0000022C 6A 00                           	PUSH	0
   459 0000022E 68 00000080                     	PUSH	128
   460 00000233 68 000000F0                     	PUSH	240
   461 00000238 6A 1C                           	PUSH	28
   462 0000023A 6A 08                           	PUSH	8
   463 0000023C FF B5 FFFFF92C                  	PUSH	DWORD [-1748+EBP]
   464 00000242 E8 [00000000]                   	CALL	_make_textbox8
   465 00000247 83 C4 2C                        	ADD	ESP,44
   466 0000024A E8 [00000000]                   	CALL	_task_alloc
   467 0000024F 68 00010000                     	PUSH	65536
   468 00000254 68 003C0000                     	PUSH	3932160
   469 00000259 89 85 FFFFF910                  	MOV	DWORD [-1776+EBP],EAX
   470 0000025F E8 [00000000]                   	CALL	_memman_alloc_4k
   471 00000264 8B 95 FFFFF910                  	MOV	EDX,DWORD [-1776+EBP]
   472 0000026A 05 0000FFF4                     	ADD	EAX,65524
   473 0000026F 89 42 48                        	MOV	DWORD [72+EDX],EAX
   474 00000272 C7 42 30 [00000000]             	MOV	DWORD [48+EDX],_console_task
   475 00000279 C7 42 58 00000008               	MOV	DWORD [88+EDX],8
   476 00000280 C7 42 5C 00000010               	MOV	DWORD [92+EDX],16
   477 00000287 C7 42 60 00000008               	MOV	DWORD [96+EDX],8
   478 0000028E C7 42 64 00000008               	MOV	DWORD [100+EDX],8
   479 00000295 C7 42 68 00000008               	MOV	DWORD [104+EDX],8
   480 0000029C C7 42 6C 00000008               	MOV	DWORD [108+EDX],8
   481 000002A3 8B 95 FFFFF92C                  	MOV	EDX,DWORD [-1748+EBP]
   482 000002A9 89 50 04                        	MOV	DWORD [4+EAX],EDX
   483 000002AC 8B 95 FFFFF910                  	MOV	EDX,DWORD [-1776+EBP]
   484 000002B2 8B 42 48                        	MOV	EAX,DWORD [72+EDX]
   485 000002B5 8B 95 FFFFF938                  	MOV	EDX,DWORD [-1736+EBP]
   486 000002BB 89 50 08                        	MOV	DWORD [8+EAX],EDX
   487 000002BE 6A 02                           	PUSH	2
   488 000002C0 6A 02                           	PUSH	2
   489 000002C2 FF B5 FFFFF910                  	PUSH	DWORD [-1776+EBP]
   490 000002C8 E8 [00000000]                   	CALL	_task_run
   491 000002CD 56                              	PUSH	ESI
   492 000002CE E8 [00000000]                   	CALL	_sheet_alloc
   493 000002D3 68 00002080                     	PUSH	8320
   494 000002D8 68 003C0000                     	PUSH	3932160
   495 000002DD 89 C7                           	MOV	EDI,EAX
   496 000002DF E8 [00000000]                   	CALL	_memman_alloc_4k
   497 000002E4 83 C4 20                        	ADD	ESP,32
   498 000002E7 6A FF                           	PUSH	-1
   499 000002E9 89 85 FFFFF928                  	MOV	DWORD [-1752+EBP],EAX
   500 000002EF 6A 34                           	PUSH	52
   501 000002F1 68 00000090                     	PUSH	144
   502 000002F6 50                              	PUSH	EAX
   503 000002F7 57                              	PUSH	EDI
   504 000002F8 E8 [00000000]                   	CALL	_sheet_setbuf
   505 000002FD 6A 01                           	PUSH	1
   506 000002FF 68 [00000108]                   	PUSH	LC1
   507 00000304 6A 34                           	PUSH	52
   508 00000306 68 00000090                     	PUSH	144
   509 0000030B FF B5 FFFFF928                  	PUSH	DWORD [-1752+EBP]
   510 00000311 E8 [00000000]                   	CALL	_make_window8
   511 00000316 83 C4 28                        	ADD	ESP,40
   512 00000319 6A 07                           	PUSH	7
   513 0000031B 6A 10                           	PUSH	16
   514 0000031D 68 00000080                     	PUSH	128
   515 00000322 6A 1C                           	PUSH	28
   516 00000324 6A 08                           	PUSH	8
   517 00000326 57                              	PUSH	EDI
   518 00000327 E8 [00000000]                   	CALL	_make_textbox8
   519 0000032C C7 85 FFFFF91C 00000008         	MOV	DWORD [-1764+EBP],8
   520 00000336 C7 85 FFFFF918 00000007         	MOV	DWORD [-1768+EBP],7
   521 00000340 E8 [00000000]                   	CALL	_timer_alloc
   522 00000345 6A 01                           	PUSH	1
   523 00000347 89 85 FFFFF920                  	MOV	DWORD [-1760+EBP],EAX
   524 0000034D 8D 85 FFFFFCD4                  	LEA	EAX,DWORD [-812+EBP]
   525 00000353 50                              	PUSH	EAX
   526 00000354 FF B5 FFFFF920                  	PUSH	DWORD [-1760+EBP]
   527 0000035A E8 [00000000]                   	CALL	_timer_init
   528 0000035F 83 C4 24                        	ADD	ESP,36
   529 00000362 6A 32                           	PUSH	50
   530 00000364 FF B5 FFFFF920                  	PUSH	DWORD [-1760+EBP]
   531 0000036A E8 [00000000]                   	CALL	_timer_settime
   532 0000036F 56                              	PUSH	ESI
   533 00000370 E8 [00000000]                   	CALL	_sheet_alloc
   534 00000375 6A 63                           	PUSH	99
   535 00000377 6A 10                           	PUSH	16
   536 00000379 6A 10                           	PUSH	16
   537 0000037B 89 85 FFFFF930                  	MOV	DWORD [-1744+EBP],EAX
   538 00000381 53                              	PUSH	EBX
   539 00000382 50                              	PUSH	EAX
   540 00000383 E8 [00000000]                   	CALL	_sheet_setbuf
   541 00000388 83 C4 20                        	ADD	ESP,32
   542 0000038B 6A 63                           	PUSH	99
   543 0000038D 53                              	PUSH	EBX
   544 0000038E BB 00000002                     	MOV	EBX,2
   545 00000393 E8 [00000000]                   	CALL	_init_mouse_cursor8
   546 00000398 0F BF 05 00000FF4               	MOVSX	EAX,WORD [4084]
   547 0000039F 8D 48 F0                        	LEA	ECX,DWORD [-16+EAX]
   548 000003A2 89 C8                           	MOV	EAX,ECX
   549 000003A4 99                              	CDQ
   550 000003A5 F7 FB                           	IDIV	EBX
   551 000003A7 89 85 FFFFF940                  	MOV	DWORD [-1728+EBP],EAX
   552 000003AD 0F BF 05 00000FF6               	MOVSX	EAX,WORD [4086]
   553 000003B4 6A 00                           	PUSH	0
   554 000003B6 8D 48 D4                        	LEA	ECX,DWORD [-44+EAX]
   555 000003B9 6A 00                           	PUSH	0
   556 000003BB 89 C8                           	MOV	EAX,ECX
   557 000003BD 99                              	CDQ
   558 000003BE F7 FB                           	IDIV	EBX
   559 000003C0 FF B5 FFFFF934                  	PUSH	DWORD [-1740+EBP]
   560 000003C6 89 85 FFFFF93C                  	MOV	DWORD [-1732+EBP],EAX
   561 000003CC E8 [00000000]                   	CALL	_sheet_slide
   562 000003D1 6A 04                           	PUSH	4
   563 000003D3 6A 20                           	PUSH	32
   564 000003D5 FF B5 FFFFF92C                  	PUSH	DWORD [-1748+EBP]
   565 000003DB E8 [00000000]                   	CALL	_sheet_slide
   566 000003E0 83 C4 20                        	ADD	ESP,32
   567 000003E3 6A 38                           	PUSH	56
   568 000003E5 6A 40                           	PUSH	64
   569 000003E7 57                              	PUSH	EDI
   570 000003E8 E8 [00000000]                   	CALL	_sheet_slide
   571 000003ED FF B5 FFFFF93C                  	PUSH	DWORD [-1732+EBP]
   572 000003F3 FF B5 FFFFF940                  	PUSH	DWORD [-1728+EBP]
   573 000003F9 FF B5 FFFFF930                  	PUSH	DWORD [-1744+EBP]
   574 000003FF E8 [00000000]                   	CALL	_sheet_slide
   575 00000404 6A 00                           	PUSH	0
   576 00000406 FF B5 FFFFF934                  	PUSH	DWORD [-1740+EBP]
   577 0000040C E8 [00000000]                   	CALL	_sheet_updown
   578 00000411 83 C4 20                        	ADD	ESP,32
   579 00000414 6A 01                           	PUSH	1
   580 00000416 FF B5 FFFFF92C                  	PUSH	DWORD [-1748+EBP]
   581 0000041C E8 [00000000]                   	CALL	_sheet_updown
   582 00000421 6A 02                           	PUSH	2
   583 00000423 57                              	PUSH	EDI
   584 00000424 E8 [00000000]                   	CALL	_sheet_updown
   585 00000429 6A 03                           	PUSH	3
   586 0000042B FF B5 FFFFF930                  	PUSH	DWORD [-1744+EBP]
   587 00000431 E8 [00000000]                   	CALL	_sheet_updown
   588 00000436 8D 95 FFFFFCB4                  	LEA	EDX,DWORD [-844+EBP]
   589 0000043C 68 000000ED                     	PUSH	237
   590 00000441 52                              	PUSH	EDX
   591 00000442 E8 [00000000]                   	CALL	_fifo32_put
   592 00000447 8D 85 FFFFFCB4                  	LEA	EAX,DWORD [-844+EBP]
   593 0000044D 83 C4 20                        	ADD	ESP,32
   594 00000450 FF B5 FFFFF904                  	PUSH	DWORD [-1788+EBP]
   595 00000456 50                              	PUSH	EAX
   596 00000457 E8 [00000000]                   	CALL	_fifo32_put
   597 0000045C 59                              	POP	ECX
   598 0000045D 5B                              	POP	EBX
   599 0000045E                                 L2:
   600 0000045E 8D 9D FFFFFCB4                  	LEA	EBX,DWORD [-844+EBP]
   601 00000464 53                              	PUSH	EBX
   602 00000465 E8 [00000000]                   	CALL	_fifo32_status
   603 0000046A 5A                              	POP	EDX
   604 0000046B 85 C0                           	TEST	EAX,EAX
   605 0000046D 7E 0D                           	JLE	L5
   606 0000046F 83 BD FFFFF900 00               	CMP	DWORD [-1792+EBP],0
   607 00000476 0F 88 00000680                  	JS	L58
   608 0000047C                                 L5:
   609 0000047C 8D 9D FFFFFCD4                  	LEA	EBX,DWORD [-812+EBP]
   610 00000482 E8 [00000000]                   	CALL	_io_cli
   611 00000487 53                              	PUSH	EBX
   612 00000488 E8 [00000000]                   	CALL	_fifo32_status
   613 0000048D 5E                              	POP	ESI
   614 0000048E 85 C0                           	TEST	EAX,EAX
   615 00000490 0F 84 00000650                  	JE	L59
   616 00000496 53                              	PUSH	EBX
   617 00000497 E8 [00000000]                   	CALL	_fifo32_get
   618 0000049C 89 C6                           	MOV	ESI,EAX
   619 0000049E E8 [00000000]                   	CALL	_io_sti
   620 000004A3 59                              	POP	ECX
   621 000004A4 8D 86 FFFFFF00                  	LEA	EAX,DWORD [-256+ESI]
   622 000004AA 3D 000000FF                     	CMP	EAX,255
   623 000004AF 0F 86 000001AC                  	JBE	L60
   624 000004B5 8D 86 FFFFFE00                  	LEA	EAX,DWORD [-512+ESI]
   625 000004BB 3D 000000FF                     	CMP	EAX,255
   626 000004C0 0F 86 000000C2                  	JBE	L61
   627 000004C6 83 FE 01                        	CMP	ESI,1
   628 000004C9 7F 93                           	JG	L2
   629 000004CB 85 F6                           	TEST	ESI,ESI
   630 000004CD 0F 84 00000088                  	JE	L51
   631 000004D3 6A 00                           	PUSH	0
   632 000004D5 53                              	PUSH	EBX
   633 000004D6 FF B5 FFFFF920                  	PUSH	DWORD [-1760+EBP]
   634 000004DC E8 [00000000]                   	CALL	_timer_init
   635 000004E1 83 C4 0C                        	ADD	ESP,12
   636 000004E4 83 BD FFFFF918 00               	CMP	DWORD [-1768+EBP],0
   637 000004EB 78 0A                           	JS	L53
   638 000004ED C7 85 FFFFF918 00000000         	MOV	DWORD [-1768+EBP],0
   639 000004F7                                 L53:
   640 000004F7 6A 32                           	PUSH	50
   641 000004F9 FF B5 FFFFF920                  	PUSH	DWORD [-1760+EBP]
   642 000004FF E8 [00000000]                   	CALL	_timer_settime
   643 00000504 58                              	POP	EAX
   644 00000505 5A                              	POP	EDX
   645 00000506 83 BD FFFFF918 00               	CMP	DWORD [-1768+EBP],0
   646 0000050D 0F 88 FFFFFF4B                  	JS	L2
   647 00000513 8B 85 FFFFF91C                  	MOV	EAX,DWORD [-1764+EBP]
   648 00000519 6A 2B                           	PUSH	43
   649 0000051B 83 C0 07                        	ADD	EAX,7
   650 0000051E 50                              	PUSH	EAX
   651 0000051F 6A 1C                           	PUSH	28
   652 00000521 FF B5 FFFFF91C                  	PUSH	DWORD [-1764+EBP]
   653 00000527 0F B6 85 FFFFF918               	MOVZX	EAX,BYTE [-1768+EBP]
   654 0000052E 50                              	PUSH	EAX
   655 0000052F FF 77 04                        	PUSH	DWORD [4+EDI]
   656 00000532 FF 37                           	PUSH	DWORD [EDI]
   657 00000534 E8 [00000000]                   	CALL	_boxfill8
   658 00000539 8B 85 FFFFF91C                  	MOV	EAX,DWORD [-1764+EBP]
   659 0000053F 6A 2C                           	PUSH	44
   660 00000541 83 C0 08                        	ADD	EAX,8
   661 00000544 50                              	PUSH	EAX
   662 00000545 6A 1C                           	PUSH	28
   663 00000547 FF B5 FFFFF91C                  	PUSH	DWORD [-1764+EBP]
   664 0000054D 57                              	PUSH	EDI
   665 0000054E E8 [00000000]                   	CALL	_sheet_refresh
   666 00000553 83 C4 30                        	ADD	ESP,48
   667 00000556 E9 FFFFFF03                     	JMP	L2
   668 0000055B                                 L51:
   669 0000055B 6A 01                           	PUSH	1
   670 0000055D 53                              	PUSH	EBX
   671 0000055E FF B5 FFFFF920                  	PUSH	DWORD [-1760+EBP]
   672 00000564 E8 [00000000]                   	CALL	_timer_init
   673 00000569 83 C4 0C                        	ADD	ESP,12
   674 0000056C 83 BD FFFFF918 00               	CMP	DWORD [-1768+EBP],0
   675 00000573 0F 88 FFFFFF7E                  	JS	L53
   676 00000579 C7 85 FFFFF918 00000007         	MOV	DWORD [-1768+EBP],7
   677 00000583 E9 FFFFFF6F                     	JMP	L53
   678 00000588                                 L61:
   679 00000588 89 F2                           	MOV	EDX,ESI
   680 0000058A 0F B6 C2                        	MOVZX	EAX,DL
   681 0000058D 50                              	PUSH	EAX
   682 0000058E 8D 85 FFFFFE04                  	LEA	EAX,DWORD [-508+EBP]
   683 00000594 50                              	PUSH	EAX
   684 00000595 E8 [00000000]                   	CALL	_mouse_decode
   685 0000059A 59                              	POP	ECX
   686 0000059B 5B                              	POP	EBX
   687 0000059C 85 C0                           	TEST	EAX,EAX
   688 0000059E 0F 84 FFFFFEBA                  	JE	L2
   689 000005A4 8B 85 FFFFFE0C                  	MOV	EAX,DWORD [-500+EBP]
   690 000005AA 8B 95 FFFFFE08                  	MOV	EDX,DWORD [-504+EBP]
   691 000005B0 01 85 FFFFF93C                  	ADD	DWORD [-1732+EBP],EAX
   692 000005B6 01 95 FFFFF940                  	ADD	DWORD [-1728+EBP],EDX
   693 000005BC 0F 88 00000090                  	JS	L62
   694 000005C2                                 L44:
   695 000005C2 83 BD FFFFF93C 00               	CMP	DWORD [-1732+EBP],0
   696 000005C9 78 78                           	JS	L63
   697 000005CB                                 L45:
   698 000005CB 0F BF 05 00000FF4               	MOVSX	EAX,WORD [4084]
   699 000005D2 48                              	DEC	EAX
   700 000005D3 39 85 FFFFF940                  	CMP	DWORD [-1728+EBP],EAX
   701 000005D9 7E 06                           	JLE	L46
   702 000005DB 89 85 FFFFF940                  	MOV	DWORD [-1728+EBP],EAX
   703 000005E1                                 L46:
   704 000005E1 0F BF 05 00000FF6               	MOVSX	EAX,WORD [4086]
   705 000005E8 48                              	DEC	EAX
   706 000005E9 39 85 FFFFF93C                  	CMP	DWORD [-1732+EBP],EAX
   707 000005EF 7E 06                           	JLE	L47
   708 000005F1 89 85 FFFFF93C                  	MOV	DWORD [-1732+EBP],EAX
   709 000005F7                                 L47:
   710 000005F7 FF B5 FFFFF93C                  	PUSH	DWORD [-1732+EBP]
   711 000005FD FF B5 FFFFF940                  	PUSH	DWORD [-1728+EBP]
   712 00000603 FF B5 FFFFF930                  	PUSH	DWORD [-1744+EBP]
   713 00000609 E8 [00000000]                   	CALL	_sheet_slide
   714 0000060E 83 C4 0C                        	ADD	ESP,12
   715 00000611 F7 85 FFFFFE10 00000001         	TEST	DWORD [-496+EBP],1
   716 0000061B 0F 84 FFFFFE3D                  	JE	L2
   717 00000621 8B 85 FFFFF93C                  	MOV	EAX,DWORD [-1732+EBP]
   718 00000627 83 E8 50                        	SUB	EAX,80
   719 0000062A 50                              	PUSH	EAX
   720 0000062B 8B 85 FFFFF940                  	MOV	EAX,DWORD [-1728+EBP]
   721 00000631 83 E8 50                        	SUB	EAX,80
   722 00000634 50                              	PUSH	EAX
   723 00000635 57                              	PUSH	EDI
   724 00000636 E8 [00000000]                   	CALL	_sheet_slide
   725 0000063B 83 C4 0C                        	ADD	ESP,12
   726 0000063E E9 FFFFFE1B                     	JMP	L2
   727 00000643                                 L63:
   728 00000643 C7 85 FFFFF93C 00000000         	MOV	DWORD [-1732+EBP],0
   729 0000064D E9 FFFFFF79                     	JMP	L45
   730 00000652                                 L62:
   731 00000652 C7 85 FFFFF940 00000000         	MOV	DWORD [-1728+EBP],0
   732 0000065C E9 FFFFFF61                     	JMP	L44
   733 00000661                                 L60:
   734 00000661 81 FE 0000017F                  	CMP	ESI,383
   735 00000667 0F 8F 00000470                  	JG	L9
   736 0000066D 83 BD FFFFF908 00               	CMP	DWORD [-1784+EBP],0
   737 00000674 0F 85 00000458                  	JNE	L10
   738 0000067A 8A 86 [FFFFFF00]                	MOV	AL,BYTE [_keytable0.0-256+ESI]
   739 00000680                                 L57:
   740 00000680 88 45 C4                        	MOV	BYTE [-60+EBP],AL
   741 00000683                                 L12:
   742 00000683 8A 55 C4                        	MOV	DL,BYTE [-60+EBP]
   743 00000686 8D 42 BF                        	LEA	EAX,DWORD [-65+EDX]
   744 00000689 3C 19                           	CMP	AL,25
   745 0000068B 77 1D                           	JA	L13
   746 0000068D F7 85 FFFFF904 00000004         	TEST	DWORD [-1788+EBP],4
   747 00000697 0F 85 00000426                  	JNE	L56
   748 0000069D 83 BD FFFFF908 00               	CMP	DWORD [-1784+EBP],0
   749 000006A4 0F 84 0000040E                  	JE	L15
   750 000006AA                                 L13:
   751 000006AA 8A 45 C4                        	MOV	AL,BYTE [-60+EBP]
   752 000006AD 84 C0                           	TEST	AL,AL
   753 000006AF 74 3C                           	JE	L17
   754 000006B1 83 BD FFFFF90C 00               	CMP	DWORD [-1780+EBP],0
   755 000006B8 0F 85 000003DB                  	JNE	L18
   756 000006BE 83 BD FFFFF91C 7F               	CMP	DWORD [-1764+EBP],127
   757 000006C5 7F 26                           	JG	L17
   758 000006C7 6A 01                           	PUSH	1
   759 000006C9 8D 45 C4                        	LEA	EAX,DWORD [-60+EBP]
   760 000006CC 50                              	PUSH	EAX
   761 000006CD 6A 07                           	PUSH	7
   762 000006CF 6A 00                           	PUSH	0
   763 000006D1 6A 1C                           	PUSH	28
   764 000006D3 FF B5 FFFFF91C                  	PUSH	DWORD [-1764+EBP]
   765 000006D9 57                              	PUSH	EDI
   766 000006DA C6 45 C5 00                     	MOV	BYTE [-59+EBP],0
   767 000006DE E8 [00000000]                   	CALL	_putfonts8_asc_sht
   768 000006E3 83 C4 1C                        	ADD	ESP,28
   769 000006E6 83 85 FFFFF91C 08               	ADD	DWORD [-1764+EBP],8
   770 000006ED                                 L17:
   771 000006ED 81 FE 0000010E                  	CMP	ESI,270
   772 000006F3 0F 84 00000347                  	JE	L64
   773 000006F9                                 L21:
   774 000006F9 81 FE 0000011C                  	CMP	ESI,284
   775 000006FF 0F 84 00000313                  	JE	L65
   776 00000705                                 L25:
   777 00000705 81 FE 0000010F                  	CMP	ESI,271
   778 0000070B 0F 84 000001F4                  	JE	L66
   779 00000711                                 L27:
   780 00000711 81 FE 0000012A                  	CMP	ESI,298
   781 00000717 0F 84 000001DC                  	JE	L67
   782 0000071D                                 L30:
   783 0000071D 81 FE 00000136                  	CMP	ESI,310
   784 00000723 0F 84 000001C4                  	JE	L68
   785 00000729                                 L31:
   786 00000729 81 FE 000001AA                  	CMP	ESI,426
   787 0000072F 0F 84 000001AC                  	JE	L69
   788 00000735                                 L32:
   789 00000735 81 FE 000001B6                  	CMP	ESI,438
   790 0000073B 0F 84 00000194                  	JE	L70
   791 00000741                                 L33:
   792 00000741 81 FE 0000013A                  	CMP	ESI,314
   793 00000747 0F 84 0000015C                  	JE	L71
   794 0000074D                                 L34:
   795 0000074D 81 FE 00000145                  	CMP	ESI,325
   796 00000753 0F 84 00000124                  	JE	L72
   797 00000759                                 L35:
   798 00000759 81 FE 00000146                  	CMP	ESI,326
   799 0000075F 0F 84 000000EC                  	JE	L73
   800 00000765                                 L36:
   801 00000765 81 FE 00000138                  	CMP	ESI,312
   802 0000076B 0F 84 00000089                  	JE	L74
   803 00000771                                 L37:
   804 00000771 81 FE 000001FA                  	CMP	ESI,506
   805 00000777 74 72                           	JE	L75
   806 00000779                                 L38:
   807 00000779 81 FE 000001FE                  	CMP	ESI,510
   808 0000077F 74 54                           	JE	L76
   809 00000781                                 L39:
   810 00000781 83 BD FFFFF918 00               	CMP	DWORD [-1768+EBP],0
   811 00000788 78 29                           	JS	L40
   812 0000078A 8B 85 FFFFF91C                  	MOV	EAX,DWORD [-1764+EBP]
   813 00000790 6A 2B                           	PUSH	43
   814 00000792 83 C0 07                        	ADD	EAX,7
   815 00000795 50                              	PUSH	EAX
   816 00000796 6A 1C                           	PUSH	28
   817 00000798 FF B5 FFFFF91C                  	PUSH	DWORD [-1764+EBP]
   818 0000079E 0F B6 85 FFFFF918               	MOVZX	EAX,BYTE [-1768+EBP]
   819 000007A5 50                              	PUSH	EAX
   820 000007A6 FF 77 04                        	PUSH	DWORD [4+EDI]
   821 000007A9 FF 37                           	PUSH	DWORD [EDI]
   822 000007AB E8 [00000000]                   	CALL	_boxfill8
   823 000007B0 83 C4 1C                        	ADD	ESP,28
   824 000007B3                                 L40:
   825 000007B3 8B 85 FFFFF91C                  	MOV	EAX,DWORD [-1764+EBP]
   826 000007B9 6A 2C                           	PUSH	44
   827 000007BB 83 C0 08                        	ADD	EAX,8
   828 000007BE 50                              	PUSH	EAX
   829 000007BF 6A 1C                           	PUSH	28
   830 000007C1 FF B5 FFFFF91C                  	PUSH	DWORD [-1764+EBP]
   831 000007C7 57                              	PUSH	EDI
   832 000007C8 E8 [00000000]                   	CALL	_sheet_refresh
   833 000007CD 83 C4 14                        	ADD	ESP,20
   834 000007D0 E9 FFFFFC89                     	JMP	L2
   835 000007D5                                 L76:
   836 000007D5 E8 [00000000]                   	CALL	_wait_KBC_sendready
   837 000007DA FF B5 FFFFF900                  	PUSH	DWORD [-1792+EBP]
   838 000007E0 6A 60                           	PUSH	96
   839 000007E2 E8 [00000000]                   	CALL	_io_out8
   840 000007E7 5E                              	POP	ESI
   841 000007E8 58                              	POP	EAX
   842 000007E9 EB 96                           	JMP	L39
   843 000007EB                                 L75:
   844 000007EB C7 85 FFFFF900 FFFFFFFF         	MOV	DWORD [-1792+EBP],-1
   845 000007F5 E9 FFFFFF7F                     	JMP	L38
   846 000007FA                                 L74:
   847 000007FA 83 BD FFFFF908 00               	CMP	DWORD [-1784+EBP],0
   848 00000801 0F 84 FFFFFF6A                  	JE	L37
   849 00000807 8B 85 FFFFF910                  	MOV	EAX,DWORD [-1776+EBP]
   850 0000080D 83 78 18 00                     	CMP	DWORD [24+EAX],0
   851 00000811 0F 84 FFFFFF5A                  	JE	L37
   852 00000817 68 [0000010F]                   	PUSH	LC5
   853 0000081C FF 35 00000FEC                  	PUSH	DWORD [4076]
   854 00000822 E8 [00000000]                   	CALL	_console_putstr0
   855 00000827 E8 [00000000]                   	CALL	_io_cli
   856 0000082C 8B 95 FFFFF910                  	MOV	EDX,DWORD [-1776+EBP]
   857 00000832 8B 85 FFFFF910                  	MOV	EAX,DWORD [-1776+EBP]
   858 00000838 83 C0 14                        	ADD	EAX,20
   859 0000083B 89 42 38                        	MOV	DWORD [56+EDX],EAX
   860 0000083E C7 42 30 [00000000]             	MOV	DWORD [48+EDX],_asm_end_app
   861 00000845 E8 [00000000]                   	CALL	_io_sti
   862 0000084A 58                              	POP	EAX
   863 0000084B 5A                              	POP	EDX
   864 0000084C E9 FFFFFF20                     	JMP	L37
   865 00000851                                 L73:
   866 00000851 68 000000ED                     	PUSH	237
   867 00000856 8D 9D FFFFFCB4                  	LEA	EBX,DWORD [-844+EBP]
   868 0000085C 53                              	PUSH	EBX
   869 0000085D 83 B5 FFFFF904 01               	XOR	DWORD [-1788+EBP],1
   870 00000864 E8 [00000000]                   	CALL	_fifo32_put
   871 00000869 FF B5 FFFFF904                  	PUSH	DWORD [-1788+EBP]
   872 0000086F 53                              	PUSH	EBX
   873 00000870 E8 [00000000]                   	CALL	_fifo32_put
   874 00000875 83 C4 10                        	ADD	ESP,16
   875 00000878 E9 FFFFFEE8                     	JMP	L36
   876 0000087D                                 L72:
   877 0000087D 68 000000ED                     	PUSH	237
   878 00000882 8D 9D FFFFFCB4                  	LEA	EBX,DWORD [-844+EBP]
   879 00000888 53                              	PUSH	EBX
   880 00000889 83 B5 FFFFF904 02               	XOR	DWORD [-1788+EBP],2
   881 00000890 E8 [00000000]                   	CALL	_fifo32_put
   882 00000895 FF B5 FFFFF904                  	PUSH	DWORD [-1788+EBP]
   883 0000089B 53                              	PUSH	EBX
   884 0000089C E8 [00000000]                   	CALL	_fifo32_put
   885 000008A1 83 C4 10                        	ADD	ESP,16
   886 000008A4 E9 FFFFFEB0                     	JMP	L35
   887 000008A9                                 L71:
   888 000008A9 68 000000ED                     	PUSH	237
   889 000008AE 8D 9D FFFFFCB4                  	LEA	EBX,DWORD [-844+EBP]
   890 000008B4 53                              	PUSH	EBX
   891 000008B5 83 B5 FFFFF904 04               	XOR	DWORD [-1788+EBP],4
   892 000008BC E8 [00000000]                   	CALL	_fifo32_put
   893 000008C1 FF B5 FFFFF904                  	PUSH	DWORD [-1788+EBP]
   894 000008C7 53                              	PUSH	EBX
   895 000008C8 E8 [00000000]                   	CALL	_fifo32_put
   896 000008CD 83 C4 10                        	ADD	ESP,16
   897 000008D0 E9 FFFFFE78                     	JMP	L34
   898 000008D5                                 L70:
   899 000008D5 83 A5 FFFFF908 FD               	AND	DWORD [-1784+EBP],-3
   900 000008DC E9 FFFFFE60                     	JMP	L33
   901 000008E1                                 L69:
   902 000008E1 83 A5 FFFFF908 FE               	AND	DWORD [-1784+EBP],-2
   903 000008E8 E9 FFFFFE48                     	JMP	L32
   904 000008ED                                 L68:
   905 000008ED 83 8D FFFFF908 02               	OR	DWORD [-1784+EBP],2
   906 000008F4 E9 FFFFFE30                     	JMP	L31
   907 000008F9                                 L67:
   908 000008F9 83 8D FFFFF908 01               	OR	DWORD [-1784+EBP],1
   909 00000900 E9 FFFFFE18                     	JMP	L30
   910 00000905                                 L66:
   911 00000905 83 BD FFFFF90C 00               	CMP	DWORD [-1780+EBP],0
   912 0000090C 0F 85 000000A7                  	JNE	L28
   913 00000912 6A 00                           	PUSH	0
   914 00000914 68 [00000126]                   	PUSH	LC3
   915 00000919 FF 77 04                        	PUSH	DWORD [4+EDI]
   916 0000091C FF B5 FFFFF928                  	PUSH	DWORD [-1752+EBP]
   917 00000922 C7 85 FFFFF90C 00000001         	MOV	DWORD [-1780+EBP],1
   918 0000092C E8 [00000000]                   	CALL	_make_window_title
   919 00000931 8B 95 FFFFF92C                  	MOV	EDX,DWORD [-1748+EBP]
   920 00000937 6A 01                           	PUSH	1
   921 00000939 68 [0000012D]                   	PUSH	LC4
   922 0000093E FF 72 04                        	PUSH	DWORD [4+EDX]
   923 00000941 FF B5 FFFFF924                  	PUSH	DWORD [-1756+EBP]
   924 00000947 E8 [00000000]                   	CALL	_make_window_title
   925 0000094C 8B 85 FFFFF91C                  	MOV	EAX,DWORD [-1764+EBP]
   926 00000952 83 C4 20                        	ADD	ESP,32
   927 00000955 83 C0 07                        	ADD	EAX,7
   928 00000958 C7 85 FFFFF918 FFFFFFFF         	MOV	DWORD [-1768+EBP],-1
   929 00000962 6A 2B                           	PUSH	43
   930 00000964 50                              	PUSH	EAX
   931 00000965 6A 1C                           	PUSH	28
   932 00000967 FF B5 FFFFF91C                  	PUSH	DWORD [-1764+EBP]
   933 0000096D 6A 07                           	PUSH	7
   934 0000096F FF 77 04                        	PUSH	DWORD [4+EDI]
   935 00000972 FF 37                           	PUSH	DWORD [EDI]
   936 00000974 E8 [00000000]                   	CALL	_boxfill8
   937 00000979 8B 85 FFFFF910                  	MOV	EAX,DWORD [-1776+EBP]
   938 0000097F 6A 02                           	PUSH	2
   939 00000981 83 C0 78                        	ADD	EAX,120
   940 00000984 50                              	PUSH	EAX
   941 00000985 E8 [00000000]                   	CALL	_fifo32_put
   942 0000098A 83 C4 24                        	ADD	ESP,36
   943 0000098D                                 L29:
   944 0000098D 6A 15                           	PUSH	21
   945 0000098F FF 77 04                        	PUSH	DWORD [4+EDI]
   946 00000992 6A 00                           	PUSH	0
   947 00000994 6A 00                           	PUSH	0
   948 00000996 57                              	PUSH	EDI
   949 00000997 E8 [00000000]                   	CALL	_sheet_refresh
   950 0000099C 8B 95 FFFFF92C                  	MOV	EDX,DWORD [-1748+EBP]
   951 000009A2 6A 15                           	PUSH	21
   952 000009A4 FF 72 04                        	PUSH	DWORD [4+EDX]
   953 000009A7 6A 00                           	PUSH	0
   954 000009A9 6A 00                           	PUSH	0
   955 000009AB 52                              	PUSH	EDX
   956 000009AC E8 [00000000]                   	CALL	_sheet_refresh
   957 000009B1 83 C4 28                        	ADD	ESP,40
   958 000009B4 E9 FFFFFD58                     	JMP	L27
   959 000009B9                                 L28:
   960 000009B9 6A 01                           	PUSH	1
   961 000009BB 68 [00000126]                   	PUSH	LC3
   962 000009C0 FF 77 04                        	PUSH	DWORD [4+EDI]
   963 000009C3 FF B5 FFFFF928                  	PUSH	DWORD [-1752+EBP]
   964 000009C9 C7 85 FFFFF90C 00000000         	MOV	DWORD [-1780+EBP],0
   965 000009D3 E8 [00000000]                   	CALL	_make_window_title
   966 000009D8 8B 85 FFFFF92C                  	MOV	EAX,DWORD [-1748+EBP]
   967 000009DE 6A 00                           	PUSH	0
   968 000009E0 68 [0000012D]                   	PUSH	LC4
   969 000009E5 FF 70 04                        	PUSH	DWORD [4+EAX]
   970 000009E8 FF B5 FFFFF924                  	PUSH	DWORD [-1756+EBP]
   971 000009EE E8 [00000000]                   	CALL	_make_window_title
   972 000009F3 8B 85 FFFFF910                  	MOV	EAX,DWORD [-1776+EBP]
   973 000009F9 83 C4 20                        	ADD	ESP,32
   974 000009FC 83 C0 78                        	ADD	EAX,120
   975 000009FF C7 85 FFFFF918 00000000         	MOV	DWORD [-1768+EBP],0
   976 00000A09 6A 03                           	PUSH	3
   977 00000A0B 50                              	PUSH	EAX
   978 00000A0C E8 [00000000]                   	CALL	_fifo32_put
   979 00000A11 59                              	POP	ECX
   980 00000A12 5B                              	POP	EBX
   981 00000A13 E9 FFFFFF75                     	JMP	L29
   982 00000A18                                 L65:
   983 00000A18 83 BD FFFFF90C 00               	CMP	DWORD [-1780+EBP],0
   984 00000A1F 0F 84 FFFFFCE0                  	JE	L25
   985 00000A25 8B 85 FFFFF910                  	MOV	EAX,DWORD [-1776+EBP]
   986 00000A2B 68 0000010A                     	PUSH	266
   987 00000A30 83 C0 78                        	ADD	EAX,120
   988 00000A33 50                              	PUSH	EAX
   989 00000A34 E8 [00000000]                   	CALL	_fifo32_put
   990 00000A39 58                              	POP	EAX
   991 00000A3A 5A                              	POP	EDX
   992 00000A3B E9 FFFFFCC5                     	JMP	L25
   993 00000A40                                 L64:
   994 00000A40 83 BD FFFFF90C 00               	CMP	DWORD [-1780+EBP],0
   995 00000A47 75 35                           	JNE	L22
   996 00000A49 83 BD FFFFF91C 08               	CMP	DWORD [-1764+EBP],8
   997 00000A50 0F 8E FFFFFCA3                  	JLE	L21
   998 00000A56 6A 01                           	PUSH	1
   999 00000A58 68 [00000135]                   	PUSH	LC2
  1000 00000A5D 6A 07                           	PUSH	7
  1001 00000A5F 6A 00                           	PUSH	0
  1002 00000A61 6A 1C                           	PUSH	28
  1003 00000A63 FF B5 FFFFF91C                  	PUSH	DWORD [-1764+EBP]
  1004 00000A69 57                              	PUSH	EDI
  1005 00000A6A E8 [00000000]                   	CALL	_putfonts8_asc_sht
  1006 00000A6F 83 C4 1C                        	ADD	ESP,28
  1007 00000A72 83 AD FFFFF91C 08               	SUB	DWORD [-1764+EBP],8
  1008 00000A79 E9 FFFFFC7B                     	JMP	L21
  1009 00000A7E                                 L22:
  1010 00000A7E 8B 85 FFFFF910                  	MOV	EAX,DWORD [-1776+EBP]
  1011 00000A84 68 00000108                     	PUSH	264
  1012 00000A89 83 C0 78                        	ADD	EAX,120
  1013 00000A8C 50                              	PUSH	EAX
  1014 00000A8D E8 [00000000]                   	CALL	_fifo32_put
  1015 00000A92 59                              	POP	ECX
  1016 00000A93 5B                              	POP	EBX
  1017 00000A94 E9 FFFFFC60                     	JMP	L21
  1018 00000A99                                 L18:
  1019 00000A99 0F BE C0                        	MOVSX	EAX,AL
  1020 00000A9C 05 00000100                     	ADD	EAX,256
  1021 00000AA1 50                              	PUSH	EAX
  1022 00000AA2 8B 85 FFFFF910                  	MOV	EAX,DWORD [-1776+EBP]
  1023 00000AA8 83 C0 78                        	ADD	EAX,120
  1024 00000AAB 50                              	PUSH	EAX
  1025 00000AAC E8 [00000000]                   	CALL	_fifo32_put
  1026 00000AB1 58                              	POP	EAX
  1027 00000AB2 5A                              	POP	EDX
  1028 00000AB3 E9 FFFFFC35                     	JMP	L17
  1029 00000AB8                                 L15:
  1030 00000AB8 8D 42 20                        	LEA	EAX,DWORD [32+EDX]
  1031 00000ABB 88 45 C4                        	MOV	BYTE [-60+EBP],AL
  1032 00000ABE E9 FFFFFBE7                     	JMP	L13
  1033 00000AC3                                 L56:
  1034 00000AC3 83 BD FFFFF908 00               	CMP	DWORD [-1784+EBP],0
  1035 00000ACA 0F 84 FFFFFBDA                  	JE	L13
  1036 00000AD0 EB E6                           	JMP	L15
  1037 00000AD2                                 L10:
  1038 00000AD2 8A 86 [FFFFFF80]                	MOV	AL,BYTE [_keytable1.1-256+ESI]
  1039 00000AD8 E9 FFFFFBA3                     	JMP	L57
  1040 00000ADD                                 L9:
  1041 00000ADD C6 45 C4 00                     	MOV	BYTE [-60+EBP],0
  1042 00000AE1 E9 FFFFFB9D                     	JMP	L12
  1043 00000AE6                                 L59:
  1044 00000AE6 FF B5 FFFFF914                  	PUSH	DWORD [-1772+EBP]
  1045 00000AEC E8 [00000000]                   	CALL	_task_sleep
  1046 00000AF1 E8 [00000000]                   	CALL	_io_sti
  1047 00000AF6 5B                              	POP	EBX
  1048 00000AF7 E9 FFFFF962                     	JMP	L2
  1049 00000AFC                                 L58:
  1050 00000AFC 53                              	PUSH	EBX
  1051 00000AFD E8 [00000000]                   	CALL	_fifo32_get
  1052 00000B02 89 85 FFFFF900                  	MOV	DWORD [-1792+EBP],EAX
  1053 00000B08 E8 [00000000]                   	CALL	_wait_KBC_sendready
  1054 00000B0D FF B5 FFFFF900                  	PUSH	DWORD [-1792+EBP]
  1055 00000B13 6A 60                           	PUSH	96
  1056 00000B15 E8 [00000000]                   	CALL	_io_out8
  1057 00000B1A 83 C4 0C                        	ADD	ESP,12
  1058 00000B1D E9 FFFFF95A                     	JMP	L5
  1059                                          [SECTION .data]
  1060 00000137                                 LC6:
  1061 00000137 25 31 31 64 00                  	DB	"%11d",0x00
  1062                                          [SECTION .text]
  1063 00000B22                                 	GLOBAL	_task_b_main
  1064 00000B22                                 _task_b_main:
  1065 00000B22 55                              	PUSH	EBP
  1066 00000B23 89 E5                           	MOV	EBP,ESP
  1067 00000B25 57                              	PUSH	EDI
  1068 00000B26 56                              	PUSH	ESI
  1069 00000B27 31 FF                           	XOR	EDI,EDI
  1070 00000B29 53                              	PUSH	EBX
  1071 00000B2A 8D 85 FFFFFDD4                  	LEA	EAX,DWORD [-556+EBP]
  1072 00000B30 81 EC 00000234                  	SUB	ESP,564
  1073 00000B36 8D 5D D4                        	LEA	EBX,DWORD [-44+EBP]
  1074 00000B39 C7 85 FFFFFDC0 00000000         	MOV	DWORD [-576+EBP],0
  1075 00000B43 6A 00                           	PUSH	0
  1076 00000B45 50                              	PUSH	EAX
  1077 00000B46 68 00000080                     	PUSH	128
  1078 00000B4B 53                              	PUSH	EBX
  1079 00000B4C E8 [00000000]                   	CALL	_fifo32_init
  1080 00000B51 E8 [00000000]                   	CALL	_timer_alloc
  1081 00000B56 6A 64                           	PUSH	100
  1082 00000B58 53                              	PUSH	EBX
  1083 00000B59 89 C6                           	MOV	ESI,EAX
  1084 00000B5B 50                              	PUSH	EAX
  1085 00000B5C E8 [00000000]                   	CALL	_timer_init
  1086 00000B61 6A 64                           	PUSH	100
  1087 00000B63 56                              	PUSH	ESI
  1088 00000B64 E8 [00000000]                   	CALL	_timer_settime
  1089 00000B69 83 C4 24                        	ADD	ESP,36
  1090 00000B6C                                 L78:
  1091 00000B6C 8D 5D D4                        	LEA	EBX,DWORD [-44+EBP]
  1092 00000B6F E8 [00000000]                   	CALL	_io_cli
  1093 00000B74 53                              	PUSH	EBX
  1094 00000B75 47                              	INC	EDI
  1095 00000B76 E8 [00000000]                   	CALL	_fifo32_status
  1096 00000B7B 5A                              	POP	EDX
  1097 00000B7C 85 C0                           	TEST	EAX,EAX
  1098 00000B7E 74 55                           	JE	L84
  1099 00000B80 53                              	PUSH	EBX
  1100 00000B81 E8 [00000000]                   	CALL	_fifo32_get
  1101 00000B86 89 C3                           	MOV	EBX,EAX
  1102 00000B88 E8 [00000000]                   	CALL	_io_sti
  1103 00000B8D 59                              	POP	ECX
  1104 00000B8E 83 FB 64                        	CMP	EBX,100
  1105 00000B91 75 D9                           	JNE	L78
  1106 00000B93 89 F8                           	MOV	EAX,EDI
  1107 00000B95 8D 9D FFFFFDC4                  	LEA	EBX,DWORD [-572+EBP]
  1108 00000B9B 2B 85 FFFFFDC0                  	SUB	EAX,DWORD [-576+EBP]
  1109 00000BA1 50                              	PUSH	EAX
  1110 00000BA2 68 [00000137]                   	PUSH	LC6
  1111 00000BA7 53                              	PUSH	EBX
  1112 00000BA8 E8 [00000000]                   	CALL	_sprintf
  1113 00000BAD 6A 0B                           	PUSH	11
  1114 00000BAF 53                              	PUSH	EBX
  1115 00000BB0 6A 08                           	PUSH	8
  1116 00000BB2 6A 00                           	PUSH	0
  1117 00000BB4 6A 1C                           	PUSH	28
  1118 00000BB6 6A 18                           	PUSH	24
  1119 00000BB8 FF 75 08                        	PUSH	DWORD [8+EBP]
  1120 00000BBB E8 [00000000]                   	CALL	_putfonts8_asc_sht
  1121 00000BC0 83 C4 28                        	ADD	ESP,40
  1122 00000BC3 89 BD FFFFFDC0                  	MOV	DWORD [-576+EBP],EDI
  1123 00000BC9 6A 64                           	PUSH	100
  1124 00000BCB 56                              	PUSH	ESI
  1125 00000BCC E8 [00000000]                   	CALL	_timer_settime
  1126 00000BD1 58                              	POP	EAX
  1127 00000BD2 5A                              	POP	EDX
  1128 00000BD3 EB 97                           	JMP	L78
  1129 00000BD5                                 L84:
  1130 00000BD5 E8 [00000000]                   	CALL	_io_sti
  1131 00000BDA EB 90                           	JMP	L78
