     1 00000000                                 [FORMAT "WCOFF"]
     2 00000000                                 [INSTRSET "i486p"]
     3 00000000                                 [OPTIMIZE 1]
     4 00000000                                 [OPTION 1]
     5 00000000                                 [BITS 32]
     6 00000000                                 	EXTERN	_init_gdtidt
     7 00000000                                 	EXTERN	_init_pic
     8 00000000                                 	EXTERN	_io_sti
     9 00000000                                 	EXTERN	_fifo32_init
    10 00000000                                 	EXTERN	_init_pit
    11 00000000                                 	EXTERN	_init_keyboard
    12 00000000                                 	EXTERN	_enable_mouse
    13 00000000                                 	EXTERN	_io_out8
    14 00000000                                 	EXTERN	_timer_alloc
    15 00000000                                 	EXTERN	_timer_init
    16 00000000                                 	EXTERN	_timer_settime
    17 00000000                                 	EXTERN	_memtest
    18 00000000                                 	EXTERN	_memman_init
    19 00000000                                 	EXTERN	_memman_free
    20 00000000                                 	EXTERN	_init_palette
    21 00000000                                 	EXTERN	_shtctl_init
    22 00000000                                 	EXTERN	_sheet_alloc
    23 00000000                                 	EXTERN	_memman_alloc_4k
    24 00000000                                 	EXTERN	_sheet_setbuf
    25 00000000                                 	EXTERN	_init_screen8
    26 00000000                                 	EXTERN	_init_mouse_cursor8
    27 00000000                                 	EXTERN	_sheet_slide
    28 00000000                                 	EXTERN	_sheet_updown
    29 00000000                                 	EXTERN	_sprintf
    30 00000000                                 	EXTERN	_memman_total
    31 00000000                                 	EXTERN	_set_segmdesc
    32 00000000                                 	EXTERN	_load_tr
    33 00000000                                 	EXTERN	_mt_init
    34 00000000                                 	EXTERN	_io_cli
    35 00000000                                 	EXTERN	_fifo32_status
    36 00000000                                 	EXTERN	_fifo32_get
    37 00000000                                 	EXTERN	_boxfill8
    38 00000000                                 	EXTERN	_sheet_refresh
    39 00000000                                 	EXTERN	_mouse_decode
    40 00000000                                 	EXTERN	_keytable.0
    41 00000000                                 	EXTERN	_io_stihlt
    42 00000000                                 	EXTERN	_putfonts8_asc
    43 00000000                                 [FILE "bootpack.c"]
    44                                          [SECTION .data]
    45 00000000                                 _keytable.0:
    46 00000000 00                              	DB	0
    47 00000001 00                              	DB	0
    48 00000002 31                              	DB	49
    49 00000003 32                              	DB	50
    50 00000004 33                              	DB	51
    51 00000005 34                              	DB	52
    52 00000006 35                              	DB	53
    53 00000007 36                              	DB	54
    54 00000008 37                              	DB	55
    55 00000009 38                              	DB	56
    56 0000000A 39                              	DB	57
    57 0000000B 30                              	DB	48
    58 0000000C 2D                              	DB	45
    59 0000000D 5E                              	DB	94
    60 0000000E 00                              	DB	0
    61 0000000F 00                              	DB	0
    62 00000010 51                              	DB	81
    63 00000011 57                              	DB	87
    64 00000012 45                              	DB	69
    65 00000013 52                              	DB	82
    66 00000014 54                              	DB	84
    67 00000015 59                              	DB	89
    68 00000016 55                              	DB	85
    69 00000017 49                              	DB	73
    70 00000018 4F                              	DB	79
    71 00000019 50                              	DB	80
    72 0000001A 40                              	DB	64
    73 0000001B 5B                              	DB	91
    74 0000001C 00                              	DB	0
    75 0000001D 00                              	DB	0
    76 0000001E 41                              	DB	65
    77 0000001F 53                              	DB	83
    78 00000020 44                              	DB	68
    79 00000021 46                              	DB	70
    80 00000022 47                              	DB	71
    81 00000023 48                              	DB	72
    82 00000024 4A                              	DB	74
    83 00000025 4B                              	DB	75
    84 00000026 4C                              	DB	76
    85 00000027 3B                              	DB	59
    86 00000028 3A                              	DB	58
    87 00000029 00                              	DB	0
    88 0000002A 00                              	DB	0
    89 0000002B 5D                              	DB	93
    90 0000002C 5A                              	DB	90
    91 0000002D 58                              	DB	88
    92 0000002E 43                              	DB	67
    93 0000002F 56                              	DB	86
    94 00000030 42                              	DB	66
    95 00000031 4E                              	DB	78
    96 00000032 4D                              	DB	77
    97 00000033 2C                              	DB	44
    98 00000034 2E                              	DB	46
    99 00000035 2F                              	DB	47
   100 00000036 00                              	DB	0
   101 00000037 2A                              	DB	42
   102 00000038 00                              	DB	0
   103 00000039 20                              	DB	32
   104 0000003A 00                              	DB	0
   105 0000003B 00                              	DB	0
   106 0000003C 00                              	DB	0
   107 0000003D 00                              	DB	0
   108 0000003E 00                              	DB	0
   109 0000003F 00                              	DB	0
   110 00000040 00                              	DB	0
   111 00000041 00                              	DB	0
   112 00000042 00                              	DB	0
   113 00000043 00                              	DB	0
   114 00000044 00                              	DB	0
   115 00000045 00                              	DB	0
   116 00000046 00                              	DB	0
   117 00000047 37                              	DB	55
   118 00000048 38                              	DB	56
   119 00000049 39                              	DB	57
   120 0000004A 2D                              	DB	45
   121 0000004B 34                              	DB	52
   122 0000004C 35                              	DB	53
   123 0000004D 36                              	DB	54
   124 0000004E 2B                              	DB	43
   125 0000004F 31                              	DB	49
   126 00000050 32                              	DB	50
   127 00000051 33                              	DB	51
   128 00000052 30                              	DB	48
   129 00000053 2E                              	DB	46
   130 00000054                                 LC0:
   131 00000054 43 6F 75 6E 74 65 72 00         	DB	"Counter",0x00
   132 0000005C                                 LC1:
   133 0000005C 28 25 33 64 2C 20 25 33 64 29   	DB	"(%3d, %3d)",0x00
       00000066 00 
   134 00000067                                 LC2:
   135 00000067 6D 65 6D 6F 72 79 20 25 64 4D   	DB	"memory %dMB   free : %dKB",0x00
       00000071 42 20 20 20 66 72 65 65 20 3A 
       0000007B 20 25 64 4B 42 00 
   136 00000081                                 LC7:
   137 00000081 33 5B 73 65 63 5D 00            	DB	"3[sec]",0x00
   138 00000088                                 LC6:
   139 00000088 31 30 5B 73 65 63 5D 00         	DB	"10[sec]",0x00
   140 00000090                                 LC5:
   141 00000090 5B 6C 63 72 20 25 34 64 20 25   	DB	"[lcr %4d %4d]",0x00
       0000009A 34 64 5D 00 
   142 0000009E                                 LC3:
   143 0000009E 25 30 32 58 00                  	DB	"%02X",0x00
   144 000000A3                                 LC4:
   145 000000A3 20 00                           	DB	" ",0x00
   146                                          [SECTION .text]
   147 00000000                                 	GLOBAL	_HariMain
   148 00000000                                 _HariMain:
   149 00000000 55                              	PUSH	EBP
   150 00000001 89 E5                           	MOV	EBP,ESP
   151 00000003 57                              	PUSH	EDI
   152 00000004 56                              	PUSH	ESI
   153 00000005 53                              	PUSH	EBX
   154 00000006 8D B5 FFFFFCE4                  	LEA	ESI,DWORD [-796+EBP]
   155 0000000C 81 EC 00000618                  	SUB	ESP,1560
   156 00000012 E8 [00000000]                   	CALL	_init_gdtidt
   157 00000017 E8 [00000000]                   	CALL	_init_pic
   158 0000001C E8 [00000000]                   	CALL	_io_sti
   159 00000021 8D 85 FFFFFAE4                  	LEA	EAX,DWORD [-1308+EBP]
   160 00000027 50                              	PUSH	EAX
   161 00000028 68 00000080                     	PUSH	128
   162 0000002D 56                              	PUSH	ESI
   163 0000002E E8 [00000000]                   	CALL	_fifo32_init
   164 00000033 E8 [00000000]                   	CALL	_init_pit
   165 00000038 68 00000100                     	PUSH	256
   166 0000003D 56                              	PUSH	ESI
   167 0000003E E8 [00000000]                   	CALL	_init_keyboard
   168 00000043 8D 85 FFFFFE04                  	LEA	EAX,DWORD [-508+EBP]
   169 00000049 50                              	PUSH	EAX
   170 0000004A 68 00000200                     	PUSH	512
   171 0000004F 56                              	PUSH	ESI
   172 00000050 E8 [00000000]                   	CALL	_enable_mouse
   173 00000055 83 C4 20                        	ADD	ESP,32
   174 00000058 68 000000F8                     	PUSH	248
   175 0000005D 6A 21                           	PUSH	33
   176 0000005F E8 [00000000]                   	CALL	_io_out8
   177 00000064 68 000000EF                     	PUSH	239
   178 00000069 68 000000A1                     	PUSH	161
   179 0000006E E8 [00000000]                   	CALL	_io_out8
   180 00000073 E8 [00000000]                   	CALL	_timer_alloc
   181 00000078 6A 0A                           	PUSH	10
   182 0000007A 56                              	PUSH	ESI
   183 0000007B 89 C3                           	MOV	EBX,EAX
   184 0000007D 50                              	PUSH	EAX
   185 0000007E E8 [00000000]                   	CALL	_timer_init
   186 00000083 68 000003E8                     	PUSH	1000
   187 00000088 53                              	PUSH	EBX
   188 00000089 E8 [00000000]                   	CALL	_timer_settime
   189 0000008E 83 C4 24                        	ADD	ESP,36
   190 00000091 E8 [00000000]                   	CALL	_timer_alloc
   191 00000096 6A 03                           	PUSH	3
   192 00000098 89 C3                           	MOV	EBX,EAX
   193 0000009A 56                              	PUSH	ESI
   194 0000009B 50                              	PUSH	EAX
   195 0000009C E8 [00000000]                   	CALL	_timer_init
   196 000000A1 68 0000012C                     	PUSH	300
   197 000000A6 53                              	PUSH	EBX
   198 000000A7 E8 [00000000]                   	CALL	_timer_settime
   199 000000AC E8 [00000000]                   	CALL	_timer_alloc
   200 000000B1 6A 01                           	PUSH	1
   201 000000B3 56                              	PUSH	ESI
   202 000000B4 50                              	PUSH	EAX
   203 000000B5 89 85 FFFFF9EC                  	MOV	DWORD [-1556+EBP],EAX
   204 000000BB E8 [00000000]                   	CALL	_timer_init
   205 000000C0 83 C4 20                        	ADD	ESP,32
   206 000000C3 6A 32                           	PUSH	50
   207 000000C5 FF B5 FFFFF9EC                  	PUSH	DWORD [-1556+EBP]
   208 000000CB E8 [00000000]                   	CALL	_timer_settime
   209 000000D0 68 BFFFFFFF                     	PUSH	-1073741825
   210 000000D5 68 00400000                     	PUSH	4194304
   211 000000DA E8 [00000000]                   	CALL	_memtest
   212 000000DF 68 003C0000                     	PUSH	3932160
   213 000000E4 89 85 FFFFF9FC                  	MOV	DWORD [-1540+EBP],EAX
   214 000000EA E8 [00000000]                   	CALL	_memman_init
   215 000000EF 68 0009E000                     	PUSH	647168
   216 000000F4 68 00001000                     	PUSH	4096
   217 000000F9 68 003C0000                     	PUSH	3932160
   218 000000FE E8 [00000000]                   	CALL	_memman_free
   219 00000103 8B 85 FFFFF9FC                  	MOV	EAX,DWORD [-1540+EBP]
   220 00000109 83 C4 20                        	ADD	ESP,32
   221 0000010C 2D 00400000                     	SUB	EAX,4194304
   222 00000111 50                              	PUSH	EAX
   223 00000112 68 00400000                     	PUSH	4194304
   224 00000117 68 003C0000                     	PUSH	3932160
   225 0000011C E8 [00000000]                   	CALL	_memman_free
   226 00000121 E8 [00000000]                   	CALL	_init_palette
   227 00000126 0F BF 05 00000FF6               	MOVSX	EAX,WORD [4086]
   228 0000012D 50                              	PUSH	EAX
   229 0000012E 0F BF 05 00000FF4               	MOVSX	EAX,WORD [4084]
   230 00000135 50                              	PUSH	EAX
   231 00000136 FF 35 00000FF8                  	PUSH	DWORD [4088]
   232 0000013C 68 003C0000                     	PUSH	3932160
   233 00000141 E8 [00000000]                   	CALL	_shtctl_init
   234 00000146 89 C3                           	MOV	EBX,EAX
   235 00000148 50                              	PUSH	EAX
   236 00000149 E8 [00000000]                   	CALL	_sheet_alloc
   237 0000014E 83 C4 20                        	ADD	ESP,32
   238 00000151 53                              	PUSH	EBX
   239 00000152 89 85 FFFFF9F8                  	MOV	DWORD [-1544+EBP],EAX
   240 00000158 E8 [00000000]                   	CALL	_sheet_alloc
   241 0000015D 53                              	PUSH	EBX
   242 0000015E 8D 9D FFFFFD04                  	LEA	EBX,DWORD [-764+EBP]
   243 00000164 89 85 FFFFF9F4                  	MOV	DWORD [-1548+EBP],EAX
   244 0000016A E8 [00000000]                   	CALL	_sheet_alloc
   245 0000016F 0F BF 15 00000FF6               	MOVSX	EDX,WORD [4086]
   246 00000176 89 85 FFFFF9F0                  	MOV	DWORD [-1552+EBP],EAX
   247 0000017C 0F BF 05 00000FF4               	MOVSX	EAX,WORD [4084]
   248 00000183 0F AF C2                        	IMUL	EAX,EDX
   249 00000186 50                              	PUSH	EAX
   250 00000187 68 003C0000                     	PUSH	3932160
   251 0000018C E8 [00000000]                   	CALL	_memman_alloc_4k
   252 00000191 68 00002080                     	PUSH	8320
   253 00000196 68 003C0000                     	PUSH	3932160
   254 0000019B 89 C6                           	MOV	ESI,EAX
   255 0000019D E8 [00000000]                   	CALL	_memman_alloc_4k
   256 000001A2 6A FF                           	PUSH	-1
   257 000001A4 89 C7                           	MOV	EDI,EAX
   258 000001A6 0F BF 05 00000FF6               	MOVSX	EAX,WORD [4086]
   259 000001AD 50                              	PUSH	EAX
   260 000001AE 0F BF 05 00000FF4               	MOVSX	EAX,WORD [4084]
   261 000001B5 50                              	PUSH	EAX
   262 000001B6 56                              	PUSH	ESI
   263 000001B7 FF B5 FFFFF9F8                  	PUSH	DWORD [-1544+EBP]
   264 000001BD E8 [00000000]                   	CALL	_sheet_setbuf
   265 000001C2 83 C4 2C                        	ADD	ESP,44
   266 000001C5 6A 63                           	PUSH	99
   267 000001C7 6A 10                           	PUSH	16
   268 000001C9 6A 10                           	PUSH	16
   269 000001CB 53                              	PUSH	EBX
   270 000001CC FF B5 FFFFF9F4                  	PUSH	DWORD [-1548+EBP]
   271 000001D2 E8 [00000000]                   	CALL	_sheet_setbuf
   272 000001D7 6A FF                           	PUSH	-1
   273 000001D9 6A 44                           	PUSH	68
   274 000001DB 68 000000A0                     	PUSH	160
   275 000001E0 57                              	PUSH	EDI
   276 000001E1 FF B5 FFFFF9F0                  	PUSH	DWORD [-1552+EBP]
   277 000001E7 E8 [00000000]                   	CALL	_sheet_setbuf
   278 000001EC 83 C4 28                        	ADD	ESP,40
   279 000001EF 0F BF 05 00000FF6               	MOVSX	EAX,WORD [4086]
   280 000001F6 50                              	PUSH	EAX
   281 000001F7 0F BF 05 00000FF4               	MOVSX	EAX,WORD [4084]
   282 000001FE 50                              	PUSH	EAX
   283 000001FF 56                              	PUSH	ESI
   284 00000200 E8 [00000000]                   	CALL	_init_screen8
   285 00000205 6A 63                           	PUSH	99
   286 00000207 53                              	PUSH	EBX
   287 00000208 BB 00000002                     	MOV	EBX,2
   288 0000020D E8 [00000000]                   	CALL	_init_mouse_cursor8
   289 00000212 68 [00000054]                   	PUSH	LC0
   290 00000217 6A 44                           	PUSH	68
   291 00000219 68 000000A0                     	PUSH	160
   292 0000021E 57                              	PUSH	EDI
   293 0000021F E8 000005B2                     	CALL	_make_window8
   294 00000224 83 C4 24                        	ADD	ESP,36
   295 00000227 6A 07                           	PUSH	7
   296 00000229 6A 10                           	PUSH	16
   297 0000022B 68 00000090                     	PUSH	144
   298 00000230 6A 1C                           	PUSH	28
   299 00000232 6A 08                           	PUSH	8
   300 00000234 FF B5 FFFFF9F0                  	PUSH	DWORD [-1552+EBP]
   301 0000023A E8 0000078A                     	CALL	_make_textbox8
   302 0000023F 6A 00                           	PUSH	0
   303 00000241 6A 00                           	PUSH	0
   304 00000243 FF B5 FFFFF9F8                  	PUSH	DWORD [-1544+EBP]
   305 00000249 C7 85 FFFFF9E8 00000008         	MOV	DWORD [-1560+EBP],8
   306 00000253 C7 85 FFFFF9E4 00000007         	MOV	DWORD [-1564+EBP],7
   307 0000025D E8 [00000000]                   	CALL	_sheet_slide
   308 00000262 83 C4 24                        	ADD	ESP,36
   309 00000265 0F BF 05 00000FF4               	MOVSX	EAX,WORD [4084]
   310 0000026C 8D 48 F0                        	LEA	ECX,DWORD [-16+EAX]
   311 0000026F 89 C8                           	MOV	EAX,ECX
   312 00000271 99                              	CDQ
   313 00000272 F7 FB                           	IDIV	EBX
   314 00000274 89 85 FFFFFA00                  	MOV	DWORD [-1536+EBP],EAX
   315 0000027A 0F BF 05 00000FF6               	MOVSX	EAX,WORD [4086]
   316 00000281 8D 48 D4                        	LEA	ECX,DWORD [-44+EAX]
   317 00000284 89 C8                           	MOV	EAX,ECX
   318 00000286 99                              	CDQ
   319 00000287 F7 FB                           	IDIV	EBX
   320 00000289 50                              	PUSH	EAX
   321 0000028A 89 C7                           	MOV	EDI,EAX
   322 0000028C FF B5 FFFFFA00                  	PUSH	DWORD [-1536+EBP]
   323 00000292 FF B5 FFFFF9F4                  	PUSH	DWORD [-1548+EBP]
   324 00000298 8D 5D C4                        	LEA	EBX,DWORD [-60+EBP]
   325 0000029B E8 [00000000]                   	CALL	_sheet_slide
   326 000002A0 6A 48                           	PUSH	72
   327 000002A2 6A 50                           	PUSH	80
   328 000002A4 FF B5 FFFFF9F0                  	PUSH	DWORD [-1552+EBP]
   329 000002AA E8 [00000000]                   	CALL	_sheet_slide
   330 000002AF 6A 00                           	PUSH	0
   331 000002B1 FF B5 FFFFF9F8                  	PUSH	DWORD [-1544+EBP]
   332 000002B7 E8 [00000000]                   	CALL	_sheet_updown
   333 000002BC 83 C4 20                        	ADD	ESP,32
   334 000002BF 6A 01                           	PUSH	1
   335 000002C1 FF B5 FFFFF9F0                  	PUSH	DWORD [-1552+EBP]
   336 000002C7 E8 [00000000]                   	CALL	_sheet_updown
   337 000002CC 6A 02                           	PUSH	2
   338 000002CE FF B5 FFFFF9F4                  	PUSH	DWORD [-1548+EBP]
   339 000002D4 E8 [00000000]                   	CALL	_sheet_updown
   340 000002D9 57                              	PUSH	EDI
   341 000002DA FF B5 FFFFFA00                  	PUSH	DWORD [-1536+EBP]
   342 000002E0 68 [0000005C]                   	PUSH	LC1
   343 000002E5 53                              	PUSH	EBX
   344 000002E6 E8 [00000000]                   	CALL	_sprintf
   345 000002EB 83 C4 20                        	ADD	ESP,32
   346 000002EE 6A 0A                           	PUSH	10
   347 000002F0 53                              	PUSH	EBX
   348 000002F1 6A 0E                           	PUSH	14
   349 000002F3 6A 07                           	PUSH	7
   350 000002F5 6A 00                           	PUSH	0
   351 000002F7 6A 00                           	PUSH	0
   352 000002F9 FF B5 FFFFF9F8                  	PUSH	DWORD [-1544+EBP]
   353 000002FF E8 0000063E                     	CALL	_putfonts8_asc_sht
   354 00000304 68 003C0000                     	PUSH	3932160
   355 00000309 E8 [00000000]                   	CALL	_memman_total
   356 0000030E C1 AD FFFFF9FC 14               	SHR	DWORD [-1540+EBP],20
   357 00000315 C1 E8 0A                        	SHR	EAX,10
   358 00000318 89 04 24                        	MOV	DWORD [ESP],EAX
   359 0000031B FF B5 FFFFF9FC                  	PUSH	DWORD [-1540+EBP]
   360 00000321 68 [00000067]                   	PUSH	LC2
   361 00000326 53                              	PUSH	EBX
   362 00000327 E8 [00000000]                   	CALL	_sprintf
   363 0000032C 83 C4 2C                        	ADD	ESP,44
   364 0000032F 6A 28                           	PUSH	40
   365 00000331 53                              	PUSH	EBX
   366 00000332 6A 0E                           	PUSH	14
   367 00000334 6A 07                           	PUSH	7
   368 00000336 6A 20                           	PUSH	32
   369 00000338 6A 00                           	PUSH	0
   370 0000033A FF B5 FFFFF9F8                  	PUSH	DWORD [-1544+EBP]
   371 00000340 E8 000005FD                     	CALL	_putfonts8_asc_sht
   372 00000345 8D 85 FFFFFA74                  	LEA	EAX,DWORD [-1420+EBP]
   373 0000034B 68 00000089                     	PUSH	137
   374 00000350 50                              	PUSH	EAX
   375 00000351 6A 67                           	PUSH	103
   376 00000353 68 00270018                     	PUSH	2555928
   377 00000358 C7 85 FFFFFAD4 00000000         	MOV	DWORD [-1324+EBP],0
   378 00000362 C7 85 FFFFFAD8 40000000         	MOV	DWORD [-1320+EBP],1073741824
   379 0000036C C7 85 FFFFFA64 00000000         	MOV	DWORD [-1436+EBP],0
   380 00000376 C7 85 FFFFFA68 40000000         	MOV	DWORD [-1432+EBP],1073741824
   381 00000380 E8 [00000000]                   	CALL	_set_segmdesc
   382 00000385 8D 85 FFFFFA04                  	LEA	EAX,DWORD [-1532+EBP]
   383 0000038B 83 C4 2C                        	ADD	ESP,44
   384 0000038E 68 00000089                     	PUSH	137
   385 00000393 50                              	PUSH	EAX
   386 00000394 6A 67                           	PUSH	103
   387 00000396 68 00270020                     	PUSH	2555936
   388 0000039B E8 [00000000]                   	CALL	_set_segmdesc
   389 000003A0 6A 18                           	PUSH	24
   390 000003A2 E8 [00000000]                   	CALL	_load_tr
   391 000003A7 68 00010000                     	PUSH	65536
   392 000003AC 68 003C0000                     	PUSH	3932160
   393 000003B1 E8 [00000000]                   	CALL	_memman_alloc_4k
   394 000003B6 8B 9D FFFFF9F8                  	MOV	EBX,DWORD [-1544+EBP]
   395 000003BC 05 0000FFF8                     	ADD	EAX,65528
   396 000003C1 C7 85 FFFFFA24 [00000AFF]       	MOV	DWORD [-1500+EBP],_task_b_main
   397 000003CB C7 85 FFFFFA28 00000202         	MOV	DWORD [-1496+EBP],514
   398 000003D5 C7 85 FFFFFA2C 00000000         	MOV	DWORD [-1492+EBP],0
   399 000003DF C7 85 FFFFFA30 00000000         	MOV	DWORD [-1488+EBP],0
   400 000003E9 C7 85 FFFFFA34 00000000         	MOV	DWORD [-1484+EBP],0
   401 000003F3 C7 85 FFFFFA38 00000000         	MOV	DWORD [-1480+EBP],0
   402 000003FD 89 85 FFFFFA3C                  	MOV	DWORD [-1476+EBP],EAX
   403 00000403 C7 85 FFFFFA40 00000000         	MOV	DWORD [-1472+EBP],0
   404 0000040D C7 85 FFFFFA44 00000000         	MOV	DWORD [-1468+EBP],0
   405 00000417 C7 85 FFFFFA48 00000000         	MOV	DWORD [-1464+EBP],0
   406 00000421 C7 85 FFFFFA4C 00000008         	MOV	DWORD [-1460+EBP],8
   407 0000042B C7 85 FFFFFA50 00000010         	MOV	DWORD [-1456+EBP],16
   408 00000435 C7 85 FFFFFA54 00000008         	MOV	DWORD [-1452+EBP],8
   409 0000043F C7 85 FFFFFA58 00000008         	MOV	DWORD [-1448+EBP],8
   410 00000449 C7 85 FFFFFA5C 00000008         	MOV	DWORD [-1444+EBP],8
   411 00000453 C7 85 FFFFFA60 00000008         	MOV	DWORD [-1440+EBP],8
   412 0000045D 89 58 04                        	MOV	DWORD [4+EAX],EBX
   413 00000460 E8 [00000000]                   	CALL	_mt_init
   414 00000465                                 L30:
   415 00000465 83 C4 1C                        	ADD	ESP,28
   416 00000468                                 L2:
   417 00000468 8D B5 FFFFFCE4                  	LEA	ESI,DWORD [-796+EBP]
   418 0000046E E8 [00000000]                   	CALL	_io_cli
   419 00000473 56                              	PUSH	ESI
   420 00000474 E8 [00000000]                   	CALL	_fifo32_status
   421 00000479 59                              	POP	ECX
   422 0000047A 85 C0                           	TEST	EAX,EAX
   423 0000047C 0F 84 0000034A                  	JE	L33
   424 00000482 56                              	PUSH	ESI
   425 00000483 E8 [00000000]                   	CALL	_fifo32_get
   426 00000488 89 C3                           	MOV	EBX,EAX
   427 0000048A E8 [00000000]                   	CALL	_io_sti
   428 0000048F 5A                              	POP	EDX
   429 00000490 8D 83 FFFFFF00                  	LEA	EAX,DWORD [-256+EBX]
   430 00000496 3D 000000FF                     	CMP	EAX,255
   431 0000049B 0F 86 0000022B                  	JBE	L34
   432 000004A1 8D 83 FFFFFE00                  	LEA	EAX,DWORD [-512+EBX]
   433 000004A7 3D 000000FF                     	CMP	EAX,255
   434 000004AC 0F 86 000000DA                  	JBE	L35
   435 000004B2 83 FB 0A                        	CMP	EBX,10
   436 000004B5 0F 84 000000C2                  	JE	L36
   437 000004BB 83 FB 03                        	CMP	EBX,3
   438 000004BE 0F 84 0000009A                  	JE	L37
   439 000004C4 83 FB 01                        	CMP	EBX,1
   440 000004C7 7F 9F                           	JG	L2
   441 000004C9 85 DB                           	TEST	EBX,EBX
   442 000004CB 74 77                           	JE	L28
   443 000004CD 6A 00                           	PUSH	0
   444 000004CF 56                              	PUSH	ESI
   445 000004D0 FF B5 FFFFF9EC                  	PUSH	DWORD [-1556+EBP]
   446 000004D6 E8 [00000000]                   	CALL	_timer_init
   447 000004DB C7 85 FFFFF9E4 00000000         	MOV	DWORD [-1564+EBP],0
   448 000004E5                                 L32:
   449 000004E5 83 C4 0C                        	ADD	ESP,12
   450 000004E8 6A 32                           	PUSH	50
   451 000004EA FF B5 FFFFF9EC                  	PUSH	DWORD [-1556+EBP]
   452 000004F0 E8 [00000000]                   	CALL	_timer_settime
   453 000004F5 8B 9D FFFFF9F0                  	MOV	EBX,DWORD [-1552+EBP]
   454 000004FB 8B 85 FFFFF9E8                  	MOV	EAX,DWORD [-1560+EBP]
   455 00000501 6A 2B                           	PUSH	43
   456 00000503 83 C0 07                        	ADD	EAX,7
   457 00000506 50                              	PUSH	EAX
   458 00000507 6A 1C                           	PUSH	28
   459 00000509 FF B5 FFFFF9E8                  	PUSH	DWORD [-1560+EBP]
   460 0000050F FF B5 FFFFF9E4                  	PUSH	DWORD [-1564+EBP]
   461 00000515 FF 73 04                        	PUSH	DWORD [4+EBX]
   462 00000518 FF 33                           	PUSH	DWORD [EBX]
   463 0000051A E8 [00000000]                   	CALL	_boxfill8
   464 0000051F 8B 85 FFFFF9E8                  	MOV	EAX,DWORD [-1560+EBP]
   465 00000525 83 C4 24                        	ADD	ESP,36
   466 00000528 83 C0 08                        	ADD	EAX,8
   467 0000052B 6A 2C                           	PUSH	44
   468 0000052D 50                              	PUSH	EAX
   469 0000052E 6A 1C                           	PUSH	28
   470 00000530 FF B5 FFFFF9E8                  	PUSH	DWORD [-1560+EBP]
   471 00000536 53                              	PUSH	EBX
   472 00000537 E8 [00000000]                   	CALL	_sheet_refresh
   473 0000053C 83 C4 14                        	ADD	ESP,20
   474 0000053F E9 FFFFFF24                     	JMP	L2
   475 00000544                                 L28:
   476 00000544 6A 01                           	PUSH	1
   477 00000546 56                              	PUSH	ESI
   478 00000547 FF B5 FFFFF9EC                  	PUSH	DWORD [-1556+EBP]
   479 0000054D E8 [00000000]                   	CALL	_timer_init
   480 00000552 C7 85 FFFFF9E4 00000007         	MOV	DWORD [-1564+EBP],7
   481 0000055C EB 87                           	JMP	L32
   482 0000055E                                 L37:
   483 0000055E 6A 06                           	PUSH	6
   484 00000560 68 [00000081]                   	PUSH	LC7
   485 00000565 6A 0E                           	PUSH	14
   486 00000567 6A 07                           	PUSH	7
   487 00000569 6A 50                           	PUSH	80
   488 0000056B                                 L31:
   489 0000056B 6A 00                           	PUSH	0
   490 0000056D FF B5 FFFFF9F8                  	PUSH	DWORD [-1544+EBP]
   491 00000573 E8 000003CA                     	CALL	_putfonts8_asc_sht
   492 00000578 E9 FFFFFEE8                     	JMP	L30
   493 0000057D                                 L36:
   494 0000057D 6A 07                           	PUSH	7
   495 0000057F 68 [00000088]                   	PUSH	LC6
   496 00000584 6A 0E                           	PUSH	14
   497 00000586 6A 07                           	PUSH	7
   498 00000588 6A 40                           	PUSH	64
   499 0000058A EB DF                           	JMP	L31
   500 0000058C                                 L35:
   501 0000058C 0F B6 C3                        	MOVZX	EAX,BL
   502 0000058F 50                              	PUSH	EAX
   503 00000590 8D 85 FFFFFE04                  	LEA	EAX,DWORD [-508+EBP]
   504 00000596 50                              	PUSH	EAX
   505 00000597 E8 [00000000]                   	CALL	_mouse_decode
   506 0000059C 5A                              	POP	EDX
   507 0000059D 59                              	POP	ECX
   508 0000059E 85 C0                           	TEST	EAX,EAX
   509 000005A0 0F 84 FFFFFEC2                  	JE	L2
   510 000005A6 FF B5 FFFFFE0C                  	PUSH	DWORD [-500+EBP]
   511 000005AC FF B5 FFFFFE08                  	PUSH	DWORD [-504+EBP]
   512 000005B2 68 [00000090]                   	PUSH	LC5
   513 000005B7 8D 5D C4                        	LEA	EBX,DWORD [-60+EBP]
   514 000005BA 53                              	PUSH	EBX
   515 000005BB E8 [00000000]                   	CALL	_sprintf
   516 000005C0 83 C4 10                        	ADD	ESP,16
   517 000005C3 8B 85 FFFFFE10                  	MOV	EAX,DWORD [-496+EBP]
   518 000005C9 A9 00000001                     	TEST	EAX,1
   519 000005CE 74 04                           	JE	L14
   520 000005D0 C6 45 C5 4C                     	MOV	BYTE [-59+EBP],76
   521 000005D4                                 L14:
   522 000005D4 A9 00000002                     	TEST	EAX,2
   523 000005D9 74 04                           	JE	L15
   524 000005DB C6 45 C7 52                     	MOV	BYTE [-57+EBP],82
   525 000005DF                                 L15:
   526 000005DF 83 E0 04                        	AND	EAX,4
   527 000005E2 74 04                           	JE	L16
   528 000005E4 C6 45 C6 43                     	MOV	BYTE [-58+EBP],67
   529 000005E8                                 L16:
   530 000005E8 6A 0F                           	PUSH	15
   531 000005EA 53                              	PUSH	EBX
   532 000005EB 6A 0E                           	PUSH	14
   533 000005ED 6A 07                           	PUSH	7
   534 000005EF 6A 10                           	PUSH	16
   535 000005F1 6A 20                           	PUSH	32
   536 000005F3 FF B5 FFFFF9F8                  	PUSH	DWORD [-1544+EBP]
   537 000005F9 E8 00000344                     	CALL	_putfonts8_asc_sht
   538 000005FE 8B 95 FFFFFE08                  	MOV	EDX,DWORD [-504+EBP]
   539 00000604 03 BD FFFFFE0C                  	ADD	EDI,DWORD [-500+EBP]
   540 0000060A 83 C4 1C                        	ADD	ESP,28
   541 0000060D 01 95 FFFFFA00                  	ADD	DWORD [-1536+EBP],EDX
   542 00000613 0F 88 000000A4                  	JS	L38
   543 00000619                                 L17:
   544 00000619 85 FF                           	TEST	EDI,EDI
   545 0000061B 0F 88 00000095                  	JS	L39
   546 00000621                                 L18:
   547 00000621 0F BF 05 00000FF4               	MOVSX	EAX,WORD [4084]
   548 00000628 48                              	DEC	EAX
   549 00000629 39 85 FFFFFA00                  	CMP	DWORD [-1536+EBP],EAX
   550 0000062F 7E 06                           	JLE	L19
   551 00000631 89 85 FFFFFA00                  	MOV	DWORD [-1536+EBP],EAX
   552 00000637                                 L19:
   553 00000637 0F BF 05 00000FF6               	MOVSX	EAX,WORD [4086]
   554 0000063E 48                              	DEC	EAX
   555 0000063F 39 C7                           	CMP	EDI,EAX
   556 00000641 7E 02                           	JLE	L20
   557 00000643 89 C7                           	MOV	EDI,EAX
   558 00000645                                 L20:
   559 00000645 57                              	PUSH	EDI
   560 00000646 FF B5 FFFFFA00                  	PUSH	DWORD [-1536+EBP]
   561 0000064C 68 [0000005C]                   	PUSH	LC1
   562 00000651 53                              	PUSH	EBX
   563 00000652 E8 [00000000]                   	CALL	_sprintf
   564 00000657 6A 0A                           	PUSH	10
   565 00000659 53                              	PUSH	EBX
   566 0000065A 6A 0E                           	PUSH	14
   567 0000065C 6A 07                           	PUSH	7
   568 0000065E 6A 00                           	PUSH	0
   569 00000660 6A 00                           	PUSH	0
   570 00000662 FF B5 FFFFF9F8                  	PUSH	DWORD [-1544+EBP]
   571 00000668 E8 000002D5                     	CALL	_putfonts8_asc_sht
   572 0000066D 83 C4 2C                        	ADD	ESP,44
   573 00000670 57                              	PUSH	EDI
   574 00000671 FF B5 FFFFFA00                  	PUSH	DWORD [-1536+EBP]
   575 00000677 FF B5 FFFFF9F4                  	PUSH	DWORD [-1548+EBP]
   576 0000067D E8 [00000000]                   	CALL	_sheet_slide
   577 00000682 83 C4 0C                        	ADD	ESP,12
   578 00000685 F7 85 FFFFFE10 00000001         	TEST	DWORD [-496+EBP],1
   579 0000068F 0F 84 FFFFFDD3                  	JE	L2
   580 00000695 8D 47 B0                        	LEA	EAX,DWORD [-80+EDI]
   581 00000698 50                              	PUSH	EAX
   582 00000699 8B 85 FFFFFA00                  	MOV	EAX,DWORD [-1536+EBP]
   583 0000069F 83 E8 50                        	SUB	EAX,80
   584 000006A2 50                              	PUSH	EAX
   585 000006A3 FF B5 FFFFF9F0                  	PUSH	DWORD [-1552+EBP]
   586 000006A9 E8 [00000000]                   	CALL	_sheet_slide
   587 000006AE 83 C4 0C                        	ADD	ESP,12
   588 000006B1 E9 FFFFFDB2                     	JMP	L2
   589 000006B6                                 L39:
   590 000006B6 31 FF                           	XOR	EDI,EDI
   591 000006B8 E9 FFFFFF64                     	JMP	L18
   592 000006BD                                 L38:
   593 000006BD C7 85 FFFFFA00 00000000         	MOV	DWORD [-1536+EBP],0
   594 000006C7 E9 FFFFFF4D                     	JMP	L17
   595 000006CC                                 L34:
   596 000006CC 50                              	PUSH	EAX
   597 000006CD 8D 75 C4                        	LEA	ESI,DWORD [-60+EBP]
   598 000006D0 68 [0000009E]                   	PUSH	LC3
   599 000006D5 56                              	PUSH	ESI
   600 000006D6 E8 [00000000]                   	CALL	_sprintf
   601 000006DB 6A 02                           	PUSH	2
   602 000006DD 56                              	PUSH	ESI
   603 000006DE 6A 0E                           	PUSH	14
   604 000006E0 6A 07                           	PUSH	7
   605 000006E2 6A 10                           	PUSH	16
   606 000006E4 6A 00                           	PUSH	0
   607 000006E6 FF B5 FFFFF9F8                  	PUSH	DWORD [-1544+EBP]
   608 000006EC E8 00000251                     	CALL	_putfonts8_asc_sht
   609 000006F1 83 C4 28                        	ADD	ESP,40
   610 000006F4 81 FB 00000153                  	CMP	EBX,339
   611 000006FA 7F 41                           	JG	L8
   612 000006FC 8A 83 [FFFFFF00]                	MOV	AL,BYTE [_keytable.0-256+EBX]
   613 00000702 84 C0                           	TEST	AL,AL
   614 00000704 74 37                           	JE	L8
   615 00000706 81 BD FFFFF9E8 0000008F         	CMP	DWORD [-1560+EBP],143
   616 00000710 7F 2B                           	JG	L8
   617 00000712 6A 01                           	PUSH	1
   618 00000714 88 45 C4                        	MOV	BYTE [-60+EBP],AL
   619 00000717 56                              	PUSH	ESI
   620 00000718 6A 08                           	PUSH	8
   621 0000071A 6A 00                           	PUSH	0
   622 0000071C 6A 1C                           	PUSH	28
   623 0000071E FF B5 FFFFF9E8                  	PUSH	DWORD [-1560+EBP]
   624 00000724 FF B5 FFFFF9F0                  	PUSH	DWORD [-1552+EBP]
   625 0000072A C6 45 C5 00                     	MOV	BYTE [-59+EBP],0
   626 0000072E E8 0000020F                     	CALL	_putfonts8_asc_sht
   627 00000733 83 C4 1C                        	ADD	ESP,28
   628 00000736 83 85 FFFFF9E8 08               	ADD	DWORD [-1560+EBP],8
   629 0000073D                                 L8:
   630 0000073D 81 FB 0000010E                  	CMP	EBX,270
   631 00000743 74 51                           	JE	L40
   632 00000745                                 L10:
   633 00000745 8B 85 FFFFF9E8                  	MOV	EAX,DWORD [-1560+EBP]
   634 0000074B 6A 2B                           	PUSH	43
   635 0000074D 83 C0 07                        	ADD	EAX,7
   636 00000750 50                              	PUSH	EAX
   637 00000751 8B 85 FFFFF9F0                  	MOV	EAX,DWORD [-1552+EBP]
   638 00000757 6A 1C                           	PUSH	28
   639 00000759 FF B5 FFFFF9E8                  	PUSH	DWORD [-1560+EBP]
   640 0000075F FF B5 FFFFF9E4                  	PUSH	DWORD [-1564+EBP]
   641 00000765 FF 70 04                        	PUSH	DWORD [4+EAX]
   642 00000768 FF 30                           	PUSH	DWORD [EAX]
   643 0000076A E8 [00000000]                   	CALL	_boxfill8
   644 0000076F 8B 85 FFFFF9E8                  	MOV	EAX,DWORD [-1560+EBP]
   645 00000775 6A 2C                           	PUSH	44
   646 00000777 83 C0 08                        	ADD	EAX,8
   647 0000077A 50                              	PUSH	EAX
   648 0000077B 6A 1C                           	PUSH	28
   649 0000077D FF B5 FFFFF9E8                  	PUSH	DWORD [-1560+EBP]
   650 00000783 FF B5 FFFFF9F0                  	PUSH	DWORD [-1552+EBP]
   651 00000789 E8 [00000000]                   	CALL	_sheet_refresh
   652 0000078E 83 C4 30                        	ADD	ESP,48
   653 00000791 E9 FFFFFCD2                     	JMP	L2
   654 00000796                                 L40:
   655 00000796 83 BD FFFFF9E8 08               	CMP	DWORD [-1560+EBP],8
   656 0000079D 7E A6                           	JLE	L10
   657 0000079F 6A 01                           	PUSH	1
   658 000007A1 68 [000000A3]                   	PUSH	LC4
   659 000007A6 6A 07                           	PUSH	7
   660 000007A8 6A 00                           	PUSH	0
   661 000007AA 6A 1C                           	PUSH	28
   662 000007AC FF B5 FFFFF9E8                  	PUSH	DWORD [-1560+EBP]
   663 000007B2 FF B5 FFFFF9F0                  	PUSH	DWORD [-1552+EBP]
   664 000007B8 E8 00000185                     	CALL	_putfonts8_asc_sht
   665 000007BD 83 C4 1C                        	ADD	ESP,28
   666 000007C0 83 AD FFFFF9E8 08               	SUB	DWORD [-1560+EBP],8
   667 000007C7 E9 FFFFFF79                     	JMP	L10
   668 000007CC                                 L33:
   669 000007CC E8 [00000000]                   	CALL	_io_stihlt
   670 000007D1 E9 FFFFFC92                     	JMP	L2
   671                                          [SECTION .data]
   672 000000A5                                 _closebtn.1:
   673 000000A5 4F 4F 4F 4F 4F 4F 4F 4F 4F 4F   	DB	"OOOOOOOOOOOOOOO@"
       000000AF 4F 4F 4F 4F 4F 40 
   674 000000B5 4F 51 51 51 51 51 51 51 51 51   	DB	"OQQQQQQQQQQQQQ$@"
       000000BF 51 51 51 51 24 40 
   675 000000C5 4F 51 51 51 51 51 51 51 51 51   	DB	"OQQQQQQQQQQQQQ$@"
       000000CF 51 51 51 51 24 40 
   676 000000D5 4F 51 51 51 40 40 51 51 51 51   	DB	"OQQQ@@QQQQ@@QQ$@"
       000000DF 40 40 51 51 24 40 
   677 000000E5 4F 51 51 51 51 40 40 51 51 40   	DB	"OQQQQ@@QQ@@QQQ$@"
       000000EF 40 51 51 51 24 40 
   678 000000F5 4F 51 51 51 51 51 40 40 40 40   	DB	"OQQQQQ@@@@QQQQ$@"
       000000FF 51 51 51 51 24 40 
   679 00000105 4F 51 51 51 51 51 51 40 40 51   	DB	"OQQQQQQ@@QQQQQ$@"
       0000010F 51 51 51 51 24 40 
   680 00000115 4F 51 51 51 51 51 40 40 40 40   	DB	"OQQQQQ@@@@QQQQ$@"
       0000011F 51 51 51 51 24 40 
   681 00000125 4F 51 51 51 51 40 40 51 51 40   	DB	"OQQQQ@@QQ@@QQQ$@"
       0000012F 40 51 51 51 24 40 
   682 00000135 4F 51 51 51 40 40 51 51 51 51   	DB	"OQQQ@@QQQQ@@QQ$@"
       0000013F 40 40 51 51 24 40 
   683 00000145 4F 51 51 51 51 51 51 51 51 51   	DB	"OQQQQQQQQQQQQQ$@"
       0000014F 51 51 51 51 24 40 
   684 00000155 4F 51 51 51 51 51 51 51 51 51   	DB	"OQQQQQQQQQQQQQ$@"
       0000015F 51 51 51 51 24 40 
   685 00000165 4F 24 24 24 24 24 24 24 24 24   	DB	"O$$$$$$$$$$$$$$@"
       0000016F 24 24 24 24 24 40 
   686 00000175 40 40 40 40 40 40 40 40 40 40   	DB	"@@@@@@@@@@@@@@@@"
       0000017F 40 40 40 40 40 40 
   687                                          [SECTION .text]
   688 000007D6                                 	GLOBAL	_make_window8
   689 000007D6                                 _make_window8:
   690 000007D6 55                              	PUSH	EBP
   691 000007D7 89 E5                           	MOV	EBP,ESP
   692 000007D9 57                              	PUSH	EDI
   693 000007DA 56                              	PUSH	ESI
   694 000007DB 53                              	PUSH	EBX
   695 000007DC 83 EC 14                        	SUB	ESP,20
   696 000007DF 8B 5D 0C                        	MOV	EBX,DWORD [12+EBP]
   697 000007E2 6A 00                           	PUSH	0
   698 000007E4 8D 43 FF                        	LEA	EAX,DWORD [-1+EBX]
   699 000007E7 8D 7B FE                        	LEA	EDI,DWORD [-2+EBX]
   700 000007EA 50                              	PUSH	EAX
   701 000007EB 89 45 EC                        	MOV	DWORD [-20+EBP],EAX
   702 000007EE 6A 00                           	PUSH	0
   703 000007F0 6A 00                           	PUSH	0
   704 000007F2 6A 08                           	PUSH	8
   705 000007F4 53                              	PUSH	EBX
   706 000007F5 FF 75 08                        	PUSH	DWORD [8+EBP]
   707 000007F8 E8 [00000000]                   	CALL	_boxfill8
   708 000007FD 6A 01                           	PUSH	1
   709 000007FF 57                              	PUSH	EDI
   710 00000800 6A 01                           	PUSH	1
   711 00000802 6A 01                           	PUSH	1
   712 00000804 6A 07                           	PUSH	7
   713 00000806 53                              	PUSH	EBX
   714 00000807 FF 75 08                        	PUSH	DWORD [8+EBP]
   715 0000080A E8 [00000000]                   	CALL	_boxfill8
   716 0000080F 8B 55 10                        	MOV	EDX,DWORD [16+EBP]
   717 00000812 83 C4 38                        	ADD	ESP,56
   718 00000815 4A                              	DEC	EDX
   719 00000816 89 55 E8                        	MOV	DWORD [-24+EBP],EDX
   720 00000819 52                              	PUSH	EDX
   721 0000081A 6A 00                           	PUSH	0
   722 0000081C 6A 00                           	PUSH	0
   723 0000081E 6A 00                           	PUSH	0
   724 00000820 6A 08                           	PUSH	8
   725 00000822 53                              	PUSH	EBX
   726 00000823 FF 75 08                        	PUSH	DWORD [8+EBP]
   727 00000826 E8 [00000000]                   	CALL	_boxfill8
   728 0000082B 8B 75 10                        	MOV	ESI,DWORD [16+EBP]
   729 0000082E 83 EE 02                        	SUB	ESI,2
   730 00000831 56                              	PUSH	ESI
   731 00000832 6A 01                           	PUSH	1
   732 00000834 6A 01                           	PUSH	1
   733 00000836 6A 01                           	PUSH	1
   734 00000838 6A 07                           	PUSH	7
   735 0000083A 53                              	PUSH	EBX
   736 0000083B FF 75 08                        	PUSH	DWORD [8+EBP]
   737 0000083E E8 [00000000]                   	CALL	_boxfill8
   738 00000843 83 C4 38                        	ADD	ESP,56
   739 00000846 56                              	PUSH	ESI
   740 00000847 57                              	PUSH	EDI
   741 00000848 6A 01                           	PUSH	1
   742 0000084A 57                              	PUSH	EDI
   743 0000084B 6A 0F                           	PUSH	15
   744 0000084D 53                              	PUSH	EBX
   745 0000084E FF 75 08                        	PUSH	DWORD [8+EBP]
   746 00000851 E8 [00000000]                   	CALL	_boxfill8
   747 00000856 FF 75 E8                        	PUSH	DWORD [-24+EBP]
   748 00000859 FF 75 EC                        	PUSH	DWORD [-20+EBP]
   749 0000085C 6A 00                           	PUSH	0
   750 0000085E FF 75 EC                        	PUSH	DWORD [-20+EBP]
   751 00000861 6A 00                           	PUSH	0
   752 00000863 53                              	PUSH	EBX
   753 00000864 FF 75 08                        	PUSH	DWORD [8+EBP]
   754 00000867 E8 [00000000]                   	CALL	_boxfill8
   755 0000086C 8B 45 10                        	MOV	EAX,DWORD [16+EBP]
   756 0000086F 83 C4 38                        	ADD	ESP,56
   757 00000872 83 E8 03                        	SUB	EAX,3
   758 00000875 50                              	PUSH	EAX
   759 00000876 8D 43 FD                        	LEA	EAX,DWORD [-3+EBX]
   760 00000879 50                              	PUSH	EAX
   761 0000087A 6A 02                           	PUSH	2
   762 0000087C 6A 02                           	PUSH	2
   763 0000087E 6A 08                           	PUSH	8
   764 00000880 53                              	PUSH	EBX
   765 00000881 FF 75 08                        	PUSH	DWORD [8+EBP]
   766 00000884 E8 [00000000]                   	CALL	_boxfill8
   767 00000889 8D 43 FC                        	LEA	EAX,DWORD [-4+EBX]
   768 0000088C 6A 14                           	PUSH	20
   769 0000088E 50                              	PUSH	EAX
   770 0000088F 6A 03                           	PUSH	3
   771 00000891 6A 03                           	PUSH	3
   772 00000893 6A 0C                           	PUSH	12
   773 00000895 53                              	PUSH	EBX
   774 00000896 FF 75 08                        	PUSH	DWORD [8+EBP]
   775 00000899 E8 [00000000]                   	CALL	_boxfill8
   776 0000089E 83 C4 38                        	ADD	ESP,56
   777 000008A1 56                              	PUSH	ESI
   778 000008A2 57                              	PUSH	EDI
   779 000008A3 56                              	PUSH	ESI
   780 000008A4 6A 01                           	PUSH	1
   781 000008A6 6A 0F                           	PUSH	15
   782 000008A8 53                              	PUSH	EBX
   783 000008A9 FF 75 08                        	PUSH	DWORD [8+EBP]
   784 000008AC E8 [00000000]                   	CALL	_boxfill8
   785 000008B1 FF 75 E8                        	PUSH	DWORD [-24+EBP]
   786 000008B4 FF 75 EC                        	PUSH	DWORD [-20+EBP]
   787 000008B7 FF 75 E8                        	PUSH	DWORD [-24+EBP]
   788 000008BA 6A 00                           	PUSH	0
   789 000008BC 6A 00                           	PUSH	0
   790 000008BE 6B F3 05                        	IMUL	ESI,EBX,5
   791 000008C1 53                              	PUSH	EBX
   792 000008C2 FF 75 08                        	PUSH	DWORD [8+EBP]
   793 000008C5 E8 [00000000]                   	CALL	_boxfill8
   794 000008CA 83 C4 38                        	ADD	ESP,56
   795 000008CD FF 75 14                        	PUSH	DWORD [20+EBP]
   796 000008D0 6A 07                           	PUSH	7
   797 000008D2 6A 04                           	PUSH	4
   798 000008D4 6A 18                           	PUSH	24
   799 000008D6 53                              	PUSH	EBX
   800 000008D7 FF 75 08                        	PUSH	DWORD [8+EBP]
   801 000008DA E8 [00000000]                   	CALL	_putfonts8_asc
   802 000008DF 83 C4 18                        	ADD	ESP,24
   803 000008E2 C7 45 F0 00000000               	MOV	DWORD [-16+EBP],0
   804 000008E9 C7 45 E0 00000000               	MOV	DWORD [-32+EBP],0
   805 000008F0                                 L57:
   806 000008F0 8D 04 1E                        	LEA	EAX,DWORD [ESI+EBX*1]
   807 000008F3 8B 55 08                        	MOV	EDX,DWORD [8+EBP]
   808 000008F6 31 FF                           	XOR	EDI,EDI
   809 000008F8 8D 4C 02 EB                     	LEA	ECX,DWORD [-21+EDX+EAX*1]
   810 000008FC                                 L56:
   811 000008FC 8B 45 E0                        	MOV	EAX,DWORD [-32+EBP]
   812 000008FF 8A 94 07 [000000A5]             	MOV	DL,BYTE [_closebtn.1+EDI+EAX*1]
   813 00000906 80 FA 40                        	CMP	DL,64
   814 00000909 74 33                           	JE	L62
   815 0000090B 80 FA 24                        	CMP	DL,36
   816 0000090E 74 2A                           	JE	L63
   817 00000910 80 FA 51                        	CMP	DL,81
   818 00000913 B2 08                           	MOV	DL,8
   819 00000915 0F 95 C0                        	SETNE	AL
   820 00000918 28 C2                           	SUB	DL,AL
   821 0000091A                                 L51:
   822 0000091A 47                              	INC	EDI
   823 0000091B 88 11                           	MOV	BYTE [ECX],DL
   824 0000091D 41                              	INC	ECX
   825 0000091E 83 FF 0F                        	CMP	EDI,15
   826 00000921 7E D9                           	JLE	L56
   827 00000923 FF 45 F0                        	INC	DWORD [-16+EBP]
   828 00000926 01 DE                           	ADD	ESI,EBX
   829 00000928 83 45 E0 10                     	ADD	DWORD [-32+EBP],16
   830 0000092C 83 7D F0 0D                     	CMP	DWORD [-16+EBP],13
   831 00000930 7E BE                           	JLE	L57
   832 00000932 8D 65 F4                        	LEA	ESP,DWORD [-12+EBP]
   833 00000935 5B                              	POP	EBX
   834 00000936 5E                              	POP	ESI
   835 00000937 5F                              	POP	EDI
   836 00000938 5D                              	POP	EBP
   837 00000939 C3                              	RET
   838 0000093A                                 L63:
   839 0000093A B2 0F                           	MOV	DL,15
   840 0000093C EB DC                           	JMP	L51
   841 0000093E                                 L62:
   842 0000093E 31 D2                           	XOR	EDX,EDX
   843 00000940 EB D8                           	JMP	L51
   844 00000942                                 	GLOBAL	_putfonts8_asc_sht
   845 00000942                                 _putfonts8_asc_sht:
   846 00000942 55                              	PUSH	EBP
   847 00000943 89 E5                           	MOV	EBP,ESP
   848 00000945 57                              	PUSH	EDI
   849 00000946 56                              	PUSH	ESI
   850 00000947 53                              	PUSH	EBX
   851 00000948 83 EC 0C                        	SUB	ESP,12
   852 0000094B 8B 45 08                        	MOV	EAX,DWORD [8+EBP]
   853 0000094E 8B 7D 10                        	MOV	EDI,DWORD [16+EBP]
   854 00000951 89 45 F0                        	MOV	DWORD [-16+EBP],EAX
   855 00000954 8B 5D 14                        	MOV	EBX,DWORD [20+EBP]
   856 00000957 8B 45 0C                        	MOV	EAX,DWORD [12+EBP]
   857 0000095A 89 45 EC                        	MOV	DWORD [-20+EBP],EAX
   858 0000095D 8B 45 1C                        	MOV	EAX,DWORD [28+EBP]
   859 00000960 89 45 E8                        	MOV	DWORD [-24+EBP],EAX
   860 00000963 8D 47 0F                        	LEA	EAX,DWORD [15+EDI]
   861 00000966 50                              	PUSH	EAX
   862 00000967 8B 45 EC                        	MOV	EAX,DWORD [-20+EBP]
   863 0000096A 8B 75 20                        	MOV	ESI,DWORD [32+EBP]
   864 0000096D 0F BE DB                        	MOVSX	EBX,BL
   865 00000970 8D 34 F0                        	LEA	ESI,DWORD [EAX+ESI*8]
   866 00000973 8D 46 FF                        	LEA	EAX,DWORD [-1+ESI]
   867 00000976 50                              	PUSH	EAX
   868 00000977 57                              	PUSH	EDI
   869 00000978 FF 75 EC                        	PUSH	DWORD [-20+EBP]
   870 0000097B 0F B6 45 18                     	MOVZX	EAX,BYTE [24+EBP]
   871 0000097F 50                              	PUSH	EAX
   872 00000980 8B 45 F0                        	MOV	EAX,DWORD [-16+EBP]
   873 00000983 FF 70 04                        	PUSH	DWORD [4+EAX]
   874 00000986 FF 30                           	PUSH	DWORD [EAX]
   875 00000988 E8 [00000000]                   	CALL	_boxfill8
   876 0000098D FF 75 E8                        	PUSH	DWORD [-24+EBP]
   877 00000990 53                              	PUSH	EBX
   878 00000991 57                              	PUSH	EDI
   879 00000992 FF 75 EC                        	PUSH	DWORD [-20+EBP]
   880 00000995 8B 45 F0                        	MOV	EAX,DWORD [-16+EBP]
   881 00000998 FF 70 04                        	PUSH	DWORD [4+EAX]
   882 0000099B FF 30                           	PUSH	DWORD [EAX]
   883 0000099D E8 [00000000]                   	CALL	_putfonts8_asc
   884 000009A2 89 7D 10                        	MOV	DWORD [16+EBP],EDI
   885 000009A5 8D 47 10                        	LEA	EAX,DWORD [16+EDI]
   886 000009A8 89 75 14                        	MOV	DWORD [20+EBP],ESI
   887 000009AB 89 45 18                        	MOV	DWORD [24+EBP],EAX
   888 000009AE 83 C4 34                        	ADD	ESP,52
   889 000009B1 8B 45 EC                        	MOV	EAX,DWORD [-20+EBP]
   890 000009B4 89 45 0C                        	MOV	DWORD [12+EBP],EAX
   891 000009B7 8B 45 F0                        	MOV	EAX,DWORD [-16+EBP]
   892 000009BA 89 45 08                        	MOV	DWORD [8+EBP],EAX
   893 000009BD 8D 65 F4                        	LEA	ESP,DWORD [-12+EBP]
   894 000009C0 5B                              	POP	EBX
   895 000009C1 5E                              	POP	ESI
   896 000009C2 5F                              	POP	EDI
   897 000009C3 5D                              	POP	EBP
   898 000009C4 E9 [00000000]                   	JMP	_sheet_refresh
   899 000009C9                                 	GLOBAL	_make_textbox8
   900 000009C9                                 _make_textbox8:
   901 000009C9 55                              	PUSH	EBP
   902 000009CA 89 E5                           	MOV	EBP,ESP
   903 000009CC 57                              	PUSH	EDI
   904 000009CD 56                              	PUSH	ESI
   905 000009CE 53                              	PUSH	EBX
   906 000009CF 83 EC 14                        	SUB	ESP,20
   907 000009D2 8B 45 0C                        	MOV	EAX,DWORD [12+EBP]
   908 000009D5 8B 75 10                        	MOV	ESI,DWORD [16+EBP]
   909 000009D8 03 45 14                        	ADD	EAX,DWORD [20+EBP]
   910 000009DB 83 EE 03                        	SUB	ESI,3
   911 000009DE 56                              	PUSH	ESI
   912 000009DF 89 45 F0                        	MOV	DWORD [-16+EBP],EAX
   913 000009E2 8B 45 10                        	MOV	EAX,DWORD [16+EBP]
   914 000009E5 03 45 18                        	ADD	EAX,DWORD [24+EBP]
   915 000009E8 89 45 EC                        	MOV	DWORD [-20+EBP],EAX
   916 000009EB 8B 45 F0                        	MOV	EAX,DWORD [-16+EBP]
   917 000009EE 40                              	INC	EAX
   918 000009EF 50                              	PUSH	EAX
   919 000009F0 89 45 E8                        	MOV	DWORD [-24+EBP],EAX
   920 000009F3 8B 45 0C                        	MOV	EAX,DWORD [12+EBP]
   921 000009F6 56                              	PUSH	ESI
   922 000009F7 83 E8 02                        	SUB	EAX,2
   923 000009FA 50                              	PUSH	EAX
   924 000009FB 89 45 E4                        	MOV	DWORD [-28+EBP],EAX
   925 000009FE 8B 45 08                        	MOV	EAX,DWORD [8+EBP]
   926 00000A01 6A 0F                           	PUSH	15
   927 00000A03 FF 70 04                        	PUSH	DWORD [4+EAX]
   928 00000A06 FF 30                           	PUSH	DWORD [EAX]
   929 00000A08 E8 [00000000]                   	CALL	_boxfill8
   930 00000A0D 8B 7D 0C                        	MOV	EDI,DWORD [12+EBP]
   931 00000A10 8B 45 EC                        	MOV	EAX,DWORD [-20+EBP]
   932 00000A13 83 EF 03                        	SUB	EDI,3
   933 00000A16 40                              	INC	EAX
   934 00000A17 50                              	PUSH	EAX
   935 00000A18 89 45 E0                        	MOV	DWORD [-32+EBP],EAX
   936 00000A1B 57                              	PUSH	EDI
   937 00000A1C 8B 45 08                        	MOV	EAX,DWORD [8+EBP]
   938 00000A1F 56                              	PUSH	ESI
   939 00000A20 57                              	PUSH	EDI
   940 00000A21 6A 0F                           	PUSH	15
   941 00000A23 FF 70 04                        	PUSH	DWORD [4+EAX]
   942 00000A26 FF 30                           	PUSH	DWORD [EAX]
   943 00000A28 E8 [00000000]                   	CALL	_boxfill8
   944 00000A2D 8B 45 08                        	MOV	EAX,DWORD [8+EBP]
   945 00000A30 83 C4 38                        	ADD	ESP,56
   946 00000A33 8B 5D EC                        	MOV	EBX,DWORD [-20+EBP]
   947 00000A36 83 C3 02                        	ADD	EBX,2
   948 00000A39 53                              	PUSH	EBX
   949 00000A3A FF 75 E8                        	PUSH	DWORD [-24+EBP]
   950 00000A3D 53                              	PUSH	EBX
   951 00000A3E 57                              	PUSH	EDI
   952 00000A3F 6A 07                           	PUSH	7
   953 00000A41 FF 70 04                        	PUSH	DWORD [4+EAX]
   954 00000A44 FF 30                           	PUSH	DWORD [EAX]
   955 00000A46 E8 [00000000]                   	CALL	_boxfill8
   956 00000A4B 8B 45 F0                        	MOV	EAX,DWORD [-16+EBP]
   957 00000A4E 53                              	PUSH	EBX
   958 00000A4F 83 C0 02                        	ADD	EAX,2
   959 00000A52 50                              	PUSH	EAX
   960 00000A53 56                              	PUSH	ESI
   961 00000A54 50                              	PUSH	EAX
   962 00000A55 8B 45 08                        	MOV	EAX,DWORD [8+EBP]
   963 00000A58 6A 07                           	PUSH	7
   964 00000A5A FF 70 04                        	PUSH	DWORD [4+EAX]
   965 00000A5D FF 30                           	PUSH	DWORD [EAX]
   966 00000A5F E8 [00000000]                   	CALL	_boxfill8
   967 00000A64 8B 45 08                        	MOV	EAX,DWORD [8+EBP]
   968 00000A67 83 C4 38                        	ADD	ESP,56
   969 00000A6A 8B 5D 10                        	MOV	EBX,DWORD [16+EBP]
   970 00000A6D 83 EB 02                        	SUB	EBX,2
   971 00000A70 8B 7D 0C                        	MOV	EDI,DWORD [12+EBP]
   972 00000A73 53                              	PUSH	EBX
   973 00000A74 4F                              	DEC	EDI
   974 00000A75 FF 75 F0                        	PUSH	DWORD [-16+EBP]
   975 00000A78 53                              	PUSH	EBX
   976 00000A79 57                              	PUSH	EDI
   977 00000A7A 6A 00                           	PUSH	0
   978 00000A7C FF 70 04                        	PUSH	DWORD [4+EAX]
   979 00000A7F FF 30                           	PUSH	DWORD [EAX]
   980 00000A81 E8 [00000000]                   	CALL	_boxfill8
   981 00000A86 8B 45 08                        	MOV	EAX,DWORD [8+EBP]
   982 00000A89 FF 75 EC                        	PUSH	DWORD [-20+EBP]
   983 00000A8C FF 75 E4                        	PUSH	DWORD [-28+EBP]
   984 00000A8F 53                              	PUSH	EBX
   985 00000A90 FF 75 E4                        	PUSH	DWORD [-28+EBP]
   986 00000A93 6A 00                           	PUSH	0
   987 00000A95 FF 70 04                        	PUSH	DWORD [4+EAX]
   988 00000A98 FF 30                           	PUSH	DWORD [EAX]
   989 00000A9A E8 [00000000]                   	CALL	_boxfill8
   990 00000A9F 8B 45 08                        	MOV	EAX,DWORD [8+EBP]
   991 00000AA2 83 C4 38                        	ADD	ESP,56
   992 00000AA5 FF 75 E0                        	PUSH	DWORD [-32+EBP]
   993 00000AA8 FF 75 F0                        	PUSH	DWORD [-16+EBP]
   994 00000AAB FF 75 E0                        	PUSH	DWORD [-32+EBP]
   995 00000AAE FF 75 E4                        	PUSH	DWORD [-28+EBP]
   996 00000AB1 6A 08                           	PUSH	8
   997 00000AB3 FF 70 04                        	PUSH	DWORD [4+EAX]
   998 00000AB6 FF 30                           	PUSH	DWORD [EAX]
   999 00000AB8 E8 [00000000]                   	CALL	_boxfill8
  1000 00000ABD 8B 45 08                        	MOV	EAX,DWORD [8+EBP]
  1001 00000AC0 FF 75 E0                        	PUSH	DWORD [-32+EBP]
  1002 00000AC3 FF 75 E8                        	PUSH	DWORD [-24+EBP]
  1003 00000AC6 53                              	PUSH	EBX
  1004 00000AC7 FF 75 E8                        	PUSH	DWORD [-24+EBP]
  1005 00000ACA 6A 08                           	PUSH	8
  1006 00000ACC FF 70 04                        	PUSH	DWORD [4+EAX]
  1007 00000ACF FF 30                           	PUSH	DWORD [EAX]
  1008 00000AD1 E8 [00000000]                   	CALL	_boxfill8
  1009 00000AD6 8B 45 10                        	MOV	EAX,DWORD [16+EBP]
  1010 00000AD9 83 C4 38                        	ADD	ESP,56
  1011 00000ADC 48                              	DEC	EAX
  1012 00000ADD FF 75 EC                        	PUSH	DWORD [-20+EBP]
  1013 00000AE0 FF 75 F0                        	PUSH	DWORD [-16+EBP]
  1014 00000AE3 50                              	PUSH	EAX
  1015 00000AE4 57                              	PUSH	EDI
  1016 00000AE5 0F B6 45 1C                     	MOVZX	EAX,BYTE [28+EBP]
  1017 00000AE9 50                              	PUSH	EAX
  1018 00000AEA 8B 45 08                        	MOV	EAX,DWORD [8+EBP]
  1019 00000AED FF 70 04                        	PUSH	DWORD [4+EAX]
  1020 00000AF0 FF 30                           	PUSH	DWORD [EAX]
  1021 00000AF2 E8 [00000000]                   	CALL	_boxfill8
  1022 00000AF7 8D 65 F4                        	LEA	ESP,DWORD [-12+EBP]
  1023 00000AFA 5B                              	POP	EBX
  1024 00000AFB 5E                              	POP	ESI
  1025 00000AFC 5F                              	POP	EDI
  1026 00000AFD 5D                              	POP	EBP
  1027 00000AFE C3                              	RET
  1028                                          [SECTION .data]
  1029 00000185                                 LC8:
  1030 00000185 25 31 31 64 00                  	DB	"%11d",0x00
  1031                                          [SECTION .text]
  1032 00000AFF                                 	GLOBAL	_task_b_main
  1033 00000AFF                                 _task_b_main:
  1034 00000AFF 55                              	PUSH	EBP
  1035 00000B00 89 E5                           	MOV	EBP,ESP
  1036 00000B02 57                              	PUSH	EDI
  1037 00000B03 56                              	PUSH	ESI
  1038 00000B04 53                              	PUSH	EBX
  1039 00000B05 8D 85 FFFFFDD4                  	LEA	EAX,DWORD [-556+EBP]
  1040 00000B0B 81 EC 00000238                  	SUB	ESP,568
  1041 00000B11 8D 5D D4                        	LEA	EBX,DWORD [-44+EBP]
  1042 00000B14 C7 85 FFFFFDC0 00000000         	MOV	DWORD [-576+EBP],0
  1043 00000B1E 50                              	PUSH	EAX
  1044 00000B1F 68 00000080                     	PUSH	128
  1045 00000B24 53                              	PUSH	EBX
  1046 00000B25 C7 85 FFFFFDBC 00000000         	MOV	DWORD [-580+EBP],0
  1047 00000B2F E8 [00000000]                   	CALL	_fifo32_init
  1048 00000B34 E8 [00000000]                   	CALL	_timer_alloc
  1049 00000B39 6A 01                           	PUSH	1
  1050 00000B3B 53                              	PUSH	EBX
  1051 00000B3C 89 C7                           	MOV	EDI,EAX
  1052 00000B3E 50                              	PUSH	EAX
  1053 00000B3F E8 [00000000]                   	CALL	_timer_init
  1054 00000B44 6A 01                           	PUSH	1
  1055 00000B46 57                              	PUSH	EDI
  1056 00000B47 E8 [00000000]                   	CALL	_timer_settime
  1057 00000B4C 83 C4 20                        	ADD	ESP,32
  1058 00000B4F E8 [00000000]                   	CALL	_timer_alloc
  1059 00000B54 6A 64                           	PUSH	100
  1060 00000B56 89 C6                           	MOV	ESI,EAX
  1061 00000B58 53                              	PUSH	EBX
  1062 00000B59 50                              	PUSH	EAX
  1063 00000B5A E8 [00000000]                   	CALL	_timer_init
  1064 00000B5F 6A 64                           	PUSH	100
  1065 00000B61 56                              	PUSH	ESI
  1066 00000B62 E8 [00000000]                   	CALL	_timer_settime
  1067 00000B67 83 C4 14                        	ADD	ESP,20
  1068 00000B6A                                 L67:
  1069 00000B6A 8D 5D D4                        	LEA	EBX,DWORD [-44+EBP]
  1070 00000B6D FF 85 FFFFFDC0                  	INC	DWORD [-576+EBP]
  1071 00000B73 E8 [00000000]                   	CALL	_io_cli
  1072 00000B78 53                              	PUSH	EBX
  1073 00000B79 E8 [00000000]                   	CALL	_fifo32_status
  1074 00000B7E 5A                              	POP	EDX
  1075 00000B7F 85 C0                           	TEST	EAX,EAX
  1076 00000B81 0F 84 0000009F                  	JE	L76
  1077 00000B87 53                              	PUSH	EBX
  1078 00000B88 E8 [00000000]                   	CALL	_fifo32_get
  1079 00000B8D 89 C3                           	MOV	EBX,EAX
  1080 00000B8F E8 [00000000]                   	CALL	_io_sti
  1081 00000B94 58                              	POP	EAX
  1082 00000B95 83 FB 01                        	CMP	EBX,1
  1083 00000B98 74 57                           	JE	L77
  1084 00000B9A 83 FB 64                        	CMP	EBX,100
  1085 00000B9D 75 CB                           	JNE	L67
  1086 00000B9F 8B 85 FFFFFDC0                  	MOV	EAX,DWORD [-576+EBP]
  1087 00000BA5 8D 9D FFFFFDC4                  	LEA	EBX,DWORD [-572+EBP]
  1088 00000BAB 2B 85 FFFFFDBC                  	SUB	EAX,DWORD [-580+EBP]
  1089 00000BB1 50                              	PUSH	EAX
  1090 00000BB2 68 [00000185]                   	PUSH	LC8
  1091 00000BB7 53                              	PUSH	EBX
  1092 00000BB8 E8 [00000000]                   	CALL	_sprintf
  1093 00000BBD 6A 0B                           	PUSH	11
  1094 00000BBF 53                              	PUSH	EBX
  1095 00000BC0 6A 0E                           	PUSH	14
  1096 00000BC2 6A 07                           	PUSH	7
  1097 00000BC4 68 00000080                     	PUSH	128
  1098 00000BC9 6A 00                           	PUSH	0
  1099 00000BCB FF 75 08                        	PUSH	DWORD [8+EBP]
  1100 00000BCE E8 FFFFFD6F                     	CALL	_putfonts8_asc_sht
  1101 00000BD3 83 C4 28                        	ADD	ESP,40
  1102 00000BD6 8B 85 FFFFFDC0                  	MOV	EAX,DWORD [-576+EBP]
  1103 00000BDC 6A 64                           	PUSH	100
  1104 00000BDE 89 85 FFFFFDBC                  	MOV	DWORD [-580+EBP],EAX
  1105 00000BE4 56                              	PUSH	ESI
  1106 00000BE5                                 L75:
  1107 00000BE5 E8 [00000000]                   	CALL	_timer_settime
  1108 00000BEA 5B                              	POP	EBX
  1109 00000BEB 58                              	POP	EAX
  1110 00000BEC E9 FFFFFF79                     	JMP	L67
  1111 00000BF1                                 L77:
  1112 00000BF1 FF B5 FFFFFDC0                  	PUSH	DWORD [-576+EBP]
  1113 00000BF7 68 [00000185]                   	PUSH	LC8
  1114 00000BFC 8D 9D FFFFFDC4                  	LEA	EBX,DWORD [-572+EBP]
  1115 00000C02 53                              	PUSH	EBX
  1116 00000C03 E8 [00000000]                   	CALL	_sprintf
  1117 00000C08 6A 0B                           	PUSH	11
  1118 00000C0A 53                              	PUSH	EBX
  1119 00000C0B 6A 0F                           	PUSH	15
  1120 00000C0D 6A 07                           	PUSH	7
  1121 00000C0F 68 00000090                     	PUSH	144
  1122 00000C14 6A 00                           	PUSH	0
  1123 00000C16 FF 75 08                        	PUSH	DWORD [8+EBP]
  1124 00000C19 E8 FFFFFD24                     	CALL	_putfonts8_asc_sht
  1125 00000C1E 83 C4 28                        	ADD	ESP,40
  1126 00000C21 6A 01                           	PUSH	1
  1127 00000C23 57                              	PUSH	EDI
  1128 00000C24 EB BF                           	JMP	L75
  1129 00000C26                                 L76:
  1130 00000C26 E8 [00000000]                   	CALL	_io_sti
  1131 00000C2B E9 FFFFFF3A                     	JMP	L67
