     1 00000000                                 [FORMAT "WCOFF"]
     2 00000000                                 [INSTRSET "i486p"]
     3 00000000                                 [OPTIMIZE 1]
     4 00000000                                 [OPTION 1]
     5 00000000                                 [BITS 32]
     6 00000000                                 [FILE "file.c"]
     7                                          [SECTION .text]
     8 00000000                                 	GLOBAL	_file_ReadFat
     9 00000000                                 _file_ReadFat:
    10 00000000 55                              	PUSH	EBP
    11 00000001 31 C9                           	XOR	ECX,ECX
    12 00000003 89 E5                           	MOV	EBP,ESP
    13 00000005 57                              	PUSH	EDI
    14 00000006 56                              	PUSH	ESI
    15 00000007 53                              	PUSH	EBX
    16 00000008 8B 7D 08                        	MOV	EDI,DWORD [8+EBP]
    17 0000000B 8B 75 0C                        	MOV	ESI,DWORD [12+EBP]
    18 0000000E 31 DB                           	XOR	EBX,EBX
    19 00000010                                 L6:
    20 00000010 0F B6 44 31 01                  	MOVZX	EAX,BYTE [1+ECX+ESI*1]
    21 00000015 0F B6 14 31                     	MOVZX	EDX,BYTE [ECX+ESI*1]
    22 00000019 C1 E0 08                        	SAL	EAX,8
    23 0000001C 09 C2                           	OR	EDX,EAX
    24 0000001E 81 E2 00000FFF                  	AND	EDX,4095
    25 00000024 89 14 9F                        	MOV	DWORD [EDI+EBX*4],EDX
    26 00000027 8A 44 31 01                     	MOV	AL,BYTE [1+ECX+ESI*1]
    27 0000002B 0F B6 54 31 02                  	MOVZX	EDX,BYTE [2+ECX+ESI*1]
    28 00000030 C0 E8 04                        	SHR	AL,4
    29 00000033 83 C1 03                        	ADD	ECX,3
    30 00000036 C1 E2 04                        	SAL	EDX,4
    31 00000039 0F B6 C0                        	MOVZX	EAX,AL
    32 0000003C 09 D0                           	OR	EAX,EDX
    33 0000003E 89 44 9F 04                     	MOV	DWORD [4+EDI+EBX*4],EAX
    34 00000042 83 C3 02                        	ADD	EBX,2
    35 00000045 81 FB 00000B3F                  	CMP	EBX,2879
    36 0000004B 7E C3                           	JLE	L6
    37 0000004D 5B                              	POP	EBX
    38 0000004E 5E                              	POP	ESI
    39 0000004F 5F                              	POP	EDI
    40 00000050 5D                              	POP	EBP
    41 00000051 C3                              	RET
    42 00000052                                 	GLOBAL	_file_LoadFile
    43 00000052                                 _file_LoadFile:
    44 00000052 55                              	PUSH	EBP
    45 00000053 89 E5                           	MOV	EBP,ESP
    46 00000055 57                              	PUSH	EDI
    47 00000056 56                              	PUSH	ESI
    48 00000057 53                              	PUSH	EBX
    49 00000058 8B 7D 08                        	MOV	EDI,DWORD [8+EBP]
    50 0000005B 8B 4D 0C                        	MOV	ECX,DWORD [12+EBP]
    51 0000005E 8B 5D 10                        	MOV	EBX,DWORD [16+EBP]
    52 00000061 8B 75 18                        	MOV	ESI,DWORD [24+EBP]
    53 00000064                                 L24:
    54 00000064 81 F9 00000200                  	CMP	ECX,512
    55 0000006A 7E 26                           	JLE	L28
    56 0000006C 31 D2                           	XOR	EDX,EDX
    57 0000006E                                 L23:
    58 0000006E 89 F8                           	MOV	EAX,EDI
    59 00000070 C1 E0 09                        	SAL	EAX,9
    60 00000073 01 D0                           	ADD	EAX,EDX
    61 00000075 8A 04 30                        	MOV	AL,BYTE [EAX+ESI*1]
    62 00000078 88 04 1A                        	MOV	BYTE [EDX+EBX*1],AL
    63 0000007B 42                              	INC	EDX
    64 0000007C 81 FA 000001FF                  	CMP	EDX,511
    65 00000082 7E EA                           	JLE	L23
    66 00000084 81 E9 00000200                  	SUB	ECX,512
    67 0000008A 81 C3 00000200                  	ADD	EBX,512
    68 00000090 EB D2                           	JMP	L24
    69 00000092                                 L28:
    70 00000092 31 D2                           	XOR	EDX,EDX
    71 00000094 39 CA                           	CMP	EDX,ECX
    72 00000096 7D 12                           	JGE	L9
    73 00000098                                 L18:
    74 00000098 89 F8                           	MOV	EAX,EDI
    75 0000009A C1 E0 09                        	SAL	EAX,9
    76 0000009D 01 D0                           	ADD	EAX,EDX
    77 0000009F 8A 04 30                        	MOV	AL,BYTE [EAX+ESI*1]
    78 000000A2 88 04 1A                        	MOV	BYTE [EDX+EBX*1],AL
    79 000000A5 42                              	INC	EDX
    80 000000A6 39 CA                           	CMP	EDX,ECX
    81 000000A8 7C EE                           	JL	L18
    82 000000AA                                 L9:
    83 000000AA 5B                              	POP	EBX
    84 000000AB 5E                              	POP	ESI
    85 000000AC 5F                              	POP	EDI
    86 000000AD 5D                              	POP	EBP
    87 000000AE C3                              	RET
