     1 00000000                                 [FORMAT "WCOFF"]
     2 00000000                                 [INSTRSET "i486p"]
     3 00000000                                 [OPTIMIZE 1]
     4 00000000                                 [OPTION 1]
     5 00000000                                 [BITS 32]
     6 00000000                                 	EXTERN	_init_gdtidt
     7 00000000                                 	EXTERN	_init_pic
     8 00000000                                 	EXTERN	_io_sti
     9 00000000                                 	EXTERN	_fifo32_init
    10 00000000                                 	EXTERN	_init_pit
    11 00000000                                 	EXTERN	_init_keyboard
    12 00000000                                 	EXTERN	_enable_mouse
    13 00000000                                 	EXTERN	_io_out8
    14 00000000                                 	EXTERN	_memtest
    15 00000000                                 	EXTERN	_memman_init
    16 00000000                                 	EXTERN	_memman_free
    17 00000000                                 	EXTERN	_init_palette
    18 00000000                                 	EXTERN	_shtctl_init
    19 00000000                                 	EXTERN	_task_init
    20 00000000                                 	EXTERN	_sheet_alloc
    21 00000000                                 	EXTERN	_memman_alloc_4k
    22 00000000                                 	EXTERN	_sheet_setbuf
    23 00000000                                 	EXTERN	_init_screen8
    24 00000000                                 	EXTERN	_sprintf
    25 00000000                                 	EXTERN	_task_alloc
    26 00000000                                 	EXTERN	_task_run
    27 00000000                                 	EXTERN	_timer_alloc
    28 00000000                                 	EXTERN	_timer_init
    29 00000000                                 	EXTERN	_timer_settime
    30 00000000                                 	EXTERN	_init_mouse_cursor8
    31 00000000                                 	EXTERN	_sheet_slide
    32 00000000                                 	EXTERN	_sheet_updown
    33 00000000                                 	EXTERN	_memman_total
    34 00000000                                 	EXTERN	_io_cli
    35 00000000                                 	EXTERN	_fifo32_status
    36 00000000                                 	EXTERN	_fifo32_get
    37 00000000                                 	EXTERN	_boxfill8
    38 00000000                                 	EXTERN	_sheet_refresh
    39 00000000                                 	EXTERN	_mouse_decode
    40 00000000                                 	EXTERN	_keytable.0
    41 00000000                                 	EXTERN	_task_sleep
    42 00000000                                 	EXTERN	_putfonts8_asc
    43 00000000                                 [FILE "bootpack.c"]
    44                                          [SECTION .data]
    45 00000000                                 _keytable.0:
    46 00000000 00                              	DB	0
    47 00000001 00                              	DB	0
    48 00000002 31                              	DB	49
    49 00000003 32                              	DB	50
    50 00000004 33                              	DB	51
    51 00000005 34                              	DB	52
    52 00000006 35                              	DB	53
    53 00000007 36                              	DB	54
    54 00000008 37                              	DB	55
    55 00000009 38                              	DB	56
    56 0000000A 39                              	DB	57
    57 0000000B 30                              	DB	48
    58 0000000C 2D                              	DB	45
    59 0000000D 5E                              	DB	94
    60 0000000E 00                              	DB	0
    61 0000000F 00                              	DB	0
    62 00000010 51                              	DB	81
    63 00000011 57                              	DB	87
    64 00000012 45                              	DB	69
    65 00000013 52                              	DB	82
    66 00000014 54                              	DB	84
    67 00000015 59                              	DB	89
    68 00000016 55                              	DB	85
    69 00000017 49                              	DB	73
    70 00000018 4F                              	DB	79
    71 00000019 50                              	DB	80
    72 0000001A 40                              	DB	64
    73 0000001B 5B                              	DB	91
    74 0000001C 00                              	DB	0
    75 0000001D 00                              	DB	0
    76 0000001E 41                              	DB	65
    77 0000001F 53                              	DB	83
    78 00000020 44                              	DB	68
    79 00000021 46                              	DB	70
    80 00000022 47                              	DB	71
    81 00000023 48                              	DB	72
    82 00000024 4A                              	DB	74
    83 00000025 4B                              	DB	75
    84 00000026 4C                              	DB	76
    85 00000027 3B                              	DB	59
    86 00000028 3A                              	DB	58
    87 00000029 00                              	DB	0
    88 0000002A 00                              	DB	0
    89 0000002B 5D                              	DB	93
    90 0000002C 5A                              	DB	90
    91 0000002D 58                              	DB	88
    92 0000002E 43                              	DB	67
    93 0000002F 56                              	DB	86
    94 00000030 42                              	DB	66
    95 00000031 4E                              	DB	78
    96 00000032 4D                              	DB	77
    97 00000033 2C                              	DB	44
    98 00000034 2E                              	DB	46
    99 00000035 2F                              	DB	47
   100 00000036 00                              	DB	0
   101 00000037 2A                              	DB	42
   102 00000038 00                              	DB	0
   103 00000039 20                              	DB	32
   104 0000003A 00                              	DB	0
   105 0000003B 00                              	DB	0
   106 0000003C 00                              	DB	0
   107 0000003D 00                              	DB	0
   108 0000003E 00                              	DB	0
   109 0000003F 00                              	DB	0
   110 00000040 00                              	DB	0
   111 00000041 00                              	DB	0
   112 00000042 00                              	DB	0
   113 00000043 00                              	DB	0
   114 00000044 00                              	DB	0
   115 00000045 00                              	DB	0
   116 00000046 00                              	DB	0
   117 00000047 37                              	DB	55
   118 00000048 38                              	DB	56
   119 00000049 39                              	DB	57
   120 0000004A 2D                              	DB	45
   121 0000004B 34                              	DB	52
   122 0000004C 35                              	DB	53
   123 0000004D 36                              	DB	54
   124 0000004E 2B                              	DB	43
   125 0000004F 31                              	DB	49
   126 00000050 32                              	DB	50
   127 00000051 33                              	DB	51
   128 00000052 30                              	DB	48
   129 00000053 2E                              	DB	46
   130 00000054                                 LC0:
   131 00000054 74 61 73 6B 5F 62 25 64 00      	DB	"task_b%d",0x00
   132 0000005D                                 LC1:
   133 0000005D 74 61 73 6B 5F 61 00            	DB	"task_a",0x00
   134 00000064                                 LC2:
   135 00000064 28 25 33 64 2C 20 25 33 64 29   	DB	"(%3d, %3d)",0x00
       0000006E 00 
   136 0000006F                                 LC3:
   137 0000006F 6D 65 6D 6F 72 79 20 25 64 4D   	DB	"memory %dMB   free : %dKB",0x00
       00000079 42 20 20 20 66 72 65 65 20 3A 
       00000083 20 25 64 4B 42 00 
   138 00000089                                 LC6:
   139 00000089 5B 6C 63 72 20 25 34 64 20 25   	DB	"[lcr %4d %4d]",0x00
       00000093 34 64 5D 00 
   140 00000097                                 LC4:
   141 00000097 25 30 32 58 00                  	DB	"%02X",0x00
   142 0000009C                                 LC5:
   143 0000009C 20 00                           	DB	" ",0x00
   144                                          [SECTION .text]
   145 00000000                                 	GLOBAL	_HariMain
   146 00000000                                 _HariMain:
   147 00000000 55                              	PUSH	EBP
   148 00000001 89 E5                           	MOV	EBP,ESP
   149 00000003 57                              	PUSH	EDI
   150 00000004 56                              	PUSH	ESI
   151 00000005 31 F6                           	XOR	ESI,ESI
   152 00000007 53                              	PUSH	EBX
   153 00000008 8D 9D FFFFFCD4                  	LEA	EBX,DWORD [-812+EBP]
   154 0000000E 81 EC 0000063C                  	SUB	ESP,1596
   155 00000014 E8 [00000000]                   	CALL	_init_gdtidt
   156 00000019 E8 [00000000]                   	CALL	_init_pic
   157 0000001E E8 [00000000]                   	CALL	_io_sti
   158 00000023 8D 85 FFFFFAD4                  	LEA	EAX,DWORD [-1324+EBP]
   159 00000029 6A 00                           	PUSH	0
   160 0000002B 50                              	PUSH	EAX
   161 0000002C 68 00000080                     	PUSH	128
   162 00000031 53                              	PUSH	EBX
   163 00000032 E8 [00000000]                   	CALL	_fifo32_init
   164 00000037 E8 [00000000]                   	CALL	_init_pit
   165 0000003C 68 00000100                     	PUSH	256
   166 00000041 53                              	PUSH	EBX
   167 00000042 E8 [00000000]                   	CALL	_init_keyboard
   168 00000047 8D 85 FFFFFE04                  	LEA	EAX,DWORD [-508+EBP]
   169 0000004D 50                              	PUSH	EAX
   170 0000004E 68 00000200                     	PUSH	512
   171 00000053 53                              	PUSH	EBX
   172 00000054 E8 [00000000]                   	CALL	_enable_mouse
   173 00000059 83 C4 24                        	ADD	ESP,36
   174 0000005C 68 000000F8                     	PUSH	248
   175 00000061 6A 21                           	PUSH	33
   176 00000063 E8 [00000000]                   	CALL	_io_out8
   177 00000068 68 000000EF                     	PUSH	239
   178 0000006D 68 000000A1                     	PUSH	161
   179 00000072 E8 [00000000]                   	CALL	_io_out8
   180 00000077 68 BFFFFFFF                     	PUSH	-1073741825
   181 0000007C 68 00400000                     	PUSH	4194304
   182 00000081 E8 [00000000]                   	CALL	_memtest
   183 00000086 68 003C0000                     	PUSH	3932160
   184 0000008B 89 85 FFFFF9DC                  	MOV	DWORD [-1572+EBP],EAX
   185 00000091 E8 [00000000]                   	CALL	_memman_init
   186 00000096 68 0009E000                     	PUSH	647168
   187 0000009B 68 00001000                     	PUSH	4096
   188 000000A0 68 003C0000                     	PUSH	3932160
   189 000000A5 E8 [00000000]                   	CALL	_memman_free
   190 000000AA 8B 85 FFFFF9DC                  	MOV	EAX,DWORD [-1572+EBP]
   191 000000B0 83 C4 28                        	ADD	ESP,40
   192 000000B3 2D 00400000                     	SUB	EAX,4194304
   193 000000B8 50                              	PUSH	EAX
   194 000000B9 68 00400000                     	PUSH	4194304
   195 000000BE 68 003C0000                     	PUSH	3932160
   196 000000C3 E8 [00000000]                   	CALL	_memman_free
   197 000000C8 E8 [00000000]                   	CALL	_init_palette
   198 000000CD 0F BF 05 00000FF6               	MOVSX	EAX,WORD [4086]
   199 000000D4 50                              	PUSH	EAX
   200 000000D5 0F BF 05 00000FF4               	MOVSX	EAX,WORD [4084]
   201 000000DC 50                              	PUSH	EAX
   202 000000DD FF 35 00000FF8                  	PUSH	DWORD [4088]
   203 000000E3 68 003C0000                     	PUSH	3932160
   204 000000E8 E8 [00000000]                   	CALL	_shtctl_init
   205 000000ED 68 003C0000                     	PUSH	3932160
   206 000000F2 89 C7                           	MOV	EDI,EAX
   207 000000F4 E8 [00000000]                   	CALL	_task_init
   208 000000F9 83 C4 20                        	ADD	ESP,32
   209 000000FC 89 85 FFFFF9C0                  	MOV	DWORD [-1600+EBP],EAX
   210 00000102 89 85 FFFFFCEC                  	MOV	DWORD [-788+EBP],EAX
   211 00000108 57                              	PUSH	EDI
   212 00000109 E8 [00000000]                   	CALL	_sheet_alloc
   213 0000010E 0F BF 15 00000FF6               	MOVSX	EDX,WORD [4086]
   214 00000115 89 85 FFFFF9D8                  	MOV	DWORD [-1576+EBP],EAX
   215 0000011B 0F BF 05 00000FF4               	MOVSX	EAX,WORD [4084]
   216 00000122 0F AF C2                        	IMUL	EAX,EDX
   217 00000125 50                              	PUSH	EAX
   218 00000126 68 003C0000                     	PUSH	3932160
   219 0000012B E8 [00000000]                   	CALL	_memman_alloc_4k
   220 00000130 6A FF                           	PUSH	-1
   221 00000132 89 C3                           	MOV	EBX,EAX
   222 00000134 0F BF 05 00000FF6               	MOVSX	EAX,WORD [4086]
   223 0000013B 50                              	PUSH	EAX
   224 0000013C 0F BF 05 00000FF4               	MOVSX	EAX,WORD [4084]
   225 00000143 50                              	PUSH	EAX
   226 00000144 53                              	PUSH	EBX
   227 00000145 FF B5 FFFFF9D8                  	PUSH	DWORD [-1576+EBP]
   228 0000014B E8 [00000000]                   	CALL	_sheet_setbuf
   229 00000150 83 C4 20                        	ADD	ESP,32
   230 00000153 0F BF 05 00000FF6               	MOVSX	EAX,WORD [4086]
   231 0000015A 50                              	PUSH	EAX
   232 0000015B 0F BF 05 00000FF4               	MOVSX	EAX,WORD [4084]
   233 00000162 50                              	PUSH	EAX
   234 00000163 53                              	PUSH	EBX
   235 00000164 E8 [00000000]                   	CALL	_init_screen8
   236 00000169 83 C4 0C                        	ADD	ESP,12
   237 0000016C                                 L6:
   238 0000016C 57                              	PUSH	EDI
   239 0000016D E8 [00000000]                   	CALL	_sheet_alloc
   240 00000172 68 00001D40                     	PUSH	7488
   241 00000177 68 003C0000                     	PUSH	3932160
   242 0000017C 89 84 B5 FFFFFDF4               	MOV	DWORD [-524+EBP+ESI*4],EAX
   243 00000183 E8 [00000000]                   	CALL	_memman_alloc_4k
   244 00000188 6A FF                           	PUSH	-1
   245 0000018A 89 C3                           	MOV	EBX,EAX
   246 0000018C 6A 34                           	PUSH	52
   247 0000018E 68 00000090                     	PUSH	144
   248 00000193 50                              	PUSH	EAX
   249 00000194 FF B4 B5 FFFFFDF4               	PUSH	DWORD [-524+EBP+ESI*4]
   250 0000019B E8 [00000000]                   	CALL	_sheet_setbuf
   251 000001A0 8D 45 C4                        	LEA	EAX,DWORD [-60+EBP]
   252 000001A3 83 C4 20                        	ADD	ESP,32
   253 000001A6 56                              	PUSH	ESI
   254 000001A7 68 [00000054]                   	PUSH	LC0
   255 000001AC 50                              	PUSH	EAX
   256 000001AD E8 [00000000]                   	CALL	_sprintf
   257 000001B2 8D 55 C4                        	LEA	EDX,DWORD [-60+EBP]
   258 000001B5 6A 00                           	PUSH	0
   259 000001B7 52                              	PUSH	EDX
   260 000001B8 6A 34                           	PUSH	52
   261 000001BA 68 00000090                     	PUSH	144
   262 000001BF 53                              	PUSH	EBX
   263 000001C0 E8 000005E0                     	CALL	_make_window8
   264 000001C5 83 C4 20                        	ADD	ESP,32
   265 000001C8 E8 [00000000]                   	CALL	_task_alloc
   266 000001CD 68 00010000                     	PUSH	65536
   267 000001D2 89 C3                           	MOV	EBX,EAX
   268 000001D4 68 003C0000                     	PUSH	3932160
   269 000001D9 89 84 B5 FFFFF9E4               	MOV	DWORD [-1564+EBP+ESI*4],EAX
   270 000001E0 E8 [00000000]                   	CALL	_memman_alloc_4k
   271 000001E5 05 0000FFF8                     	ADD	EAX,65528
   272 000001EA 89 43 44                        	MOV	DWORD [68+EBX],EAX
   273 000001ED 8B 9C B5 FFFFFDF4               	MOV	EBX,DWORD [-524+EBP+ESI*4]
   274 000001F4 8B 84 B5 FFFFF9E4               	MOV	EAX,DWORD [-1564+EBP+ESI*4]
   275 000001FB 8B 48 44                        	MOV	ECX,DWORD [68+EAX]
   276 000001FE C7 40 2C [00000B02]             	MOV	DWORD [44+EAX],_task_b_main
   277 00000205 C7 40 54 00000008               	MOV	DWORD [84+EAX],8
   278 0000020C C7 40 58 00000010               	MOV	DWORD [88+EAX],16
   279 00000213 C7 40 5C 00000008               	MOV	DWORD [92+EAX],8
   280 0000021A C7 40 60 00000008               	MOV	DWORD [96+EAX],8
   281 00000221 C7 40 64 00000008               	MOV	DWORD [100+EAX],8
   282 00000228 C7 40 68 00000008               	MOV	DWORD [104+EAX],8
   283 0000022F 89 59 04                        	MOV	DWORD [4+ECX],EBX
   284 00000232 8D 5E 01                        	LEA	EBX,DWORD [1+ESI]
   285 00000235 53                              	PUSH	EBX
   286 00000236 89 DE                           	MOV	ESI,EBX
   287 00000238 50                              	PUSH	EAX
   288 00000239 E8 [00000000]                   	CALL	_task_run
   289 0000023E 83 C4 10                        	ADD	ESP,16
   290 00000241 83 FB 02                        	CMP	EBX,2
   291 00000244 0F 8E FFFFFF22                  	JLE	L6
   292 0000024A 57                              	PUSH	EDI
   293 0000024B E8 [00000000]                   	CALL	_sheet_alloc
   294 00000250 68 00002080                     	PUSH	8320
   295 00000255 68 003C0000                     	PUSH	3932160
   296 0000025A 89 85 FFFFF9D0                  	MOV	DWORD [-1584+EBP],EAX
   297 00000260 E8 [00000000]                   	CALL	_memman_alloc_4k
   298 00000265 6A FF                           	PUSH	-1
   299 00000267 89 C3                           	MOV	EBX,EAX
   300 00000269 6A 34                           	PUSH	52
   301 0000026B 68 00000090                     	PUSH	144
   302 00000270 50                              	PUSH	EAX
   303 00000271 FF B5 FFFFF9D0                  	PUSH	DWORD [-1584+EBP]
   304 00000277 E8 [00000000]                   	CALL	_sheet_setbuf
   305 0000027C 83 C4 20                        	ADD	ESP,32
   306 0000027F 6A 01                           	PUSH	1
   307 00000281 68 [0000005D]                   	PUSH	LC1
   308 00000286 6A 34                           	PUSH	52
   309 00000288 68 00000090                     	PUSH	144
   310 0000028D 53                              	PUSH	EBX
   311 0000028E E8 00000512                     	CALL	_make_window8
   312 00000293 6A 07                           	PUSH	7
   313 00000295 6A 10                           	PUSH	16
   314 00000297 68 00000080                     	PUSH	128
   315 0000029C 6A 1C                           	PUSH	28
   316 0000029E 6A 08                           	PUSH	8
   317 000002A0 FF B5 FFFFF9D0                  	PUSH	DWORD [-1584+EBP]
   318 000002A6 E8 00000721                     	CALL	_make_textbox8
   319 000002AB 83 C4 2C                        	ADD	ESP,44
   320 000002AE C7 85 FFFFF9C8 00000008         	MOV	DWORD [-1592+EBP],8
   321 000002B8 C7 85 FFFFF9C4 00000007         	MOV	DWORD [-1596+EBP],7
   322 000002C2 E8 [00000000]                   	CALL	_timer_alloc
   323 000002C7 6A 01                           	PUSH	1
   324 000002C9 89 C3                           	MOV	EBX,EAX
   325 000002CB 8D 85 FFFFFCD4                  	LEA	EAX,DWORD [-812+EBP]
   326 000002D1 50                              	PUSH	EAX
   327 000002D2 53                              	PUSH	EBX
   328 000002D3 E8 [00000000]                   	CALL	_timer_init
   329 000002D8 6A 32                           	PUSH	50
   330 000002DA 53                              	PUSH	EBX
   331 000002DB 8D 9D FFFFFCF4                  	LEA	EBX,DWORD [-780+EBP]
   332 000002E1 E8 [00000000]                   	CALL	_timer_settime
   333 000002E6 57                              	PUSH	EDI
   334 000002E7 E8 [00000000]                   	CALL	_sheet_alloc
   335 000002EC 6A 63                           	PUSH	99
   336 000002EE 6A 10                           	PUSH	16
   337 000002F0 6A 10                           	PUSH	16
   338 000002F2 89 85 FFFFF9D4                  	MOV	DWORD [-1580+EBP],EAX
   339 000002F8 53                              	PUSH	EBX
   340 000002F9 50                              	PUSH	EAX
   341 000002FA E8 [00000000]                   	CALL	_sheet_setbuf
   342 000002FF 83 C4 2C                        	ADD	ESP,44
   343 00000302 6A 63                           	PUSH	99
   344 00000304 53                              	PUSH	EBX
   345 00000305 BB 00000002                     	MOV	EBX,2
   346 0000030A E8 [00000000]                   	CALL	_init_mouse_cursor8
   347 0000030F 0F BF 05 00000FF4               	MOVSX	EAX,WORD [4084]
   348 00000316 8D 48 F0                        	LEA	ECX,DWORD [-16+EAX]
   349 00000319 89 C8                           	MOV	EAX,ECX
   350 0000031B 99                              	CDQ
   351 0000031C F7 FB                           	IDIV	EBX
   352 0000031E 89 85 FFFFF9E0                  	MOV	DWORD [-1568+EBP],EAX
   353 00000324 0F BF 05 00000FF6               	MOVSX	EAX,WORD [4086]
   354 0000032B 6A 00                           	PUSH	0
   355 0000032D 8D 48 D4                        	LEA	ECX,DWORD [-44+EAX]
   356 00000330 6A 00                           	PUSH	0
   357 00000332 89 C8                           	MOV	EAX,ECX
   358 00000334 99                              	CDQ
   359 00000335 F7 FB                           	IDIV	EBX
   360 00000337 FF B5 FFFFF9D8                  	PUSH	DWORD [-1576+EBP]
   361 0000033D 89 C7                           	MOV	EDI,EAX
   362 0000033F 8D 5D C4                        	LEA	EBX,DWORD [-60+EBP]
   363 00000342 E8 [00000000]                   	CALL	_sheet_slide
   364 00000347 6A 38                           	PUSH	56
   365 00000349 68 000000A8                     	PUSH	168
   366 0000034E FF B5 FFFFFDF4                  	PUSH	DWORD [-524+EBP]
   367 00000354 E8 [00000000]                   	CALL	_sheet_slide
   368 00000359 83 C4 20                        	ADD	ESP,32
   369 0000035C 6A 74                           	PUSH	116
   370 0000035E 6A 08                           	PUSH	8
   371 00000360 FF B5 FFFFFDF8                  	PUSH	DWORD [-520+EBP]
   372 00000366 E8 [00000000]                   	CALL	_sheet_slide
   373 0000036B 6A 74                           	PUSH	116
   374 0000036D 68 000000A8                     	PUSH	168
   375 00000372 FF B5 FFFFFDFC                  	PUSH	DWORD [-516+EBP]
   376 00000378 E8 [00000000]                   	CALL	_sheet_slide
   377 0000037D 6A 38                           	PUSH	56
   378 0000037F 6A 08                           	PUSH	8
   379 00000381 FF B5 FFFFF9D0                  	PUSH	DWORD [-1584+EBP]
   380 00000387 E8 [00000000]                   	CALL	_sheet_slide
   381 0000038C 83 C4 24                        	ADD	ESP,36
   382 0000038F 57                              	PUSH	EDI
   383 00000390 FF B5 FFFFF9E0                  	PUSH	DWORD [-1568+EBP]
   384 00000396 FF B5 FFFFF9D4                  	PUSH	DWORD [-1580+EBP]
   385 0000039C E8 [00000000]                   	CALL	_sheet_slide
   386 000003A1 6A 00                           	PUSH	0
   387 000003A3 FF B5 FFFFF9D8                  	PUSH	DWORD [-1576+EBP]
   388 000003A9 E8 [00000000]                   	CALL	_sheet_updown
   389 000003AE 6A 01                           	PUSH	1
   390 000003B0 FF B5 FFFFFDF4                  	PUSH	DWORD [-524+EBP]
   391 000003B6 E8 [00000000]                   	CALL	_sheet_updown
   392 000003BB 6A 02                           	PUSH	2
   393 000003BD FF B5 FFFFFDF8                  	PUSH	DWORD [-520+EBP]
   394 000003C3 E8 [00000000]                   	CALL	_sheet_updown
   395 000003C8 83 C4 24                        	ADD	ESP,36
   396 000003CB 6A 03                           	PUSH	3
   397 000003CD FF B5 FFFFFDFC                  	PUSH	DWORD [-516+EBP]
   398 000003D3 E8 [00000000]                   	CALL	_sheet_updown
   399 000003D8 6A 04                           	PUSH	4
   400 000003DA FF B5 FFFFF9D0                  	PUSH	DWORD [-1584+EBP]
   401 000003E0 E8 [00000000]                   	CALL	_sheet_updown
   402 000003E5 6A 05                           	PUSH	5
   403 000003E7 FF B5 FFFFF9D4                  	PUSH	DWORD [-1580+EBP]
   404 000003ED E8 [00000000]                   	CALL	_sheet_updown
   405 000003F2 57                              	PUSH	EDI
   406 000003F3 FF B5 FFFFF9E0                  	PUSH	DWORD [-1568+EBP]
   407 000003F9 68 [00000064]                   	PUSH	LC2
   408 000003FE 53                              	PUSH	EBX
   409 000003FF E8 [00000000]                   	CALL	_sprintf
   410 00000404 83 C4 28                        	ADD	ESP,40
   411 00000407 6A 0A                           	PUSH	10
   412 00000409 53                              	PUSH	EBX
   413 0000040A 6A 0E                           	PUSH	14
   414 0000040C 6A 07                           	PUSH	7
   415 0000040E 6A 00                           	PUSH	0
   416 00000410 6A 00                           	PUSH	0
   417 00000412 FF B5 FFFFF9D8                  	PUSH	DWORD [-1576+EBP]
   418 00000418 E8 00000528                     	CALL	_putfonts8_asc_sht
   419 0000041D 68 003C0000                     	PUSH	3932160
   420 00000422 E8 [00000000]                   	CALL	_memman_total
   421 00000427 C1 AD FFFFF9DC 14               	SHR	DWORD [-1572+EBP],20
   422 0000042E C1 E8 0A                        	SHR	EAX,10
   423 00000431 89 04 24                        	MOV	DWORD [ESP],EAX
   424 00000434 FF B5 FFFFF9DC                  	PUSH	DWORD [-1572+EBP]
   425 0000043A 68 [0000006F]                   	PUSH	LC3
   426 0000043F 53                              	PUSH	EBX
   427 00000440 E8 [00000000]                   	CALL	_sprintf
   428 00000445 83 C4 2C                        	ADD	ESP,44
   429 00000448 6A 28                           	PUSH	40
   430 0000044A 53                              	PUSH	EBX
   431 0000044B 6A 0E                           	PUSH	14
   432 0000044D 6A 07                           	PUSH	7
   433 0000044F 6A 20                           	PUSH	32
   434 00000451 6A 00                           	PUSH	0
   435 00000453 FF B5 FFFFF9D8                  	PUSH	DWORD [-1576+EBP]
   436 00000459 E8 000004E7                     	CALL	_putfonts8_asc_sht
   437 0000045E 83 C4 1C                        	ADD	ESP,28
   438 00000461                                 L7:
   439 00000461 8D 9D FFFFFCD4                  	LEA	EBX,DWORD [-812+EBP]
   440 00000467 E8 [00000000]                   	CALL	_io_cli
   441 0000046C 53                              	PUSH	EBX
   442 0000046D E8 [00000000]                   	CALL	_fifo32_status
   443 00000472 5E                              	POP	ESI
   444 00000473 85 C0                           	TEST	EAX,EAX
   445 00000475 0F 84 00000314                  	JE	L34
   446 0000047B 53                              	PUSH	EBX
   447 0000047C E8 [00000000]                   	CALL	_fifo32_get
   448 00000481 89 C6                           	MOV	ESI,EAX
   449 00000483 E8 [00000000]                   	CALL	_io_sti
   450 00000488 5A                              	POP	EDX
   451 00000489 8D 86 FFFFFF00                  	LEA	EAX,DWORD [-256+ESI]
   452 0000048F 3D 000000FF                     	CMP	EAX,255
   453 00000494 0F 86 000001F5                  	JBE	L35
   454 0000049A 8D 86 FFFFFE00                  	LEA	EAX,DWORD [-512+ESI]
   455 000004A0 3D 000000FF                     	CMP	EAX,255
   456 000004A5 0F 86 000000A2                  	JBE	L36
   457 000004AB 83 FE 01                        	CMP	ESI,1
   458 000004AE 7F B1                           	JG	L7
   459 000004B0 85 F6                           	TEST	ESI,ESI
   460 000004B2 74 7C                           	JE	L29
   461 000004B4 6A 00                           	PUSH	0
   462 000004B6 53                              	PUSH	EBX
   463 000004B7 FF B5 FFFFF9CC                  	PUSH	DWORD [-1588+EBP]
   464 000004BD E8 [00000000]                   	CALL	_timer_init
   465 000004C2 C7 85 FFFFF9C4 00000000         	MOV	DWORD [-1596+EBP],0
   466 000004CC                                 L33:
   467 000004CC 83 C4 0C                        	ADD	ESP,12
   468 000004CF 6A 32                           	PUSH	50
   469 000004D1 FF B5 FFFFF9CC                  	PUSH	DWORD [-1588+EBP]
   470 000004D7 E8 [00000000]                   	CALL	_timer_settime
   471 000004DC 8B 95 FFFFF9D0                  	MOV	EDX,DWORD [-1584+EBP]
   472 000004E2 8B 85 FFFFF9C8                  	MOV	EAX,DWORD [-1592+EBP]
   473 000004E8 6A 2B                           	PUSH	43
   474 000004EA 83 C0 07                        	ADD	EAX,7
   475 000004ED 50                              	PUSH	EAX
   476 000004EE 6A 1C                           	PUSH	28
   477 000004F0 FF B5 FFFFF9C8                  	PUSH	DWORD [-1592+EBP]
   478 000004F6 FF B5 FFFFF9C4                  	PUSH	DWORD [-1596+EBP]
   479 000004FC FF 72 04                        	PUSH	DWORD [4+EDX]
   480 000004FF FF 32                           	PUSH	DWORD [EDX]
   481 00000501 E8 [00000000]                   	CALL	_boxfill8
   482 00000506 8B 85 FFFFF9C8                  	MOV	EAX,DWORD [-1592+EBP]
   483 0000050C 83 C4 24                        	ADD	ESP,36
   484 0000050F 83 C0 08                        	ADD	EAX,8
   485 00000512 6A 2C                           	PUSH	44
   486 00000514 50                              	PUSH	EAX
   487 00000515 6A 1C                           	PUSH	28
   488 00000517 FF B5 FFFFF9C8                  	PUSH	DWORD [-1592+EBP]
   489 0000051D FF B5 FFFFF9D0                  	PUSH	DWORD [-1584+EBP]
   490 00000523 E8 [00000000]                   	CALL	_sheet_refresh
   491 00000528 83 C4 14                        	ADD	ESP,20
   492 0000052B E9 FFFFFF31                     	JMP	L7
   493 00000530                                 L29:
   494 00000530 6A 01                           	PUSH	1
   495 00000532 53                              	PUSH	EBX
   496 00000533 FF B5 FFFFF9CC                  	PUSH	DWORD [-1588+EBP]
   497 00000539 E8 [00000000]                   	CALL	_timer_init
   498 0000053E C7 85 FFFFF9C4 00000007         	MOV	DWORD [-1596+EBP],7
   499 00000548 E9 FFFFFF7F                     	JMP	L33
   500 0000054D                                 L36:
   501 0000054D 89 F2                           	MOV	EDX,ESI
   502 0000054F 0F B6 C2                        	MOVZX	EAX,DL
   503 00000552 50                              	PUSH	EAX
   504 00000553 8D 85 FFFFFE04                  	LEA	EAX,DWORD [-508+EBP]
   505 00000559 50                              	PUSH	EAX
   506 0000055A E8 [00000000]                   	CALL	_mouse_decode
   507 0000055F 5A                              	POP	EDX
   508 00000560 59                              	POP	ECX
   509 00000561 85 C0                           	TEST	EAX,EAX
   510 00000563 0F 84 FFFFFEF8                  	JE	L7
   511 00000569 FF B5 FFFFFE0C                  	PUSH	DWORD [-500+EBP]
   512 0000056F FF B5 FFFFFE08                  	PUSH	DWORD [-504+EBP]
   513 00000575 68 [00000089]                   	PUSH	LC6
   514 0000057A 8D 5D C4                        	LEA	EBX,DWORD [-60+EBP]
   515 0000057D 53                              	PUSH	EBX
   516 0000057E E8 [00000000]                   	CALL	_sprintf
   517 00000583 83 C4 10                        	ADD	ESP,16
   518 00000586 8B 85 FFFFFE10                  	MOV	EAX,DWORD [-496+EBP]
   519 0000058C A9 00000001                     	TEST	EAX,1
   520 00000591 74 04                           	JE	L19
   521 00000593 C6 45 C5 4C                     	MOV	BYTE [-59+EBP],76
   522 00000597                                 L19:
   523 00000597 A9 00000002                     	TEST	EAX,2
   524 0000059C 74 04                           	JE	L20
   525 0000059E C6 45 C7 52                     	MOV	BYTE [-57+EBP],82
   526 000005A2                                 L20:
   527 000005A2 83 E0 04                        	AND	EAX,4
   528 000005A5 74 04                           	JE	L21
   529 000005A7 C6 45 C6 43                     	MOV	BYTE [-58+EBP],67
   530 000005AB                                 L21:
   531 000005AB 6A 0F                           	PUSH	15
   532 000005AD 53                              	PUSH	EBX
   533 000005AE 6A 0E                           	PUSH	14
   534 000005B0 6A 07                           	PUSH	7
   535 000005B2 6A 10                           	PUSH	16
   536 000005B4 6A 20                           	PUSH	32
   537 000005B6 FF B5 FFFFF9D8                  	PUSH	DWORD [-1576+EBP]
   538 000005BC E8 00000384                     	CALL	_putfonts8_asc_sht
   539 000005C1 8B 85 FFFFFE08                  	MOV	EAX,DWORD [-504+EBP]
   540 000005C7 03 BD FFFFFE0C                  	ADD	EDI,DWORD [-500+EBP]
   541 000005CD 83 C4 1C                        	ADD	ESP,28
   542 000005D0 01 85 FFFFF9E0                  	ADD	DWORD [-1568+EBP],EAX
   543 000005D6 0F 88 000000A4                  	JS	L37
   544 000005DC                                 L22:
   545 000005DC 85 FF                           	TEST	EDI,EDI
   546 000005DE 0F 88 00000095                  	JS	L38
   547 000005E4                                 L23:
   548 000005E4 0F BF 05 00000FF4               	MOVSX	EAX,WORD [4084]
   549 000005EB 48                              	DEC	EAX
   550 000005EC 39 85 FFFFF9E0                  	CMP	DWORD [-1568+EBP],EAX
   551 000005F2 7E 06                           	JLE	L24
   552 000005F4 89 85 FFFFF9E0                  	MOV	DWORD [-1568+EBP],EAX
   553 000005FA                                 L24:
   554 000005FA 0F BF 05 00000FF6               	MOVSX	EAX,WORD [4086]
   555 00000601 48                              	DEC	EAX
   556 00000602 39 C7                           	CMP	EDI,EAX
   557 00000604 7E 02                           	JLE	L25
   558 00000606 89 C7                           	MOV	EDI,EAX
   559 00000608                                 L25:
   560 00000608 57                              	PUSH	EDI
   561 00000609 FF B5 FFFFF9E0                  	PUSH	DWORD [-1568+EBP]
   562 0000060F 68 [00000064]                   	PUSH	LC2
   563 00000614 53                              	PUSH	EBX
   564 00000615 E8 [00000000]                   	CALL	_sprintf
   565 0000061A 6A 0A                           	PUSH	10
   566 0000061C 53                              	PUSH	EBX
   567 0000061D 6A 0E                           	PUSH	14
   568 0000061F 6A 07                           	PUSH	7
   569 00000621 6A 00                           	PUSH	0
   570 00000623 6A 00                           	PUSH	0
   571 00000625 FF B5 FFFFF9D8                  	PUSH	DWORD [-1576+EBP]
   572 0000062B E8 00000315                     	CALL	_putfonts8_asc_sht
   573 00000630 83 C4 2C                        	ADD	ESP,44
   574 00000633 57                              	PUSH	EDI
   575 00000634 FF B5 FFFFF9E0                  	PUSH	DWORD [-1568+EBP]
   576 0000063A FF B5 FFFFF9D4                  	PUSH	DWORD [-1580+EBP]
   577 00000640 E8 [00000000]                   	CALL	_sheet_slide
   578 00000645 83 C4 0C                        	ADD	ESP,12
   579 00000648 F7 85 FFFFFE10 00000001         	TEST	DWORD [-496+EBP],1
   580 00000652 0F 84 FFFFFE09                  	JE	L7
   581 00000658 8D 47 B0                        	LEA	EAX,DWORD [-80+EDI]
   582 0000065B 50                              	PUSH	EAX
   583 0000065C 8B 85 FFFFF9E0                  	MOV	EAX,DWORD [-1568+EBP]
   584 00000662 83 E8 50                        	SUB	EAX,80
   585 00000665 50                              	PUSH	EAX
   586 00000666 FF B5 FFFFF9D0                  	PUSH	DWORD [-1584+EBP]
   587 0000066C E8 [00000000]                   	CALL	_sheet_slide
   588 00000671 83 C4 0C                        	ADD	ESP,12
   589 00000674 E9 FFFFFDE8                     	JMP	L7
   590 00000679                                 L38:
   591 00000679 31 FF                           	XOR	EDI,EDI
   592 0000067B E9 FFFFFF64                     	JMP	L23
   593 00000680                                 L37:
   594 00000680 C7 85 FFFFF9E0 00000000         	MOV	DWORD [-1568+EBP],0
   595 0000068A E9 FFFFFF4D                     	JMP	L22
   596 0000068F                                 L35:
   597 0000068F 50                              	PUSH	EAX
   598 00000690 8D 5D C4                        	LEA	EBX,DWORD [-60+EBP]
   599 00000693 68 [00000097]                   	PUSH	LC4
   600 00000698 53                              	PUSH	EBX
   601 00000699 E8 [00000000]                   	CALL	_sprintf
   602 0000069E 6A 02                           	PUSH	2
   603 000006A0 53                              	PUSH	EBX
   604 000006A1 6A 0E                           	PUSH	14
   605 000006A3 6A 07                           	PUSH	7
   606 000006A5 6A 10                           	PUSH	16
   607 000006A7 6A 00                           	PUSH	0
   608 000006A9 FF B5 FFFFF9D8                  	PUSH	DWORD [-1576+EBP]
   609 000006AF E8 00000291                     	CALL	_putfonts8_asc_sht
   610 000006B4 83 C4 28                        	ADD	ESP,40
   611 000006B7 81 FE 00000153                  	CMP	ESI,339
   612 000006BD 7F 41                           	JG	L13
   613 000006BF 8A 86 [FFFFFF00]                	MOV	AL,BYTE [_keytable.0-256+ESI]
   614 000006C5 84 C0                           	TEST	AL,AL
   615 000006C7 74 37                           	JE	L13
   616 000006C9 81 BD FFFFF9C8 0000008F         	CMP	DWORD [-1592+EBP],143
   617 000006D3 7F 2B                           	JG	L13
   618 000006D5 6A 01                           	PUSH	1
   619 000006D7 88 45 C4                        	MOV	BYTE [-60+EBP],AL
   620 000006DA 53                              	PUSH	EBX
   621 000006DB 6A 08                           	PUSH	8
   622 000006DD 6A 00                           	PUSH	0
   623 000006DF 6A 1C                           	PUSH	28
   624 000006E1 FF B5 FFFFF9C8                  	PUSH	DWORD [-1592+EBP]
   625 000006E7 FF B5 FFFFF9D0                  	PUSH	DWORD [-1584+EBP]
   626 000006ED C6 45 C5 00                     	MOV	BYTE [-59+EBP],0
   627 000006F1 E8 0000024F                     	CALL	_putfonts8_asc_sht
   628 000006F6 83 C4 1C                        	ADD	ESP,28
   629 000006F9 83 85 FFFFF9C8 08               	ADD	DWORD [-1592+EBP],8
   630 00000700                                 L13:
   631 00000700 81 FE 0000010E                  	CMP	ESI,270
   632 00000706 74 51                           	JE	L39
   633 00000708                                 L15:
   634 00000708 8B 85 FFFFF9C8                  	MOV	EAX,DWORD [-1592+EBP]
   635 0000070E 6A 2B                           	PUSH	43
   636 00000710 83 C0 07                        	ADD	EAX,7
   637 00000713 50                              	PUSH	EAX
   638 00000714 8B 85 FFFFF9D0                  	MOV	EAX,DWORD [-1584+EBP]
   639 0000071A 6A 1C                           	PUSH	28
   640 0000071C FF B5 FFFFF9C8                  	PUSH	DWORD [-1592+EBP]
   641 00000722 FF B5 FFFFF9C4                  	PUSH	DWORD [-1596+EBP]
   642 00000728 FF 70 04                        	PUSH	DWORD [4+EAX]
   643 0000072B FF 30                           	PUSH	DWORD [EAX]
   644 0000072D E8 [00000000]                   	CALL	_boxfill8
   645 00000732 8B 85 FFFFF9C8                  	MOV	EAX,DWORD [-1592+EBP]
   646 00000738 6A 2C                           	PUSH	44
   647 0000073A 83 C0 08                        	ADD	EAX,8
   648 0000073D 50                              	PUSH	EAX
   649 0000073E 6A 1C                           	PUSH	28
   650 00000740 FF B5 FFFFF9C8                  	PUSH	DWORD [-1592+EBP]
   651 00000746 FF B5 FFFFF9D0                  	PUSH	DWORD [-1584+EBP]
   652 0000074C E8 [00000000]                   	CALL	_sheet_refresh
   653 00000751 83 C4 30                        	ADD	ESP,48
   654 00000754 E9 FFFFFD08                     	JMP	L7
   655 00000759                                 L39:
   656 00000759 83 BD FFFFF9C8 08               	CMP	DWORD [-1592+EBP],8
   657 00000760 7E A6                           	JLE	L15
   658 00000762 6A 01                           	PUSH	1
   659 00000764 68 [0000009C]                   	PUSH	LC5
   660 00000769 6A 07                           	PUSH	7
   661 0000076B 6A 00                           	PUSH	0
   662 0000076D 6A 1C                           	PUSH	28
   663 0000076F FF B5 FFFFF9C8                  	PUSH	DWORD [-1592+EBP]
   664 00000775 FF B5 FFFFF9D0                  	PUSH	DWORD [-1584+EBP]
   665 0000077B E8 000001C5                     	CALL	_putfonts8_asc_sht
   666 00000780 83 C4 1C                        	ADD	ESP,28
   667 00000783 83 AD FFFFF9C8 08               	SUB	DWORD [-1592+EBP],8
   668 0000078A E9 FFFFFF79                     	JMP	L15
   669 0000078F                                 L34:
   670 0000078F FF B5 FFFFF9C0                  	PUSH	DWORD [-1600+EBP]
   671 00000795 E8 [00000000]                   	CALL	_task_sleep
   672 0000079A E8 [00000000]                   	CALL	_io_sti
   673 0000079F 59                              	POP	ECX
   674 000007A0 E9 FFFFFCBC                     	JMP	L7
   675                                          [SECTION .data]
   676 0000009E                                 _closebtn.1:
   677 0000009E 4F 4F 4F 4F 4F 4F 4F 4F 4F 4F   	DB	"OOOOOOOOOOOOOOO@"
       000000A8 4F 4F 4F 4F 4F 40 
   678 000000AE 4F 51 51 51 51 51 51 51 51 51   	DB	"OQQQQQQQQQQQQQ$@"
       000000B8 51 51 51 51 24 40 
   679 000000BE 4F 51 51 51 51 51 51 51 51 51   	DB	"OQQQQQQQQQQQQQ$@"
       000000C8 51 51 51 51 24 40 
   680 000000CE 4F 51 51 51 40 40 51 51 51 51   	DB	"OQQQ@@QQQQ@@QQ$@"
       000000D8 40 40 51 51 24 40 
   681 000000DE 4F 51 51 51 51 40 40 51 51 40   	DB	"OQQQQ@@QQ@@QQQ$@"
       000000E8 40 51 51 51 24 40 
   682 000000EE 4F 51 51 51 51 51 40 40 40 40   	DB	"OQQQQQ@@@@QQQQ$@"
       000000F8 51 51 51 51 24 40 
   683 000000FE 4F 51 51 51 51 51 51 40 40 51   	DB	"OQQQQQQ@@QQQQQ$@"
       00000108 51 51 51 51 24 40 
   684 0000010E 4F 51 51 51 51 51 40 40 40 40   	DB	"OQQQQQ@@@@QQQQ$@"
       00000118 51 51 51 51 24 40 
   685 0000011E 4F 51 51 51 51 40 40 51 51 40   	DB	"OQQQQ@@QQ@@QQQ$@"
       00000128 40 51 51 51 24 40 
   686 0000012E 4F 51 51 51 40 40 51 51 51 51   	DB	"OQQQ@@QQQQ@@QQ$@"
       00000138 40 40 51 51 24 40 
   687 0000013E 4F 51 51 51 51 51 51 51 51 51   	DB	"OQQQQQQQQQQQQQ$@"
       00000148 51 51 51 51 24 40 
   688 0000014E 4F 51 51 51 51 51 51 51 51 51   	DB	"OQQQQQQQQQQQQQ$@"
       00000158 51 51 51 51 24 40 
   689 0000015E 4F 24 24 24 24 24 24 24 24 24   	DB	"O$$$$$$$$$$$$$$@"
       00000168 24 24 24 24 24 40 
   690 0000016E 40 40 40 40 40 40 40 40 40 40   	DB	"@@@@@@@@@@@@@@@@"
       00000178 40 40 40 40 40 40 
   691                                          [SECTION .text]
   692 000007A5                                 	GLOBAL	_make_window8
   693 000007A5                                 _make_window8:
   694 000007A5 55                              	PUSH	EBP
   695 000007A6 89 E5                           	MOV	EBP,ESP
   696 000007A8 57                              	PUSH	EDI
   697 000007A9 56                              	PUSH	ESI
   698 000007AA 53                              	PUSH	EBX
   699 000007AB 83 EC 0C                        	SUB	ESP,12
   700 000007AE 80 7D 18 00                     	CMP	BYTE [24+EBP],0
   701 000007B2 0F 84 00000180                  	JE	L41
   702 000007B8 C6 45 EF 07                     	MOV	BYTE [-17+EBP],7
   703 000007BC C6 45 EE 0C                     	MOV	BYTE [-18+EBP],12
   704 000007C0                                 L42:
   705 000007C0 8B 45 0C                        	MOV	EAX,DWORD [12+EBP]
   706 000007C3 6A 00                           	PUSH	0
   707 000007C5 48                              	DEC	EAX
   708 000007C6 50                              	PUSH	EAX
   709 000007C7 89 45 E8                        	MOV	DWORD [-24+EBP],EAX
   710 000007CA 6A 00                           	PUSH	0
   711 000007CC 6A 00                           	PUSH	0
   712 000007CE 6A 08                           	PUSH	8
   713 000007D0 FF 75 0C                        	PUSH	DWORD [12+EBP]
   714 000007D3 FF 75 08                        	PUSH	DWORD [8+EBP]
   715 000007D6 E8 [00000000]                   	CALL	_boxfill8
   716 000007DB 8B 75 0C                        	MOV	ESI,DWORD [12+EBP]
   717 000007DE 6A 01                           	PUSH	1
   718 000007E0 83 EE 02                        	SUB	ESI,2
   719 000007E3 56                              	PUSH	ESI
   720 000007E4 6A 01                           	PUSH	1
   721 000007E6 6A 01                           	PUSH	1
   722 000007E8 6A 07                           	PUSH	7
   723 000007EA FF 75 0C                        	PUSH	DWORD [12+EBP]
   724 000007ED FF 75 08                        	PUSH	DWORD [8+EBP]
   725 000007F0 E8 [00000000]                   	CALL	_boxfill8
   726 000007F5 8B 7D 10                        	MOV	EDI,DWORD [16+EBP]
   727 000007F8 83 C4 38                        	ADD	ESP,56
   728 000007FB 4F                              	DEC	EDI
   729 000007FC 57                              	PUSH	EDI
   730 000007FD 6A 00                           	PUSH	0
   731 000007FF 6A 00                           	PUSH	0
   732 00000801 6A 00                           	PUSH	0
   733 00000803 6A 08                           	PUSH	8
   734 00000805 FF 75 0C                        	PUSH	DWORD [12+EBP]
   735 00000808 FF 75 08                        	PUSH	DWORD [8+EBP]
   736 0000080B E8 [00000000]                   	CALL	_boxfill8
   737 00000810 8B 5D 10                        	MOV	EBX,DWORD [16+EBP]
   738 00000813 83 EB 02                        	SUB	EBX,2
   739 00000816 53                              	PUSH	EBX
   740 00000817 6A 01                           	PUSH	1
   741 00000819 6A 01                           	PUSH	1
   742 0000081B 6A 01                           	PUSH	1
   743 0000081D 6A 07                           	PUSH	7
   744 0000081F FF 75 0C                        	PUSH	DWORD [12+EBP]
   745 00000822 FF 75 08                        	PUSH	DWORD [8+EBP]
   746 00000825 E8 [00000000]                   	CALL	_boxfill8
   747 0000082A 83 C4 38                        	ADD	ESP,56
   748 0000082D 53                              	PUSH	EBX
   749 0000082E 56                              	PUSH	ESI
   750 0000082F 6A 01                           	PUSH	1
   751 00000831 56                              	PUSH	ESI
   752 00000832 6A 0F                           	PUSH	15
   753 00000834 FF 75 0C                        	PUSH	DWORD [12+EBP]
   754 00000837 FF 75 08                        	PUSH	DWORD [8+EBP]
   755 0000083A E8 [00000000]                   	CALL	_boxfill8
   756 0000083F 57                              	PUSH	EDI
   757 00000840 FF 75 E8                        	PUSH	DWORD [-24+EBP]
   758 00000843 6A 00                           	PUSH	0
   759 00000845 FF 75 E8                        	PUSH	DWORD [-24+EBP]
   760 00000848 6A 00                           	PUSH	0
   761 0000084A FF 75 0C                        	PUSH	DWORD [12+EBP]
   762 0000084D FF 75 08                        	PUSH	DWORD [8+EBP]
   763 00000850 E8 [00000000]                   	CALL	_boxfill8
   764 00000855 8B 45 10                        	MOV	EAX,DWORD [16+EBP]
   765 00000858 83 C4 38                        	ADD	ESP,56
   766 0000085B 83 E8 03                        	SUB	EAX,3
   767 0000085E 50                              	PUSH	EAX
   768 0000085F 8B 45 0C                        	MOV	EAX,DWORD [12+EBP]
   769 00000862 83 E8 03                        	SUB	EAX,3
   770 00000865 50                              	PUSH	EAX
   771 00000866 6A 02                           	PUSH	2
   772 00000868 6A 02                           	PUSH	2
   773 0000086A 6A 08                           	PUSH	8
   774 0000086C FF 75 0C                        	PUSH	DWORD [12+EBP]
   775 0000086F FF 75 08                        	PUSH	DWORD [8+EBP]
   776 00000872 E8 [00000000]                   	CALL	_boxfill8
   777 00000877 8B 45 0C                        	MOV	EAX,DWORD [12+EBP]
   778 0000087A 6A 14                           	PUSH	20
   779 0000087C 83 E8 04                        	SUB	EAX,4
   780 0000087F 50                              	PUSH	EAX
   781 00000880 6A 03                           	PUSH	3
   782 00000882 6A 03                           	PUSH	3
   783 00000884 0F B6 45 EE                     	MOVZX	EAX,BYTE [-18+EBP]
   784 00000888 50                              	PUSH	EAX
   785 00000889 FF 75 0C                        	PUSH	DWORD [12+EBP]
   786 0000088C FF 75 08                        	PUSH	DWORD [8+EBP]
   787 0000088F E8 [00000000]                   	CALL	_boxfill8
   788 00000894 83 C4 38                        	ADD	ESP,56
   789 00000897 53                              	PUSH	EBX
   790 00000898 56                              	PUSH	ESI
   791 00000899 53                              	PUSH	EBX
   792 0000089A 6A 01                           	PUSH	1
   793 0000089C 6A 0F                           	PUSH	15
   794 0000089E FF 75 0C                        	PUSH	DWORD [12+EBP]
   795 000008A1 FF 75 08                        	PUSH	DWORD [8+EBP]
   796 000008A4 E8 [00000000]                   	CALL	_boxfill8
   797 000008A9 57                              	PUSH	EDI
   798 000008AA FF 75 E8                        	PUSH	DWORD [-24+EBP]
   799 000008AD 57                              	PUSH	EDI
   800 000008AE 31 FF                           	XOR	EDI,EDI
   801 000008B0 6A 00                           	PUSH	0
   802 000008B2 6A 00                           	PUSH	0
   803 000008B4 FF 75 0C                        	PUSH	DWORD [12+EBP]
   804 000008B7 FF 75 08                        	PUSH	DWORD [8+EBP]
   805 000008BA E8 [00000000]                   	CALL	_boxfill8
   806 000008BF 83 C4 38                        	ADD	ESP,56
   807 000008C2 FF 75 14                        	PUSH	DWORD [20+EBP]
   808 000008C5 0F BE 45 EF                     	MOVSX	EAX,BYTE [-17+EBP]
   809 000008C9 50                              	PUSH	EAX
   810 000008CA 6A 04                           	PUSH	4
   811 000008CC 6A 18                           	PUSH	24
   812 000008CE FF 75 0C                        	PUSH	DWORD [12+EBP]
   813 000008D1 FF 75 08                        	PUSH	DWORD [8+EBP]
   814 000008D4 E8 [00000000]                   	CALL	_putfonts8_asc
   815 000008D9 83 C4 18                        	ADD	ESP,24
   816 000008DC 6B 5D 0C 05                     	IMUL	EBX,DWORD [12+EBP],5
   817 000008E0 C7 45 F0 00000000               	MOV	DWORD [-16+EBP],0
   818 000008E7                                 L58:
   819 000008E7 8B 45 0C                        	MOV	EAX,DWORD [12+EBP]
   820 000008EA 8B 55 08                        	MOV	EDX,DWORD [8+EBP]
   821 000008ED 01 D8                           	ADD	EAX,EBX
   822 000008EF 31 F6                           	XOR	ESI,ESI
   823 000008F1 8D 4C 02 EB                     	LEA	ECX,DWORD [-21+EDX+EAX*1]
   824 000008F5                                 L57:
   825 000008F5 8A 94 3E [0000009E]             	MOV	DL,BYTE [_closebtn.1+ESI+EDI*1]
   826 000008FC 80 FA 40                        	CMP	DL,64
   827 000008FF 74 33                           	JE	L63
   828 00000901 80 FA 24                        	CMP	DL,36
   829 00000904 74 2A                           	JE	L64
   830 00000906 80 FA 51                        	CMP	DL,81
   831 00000909 B2 08                           	MOV	DL,8
   832 0000090B 0F 95 C0                        	SETNE	AL
   833 0000090E 28 C2                           	SUB	DL,AL
   834 00000910                                 L52:
   835 00000910 46                              	INC	ESI
   836 00000911 88 11                           	MOV	BYTE [ECX],DL
   837 00000913 41                              	INC	ECX
   838 00000914 83 FE 0F                        	CMP	ESI,15
   839 00000917 7E DC                           	JLE	L57
   840 00000919 FF 45 F0                        	INC	DWORD [-16+EBP]
   841 0000091C 83 C7 10                        	ADD	EDI,16
   842 0000091F 03 5D 0C                        	ADD	EBX,DWORD [12+EBP]
   843 00000922 83 7D F0 0D                     	CMP	DWORD [-16+EBP],13
   844 00000926 7E BF                           	JLE	L58
   845 00000928 8D 65 F4                        	LEA	ESP,DWORD [-12+EBP]
   846 0000092B 5B                              	POP	EBX
   847 0000092C 5E                              	POP	ESI
   848 0000092D 5F                              	POP	EDI
   849 0000092E 5D                              	POP	EBP
   850 0000092F C3                              	RET
   851 00000930                                 L64:
   852 00000930 B2 0F                           	MOV	DL,15
   853 00000932 EB DC                           	JMP	L52
   854 00000934                                 L63:
   855 00000934 31 D2                           	XOR	EDX,EDX
   856 00000936 EB D8                           	JMP	L52
   857 00000938                                 L41:
   858 00000938 C6 45 EF 08                     	MOV	BYTE [-17+EBP],8
   859 0000093C C6 45 EE 0F                     	MOV	BYTE [-18+EBP],15
   860 00000940 E9 FFFFFE7B                     	JMP	L42
   861 00000945                                 	GLOBAL	_putfonts8_asc_sht
   862 00000945                                 _putfonts8_asc_sht:
   863 00000945 55                              	PUSH	EBP
   864 00000946 89 E5                           	MOV	EBP,ESP
   865 00000948 57                              	PUSH	EDI
   866 00000949 56                              	PUSH	ESI
   867 0000094A 53                              	PUSH	EBX
   868 0000094B 83 EC 0C                        	SUB	ESP,12
   869 0000094E 8B 45 08                        	MOV	EAX,DWORD [8+EBP]
   870 00000951 8B 7D 10                        	MOV	EDI,DWORD [16+EBP]
   871 00000954 89 45 F0                        	MOV	DWORD [-16+EBP],EAX
   872 00000957 8B 5D 14                        	MOV	EBX,DWORD [20+EBP]
   873 0000095A 8B 45 0C                        	MOV	EAX,DWORD [12+EBP]
   874 0000095D 89 45 EC                        	MOV	DWORD [-20+EBP],EAX
   875 00000960 8B 45 1C                        	MOV	EAX,DWORD [28+EBP]
   876 00000963 89 45 E8                        	MOV	DWORD [-24+EBP],EAX
   877 00000966 8D 47 0F                        	LEA	EAX,DWORD [15+EDI]
   878 00000969 50                              	PUSH	EAX
   879 0000096A 8B 45 EC                        	MOV	EAX,DWORD [-20+EBP]
   880 0000096D 8B 75 20                        	MOV	ESI,DWORD [32+EBP]
   881 00000970 0F BE DB                        	MOVSX	EBX,BL
   882 00000973 8D 34 F0                        	LEA	ESI,DWORD [EAX+ESI*8]
   883 00000976 8D 46 FF                        	LEA	EAX,DWORD [-1+ESI]
   884 00000979 50                              	PUSH	EAX
   885 0000097A 57                              	PUSH	EDI
   886 0000097B FF 75 EC                        	PUSH	DWORD [-20+EBP]
   887 0000097E 0F B6 45 18                     	MOVZX	EAX,BYTE [24+EBP]
   888 00000982 50                              	PUSH	EAX
   889 00000983 8B 45 F0                        	MOV	EAX,DWORD [-16+EBP]
   890 00000986 FF 70 04                        	PUSH	DWORD [4+EAX]
   891 00000989 FF 30                           	PUSH	DWORD [EAX]
   892 0000098B E8 [00000000]                   	CALL	_boxfill8
   893 00000990 FF 75 E8                        	PUSH	DWORD [-24+EBP]
   894 00000993 53                              	PUSH	EBX
   895 00000994 57                              	PUSH	EDI
   896 00000995 FF 75 EC                        	PUSH	DWORD [-20+EBP]
   897 00000998 8B 45 F0                        	MOV	EAX,DWORD [-16+EBP]
   898 0000099B FF 70 04                        	PUSH	DWORD [4+EAX]
   899 0000099E FF 30                           	PUSH	DWORD [EAX]
   900 000009A0 E8 [00000000]                   	CALL	_putfonts8_asc
   901 000009A5 89 7D 10                        	MOV	DWORD [16+EBP],EDI
   902 000009A8 8D 47 10                        	LEA	EAX,DWORD [16+EDI]
   903 000009AB 89 75 14                        	MOV	DWORD [20+EBP],ESI
   904 000009AE 89 45 18                        	MOV	DWORD [24+EBP],EAX
   905 000009B1 83 C4 34                        	ADD	ESP,52
   906 000009B4 8B 45 EC                        	MOV	EAX,DWORD [-20+EBP]
   907 000009B7 89 45 0C                        	MOV	DWORD [12+EBP],EAX
   908 000009BA 8B 45 F0                        	MOV	EAX,DWORD [-16+EBP]
   909 000009BD 89 45 08                        	MOV	DWORD [8+EBP],EAX
   910 000009C0 8D 65 F4                        	LEA	ESP,DWORD [-12+EBP]
   911 000009C3 5B                              	POP	EBX
   912 000009C4 5E                              	POP	ESI
   913 000009C5 5F                              	POP	EDI
   914 000009C6 5D                              	POP	EBP
   915 000009C7 E9 [00000000]                   	JMP	_sheet_refresh
   916 000009CC                                 	GLOBAL	_make_textbox8
   917 000009CC                                 _make_textbox8:
   918 000009CC 55                              	PUSH	EBP
   919 000009CD 89 E5                           	MOV	EBP,ESP
   920 000009CF 57                              	PUSH	EDI
   921 000009D0 56                              	PUSH	ESI
   922 000009D1 53                              	PUSH	EBX
   923 000009D2 83 EC 14                        	SUB	ESP,20
   924 000009D5 8B 45 0C                        	MOV	EAX,DWORD [12+EBP]
   925 000009D8 8B 75 10                        	MOV	ESI,DWORD [16+EBP]
   926 000009DB 03 45 14                        	ADD	EAX,DWORD [20+EBP]
   927 000009DE 83 EE 03                        	SUB	ESI,3
   928 000009E1 56                              	PUSH	ESI
   929 000009E2 89 45 F0                        	MOV	DWORD [-16+EBP],EAX
   930 000009E5 8B 45 10                        	MOV	EAX,DWORD [16+EBP]
   931 000009E8 03 45 18                        	ADD	EAX,DWORD [24+EBP]
   932 000009EB 89 45 EC                        	MOV	DWORD [-20+EBP],EAX
   933 000009EE 8B 45 F0                        	MOV	EAX,DWORD [-16+EBP]
   934 000009F1 40                              	INC	EAX
   935 000009F2 50                              	PUSH	EAX
   936 000009F3 89 45 E8                        	MOV	DWORD [-24+EBP],EAX
   937 000009F6 8B 45 0C                        	MOV	EAX,DWORD [12+EBP]
   938 000009F9 56                              	PUSH	ESI
   939 000009FA 83 E8 02                        	SUB	EAX,2
   940 000009FD 50                              	PUSH	EAX
   941 000009FE 89 45 E4                        	MOV	DWORD [-28+EBP],EAX
   942 00000A01 8B 45 08                        	MOV	EAX,DWORD [8+EBP]
   943 00000A04 6A 0F                           	PUSH	15
   944 00000A06 FF 70 04                        	PUSH	DWORD [4+EAX]
   945 00000A09 FF 30                           	PUSH	DWORD [EAX]
   946 00000A0B E8 [00000000]                   	CALL	_boxfill8
   947 00000A10 8B 7D 0C                        	MOV	EDI,DWORD [12+EBP]
   948 00000A13 8B 45 EC                        	MOV	EAX,DWORD [-20+EBP]
   949 00000A16 83 EF 03                        	SUB	EDI,3
   950 00000A19 40                              	INC	EAX
   951 00000A1A 50                              	PUSH	EAX
   952 00000A1B 89 45 E0                        	MOV	DWORD [-32+EBP],EAX
   953 00000A1E 57                              	PUSH	EDI
   954 00000A1F 8B 45 08                        	MOV	EAX,DWORD [8+EBP]
   955 00000A22 56                              	PUSH	ESI
   956 00000A23 57                              	PUSH	EDI
   957 00000A24 6A 0F                           	PUSH	15
   958 00000A26 FF 70 04                        	PUSH	DWORD [4+EAX]
   959 00000A29 FF 30                           	PUSH	DWORD [EAX]
   960 00000A2B E8 [00000000]                   	CALL	_boxfill8
   961 00000A30 8B 45 08                        	MOV	EAX,DWORD [8+EBP]
   962 00000A33 83 C4 38                        	ADD	ESP,56
   963 00000A36 8B 5D EC                        	MOV	EBX,DWORD [-20+EBP]
   964 00000A39 83 C3 02                        	ADD	EBX,2
   965 00000A3C 53                              	PUSH	EBX
   966 00000A3D FF 75 E8                        	PUSH	DWORD [-24+EBP]
   967 00000A40 53                              	PUSH	EBX
   968 00000A41 57                              	PUSH	EDI
   969 00000A42 6A 07                           	PUSH	7
   970 00000A44 FF 70 04                        	PUSH	DWORD [4+EAX]
   971 00000A47 FF 30                           	PUSH	DWORD [EAX]
   972 00000A49 E8 [00000000]                   	CALL	_boxfill8
   973 00000A4E 8B 45 F0                        	MOV	EAX,DWORD [-16+EBP]
   974 00000A51 53                              	PUSH	EBX
   975 00000A52 83 C0 02                        	ADD	EAX,2
   976 00000A55 50                              	PUSH	EAX
   977 00000A56 56                              	PUSH	ESI
   978 00000A57 50                              	PUSH	EAX
   979 00000A58 8B 45 08                        	MOV	EAX,DWORD [8+EBP]
   980 00000A5B 6A 07                           	PUSH	7
   981 00000A5D FF 70 04                        	PUSH	DWORD [4+EAX]
   982 00000A60 FF 30                           	PUSH	DWORD [EAX]
   983 00000A62 E8 [00000000]                   	CALL	_boxfill8
   984 00000A67 8B 45 08                        	MOV	EAX,DWORD [8+EBP]
   985 00000A6A 83 C4 38                        	ADD	ESP,56
   986 00000A6D 8B 5D 10                        	MOV	EBX,DWORD [16+EBP]
   987 00000A70 83 EB 02                        	SUB	EBX,2
   988 00000A73 8B 7D 0C                        	MOV	EDI,DWORD [12+EBP]
   989 00000A76 53                              	PUSH	EBX
   990 00000A77 4F                              	DEC	EDI
   991 00000A78 FF 75 F0                        	PUSH	DWORD [-16+EBP]
   992 00000A7B 53                              	PUSH	EBX
   993 00000A7C 57                              	PUSH	EDI
   994 00000A7D 6A 00                           	PUSH	0
   995 00000A7F FF 70 04                        	PUSH	DWORD [4+EAX]
   996 00000A82 FF 30                           	PUSH	DWORD [EAX]
   997 00000A84 E8 [00000000]                   	CALL	_boxfill8
   998 00000A89 8B 45 08                        	MOV	EAX,DWORD [8+EBP]
   999 00000A8C FF 75 EC                        	PUSH	DWORD [-20+EBP]
  1000 00000A8F FF 75 E4                        	PUSH	DWORD [-28+EBP]
  1001 00000A92 53                              	PUSH	EBX
  1002 00000A93 FF 75 E4                        	PUSH	DWORD [-28+EBP]
  1003 00000A96 6A 00                           	PUSH	0
  1004 00000A98 FF 70 04                        	PUSH	DWORD [4+EAX]
  1005 00000A9B FF 30                           	PUSH	DWORD [EAX]
  1006 00000A9D E8 [00000000]                   	CALL	_boxfill8
  1007 00000AA2 8B 45 08                        	MOV	EAX,DWORD [8+EBP]
  1008 00000AA5 83 C4 38                        	ADD	ESP,56
  1009 00000AA8 FF 75 E0                        	PUSH	DWORD [-32+EBP]
  1010 00000AAB FF 75 F0                        	PUSH	DWORD [-16+EBP]
  1011 00000AAE FF 75 E0                        	PUSH	DWORD [-32+EBP]
  1012 00000AB1 FF 75 E4                        	PUSH	DWORD [-28+EBP]
  1013 00000AB4 6A 08                           	PUSH	8
  1014 00000AB6 FF 70 04                        	PUSH	DWORD [4+EAX]
  1015 00000AB9 FF 30                           	PUSH	DWORD [EAX]
  1016 00000ABB E8 [00000000]                   	CALL	_boxfill8
  1017 00000AC0 8B 45 08                        	MOV	EAX,DWORD [8+EBP]
  1018 00000AC3 FF 75 E0                        	PUSH	DWORD [-32+EBP]
  1019 00000AC6 FF 75 E8                        	PUSH	DWORD [-24+EBP]
  1020 00000AC9 53                              	PUSH	EBX
  1021 00000ACA FF 75 E8                        	PUSH	DWORD [-24+EBP]
  1022 00000ACD 6A 08                           	PUSH	8
  1023 00000ACF FF 70 04                        	PUSH	DWORD [4+EAX]
  1024 00000AD2 FF 30                           	PUSH	DWORD [EAX]
  1025 00000AD4 E8 [00000000]                   	CALL	_boxfill8
  1026 00000AD9 8B 45 10                        	MOV	EAX,DWORD [16+EBP]
  1027 00000ADC 83 C4 38                        	ADD	ESP,56
  1028 00000ADF 48                              	DEC	EAX
  1029 00000AE0 FF 75 EC                        	PUSH	DWORD [-20+EBP]
  1030 00000AE3 FF 75 F0                        	PUSH	DWORD [-16+EBP]
  1031 00000AE6 50                              	PUSH	EAX
  1032 00000AE7 57                              	PUSH	EDI
  1033 00000AE8 0F B6 45 1C                     	MOVZX	EAX,BYTE [28+EBP]
  1034 00000AEC 50                              	PUSH	EAX
  1035 00000AED 8B 45 08                        	MOV	EAX,DWORD [8+EBP]
  1036 00000AF0 FF 70 04                        	PUSH	DWORD [4+EAX]
  1037 00000AF3 FF 30                           	PUSH	DWORD [EAX]
  1038 00000AF5 E8 [00000000]                   	CALL	_boxfill8
  1039 00000AFA 8D 65 F4                        	LEA	ESP,DWORD [-12+EBP]
  1040 00000AFD 5B                              	POP	EBX
  1041 00000AFE 5E                              	POP	ESI
  1042 00000AFF 5F                              	POP	EDI
  1043 00000B00 5D                              	POP	EBP
  1044 00000B01 C3                              	RET
  1045                                          [SECTION .data]
  1046 0000017E                                 LC7:
  1047 0000017E 25 31 31 64 00                  	DB	"%11d",0x00
  1048                                          [SECTION .text]
  1049 00000B02                                 	GLOBAL	_task_b_main
  1050 00000B02                                 _task_b_main:
  1051 00000B02 55                              	PUSH	EBP
  1052 00000B03 89 E5                           	MOV	EBP,ESP
  1053 00000B05 57                              	PUSH	EDI
  1054 00000B06 56                              	PUSH	ESI
  1055 00000B07 31 FF                           	XOR	EDI,EDI
  1056 00000B09 53                              	PUSH	EBX
  1057 00000B0A 8D 85 FFFFFDD4                  	LEA	EAX,DWORD [-556+EBP]
  1058 00000B10 81 EC 00000234                  	SUB	ESP,564
  1059 00000B16 8D 5D D4                        	LEA	EBX,DWORD [-44+EBP]
  1060 00000B19 C7 85 FFFFFDC0 00000000         	MOV	DWORD [-576+EBP],0
  1061 00000B23 6A 00                           	PUSH	0
  1062 00000B25 50                              	PUSH	EAX
  1063 00000B26 68 00000080                     	PUSH	128
  1064 00000B2B 53                              	PUSH	EBX
  1065 00000B2C E8 [00000000]                   	CALL	_fifo32_init
  1066 00000B31 E8 [00000000]                   	CALL	_timer_alloc
  1067 00000B36 6A 64                           	PUSH	100
  1068 00000B38 53                              	PUSH	EBX
  1069 00000B39 89 C6                           	MOV	ESI,EAX
  1070 00000B3B 50                              	PUSH	EAX
  1071 00000B3C E8 [00000000]                   	CALL	_timer_init
  1072 00000B41 6A 64                           	PUSH	100
  1073 00000B43 56                              	PUSH	ESI
  1074 00000B44 E8 [00000000]                   	CALL	_timer_settime
  1075 00000B49 83 C4 24                        	ADD	ESP,36
  1076 00000B4C                                 L68:
  1077 00000B4C 8D 5D D4                        	LEA	EBX,DWORD [-44+EBP]
  1078 00000B4F E8 [00000000]                   	CALL	_io_cli
  1079 00000B54 53                              	PUSH	EBX
  1080 00000B55 47                              	INC	EDI
  1081 00000B56 E8 [00000000]                   	CALL	_fifo32_status
  1082 00000B5B 5A                              	POP	EDX
  1083 00000B5C 85 C0                           	TEST	EAX,EAX
  1084 00000B5E 74 55                           	JE	L74
  1085 00000B60 53                              	PUSH	EBX
  1086 00000B61 E8 [00000000]                   	CALL	_fifo32_get
  1087 00000B66 89 C3                           	MOV	EBX,EAX
  1088 00000B68 E8 [00000000]                   	CALL	_io_sti
  1089 00000B6D 59                              	POP	ECX
  1090 00000B6E 83 FB 64                        	CMP	EBX,100
  1091 00000B71 75 D9                           	JNE	L68
  1092 00000B73 89 F8                           	MOV	EAX,EDI
  1093 00000B75 8D 9D FFFFFDC4                  	LEA	EBX,DWORD [-572+EBP]
  1094 00000B7B 2B 85 FFFFFDC0                  	SUB	EAX,DWORD [-576+EBP]
  1095 00000B81 50                              	PUSH	EAX
  1096 00000B82 68 [0000017E]                   	PUSH	LC7
  1097 00000B87 53                              	PUSH	EBX
  1098 00000B88 E8 [00000000]                   	CALL	_sprintf
  1099 00000B8D 6A 0B                           	PUSH	11
  1100 00000B8F 53                              	PUSH	EBX
  1101 00000B90 6A 08                           	PUSH	8
  1102 00000B92 6A 00                           	PUSH	0
  1103 00000B94 6A 1C                           	PUSH	28
  1104 00000B96 6A 18                           	PUSH	24
  1105 00000B98 FF 75 08                        	PUSH	DWORD [8+EBP]
  1106 00000B9B E8 FFFFFDA5                     	CALL	_putfonts8_asc_sht
  1107 00000BA0 83 C4 28                        	ADD	ESP,40
  1108 00000BA3 89 BD FFFFFDC0                  	MOV	DWORD [-576+EBP],EDI
  1109 00000BA9 6A 64                           	PUSH	100
  1110 00000BAB 56                              	PUSH	ESI
  1111 00000BAC E8 [00000000]                   	CALL	_timer_settime
  1112 00000BB1 58                              	POP	EAX
  1113 00000BB2 5A                              	POP	EDX
  1114 00000BB3 EB 97                           	JMP	L68
  1115 00000BB5                                 L74:
  1116 00000BB5 E8 [00000000]                   	CALL	_io_sti
  1117 00000BBA EB 90                           	JMP	L68
