     1 00000000                                 [FORMAT "WCOFF"]
     2 00000000                                 [INSTRSET "i486p"]
     3 00000000                                 [OPTIMIZE 1]
     4 00000000                                 [OPTION 1]
     5 00000000                                 [BITS 32]
     6 00000000                                 	EXTERN	_init_keyboard
     7 00000000                                 	EXTERN	_enable_mouse
     8 00000000                                 	EXTERN	_memtest
     9 00000000                                 	EXTERN	_memman_init
    10 00000000                                 	EXTERN	_memman_free
    11 00000000                                 	EXTERN	_init_gdtidt
    12 00000000                                 	EXTERN	_init_pic
    13 00000000                                 	EXTERN	_io_sti
    14 00000000                                 	EXTERN	_init_palette
    15 00000000                                 	EXTERN	_init_screen8
    16 00000000                                 	EXTERN	_init_mouse_cursor8
    17 00000000                                 	EXTERN	_putblock8_8
    18 00000000                                 	EXTERN	_sprintf
    19 00000000                                 	EXTERN	_putfonts8_asc
    20 00000000                                 	EXTERN	_io_out8
    21 00000000                                 	EXTERN	_fifo8_init
    22 00000000                                 	EXTERN	_mousefifo
    23 00000000                                 	EXTERN	_memman_total
    24 00000000                                 	EXTERN	_io_cli
    25 00000000                                 	EXTERN	_keyfifo
    26 00000000                                 	EXTERN	_fifo8_status
    27 00000000                                 	EXTERN	_fifo8_get
    28 00000000                                 	EXTERN	_mouse_decode
    29 00000000                                 	EXTERN	_boxfill8
    30 00000000                                 	EXTERN	_io_stihlt
    31 00000000                                 [FILE "bootpack.c"]
    32                                          [SECTION .data]
    33 00000000                                 LC0:
    34 00000000 28 25 64 2C 20 25 64 29 00      	DB	"(%d, %d)",0x00
    35 00000009                                 LC1:
    36 00000009 6D 65 6D 6F 72 79 20 25 64 4D   	DB	"memory %dMB   free : %dKB",0x00
       00000013 42 20 20 20 66 72 65 65 20 3A 
       0000001D 20 25 64 4B 42 00 
    37 00000023                                 LC3:
    38 00000023 5B 6C 63 72 20 25 34 64 20 25   	DB	"[lcr %4d %4d]",0x00
       0000002D 34 64 5D 00 
    39 00000031                                 LC4:
    40 00000031 28 25 33 64 2C 20 25 33 64 29   	DB	"(%3d, %3d)",0x00
       0000003B 00 
    41 0000003C                                 LC2:
    42 0000003C 25 30 32 58 00                  	DB	"%02X",0x00
    43                                          [SECTION .text]
    44 00000000                                 	GLOBAL	_HariMain
    45 00000000                                 _HariMain:
    46 00000000 55                              	PUSH	EBP
    47 00000001 89 E5                           	MOV	EBP,ESP
    48 00000003 57                              	PUSH	EDI
    49 00000004 56                              	PUSH	ESI
    50 00000005 53                              	PUSH	EBX
    51 00000006 BB 00000002                     	MOV	EBX,2
    52 0000000B 81 EC 000001F8                  	SUB	ESP,504
    53 00000011 E8 [00000000]                   	CALL	_init_keyboard
    54 00000016 8D 85 FFFFFE04                  	LEA	EAX,DWORD [-508+EBP]
    55 0000001C 50                              	PUSH	EAX
    56 0000001D E8 [00000000]                   	CALL	_enable_mouse
    57 00000022 68 BFFFFFFF                     	PUSH	-1073741825
    58 00000027 68 00400000                     	PUSH	4194304
    59 0000002C E8 [00000000]                   	CALL	_memtest
    60 00000031 68 003C0000                     	PUSH	3932160
    61 00000036 89 85 FFFFFE00                  	MOV	DWORD [-512+EBP],EAX
    62 0000003C E8 [00000000]                   	CALL	_memman_init
    63 00000041 68 0009E000                     	PUSH	647168
    64 00000046 68 00001000                     	PUSH	4096
    65 0000004B 68 003C0000                     	PUSH	3932160
    66 00000050 E8 [00000000]                   	CALL	_memman_free
    67 00000055 8B 85 FFFFFE00                  	MOV	EAX,DWORD [-512+EBP]
    68 0000005B 2D 00400000                     	SUB	EAX,4194304
    69 00000060 50                              	PUSH	EAX
    70 00000061 68 00400000                     	PUSH	4194304
    71 00000066 68 003C0000                     	PUSH	3932160
    72 0000006B E8 [00000000]                   	CALL	_memman_free
    73 00000070 83 C4 28                        	ADD	ESP,40
    74 00000073 E8 [00000000]                   	CALL	_init_gdtidt
    75 00000078 E8 [00000000]                   	CALL	_init_pic
    76 0000007D E8 [00000000]                   	CALL	_io_sti
    77 00000082 E8 [00000000]                   	CALL	_init_palette
    78 00000087 0F BF 05 00000FF6               	MOVSX	EAX,WORD [4086]
    79 0000008E 50                              	PUSH	EAX
    80 0000008F 0F BF 05 00000FF4               	MOVSX	EAX,WORD [4084]
    81 00000096 50                              	PUSH	EAX
    82 00000097 FF 35 00000FF8                  	PUSH	DWORD [4088]
    83 0000009D E8 [00000000]                   	CALL	_init_screen8
    84 000000A2 0F BF 05 00000FF4               	MOVSX	EAX,WORD [4084]
    85 000000A9 8D 48 F0                        	LEA	ECX,DWORD [-16+EAX]
    86 000000AC 89 C8                           	MOV	EAX,ECX
    87 000000AE 99                              	CDQ
    88 000000AF F7 FB                           	IDIV	EBX
    89 000000B1 89 C6                           	MOV	ESI,EAX
    90 000000B3 0F BF 05 00000FF6               	MOVSX	EAX,WORD [4086]
    91 000000BA 6A 0E                           	PUSH	14
    92 000000BC 8D 48 D4                        	LEA	ECX,DWORD [-44+EAX]
    93 000000BF 89 C8                           	MOV	EAX,ECX
    94 000000C1 99                              	CDQ
    95 000000C2 F7 FB                           	IDIV	EBX
    96 000000C4 8D 9D FFFFFEC4                  	LEA	EBX,DWORD [-316+EBP]
    97 000000CA 89 C7                           	MOV	EDI,EAX
    98 000000CC 53                              	PUSH	EBX
    99 000000CD E8 [00000000]                   	CALL	_init_mouse_cursor8
   100 000000D2 6A 10                           	PUSH	16
   101 000000D4 53                              	PUSH	EBX
   102 000000D5 8D 5D C4                        	LEA	EBX,DWORD [-60+EBP]
   103 000000D8 57                              	PUSH	EDI
   104 000000D9 56                              	PUSH	ESI
   105 000000DA 6A 10                           	PUSH	16
   106 000000DC 6A 10                           	PUSH	16
   107 000000DE 0F BF 05 00000FF4               	MOVSX	EAX,WORD [4084]
   108 000000E5 50                              	PUSH	EAX
   109 000000E6 FF 35 00000FF8                  	PUSH	DWORD [4088]
   110 000000EC E8 [00000000]                   	CALL	_putblock8_8
   111 000000F1 83 C4 34                        	ADD	ESP,52
   112 000000F4 57                              	PUSH	EDI
   113 000000F5 56                              	PUSH	ESI
   114 000000F6 68 [00000000]                   	PUSH	LC0
   115 000000FB 53                              	PUSH	EBX
   116 000000FC E8 [00000000]                   	CALL	_sprintf
   117 00000101 53                              	PUSH	EBX
   118 00000102 6A 07                           	PUSH	7
   119 00000104 6A 00                           	PUSH	0
   120 00000106 6A 00                           	PUSH	0
   121 00000108 0F BF 05 00000FF4               	MOVSX	EAX,WORD [4084]
   122 0000010F 50                              	PUSH	EAX
   123 00000110 FF 35 00000FF8                  	PUSH	DWORD [4088]
   124 00000116 E8 [00000000]                   	CALL	_putfonts8_asc
   125 0000011B 83 C4 28                        	ADD	ESP,40
   126 0000011E 68 000000F9                     	PUSH	249
   127 00000123 6A 21                           	PUSH	33
   128 00000125 E8 [00000000]                   	CALL	_io_out8
   129 0000012A 68 000000EF                     	PUSH	239
   130 0000012F 68 000000A1                     	PUSH	161
   131 00000134 E8 [00000000]                   	CALL	_io_out8
   132 00000139 8D 85 FFFFFEA4                  	LEA	EAX,DWORD [-348+EBP]
   133 0000013F 50                              	PUSH	EAX
   134 00000140 6A 20                           	PUSH	32
   135 00000142 50                              	PUSH	EAX
   136 00000143 E8 [00000000]                   	CALL	_fifo8_init
   137 00000148 8D 85 FFFFFE24                  	LEA	EAX,DWORD [-476+EBP]
   138 0000014E 50                              	PUSH	EAX
   139 0000014F 68 00000080                     	PUSH	128
   140 00000154 68 [00000000]                   	PUSH	_mousefifo
   141 00000159 E8 [00000000]                   	CALL	_fifo8_init
   142 0000015E 83 C4 28                        	ADD	ESP,40
   143 00000161 68 BFFFFFFF                     	PUSH	-1073741825
   144 00000166 68 00400000                     	PUSH	4194304
   145 0000016B E8 [00000000]                   	CALL	_memtest
   146 00000170 68 003C0000                     	PUSH	3932160
   147 00000175 E8 [00000000]                   	CALL	_memman_total
   148 0000017A C1 AD FFFFFE00 14               	SHR	DWORD [-512+EBP],20
   149 00000181 C1 E8 0A                        	SHR	EAX,10
   150 00000184 89 04 24                        	MOV	DWORD [ESP],EAX
   151 00000187 FF B5 FFFFFE00                  	PUSH	DWORD [-512+EBP]
   152 0000018D 68 [00000009]                   	PUSH	LC1
   153 00000192 53                              	PUSH	EBX
   154 00000193 E8 [00000000]                   	CALL	_sprintf
   155 00000198 53                              	PUSH	EBX
   156 00000199 6A 07                           	PUSH	7
   157 0000019B 6A 20                           	PUSH	32
   158 0000019D 6A 00                           	PUSH	0
   159 0000019F 0F BF 05 00000FF4               	MOVSX	EAX,WORD [4084]
   160 000001A6 50                              	PUSH	EAX
   161 000001A7 FF 35 00000FF8                  	PUSH	DWORD [4088]
   162 000001AD E8 [00000000]                   	CALL	_putfonts8_asc
   163 000001B2 83 C4 30                        	ADD	ESP,48
   164 000001B5                                 L2:
   165 000001B5 E8 [00000000]                   	CALL	_io_cli
   166 000001BA 68 [00000000]                   	PUSH	_keyfifo
   167 000001BF E8 [00000000]                   	CALL	_fifo8_status
   168 000001C4 5A                              	POP	EDX
   169 000001C5 85 C0                           	TEST	EAX,EAX
   170 000001C7 75 13                           	JNE	L5
   171 000001C9 68 [00000000]                   	PUSH	_mousefifo
   172 000001CE E8 [00000000]                   	CALL	_fifo8_status
   173 000001D3 5B                              	POP	EBX
   174 000001D4 85 C0                           	TEST	EAX,EAX
   175 000001D6 0F 84 00000208                  	JE	L18
   176 000001DC                                 L5:
   177 000001DC 68 [00000000]                   	PUSH	_keyfifo
   178 000001E1 E8 [00000000]                   	CALL	_fifo8_status
   179 000001E6 59                              	POP	ECX
   180 000001E7 85 C0                           	TEST	EAX,EAX
   181 000001E9 0F 85 00000193                  	JNE	L19
   182 000001EF 68 [00000000]                   	PUSH	_mousefifo
   183 000001F4 E8 [00000000]                   	CALL	_fifo8_status
   184 000001F9 5A                              	POP	EDX
   185 000001FA 85 C0                           	TEST	EAX,EAX
   186 000001FC 74 B7                           	JE	L2
   187 000001FE 68 [00000000]                   	PUSH	_mousefifo
   188 00000203 E8 [00000000]                   	CALL	_fifo8_get
   189 00000208 89 C3                           	MOV	EBX,EAX
   190 0000020A E8 [00000000]                   	CALL	_io_sti
   191 0000020F 0F B6 C3                        	MOVZX	EAX,BL
   192 00000212 50                              	PUSH	EAX
   193 00000213 8D 85 FFFFFE04                  	LEA	EAX,DWORD [-508+EBP]
   194 00000219 50                              	PUSH	EAX
   195 0000021A E8 [00000000]                   	CALL	_mouse_decode
   196 0000021F 83 C4 0C                        	ADD	ESP,12
   197 00000222 85 C0                           	TEST	EAX,EAX
   198 00000224 74 8F                           	JE	L2
   199 00000226 FF B5 FFFFFE0C                  	PUSH	DWORD [-500+EBP]
   200 0000022C FF B5 FFFFFE08                  	PUSH	DWORD [-504+EBP]
   201 00000232 68 [00000023]                   	PUSH	LC3
   202 00000237 8D 5D C4                        	LEA	EBX,DWORD [-60+EBP]
   203 0000023A 53                              	PUSH	EBX
   204 0000023B E8 [00000000]                   	CALL	_sprintf
   205 00000240 83 C4 10                        	ADD	ESP,16
   206 00000243 8B 85 FFFFFE10                  	MOV	EAX,DWORD [-496+EBP]
   207 00000249 A9 00000001                     	TEST	EAX,1
   208 0000024E 74 04                           	JE	L11
   209 00000250 C6 45 C5 4C                     	MOV	BYTE [-59+EBP],76
   210 00000254                                 L11:
   211 00000254 A9 00000002                     	TEST	EAX,2
   212 00000259 74 04                           	JE	L12
   213 0000025B C6 45 C7 52                     	MOV	BYTE [-57+EBP],82
   214 0000025F                                 L12:
   215 0000025F 83 E0 04                        	AND	EAX,4
   216 00000262 74 04                           	JE	L13
   217 00000264 C6 45 C6 43                     	MOV	BYTE [-58+EBP],67
   218 00000268                                 L13:
   219 00000268 6A 1F                           	PUSH	31
   220 0000026A 68 00000097                     	PUSH	151
   221 0000026F 6A 10                           	PUSH	16
   222 00000271 6A 20                           	PUSH	32
   223 00000273 6A 0E                           	PUSH	14
   224 00000275 0F BF 05 00000FF4               	MOVSX	EAX,WORD [4084]
   225 0000027C 50                              	PUSH	EAX
   226 0000027D FF 35 00000FF8                  	PUSH	DWORD [4088]
   227 00000283 E8 [00000000]                   	CALL	_boxfill8
   228 00000288 53                              	PUSH	EBX
   229 00000289 6A 07                           	PUSH	7
   230 0000028B 6A 10                           	PUSH	16
   231 0000028D 6A 20                           	PUSH	32
   232 0000028F 0F BF 05 00000FF4               	MOVSX	EAX,WORD [4084]
   233 00000296 50                              	PUSH	EAX
   234 00000297 FF 35 00000FF8                  	PUSH	DWORD [4088]
   235 0000029D E8 [00000000]                   	CALL	_putfonts8_asc
   236 000002A2 8D 47 0F                        	LEA	EAX,DWORD [15+EDI]
   237 000002A5 83 C4 34                        	ADD	ESP,52
   238 000002A8 50                              	PUSH	EAX
   239 000002A9 8D 46 0F                        	LEA	EAX,DWORD [15+ESI]
   240 000002AC 50                              	PUSH	EAX
   241 000002AD 57                              	PUSH	EDI
   242 000002AE 56                              	PUSH	ESI
   243 000002AF 6A 0E                           	PUSH	14
   244 000002B1 0F BF 05 00000FF4               	MOVSX	EAX,WORD [4084]
   245 000002B8 50                              	PUSH	EAX
   246 000002B9 FF 35 00000FF8                  	PUSH	DWORD [4088]
   247 000002BF E8 [00000000]                   	CALL	_boxfill8
   248 000002C4 83 C4 1C                        	ADD	ESP,28
   249 000002C7 03 BD FFFFFE0C                  	ADD	EDI,DWORD [-500+EBP]
   250 000002CD 03 B5 FFFFFE08                  	ADD	ESI,DWORD [-504+EBP]
   251 000002D3 0F 88 000000A2                  	JS	L20
   252 000002D9                                 L14:
   253 000002D9 85 FF                           	TEST	EDI,EDI
   254 000002DB 0F 88 00000093                  	JS	L21
   255 000002E1                                 L15:
   256 000002E1 0F BF 05 00000FF4               	MOVSX	EAX,WORD [4084]
   257 000002E8 83 E8 10                        	SUB	EAX,16
   258 000002EB 39 C6                           	CMP	ESI,EAX
   259 000002ED 7E 02                           	JLE	L16
   260 000002EF 89 C6                           	MOV	ESI,EAX
   261 000002F1                                 L16:
   262 000002F1 0F BF 05 00000FF6               	MOVSX	EAX,WORD [4086]
   263 000002F8 83 E8 10                        	SUB	EAX,16
   264 000002FB 39 C7                           	CMP	EDI,EAX
   265 000002FD 7E 02                           	JLE	L17
   266 000002FF 89 C7                           	MOV	EDI,EAX
   267 00000301                                 L17:
   268 00000301 57                              	PUSH	EDI
   269 00000302 56                              	PUSH	ESI
   270 00000303 68 [00000031]                   	PUSH	LC4
   271 00000308 53                              	PUSH	EBX
   272 00000309 E8 [00000000]                   	CALL	_sprintf
   273 0000030E 8D 47 0F                        	LEA	EAX,DWORD [15+EDI]
   274 00000311 50                              	PUSH	EAX
   275 00000312 8D 46 0F                        	LEA	EAX,DWORD [15+ESI]
   276 00000315 50                              	PUSH	EAX
   277 00000316 6A 00                           	PUSH	0
   278 00000318 6A 00                           	PUSH	0
   279 0000031A 6A 0E                           	PUSH	14
   280 0000031C 0F BF 05 00000FF4               	MOVSX	EAX,WORD [4084]
   281 00000323 50                              	PUSH	EAX
   282 00000324 FF 35 00000FF8                  	PUSH	DWORD [4088]
   283 0000032A E8 [00000000]                   	CALL	_boxfill8
   284 0000032F 83 C4 2C                        	ADD	ESP,44
   285 00000332 53                              	PUSH	EBX
   286 00000333 6A 07                           	PUSH	7
   287 00000335 6A 10                           	PUSH	16
   288 00000337 6A 20                           	PUSH	32
   289 00000339 0F BF 05 00000FF4               	MOVSX	EAX,WORD [4084]
   290 00000340 50                              	PUSH	EAX
   291 00000341 FF 35 00000FF8                  	PUSH	DWORD [4088]
   292 00000347 E8 [00000000]                   	CALL	_putfonts8_asc
   293 0000034C 8D 85 FFFFFEC4                  	LEA	EAX,DWORD [-316+EBP]
   294 00000352 6A 10                           	PUSH	16
   295 00000354 50                              	PUSH	EAX
   296 00000355 57                              	PUSH	EDI
   297 00000356 56                              	PUSH	ESI
   298 00000357 6A 10                           	PUSH	16
   299 00000359 6A 10                           	PUSH	16
   300 0000035B FF 35 00000FF8                  	PUSH	DWORD [4088]
   301 00000361 FF 35 00000FF8                  	PUSH	DWORD [4088]
   302 00000367 E8 [00000000]                   	CALL	_putblock8_8
   303 0000036C 83 C4 38                        	ADD	ESP,56
   304 0000036F E9 FFFFFE41                     	JMP	L2
   305 00000374                                 L21:
   306 00000374 31 FF                           	XOR	EDI,EDI
   307 00000376 E9 FFFFFF66                     	JMP	L15
   308 0000037B                                 L20:
   309 0000037B 31 F6                           	XOR	ESI,ESI
   310 0000037D E9 FFFFFF57                     	JMP	L14
   311 00000382                                 L19:
   312 00000382 68 [00000000]                   	PUSH	_keyfifo
   313 00000387 E8 [00000000]                   	CALL	_fifo8_get
   314 0000038C 89 C3                           	MOV	EBX,EAX
   315 0000038E E8 [00000000]                   	CALL	_io_sti
   316 00000393 53                              	PUSH	EBX
   317 00000394 8D 5D C4                        	LEA	EBX,DWORD [-60+EBP]
   318 00000397 68 [0000003C]                   	PUSH	LC2
   319 0000039C 53                              	PUSH	EBX
   320 0000039D E8 [00000000]                   	CALL	_sprintf
   321 000003A2 6A 1F                           	PUSH	31
   322 000003A4 6A 0F                           	PUSH	15
   323 000003A6 6A 10                           	PUSH	16
   324 000003A8 6A 00                           	PUSH	0
   325 000003AA 6A 0E                           	PUSH	14
   326 000003AC 0F BF 05 00000FF4               	MOVSX	EAX,WORD [4084]
   327 000003B3 50                              	PUSH	EAX
   328 000003B4 FF 35 00000FF8                  	PUSH	DWORD [4088]
   329 000003BA E8 [00000000]                   	CALL	_boxfill8
   330 000003BF 83 C4 2C                        	ADD	ESP,44
   331 000003C2 53                              	PUSH	EBX
   332 000003C3 6A 07                           	PUSH	7
   333 000003C5 6A 10                           	PUSH	16
   334 000003C7 6A 00                           	PUSH	0
   335 000003C9 0F BF 05 00000FF4               	MOVSX	EAX,WORD [4084]
   336 000003D0 50                              	PUSH	EAX
   337 000003D1 FF 35 00000FF8                  	PUSH	DWORD [4088]
   338 000003D7 E8 [00000000]                   	CALL	_putfonts8_asc
   339 000003DC 83 C4 18                        	ADD	ESP,24
   340 000003DF E9 FFFFFDD1                     	JMP	L2
   341 000003E4                                 L18:
   342 000003E4 E8 [00000000]                   	CALL	_io_stihlt
   343 000003E9 E9 FFFFFDC7                     	JMP	L2
