     1 00000000                                 [FORMAT "WCOFF"]
     2 00000000                                 [INSTRSET "i486p"]
     3 00000000                                 [OPTIMIZE 1]
     4 00000000                                 [OPTION 1]
     5 00000000                                 [BITS 32]
     6 00000000                                 	EXTERN	_init_gdtidt
     7 00000000                                 	EXTERN	_init_pic
     8 00000000                                 	EXTERN	_io_sti
     9 00000000                                 	EXTERN	_fifo32_init
    10 00000000                                 	EXTERN	_init_pit
    11 00000000                                 	EXTERN	_init_keyboard
    12 00000000                                 	EXTERN	_enable_mouse
    13 00000000                                 	EXTERN	_io_out8
    14 00000000                                 	EXTERN	_memtest
    15 00000000                                 	EXTERN	_memman_init
    16 00000000                                 	EXTERN	_memman_free
    17 00000000                                 	EXTERN	_init_palette
    18 00000000                                 	EXTERN	_shtctl_init
    19 00000000                                 	EXTERN	_task_init
    20 00000000                                 	EXTERN	_task_run
    21 00000000                                 	EXTERN	_sheet_alloc
    22 00000000                                 	EXTERN	_memman_alloc_4k
    23 00000000                                 	EXTERN	_sheet_setbuf
    24 00000000                                 	EXTERN	_init_screen8
    25 00000000                                 	EXTERN	_make_window8
    26 00000000                                 	EXTERN	_make_textbox8
    27 00000000                                 	EXTERN	_task_alloc
    28 00000000                                 	EXTERN	_console_task
    29 00000000                                 	EXTERN	_timer_alloc
    30 00000000                                 	EXTERN	_timer_init
    31 00000000                                 	EXTERN	_timer_settime
    32 00000000                                 	EXTERN	_init_mouse_cursor8
    33 00000000                                 	EXTERN	_sheet_slide
    34 00000000                                 	EXTERN	_sheet_updown
    35 00000000                                 	EXTERN	_fifo32_put
    36 00000000                                 	EXTERN	_fifo32_status
    37 00000000                                 	EXTERN	_io_cli
    38 00000000                                 	EXTERN	_fifo32_get
    39 00000000                                 	EXTERN	_boxfill8
    40 00000000                                 	EXTERN	_sheet_refresh
    41 00000000                                 	EXTERN	_mouse_decode
    42 00000000                                 	EXTERN	_keytable0.0
    43 00000000                                 	EXTERN	_putfonts8_asc_sht
    44 00000000                                 	EXTERN	_wait_KBC_sendready
    45 00000000                                 	EXTERN	_make_window_title
    46 00000000                                 	EXTERN	_keytable1.1
    47 00000000                                 	EXTERN	_task_sleep
    48 00000000                                 	EXTERN	_sprintf
    49 00000000                                 [FILE "bootpack.c"]
    50                                          [SECTION .data]
    51 00000000                                 _keytable0.0:
    52 00000000 00                              	DB	0
    53 00000001 00                              	DB	0
    54 00000002 31                              	DB	49
    55 00000003 32                              	DB	50
    56 00000004 33                              	DB	51
    57 00000005 34                              	DB	52
    58 00000006 35                              	DB	53
    59 00000007 36                              	DB	54
    60 00000008 37                              	DB	55
    61 00000009 38                              	DB	56
    62 0000000A 39                              	DB	57
    63 0000000B 30                              	DB	48
    64 0000000C 2D                              	DB	45
    65 0000000D 5E                              	DB	94
    66 0000000E 00                              	DB	0
    67 0000000F 00                              	DB	0
    68 00000010 51                              	DB	81
    69 00000011 57                              	DB	87
    70 00000012 45                              	DB	69
    71 00000013 52                              	DB	82
    72 00000014 54                              	DB	84
    73 00000015 59                              	DB	89
    74 00000016 55                              	DB	85
    75 00000017 49                              	DB	73
    76 00000018 4F                              	DB	79
    77 00000019 50                              	DB	80
    78 0000001A 40                              	DB	64
    79 0000001B 5B                              	DB	91
    80 0000001C 00                              	DB	0
    81 0000001D 00                              	DB	0
    82 0000001E 41                              	DB	65
    83 0000001F 53                              	DB	83
    84 00000020 44                              	DB	68
    85 00000021 46                              	DB	70
    86 00000022 47                              	DB	71
    87 00000023 48                              	DB	72
    88 00000024 4A                              	DB	74
    89 00000025 4B                              	DB	75
    90 00000026 4C                              	DB	76
    91 00000027 3B                              	DB	59
    92 00000028 3A                              	DB	58
    93 00000029 00                              	DB	0
    94 0000002A 00                              	DB	0
    95 0000002B 5D                              	DB	93
    96 0000002C 5A                              	DB	90
    97 0000002D 58                              	DB	88
    98 0000002E 43                              	DB	67
    99 0000002F 56                              	DB	86
   100 00000030 42                              	DB	66
   101 00000031 4E                              	DB	78
   102 00000032 4D                              	DB	77
   103 00000033 2C                              	DB	44
   104 00000034 2E                              	DB	46
   105 00000035 2F                              	DB	47
   106 00000036 00                              	DB	0
   107 00000037 2A                              	DB	42
   108 00000038 00                              	DB	0
   109 00000039 20                              	DB	32
   110 0000003A 00                              	DB	0
   111 0000003B 00                              	DB	0
   112 0000003C 00                              	DB	0
   113 0000003D 00                              	DB	0
   114 0000003E 00                              	DB	0
   115 0000003F 00                              	DB	0
   116 00000040 00                              	DB	0
   117 00000041 00                              	DB	0
   118 00000042 00                              	DB	0
   119 00000043 00                              	DB	0
   120 00000044 00                              	DB	0
   121 00000045 00                              	DB	0
   122 00000046 00                              	DB	0
   123 00000047 37                              	DB	55
   124 00000048 38                              	DB	56
   125 00000049 39                              	DB	57
   126 0000004A 2D                              	DB	45
   127 0000004B 34                              	DB	52
   128 0000004C 35                              	DB	53
   129 0000004D 36                              	DB	54
   130 0000004E 2B                              	DB	43
   131 0000004F 31                              	DB	49
   132 00000050 32                              	DB	50
   133 00000051 33                              	DB	51
   134 00000052 30                              	DB	48
   135 00000053 2E                              	DB	46
   136 00000054 00                              	DB	0
   137 00000055 00                              	DB	0
   138 00000056 00                              	DB	0
   139 00000057 00                              	DB	0
   140 00000058 00                              	DB	0
   141 00000059 00                              	DB	0
   142 0000005A 00                              	DB	0
   143 0000005B 00                              	DB	0
   144 0000005C 00                              	DB	0
   145 0000005D 00                              	DB	0
   146 0000005E 00                              	DB	0
   147 0000005F 00                              	DB	0
   148 00000060 00                              	DB	0
   149 00000061 00                              	DB	0
   150 00000062 00                              	DB	0
   151 00000063 00                              	DB	0
   152 00000064 00                              	DB	0
   153 00000065 00                              	DB	0
   154 00000066 00                              	DB	0
   155 00000067 00                              	DB	0
   156 00000068 00                              	DB	0
   157 00000069 00                              	DB	0
   158 0000006A 00                              	DB	0
   159 0000006B 00                              	DB	0
   160 0000006C 00                              	DB	0
   161 0000006D 00                              	DB	0
   162 0000006E 00                              	DB	0
   163 0000006F 00                              	DB	0
   164 00000070 00                              	DB	0
   165 00000071 00                              	DB	0
   166 00000072 00                              	DB	0
   167 00000073 5C                              	DB	92
   168 00000074 00                              	DB	0
   169 00000075 00                              	DB	0
   170 00000076 00                              	DB	0
   171 00000077 00                              	DB	0
   172 00000078 00                              	DB	0
   173 00000079 00                              	DB	0
   174 0000007A 00                              	DB	0
   175 0000007B 00                              	DB	0
   176 0000007C 00                              	DB	0
   177 0000007D 5C                              	DB	92
   178 0000007E 00                              	DB	0
   179 0000007F 00                              	DB	0
   180 00000080                                 _keytable1.1:
   181 00000080 00                              	DB	0
   182 00000081 00                              	DB	0
   183 00000082 21                              	DB	33
   184 00000083 22                              	DB	34
   185 00000084 23                              	DB	35
   186 00000085 24                              	DB	36
   187 00000086 25                              	DB	37
   188 00000087 26                              	DB	38
   189 00000088 27                              	DB	39
   190 00000089 28                              	DB	40
   191 0000008A 29                              	DB	41
   192 0000008B 7E                              	DB	126
   193 0000008C 3D                              	DB	61
   194 0000008D 7E                              	DB	126
   195 0000008E 00                              	DB	0
   196 0000008F 00                              	DB	0
   197 00000090 51                              	DB	81
   198 00000091 57                              	DB	87
   199 00000092 45                              	DB	69
   200 00000093 52                              	DB	82
   201 00000094 54                              	DB	84
   202 00000095 59                              	DB	89
   203 00000096 55                              	DB	85
   204 00000097 49                              	DB	73
   205 00000098 4F                              	DB	79
   206 00000099 50                              	DB	80
   207 0000009A 60                              	DB	96
   208 0000009B 7B                              	DB	123
   209 0000009C 00                              	DB	0
   210 0000009D 00                              	DB	0
   211 0000009E 41                              	DB	65
   212 0000009F 53                              	DB	83
   213 000000A0 44                              	DB	68
   214 000000A1 46                              	DB	70
   215 000000A2 47                              	DB	71
   216 000000A3 48                              	DB	72
   217 000000A4 4A                              	DB	74
   218 000000A5 4B                              	DB	75
   219 000000A6 4C                              	DB	76
   220 000000A7 2B                              	DB	43
   221 000000A8 2A                              	DB	42
   222 000000A9 00                              	DB	0
   223 000000AA 00                              	DB	0
   224 000000AB 7D                              	DB	125
   225 000000AC 5A                              	DB	90
   226 000000AD 58                              	DB	88
   227 000000AE 43                              	DB	67
   228 000000AF 56                              	DB	86
   229 000000B0 42                              	DB	66
   230 000000B1 4E                              	DB	78
   231 000000B2 4D                              	DB	77
   232 000000B3 3C                              	DB	60
   233 000000B4 3E                              	DB	62
   234 000000B5 3F                              	DB	63
   235 000000B6 00                              	DB	0
   236 000000B7 2A                              	DB	42
   237 000000B8 00                              	DB	0
   238 000000B9 20                              	DB	32
   239 000000BA 00                              	DB	0
   240 000000BB 00                              	DB	0
   241 000000BC 00                              	DB	0
   242 000000BD 00                              	DB	0
   243 000000BE 00                              	DB	0
   244 000000BF 00                              	DB	0
   245 000000C0 00                              	DB	0
   246 000000C1 00                              	DB	0
   247 000000C2 00                              	DB	0
   248 000000C3 00                              	DB	0
   249 000000C4 00                              	DB	0
   250 000000C5 00                              	DB	0
   251 000000C6 00                              	DB	0
   252 000000C7 37                              	DB	55
   253 000000C8 38                              	DB	56
   254 000000C9 39                              	DB	57
   255 000000CA 2D                              	DB	45
   256 000000CB 34                              	DB	52
   257 000000CC 35                              	DB	53
   258 000000CD 36                              	DB	54
   259 000000CE 2B                              	DB	43
   260 000000CF 31                              	DB	49
   261 000000D0 32                              	DB	50
   262 000000D1 33                              	DB	51
   263 000000D2 30                              	DB	48
   264 000000D3 2E                              	DB	46
   265 000000D4 00                              	DB	0
   266 000000D5 00                              	DB	0
   267 000000D6 00                              	DB	0
   268 000000D7 00                              	DB	0
   269 000000D8 00                              	DB	0
   270 000000D9 00                              	DB	0
   271 000000DA 00                              	DB	0
   272 000000DB 00                              	DB	0
   273 000000DC 00                              	DB	0
   274 000000DD 00                              	DB	0
   275 000000DE 00                              	DB	0
   276 000000DF 00                              	DB	0
   277 000000E0 00                              	DB	0
   278 000000E1 00                              	DB	0
   279 000000E2 00                              	DB	0
   280 000000E3 00                              	DB	0
   281 000000E4 00                              	DB	0
   282 000000E5 00                              	DB	0
   283 000000E6 00                              	DB	0
   284 000000E7 00                              	DB	0
   285 000000E8 00                              	DB	0
   286 000000E9 00                              	DB	0
   287 000000EA 00                              	DB	0
   288 000000EB 00                              	DB	0
   289 000000EC 00                              	DB	0
   290 000000ED 00                              	DB	0
   291 000000EE 00                              	DB	0
   292 000000EF 00                              	DB	0
   293 000000F0 00                              	DB	0
   294 000000F1 00                              	DB	0
   295 000000F2 00                              	DB	0
   296 000000F3 5F                              	DB	95
   297 000000F4 00                              	DB	0
   298 000000F5 00                              	DB	0
   299 000000F6 00                              	DB	0
   300 000000F7 00                              	DB	0
   301 000000F8 00                              	DB	0
   302 000000F9 00                              	DB	0
   303 000000FA 00                              	DB	0
   304 000000FB 00                              	DB	0
   305 000000FC 00                              	DB	0
   306 000000FD 7C                              	DB	124
   307 000000FE 00                              	DB	0
   308 000000FF 00                              	DB	0
   309 00000100                                 LC0:
   310 00000100 63 6F 6E 73 6F 6C 65 00         	DB	"console",0x00
   311 00000108                                 LC1:
   312 00000108 74 61 73 6B 5F 61 00            	DB	"task_a",0x00
   313 0000010F                                 LC3:
   314 0000010F 54 61 73 6B 5F 41 00            	DB	"Task_A",0x00
   315 00000116                                 LC4:
   316 00000116 43 6F 6E 73 6F 6C 65 00         	DB	"Console",0x00
   317 0000011E                                 LC2:
   318 0000011E 20 00                           	DB	" ",0x00
   319                                          [SECTION .text]
   320 00000000                                 	GLOBAL	_HariMain
   321 00000000                                 _HariMain:
   322 00000000 55                              	PUSH	EBP
   323 00000001 89 E5                           	MOV	EBP,ESP
   324 00000003 57                              	PUSH	EDI
   325 00000004 56                              	PUSH	ESI
   326 00000005 53                              	PUSH	EBX
   327 00000006 81 EC 000006F8                  	SUB	ESP,1784
   328 0000000C C7 85 FFFFF90C 00000000         	MOV	DWORD [-1780+EBP],0
   329 00000016 C7 85 FFFFF908 00000000         	MOV	DWORD [-1784+EBP],0
   330 00000020 A0 00000FF1                     	MOV	AL,BYTE [4081]
   331 00000025 C0 F8 04                        	SAR	AL,4
   332 00000028 89 C2                           	MOV	EDX,EAX
   333 0000002A 83 E2 07                        	AND	EDX,7
   334 0000002D 89 95 FFFFF904                  	MOV	DWORD [-1788+EBP],EDX
   335 00000033 C7 85 FFFFF900 FFFFFFFF         	MOV	DWORD [-1792+EBP],-1
   336 0000003D E8 [00000000]                   	CALL	_init_gdtidt
   337 00000042 E8 [00000000]                   	CALL	_init_pic
   338 00000047 E8 [00000000]                   	CALL	_io_sti
   339 0000004C 8D 85 FFFFFAB4                  	LEA	EAX,DWORD [-1356+EBP]
   340 00000052 6A 00                           	PUSH	0
   341 00000054 50                              	PUSH	EAX
   342 00000055 8D 85 FFFFFCD4                  	LEA	EAX,DWORD [-812+EBP]
   343 0000005B 68 00000080                     	PUSH	128
   344 00000060 50                              	PUSH	EAX
   345 00000061 E8 [00000000]                   	CALL	_fifo32_init
   346 00000066 E8 [00000000]                   	CALL	_init_pit
   347 0000006B 8D 95 FFFFFCD4                  	LEA	EDX,DWORD [-812+EBP]
   348 00000071 68 00000100                     	PUSH	256
   349 00000076 52                              	PUSH	EDX
   350 00000077 E8 [00000000]                   	CALL	_init_keyboard
   351 0000007C 8D 85 FFFFFE04                  	LEA	EAX,DWORD [-508+EBP]
   352 00000082 50                              	PUSH	EAX
   353 00000083 8D 85 FFFFFCD4                  	LEA	EAX,DWORD [-812+EBP]
   354 00000089 68 00000200                     	PUSH	512
   355 0000008E 50                              	PUSH	EAX
   356 0000008F E8 [00000000]                   	CALL	_enable_mouse
   357 00000094 83 C4 24                        	ADD	ESP,36
   358 00000097 68 000000F8                     	PUSH	248
   359 0000009C 6A 21                           	PUSH	33
   360 0000009E E8 [00000000]                   	CALL	_io_out8
   361 000000A3 68 000000EF                     	PUSH	239
   362 000000A8 68 000000A1                     	PUSH	161
   363 000000AD E8 [00000000]                   	CALL	_io_out8
   364 000000B2 8D 95 FFFFFCB4                  	LEA	EDX,DWORD [-844+EBP]
   365 000000B8 6A 00                           	PUSH	0
   366 000000BA 8D 85 FFFFFA34                  	LEA	EAX,DWORD [-1484+EBP]
   367 000000C0 50                              	PUSH	EAX
   368 000000C1 6A 20                           	PUSH	32
   369 000000C3 52                              	PUSH	EDX
   370 000000C4 E8 [00000000]                   	CALL	_fifo32_init
   371 000000C9 83 C4 20                        	ADD	ESP,32
   372 000000CC 68 BFFFFFFF                     	PUSH	-1073741825
   373 000000D1 68 00400000                     	PUSH	4194304
   374 000000D6 E8 [00000000]                   	CALL	_memtest
   375 000000DB 68 003C0000                     	PUSH	3932160
   376 000000E0 89 85 FFFFF938                  	MOV	DWORD [-1736+EBP],EAX
   377 000000E6 E8 [00000000]                   	CALL	_memman_init
   378 000000EB 68 0009E000                     	PUSH	647168
   379 000000F0 68 00001000                     	PUSH	4096
   380 000000F5 68 003C0000                     	PUSH	3932160
   381 000000FA E8 [00000000]                   	CALL	_memman_free
   382 000000FF 8B 85 FFFFF938                  	MOV	EAX,DWORD [-1736+EBP]
   383 00000105 2D 00400000                     	SUB	EAX,4194304
   384 0000010A 50                              	PUSH	EAX
   385 0000010B 68 00400000                     	PUSH	4194304
   386 00000110 68 003C0000                     	PUSH	3932160
   387 00000115 E8 [00000000]                   	CALL	_memman_free
   388 0000011A 83 C4 24                        	ADD	ESP,36
   389 0000011D E8 [00000000]                   	CALL	_init_palette
   390 00000122 0F BF 05 00000FF6               	MOVSX	EAX,WORD [4086]
   391 00000129 50                              	PUSH	EAX
   392 0000012A 0F BF 05 00000FF4               	MOVSX	EAX,WORD [4084]
   393 00000131 50                              	PUSH	EAX
   394 00000132 FF 35 00000FF8                  	PUSH	DWORD [4088]
   395 00000138 68 003C0000                     	PUSH	3932160
   396 0000013D E8 [00000000]                   	CALL	_shtctl_init
   397 00000142 68 003C0000                     	PUSH	3932160
   398 00000147 89 C6                           	MOV	ESI,EAX
   399 00000149 E8 [00000000]                   	CALL	_task_init
   400 0000014E 6A 02                           	PUSH	2
   401 00000150 6A 01                           	PUSH	1
   402 00000152 89 85 FFFFF914                  	MOV	DWORD [-1772+EBP],EAX
   403 00000158 50                              	PUSH	EAX
   404 00000159 89 85 FFFFFCEC                  	MOV	DWORD [-788+EBP],EAX
   405 0000015F E8 [00000000]                   	CALL	_task_run
   406 00000164 83 C4 20                        	ADD	ESP,32
   407 00000167 56                              	PUSH	ESI
   408 00000168 E8 [00000000]                   	CALL	_sheet_alloc
   409 0000016D 0F BF 15 00000FF6               	MOVSX	EDX,WORD [4086]
   410 00000174 89 85 FFFFF934                  	MOV	DWORD [-1740+EBP],EAX
   411 0000017A 0F BF 05 00000FF4               	MOVSX	EAX,WORD [4084]
   412 00000181 0F AF C2                        	IMUL	EAX,EDX
   413 00000184 50                              	PUSH	EAX
   414 00000185 68 003C0000                     	PUSH	3932160
   415 0000018A E8 [00000000]                   	CALL	_memman_alloc_4k
   416 0000018F 6A FF                           	PUSH	-1
   417 00000191 89 C3                           	MOV	EBX,EAX
   418 00000193 0F BF 05 00000FF6               	MOVSX	EAX,WORD [4086]
   419 0000019A 50                              	PUSH	EAX
   420 0000019B 0F BF 05 00000FF4               	MOVSX	EAX,WORD [4084]
   421 000001A2 50                              	PUSH	EAX
   422 000001A3 53                              	PUSH	EBX
   423 000001A4 FF B5 FFFFF934                  	PUSH	DWORD [-1740+EBP]
   424 000001AA E8 [00000000]                   	CALL	_sheet_setbuf
   425 000001AF 83 C4 20                        	ADD	ESP,32
   426 000001B2 0F BF 05 00000FF6               	MOVSX	EAX,WORD [4086]
   427 000001B9 50                              	PUSH	EAX
   428 000001BA 0F BF 05 00000FF4               	MOVSX	EAX,WORD [4084]
   429 000001C1 50                              	PUSH	EAX
   430 000001C2 53                              	PUSH	EBX
   431 000001C3 8D 9D FFFFFCF4                  	LEA	EBX,DWORD [-780+EBP]
   432 000001C9 E8 [00000000]                   	CALL	_init_screen8
   433 000001CE 56                              	PUSH	ESI
   434 000001CF E8 [00000000]                   	CALL	_sheet_alloc
   435 000001D4 68 0000A500                     	PUSH	42240
   436 000001D9 68 003C0000                     	PUSH	3932160
   437 000001DE 89 85 FFFFF92C                  	MOV	DWORD [-1748+EBP],EAX
   438 000001E4 E8 [00000000]                   	CALL	_memman_alloc_4k
   439 000001E9 6A FF                           	PUSH	-1
   440 000001EB 68 000000A5                     	PUSH	165
   441 000001F0 89 85 FFFFF924                  	MOV	DWORD [-1756+EBP],EAX
   442 000001F6 68 00000100                     	PUSH	256
   443 000001FB 50                              	PUSH	EAX
   444 000001FC FF B5 FFFFF92C                  	PUSH	DWORD [-1748+EBP]
   445 00000202 E8 [00000000]                   	CALL	_sheet_setbuf
   446 00000207 83 C4 2C                        	ADD	ESP,44
   447 0000020A 6A 00                           	PUSH	0
   448 0000020C 68 [00000100]                   	PUSH	LC0
   449 00000211 68 000000A5                     	PUSH	165
   450 00000216 68 00000100                     	PUSH	256
   451 0000021B FF B5 FFFFF924                  	PUSH	DWORD [-1756+EBP]
   452 00000221 E8 [00000000]                   	CALL	_make_window8
   453 00000226 6A 00                           	PUSH	0
   454 00000228 68 00000080                     	PUSH	128
   455 0000022D 68 000000F0                     	PUSH	240
   456 00000232 6A 1C                           	PUSH	28
   457 00000234 6A 08                           	PUSH	8
   458 00000236 FF B5 FFFFF92C                  	PUSH	DWORD [-1748+EBP]
   459 0000023C E8 [00000000]                   	CALL	_make_textbox8
   460 00000241 83 C4 2C                        	ADD	ESP,44
   461 00000244 E8 [00000000]                   	CALL	_task_alloc
   462 00000249 68 00010000                     	PUSH	65536
   463 0000024E 68 003C0000                     	PUSH	3932160
   464 00000253 89 85 FFFFF910                  	MOV	DWORD [-1776+EBP],EAX
   465 00000259 E8 [00000000]                   	CALL	_memman_alloc_4k
   466 0000025E 8B 95 FFFFF910                  	MOV	EDX,DWORD [-1776+EBP]
   467 00000264 05 0000FFF4                     	ADD	EAX,65524
   468 00000269 89 42 48                        	MOV	DWORD [72+EDX],EAX
   469 0000026C C7 42 30 [00000000]             	MOV	DWORD [48+EDX],_console_task
   470 00000273 C7 42 58 00000008               	MOV	DWORD [88+EDX],8
   471 0000027A C7 42 5C 00000010               	MOV	DWORD [92+EDX],16
   472 00000281 C7 42 60 00000008               	MOV	DWORD [96+EDX],8
   473 00000288 C7 42 64 00000008               	MOV	DWORD [100+EDX],8
   474 0000028F C7 42 68 00000008               	MOV	DWORD [104+EDX],8
   475 00000296 C7 42 6C 00000008               	MOV	DWORD [108+EDX],8
   476 0000029D 8B 95 FFFFF92C                  	MOV	EDX,DWORD [-1748+EBP]
   477 000002A3 89 50 04                        	MOV	DWORD [4+EAX],EDX
   478 000002A6 8B 95 FFFFF910                  	MOV	EDX,DWORD [-1776+EBP]
   479 000002AC 8B 42 48                        	MOV	EAX,DWORD [72+EDX]
   480 000002AF 8B 95 FFFFF938                  	MOV	EDX,DWORD [-1736+EBP]
   481 000002B5 89 50 08                        	MOV	DWORD [8+EAX],EDX
   482 000002B8 6A 02                           	PUSH	2
   483 000002BA 6A 02                           	PUSH	2
   484 000002BC FF B5 FFFFF910                  	PUSH	DWORD [-1776+EBP]
   485 000002C2 E8 [00000000]                   	CALL	_task_run
   486 000002C7 56                              	PUSH	ESI
   487 000002C8 E8 [00000000]                   	CALL	_sheet_alloc
   488 000002CD 68 00002080                     	PUSH	8320
   489 000002D2 68 003C0000                     	PUSH	3932160
   490 000002D7 89 C7                           	MOV	EDI,EAX
   491 000002D9 E8 [00000000]                   	CALL	_memman_alloc_4k
   492 000002DE 83 C4 20                        	ADD	ESP,32
   493 000002E1 6A FF                           	PUSH	-1
   494 000002E3 89 85 FFFFF928                  	MOV	DWORD [-1752+EBP],EAX
   495 000002E9 6A 34                           	PUSH	52
   496 000002EB 68 00000090                     	PUSH	144
   497 000002F0 50                              	PUSH	EAX
   498 000002F1 57                              	PUSH	EDI
   499 000002F2 E8 [00000000]                   	CALL	_sheet_setbuf
   500 000002F7 6A 01                           	PUSH	1
   501 000002F9 68 [00000108]                   	PUSH	LC1
   502 000002FE 6A 34                           	PUSH	52
   503 00000300 68 00000090                     	PUSH	144
   504 00000305 FF B5 FFFFF928                  	PUSH	DWORD [-1752+EBP]
   505 0000030B E8 [00000000]                   	CALL	_make_window8
   506 00000310 83 C4 28                        	ADD	ESP,40
   507 00000313 6A 07                           	PUSH	7
   508 00000315 6A 10                           	PUSH	16
   509 00000317 68 00000080                     	PUSH	128
   510 0000031C 6A 1C                           	PUSH	28
   511 0000031E 6A 08                           	PUSH	8
   512 00000320 57                              	PUSH	EDI
   513 00000321 E8 [00000000]                   	CALL	_make_textbox8
   514 00000326 C7 85 FFFFF91C 00000008         	MOV	DWORD [-1764+EBP],8
   515 00000330 C7 85 FFFFF918 00000007         	MOV	DWORD [-1768+EBP],7
   516 0000033A E8 [00000000]                   	CALL	_timer_alloc
   517 0000033F 6A 01                           	PUSH	1
   518 00000341 89 85 FFFFF920                  	MOV	DWORD [-1760+EBP],EAX
   519 00000347 8D 85 FFFFFCD4                  	LEA	EAX,DWORD [-812+EBP]
   520 0000034D 50                              	PUSH	EAX
   521 0000034E FF B5 FFFFF920                  	PUSH	DWORD [-1760+EBP]
   522 00000354 E8 [00000000]                   	CALL	_timer_init
   523 00000359 83 C4 24                        	ADD	ESP,36
   524 0000035C 6A 32                           	PUSH	50
   525 0000035E FF B5 FFFFF920                  	PUSH	DWORD [-1760+EBP]
   526 00000364 E8 [00000000]                   	CALL	_timer_settime
   527 00000369 56                              	PUSH	ESI
   528 0000036A E8 [00000000]                   	CALL	_sheet_alloc
   529 0000036F 6A 63                           	PUSH	99
   530 00000371 6A 10                           	PUSH	16
   531 00000373 6A 10                           	PUSH	16
   532 00000375 89 85 FFFFF930                  	MOV	DWORD [-1744+EBP],EAX
   533 0000037B 53                              	PUSH	EBX
   534 0000037C 50                              	PUSH	EAX
   535 0000037D E8 [00000000]                   	CALL	_sheet_setbuf
   536 00000382 83 C4 20                        	ADD	ESP,32
   537 00000385 6A 63                           	PUSH	99
   538 00000387 53                              	PUSH	EBX
   539 00000388 BB 00000002                     	MOV	EBX,2
   540 0000038D E8 [00000000]                   	CALL	_init_mouse_cursor8
   541 00000392 0F BF 05 00000FF4               	MOVSX	EAX,WORD [4084]
   542 00000399 8D 48 F0                        	LEA	ECX,DWORD [-16+EAX]
   543 0000039C 89 C8                           	MOV	EAX,ECX
   544 0000039E 99                              	CDQ
   545 0000039F F7 FB                           	IDIV	EBX
   546 000003A1 89 85 FFFFF940                  	MOV	DWORD [-1728+EBP],EAX
   547 000003A7 0F BF 05 00000FF6               	MOVSX	EAX,WORD [4086]
   548 000003AE 6A 00                           	PUSH	0
   549 000003B0 8D 48 D4                        	LEA	ECX,DWORD [-44+EAX]
   550 000003B3 6A 00                           	PUSH	0
   551 000003B5 89 C8                           	MOV	EAX,ECX
   552 000003B7 99                              	CDQ
   553 000003B8 F7 FB                           	IDIV	EBX
   554 000003BA FF B5 FFFFF934                  	PUSH	DWORD [-1740+EBP]
   555 000003C0 89 85 FFFFF93C                  	MOV	DWORD [-1732+EBP],EAX
   556 000003C6 E8 [00000000]                   	CALL	_sheet_slide
   557 000003CB 6A 04                           	PUSH	4
   558 000003CD 6A 20                           	PUSH	32
   559 000003CF FF B5 FFFFF92C                  	PUSH	DWORD [-1748+EBP]
   560 000003D5 E8 [00000000]                   	CALL	_sheet_slide
   561 000003DA 83 C4 20                        	ADD	ESP,32
   562 000003DD 6A 38                           	PUSH	56
   563 000003DF 6A 40                           	PUSH	64
   564 000003E1 57                              	PUSH	EDI
   565 000003E2 E8 [00000000]                   	CALL	_sheet_slide
   566 000003E7 FF B5 FFFFF93C                  	PUSH	DWORD [-1732+EBP]
   567 000003ED FF B5 FFFFF940                  	PUSH	DWORD [-1728+EBP]
   568 000003F3 FF B5 FFFFF930                  	PUSH	DWORD [-1744+EBP]
   569 000003F9 E8 [00000000]                   	CALL	_sheet_slide
   570 000003FE 6A 00                           	PUSH	0
   571 00000400 FF B5 FFFFF934                  	PUSH	DWORD [-1740+EBP]
   572 00000406 E8 [00000000]                   	CALL	_sheet_updown
   573 0000040B 83 C4 20                        	ADD	ESP,32
   574 0000040E 6A 01                           	PUSH	1
   575 00000410 FF B5 FFFFF92C                  	PUSH	DWORD [-1748+EBP]
   576 00000416 E8 [00000000]                   	CALL	_sheet_updown
   577 0000041B 6A 02                           	PUSH	2
   578 0000041D 57                              	PUSH	EDI
   579 0000041E E8 [00000000]                   	CALL	_sheet_updown
   580 00000423 6A 03                           	PUSH	3
   581 00000425 FF B5 FFFFF930                  	PUSH	DWORD [-1744+EBP]
   582 0000042B E8 [00000000]                   	CALL	_sheet_updown
   583 00000430 8D 95 FFFFFCB4                  	LEA	EDX,DWORD [-844+EBP]
   584 00000436 68 000000ED                     	PUSH	237
   585 0000043B 52                              	PUSH	EDX
   586 0000043C E8 [00000000]                   	CALL	_fifo32_put
   587 00000441 8D 85 FFFFFCB4                  	LEA	EAX,DWORD [-844+EBP]
   588 00000447 83 C4 20                        	ADD	ESP,32
   589 0000044A FF B5 FFFFF904                  	PUSH	DWORD [-1788+EBP]
   590 00000450 50                              	PUSH	EAX
   591 00000451 E8 [00000000]                   	CALL	_fifo32_put
   592 00000456 59                              	POP	ECX
   593 00000457 5B                              	POP	EBX
   594 00000458                                 L2:
   595 00000458 8D 9D FFFFFCB4                  	LEA	EBX,DWORD [-844+EBP]
   596 0000045E 53                              	PUSH	EBX
   597 0000045F E8 [00000000]                   	CALL	_fifo32_status
   598 00000464 5A                              	POP	EDX
   599 00000465 85 C0                           	TEST	EAX,EAX
   600 00000467 7E 0D                           	JLE	L5
   601 00000469 83 BD FFFFF900 00               	CMP	DWORD [-1792+EBP],0
   602 00000470 0F 88 0000061D                  	JS	L57
   603 00000476                                 L5:
   604 00000476 8D 9D FFFFFCD4                  	LEA	EBX,DWORD [-812+EBP]
   605 0000047C E8 [00000000]                   	CALL	_io_cli
   606 00000481 53                              	PUSH	EBX
   607 00000482 E8 [00000000]                   	CALL	_fifo32_status
   608 00000487 5E                              	POP	ESI
   609 00000488 85 C0                           	TEST	EAX,EAX
   610 0000048A 0F 84 000005ED                  	JE	L58
   611 00000490 53                              	PUSH	EBX
   612 00000491 E8 [00000000]                   	CALL	_fifo32_get
   613 00000496 89 C6                           	MOV	ESI,EAX
   614 00000498 E8 [00000000]                   	CALL	_io_sti
   615 0000049D 5A                              	POP	EDX
   616 0000049E 8D 86 FFFFFF00                  	LEA	EAX,DWORD [-256+ESI]
   617 000004A4 3D 000000FF                     	CMP	EAX,255
   618 000004A9 0F 86 000001AC                  	JBE	L59
   619 000004AF 8D 86 FFFFFE00                  	LEA	EAX,DWORD [-512+ESI]
   620 000004B5 3D 000000FF                     	CMP	EAX,255
   621 000004BA 0F 86 000000C2                  	JBE	L60
   622 000004C0 83 FE 01                        	CMP	ESI,1
   623 000004C3 7F 93                           	JG	L2
   624 000004C5 85 F6                           	TEST	ESI,ESI
   625 000004C7 0F 84 00000088                  	JE	L50
   626 000004CD 6A 00                           	PUSH	0
   627 000004CF 53                              	PUSH	EBX
   628 000004D0 FF B5 FFFFF920                  	PUSH	DWORD [-1760+EBP]
   629 000004D6 E8 [00000000]                   	CALL	_timer_init
   630 000004DB 83 C4 0C                        	ADD	ESP,12
   631 000004DE 83 BD FFFFF918 00               	CMP	DWORD [-1768+EBP],0
   632 000004E5 78 0A                           	JS	L52
   633 000004E7 C7 85 FFFFF918 00000000         	MOV	DWORD [-1768+EBP],0
   634 000004F1                                 L52:
   635 000004F1 6A 32                           	PUSH	50
   636 000004F3 FF B5 FFFFF920                  	PUSH	DWORD [-1760+EBP]
   637 000004F9 E8 [00000000]                   	CALL	_timer_settime
   638 000004FE 58                              	POP	EAX
   639 000004FF 5A                              	POP	EDX
   640 00000500 83 BD FFFFF918 00               	CMP	DWORD [-1768+EBP],0
   641 00000507 0F 88 FFFFFF4B                  	JS	L2
   642 0000050D 8B 85 FFFFF91C                  	MOV	EAX,DWORD [-1764+EBP]
   643 00000513 6A 2B                           	PUSH	43
   644 00000515 83 C0 07                        	ADD	EAX,7
   645 00000518 50                              	PUSH	EAX
   646 00000519 6A 1C                           	PUSH	28
   647 0000051B FF B5 FFFFF91C                  	PUSH	DWORD [-1764+EBP]
   648 00000521 0F B6 85 FFFFF918               	MOVZX	EAX,BYTE [-1768+EBP]
   649 00000528 50                              	PUSH	EAX
   650 00000529 FF 77 04                        	PUSH	DWORD [4+EDI]
   651 0000052C FF 37                           	PUSH	DWORD [EDI]
   652 0000052E E8 [00000000]                   	CALL	_boxfill8
   653 00000533 8B 85 FFFFF91C                  	MOV	EAX,DWORD [-1764+EBP]
   654 00000539 6A 2C                           	PUSH	44
   655 0000053B 83 C0 08                        	ADD	EAX,8
   656 0000053E 50                              	PUSH	EAX
   657 0000053F 6A 1C                           	PUSH	28
   658 00000541 FF B5 FFFFF91C                  	PUSH	DWORD [-1764+EBP]
   659 00000547 57                              	PUSH	EDI
   660 00000548 E8 [00000000]                   	CALL	_sheet_refresh
   661 0000054D 83 C4 30                        	ADD	ESP,48
   662 00000550 E9 FFFFFF03                     	JMP	L2
   663 00000555                                 L50:
   664 00000555 6A 01                           	PUSH	1
   665 00000557 53                              	PUSH	EBX
   666 00000558 FF B5 FFFFF920                  	PUSH	DWORD [-1760+EBP]
   667 0000055E E8 [00000000]                   	CALL	_timer_init
   668 00000563 83 C4 0C                        	ADD	ESP,12
   669 00000566 83 BD FFFFF918 00               	CMP	DWORD [-1768+EBP],0
   670 0000056D 0F 88 FFFFFF7E                  	JS	L52
   671 00000573 C7 85 FFFFF918 00000007         	MOV	DWORD [-1768+EBP],7
   672 0000057D E9 FFFFFF6F                     	JMP	L52
   673 00000582                                 L60:
   674 00000582 89 F2                           	MOV	EDX,ESI
   675 00000584 0F B6 C2                        	MOVZX	EAX,DL
   676 00000587 50                              	PUSH	EAX
   677 00000588 8D 85 FFFFFE04                  	LEA	EAX,DWORD [-508+EBP]
   678 0000058E 50                              	PUSH	EAX
   679 0000058F E8 [00000000]                   	CALL	_mouse_decode
   680 00000594 59                              	POP	ECX
   681 00000595 5B                              	POP	EBX
   682 00000596 85 C0                           	TEST	EAX,EAX
   683 00000598 0F 84 FFFFFEBA                  	JE	L2
   684 0000059E 8B 85 FFFFFE0C                  	MOV	EAX,DWORD [-500+EBP]
   685 000005A4 8B 95 FFFFFE08                  	MOV	EDX,DWORD [-504+EBP]
   686 000005AA 01 85 FFFFF93C                  	ADD	DWORD [-1732+EBP],EAX
   687 000005B0 01 95 FFFFF940                  	ADD	DWORD [-1728+EBP],EDX
   688 000005B6 0F 88 00000090                  	JS	L61
   689 000005BC                                 L43:
   690 000005BC 83 BD FFFFF93C 00               	CMP	DWORD [-1732+EBP],0
   691 000005C3 78 78                           	JS	L62
   692 000005C5                                 L44:
   693 000005C5 0F BF 05 00000FF4               	MOVSX	EAX,WORD [4084]
   694 000005CC 48                              	DEC	EAX
   695 000005CD 39 85 FFFFF940                  	CMP	DWORD [-1728+EBP],EAX
   696 000005D3 7E 06                           	JLE	L45
   697 000005D5 89 85 FFFFF940                  	MOV	DWORD [-1728+EBP],EAX
   698 000005DB                                 L45:
   699 000005DB 0F BF 05 00000FF6               	MOVSX	EAX,WORD [4086]
   700 000005E2 48                              	DEC	EAX
   701 000005E3 39 85 FFFFF93C                  	CMP	DWORD [-1732+EBP],EAX
   702 000005E9 7E 06                           	JLE	L46
   703 000005EB 89 85 FFFFF93C                  	MOV	DWORD [-1732+EBP],EAX
   704 000005F1                                 L46:
   705 000005F1 FF B5 FFFFF93C                  	PUSH	DWORD [-1732+EBP]
   706 000005F7 FF B5 FFFFF940                  	PUSH	DWORD [-1728+EBP]
   707 000005FD FF B5 FFFFF930                  	PUSH	DWORD [-1744+EBP]
   708 00000603 E8 [00000000]                   	CALL	_sheet_slide
   709 00000608 83 C4 0C                        	ADD	ESP,12
   710 0000060B F7 85 FFFFFE10 00000001         	TEST	DWORD [-496+EBP],1
   711 00000615 0F 84 FFFFFE3D                  	JE	L2
   712 0000061B 8B 85 FFFFF93C                  	MOV	EAX,DWORD [-1732+EBP]
   713 00000621 83 E8 50                        	SUB	EAX,80
   714 00000624 50                              	PUSH	EAX
   715 00000625 8B 85 FFFFF940                  	MOV	EAX,DWORD [-1728+EBP]
   716 0000062B 83 E8 50                        	SUB	EAX,80
   717 0000062E 50                              	PUSH	EAX
   718 0000062F 57                              	PUSH	EDI
   719 00000630 E8 [00000000]                   	CALL	_sheet_slide
   720 00000635 83 C4 0C                        	ADD	ESP,12
   721 00000638 E9 FFFFFE1B                     	JMP	L2
   722 0000063D                                 L62:
   723 0000063D C7 85 FFFFF93C 00000000         	MOV	DWORD [-1732+EBP],0
   724 00000647 E9 FFFFFF79                     	JMP	L44
   725 0000064C                                 L61:
   726 0000064C C7 85 FFFFF940 00000000         	MOV	DWORD [-1728+EBP],0
   727 00000656 E9 FFFFFF61                     	JMP	L43
   728 0000065B                                 L59:
   729 0000065B 81 FE 0000017F                  	CMP	ESI,383
   730 00000661 0F 8F 0000040D                  	JG	L9
   731 00000667 83 BD FFFFF908 00               	CMP	DWORD [-1784+EBP],0
   732 0000066E 0F 85 000003F5                  	JNE	L10
   733 00000674 8A 86 [FFFFFF00]                	MOV	AL,BYTE [_keytable0.0-256+ESI]
   734 0000067A                                 L56:
   735 0000067A 88 45 C4                        	MOV	BYTE [-60+EBP],AL
   736 0000067D                                 L12:
   737 0000067D 8A 55 C4                        	MOV	DL,BYTE [-60+EBP]
   738 00000680 8D 42 BF                        	LEA	EAX,DWORD [-65+EDX]
   739 00000683 3C 19                           	CMP	AL,25
   740 00000685 77 1D                           	JA	L13
   741 00000687 F7 85 FFFFF904 00000004         	TEST	DWORD [-1788+EBP],4
   742 00000691 0F 85 000003C3                  	JNE	L55
   743 00000697 83 BD FFFFF908 00               	CMP	DWORD [-1784+EBP],0
   744 0000069E 0F 84 000003AB                  	JE	L15
   745 000006A4                                 L13:
   746 000006A4 8A 45 C4                        	MOV	AL,BYTE [-60+EBP]
   747 000006A7 84 C0                           	TEST	AL,AL
   748 000006A9 74 3C                           	JE	L17
   749 000006AB 83 BD FFFFF90C 00               	CMP	DWORD [-1780+EBP],0
   750 000006B2 0F 85 00000378                  	JNE	L18
   751 000006B8 83 BD FFFFF91C 7F               	CMP	DWORD [-1764+EBP],127
   752 000006BF 7F 26                           	JG	L17
   753 000006C1 6A 01                           	PUSH	1
   754 000006C3 8D 45 C4                        	LEA	EAX,DWORD [-60+EBP]
   755 000006C6 50                              	PUSH	EAX
   756 000006C7 6A 07                           	PUSH	7
   757 000006C9 6A 00                           	PUSH	0
   758 000006CB 6A 1C                           	PUSH	28
   759 000006CD FF B5 FFFFF91C                  	PUSH	DWORD [-1764+EBP]
   760 000006D3 57                              	PUSH	EDI
   761 000006D4 C6 45 C5 00                     	MOV	BYTE [-59+EBP],0
   762 000006D8 E8 [00000000]                   	CALL	_putfonts8_asc_sht
   763 000006DD 83 C4 1C                        	ADD	ESP,28
   764 000006E0 83 85 FFFFF91C 08               	ADD	DWORD [-1764+EBP],8
   765 000006E7                                 L17:
   766 000006E7 81 FE 0000010E                  	CMP	ESI,270
   767 000006ED 0F 84 000002E4                  	JE	L63
   768 000006F3                                 L21:
   769 000006F3 81 FE 0000011C                  	CMP	ESI,284
   770 000006F9 0F 84 000002B0                  	JE	L64
   771 000006FF                                 L25:
   772 000006FF 81 FE 0000010F                  	CMP	ESI,271
   773 00000705 0F 84 00000191                  	JE	L65
   774 0000070B                                 L27:
   775 0000070B 81 FE 0000012A                  	CMP	ESI,298
   776 00000711 0F 84 00000179                  	JE	L66
   777 00000717                                 L30:
   778 00000717 81 FE 00000136                  	CMP	ESI,310
   779 0000071D 0F 84 00000161                  	JE	L67
   780 00000723                                 L31:
   781 00000723 81 FE 000001AA                  	CMP	ESI,426
   782 00000729 0F 84 00000149                  	JE	L68
   783 0000072F                                 L32:
   784 0000072F 81 FE 000001B6                  	CMP	ESI,438
   785 00000735 0F 84 00000131                  	JE	L69
   786 0000073B                                 L33:
   787 0000073B 81 FE 0000013A                  	CMP	ESI,314
   788 00000741 0F 84 000000F9                  	JE	L70
   789 00000747                                 L34:
   790 00000747 81 FE 00000145                  	CMP	ESI,325
   791 0000074D 0F 84 000000C1                  	JE	L71
   792 00000753                                 L35:
   793 00000753 81 FE 00000146                  	CMP	ESI,326
   794 00000759 0F 84 00000089                  	JE	L72
   795 0000075F                                 L36:
   796 0000075F 81 FE 000001FA                  	CMP	ESI,506
   797 00000765 74 72                           	JE	L73
   798 00000767                                 L37:
   799 00000767 81 FE 000001FE                  	CMP	ESI,510
   800 0000076D 74 54                           	JE	L74
   801 0000076F                                 L38:
   802 0000076F 83 BD FFFFF918 00               	CMP	DWORD [-1768+EBP],0
   803 00000776 78 29                           	JS	L39
   804 00000778 8B 85 FFFFF91C                  	MOV	EAX,DWORD [-1764+EBP]
   805 0000077E 6A 2B                           	PUSH	43
   806 00000780 83 C0 07                        	ADD	EAX,7
   807 00000783 50                              	PUSH	EAX
   808 00000784 6A 1C                           	PUSH	28
   809 00000786 FF B5 FFFFF91C                  	PUSH	DWORD [-1764+EBP]
   810 0000078C 0F B6 85 FFFFF918               	MOVZX	EAX,BYTE [-1768+EBP]
   811 00000793 50                              	PUSH	EAX
   812 00000794 FF 77 04                        	PUSH	DWORD [4+EDI]
   813 00000797 FF 37                           	PUSH	DWORD [EDI]
   814 00000799 E8 [00000000]                   	CALL	_boxfill8
   815 0000079E 83 C4 1C                        	ADD	ESP,28
   816 000007A1                                 L39:
   817 000007A1 8B 85 FFFFF91C                  	MOV	EAX,DWORD [-1764+EBP]
   818 000007A7 6A 2C                           	PUSH	44
   819 000007A9 83 C0 08                        	ADD	EAX,8
   820 000007AC 50                              	PUSH	EAX
   821 000007AD 6A 1C                           	PUSH	28
   822 000007AF FF B5 FFFFF91C                  	PUSH	DWORD [-1764+EBP]
   823 000007B5 57                              	PUSH	EDI
   824 000007B6 E8 [00000000]                   	CALL	_sheet_refresh
   825 000007BB 83 C4 14                        	ADD	ESP,20
   826 000007BE E9 FFFFFC95                     	JMP	L2
   827 000007C3                                 L74:
   828 000007C3 E8 [00000000]                   	CALL	_wait_KBC_sendready
   829 000007C8 FF B5 FFFFF900                  	PUSH	DWORD [-1792+EBP]
   830 000007CE 6A 60                           	PUSH	96
   831 000007D0 E8 [00000000]                   	CALL	_io_out8
   832 000007D5 5E                              	POP	ESI
   833 000007D6 58                              	POP	EAX
   834 000007D7 EB 96                           	JMP	L38
   835 000007D9                                 L73:
   836 000007D9 C7 85 FFFFF900 FFFFFFFF         	MOV	DWORD [-1792+EBP],-1
   837 000007E3 E9 FFFFFF7F                     	JMP	L37
   838 000007E8                                 L72:
   839 000007E8 68 000000ED                     	PUSH	237
   840 000007ED 8D 9D FFFFFCB4                  	LEA	EBX,DWORD [-844+EBP]
   841 000007F3 53                              	PUSH	EBX
   842 000007F4 83 B5 FFFFF904 01               	XOR	DWORD [-1788+EBP],1
   843 000007FB E8 [00000000]                   	CALL	_fifo32_put
   844 00000800 FF B5 FFFFF904                  	PUSH	DWORD [-1788+EBP]
   845 00000806 53                              	PUSH	EBX
   846 00000807 E8 [00000000]                   	CALL	_fifo32_put
   847 0000080C 83 C4 10                        	ADD	ESP,16
   848 0000080F E9 FFFFFF4B                     	JMP	L36
   849 00000814                                 L71:
   850 00000814 68 000000ED                     	PUSH	237
   851 00000819 8D 9D FFFFFCB4                  	LEA	EBX,DWORD [-844+EBP]
   852 0000081F 53                              	PUSH	EBX
   853 00000820 83 B5 FFFFF904 02               	XOR	DWORD [-1788+EBP],2
   854 00000827 E8 [00000000]                   	CALL	_fifo32_put
   855 0000082C FF B5 FFFFF904                  	PUSH	DWORD [-1788+EBP]
   856 00000832 53                              	PUSH	EBX
   857 00000833 E8 [00000000]                   	CALL	_fifo32_put
   858 00000838 83 C4 10                        	ADD	ESP,16
   859 0000083B E9 FFFFFF13                     	JMP	L35
   860 00000840                                 L70:
   861 00000840 68 000000ED                     	PUSH	237
   862 00000845 8D 9D FFFFFCB4                  	LEA	EBX,DWORD [-844+EBP]
   863 0000084B 53                              	PUSH	EBX
   864 0000084C 83 B5 FFFFF904 04               	XOR	DWORD [-1788+EBP],4
   865 00000853 E8 [00000000]                   	CALL	_fifo32_put
   866 00000858 FF B5 FFFFF904                  	PUSH	DWORD [-1788+EBP]
   867 0000085E 53                              	PUSH	EBX
   868 0000085F E8 [00000000]                   	CALL	_fifo32_put
   869 00000864 83 C4 10                        	ADD	ESP,16
   870 00000867 E9 FFFFFEDB                     	JMP	L34
   871 0000086C                                 L69:
   872 0000086C 83 A5 FFFFF908 FD               	AND	DWORD [-1784+EBP],-3
   873 00000873 E9 FFFFFEC3                     	JMP	L33
   874 00000878                                 L68:
   875 00000878 83 A5 FFFFF908 FE               	AND	DWORD [-1784+EBP],-2
   876 0000087F E9 FFFFFEAB                     	JMP	L32
   877 00000884                                 L67:
   878 00000884 83 8D FFFFF908 02               	OR	DWORD [-1784+EBP],2
   879 0000088B E9 FFFFFE93                     	JMP	L31
   880 00000890                                 L66:
   881 00000890 83 8D FFFFF908 01               	OR	DWORD [-1784+EBP],1
   882 00000897 E9 FFFFFE7B                     	JMP	L30
   883 0000089C                                 L65:
   884 0000089C 83 BD FFFFF90C 00               	CMP	DWORD [-1780+EBP],0
   885 000008A3 0F 85 000000A7                  	JNE	L28
   886 000008A9 6A 00                           	PUSH	0
   887 000008AB 68 [0000010F]                   	PUSH	LC3
   888 000008B0 FF 77 04                        	PUSH	DWORD [4+EDI]
   889 000008B3 FF B5 FFFFF928                  	PUSH	DWORD [-1752+EBP]
   890 000008B9 C7 85 FFFFF90C 00000001         	MOV	DWORD [-1780+EBP],1
   891 000008C3 E8 [00000000]                   	CALL	_make_window_title
   892 000008C8 8B 95 FFFFF92C                  	MOV	EDX,DWORD [-1748+EBP]
   893 000008CE 6A 01                           	PUSH	1
   894 000008D0 68 [00000116]                   	PUSH	LC4
   895 000008D5 FF 72 04                        	PUSH	DWORD [4+EDX]
   896 000008D8 FF B5 FFFFF924                  	PUSH	DWORD [-1756+EBP]
   897 000008DE E8 [00000000]                   	CALL	_make_window_title
   898 000008E3 8B 85 FFFFF91C                  	MOV	EAX,DWORD [-1764+EBP]
   899 000008E9 83 C4 20                        	ADD	ESP,32
   900 000008EC 83 C0 07                        	ADD	EAX,7
   901 000008EF C7 85 FFFFF918 FFFFFFFF         	MOV	DWORD [-1768+EBP],-1
   902 000008F9 6A 2B                           	PUSH	43
   903 000008FB 50                              	PUSH	EAX
   904 000008FC 6A 1C                           	PUSH	28
   905 000008FE FF B5 FFFFF91C                  	PUSH	DWORD [-1764+EBP]
   906 00000904 6A 07                           	PUSH	7
   907 00000906 FF 77 04                        	PUSH	DWORD [4+EDI]
   908 00000909 FF 37                           	PUSH	DWORD [EDI]
   909 0000090B E8 [00000000]                   	CALL	_boxfill8
   910 00000910 8B 85 FFFFF910                  	MOV	EAX,DWORD [-1776+EBP]
   911 00000916 6A 02                           	PUSH	2
   912 00000918 83 C0 78                        	ADD	EAX,120
   913 0000091B 50                              	PUSH	EAX
   914 0000091C E8 [00000000]                   	CALL	_fifo32_put
   915 00000921 83 C4 24                        	ADD	ESP,36
   916 00000924                                 L29:
   917 00000924 6A 15                           	PUSH	21
   918 00000926 FF 77 04                        	PUSH	DWORD [4+EDI]
   919 00000929 6A 00                           	PUSH	0
   920 0000092B 6A 00                           	PUSH	0
   921 0000092D 57                              	PUSH	EDI
   922 0000092E E8 [00000000]                   	CALL	_sheet_refresh
   923 00000933 8B 95 FFFFF92C                  	MOV	EDX,DWORD [-1748+EBP]
   924 00000939 6A 15                           	PUSH	21
   925 0000093B FF 72 04                        	PUSH	DWORD [4+EDX]
   926 0000093E 6A 00                           	PUSH	0
   927 00000940 6A 00                           	PUSH	0
   928 00000942 52                              	PUSH	EDX
   929 00000943 E8 [00000000]                   	CALL	_sheet_refresh
   930 00000948 83 C4 28                        	ADD	ESP,40
   931 0000094B E9 FFFFFDBB                     	JMP	L27
   932 00000950                                 L28:
   933 00000950 6A 01                           	PUSH	1
   934 00000952 68 [0000010F]                   	PUSH	LC3
   935 00000957 FF 77 04                        	PUSH	DWORD [4+EDI]
   936 0000095A FF B5 FFFFF928                  	PUSH	DWORD [-1752+EBP]
   937 00000960 C7 85 FFFFF90C 00000000         	MOV	DWORD [-1780+EBP],0
   938 0000096A E8 [00000000]                   	CALL	_make_window_title
   939 0000096F 8B 85 FFFFF92C                  	MOV	EAX,DWORD [-1748+EBP]
   940 00000975 6A 00                           	PUSH	0
   941 00000977 68 [00000116]                   	PUSH	LC4
   942 0000097C FF 70 04                        	PUSH	DWORD [4+EAX]
   943 0000097F FF B5 FFFFF924                  	PUSH	DWORD [-1756+EBP]
   944 00000985 E8 [00000000]                   	CALL	_make_window_title
   945 0000098A 8B 85 FFFFF910                  	MOV	EAX,DWORD [-1776+EBP]
   946 00000990 83 C4 20                        	ADD	ESP,32
   947 00000993 83 C0 78                        	ADD	EAX,120
   948 00000996 C7 85 FFFFF918 00000000         	MOV	DWORD [-1768+EBP],0
   949 000009A0 6A 03                           	PUSH	3
   950 000009A2 50                              	PUSH	EAX
   951 000009A3 E8 [00000000]                   	CALL	_fifo32_put
   952 000009A8 58                              	POP	EAX
   953 000009A9 5A                              	POP	EDX
   954 000009AA E9 FFFFFF75                     	JMP	L29
   955 000009AF                                 L64:
   956 000009AF 83 BD FFFFF90C 00               	CMP	DWORD [-1780+EBP],0
   957 000009B6 0F 84 FFFFFD43                  	JE	L25
   958 000009BC 8B 85 FFFFF910                  	MOV	EAX,DWORD [-1776+EBP]
   959 000009C2 68 0000010A                     	PUSH	266
   960 000009C7 83 C0 78                        	ADD	EAX,120
   961 000009CA 50                              	PUSH	EAX
   962 000009CB E8 [00000000]                   	CALL	_fifo32_put
   963 000009D0 59                              	POP	ECX
   964 000009D1 5B                              	POP	EBX
   965 000009D2 E9 FFFFFD28                     	JMP	L25
   966 000009D7                                 L63:
   967 000009D7 83 BD FFFFF90C 00               	CMP	DWORD [-1780+EBP],0
   968 000009DE 75 35                           	JNE	L22
   969 000009E0 83 BD FFFFF91C 08               	CMP	DWORD [-1764+EBP],8
   970 000009E7 0F 8E FFFFFD06                  	JLE	L21
   971 000009ED 6A 01                           	PUSH	1
   972 000009EF 68 [0000011E]                   	PUSH	LC2
   973 000009F4 6A 07                           	PUSH	7
   974 000009F6 6A 00                           	PUSH	0
   975 000009F8 6A 1C                           	PUSH	28
   976 000009FA FF B5 FFFFF91C                  	PUSH	DWORD [-1764+EBP]
   977 00000A00 57                              	PUSH	EDI
   978 00000A01 E8 [00000000]                   	CALL	_putfonts8_asc_sht
   979 00000A06 83 C4 1C                        	ADD	ESP,28
   980 00000A09 83 AD FFFFF91C 08               	SUB	DWORD [-1764+EBP],8
   981 00000A10 E9 FFFFFCDE                     	JMP	L21
   982 00000A15                                 L22:
   983 00000A15 8B 85 FFFFF910                  	MOV	EAX,DWORD [-1776+EBP]
   984 00000A1B 68 00000108                     	PUSH	264
   985 00000A20 83 C0 78                        	ADD	EAX,120
   986 00000A23 50                              	PUSH	EAX
   987 00000A24 E8 [00000000]                   	CALL	_fifo32_put
   988 00000A29 58                              	POP	EAX
   989 00000A2A 5A                              	POP	EDX
   990 00000A2B E9 FFFFFCC3                     	JMP	L21
   991 00000A30                                 L18:
   992 00000A30 0F BE C0                        	MOVSX	EAX,AL
   993 00000A33 05 00000100                     	ADD	EAX,256
   994 00000A38 50                              	PUSH	EAX
   995 00000A39 8B 85 FFFFF910                  	MOV	EAX,DWORD [-1776+EBP]
   996 00000A3F 83 C0 78                        	ADD	EAX,120
   997 00000A42 50                              	PUSH	EAX
   998 00000A43 E8 [00000000]                   	CALL	_fifo32_put
   999 00000A48 59                              	POP	ECX
  1000 00000A49 5B                              	POP	EBX
  1001 00000A4A E9 FFFFFC98                     	JMP	L17
  1002 00000A4F                                 L15:
  1003 00000A4F 8D 42 20                        	LEA	EAX,DWORD [32+EDX]
  1004 00000A52 88 45 C4                        	MOV	BYTE [-60+EBP],AL
  1005 00000A55 E9 FFFFFC4A                     	JMP	L13
  1006 00000A5A                                 L55:
  1007 00000A5A 83 BD FFFFF908 00               	CMP	DWORD [-1784+EBP],0
  1008 00000A61 0F 84 FFFFFC3D                  	JE	L13
  1009 00000A67 EB E6                           	JMP	L15
  1010 00000A69                                 L10:
  1011 00000A69 8A 86 [FFFFFF80]                	MOV	AL,BYTE [_keytable1.1-256+ESI]
  1012 00000A6F E9 FFFFFC06                     	JMP	L56
  1013 00000A74                                 L9:
  1014 00000A74 C6 45 C4 00                     	MOV	BYTE [-60+EBP],0
  1015 00000A78 E9 FFFFFC00                     	JMP	L12
  1016 00000A7D                                 L58:
  1017 00000A7D FF B5 FFFFF914                  	PUSH	DWORD [-1772+EBP]
  1018 00000A83 E8 [00000000]                   	CALL	_task_sleep
  1019 00000A88 E8 [00000000]                   	CALL	_io_sti
  1020 00000A8D 59                              	POP	ECX
  1021 00000A8E E9 FFFFF9C5                     	JMP	L2
  1022 00000A93                                 L57:
  1023 00000A93 53                              	PUSH	EBX
  1024 00000A94 E8 [00000000]                   	CALL	_fifo32_get
  1025 00000A99 89 85 FFFFF900                  	MOV	DWORD [-1792+EBP],EAX
  1026 00000A9F E8 [00000000]                   	CALL	_wait_KBC_sendready
  1027 00000AA4 FF B5 FFFFF900                  	PUSH	DWORD [-1792+EBP]
  1028 00000AAA 6A 60                           	PUSH	96
  1029 00000AAC E8 [00000000]                   	CALL	_io_out8
  1030 00000AB1 83 C4 0C                        	ADD	ESP,12
  1031 00000AB4 E9 FFFFF9BD                     	JMP	L5
  1032                                          [SECTION .data]
  1033 00000120                                 LC5:
  1034 00000120 25 31 31 64 00                  	DB	"%11d",0x00
  1035                                          [SECTION .text]
  1036 00000AB9                                 	GLOBAL	_task_b_main
  1037 00000AB9                                 _task_b_main:
  1038 00000AB9 55                              	PUSH	EBP
  1039 00000ABA 89 E5                           	MOV	EBP,ESP
  1040 00000ABC 57                              	PUSH	EDI
  1041 00000ABD 56                              	PUSH	ESI
  1042 00000ABE 31 FF                           	XOR	EDI,EDI
  1043 00000AC0 53                              	PUSH	EBX
  1044 00000AC1 8D 85 FFFFFDD4                  	LEA	EAX,DWORD [-556+EBP]
  1045 00000AC7 81 EC 00000234                  	SUB	ESP,564
  1046 00000ACD 8D 5D D4                        	LEA	EBX,DWORD [-44+EBP]
  1047 00000AD0 C7 85 FFFFFDC0 00000000         	MOV	DWORD [-576+EBP],0
  1048 00000ADA 6A 00                           	PUSH	0
  1049 00000ADC 50                              	PUSH	EAX
  1050 00000ADD 68 00000080                     	PUSH	128
  1051 00000AE2 53                              	PUSH	EBX
  1052 00000AE3 E8 [00000000]                   	CALL	_fifo32_init
  1053 00000AE8 E8 [00000000]                   	CALL	_timer_alloc
  1054 00000AED 6A 64                           	PUSH	100
  1055 00000AEF 53                              	PUSH	EBX
  1056 00000AF0 89 C6                           	MOV	ESI,EAX
  1057 00000AF2 50                              	PUSH	EAX
  1058 00000AF3 E8 [00000000]                   	CALL	_timer_init
  1059 00000AF8 6A 64                           	PUSH	100
  1060 00000AFA 56                              	PUSH	ESI
  1061 00000AFB E8 [00000000]                   	CALL	_timer_settime
  1062 00000B00 83 C4 24                        	ADD	ESP,36
  1063 00000B03                                 L76:
  1064 00000B03 8D 5D D4                        	LEA	EBX,DWORD [-44+EBP]
  1065 00000B06 E8 [00000000]                   	CALL	_io_cli
  1066 00000B0B 53                              	PUSH	EBX
  1067 00000B0C 47                              	INC	EDI
  1068 00000B0D E8 [00000000]                   	CALL	_fifo32_status
  1069 00000B12 5A                              	POP	EDX
  1070 00000B13 85 C0                           	TEST	EAX,EAX
  1071 00000B15 74 55                           	JE	L82
  1072 00000B17 53                              	PUSH	EBX
  1073 00000B18 E8 [00000000]                   	CALL	_fifo32_get
  1074 00000B1D 89 C3                           	MOV	EBX,EAX
  1075 00000B1F E8 [00000000]                   	CALL	_io_sti
  1076 00000B24 59                              	POP	ECX
  1077 00000B25 83 FB 64                        	CMP	EBX,100
  1078 00000B28 75 D9                           	JNE	L76
  1079 00000B2A 89 F8                           	MOV	EAX,EDI
  1080 00000B2C 8D 9D FFFFFDC4                  	LEA	EBX,DWORD [-572+EBP]
  1081 00000B32 2B 85 FFFFFDC0                  	SUB	EAX,DWORD [-576+EBP]
  1082 00000B38 50                              	PUSH	EAX
  1083 00000B39 68 [00000120]                   	PUSH	LC5
  1084 00000B3E 53                              	PUSH	EBX
  1085 00000B3F E8 [00000000]                   	CALL	_sprintf
  1086 00000B44 6A 0B                           	PUSH	11
  1087 00000B46 53                              	PUSH	EBX
  1088 00000B47 6A 08                           	PUSH	8
  1089 00000B49 6A 00                           	PUSH	0
  1090 00000B4B 6A 1C                           	PUSH	28
  1091 00000B4D 6A 18                           	PUSH	24
  1092 00000B4F FF 75 08                        	PUSH	DWORD [8+EBP]
  1093 00000B52 E8 [00000000]                   	CALL	_putfonts8_asc_sht
  1094 00000B57 83 C4 28                        	ADD	ESP,40
  1095 00000B5A 89 BD FFFFFDC0                  	MOV	DWORD [-576+EBP],EDI
  1096 00000B60 6A 64                           	PUSH	100
  1097 00000B62 56                              	PUSH	ESI
  1098 00000B63 E8 [00000000]                   	CALL	_timer_settime
  1099 00000B68 58                              	POP	EAX
  1100 00000B69 5A                              	POP	EDX
  1101 00000B6A EB 97                           	JMP	L76
  1102 00000B6C                                 L82:
  1103 00000B6C E8 [00000000]                   	CALL	_io_sti
  1104 00000B71 EB 90                           	JMP	L76
