     1 00000000                                 [FORMAT "WCOFF"]
     2 00000000                                 [INSTRSET "i486p"]
     3 00000000                                 [OPTIMIZE 1]
     4 00000000                                 [OPTION 1]
     5 00000000                                 [BITS 32]
     6 00000000                                 	EXTERN	_init_gdtidt
     7 00000000                                 	EXTERN	_init_pic
     8 00000000                                 	EXTERN	_io_sti
     9 00000000                                 	EXTERN	_fifo32_init
    10 00000000                                 	EXTERN	_init_pit
    11 00000000                                 	EXTERN	_init_keyboard
    12 00000000                                 	EXTERN	_enable_mouse
    13 00000000                                 	EXTERN	_io_out8
    14 00000000                                 	EXTERN	_timer_alloc
    15 00000000                                 	EXTERN	_timer_init
    16 00000000                                 	EXTERN	_timer_settime
    17 00000000                                 	EXTERN	_memtest
    18 00000000                                 	EXTERN	_memman_init
    19 00000000                                 	EXTERN	_memman_free
    20 00000000                                 	EXTERN	_init_palette
    21 00000000                                 	EXTERN	_shtctl_init
    22 00000000                                 	EXTERN	_sheet_alloc
    23 00000000                                 	EXTERN	_memman_alloc_4k
    24 00000000                                 	EXTERN	_sheet_setbuf
    25 00000000                                 	EXTERN	_init_screen8
    26 00000000                                 	EXTERN	_init_mouse_cursor8
    27 00000000                                 	EXTERN	_sheet_slide
    28 00000000                                 	EXTERN	_sheet_updown
    29 00000000                                 	EXTERN	_sprintf
    30 00000000                                 	EXTERN	_memman_total
    31 00000000                                 	EXTERN	_set_segmdesc
    32 00000000                                 	EXTERN	_load_tr
    33 00000000                                 	EXTERN	_io_cli
    34 00000000                                 	EXTERN	_fifo32_status
    35 00000000                                 	EXTERN	_fifo32_get
    36 00000000                                 	EXTERN	_boxfill8
    37 00000000                                 	EXTERN	_sheet_refresh
    38 00000000                                 	EXTERN	_taskswitch4
    39 00000000                                 	EXTERN	_mouse_decode
    40 00000000                                 	EXTERN	_keytable.0
    41 00000000                                 	EXTERN	_io_stihlt
    42 00000000                                 	EXTERN	_putfonts8_asc
    43 00000000                                 	EXTERN	_io_hlt
    44 00000000                                 [FILE "bootpack.c"]
    45                                          [SECTION .data]
    46 00000000                                 _keytable.0:
    47 00000000 00                              	DB	0
    48 00000001 00                              	DB	0
    49 00000002 31                              	DB	49
    50 00000003 32                              	DB	50
    51 00000004 33                              	DB	51
    52 00000005 34                              	DB	52
    53 00000006 35                              	DB	53
    54 00000007 36                              	DB	54
    55 00000008 37                              	DB	55
    56 00000009 38                              	DB	56
    57 0000000A 39                              	DB	57
    58 0000000B 30                              	DB	48
    59 0000000C 2D                              	DB	45
    60 0000000D 5E                              	DB	94
    61 0000000E 00                              	DB	0
    62 0000000F 00                              	DB	0
    63 00000010 51                              	DB	81
    64 00000011 57                              	DB	87
    65 00000012 45                              	DB	69
    66 00000013 52                              	DB	82
    67 00000014 54                              	DB	84
    68 00000015 59                              	DB	89
    69 00000016 55                              	DB	85
    70 00000017 49                              	DB	73
    71 00000018 4F                              	DB	79
    72 00000019 50                              	DB	80
    73 0000001A 40                              	DB	64
    74 0000001B 5B                              	DB	91
    75 0000001C 00                              	DB	0
    76 0000001D 00                              	DB	0
    77 0000001E 41                              	DB	65
    78 0000001F 53                              	DB	83
    79 00000020 44                              	DB	68
    80 00000021 46                              	DB	70
    81 00000022 47                              	DB	71
    82 00000023 48                              	DB	72
    83 00000024 4A                              	DB	74
    84 00000025 4B                              	DB	75
    85 00000026 4C                              	DB	76
    86 00000027 3B                              	DB	59
    87 00000028 3A                              	DB	58
    88 00000029 00                              	DB	0
    89 0000002A 00                              	DB	0
    90 0000002B 5D                              	DB	93
    91 0000002C 5A                              	DB	90
    92 0000002D 58                              	DB	88
    93 0000002E 43                              	DB	67
    94 0000002F 56                              	DB	86
    95 00000030 42                              	DB	66
    96 00000031 4E                              	DB	78
    97 00000032 4D                              	DB	77
    98 00000033 2C                              	DB	44
    99 00000034 2E                              	DB	46
   100 00000035 2F                              	DB	47
   101 00000036 00                              	DB	0
   102 00000037 2A                              	DB	42
   103 00000038 00                              	DB	0
   104 00000039 20                              	DB	32
   105 0000003A 00                              	DB	0
   106 0000003B 00                              	DB	0
   107 0000003C 00                              	DB	0
   108 0000003D 00                              	DB	0
   109 0000003E 00                              	DB	0
   110 0000003F 00                              	DB	0
   111 00000040 00                              	DB	0
   112 00000041 00                              	DB	0
   113 00000042 00                              	DB	0
   114 00000043 00                              	DB	0
   115 00000044 00                              	DB	0
   116 00000045 00                              	DB	0
   117 00000046 00                              	DB	0
   118 00000047 37                              	DB	55
   119 00000048 38                              	DB	56
   120 00000049 39                              	DB	57
   121 0000004A 2D                              	DB	45
   122 0000004B 34                              	DB	52
   123 0000004C 35                              	DB	53
   124 0000004D 36                              	DB	54
   125 0000004E 2B                              	DB	43
   126 0000004F 31                              	DB	49
   127 00000050 32                              	DB	50
   128 00000051 33                              	DB	51
   129 00000052 30                              	DB	48
   130 00000053 2E                              	DB	46
   131 00000054                                 LC0:
   132 00000054 43 6F 75 6E 74 65 72 00         	DB	"Counter",0x00
   133 0000005C                                 LC1:
   134 0000005C 28 25 33 64 2C 20 25 33 64 29   	DB	"(%3d, %3d)",0x00
       00000066 00 
   135 00000067                                 LC2:
   136 00000067 6D 65 6D 6F 72 79 20 25 64 4D   	DB	"memory %dMB   free : %dKB",0x00
       00000071 42 20 20 20 66 72 65 65 20 3A 
       0000007B 20 25 64 4B 42 00 
   137 00000081                                 LC7:
   138 00000081 33 5B 73 65 63 5D 00            	DB	"3[sec]",0x00
   139 00000088                                 LC6:
   140 00000088 31 30 5B 73 65 63 5D 00         	DB	"10[sec]",0x00
   141 00000090                                 LC5:
   142 00000090 5B 6C 63 72 20 25 34 64 20 25   	DB	"[lcr %4d %4d]",0x00
       0000009A 34 64 5D 00 
   143 0000009E                                 LC3:
   144 0000009E 25 30 32 58 00                  	DB	"%02X",0x00
   145 000000A3                                 LC4:
   146 000000A3 20 00                           	DB	" ",0x00
   147                                          [SECTION .text]
   148 00000000                                 	GLOBAL	_HariMain
   149 00000000                                 _HariMain:
   150 00000000 55                              	PUSH	EBP
   151 00000001 89 E5                           	MOV	EBP,ESP
   152 00000003 57                              	PUSH	EDI
   153 00000004 56                              	PUSH	ESI
   154 00000005 53                              	PUSH	EBX
   155 00000006 8D B5 FFFFFCE4                  	LEA	ESI,DWORD [-796+EBP]
   156 0000000C 81 EC 00000618                  	SUB	ESP,1560
   157 00000012 E8 [00000000]                   	CALL	_init_gdtidt
   158 00000017 E8 [00000000]                   	CALL	_init_pic
   159 0000001C E8 [00000000]                   	CALL	_io_sti
   160 00000021 8D 85 FFFFFAE4                  	LEA	EAX,DWORD [-1308+EBP]
   161 00000027 50                              	PUSH	EAX
   162 00000028 68 00000080                     	PUSH	128
   163 0000002D 56                              	PUSH	ESI
   164 0000002E E8 [00000000]                   	CALL	_fifo32_init
   165 00000033 E8 [00000000]                   	CALL	_init_pit
   166 00000038 68 00000100                     	PUSH	256
   167 0000003D 56                              	PUSH	ESI
   168 0000003E E8 [00000000]                   	CALL	_init_keyboard
   169 00000043 8D 85 FFFFFE04                  	LEA	EAX,DWORD [-508+EBP]
   170 00000049 50                              	PUSH	EAX
   171 0000004A 68 00000200                     	PUSH	512
   172 0000004F 56                              	PUSH	ESI
   173 00000050 E8 [00000000]                   	CALL	_enable_mouse
   174 00000055 83 C4 20                        	ADD	ESP,32
   175 00000058 68 000000F8                     	PUSH	248
   176 0000005D 6A 21                           	PUSH	33
   177 0000005F E8 [00000000]                   	CALL	_io_out8
   178 00000064 68 000000EF                     	PUSH	239
   179 00000069 68 000000A1                     	PUSH	161
   180 0000006E E8 [00000000]                   	CALL	_io_out8
   181 00000073 E8 [00000000]                   	CALL	_timer_alloc
   182 00000078 6A 0A                           	PUSH	10
   183 0000007A 56                              	PUSH	ESI
   184 0000007B 89 C3                           	MOV	EBX,EAX
   185 0000007D 50                              	PUSH	EAX
   186 0000007E E8 [00000000]                   	CALL	_timer_init
   187 00000083 68 000003E8                     	PUSH	1000
   188 00000088 53                              	PUSH	EBX
   189 00000089 E8 [00000000]                   	CALL	_timer_settime
   190 0000008E 83 C4 24                        	ADD	ESP,36
   191 00000091 E8 [00000000]                   	CALL	_timer_alloc
   192 00000096 6A 03                           	PUSH	3
   193 00000098 89 C3                           	MOV	EBX,EAX
   194 0000009A 56                              	PUSH	ESI
   195 0000009B 50                              	PUSH	EAX
   196 0000009C E8 [00000000]                   	CALL	_timer_init
   197 000000A1 68 0000012C                     	PUSH	300
   198 000000A6 53                              	PUSH	EBX
   199 000000A7 E8 [00000000]                   	CALL	_timer_settime
   200 000000AC E8 [00000000]                   	CALL	_timer_alloc
   201 000000B1 6A 01                           	PUSH	1
   202 000000B3 56                              	PUSH	ESI
   203 000000B4 50                              	PUSH	EAX
   204 000000B5 89 85 FFFFF9EC                  	MOV	DWORD [-1556+EBP],EAX
   205 000000BB E8 [00000000]                   	CALL	_timer_init
   206 000000C0 83 C4 20                        	ADD	ESP,32
   207 000000C3 6A 32                           	PUSH	50
   208 000000C5 FF B5 FFFFF9EC                  	PUSH	DWORD [-1556+EBP]
   209 000000CB E8 [00000000]                   	CALL	_timer_settime
   210 000000D0 68 BFFFFFFF                     	PUSH	-1073741825
   211 000000D5 68 00400000                     	PUSH	4194304
   212 000000DA E8 [00000000]                   	CALL	_memtest
   213 000000DF 68 003C0000                     	PUSH	3932160
   214 000000E4 89 85 FFFFF9FC                  	MOV	DWORD [-1540+EBP],EAX
   215 000000EA E8 [00000000]                   	CALL	_memman_init
   216 000000EF 68 0009E000                     	PUSH	647168
   217 000000F4 68 00001000                     	PUSH	4096
   218 000000F9 68 003C0000                     	PUSH	3932160
   219 000000FE E8 [00000000]                   	CALL	_memman_free
   220 00000103 8B 85 FFFFF9FC                  	MOV	EAX,DWORD [-1540+EBP]
   221 00000109 83 C4 20                        	ADD	ESP,32
   222 0000010C 2D 00400000                     	SUB	EAX,4194304
   223 00000111 50                              	PUSH	EAX
   224 00000112 68 00400000                     	PUSH	4194304
   225 00000117 68 003C0000                     	PUSH	3932160
   226 0000011C E8 [00000000]                   	CALL	_memman_free
   227 00000121 E8 [00000000]                   	CALL	_init_palette
   228 00000126 0F BF 05 00000FF6               	MOVSX	EAX,WORD [4086]
   229 0000012D 50                              	PUSH	EAX
   230 0000012E 0F BF 05 00000FF4               	MOVSX	EAX,WORD [4084]
   231 00000135 50                              	PUSH	EAX
   232 00000136 FF 35 00000FF8                  	PUSH	DWORD [4088]
   233 0000013C 68 003C0000                     	PUSH	3932160
   234 00000141 E8 [00000000]                   	CALL	_shtctl_init
   235 00000146 89 C3                           	MOV	EBX,EAX
   236 00000148 50                              	PUSH	EAX
   237 00000149 E8 [00000000]                   	CALL	_sheet_alloc
   238 0000014E 83 C4 20                        	ADD	ESP,32
   239 00000151 53                              	PUSH	EBX
   240 00000152 89 85 FFFFF9F8                  	MOV	DWORD [-1544+EBP],EAX
   241 00000158 E8 [00000000]                   	CALL	_sheet_alloc
   242 0000015D 53                              	PUSH	EBX
   243 0000015E 8D 9D FFFFFD04                  	LEA	EBX,DWORD [-764+EBP]
   244 00000164 89 85 FFFFF9F4                  	MOV	DWORD [-1548+EBP],EAX
   245 0000016A E8 [00000000]                   	CALL	_sheet_alloc
   246 0000016F 0F BF 15 00000FF6               	MOVSX	EDX,WORD [4086]
   247 00000176 89 85 FFFFF9F0                  	MOV	DWORD [-1552+EBP],EAX
   248 0000017C 0F BF 05 00000FF4               	MOVSX	EAX,WORD [4084]
   249 00000183 0F AF C2                        	IMUL	EAX,EDX
   250 00000186 50                              	PUSH	EAX
   251 00000187 68 003C0000                     	PUSH	3932160
   252 0000018C E8 [00000000]                   	CALL	_memman_alloc_4k
   253 00000191 68 00002080                     	PUSH	8320
   254 00000196 68 003C0000                     	PUSH	3932160
   255 0000019B 89 C6                           	MOV	ESI,EAX
   256 0000019D E8 [00000000]                   	CALL	_memman_alloc_4k
   257 000001A2 6A FF                           	PUSH	-1
   258 000001A4 89 C7                           	MOV	EDI,EAX
   259 000001A6 0F BF 05 00000FF6               	MOVSX	EAX,WORD [4086]
   260 000001AD 50                              	PUSH	EAX
   261 000001AE 0F BF 05 00000FF4               	MOVSX	EAX,WORD [4084]
   262 000001B5 50                              	PUSH	EAX
   263 000001B6 56                              	PUSH	ESI
   264 000001B7 FF B5 FFFFF9F8                  	PUSH	DWORD [-1544+EBP]
   265 000001BD E8 [00000000]                   	CALL	_sheet_setbuf
   266 000001C2 83 C4 2C                        	ADD	ESP,44
   267 000001C5 6A 63                           	PUSH	99
   268 000001C7 6A 10                           	PUSH	16
   269 000001C9 6A 10                           	PUSH	16
   270 000001CB 53                              	PUSH	EBX
   271 000001CC FF B5 FFFFF9F4                  	PUSH	DWORD [-1548+EBP]
   272 000001D2 E8 [00000000]                   	CALL	_sheet_setbuf
   273 000001D7 6A FF                           	PUSH	-1
   274 000001D9 6A 44                           	PUSH	68
   275 000001DB 68 000000A0                     	PUSH	160
   276 000001E0 57                              	PUSH	EDI
   277 000001E1 FF B5 FFFFF9F0                  	PUSH	DWORD [-1552+EBP]
   278 000001E7 E8 [00000000]                   	CALL	_sheet_setbuf
   279 000001EC 83 C4 28                        	ADD	ESP,40
   280 000001EF 0F BF 05 00000FF6               	MOVSX	EAX,WORD [4086]
   281 000001F6 50                              	PUSH	EAX
   282 000001F7 0F BF 05 00000FF4               	MOVSX	EAX,WORD [4084]
   283 000001FE 50                              	PUSH	EAX
   284 000001FF 56                              	PUSH	ESI
   285 00000200 E8 [00000000]                   	CALL	_init_screen8
   286 00000205 6A 63                           	PUSH	99
   287 00000207 53                              	PUSH	EBX
   288 00000208 BB 00000002                     	MOV	EBX,2
   289 0000020D E8 [00000000]                   	CALL	_init_mouse_cursor8
   290 00000212 68 [00000054]                   	PUSH	LC0
   291 00000217 6A 44                           	PUSH	68
   292 00000219 68 000000A0                     	PUSH	160
   293 0000021E 57                              	PUSH	EDI
   294 0000021F E8 000005BC                     	CALL	_make_window8
   295 00000224 83 C4 24                        	ADD	ESP,36
   296 00000227 6A 07                           	PUSH	7
   297 00000229 6A 10                           	PUSH	16
   298 0000022B 68 00000090                     	PUSH	144
   299 00000230 6A 1C                           	PUSH	28
   300 00000232 6A 08                           	PUSH	8
   301 00000234 FF B5 FFFFF9F0                  	PUSH	DWORD [-1552+EBP]
   302 0000023A E8 00000794                     	CALL	_make_textbox8
   303 0000023F 6A 00                           	PUSH	0
   304 00000241 6A 00                           	PUSH	0
   305 00000243 FF B5 FFFFF9F8                  	PUSH	DWORD [-1544+EBP]
   306 00000249 C7 85 FFFFF9E8 00000008         	MOV	DWORD [-1560+EBP],8
   307 00000253 C7 85 FFFFF9E4 00000007         	MOV	DWORD [-1564+EBP],7
   308 0000025D E8 [00000000]                   	CALL	_sheet_slide
   309 00000262 83 C4 24                        	ADD	ESP,36
   310 00000265 0F BF 05 00000FF4               	MOVSX	EAX,WORD [4084]
   311 0000026C 8D 48 F0                        	LEA	ECX,DWORD [-16+EAX]
   312 0000026F 89 C8                           	MOV	EAX,ECX
   313 00000271 99                              	CDQ
   314 00000272 F7 FB                           	IDIV	EBX
   315 00000274 89 85 FFFFFA00                  	MOV	DWORD [-1536+EBP],EAX
   316 0000027A 0F BF 05 00000FF6               	MOVSX	EAX,WORD [4086]
   317 00000281 8D 48 D4                        	LEA	ECX,DWORD [-44+EAX]
   318 00000284 89 C8                           	MOV	EAX,ECX
   319 00000286 99                              	CDQ
   320 00000287 F7 FB                           	IDIV	EBX
   321 00000289 50                              	PUSH	EAX
   322 0000028A 89 C7                           	MOV	EDI,EAX
   323 0000028C FF B5 FFFFFA00                  	PUSH	DWORD [-1536+EBP]
   324 00000292 FF B5 FFFFF9F4                  	PUSH	DWORD [-1548+EBP]
   325 00000298 8D 5D C4                        	LEA	EBX,DWORD [-60+EBP]
   326 0000029B E8 [00000000]                   	CALL	_sheet_slide
   327 000002A0 6A 48                           	PUSH	72
   328 000002A2 6A 50                           	PUSH	80
   329 000002A4 FF B5 FFFFF9F0                  	PUSH	DWORD [-1552+EBP]
   330 000002AA E8 [00000000]                   	CALL	_sheet_slide
   331 000002AF 6A 00                           	PUSH	0
   332 000002B1 FF B5 FFFFF9F8                  	PUSH	DWORD [-1544+EBP]
   333 000002B7 E8 [00000000]                   	CALL	_sheet_updown
   334 000002BC 83 C4 20                        	ADD	ESP,32
   335 000002BF 6A 01                           	PUSH	1
   336 000002C1 FF B5 FFFFF9F0                  	PUSH	DWORD [-1552+EBP]
   337 000002C7 E8 [00000000]                   	CALL	_sheet_updown
   338 000002CC 6A 02                           	PUSH	2
   339 000002CE FF B5 FFFFF9F4                  	PUSH	DWORD [-1548+EBP]
   340 000002D4 E8 [00000000]                   	CALL	_sheet_updown
   341 000002D9 57                              	PUSH	EDI
   342 000002DA FF B5 FFFFFA00                  	PUSH	DWORD [-1536+EBP]
   343 000002E0 68 [0000005C]                   	PUSH	LC1
   344 000002E5 53                              	PUSH	EBX
   345 000002E6 E8 [00000000]                   	CALL	_sprintf
   346 000002EB 83 C4 20                        	ADD	ESP,32
   347 000002EE 6A 0A                           	PUSH	10
   348 000002F0 53                              	PUSH	EBX
   349 000002F1 6A 0E                           	PUSH	14
   350 000002F3 6A 07                           	PUSH	7
   351 000002F5 6A 00                           	PUSH	0
   352 000002F7 6A 00                           	PUSH	0
   353 000002F9 FF B5 FFFFF9F8                  	PUSH	DWORD [-1544+EBP]
   354 000002FF E8 00000648                     	CALL	_putfonts8_asc_sht
   355 00000304 68 003C0000                     	PUSH	3932160
   356 00000309 E8 [00000000]                   	CALL	_memman_total
   357 0000030E C1 AD FFFFF9FC 14               	SHR	DWORD [-1540+EBP],20
   358 00000315 C1 E8 0A                        	SHR	EAX,10
   359 00000318 89 04 24                        	MOV	DWORD [ESP],EAX
   360 0000031B FF B5 FFFFF9FC                  	PUSH	DWORD [-1540+EBP]
   361 00000321 68 [00000067]                   	PUSH	LC2
   362 00000326 53                              	PUSH	EBX
   363 00000327 E8 [00000000]                   	CALL	_sprintf
   364 0000032C 83 C4 2C                        	ADD	ESP,44
   365 0000032F 6A 28                           	PUSH	40
   366 00000331 53                              	PUSH	EBX
   367 00000332 6A 0E                           	PUSH	14
   368 00000334 6A 07                           	PUSH	7
   369 00000336 6A 20                           	PUSH	32
   370 00000338 6A 00                           	PUSH	0
   371 0000033A FF B5 FFFFF9F8                  	PUSH	DWORD [-1544+EBP]
   372 00000340 E8 00000607                     	CALL	_putfonts8_asc_sht
   373 00000345 8D 85 FFFFFA74                  	LEA	EAX,DWORD [-1420+EBP]
   374 0000034B 68 00000089                     	PUSH	137
   375 00000350 50                              	PUSH	EAX
   376 00000351 6A 67                           	PUSH	103
   377 00000353 68 00270018                     	PUSH	2555928
   378 00000358 C7 85 FFFFFAD4 00000000         	MOV	DWORD [-1324+EBP],0
   379 00000362 C7 85 FFFFFAD8 40000000         	MOV	DWORD [-1320+EBP],1073741824
   380 0000036C C7 85 FFFFFA64 00000000         	MOV	DWORD [-1436+EBP],0
   381 00000376 C7 85 FFFFFA68 40000000         	MOV	DWORD [-1432+EBP],1073741824
   382 00000380 E8 [00000000]                   	CALL	_set_segmdesc
   383 00000385 8D 85 FFFFFA04                  	LEA	EAX,DWORD [-1532+EBP]
   384 0000038B 83 C4 2C                        	ADD	ESP,44
   385 0000038E 68 00000089                     	PUSH	137
   386 00000393 50                              	PUSH	EAX
   387 00000394 6A 67                           	PUSH	103
   388 00000396 68 00270020                     	PUSH	2555936
   389 0000039B E8 [00000000]                   	CALL	_set_segmdesc
   390 000003A0 6A 18                           	PUSH	24
   391 000003A2 E8 [00000000]                   	CALL	_load_tr
   392 000003A7 68 00010000                     	PUSH	65536
   393 000003AC 68 003C0000                     	PUSH	3932160
   394 000003B1 E8 [00000000]                   	CALL	_memman_alloc_4k
   395 000003B6 05 00010000                     	ADD	EAX,65536
   396 000003BB C7 85 FFFFFA24 [00000B09]       	MOV	DWORD [-1500+EBP],_task_b_main
   397 000003C5 C7 85 FFFFFA28 00000202         	MOV	DWORD [-1496+EBP],514
   398 000003CF C7 85 FFFFFA2C 00000000         	MOV	DWORD [-1492+EBP],0
   399 000003D9 C7 85 FFFFFA30 00000000         	MOV	DWORD [-1488+EBP],0
   400 000003E3 C7 85 FFFFFA34 00000000         	MOV	DWORD [-1484+EBP],0
   401 000003ED C7 85 FFFFFA38 00000000         	MOV	DWORD [-1480+EBP],0
   402 000003F7 89 85 FFFFFA3C                  	MOV	DWORD [-1476+EBP],EAX
   403 000003FD C7 85 FFFFFA40 00000000         	MOV	DWORD [-1472+EBP],0
   404 00000407 C7 85 FFFFFA44 00000000         	MOV	DWORD [-1468+EBP],0
   405 00000411 C7 85 FFFFFA48 00000000         	MOV	DWORD [-1464+EBP],0
   406 0000041B C7 85 FFFFFA4C 00000008         	MOV	DWORD [-1460+EBP],8
   407 00000425 C7 85 FFFFFA50 00000010         	MOV	DWORD [-1456+EBP],16
   408 0000042F C7 85 FFFFFA54 00000008         	MOV	DWORD [-1452+EBP],8
   409 00000439 C7 85 FFFFFA58 00000008         	MOV	DWORD [-1448+EBP],8
   410 00000443 C7 85 FFFFFA5C 00000008         	MOV	DWORD [-1444+EBP],8
   411 0000044D C7 85 FFFFFA60 00000008         	MOV	DWORD [-1440+EBP],8
   412 00000457                                 L30:
   413 00000457 83 C4 1C                        	ADD	ESP,28
   414 0000045A                                 L2:
   415 0000045A 8D B5 FFFFFCE4                  	LEA	ESI,DWORD [-796+EBP]
   416 00000460 E8 [00000000]                   	CALL	_io_cli
   417 00000465 56                              	PUSH	ESI
   418 00000466 E8 [00000000]                   	CALL	_fifo32_status
   419 0000046B 59                              	POP	ECX
   420 0000046C 85 C0                           	TEST	EAX,EAX
   421 0000046E 0F 84 00000362                  	JE	L32
   422 00000474 56                              	PUSH	ESI
   423 00000475 E8 [00000000]                   	CALL	_fifo32_get
   424 0000047A 89 C3                           	MOV	EBX,EAX
   425 0000047C E8 [00000000]                   	CALL	_io_sti
   426 00000481 5A                              	POP	EDX
   427 00000482 8D 83 FFFFFF00                  	LEA	EAX,DWORD [-256+EBX]
   428 00000488 3D 000000FF                     	CMP	EAX,255
   429 0000048D 0F 86 00000248                  	JBE	L33
   430 00000493 8D 83 FFFFFE00                  	LEA	EAX,DWORD [-512+EBX]
   431 00000499 3D 000000FF                     	CMP	EAX,255
   432 0000049E 0F 86 000000F7                  	JBE	L34
   433 000004A4 83 FB 0A                        	CMP	EBX,10
   434 000004A7 0F 84 000000CA                  	JE	L35
   435 000004AD 83 FB 03                        	CMP	EBX,3
   436 000004B0 0F 84 000000A2                  	JE	L36
   437 000004B6 83 FB 01                        	CMP	EBX,1
   438 000004B9 7F 9F                           	JG	L2
   439 000004BB 85 DB                           	TEST	EBX,EBX
   440 000004BD 74 7C                           	JE	L28
   441 000004BF 6A 00                           	PUSH	0
   442 000004C1 56                              	PUSH	ESI
   443 000004C2 FF B5 FFFFF9EC                  	PUSH	DWORD [-1556+EBP]
   444 000004C8 E8 [00000000]                   	CALL	_timer_init
   445 000004CD C7 85 FFFFF9E4 00000000         	MOV	DWORD [-1564+EBP],0
   446 000004D7                                 L31:
   447 000004D7 83 C4 0C                        	ADD	ESP,12
   448 000004DA 6A 32                           	PUSH	50
   449 000004DC FF B5 FFFFF9EC                  	PUSH	DWORD [-1556+EBP]
   450 000004E2 E8 [00000000]                   	CALL	_timer_settime
   451 000004E7 8B 95 FFFFF9F0                  	MOV	EDX,DWORD [-1552+EBP]
   452 000004ED 8B 85 FFFFF9E8                  	MOV	EAX,DWORD [-1560+EBP]
   453 000004F3 6A 2B                           	PUSH	43
   454 000004F5 83 C0 07                        	ADD	EAX,7
   455 000004F8 50                              	PUSH	EAX
   456 000004F9 6A 1C                           	PUSH	28
   457 000004FB FF B5 FFFFF9E8                  	PUSH	DWORD [-1560+EBP]
   458 00000501 FF B5 FFFFF9E4                  	PUSH	DWORD [-1564+EBP]
   459 00000507 FF 72 04                        	PUSH	DWORD [4+EDX]
   460 0000050A FF 32                           	PUSH	DWORD [EDX]
   461 0000050C E8 [00000000]                   	CALL	_boxfill8
   462 00000511 8B 85 FFFFF9E8                  	MOV	EAX,DWORD [-1560+EBP]
   463 00000517 83 C4 24                        	ADD	ESP,36
   464 0000051A 83 C0 08                        	ADD	EAX,8
   465 0000051D 6A 2C                           	PUSH	44
   466 0000051F 50                              	PUSH	EAX
   467 00000520 6A 1C                           	PUSH	28
   468 00000522 FF B5 FFFFF9E8                  	PUSH	DWORD [-1560+EBP]
   469 00000528 FF B5 FFFFF9F0                  	PUSH	DWORD [-1552+EBP]
   470 0000052E E8 [00000000]                   	CALL	_sheet_refresh
   471 00000533 83 C4 14                        	ADD	ESP,20
   472 00000536 E9 FFFFFF1F                     	JMP	L2
   473 0000053B                                 L28:
   474 0000053B 6A 01                           	PUSH	1
   475 0000053D 56                              	PUSH	ESI
   476 0000053E FF B5 FFFFF9EC                  	PUSH	DWORD [-1556+EBP]
   477 00000544 E8 [00000000]                   	CALL	_timer_init
   478 00000549 C7 85 FFFFF9E4 00000007         	MOV	DWORD [-1564+EBP],7
   479 00000553 E9 FFFFFF7F                     	JMP	L31
   480 00000558                                 L36:
   481 00000558 6A 06                           	PUSH	6
   482 0000055A 68 [00000081]                   	PUSH	LC7
   483 0000055F 6A 0E                           	PUSH	14
   484 00000561 6A 07                           	PUSH	7
   485 00000563 6A 50                           	PUSH	80
   486 00000565 6A 00                           	PUSH	0
   487 00000567 FF B5 FFFFF9F8                  	PUSH	DWORD [-1544+EBP]
   488 0000056D E8 000003DA                     	CALL	_putfonts8_asc_sht
   489 00000572 E9 FFFFFEE0                     	JMP	L30
   490 00000577                                 L35:
   491 00000577 6A 07                           	PUSH	7
   492 00000579 68 [00000088]                   	PUSH	LC6
   493 0000057E 6A 0E                           	PUSH	14
   494 00000580 6A 07                           	PUSH	7
   495 00000582 6A 40                           	PUSH	64
   496 00000584 6A 00                           	PUSH	0
   497 00000586 FF B5 FFFFF9F8                  	PUSH	DWORD [-1544+EBP]
   498 0000058C E8 000003BB                     	CALL	_putfonts8_asc_sht
   499 00000591 E8 [00000000]                   	CALL	_taskswitch4
   500 00000596 E9 FFFFFEBC                     	JMP	L30
   501 0000059B                                 L34:
   502 0000059B 0F B6 C3                        	MOVZX	EAX,BL
   503 0000059E 50                              	PUSH	EAX
   504 0000059F 8D 85 FFFFFE04                  	LEA	EAX,DWORD [-508+EBP]
   505 000005A5 50                              	PUSH	EAX
   506 000005A6 E8 [00000000]                   	CALL	_mouse_decode
   507 000005AB 5A                              	POP	EDX
   508 000005AC 59                              	POP	ECX
   509 000005AD 85 C0                           	TEST	EAX,EAX
   510 000005AF 0F 84 FFFFFEA5                  	JE	L2
   511 000005B5 FF B5 FFFFFE0C                  	PUSH	DWORD [-500+EBP]
   512 000005BB FF B5 FFFFFE08                  	PUSH	DWORD [-504+EBP]
   513 000005C1 68 [00000090]                   	PUSH	LC5
   514 000005C6 8D 5D C4                        	LEA	EBX,DWORD [-60+EBP]
   515 000005C9 53                              	PUSH	EBX
   516 000005CA E8 [00000000]                   	CALL	_sprintf
   517 000005CF 83 C4 10                        	ADD	ESP,16
   518 000005D2 8B 85 FFFFFE10                  	MOV	EAX,DWORD [-496+EBP]
   519 000005D8 A9 00000001                     	TEST	EAX,1
   520 000005DD 74 04                           	JE	L14
   521 000005DF C6 45 C5 4C                     	MOV	BYTE [-59+EBP],76
   522 000005E3                                 L14:
   523 000005E3 A9 00000002                     	TEST	EAX,2
   524 000005E8 74 04                           	JE	L15
   525 000005EA C6 45 C7 52                     	MOV	BYTE [-57+EBP],82
   526 000005EE                                 L15:
   527 000005EE 83 E0 04                        	AND	EAX,4
   528 000005F1 74 04                           	JE	L16
   529 000005F3 C6 45 C6 43                     	MOV	BYTE [-58+EBP],67
   530 000005F7                                 L16:
   531 000005F7 6A 0F                           	PUSH	15
   532 000005F9 53                              	PUSH	EBX
   533 000005FA 6A 0E                           	PUSH	14
   534 000005FC 6A 07                           	PUSH	7
   535 000005FE 6A 10                           	PUSH	16
   536 00000600 6A 20                           	PUSH	32
   537 00000602 FF B5 FFFFF9F8                  	PUSH	DWORD [-1544+EBP]
   538 00000608 E8 0000033F                     	CALL	_putfonts8_asc_sht
   539 0000060D 8B 85 FFFFFE08                  	MOV	EAX,DWORD [-504+EBP]
   540 00000613 03 BD FFFFFE0C                  	ADD	EDI,DWORD [-500+EBP]
   541 00000619 83 C4 1C                        	ADD	ESP,28
   542 0000061C 01 85 FFFFFA00                  	ADD	DWORD [-1536+EBP],EAX
   543 00000622 0F 88 000000A4                  	JS	L37
   544 00000628                                 L17:
   545 00000628 85 FF                           	TEST	EDI,EDI
   546 0000062A 0F 88 00000095                  	JS	L38
   547 00000630                                 L18:
   548 00000630 0F BF 05 00000FF4               	MOVSX	EAX,WORD [4084]
   549 00000637 48                              	DEC	EAX
   550 00000638 39 85 FFFFFA00                  	CMP	DWORD [-1536+EBP],EAX
   551 0000063E 7E 06                           	JLE	L19
   552 00000640 89 85 FFFFFA00                  	MOV	DWORD [-1536+EBP],EAX
   553 00000646                                 L19:
   554 00000646 0F BF 05 00000FF6               	MOVSX	EAX,WORD [4086]
   555 0000064D 48                              	DEC	EAX
   556 0000064E 39 C7                           	CMP	EDI,EAX
   557 00000650 7E 02                           	JLE	L20
   558 00000652 89 C7                           	MOV	EDI,EAX
   559 00000654                                 L20:
   560 00000654 57                              	PUSH	EDI
   561 00000655 FF B5 FFFFFA00                  	PUSH	DWORD [-1536+EBP]
   562 0000065B 68 [0000005C]                   	PUSH	LC1
   563 00000660 53                              	PUSH	EBX
   564 00000661 E8 [00000000]                   	CALL	_sprintf
   565 00000666 6A 0A                           	PUSH	10
   566 00000668 53                              	PUSH	EBX
   567 00000669 6A 0E                           	PUSH	14
   568 0000066B 6A 07                           	PUSH	7
   569 0000066D 6A 00                           	PUSH	0
   570 0000066F 6A 00                           	PUSH	0
   571 00000671 FF B5 FFFFF9F8                  	PUSH	DWORD [-1544+EBP]
   572 00000677 E8 000002D0                     	CALL	_putfonts8_asc_sht
   573 0000067C 83 C4 2C                        	ADD	ESP,44
   574 0000067F 57                              	PUSH	EDI
   575 00000680 FF B5 FFFFFA00                  	PUSH	DWORD [-1536+EBP]
   576 00000686 FF B5 FFFFF9F4                  	PUSH	DWORD [-1548+EBP]
   577 0000068C E8 [00000000]                   	CALL	_sheet_slide
   578 00000691 83 C4 0C                        	ADD	ESP,12
   579 00000694 F7 85 FFFFFE10 00000001         	TEST	DWORD [-496+EBP],1
   580 0000069E 0F 84 FFFFFDB6                  	JE	L2
   581 000006A4 8D 47 B0                        	LEA	EAX,DWORD [-80+EDI]
   582 000006A7 50                              	PUSH	EAX
   583 000006A8 8B 85 FFFFFA00                  	MOV	EAX,DWORD [-1536+EBP]
   584 000006AE 83 E8 50                        	SUB	EAX,80
   585 000006B1 50                              	PUSH	EAX
   586 000006B2 FF B5 FFFFF9F0                  	PUSH	DWORD [-1552+EBP]
   587 000006B8 E8 [00000000]                   	CALL	_sheet_slide
   588 000006BD 83 C4 0C                        	ADD	ESP,12
   589 000006C0 E9 FFFFFD95                     	JMP	L2
   590 000006C5                                 L38:
   591 000006C5 31 FF                           	XOR	EDI,EDI
   592 000006C7 E9 FFFFFF64                     	JMP	L18
   593 000006CC                                 L37:
   594 000006CC C7 85 FFFFFA00 00000000         	MOV	DWORD [-1536+EBP],0
   595 000006D6 E9 FFFFFF4D                     	JMP	L17
   596 000006DB                                 L33:
   597 000006DB 50                              	PUSH	EAX
   598 000006DC 8D 75 C4                        	LEA	ESI,DWORD [-60+EBP]
   599 000006DF 68 [0000009E]                   	PUSH	LC3
   600 000006E4 56                              	PUSH	ESI
   601 000006E5 E8 [00000000]                   	CALL	_sprintf
   602 000006EA 6A 02                           	PUSH	2
   603 000006EC 56                              	PUSH	ESI
   604 000006ED 6A 0E                           	PUSH	14
   605 000006EF 6A 07                           	PUSH	7
   606 000006F1 6A 10                           	PUSH	16
   607 000006F3 6A 00                           	PUSH	0
   608 000006F5 FF B5 FFFFF9F8                  	PUSH	DWORD [-1544+EBP]
   609 000006FB E8 0000024C                     	CALL	_putfonts8_asc_sht
   610 00000700 83 C4 28                        	ADD	ESP,40
   611 00000703 81 FB 00000153                  	CMP	EBX,339
   612 00000709 7F 41                           	JG	L8
   613 0000070B 8A 83 [FFFFFF00]                	MOV	AL,BYTE [_keytable.0-256+EBX]
   614 00000711 84 C0                           	TEST	AL,AL
   615 00000713 74 37                           	JE	L8
   616 00000715 81 BD FFFFF9E8 0000008F         	CMP	DWORD [-1560+EBP],143
   617 0000071F 7F 2B                           	JG	L8
   618 00000721 6A 01                           	PUSH	1
   619 00000723 88 45 C4                        	MOV	BYTE [-60+EBP],AL
   620 00000726 56                              	PUSH	ESI
   621 00000727 6A 08                           	PUSH	8
   622 00000729 6A 00                           	PUSH	0
   623 0000072B 6A 1C                           	PUSH	28
   624 0000072D FF B5 FFFFF9E8                  	PUSH	DWORD [-1560+EBP]
   625 00000733 FF B5 FFFFF9F0                  	PUSH	DWORD [-1552+EBP]
   626 00000739 C6 45 C5 00                     	MOV	BYTE [-59+EBP],0
   627 0000073D E8 0000020A                     	CALL	_putfonts8_asc_sht
   628 00000742 83 C4 1C                        	ADD	ESP,28
   629 00000745 83 85 FFFFF9E8 08               	ADD	DWORD [-1560+EBP],8
   630 0000074C                                 L8:
   631 0000074C 81 FB 0000010E                  	CMP	EBX,270
   632 00000752 74 4C                           	JE	L39
   633 00000754                                 L10:
   634 00000754 8B 85 FFFFF9E8                  	MOV	EAX,DWORD [-1560+EBP]
   635 0000075A 6A 2B                           	PUSH	43
   636 0000075C 83 C0 07                        	ADD	EAX,7
   637 0000075F 8B 9D FFFFF9F0                  	MOV	EBX,DWORD [-1552+EBP]
   638 00000765 50                              	PUSH	EAX
   639 00000766 6A 1C                           	PUSH	28
   640 00000768 FF B5 FFFFF9E8                  	PUSH	DWORD [-1560+EBP]
   641 0000076E FF B5 FFFFF9E4                  	PUSH	DWORD [-1564+EBP]
   642 00000774 FF 73 04                        	PUSH	DWORD [4+EBX]
   643 00000777 FF 33                           	PUSH	DWORD [EBX]
   644 00000779 E8 [00000000]                   	CALL	_boxfill8
   645 0000077E 8B 85 FFFFF9E8                  	MOV	EAX,DWORD [-1560+EBP]
   646 00000784 6A 2C                           	PUSH	44
   647 00000786 83 C0 08                        	ADD	EAX,8
   648 00000789 50                              	PUSH	EAX
   649 0000078A 6A 1C                           	PUSH	28
   650 0000078C FF B5 FFFFF9E8                  	PUSH	DWORD [-1560+EBP]
   651 00000792 53                              	PUSH	EBX
   652 00000793 E8 [00000000]                   	CALL	_sheet_refresh
   653 00000798 83 C4 30                        	ADD	ESP,48
   654 0000079B E9 FFFFFCBA                     	JMP	L2
   655 000007A0                                 L39:
   656 000007A0 83 BD FFFFF9E8 08               	CMP	DWORD [-1560+EBP],8
   657 000007A7 7E AB                           	JLE	L10
   658 000007A9 6A 01                           	PUSH	1
   659 000007AB 68 [000000A3]                   	PUSH	LC4
   660 000007B0 6A 07                           	PUSH	7
   661 000007B2 6A 00                           	PUSH	0
   662 000007B4 6A 1C                           	PUSH	28
   663 000007B6 FF B5 FFFFF9E8                  	PUSH	DWORD [-1560+EBP]
   664 000007BC FF B5 FFFFF9F0                  	PUSH	DWORD [-1552+EBP]
   665 000007C2 E8 00000185                     	CALL	_putfonts8_asc_sht
   666 000007C7 83 C4 1C                        	ADD	ESP,28
   667 000007CA 83 AD FFFFF9E8 08               	SUB	DWORD [-1560+EBP],8
   668 000007D1 E9 FFFFFF7E                     	JMP	L10
   669 000007D6                                 L32:
   670 000007D6 E8 [00000000]                   	CALL	_io_stihlt
   671 000007DB E9 FFFFFC7A                     	JMP	L2
   672                                          [SECTION .data]
   673 000000A5                                 _closebtn.1:
   674 000000A5 4F 4F 4F 4F 4F 4F 4F 4F 4F 4F   	DB	"OOOOOOOOOOOOOOO@"
       000000AF 4F 4F 4F 4F 4F 40 
   675 000000B5 4F 51 51 51 51 51 51 51 51 51   	DB	"OQQQQQQQQQQQQQ$@"
       000000BF 51 51 51 51 24 40 
   676 000000C5 4F 51 51 51 51 51 51 51 51 51   	DB	"OQQQQQQQQQQQQQ$@"
       000000CF 51 51 51 51 24 40 
   677 000000D5 4F 51 51 51 40 40 51 51 51 51   	DB	"OQQQ@@QQQQ@@QQ$@"
       000000DF 40 40 51 51 24 40 
   678 000000E5 4F 51 51 51 51 40 40 51 51 40   	DB	"OQQQQ@@QQ@@QQQ$@"
       000000EF 40 51 51 51 24 40 
   679 000000F5 4F 51 51 51 51 51 40 40 40 40   	DB	"OQQQQQ@@@@QQQQ$@"
       000000FF 51 51 51 51 24 40 
   680 00000105 4F 51 51 51 51 51 51 40 40 51   	DB	"OQQQQQQ@@QQQQQ$@"
       0000010F 51 51 51 51 24 40 
   681 00000115 4F 51 51 51 51 51 40 40 40 40   	DB	"OQQQQQ@@@@QQQQ$@"
       0000011F 51 51 51 51 24 40 
   682 00000125 4F 51 51 51 51 40 40 51 51 40   	DB	"OQQQQ@@QQ@@QQQ$@"
       0000012F 40 51 51 51 24 40 
   683 00000135 4F 51 51 51 40 40 51 51 51 51   	DB	"OQQQ@@QQQQ@@QQ$@"
       0000013F 40 40 51 51 24 40 
   684 00000145 4F 51 51 51 51 51 51 51 51 51   	DB	"OQQQQQQQQQQQQQ$@"
       0000014F 51 51 51 51 24 40 
   685 00000155 4F 51 51 51 51 51 51 51 51 51   	DB	"OQQQQQQQQQQQQQ$@"
       0000015F 51 51 51 51 24 40 
   686 00000165 4F 24 24 24 24 24 24 24 24 24   	DB	"O$$$$$$$$$$$$$$@"
       0000016F 24 24 24 24 24 40 
   687 00000175 40 40 40 40 40 40 40 40 40 40   	DB	"@@@@@@@@@@@@@@@@"
       0000017F 40 40 40 40 40 40 
   688                                          [SECTION .text]
   689 000007E0                                 	GLOBAL	_make_window8
   690 000007E0                                 _make_window8:
   691 000007E0 55                              	PUSH	EBP
   692 000007E1 89 E5                           	MOV	EBP,ESP
   693 000007E3 57                              	PUSH	EDI
   694 000007E4 56                              	PUSH	ESI
   695 000007E5 53                              	PUSH	EBX
   696 000007E6 83 EC 14                        	SUB	ESP,20
   697 000007E9 8B 5D 0C                        	MOV	EBX,DWORD [12+EBP]
   698 000007EC 6A 00                           	PUSH	0
   699 000007EE 8D 43 FF                        	LEA	EAX,DWORD [-1+EBX]
   700 000007F1 8D 7B FE                        	LEA	EDI,DWORD [-2+EBX]
   701 000007F4 50                              	PUSH	EAX
   702 000007F5 89 45 EC                        	MOV	DWORD [-20+EBP],EAX
   703 000007F8 6A 00                           	PUSH	0
   704 000007FA 6A 00                           	PUSH	0
   705 000007FC 6A 08                           	PUSH	8
   706 000007FE 53                              	PUSH	EBX
   707 000007FF FF 75 08                        	PUSH	DWORD [8+EBP]
   708 00000802 E8 [00000000]                   	CALL	_boxfill8
   709 00000807 6A 01                           	PUSH	1
   710 00000809 57                              	PUSH	EDI
   711 0000080A 6A 01                           	PUSH	1
   712 0000080C 6A 01                           	PUSH	1
   713 0000080E 6A 07                           	PUSH	7
   714 00000810 53                              	PUSH	EBX
   715 00000811 FF 75 08                        	PUSH	DWORD [8+EBP]
   716 00000814 E8 [00000000]                   	CALL	_boxfill8
   717 00000819 8B 55 10                        	MOV	EDX,DWORD [16+EBP]
   718 0000081C 83 C4 38                        	ADD	ESP,56
   719 0000081F 4A                              	DEC	EDX
   720 00000820 89 55 E8                        	MOV	DWORD [-24+EBP],EDX
   721 00000823 52                              	PUSH	EDX
   722 00000824 6A 00                           	PUSH	0
   723 00000826 6A 00                           	PUSH	0
   724 00000828 6A 00                           	PUSH	0
   725 0000082A 6A 08                           	PUSH	8
   726 0000082C 53                              	PUSH	EBX
   727 0000082D FF 75 08                        	PUSH	DWORD [8+EBP]
   728 00000830 E8 [00000000]                   	CALL	_boxfill8
   729 00000835 8B 75 10                        	MOV	ESI,DWORD [16+EBP]
   730 00000838 83 EE 02                        	SUB	ESI,2
   731 0000083B 56                              	PUSH	ESI
   732 0000083C 6A 01                           	PUSH	1
   733 0000083E 6A 01                           	PUSH	1
   734 00000840 6A 01                           	PUSH	1
   735 00000842 6A 07                           	PUSH	7
   736 00000844 53                              	PUSH	EBX
   737 00000845 FF 75 08                        	PUSH	DWORD [8+EBP]
   738 00000848 E8 [00000000]                   	CALL	_boxfill8
   739 0000084D 83 C4 38                        	ADD	ESP,56
   740 00000850 56                              	PUSH	ESI
   741 00000851 57                              	PUSH	EDI
   742 00000852 6A 01                           	PUSH	1
   743 00000854 57                              	PUSH	EDI
   744 00000855 6A 0F                           	PUSH	15
   745 00000857 53                              	PUSH	EBX
   746 00000858 FF 75 08                        	PUSH	DWORD [8+EBP]
   747 0000085B E8 [00000000]                   	CALL	_boxfill8
   748 00000860 FF 75 E8                        	PUSH	DWORD [-24+EBP]
   749 00000863 FF 75 EC                        	PUSH	DWORD [-20+EBP]
   750 00000866 6A 00                           	PUSH	0
   751 00000868 FF 75 EC                        	PUSH	DWORD [-20+EBP]
   752 0000086B 6A 00                           	PUSH	0
   753 0000086D 53                              	PUSH	EBX
   754 0000086E FF 75 08                        	PUSH	DWORD [8+EBP]
   755 00000871 E8 [00000000]                   	CALL	_boxfill8
   756 00000876 8B 45 10                        	MOV	EAX,DWORD [16+EBP]
   757 00000879 83 C4 38                        	ADD	ESP,56
   758 0000087C 83 E8 03                        	SUB	EAX,3
   759 0000087F 50                              	PUSH	EAX
   760 00000880 8D 43 FD                        	LEA	EAX,DWORD [-3+EBX]
   761 00000883 50                              	PUSH	EAX
   762 00000884 6A 02                           	PUSH	2
   763 00000886 6A 02                           	PUSH	2
   764 00000888 6A 08                           	PUSH	8
   765 0000088A 53                              	PUSH	EBX
   766 0000088B FF 75 08                        	PUSH	DWORD [8+EBP]
   767 0000088E E8 [00000000]                   	CALL	_boxfill8
   768 00000893 8D 43 FC                        	LEA	EAX,DWORD [-4+EBX]
   769 00000896 6A 14                           	PUSH	20
   770 00000898 50                              	PUSH	EAX
   771 00000899 6A 03                           	PUSH	3
   772 0000089B 6A 03                           	PUSH	3
   773 0000089D 6A 0C                           	PUSH	12
   774 0000089F 53                              	PUSH	EBX
   775 000008A0 FF 75 08                        	PUSH	DWORD [8+EBP]
   776 000008A3 E8 [00000000]                   	CALL	_boxfill8
   777 000008A8 83 C4 38                        	ADD	ESP,56
   778 000008AB 56                              	PUSH	ESI
   779 000008AC 57                              	PUSH	EDI
   780 000008AD 56                              	PUSH	ESI
   781 000008AE 6A 01                           	PUSH	1
   782 000008B0 6A 0F                           	PUSH	15
   783 000008B2 53                              	PUSH	EBX
   784 000008B3 FF 75 08                        	PUSH	DWORD [8+EBP]
   785 000008B6 E8 [00000000]                   	CALL	_boxfill8
   786 000008BB FF 75 E8                        	PUSH	DWORD [-24+EBP]
   787 000008BE FF 75 EC                        	PUSH	DWORD [-20+EBP]
   788 000008C1 FF 75 E8                        	PUSH	DWORD [-24+EBP]
   789 000008C4 6A 00                           	PUSH	0
   790 000008C6 6A 00                           	PUSH	0
   791 000008C8 6B F3 05                        	IMUL	ESI,EBX,5
   792 000008CB 53                              	PUSH	EBX
   793 000008CC FF 75 08                        	PUSH	DWORD [8+EBP]
   794 000008CF E8 [00000000]                   	CALL	_boxfill8
   795 000008D4 83 C4 38                        	ADD	ESP,56
   796 000008D7 FF 75 14                        	PUSH	DWORD [20+EBP]
   797 000008DA 6A 07                           	PUSH	7
   798 000008DC 6A 04                           	PUSH	4
   799 000008DE 6A 18                           	PUSH	24
   800 000008E0 53                              	PUSH	EBX
   801 000008E1 FF 75 08                        	PUSH	DWORD [8+EBP]
   802 000008E4 E8 [00000000]                   	CALL	_putfonts8_asc
   803 000008E9 83 C4 18                        	ADD	ESP,24
   804 000008EC C7 45 F0 00000000               	MOV	DWORD [-16+EBP],0
   805 000008F3 C7 45 E0 00000000               	MOV	DWORD [-32+EBP],0
   806 000008FA                                 L56:
   807 000008FA 8D 04 1E                        	LEA	EAX,DWORD [ESI+EBX*1]
   808 000008FD 8B 55 08                        	MOV	EDX,DWORD [8+EBP]
   809 00000900 31 FF                           	XOR	EDI,EDI
   810 00000902 8D 4C 02 EB                     	LEA	ECX,DWORD [-21+EDX+EAX*1]
   811 00000906                                 L55:
   812 00000906 8B 45 E0                        	MOV	EAX,DWORD [-32+EBP]
   813 00000909 8A 94 07 [000000A5]             	MOV	DL,BYTE [_closebtn.1+EDI+EAX*1]
   814 00000910 80 FA 40                        	CMP	DL,64
   815 00000913 74 33                           	JE	L61
   816 00000915 80 FA 24                        	CMP	DL,36
   817 00000918 74 2A                           	JE	L62
   818 0000091A 80 FA 51                        	CMP	DL,81
   819 0000091D B2 08                           	MOV	DL,8
   820 0000091F 0F 95 C0                        	SETNE	AL
   821 00000922 28 C2                           	SUB	DL,AL
   822 00000924                                 L50:
   823 00000924 47                              	INC	EDI
   824 00000925 88 11                           	MOV	BYTE [ECX],DL
   825 00000927 41                              	INC	ECX
   826 00000928 83 FF 0F                        	CMP	EDI,15
   827 0000092B 7E D9                           	JLE	L55
   828 0000092D FF 45 F0                        	INC	DWORD [-16+EBP]
   829 00000930 01 DE                           	ADD	ESI,EBX
   830 00000932 83 45 E0 10                     	ADD	DWORD [-32+EBP],16
   831 00000936 83 7D F0 0D                     	CMP	DWORD [-16+EBP],13
   832 0000093A 7E BE                           	JLE	L56
   833 0000093C 8D 65 F4                        	LEA	ESP,DWORD [-12+EBP]
   834 0000093F 5B                              	POP	EBX
   835 00000940 5E                              	POP	ESI
   836 00000941 5F                              	POP	EDI
   837 00000942 5D                              	POP	EBP
   838 00000943 C3                              	RET
   839 00000944                                 L62:
   840 00000944 B2 0F                           	MOV	DL,15
   841 00000946 EB DC                           	JMP	L50
   842 00000948                                 L61:
   843 00000948 31 D2                           	XOR	EDX,EDX
   844 0000094A EB D8                           	JMP	L50
   845 0000094C                                 	GLOBAL	_putfonts8_asc_sht
   846 0000094C                                 _putfonts8_asc_sht:
   847 0000094C 55                              	PUSH	EBP
   848 0000094D 89 E5                           	MOV	EBP,ESP
   849 0000094F 57                              	PUSH	EDI
   850 00000950 56                              	PUSH	ESI
   851 00000951 53                              	PUSH	EBX
   852 00000952 83 EC 0C                        	SUB	ESP,12
   853 00000955 8B 45 08                        	MOV	EAX,DWORD [8+EBP]
   854 00000958 8B 7D 10                        	MOV	EDI,DWORD [16+EBP]
   855 0000095B 89 45 F0                        	MOV	DWORD [-16+EBP],EAX
   856 0000095E 8B 5D 14                        	MOV	EBX,DWORD [20+EBP]
   857 00000961 8B 45 0C                        	MOV	EAX,DWORD [12+EBP]
   858 00000964 89 45 EC                        	MOV	DWORD [-20+EBP],EAX
   859 00000967 8B 45 1C                        	MOV	EAX,DWORD [28+EBP]
   860 0000096A 89 45 E8                        	MOV	DWORD [-24+EBP],EAX
   861 0000096D 8D 47 0F                        	LEA	EAX,DWORD [15+EDI]
   862 00000970 50                              	PUSH	EAX
   863 00000971 8B 45 EC                        	MOV	EAX,DWORD [-20+EBP]
   864 00000974 8B 75 20                        	MOV	ESI,DWORD [32+EBP]
   865 00000977 0F BE DB                        	MOVSX	EBX,BL
   866 0000097A 8D 34 F0                        	LEA	ESI,DWORD [EAX+ESI*8]
   867 0000097D 8D 46 FF                        	LEA	EAX,DWORD [-1+ESI]
   868 00000980 50                              	PUSH	EAX
   869 00000981 57                              	PUSH	EDI
   870 00000982 FF 75 EC                        	PUSH	DWORD [-20+EBP]
   871 00000985 0F B6 45 18                     	MOVZX	EAX,BYTE [24+EBP]
   872 00000989 50                              	PUSH	EAX
   873 0000098A 8B 45 F0                        	MOV	EAX,DWORD [-16+EBP]
   874 0000098D FF 70 04                        	PUSH	DWORD [4+EAX]
   875 00000990 FF 30                           	PUSH	DWORD [EAX]
   876 00000992 E8 [00000000]                   	CALL	_boxfill8
   877 00000997 FF 75 E8                        	PUSH	DWORD [-24+EBP]
   878 0000099A 53                              	PUSH	EBX
   879 0000099B 57                              	PUSH	EDI
   880 0000099C FF 75 EC                        	PUSH	DWORD [-20+EBP]
   881 0000099F 8B 45 F0                        	MOV	EAX,DWORD [-16+EBP]
   882 000009A2 FF 70 04                        	PUSH	DWORD [4+EAX]
   883 000009A5 FF 30                           	PUSH	DWORD [EAX]
   884 000009A7 E8 [00000000]                   	CALL	_putfonts8_asc
   885 000009AC 89 7D 10                        	MOV	DWORD [16+EBP],EDI
   886 000009AF 8D 47 10                        	LEA	EAX,DWORD [16+EDI]
   887 000009B2 89 75 14                        	MOV	DWORD [20+EBP],ESI
   888 000009B5 89 45 18                        	MOV	DWORD [24+EBP],EAX
   889 000009B8 83 C4 34                        	ADD	ESP,52
   890 000009BB 8B 45 EC                        	MOV	EAX,DWORD [-20+EBP]
   891 000009BE 89 45 0C                        	MOV	DWORD [12+EBP],EAX
   892 000009C1 8B 45 F0                        	MOV	EAX,DWORD [-16+EBP]
   893 000009C4 89 45 08                        	MOV	DWORD [8+EBP],EAX
   894 000009C7 8D 65 F4                        	LEA	ESP,DWORD [-12+EBP]
   895 000009CA 5B                              	POP	EBX
   896 000009CB 5E                              	POP	ESI
   897 000009CC 5F                              	POP	EDI
   898 000009CD 5D                              	POP	EBP
   899 000009CE E9 [00000000]                   	JMP	_sheet_refresh
   900 000009D3                                 	GLOBAL	_make_textbox8
   901 000009D3                                 _make_textbox8:
   902 000009D3 55                              	PUSH	EBP
   903 000009D4 89 E5                           	MOV	EBP,ESP
   904 000009D6 57                              	PUSH	EDI
   905 000009D7 56                              	PUSH	ESI
   906 000009D8 53                              	PUSH	EBX
   907 000009D9 83 EC 14                        	SUB	ESP,20
   908 000009DC 8B 45 0C                        	MOV	EAX,DWORD [12+EBP]
   909 000009DF 8B 75 10                        	MOV	ESI,DWORD [16+EBP]
   910 000009E2 03 45 14                        	ADD	EAX,DWORD [20+EBP]
   911 000009E5 83 EE 03                        	SUB	ESI,3
   912 000009E8 56                              	PUSH	ESI
   913 000009E9 89 45 F0                        	MOV	DWORD [-16+EBP],EAX
   914 000009EC 8B 45 10                        	MOV	EAX,DWORD [16+EBP]
   915 000009EF 03 45 18                        	ADD	EAX,DWORD [24+EBP]
   916 000009F2 89 45 EC                        	MOV	DWORD [-20+EBP],EAX
   917 000009F5 8B 45 F0                        	MOV	EAX,DWORD [-16+EBP]
   918 000009F8 40                              	INC	EAX
   919 000009F9 50                              	PUSH	EAX
   920 000009FA 89 45 E8                        	MOV	DWORD [-24+EBP],EAX
   921 000009FD 8B 45 0C                        	MOV	EAX,DWORD [12+EBP]
   922 00000A00 56                              	PUSH	ESI
   923 00000A01 83 E8 02                        	SUB	EAX,2
   924 00000A04 50                              	PUSH	EAX
   925 00000A05 89 45 E4                        	MOV	DWORD [-28+EBP],EAX
   926 00000A08 8B 45 08                        	MOV	EAX,DWORD [8+EBP]
   927 00000A0B 6A 0F                           	PUSH	15
   928 00000A0D FF 70 04                        	PUSH	DWORD [4+EAX]
   929 00000A10 FF 30                           	PUSH	DWORD [EAX]
   930 00000A12 E8 [00000000]                   	CALL	_boxfill8
   931 00000A17 8B 7D 0C                        	MOV	EDI,DWORD [12+EBP]
   932 00000A1A 8B 45 EC                        	MOV	EAX,DWORD [-20+EBP]
   933 00000A1D 83 EF 03                        	SUB	EDI,3
   934 00000A20 40                              	INC	EAX
   935 00000A21 50                              	PUSH	EAX
   936 00000A22 89 45 E0                        	MOV	DWORD [-32+EBP],EAX
   937 00000A25 57                              	PUSH	EDI
   938 00000A26 8B 45 08                        	MOV	EAX,DWORD [8+EBP]
   939 00000A29 56                              	PUSH	ESI
   940 00000A2A 57                              	PUSH	EDI
   941 00000A2B 6A 0F                           	PUSH	15
   942 00000A2D FF 70 04                        	PUSH	DWORD [4+EAX]
   943 00000A30 FF 30                           	PUSH	DWORD [EAX]
   944 00000A32 E8 [00000000]                   	CALL	_boxfill8
   945 00000A37 8B 45 08                        	MOV	EAX,DWORD [8+EBP]
   946 00000A3A 83 C4 38                        	ADD	ESP,56
   947 00000A3D 8B 5D EC                        	MOV	EBX,DWORD [-20+EBP]
   948 00000A40 83 C3 02                        	ADD	EBX,2
   949 00000A43 53                              	PUSH	EBX
   950 00000A44 FF 75 E8                        	PUSH	DWORD [-24+EBP]
   951 00000A47 53                              	PUSH	EBX
   952 00000A48 57                              	PUSH	EDI
   953 00000A49 6A 07                           	PUSH	7
   954 00000A4B FF 70 04                        	PUSH	DWORD [4+EAX]
   955 00000A4E FF 30                           	PUSH	DWORD [EAX]
   956 00000A50 E8 [00000000]                   	CALL	_boxfill8
   957 00000A55 8B 45 F0                        	MOV	EAX,DWORD [-16+EBP]
   958 00000A58 53                              	PUSH	EBX
   959 00000A59 83 C0 02                        	ADD	EAX,2
   960 00000A5C 50                              	PUSH	EAX
   961 00000A5D 56                              	PUSH	ESI
   962 00000A5E 50                              	PUSH	EAX
   963 00000A5F 8B 45 08                        	MOV	EAX,DWORD [8+EBP]
   964 00000A62 6A 07                           	PUSH	7
   965 00000A64 FF 70 04                        	PUSH	DWORD [4+EAX]
   966 00000A67 FF 30                           	PUSH	DWORD [EAX]
   967 00000A69 E8 [00000000]                   	CALL	_boxfill8
   968 00000A6E 8B 45 08                        	MOV	EAX,DWORD [8+EBP]
   969 00000A71 83 C4 38                        	ADD	ESP,56
   970 00000A74 8B 5D 10                        	MOV	EBX,DWORD [16+EBP]
   971 00000A77 83 EB 02                        	SUB	EBX,2
   972 00000A7A 8B 7D 0C                        	MOV	EDI,DWORD [12+EBP]
   973 00000A7D 53                              	PUSH	EBX
   974 00000A7E 4F                              	DEC	EDI
   975 00000A7F FF 75 F0                        	PUSH	DWORD [-16+EBP]
   976 00000A82 53                              	PUSH	EBX
   977 00000A83 57                              	PUSH	EDI
   978 00000A84 6A 00                           	PUSH	0
   979 00000A86 FF 70 04                        	PUSH	DWORD [4+EAX]
   980 00000A89 FF 30                           	PUSH	DWORD [EAX]
   981 00000A8B E8 [00000000]                   	CALL	_boxfill8
   982 00000A90 8B 45 08                        	MOV	EAX,DWORD [8+EBP]
   983 00000A93 FF 75 EC                        	PUSH	DWORD [-20+EBP]
   984 00000A96 FF 75 E4                        	PUSH	DWORD [-28+EBP]
   985 00000A99 53                              	PUSH	EBX
   986 00000A9A FF 75 E4                        	PUSH	DWORD [-28+EBP]
   987 00000A9D 6A 00                           	PUSH	0
   988 00000A9F FF 70 04                        	PUSH	DWORD [4+EAX]
   989 00000AA2 FF 30                           	PUSH	DWORD [EAX]
   990 00000AA4 E8 [00000000]                   	CALL	_boxfill8
   991 00000AA9 8B 45 08                        	MOV	EAX,DWORD [8+EBP]
   992 00000AAC 83 C4 38                        	ADD	ESP,56
   993 00000AAF FF 75 E0                        	PUSH	DWORD [-32+EBP]
   994 00000AB2 FF 75 F0                        	PUSH	DWORD [-16+EBP]
   995 00000AB5 FF 75 E0                        	PUSH	DWORD [-32+EBP]
   996 00000AB8 FF 75 E4                        	PUSH	DWORD [-28+EBP]
   997 00000ABB 6A 08                           	PUSH	8
   998 00000ABD FF 70 04                        	PUSH	DWORD [4+EAX]
   999 00000AC0 FF 30                           	PUSH	DWORD [EAX]
  1000 00000AC2 E8 [00000000]                   	CALL	_boxfill8
  1001 00000AC7 8B 45 08                        	MOV	EAX,DWORD [8+EBP]
  1002 00000ACA FF 75 E0                        	PUSH	DWORD [-32+EBP]
  1003 00000ACD FF 75 E8                        	PUSH	DWORD [-24+EBP]
  1004 00000AD0 53                              	PUSH	EBX
  1005 00000AD1 FF 75 E8                        	PUSH	DWORD [-24+EBP]
  1006 00000AD4 6A 08                           	PUSH	8
  1007 00000AD6 FF 70 04                        	PUSH	DWORD [4+EAX]
  1008 00000AD9 FF 30                           	PUSH	DWORD [EAX]
  1009 00000ADB E8 [00000000]                   	CALL	_boxfill8
  1010 00000AE0 8B 45 10                        	MOV	EAX,DWORD [16+EBP]
  1011 00000AE3 83 C4 38                        	ADD	ESP,56
  1012 00000AE6 48                              	DEC	EAX
  1013 00000AE7 FF 75 EC                        	PUSH	DWORD [-20+EBP]
  1014 00000AEA FF 75 F0                        	PUSH	DWORD [-16+EBP]
  1015 00000AED 50                              	PUSH	EAX
  1016 00000AEE 57                              	PUSH	EDI
  1017 00000AEF 0F B6 45 1C                     	MOVZX	EAX,BYTE [28+EBP]
  1018 00000AF3 50                              	PUSH	EAX
  1019 00000AF4 8B 45 08                        	MOV	EAX,DWORD [8+EBP]
  1020 00000AF7 FF 70 04                        	PUSH	DWORD [4+EAX]
  1021 00000AFA FF 30                           	PUSH	DWORD [EAX]
  1022 00000AFC E8 [00000000]                   	CALL	_boxfill8
  1023 00000B01 8D 65 F4                        	LEA	ESP,DWORD [-12+EBP]
  1024 00000B04 5B                              	POP	EBX
  1025 00000B05 5E                              	POP	ESI
  1026 00000B06 5F                              	POP	EDI
  1027 00000B07 5D                              	POP	EBP
  1028 00000B08 C3                              	RET
  1029 00000B09                                 	GLOBAL	_task_b_main
  1030 00000B09                                 _task_b_main:
  1031 00000B09 55                              	PUSH	EBP
  1032 00000B0A 89 E5                           	MOV	EBP,ESP
  1033 00000B0C                                 L69:
  1034 00000B0C E8 [00000000]                   	CALL	_io_hlt
  1035 00000B11 EB F9                           	JMP	L69
