     1 00000000                                 [FORMAT "WCOFF"]
     2 00000000                                 [INSTRSET "i486p"]
     3 00000000                                 [OPTIMIZE 1]
     4 00000000                                 [OPTION 1]
     5 00000000                                 [BITS 32]
     6 00000000                                 	EXTERN	_init_gdtidt
     7 00000000                                 	EXTERN	_init_pic
     8 00000000                                 	EXTERN	_io_sti
     9 00000000                                 	EXTERN	_fifo32_init
    10 00000000                                 	EXTERN	_init_pit
    11 00000000                                 	EXTERN	_init_keyboard
    12 00000000                                 	EXTERN	_enable_mouse
    13 00000000                                 	EXTERN	_io_out8
    14 00000000                                 	EXTERN	_timer_alloc
    15 00000000                                 	EXTERN	_timer_init
    16 00000000                                 	EXTERN	_timer_settime
    17 00000000                                 	EXTERN	_memtest
    18 00000000                                 	EXTERN	_memman_init
    19 00000000                                 	EXTERN	_memman_free
    20 00000000                                 	EXTERN	_init_palette
    21 00000000                                 	EXTERN	_shtctl_init
    22 00000000                                 	EXTERN	_sheet_alloc
    23 00000000                                 	EXTERN	_memman_alloc_4k
    24 00000000                                 	EXTERN	_sheet_setbuf
    25 00000000                                 	EXTERN	_init_screen8
    26 00000000                                 	EXTERN	_init_mouse_cursor8
    27 00000000                                 	EXTERN	_sheet_slide
    28 00000000                                 	EXTERN	_sheet_updown
    29 00000000                                 	EXTERN	_sprintf
    30 00000000                                 	EXTERN	_memman_total
    31 00000000                                 	EXTERN	_io_cli
    32 00000000                                 	EXTERN	_fifo32_status
    33 00000000                                 	EXTERN	_fifo32_get
    34 00000000                                 	EXTERN	_boxfill8
    35 00000000                                 	EXTERN	_sheet_refresh
    36 00000000                                 	EXTERN	_mouse_decode
    37 00000000                                 	EXTERN	_putfonts8_asc
    38 00000000                                 [FILE "bootpack.c"]
    39                                          [SECTION .data]
    40 00000000                                 LC0:
    41 00000000 43 6F 75 6E 74 65 72 00         	DB	"Counter",0x00
    42 00000008                                 LC1:
    43 00000008 28 25 33 64 2C 20 25 33 64 29   	DB	"(%3d, %3d)",0x00
       00000012 00 
    44 00000013                                 LC2:
    45 00000013 6D 65 6D 6F 72 79 20 25 64 4D   	DB	"memory %dMB   free : %dKB",0x00
       0000001D 42 20 20 20 66 72 65 65 20 3A 
       00000027 20 25 64 4B 42 00 
    46 0000002D                                 LC7:
    47 0000002D 33 5B 73 65 63 5D 00            	DB	"3[sec]",0x00
    48 00000034                                 LC5:
    49 00000034 31 30 5B 73 65 63 5D 00         	DB	"10[sec]",0x00
    50 0000003C                                 LC6:
    51 0000003C 25 30 31 30 64 00               	DB	"%010d",0x00
    52 00000042                                 LC4:
    53 00000042 5B 6C 63 72 20 25 34 64 20 25   	DB	"[lcr %4d %4d]",0x00
       0000004C 34 64 5D 00 
    54 00000050                                 LC3:
    55 00000050 25 30 32 58 00                  	DB	"%02X",0x00
    56                                          [SECTION .text]
    57 00000000                                 	GLOBAL	_HariMain
    58 00000000                                 _HariMain:
    59 00000000 55                              	PUSH	EBP
    60 00000001 89 E5                           	MOV	EBP,ESP
    61 00000003 57                              	PUSH	EDI
    62 00000004 56                              	PUSH	ESI
    63 00000005 53                              	PUSH	EBX
    64 00000006 8D 9D FFFFFCE4                  	LEA	EBX,DWORD [-796+EBP]
    65 0000000C 81 EC 00000538                  	SUB	ESP,1336
    66 00000012 C7 85 FFFFFADC 00000000         	MOV	DWORD [-1316+EBP],0
    67 0000001C E8 [00000000]                   	CALL	_init_gdtidt
    68 00000021 E8 [00000000]                   	CALL	_init_pic
    69 00000026 E8 [00000000]                   	CALL	_io_sti
    70 0000002B 8D 85 FFFFFAE4                  	LEA	EAX,DWORD [-1308+EBP]
    71 00000031 50                              	PUSH	EAX
    72 00000032 68 00000080                     	PUSH	128
    73 00000037 53                              	PUSH	EBX
    74 00000038 E8 [00000000]                   	CALL	_fifo32_init
    75 0000003D E8 [00000000]                   	CALL	_init_pit
    76 00000042 68 00000100                     	PUSH	256
    77 00000047 53                              	PUSH	EBX
    78 00000048 E8 [00000000]                   	CALL	_init_keyboard
    79 0000004D 8D 85 FFFFFE04                  	LEA	EAX,DWORD [-508+EBP]
    80 00000053 50                              	PUSH	EAX
    81 00000054 68 00000200                     	PUSH	512
    82 00000059 53                              	PUSH	EBX
    83 0000005A E8 [00000000]                   	CALL	_enable_mouse
    84 0000005F 83 C4 20                        	ADD	ESP,32
    85 00000062 68 000000F8                     	PUSH	248
    86 00000067 6A 21                           	PUSH	33
    87 00000069 E8 [00000000]                   	CALL	_io_out8
    88 0000006E 68 000000EF                     	PUSH	239
    89 00000073 68 000000A1                     	PUSH	161
    90 00000078 E8 [00000000]                   	CALL	_io_out8
    91 0000007D 6A 01                           	PUSH	1
    92 0000007F 53                              	PUSH	EBX
    93 00000080 E8 00000728                     	CALL	_set490
    94 00000085 E8 [00000000]                   	CALL	_timer_alloc
    95 0000008A 6A 0A                           	PUSH	10
    96 0000008C 53                              	PUSH	EBX
    97 0000008D 89 C6                           	MOV	ESI,EAX
    98 0000008F 50                              	PUSH	EAX
    99 00000090 E8 [00000000]                   	CALL	_timer_init
   100 00000095 83 C4 24                        	ADD	ESP,36
   101 00000098 68 000003E8                     	PUSH	1000
   102 0000009D 56                              	PUSH	ESI
   103 0000009E E8 [00000000]                   	CALL	_timer_settime
   104 000000A3 E8 [00000000]                   	CALL	_timer_alloc
   105 000000A8 6A 03                           	PUSH	3
   106 000000AA 53                              	PUSH	EBX
   107 000000AB 89 C6                           	MOV	ESI,EAX
   108 000000AD 50                              	PUSH	EAX
   109 000000AE E8 [00000000]                   	CALL	_timer_init
   110 000000B3 68 0000012C                     	PUSH	300
   111 000000B8 56                              	PUSH	ESI
   112 000000B9 E8 [00000000]                   	CALL	_timer_settime
   113 000000BE E8 [00000000]                   	CALL	_timer_alloc
   114 000000C3 6A 01                           	PUSH	1
   115 000000C5 53                              	PUSH	EBX
   116 000000C6 50                              	PUSH	EAX
   117 000000C7 89 85 FFFFFAC4                  	MOV	DWORD [-1340+EBP],EAX
   118 000000CD E8 [00000000]                   	CALL	_timer_init
   119 000000D2 83 C4 28                        	ADD	ESP,40
   120 000000D5 6A 32                           	PUSH	50
   121 000000D7 FF B5 FFFFFAC4                  	PUSH	DWORD [-1340+EBP]
   122 000000DD E8 [00000000]                   	CALL	_timer_settime
   123 000000E2 68 BFFFFFFF                     	PUSH	-1073741825
   124 000000E7 68 00400000                     	PUSH	4194304
   125 000000EC E8 [00000000]                   	CALL	_memtest
   126 000000F1 68 003C0000                     	PUSH	3932160
   127 000000F6 89 85 FFFFFAD8                  	MOV	DWORD [-1320+EBP],EAX
   128 000000FC E8 [00000000]                   	CALL	_memman_init
   129 00000101 68 0009E000                     	PUSH	647168
   130 00000106 68 00001000                     	PUSH	4096
   131 0000010B 68 003C0000                     	PUSH	3932160
   132 00000110 E8 [00000000]                   	CALL	_memman_free
   133 00000115 8B 85 FFFFFAD8                  	MOV	EAX,DWORD [-1320+EBP]
   134 0000011B 83 C4 20                        	ADD	ESP,32
   135 0000011E 2D 00400000                     	SUB	EAX,4194304
   136 00000123 50                              	PUSH	EAX
   137 00000124 68 00400000                     	PUSH	4194304
   138 00000129 68 003C0000                     	PUSH	3932160
   139 0000012E E8 [00000000]                   	CALL	_memman_free
   140 00000133 E8 [00000000]                   	CALL	_init_palette
   141 00000138 0F BF 05 00000FF6               	MOVSX	EAX,WORD [4086]
   142 0000013F 50                              	PUSH	EAX
   143 00000140 0F BF 05 00000FF4               	MOVSX	EAX,WORD [4084]
   144 00000147 50                              	PUSH	EAX
   145 00000148 FF 35 00000FF8                  	PUSH	DWORD [4088]
   146 0000014E 68 003C0000                     	PUSH	3932160
   147 00000153 E8 [00000000]                   	CALL	_shtctl_init
   148 00000158 89 C3                           	MOV	EBX,EAX
   149 0000015A 50                              	PUSH	EAX
   150 0000015B E8 [00000000]                   	CALL	_sheet_alloc
   151 00000160 83 C4 20                        	ADD	ESP,32
   152 00000163 53                              	PUSH	EBX
   153 00000164 89 85 FFFFFAD4                  	MOV	DWORD [-1324+EBP],EAX
   154 0000016A E8 [00000000]                   	CALL	_sheet_alloc
   155 0000016F 53                              	PUSH	EBX
   156 00000170 8D 9D FFFFFD04                  	LEA	EBX,DWORD [-764+EBP]
   157 00000176 89 85 FFFFFAD0                  	MOV	DWORD [-1328+EBP],EAX
   158 0000017C E8 [00000000]                   	CALL	_sheet_alloc
   159 00000181 0F BF 15 00000FF6               	MOVSX	EDX,WORD [4086]
   160 00000188 89 85 FFFFFACC                  	MOV	DWORD [-1332+EBP],EAX
   161 0000018E 0F BF 05 00000FF4               	MOVSX	EAX,WORD [4084]
   162 00000195 0F AF C2                        	IMUL	EAX,EDX
   163 00000198 50                              	PUSH	EAX
   164 00000199 68 003C0000                     	PUSH	3932160
   165 0000019E E8 [00000000]                   	CALL	_memman_alloc_4k
   166 000001A3 68 00002080                     	PUSH	8320
   167 000001A8 68 003C0000                     	PUSH	3932160
   168 000001AD 89 85 FFFFFAC8                  	MOV	DWORD [-1336+EBP],EAX
   169 000001B3 E8 [00000000]                   	CALL	_memman_alloc_4k
   170 000001B8 6A FF                           	PUSH	-1
   171 000001BA 89 C6                           	MOV	ESI,EAX
   172 000001BC 0F BF 05 00000FF6               	MOVSX	EAX,WORD [4086]
   173 000001C3 50                              	PUSH	EAX
   174 000001C4 0F BF 05 00000FF4               	MOVSX	EAX,WORD [4084]
   175 000001CB 50                              	PUSH	EAX
   176 000001CC FF B5 FFFFFAC8                  	PUSH	DWORD [-1336+EBP]
   177 000001D2 FF B5 FFFFFAD4                  	PUSH	DWORD [-1324+EBP]
   178 000001D8 E8 [00000000]                   	CALL	_sheet_setbuf
   179 000001DD 83 C4 2C                        	ADD	ESP,44
   180 000001E0 6A 63                           	PUSH	99
   181 000001E2 6A 10                           	PUSH	16
   182 000001E4 6A 10                           	PUSH	16
   183 000001E6 53                              	PUSH	EBX
   184 000001E7 FF B5 FFFFFAD0                  	PUSH	DWORD [-1328+EBP]
   185 000001ED E8 [00000000]                   	CALL	_sheet_setbuf
   186 000001F2 6A FF                           	PUSH	-1
   187 000001F4 6A 44                           	PUSH	68
   188 000001F6 68 000000A0                     	PUSH	160
   189 000001FB 56                              	PUSH	ESI
   190 000001FC FF B5 FFFFFACC                  	PUSH	DWORD [-1332+EBP]
   191 00000202 E8 [00000000]                   	CALL	_sheet_setbuf
   192 00000207 83 C4 28                        	ADD	ESP,40
   193 0000020A 0F BF 05 00000FF6               	MOVSX	EAX,WORD [4086]
   194 00000211 50                              	PUSH	EAX
   195 00000212 0F BF 05 00000FF4               	MOVSX	EAX,WORD [4084]
   196 00000219 50                              	PUSH	EAX
   197 0000021A FF B5 FFFFFAC8                  	PUSH	DWORD [-1336+EBP]
   198 00000220 E8 [00000000]                   	CALL	_init_screen8
   199 00000225 6A 63                           	PUSH	99
   200 00000227 53                              	PUSH	EBX
   201 00000228 BB 00000002                     	MOV	EBX,2
   202 0000022D E8 [00000000]                   	CALL	_init_mouse_cursor8
   203 00000232 68 [00000000]                   	PUSH	LC0
   204 00000237 6A 44                           	PUSH	68
   205 00000239 68 000000A0                     	PUSH	160
   206 0000023E 56                              	PUSH	ESI
   207 0000023F E8 00000376                     	CALL	_make_window8
   208 00000244 83 C4 24                        	ADD	ESP,36
   209 00000247 6A 00                           	PUSH	0
   210 00000249 6A 00                           	PUSH	0
   211 0000024B FF B5 FFFFFAD4                  	PUSH	DWORD [-1324+EBP]
   212 00000251 E8 [00000000]                   	CALL	_sheet_slide
   213 00000256 0F BF 05 00000FF4               	MOVSX	EAX,WORD [4084]
   214 0000025D 8D 48 F0                        	LEA	ECX,DWORD [-16+EAX]
   215 00000260 89 C8                           	MOV	EAX,ECX
   216 00000262 99                              	CDQ
   217 00000263 F7 FB                           	IDIV	EBX
   218 00000265 89 85 FFFFFAE0                  	MOV	DWORD [-1312+EBP],EAX
   219 0000026B 0F BF 05 00000FF6               	MOVSX	EAX,WORD [4086]
   220 00000272 8D 48 D4                        	LEA	ECX,DWORD [-44+EAX]
   221 00000275 89 C8                           	MOV	EAX,ECX
   222 00000277 99                              	CDQ
   223 00000278 F7 FB                           	IDIV	EBX
   224 0000027A 50                              	PUSH	EAX
   225 0000027B 89 C7                           	MOV	EDI,EAX
   226 0000027D FF B5 FFFFFAE0                  	PUSH	DWORD [-1312+EBP]
   227 00000283 FF B5 FFFFFAD0                  	PUSH	DWORD [-1328+EBP]
   228 00000289 8D 5D C4                        	LEA	EBX,DWORD [-60+EBP]
   229 0000028C E8 [00000000]                   	CALL	_sheet_slide
   230 00000291 6A 48                           	PUSH	72
   231 00000293 6A 50                           	PUSH	80
   232 00000295 FF B5 FFFFFACC                  	PUSH	DWORD [-1332+EBP]
   233 0000029B E8 [00000000]                   	CALL	_sheet_slide
   234 000002A0 83 C4 24                        	ADD	ESP,36
   235 000002A3 6A 00                           	PUSH	0
   236 000002A5 FF B5 FFFFFAD4                  	PUSH	DWORD [-1324+EBP]
   237 000002AB E8 [00000000]                   	CALL	_sheet_updown
   238 000002B0 6A 01                           	PUSH	1
   239 000002B2 FF B5 FFFFFACC                  	PUSH	DWORD [-1332+EBP]
   240 000002B8 E8 [00000000]                   	CALL	_sheet_updown
   241 000002BD 6A 02                           	PUSH	2
   242 000002BF FF B5 FFFFFAD0                  	PUSH	DWORD [-1328+EBP]
   243 000002C5 E8 [00000000]                   	CALL	_sheet_updown
   244 000002CA 57                              	PUSH	EDI
   245 000002CB FF B5 FFFFFAE0                  	PUSH	DWORD [-1312+EBP]
   246 000002D1 68 [00000008]                   	PUSH	LC1
   247 000002D6 53                              	PUSH	EBX
   248 000002D7 E8 [00000000]                   	CALL	_sprintf
   249 000002DC 83 C4 28                        	ADD	ESP,40
   250 000002DF 6A 0A                           	PUSH	10
   251 000002E1 53                              	PUSH	EBX
   252 000002E2 6A 0E                           	PUSH	14
   253 000002E4 6A 07                           	PUSH	7
   254 000002E6 6A 00                           	PUSH	0
   255 000002E8 6A 00                           	PUSH	0
   256 000002EA FF B5 FFFFFAD4                  	PUSH	DWORD [-1324+EBP]
   257 000002F0 E8 00000431                     	CALL	_putfonts8_asc_sht
   258 000002F5 68 003C0000                     	PUSH	3932160
   259 000002FA E8 [00000000]                   	CALL	_memman_total
   260 000002FF C1 AD FFFFFAD8 14               	SHR	DWORD [-1320+EBP],20
   261 00000306 C1 E8 0A                        	SHR	EAX,10
   262 00000309 89 04 24                        	MOV	DWORD [ESP],EAX
   263 0000030C FF B5 FFFFFAD8                  	PUSH	DWORD [-1320+EBP]
   264 00000312 68 [00000013]                   	PUSH	LC2
   265 00000317 53                              	PUSH	EBX
   266 00000318 E8 [00000000]                   	CALL	_sprintf
   267 0000031D 83 C4 2C                        	ADD	ESP,44
   268 00000320 6A 28                           	PUSH	40
   269 00000322 53                              	PUSH	EBX
   270 00000323 6A 0E                           	PUSH	14
   271 00000325 6A 07                           	PUSH	7
   272 00000327 6A 20                           	PUSH	32
   273 00000329 6A 00                           	PUSH	0
   274 0000032B FF B5 FFFFFAD4                  	PUSH	DWORD [-1324+EBP]
   275 00000331                                 L27:
   276 00000331 E8 000003F0                     	CALL	_putfonts8_asc_sht
   277 00000336                                 L26:
   278 00000336 83 C4 1C                        	ADD	ESP,28
   279 00000339                                 L2:
   280 00000339 8D B5 FFFFFCE4                  	LEA	ESI,DWORD [-796+EBP]
   281 0000033F FF 85 FFFFFADC                  	INC	DWORD [-1316+EBP]
   282 00000345 E8 [00000000]                   	CALL	_io_cli
   283 0000034A 56                              	PUSH	ESI
   284 0000034B E8 [00000000]                   	CALL	_fifo32_status
   285 00000350 59                              	POP	ECX
   286 00000351 85 C0                           	TEST	EAX,EAX
   287 00000353 0F 84 00000257                  	JE	L29
   288 00000359 56                              	PUSH	ESI
   289 0000035A E8 [00000000]                   	CALL	_fifo32_get
   290 0000035F 89 C3                           	MOV	EBX,EAX
   291 00000361 E8 [00000000]                   	CALL	_io_sti
   292 00000366 5A                              	POP	EDX
   293 00000367 8D 83 FFFFFF00                  	LEA	EAX,DWORD [-256+EBX]
   294 0000036D 3D 000000FF                     	CMP	EAX,255
   295 00000372 0F 86 0000020B                  	JBE	L30
   296 00000378 8D 83 FFFFFE00                  	LEA	EAX,DWORD [-512+EBX]
   297 0000037E 3D 000000FF                     	CMP	EAX,255
   298 00000383 0F 86 000000F4                  	JBE	L31
   299 00000389 83 FB 0A                        	CMP	EBX,10
   300 0000038C 0F 84 000000A4                  	JE	L32
   301 00000392 83 FB 03                        	CMP	EBX,3
   302 00000395 74 76                           	JE	L33
   303 00000397 83 FB 01                        	CMP	EBX,1
   304 0000039A 74 57                           	JE	L34
   305 0000039C 85 DB                           	TEST	EBX,EBX
   306 0000039E 75 99                           	JNE	L2
   307 000003A0 6A 01                           	PUSH	1
   308 000003A2 56                              	PUSH	ESI
   309 000003A3 FF B5 FFFFFAC4                  	PUSH	DWORD [-1340+EBP]
   310 000003A9 E8 [00000000]                   	CALL	_timer_init
   311 000003AE 6A 6F                           	PUSH	111
   312 000003B0 6A 0F                           	PUSH	15
   313 000003B2 6A 60                           	PUSH	96
   314 000003B4 6A 08                           	PUSH	8
   315 000003B6 6A 0E                           	PUSH	14
   316 000003B8                                 L28:
   317 000003B8 0F BF 05 00000FF4               	MOVSX	EAX,WORD [4084]
   318 000003BF 50                              	PUSH	EAX
   319 000003C0 FF B5 FFFFFAC8                  	PUSH	DWORD [-1336+EBP]
   320 000003C6 E8 [00000000]                   	CALL	_boxfill8
   321 000003CB 83 C4 28                        	ADD	ESP,40
   322 000003CE 6A 32                           	PUSH	50
   323 000003D0 FF B5 FFFFFAC4                  	PUSH	DWORD [-1340+EBP]
   324 000003D6 E8 [00000000]                   	CALL	_timer_settime
   325 000003DB 6A 70                           	PUSH	112
   326 000003DD 6A 10                           	PUSH	16
   327 000003DF 6A 56                           	PUSH	86
   328 000003E1 6A 08                           	PUSH	8
   329 000003E3 FF B5 FFFFFAD4                  	PUSH	DWORD [-1324+EBP]
   330 000003E9 E8 [00000000]                   	CALL	_sheet_refresh
   331 000003EE E9 FFFFFF43                     	JMP	L26
   332 000003F3                                 L34:
   333 000003F3 6A 00                           	PUSH	0
   334 000003F5 56                              	PUSH	ESI
   335 000003F6 FF B5 FFFFFAC4                  	PUSH	DWORD [-1340+EBP]
   336 000003FC E8 [00000000]                   	CALL	_timer_init
   337 00000401 6A 6F                           	PUSH	111
   338 00000403 6A 0F                           	PUSH	15
   339 00000405 6A 60                           	PUSH	96
   340 00000407 6A 08                           	PUSH	8
   341 00000409 6A 07                           	PUSH	7
   342 0000040B EB AB                           	JMP	L28
   343 0000040D                                 L33:
   344 0000040D 6A 06                           	PUSH	6
   345 0000040F 68 [0000002D]                   	PUSH	LC7
   346 00000414 6A 0E                           	PUSH	14
   347 00000416 6A 07                           	PUSH	7
   348 00000418 6A 50                           	PUSH	80
   349 0000041A 6A 00                           	PUSH	0
   350 0000041C FF B5 FFFFFAD4                  	PUSH	DWORD [-1324+EBP]
   351 00000422 E8 000002FF                     	CALL	_putfonts8_asc_sht
   352 00000427 C7 85 FFFFFADC 00000000         	MOV	DWORD [-1316+EBP],0
   353 00000431 E9 FFFFFF00                     	JMP	L26
   354 00000436                                 L32:
   355 00000436 6A 07                           	PUSH	7
   356 00000438 8D 5D C4                        	LEA	EBX,DWORD [-60+EBP]
   357 0000043B 68 [00000034]                   	PUSH	LC5
   358 00000440 6A 0E                           	PUSH	14
   359 00000442 6A 07                           	PUSH	7
   360 00000444 6A 40                           	PUSH	64
   361 00000446 6A 00                           	PUSH	0
   362 00000448 FF B5 FFFFFAD4                  	PUSH	DWORD [-1324+EBP]
   363 0000044E E8 000002D3                     	CALL	_putfonts8_asc_sht
   364 00000453 FF B5 FFFFFADC                  	PUSH	DWORD [-1316+EBP]
   365 00000459 68 [0000003C]                   	PUSH	LC6
   366 0000045E 53                              	PUSH	EBX
   367 0000045F E8 [00000000]                   	CALL	_sprintf
   368 00000464 83 C4 28                        	ADD	ESP,40
   369 00000467 6A 0A                           	PUSH	10
   370 00000469 53                              	PUSH	EBX
   371 0000046A 6A 08                           	PUSH	8
   372 0000046C 6A 00                           	PUSH	0
   373 0000046E 6A 1C                           	PUSH	28
   374 00000470 6A 28                           	PUSH	40
   375 00000472 FF B5 FFFFFACC                  	PUSH	DWORD [-1332+EBP]
   376 00000478 E9 FFFFFEB4                     	JMP	L27
   377 0000047D                                 L31:
   378 0000047D 0F B6 C3                        	MOVZX	EAX,BL
   379 00000480 50                              	PUSH	EAX
   380 00000481 8D 85 FFFFFE04                  	LEA	EAX,DWORD [-508+EBP]
   381 00000487 50                              	PUSH	EAX
   382 00000488 E8 [00000000]                   	CALL	_mouse_decode
   383 0000048D 5A                              	POP	EDX
   384 0000048E 59                              	POP	ECX
   385 0000048F 85 C0                           	TEST	EAX,EAX
   386 00000491 0F 84 FFFFFEA2                  	JE	L2
   387 00000497 FF B5 FFFFFE0C                  	PUSH	DWORD [-500+EBP]
   388 0000049D FF B5 FFFFFE08                  	PUSH	DWORD [-504+EBP]
   389 000004A3 68 [00000042]                   	PUSH	LC4
   390 000004A8 8D 5D C4                        	LEA	EBX,DWORD [-60+EBP]
   391 000004AB 53                              	PUSH	EBX
   392 000004AC E8 [00000000]                   	CALL	_sprintf
   393 000004B1 83 C4 10                        	ADD	ESP,16
   394 000004B4 8B 85 FFFFFE10                  	MOV	EAX,DWORD [-496+EBP]
   395 000004BA A9 00000001                     	TEST	EAX,1
   396 000004BF 74 04                           	JE	L11
   397 000004C1 C6 45 C5 4C                     	MOV	BYTE [-59+EBP],76
   398 000004C5                                 L11:
   399 000004C5 A9 00000002                     	TEST	EAX,2
   400 000004CA 74 04                           	JE	L12
   401 000004CC C6 45 C7 52                     	MOV	BYTE [-57+EBP],82
   402 000004D0                                 L12:
   403 000004D0 83 E0 04                        	AND	EAX,4
   404 000004D3 74 04                           	JE	L13
   405 000004D5 C6 45 C6 43                     	MOV	BYTE [-58+EBP],67
   406 000004D9                                 L13:
   407 000004D9 6A 0F                           	PUSH	15
   408 000004DB 53                              	PUSH	EBX
   409 000004DC 6A 0E                           	PUSH	14
   410 000004DE 6A 07                           	PUSH	7
   411 000004E0 6A 10                           	PUSH	16
   412 000004E2 6A 20                           	PUSH	32
   413 000004E4 FF B5 FFFFFAD4                  	PUSH	DWORD [-1324+EBP]
   414 000004EA E8 00000237                     	CALL	_putfonts8_asc_sht
   415 000004EF 8B 85 FFFFFE08                  	MOV	EAX,DWORD [-504+EBP]
   416 000004F5 03 BD FFFFFE0C                  	ADD	EDI,DWORD [-500+EBP]
   417 000004FB 83 C4 1C                        	ADD	ESP,28
   418 000004FE 01 85 FFFFFAE0                  	ADD	DWORD [-1312+EBP],EAX
   419 00000504 78 71                           	JS	L35
   420 00000506                                 L14:
   421 00000506 85 FF                           	TEST	EDI,EDI
   422 00000508 78 69                           	JS	L36
   423 0000050A                                 L15:
   424 0000050A 0F BF 05 00000FF4               	MOVSX	EAX,WORD [4084]
   425 00000511 48                              	DEC	EAX
   426 00000512 39 85 FFFFFAE0                  	CMP	DWORD [-1312+EBP],EAX
   427 00000518 7E 06                           	JLE	L16
   428 0000051A 89 85 FFFFFAE0                  	MOV	DWORD [-1312+EBP],EAX
   429 00000520                                 L16:
   430 00000520 0F BF 05 00000FF6               	MOVSX	EAX,WORD [4086]
   431 00000527 48                              	DEC	EAX
   432 00000528 39 C7                           	CMP	EDI,EAX
   433 0000052A 7E 02                           	JLE	L17
   434 0000052C 89 C7                           	MOV	EDI,EAX
   435 0000052E                                 L17:
   436 0000052E 57                              	PUSH	EDI
   437 0000052F FF B5 FFFFFAE0                  	PUSH	DWORD [-1312+EBP]
   438 00000535 68 [00000008]                   	PUSH	LC1
   439 0000053A 53                              	PUSH	EBX
   440 0000053B E8 [00000000]                   	CALL	_sprintf
   441 00000540 6A 0A                           	PUSH	10
   442 00000542 53                              	PUSH	EBX
   443 00000543 6A 0E                           	PUSH	14
   444 00000545 6A 07                           	PUSH	7
   445 00000547 6A 00                           	PUSH	0
   446 00000549 6A 00                           	PUSH	0
   447 0000054B FF B5 FFFFFAD4                  	PUSH	DWORD [-1324+EBP]
   448 00000551 E8 000001D0                     	CALL	_putfonts8_asc_sht
   449 00000556 83 C4 2C                        	ADD	ESP,44
   450 00000559 57                              	PUSH	EDI
   451 0000055A FF B5 FFFFFAE0                  	PUSH	DWORD [-1312+EBP]
   452 00000560 FF B5 FFFFFAD0                  	PUSH	DWORD [-1328+EBP]
   453 00000566 E8 [00000000]                   	CALL	_sheet_slide
   454 0000056B 83 C4 0C                        	ADD	ESP,12
   455 0000056E E9 FFFFFDC6                     	JMP	L2
   456 00000573                                 L36:
   457 00000573 31 FF                           	XOR	EDI,EDI
   458 00000575 EB 93                           	JMP	L15
   459 00000577                                 L35:
   460 00000577 C7 85 FFFFFAE0 00000000         	MOV	DWORD [-1312+EBP],0
   461 00000581 EB 83                           	JMP	L14
   462 00000583                                 L30:
   463 00000583 50                              	PUSH	EAX
   464 00000584 8D 5D C4                        	LEA	EBX,DWORD [-60+EBP]
   465 00000587 68 [00000050]                   	PUSH	LC3
   466 0000058C 53                              	PUSH	EBX
   467 0000058D E8 [00000000]                   	CALL	_sprintf
   468 00000592 6A 02                           	PUSH	2
   469 00000594 53                              	PUSH	EBX
   470 00000595 6A 0E                           	PUSH	14
   471 00000597 6A 07                           	PUSH	7
   472 00000599 6A 10                           	PUSH	16
   473 0000059B 6A 00                           	PUSH	0
   474 0000059D FF B5 FFFFFAD4                  	PUSH	DWORD [-1324+EBP]
   475 000005A3 E8 0000017E                     	CALL	_putfonts8_asc_sht
   476 000005A8 83 C4 28                        	ADD	ESP,40
   477 000005AB E9 FFFFFD89                     	JMP	L2
   478 000005B0                                 L29:
   479 000005B0 E8 [00000000]                   	CALL	_io_sti
   480 000005B5 E9 FFFFFD7F                     	JMP	L2
   481                                          [SECTION .data]
   482 00000055                                 _closebtn.0:
   483 00000055 4F 4F 4F 4F 4F 4F 4F 4F 4F 4F   	DB	"OOOOOOOOOOOOOOO@"
       0000005F 4F 4F 4F 4F 4F 40 
   484 00000065 4F 51 51 51 51 51 51 51 51 51   	DB	"OQQQQQQQQQQQQQ$@"
       0000006F 51 51 51 51 24 40 
   485 00000075 4F 51 51 51 51 51 51 51 51 51   	DB	"OQQQQQQQQQQQQQ$@"
       0000007F 51 51 51 51 24 40 
   486 00000085 4F 51 51 51 40 40 51 51 51 51   	DB	"OQQQ@@QQQQ@@QQ$@"
       0000008F 40 40 51 51 24 40 
   487 00000095 4F 51 51 51 51 40 40 51 51 40   	DB	"OQQQQ@@QQ@@QQQ$@"
       0000009F 40 51 51 51 24 40 
   488 000000A5 4F 51 51 51 51 51 40 40 40 40   	DB	"OQQQQQ@@@@QQQQ$@"
       000000AF 51 51 51 51 24 40 
   489 000000B5 4F 51 51 51 51 51 51 40 40 51   	DB	"OQQQQQQ@@QQQQQ$@"
       000000BF 51 51 51 51 24 40 
   490 000000C5 4F 51 51 51 51 51 40 40 40 40   	DB	"OQQQQQ@@@@QQQQ$@"
       000000CF 51 51 51 51 24 40 
   491 000000D5 4F 51 51 51 51 40 40 51 51 40   	DB	"OQQQQ@@QQ@@QQQ$@"
       000000DF 40 51 51 51 24 40 
   492 000000E5 4F 51 51 51 40 40 51 51 51 51   	DB	"OQQQ@@QQQQ@@QQ$@"
       000000EF 40 40 51 51 24 40 
   493 000000F5 4F 51 51 51 51 51 51 51 51 51   	DB	"OQQQQQQQQQQQQQ$@"
       000000FF 51 51 51 51 24 40 
   494 00000105 4F 51 51 51 51 51 51 51 51 51   	DB	"OQQQQQQQQQQQQQ$@"
       0000010F 51 51 51 51 24 40 
   495 00000115 4F 24 24 24 24 24 24 24 24 24   	DB	"O$$$$$$$$$$$$$$@"
       0000011F 24 24 24 24 24 40 
   496 00000125 40 40 40 40 40 40 40 40 40 40   	DB	"@@@@@@@@@@@@@@@@"
       0000012F 40 40 40 40 40 40 
   497                                          [SECTION .text]
   498 000005BA                                 	GLOBAL	_make_window8
   499 000005BA                                 _make_window8:
   500 000005BA 55                              	PUSH	EBP
   501 000005BB 89 E5                           	MOV	EBP,ESP
   502 000005BD 57                              	PUSH	EDI
   503 000005BE 56                              	PUSH	ESI
   504 000005BF 53                              	PUSH	EBX
   505 000005C0 83 EC 14                        	SUB	ESP,20
   506 000005C3 8B 5D 0C                        	MOV	EBX,DWORD [12+EBP]
   507 000005C6 6A 00                           	PUSH	0
   508 000005C8 8D 43 FF                        	LEA	EAX,DWORD [-1+EBX]
   509 000005CB 8D 7B FE                        	LEA	EDI,DWORD [-2+EBX]
   510 000005CE 50                              	PUSH	EAX
   511 000005CF 89 45 EC                        	MOV	DWORD [-20+EBP],EAX
   512 000005D2 6A 00                           	PUSH	0
   513 000005D4 6A 00                           	PUSH	0
   514 000005D6 6A 08                           	PUSH	8
   515 000005D8 53                              	PUSH	EBX
   516 000005D9 FF 75 08                        	PUSH	DWORD [8+EBP]
   517 000005DC E8 [00000000]                   	CALL	_boxfill8
   518 000005E1 6A 01                           	PUSH	1
   519 000005E3 57                              	PUSH	EDI
   520 000005E4 6A 01                           	PUSH	1
   521 000005E6 6A 01                           	PUSH	1
   522 000005E8 6A 07                           	PUSH	7
   523 000005EA 53                              	PUSH	EBX
   524 000005EB FF 75 08                        	PUSH	DWORD [8+EBP]
   525 000005EE E8 [00000000]                   	CALL	_boxfill8
   526 000005F3 8B 55 10                        	MOV	EDX,DWORD [16+EBP]
   527 000005F6 83 C4 38                        	ADD	ESP,56
   528 000005F9 4A                              	DEC	EDX
   529 000005FA 89 55 E8                        	MOV	DWORD [-24+EBP],EDX
   530 000005FD 52                              	PUSH	EDX
   531 000005FE 6A 00                           	PUSH	0
   532 00000600 6A 00                           	PUSH	0
   533 00000602 6A 00                           	PUSH	0
   534 00000604 6A 08                           	PUSH	8
   535 00000606 53                              	PUSH	EBX
   536 00000607 FF 75 08                        	PUSH	DWORD [8+EBP]
   537 0000060A E8 [00000000]                   	CALL	_boxfill8
   538 0000060F 8B 75 10                        	MOV	ESI,DWORD [16+EBP]
   539 00000612 83 EE 02                        	SUB	ESI,2
   540 00000615 56                              	PUSH	ESI
   541 00000616 6A 01                           	PUSH	1
   542 00000618 6A 01                           	PUSH	1
   543 0000061A 6A 01                           	PUSH	1
   544 0000061C 6A 07                           	PUSH	7
   545 0000061E 53                              	PUSH	EBX
   546 0000061F FF 75 08                        	PUSH	DWORD [8+EBP]
   547 00000622 E8 [00000000]                   	CALL	_boxfill8
   548 00000627 83 C4 38                        	ADD	ESP,56
   549 0000062A 56                              	PUSH	ESI
   550 0000062B 57                              	PUSH	EDI
   551 0000062C 6A 01                           	PUSH	1
   552 0000062E 57                              	PUSH	EDI
   553 0000062F 6A 0F                           	PUSH	15
   554 00000631 53                              	PUSH	EBX
   555 00000632 FF 75 08                        	PUSH	DWORD [8+EBP]
   556 00000635 E8 [00000000]                   	CALL	_boxfill8
   557 0000063A FF 75 E8                        	PUSH	DWORD [-24+EBP]
   558 0000063D FF 75 EC                        	PUSH	DWORD [-20+EBP]
   559 00000640 6A 00                           	PUSH	0
   560 00000642 FF 75 EC                        	PUSH	DWORD [-20+EBP]
   561 00000645 6A 00                           	PUSH	0
   562 00000647 53                              	PUSH	EBX
   563 00000648 FF 75 08                        	PUSH	DWORD [8+EBP]
   564 0000064B E8 [00000000]                   	CALL	_boxfill8
   565 00000650 8B 45 10                        	MOV	EAX,DWORD [16+EBP]
   566 00000653 83 C4 38                        	ADD	ESP,56
   567 00000656 83 E8 03                        	SUB	EAX,3
   568 00000659 50                              	PUSH	EAX
   569 0000065A 8D 43 FD                        	LEA	EAX,DWORD [-3+EBX]
   570 0000065D 50                              	PUSH	EAX
   571 0000065E 6A 02                           	PUSH	2
   572 00000660 6A 02                           	PUSH	2
   573 00000662 6A 08                           	PUSH	8
   574 00000664 53                              	PUSH	EBX
   575 00000665 FF 75 08                        	PUSH	DWORD [8+EBP]
   576 00000668 E8 [00000000]                   	CALL	_boxfill8
   577 0000066D 8D 43 FC                        	LEA	EAX,DWORD [-4+EBX]
   578 00000670 6A 14                           	PUSH	20
   579 00000672 50                              	PUSH	EAX
   580 00000673 6A 03                           	PUSH	3
   581 00000675 6A 03                           	PUSH	3
   582 00000677 6A 0C                           	PUSH	12
   583 00000679 53                              	PUSH	EBX
   584 0000067A FF 75 08                        	PUSH	DWORD [8+EBP]
   585 0000067D E8 [00000000]                   	CALL	_boxfill8
   586 00000682 83 C4 38                        	ADD	ESP,56
   587 00000685 56                              	PUSH	ESI
   588 00000686 57                              	PUSH	EDI
   589 00000687 56                              	PUSH	ESI
   590 00000688 6A 01                           	PUSH	1
   591 0000068A 6A 0F                           	PUSH	15
   592 0000068C 53                              	PUSH	EBX
   593 0000068D FF 75 08                        	PUSH	DWORD [8+EBP]
   594 00000690 E8 [00000000]                   	CALL	_boxfill8
   595 00000695 FF 75 E8                        	PUSH	DWORD [-24+EBP]
   596 00000698 FF 75 EC                        	PUSH	DWORD [-20+EBP]
   597 0000069B FF 75 E8                        	PUSH	DWORD [-24+EBP]
   598 0000069E 6A 00                           	PUSH	0
   599 000006A0 6A 00                           	PUSH	0
   600 000006A2 6B F3 05                        	IMUL	ESI,EBX,5
   601 000006A5 53                              	PUSH	EBX
   602 000006A6 FF 75 08                        	PUSH	DWORD [8+EBP]
   603 000006A9 E8 [00000000]                   	CALL	_boxfill8
   604 000006AE 83 C4 38                        	ADD	ESP,56
   605 000006B1 FF 75 14                        	PUSH	DWORD [20+EBP]
   606 000006B4 6A 07                           	PUSH	7
   607 000006B6 6A 04                           	PUSH	4
   608 000006B8 6A 18                           	PUSH	24
   609 000006BA 53                              	PUSH	EBX
   610 000006BB FF 75 08                        	PUSH	DWORD [8+EBP]
   611 000006BE E8 [00000000]                   	CALL	_putfonts8_asc
   612 000006C3 83 C4 18                        	ADD	ESP,24
   613 000006C6 C7 45 F0 00000000               	MOV	DWORD [-16+EBP],0
   614 000006CD C7 45 E0 00000000               	MOV	DWORD [-32+EBP],0
   615 000006D4                                 L53:
   616 000006D4 8D 04 1E                        	LEA	EAX,DWORD [ESI+EBX*1]
   617 000006D7 8B 55 08                        	MOV	EDX,DWORD [8+EBP]
   618 000006DA 31 FF                           	XOR	EDI,EDI
   619 000006DC 8D 4C 02 EB                     	LEA	ECX,DWORD [-21+EDX+EAX*1]
   620 000006E0                                 L52:
   621 000006E0 8B 45 E0                        	MOV	EAX,DWORD [-32+EBP]
   622 000006E3 8A 94 07 [00000055]             	MOV	DL,BYTE [_closebtn.0+EDI+EAX*1]
   623 000006EA 80 FA 40                        	CMP	DL,64
   624 000006ED 74 33                           	JE	L58
   625 000006EF 80 FA 24                        	CMP	DL,36
   626 000006F2 74 2A                           	JE	L59
   627 000006F4 80 FA 51                        	CMP	DL,81
   628 000006F7 B2 08                           	MOV	DL,8
   629 000006F9 0F 95 C0                        	SETNE	AL
   630 000006FC 28 C2                           	SUB	DL,AL
   631 000006FE                                 L47:
   632 000006FE 47                              	INC	EDI
   633 000006FF 88 11                           	MOV	BYTE [ECX],DL
   634 00000701 41                              	INC	ECX
   635 00000702 83 FF 0F                        	CMP	EDI,15
   636 00000705 7E D9                           	JLE	L52
   637 00000707 FF 45 F0                        	INC	DWORD [-16+EBP]
   638 0000070A 01 DE                           	ADD	ESI,EBX
   639 0000070C 83 45 E0 10                     	ADD	DWORD [-32+EBP],16
   640 00000710 83 7D F0 0D                     	CMP	DWORD [-16+EBP],13
   641 00000714 7E BE                           	JLE	L53
   642 00000716 8D 65 F4                        	LEA	ESP,DWORD [-12+EBP]
   643 00000719 5B                              	POP	EBX
   644 0000071A 5E                              	POP	ESI
   645 0000071B 5F                              	POP	EDI
   646 0000071C 5D                              	POP	EBP
   647 0000071D C3                              	RET
   648 0000071E                                 L59:
   649 0000071E B2 0F                           	MOV	DL,15
   650 00000720 EB DC                           	JMP	L47
   651 00000722                                 L58:
   652 00000722 31 D2                           	XOR	EDX,EDX
   653 00000724 EB D8                           	JMP	L47
   654 00000726                                 	GLOBAL	_putfonts8_asc_sht
   655 00000726                                 _putfonts8_asc_sht:
   656 00000726 55                              	PUSH	EBP
   657 00000727 89 E5                           	MOV	EBP,ESP
   658 00000729 57                              	PUSH	EDI
   659 0000072A 56                              	PUSH	ESI
   660 0000072B 53                              	PUSH	EBX
   661 0000072C 83 EC 0C                        	SUB	ESP,12
   662 0000072F 8B 45 08                        	MOV	EAX,DWORD [8+EBP]
   663 00000732 8B 7D 10                        	MOV	EDI,DWORD [16+EBP]
   664 00000735 89 45 F0                        	MOV	DWORD [-16+EBP],EAX
   665 00000738 8B 5D 14                        	MOV	EBX,DWORD [20+EBP]
   666 0000073B 8B 45 0C                        	MOV	EAX,DWORD [12+EBP]
   667 0000073E 89 45 EC                        	MOV	DWORD [-20+EBP],EAX
   668 00000741 8B 45 1C                        	MOV	EAX,DWORD [28+EBP]
   669 00000744 89 45 E8                        	MOV	DWORD [-24+EBP],EAX
   670 00000747 8D 47 0F                        	LEA	EAX,DWORD [15+EDI]
   671 0000074A 50                              	PUSH	EAX
   672 0000074B 8B 45 EC                        	MOV	EAX,DWORD [-20+EBP]
   673 0000074E 8B 75 20                        	MOV	ESI,DWORD [32+EBP]
   674 00000751 0F BE DB                        	MOVSX	EBX,BL
   675 00000754 8D 34 F0                        	LEA	ESI,DWORD [EAX+ESI*8]
   676 00000757 8D 46 FF                        	LEA	EAX,DWORD [-1+ESI]
   677 0000075A 50                              	PUSH	EAX
   678 0000075B 57                              	PUSH	EDI
   679 0000075C FF 75 EC                        	PUSH	DWORD [-20+EBP]
   680 0000075F 0F B6 45 18                     	MOVZX	EAX,BYTE [24+EBP]
   681 00000763 50                              	PUSH	EAX
   682 00000764 8B 45 F0                        	MOV	EAX,DWORD [-16+EBP]
   683 00000767 FF 70 04                        	PUSH	DWORD [4+EAX]
   684 0000076A FF 30                           	PUSH	DWORD [EAX]
   685 0000076C E8 [00000000]                   	CALL	_boxfill8
   686 00000771 FF 75 E8                        	PUSH	DWORD [-24+EBP]
   687 00000774 53                              	PUSH	EBX
   688 00000775 57                              	PUSH	EDI
   689 00000776 FF 75 EC                        	PUSH	DWORD [-20+EBP]
   690 00000779 8B 45 F0                        	MOV	EAX,DWORD [-16+EBP]
   691 0000077C FF 70 04                        	PUSH	DWORD [4+EAX]
   692 0000077F FF 30                           	PUSH	DWORD [EAX]
   693 00000781 E8 [00000000]                   	CALL	_putfonts8_asc
   694 00000786 89 7D 10                        	MOV	DWORD [16+EBP],EDI
   695 00000789 8D 47 10                        	LEA	EAX,DWORD [16+EDI]
   696 0000078C 89 75 14                        	MOV	DWORD [20+EBP],ESI
   697 0000078F 89 45 18                        	MOV	DWORD [24+EBP],EAX
   698 00000792 83 C4 34                        	ADD	ESP,52
   699 00000795 8B 45 EC                        	MOV	EAX,DWORD [-20+EBP]
   700 00000798 89 45 0C                        	MOV	DWORD [12+EBP],EAX
   701 0000079B 8B 45 F0                        	MOV	EAX,DWORD [-16+EBP]
   702 0000079E 89 45 08                        	MOV	DWORD [8+EBP],EAX
   703 000007A1 8D 65 F4                        	LEA	ESP,DWORD [-12+EBP]
   704 000007A4 5B                              	POP	EBX
   705 000007A5 5E                              	POP	ESI
   706 000007A6 5F                              	POP	EDI
   707 000007A7 5D                              	POP	EBP
   708 000007A8 E9 [00000000]                   	JMP	_sheet_refresh
   709 000007AD                                 	GLOBAL	_set490
   710 000007AD                                 _set490:
   711 000007AD 55                              	PUSH	EBP
   712 000007AE 89 E5                           	MOV	EBP,ESP
   713 000007B0 57                              	PUSH	EDI
   714 000007B1 56                              	PUSH	ESI
   715 000007B2 53                              	PUSH	EBX
   716 000007B3 83 7D 0C 00                     	CMP	DWORD [12+EBP],0
   717 000007B7 74 34                           	JE	L61
   718 000007B9 31 F6                           	XOR	ESI,ESI
   719 000007BB BF 19BFCC00                     	MOV	EDI,432000000
   720 000007C0                                 L67:
   721 000007C0 E8 [00000000]                   	CALL	_timer_alloc
   722 000007C5 89 C3                           	MOV	EBX,EAX
   723 000007C7 8D 86 00000400                  	LEA	EAX,DWORD [1024+ESI]
   724 000007CD 50                              	PUSH	EAX
   725 000007CE 46                              	INC	ESI
   726 000007CF FF 75 08                        	PUSH	DWORD [8+EBP]
   727 000007D2 53                              	PUSH	EBX
   728 000007D3 E8 [00000000]                   	CALL	_timer_init
   729 000007D8 57                              	PUSH	EDI
   730 000007D9 53                              	PUSH	EBX
   731 000007DA 83 C7 64                        	ADD	EDI,100
   732 000007DD E8 [00000000]                   	CALL	_timer_settime
   733 000007E2 83 C4 14                        	ADD	ESP,20
   734 000007E5 81 FE 000001E9                  	CMP	ESI,489
   735 000007EB 7E D3                           	JLE	L67
   736 000007ED                                 L61:
   737 000007ED 8D 65 F4                        	LEA	ESP,DWORD [-12+EBP]
   738 000007F0 5B                              	POP	EBX
   739 000007F1 5E                              	POP	ESI
   740 000007F2 5F                              	POP	EDI
   741 000007F3 5D                              	POP	EBP
   742 000007F4 C3                              	RET
