     1 00000000                                 [FORMAT "WCOFF"]
     2 00000000                                 [INSTRSET "i486p"]
     3 00000000                                 [OPTIMIZE 1]
     4 00000000                                 [OPTION 1]
     5 00000000                                 [BITS 32]
     6 00000000                                 	EXTERN	_init_gdtidt
     7 00000000                                 	EXTERN	_init_pic
     8 00000000                                 	EXTERN	_io_sti
     9 00000000                                 	EXTERN	_keyfifo
    10 00000000                                 	EXTERN	_fifo8_init
    11 00000000                                 	EXTERN	_mousefifo
    12 00000000                                 	EXTERN	_init_pit
    13 00000000                                 	EXTERN	_io_out8
    14 00000000                                 	EXTERN	_init_keyboard
    15 00000000                                 	EXTERN	_enable_mouse
    16 00000000                                 	EXTERN	_memtest
    17 00000000                                 	EXTERN	_memman_init
    18 00000000                                 	EXTERN	_memman_free
    19 00000000                                 	EXTERN	_init_palette
    20 00000000                                 	EXTERN	_shtctl_init
    21 00000000                                 	EXTERN	_sheet_alloc
    22 00000000                                 	EXTERN	_memman_alloc_4k
    23 00000000                                 	EXTERN	_sheet_setbuf
    24 00000000                                 	EXTERN	_init_screen8
    25 00000000                                 	EXTERN	_init_mouse_cursor8
    26 00000000                                 	EXTERN	_sheet_slide
    27 00000000                                 	EXTERN	_sheet_updown
    28 00000000                                 	EXTERN	_sprintf
    29 00000000                                 	EXTERN	_putfonts8_asc
    30 00000000                                 	EXTERN	_memman_total
    31 00000000                                 	EXTERN	_sheet_refresh
    32 00000000                                 	EXTERN	_timerctl
    33 00000000                                 	EXTERN	_boxfill8
    34 00000000                                 	EXTERN	_io_cli
    35 00000000                                 	EXTERN	_fifo8_status
    36 00000000                                 	EXTERN	_fifo8_get
    37 00000000                                 	EXTERN	_mouse_decode
    38 00000000                                 [FILE "bootpack.c"]
    39                                          [SECTION .data]
    40 00000000                                 LC0:
    41 00000000 43 6F 75 6E 74 65 72 00         	DB	"Counter",0x00
    42 00000008                                 LC1:
    43 00000008 28 25 33 64 2C 20 25 33 64 29   	DB	"(%3d, %3d)",0x00
       00000012 00 
    44 00000013                                 LC2:
    45 00000013 6D 65 6D 6F 72 79 20 25 64 4D   	DB	"memory %dMB   free : %dKB",0x00
       0000001D 42 20 20 20 66 72 65 65 20 3A 
       00000027 20 25 64 4B 42 00 
    46 0000002D                                 LC3:
    47 0000002D 25 30 31 30 64 00               	DB	"%010d",0x00
    48 00000033                                 LC5:
    49 00000033 5B 6C 63 72 20 25 34 64 20 25   	DB	"[lcr %4d %4d]",0x00
       0000003D 34 64 5D 00 
    50 00000041                                 LC4:
    51 00000041 25 30 32 58 00                  	DB	"%02X",0x00
    52                                          [SECTION .text]
    53 00000000                                 	GLOBAL	_HariMain
    54 00000000                                 _HariMain:
    55 00000000 55                              	PUSH	EBP
    56 00000001 89 E5                           	MOV	EBP,ESP
    57 00000003 57                              	PUSH	EDI
    58 00000004 56                              	PUSH	ESI
    59 00000005 53                              	PUSH	EBX
    60 00000006 81 EC 00000200                  	SUB	ESP,512
    61 0000000C E8 [00000000]                   	CALL	_init_gdtidt
    62 00000011 E8 [00000000]                   	CALL	_init_pic
    63 00000016 E8 [00000000]                   	CALL	_io_sti
    64 0000001B 8D 45 A4                        	LEA	EAX,DWORD [-92+EBP]
    65 0000001E 50                              	PUSH	EAX
    66 0000001F 6A 20                           	PUSH	32
    67 00000021 68 [00000000]                   	PUSH	_keyfifo
    68 00000026 E8 [00000000]                   	CALL	_fifo8_init
    69 0000002B 8D 85 FFFFFF24                  	LEA	EAX,DWORD [-220+EBP]
    70 00000031 50                              	PUSH	EAX
    71 00000032 68 00000080                     	PUSH	128
    72 00000037 68 [00000000]                   	PUSH	_mousefifo
    73 0000003C E8 [00000000]                   	CALL	_fifo8_init
    74 00000041 E8 [00000000]                   	CALL	_init_pit
    75 00000046 68 000000F8                     	PUSH	248
    76 0000004B 6A 21                           	PUSH	33
    77 0000004D E8 [00000000]                   	CALL	_io_out8
    78 00000052 83 C4 20                        	ADD	ESP,32
    79 00000055 68 000000EF                     	PUSH	239
    80 0000005A 68 000000A1                     	PUSH	161
    81 0000005F E8 [00000000]                   	CALL	_io_out8
    82 00000064 E8 [00000000]                   	CALL	_init_keyboard
    83 00000069 8D 85 FFFFFF14                  	LEA	EAX,DWORD [-236+EBP]
    84 0000006F 50                              	PUSH	EAX
    85 00000070 E8 [00000000]                   	CALL	_enable_mouse
    86 00000075 68 BFFFFFFF                     	PUSH	-1073741825
    87 0000007A 68 00400000                     	PUSH	4194304
    88 0000007F E8 [00000000]                   	CALL	_memtest
    89 00000084 68 003C0000                     	PUSH	3932160
    90 00000089 89 85 FFFFFE10                  	MOV	DWORD [-496+EBP],EAX
    91 0000008F E8 [00000000]                   	CALL	_memman_init
    92 00000094 68 0009E000                     	PUSH	647168
    93 00000099 68 00001000                     	PUSH	4096
    94 0000009E 68 003C0000                     	PUSH	3932160
    95 000000A3 E8 [00000000]                   	CALL	_memman_free
    96 000000A8 8B 85 FFFFFE10                  	MOV	EAX,DWORD [-496+EBP]
    97 000000AE 83 C4 24                        	ADD	ESP,36
    98 000000B1 2D 00400000                     	SUB	EAX,4194304
    99 000000B6 50                              	PUSH	EAX
   100 000000B7 68 00400000                     	PUSH	4194304
   101 000000BC 68 003C0000                     	PUSH	3932160
   102 000000C1 E8 [00000000]                   	CALL	_memman_free
   103 000000C6 E8 [00000000]                   	CALL	_init_palette
   104 000000CB 0F BF 05 00000FF6               	MOVSX	EAX,WORD [4086]
   105 000000D2 50                              	PUSH	EAX
   106 000000D3 0F BF 05 00000FF4               	MOVSX	EAX,WORD [4084]
   107 000000DA 50                              	PUSH	EAX
   108 000000DB FF 35 00000FF8                  	PUSH	DWORD [4088]
   109 000000E1 68 003C0000                     	PUSH	3932160
   110 000000E6 E8 [00000000]                   	CALL	_shtctl_init
   111 000000EB 89 C3                           	MOV	EBX,EAX
   112 000000ED 50                              	PUSH	EAX
   113 000000EE E8 [00000000]                   	CALL	_sheet_alloc
   114 000000F3 83 C4 20                        	ADD	ESP,32
   115 000000F6 53                              	PUSH	EBX
   116 000000F7 89 85 FFFFFE0C                  	MOV	DWORD [-500+EBP],EAX
   117 000000FD E8 [00000000]                   	CALL	_sheet_alloc
   118 00000102 53                              	PUSH	EBX
   119 00000103 8D 9D FFFFFE14                  	LEA	EBX,DWORD [-492+EBP]
   120 00000109 89 85 FFFFFE08                  	MOV	DWORD [-504+EBP],EAX
   121 0000010F E8 [00000000]                   	CALL	_sheet_alloc
   122 00000114 0F BF 15 00000FF6               	MOVSX	EDX,WORD [4086]
   123 0000011B 89 85 FFFFFE04                  	MOV	DWORD [-508+EBP],EAX
   124 00000121 0F BF 05 00000FF4               	MOVSX	EAX,WORD [4084]
   125 00000128 0F AF C2                        	IMUL	EAX,EDX
   126 0000012B 50                              	PUSH	EAX
   127 0000012C 68 003C0000                     	PUSH	3932160
   128 00000131 E8 [00000000]                   	CALL	_memman_alloc_4k
   129 00000136 68 00002080                     	PUSH	8320
   130 0000013B 68 003C0000                     	PUSH	3932160
   131 00000140 89 85 FFFFFE00                  	MOV	DWORD [-512+EBP],EAX
   132 00000146 E8 [00000000]                   	CALL	_memman_alloc_4k
   133 0000014B 6A FF                           	PUSH	-1
   134 0000014D 89 85 FFFFFDFC                  	MOV	DWORD [-516+EBP],EAX
   135 00000153 0F BF 05 00000FF6               	MOVSX	EAX,WORD [4086]
   136 0000015A 50                              	PUSH	EAX
   137 0000015B 0F BF 05 00000FF4               	MOVSX	EAX,WORD [4084]
   138 00000162 50                              	PUSH	EAX
   139 00000163 FF B5 FFFFFE00                  	PUSH	DWORD [-512+EBP]
   140 00000169 FF B5 FFFFFE0C                  	PUSH	DWORD [-500+EBP]
   141 0000016F E8 [00000000]                   	CALL	_sheet_setbuf
   142 00000174 83 C4 2C                        	ADD	ESP,44
   143 00000177 6A 63                           	PUSH	99
   144 00000179 6A 10                           	PUSH	16
   145 0000017B 6A 10                           	PUSH	16
   146 0000017D 53                              	PUSH	EBX
   147 0000017E FF B5 FFFFFE08                  	PUSH	DWORD [-504+EBP]
   148 00000184 E8 [00000000]                   	CALL	_sheet_setbuf
   149 00000189 6A FF                           	PUSH	-1
   150 0000018B 6A 44                           	PUSH	68
   151 0000018D 68 000000A0                     	PUSH	160
   152 00000192 FF B5 FFFFFDFC                  	PUSH	DWORD [-516+EBP]
   153 00000198 FF B5 FFFFFE04                  	PUSH	DWORD [-508+EBP]
   154 0000019E E8 [00000000]                   	CALL	_sheet_setbuf
   155 000001A3 83 C4 28                        	ADD	ESP,40
   156 000001A6 0F BF 05 00000FF6               	MOVSX	EAX,WORD [4086]
   157 000001AD 50                              	PUSH	EAX
   158 000001AE 0F BF 05 00000FF4               	MOVSX	EAX,WORD [4084]
   159 000001B5 50                              	PUSH	EAX
   160 000001B6 FF B5 FFFFFE00                  	PUSH	DWORD [-512+EBP]
   161 000001BC E8 [00000000]                   	CALL	_init_screen8
   162 000001C1 6A 63                           	PUSH	99
   163 000001C3 53                              	PUSH	EBX
   164 000001C4 BB 00000002                     	MOV	EBX,2
   165 000001C9 E8 [00000000]                   	CALL	_init_mouse_cursor8
   166 000001CE 68 [00000000]                   	PUSH	LC0
   167 000001D3 6A 44                           	PUSH	68
   168 000001D5 68 000000A0                     	PUSH	160
   169 000001DA FF B5 FFFFFDFC                  	PUSH	DWORD [-516+EBP]
   170 000001E0 E8 0000039C                     	CALL	_make_windows
   171 000001E5 83 C4 24                        	ADD	ESP,36
   172 000001E8 6A 00                           	PUSH	0
   173 000001EA 6A 00                           	PUSH	0
   174 000001EC FF B5 FFFFFE0C                  	PUSH	DWORD [-500+EBP]
   175 000001F2 E8 [00000000]                   	CALL	_sheet_slide
   176 000001F7 0F BF 05 00000FF4               	MOVSX	EAX,WORD [4084]
   177 000001FE 8D 48 F0                        	LEA	ECX,DWORD [-16+EAX]
   178 00000201 89 C8                           	MOV	EAX,ECX
   179 00000203 99                              	CDQ
   180 00000204 F7 FB                           	IDIV	EBX
   181 00000206 89 C6                           	MOV	ESI,EAX
   182 00000208 0F BF 05 00000FF6               	MOVSX	EAX,WORD [4086]
   183 0000020F 8D 48 D4                        	LEA	ECX,DWORD [-44+EAX]
   184 00000212 89 C8                           	MOV	EAX,ECX
   185 00000214 99                              	CDQ
   186 00000215 F7 FB                           	IDIV	EBX
   187 00000217 50                              	PUSH	EAX
   188 00000218 89 C7                           	MOV	EDI,EAX
   189 0000021A 56                              	PUSH	ESI
   190 0000021B 8D 5D C4                        	LEA	EBX,DWORD [-60+EBP]
   191 0000021E FF B5 FFFFFE08                  	PUSH	DWORD [-504+EBP]
   192 00000224 E8 [00000000]                   	CALL	_sheet_slide
   193 00000229 6A 48                           	PUSH	72
   194 0000022B 6A 50                           	PUSH	80
   195 0000022D FF B5 FFFFFE04                  	PUSH	DWORD [-508+EBP]
   196 00000233 E8 [00000000]                   	CALL	_sheet_slide
   197 00000238 83 C4 24                        	ADD	ESP,36
   198 0000023B 6A 00                           	PUSH	0
   199 0000023D FF B5 FFFFFE0C                  	PUSH	DWORD [-500+EBP]
   200 00000243 E8 [00000000]                   	CALL	_sheet_updown
   201 00000248 6A 01                           	PUSH	1
   202 0000024A FF B5 FFFFFE04                  	PUSH	DWORD [-508+EBP]
   203 00000250 E8 [00000000]                   	CALL	_sheet_updown
   204 00000255 6A 02                           	PUSH	2
   205 00000257 FF B5 FFFFFE08                  	PUSH	DWORD [-504+EBP]
   206 0000025D E8 [00000000]                   	CALL	_sheet_updown
   207 00000262 57                              	PUSH	EDI
   208 00000263 56                              	PUSH	ESI
   209 00000264 68 [00000008]                   	PUSH	LC1
   210 00000269 53                              	PUSH	EBX
   211 0000026A E8 [00000000]                   	CALL	_sprintf
   212 0000026F 83 C4 28                        	ADD	ESP,40
   213 00000272 53                              	PUSH	EBX
   214 00000273 6A 07                           	PUSH	7
   215 00000275 6A 00                           	PUSH	0
   216 00000277 6A 00                           	PUSH	0
   217 00000279 0F BF 05 00000FF4               	MOVSX	EAX,WORD [4084]
   218 00000280 50                              	PUSH	EAX
   219 00000281 FF B5 FFFFFE00                  	PUSH	DWORD [-512+EBP]
   220 00000287 E8 [00000000]                   	CALL	_putfonts8_asc
   221 0000028C 68 003C0000                     	PUSH	3932160
   222 00000291 E8 [00000000]                   	CALL	_memman_total
   223 00000296 C1 AD FFFFFE10 14               	SHR	DWORD [-496+EBP],20
   224 0000029D C1 E8 0A                        	SHR	EAX,10
   225 000002A0 89 04 24                        	MOV	DWORD [ESP],EAX
   226 000002A3 FF B5 FFFFFE10                  	PUSH	DWORD [-496+EBP]
   227 000002A9 68 [00000013]                   	PUSH	LC2
   228 000002AE 53                              	PUSH	EBX
   229 000002AF E8 [00000000]                   	CALL	_sprintf
   230 000002B4 83 C4 28                        	ADD	ESP,40
   231 000002B7 53                              	PUSH	EBX
   232 000002B8 6A 07                           	PUSH	7
   233 000002BA 6A 20                           	PUSH	32
   234 000002BC 6A 00                           	PUSH	0
   235 000002BE 0F BF 05 00000FF4               	MOVSX	EAX,WORD [4084]
   236 000002C5 50                              	PUSH	EAX
   237 000002C6 FF B5 FFFFFE00                  	PUSH	DWORD [-512+EBP]
   238 000002CC E8 [00000000]                   	CALL	_putfonts8_asc
   239 000002D1 6A 30                           	PUSH	48
   240 000002D3 0F BF 05 00000FF4               	MOVSX	EAX,WORD [4084]
   241 000002DA 50                              	PUSH	EAX
   242 000002DB 6A 00                           	PUSH	0
   243 000002DD                                 L18:
   244 000002DD 6A 00                           	PUSH	0
   245 000002DF FF B5 FFFFFE0C                  	PUSH	DWORD [-500+EBP]
   246 000002E5 E8 [00000000]                   	CALL	_sheet_refresh
   247 000002EA 83 C4 2C                        	ADD	ESP,44
   248 000002ED                                 L2:
   249 000002ED FF 35 [00000000]                	PUSH	DWORD [_timerctl]
   250 000002F3 68 [0000002D]                   	PUSH	LC3
   251 000002F8 8D 5D C4                        	LEA	EBX,DWORD [-60+EBP]
   252 000002FB 53                              	PUSH	EBX
   253 000002FC E8 [00000000]                   	CALL	_sprintf
   254 00000301 6A 2B                           	PUSH	43
   255 00000303 6A 77                           	PUSH	119
   256 00000305 6A 1C                           	PUSH	28
   257 00000307 6A 28                           	PUSH	40
   258 00000309 6A 08                           	PUSH	8
   259 0000030B 68 000000A0                     	PUSH	160
   260 00000310 FF B5 FFFFFDFC                  	PUSH	DWORD [-516+EBP]
   261 00000316 E8 [00000000]                   	CALL	_boxfill8
   262 0000031B 83 C4 28                        	ADD	ESP,40
   263 0000031E 53                              	PUSH	EBX
   264 0000031F 6A 00                           	PUSH	0
   265 00000321 6A 1C                           	PUSH	28
   266 00000323 6A 28                           	PUSH	40
   267 00000325 68 000000A0                     	PUSH	160
   268 0000032A FF B5 FFFFFDFC                  	PUSH	DWORD [-516+EBP]
   269 00000330 E8 [00000000]                   	CALL	_putfonts8_asc
   270 00000335 6A 2C                           	PUSH	44
   271 00000337 6A 78                           	PUSH	120
   272 00000339 6A 1C                           	PUSH	28
   273 0000033B 6A 28                           	PUSH	40
   274 0000033D FF B5 FFFFFE04                  	PUSH	DWORD [-508+EBP]
   275 00000343 E8 [00000000]                   	CALL	_sheet_refresh
   276 00000348 83 C4 2C                        	ADD	ESP,44
   277 0000034B E8 [00000000]                   	CALL	_io_cli
   278 00000350 68 [00000000]                   	PUSH	_keyfifo
   279 00000355 E8 [00000000]                   	CALL	_fifo8_status
   280 0000035A 5A                              	POP	EDX
   281 0000035B 85 C0                           	TEST	EAX,EAX
   282 0000035D 75 13                           	JNE	L5
   283 0000035F 68 [00000000]                   	PUSH	_mousefifo
   284 00000364 E8 [00000000]                   	CALL	_fifo8_status
   285 00000369 5B                              	POP	EBX
   286 0000036A 85 C0                           	TEST	EAX,EAX
   287 0000036C 0F 84 00000205                  	JE	L19
   288 00000372                                 L5:
   289 00000372 68 [00000000]                   	PUSH	_keyfifo
   290 00000377 E8 [00000000]                   	CALL	_fifo8_status
   291 0000037C 59                              	POP	ECX
   292 0000037D 85 C0                           	TEST	EAX,EAX
   293 0000037F 0F 85 0000018D                  	JNE	L20
   294 00000385 68 [00000000]                   	PUSH	_mousefifo
   295 0000038A E8 [00000000]                   	CALL	_fifo8_status
   296 0000038F 5A                              	POP	EDX
   297 00000390 85 C0                           	TEST	EAX,EAX
   298 00000392 0F 84 FFFFFF55                  	JE	L2
   299 00000398 68 [00000000]                   	PUSH	_mousefifo
   300 0000039D E8 [00000000]                   	CALL	_fifo8_get
   301 000003A2 89 C3                           	MOV	EBX,EAX
   302 000003A4 E8 [00000000]                   	CALL	_io_sti
   303 000003A9 0F B6 C3                        	MOVZX	EAX,BL
   304 000003AC 50                              	PUSH	EAX
   305 000003AD 8D 85 FFFFFF14                  	LEA	EAX,DWORD [-236+EBP]
   306 000003B3 50                              	PUSH	EAX
   307 000003B4 E8 [00000000]                   	CALL	_mouse_decode
   308 000003B9 83 C4 0C                        	ADD	ESP,12
   309 000003BC 85 C0                           	TEST	EAX,EAX
   310 000003BE 0F 84 FFFFFF29                  	JE	L2
   311 000003C4 FF B5 FFFFFF1C                  	PUSH	DWORD [-228+EBP]
   312 000003CA FF B5 FFFFFF18                  	PUSH	DWORD [-232+EBP]
   313 000003D0 68 [00000033]                   	PUSH	LC5
   314 000003D5 8D 5D C4                        	LEA	EBX,DWORD [-60+EBP]
   315 000003D8 53                              	PUSH	EBX
   316 000003D9 E8 [00000000]                   	CALL	_sprintf
   317 000003DE 83 C4 10                        	ADD	ESP,16
   318 000003E1 8B 85 FFFFFF20                  	MOV	EAX,DWORD [-224+EBP]
   319 000003E7 A9 00000001                     	TEST	EAX,1
   320 000003EC 74 04                           	JE	L11
   321 000003EE C6 45 C5 4C                     	MOV	BYTE [-59+EBP],76
   322 000003F2                                 L11:
   323 000003F2 A9 00000002                     	TEST	EAX,2
   324 000003F7 74 04                           	JE	L12
   325 000003F9 C6 45 C7 52                     	MOV	BYTE [-57+EBP],82
   326 000003FD                                 L12:
   327 000003FD 83 E0 04                        	AND	EAX,4
   328 00000400 74 04                           	JE	L13
   329 00000402 C6 45 C6 43                     	MOV	BYTE [-58+EBP],67
   330 00000406                                 L13:
   331 00000406 6A 1F                           	PUSH	31
   332 00000408 68 00000097                     	PUSH	151
   333 0000040D 6A 10                           	PUSH	16
   334 0000040F 6A 20                           	PUSH	32
   335 00000411 6A 0E                           	PUSH	14
   336 00000413 0F BF 05 00000FF4               	MOVSX	EAX,WORD [4084]
   337 0000041A 50                              	PUSH	EAX
   338 0000041B FF B5 FFFFFE00                  	PUSH	DWORD [-512+EBP]
   339 00000421 E8 [00000000]                   	CALL	_boxfill8
   340 00000426 53                              	PUSH	EBX
   341 00000427 6A 07                           	PUSH	7
   342 00000429 6A 10                           	PUSH	16
   343 0000042B 6A 20                           	PUSH	32
   344 0000042D 0F BF 05 00000FF4               	MOVSX	EAX,WORD [4084]
   345 00000434 50                              	PUSH	EAX
   346 00000435 FF B5 FFFFFE00                  	PUSH	DWORD [-512+EBP]
   347 0000043B E8 [00000000]                   	CALL	_putfonts8_asc
   348 00000440 83 C4 34                        	ADD	ESP,52
   349 00000443 6A 20                           	PUSH	32
   350 00000445 68 00000098                     	PUSH	152
   351 0000044A 6A 10                           	PUSH	16
   352 0000044C 6A 20                           	PUSH	32
   353 0000044E FF B5 FFFFFE0C                  	PUSH	DWORD [-500+EBP]
   354 00000454 E8 [00000000]                   	CALL	_sheet_refresh
   355 00000459 83 C4 14                        	ADD	ESP,20
   356 0000045C 03 BD FFFFFF1C                  	ADD	EDI,DWORD [-228+EBP]
   357 00000462 03 B5 FFFFFF18                  	ADD	ESI,DWORD [-232+EBP]
   358 00000468 0F 88 0000009D                  	JS	L21
   359 0000046E                                 L14:
   360 0000046E 85 FF                           	TEST	EDI,EDI
   361 00000470 0F 88 0000008E                  	JS	L22
   362 00000476                                 L15:
   363 00000476 0F BF 05 00000FF4               	MOVSX	EAX,WORD [4084]
   364 0000047D 48                              	DEC	EAX
   365 0000047E 39 C6                           	CMP	ESI,EAX
   366 00000480 7E 02                           	JLE	L16
   367 00000482 89 C6                           	MOV	ESI,EAX
   368 00000484                                 L16:
   369 00000484 0F BF 05 00000FF6               	MOVSX	EAX,WORD [4086]
   370 0000048B 48                              	DEC	EAX
   371 0000048C 39 C7                           	CMP	EDI,EAX
   372 0000048E 7E 02                           	JLE	L17
   373 00000490 89 C7                           	MOV	EDI,EAX
   374 00000492                                 L17:
   375 00000492 57                              	PUSH	EDI
   376 00000493 56                              	PUSH	ESI
   377 00000494 68 [00000008]                   	PUSH	LC1
   378 00000499 53                              	PUSH	EBX
   379 0000049A E8 [00000000]                   	CALL	_sprintf
   380 0000049F 6A 0F                           	PUSH	15
   381 000004A1 6A 4F                           	PUSH	79
   382 000004A3 6A 00                           	PUSH	0
   383 000004A5 6A 00                           	PUSH	0
   384 000004A7 6A 0E                           	PUSH	14
   385 000004A9 0F BF 05 00000FF4               	MOVSX	EAX,WORD [4084]
   386 000004B0 50                              	PUSH	EAX
   387 000004B1 FF B5 FFFFFE00                  	PUSH	DWORD [-512+EBP]
   388 000004B7 E8 [00000000]                   	CALL	_boxfill8
   389 000004BC 83 C4 2C                        	ADD	ESP,44
   390 000004BF 53                              	PUSH	EBX
   391 000004C0 6A 07                           	PUSH	7
   392 000004C2 6A 00                           	PUSH	0
   393 000004C4 6A 00                           	PUSH	0
   394 000004C6 0F BF 05 00000FF4               	MOVSX	EAX,WORD [4084]
   395 000004CD 50                              	PUSH	EAX
   396 000004CE FF B5 FFFFFE00                  	PUSH	DWORD [-512+EBP]
   397 000004D4 E8 [00000000]                   	CALL	_putfonts8_asc
   398 000004D9 6A 10                           	PUSH	16
   399 000004DB 6A 50                           	PUSH	80
   400 000004DD 6A 00                           	PUSH	0
   401 000004DF 6A 00                           	PUSH	0
   402 000004E1 FF B5 FFFFFE0C                  	PUSH	DWORD [-500+EBP]
   403 000004E7 E8 [00000000]                   	CALL	_sheet_refresh
   404 000004EC 83 C4 2C                        	ADD	ESP,44
   405 000004EF 57                              	PUSH	EDI
   406 000004F0 56                              	PUSH	ESI
   407 000004F1 FF B5 FFFFFE08                  	PUSH	DWORD [-504+EBP]
   408 000004F7 E8 [00000000]                   	CALL	_sheet_slide
   409 000004FC 83 C4 0C                        	ADD	ESP,12
   410 000004FF E9 FFFFFDE9                     	JMP	L2
   411 00000504                                 L22:
   412 00000504 31 FF                           	XOR	EDI,EDI
   413 00000506 E9 FFFFFF6B                     	JMP	L15
   414 0000050B                                 L21:
   415 0000050B 31 F6                           	XOR	ESI,ESI
   416 0000050D E9 FFFFFF5C                     	JMP	L14
   417 00000512                                 L20:
   418 00000512 68 [00000000]                   	PUSH	_keyfifo
   419 00000517 E8 [00000000]                   	CALL	_fifo8_get
   420 0000051C 89 C3                           	MOV	EBX,EAX
   421 0000051E E8 [00000000]                   	CALL	_io_sti
   422 00000523 53                              	PUSH	EBX
   423 00000524 8D 5D C4                        	LEA	EBX,DWORD [-60+EBP]
   424 00000527 68 [00000041]                   	PUSH	LC4
   425 0000052C 53                              	PUSH	EBX
   426 0000052D E8 [00000000]                   	CALL	_sprintf
   427 00000532 6A 1F                           	PUSH	31
   428 00000534 6A 0F                           	PUSH	15
   429 00000536 6A 10                           	PUSH	16
   430 00000538 6A 00                           	PUSH	0
   431 0000053A 6A 0E                           	PUSH	14
   432 0000053C 0F BF 05 00000FF4               	MOVSX	EAX,WORD [4084]
   433 00000543 50                              	PUSH	EAX
   434 00000544 FF B5 FFFFFE00                  	PUSH	DWORD [-512+EBP]
   435 0000054A E8 [00000000]                   	CALL	_boxfill8
   436 0000054F 83 C4 2C                        	ADD	ESP,44
   437 00000552 53                              	PUSH	EBX
   438 00000553 6A 07                           	PUSH	7
   439 00000555 6A 10                           	PUSH	16
   440 00000557 6A 00                           	PUSH	0
   441 00000559 0F BF 05 00000FF4               	MOVSX	EAX,WORD [4084]
   442 00000560 50                              	PUSH	EAX
   443 00000561 FF B5 FFFFFE00                  	PUSH	DWORD [-512+EBP]
   444 00000567 E8 [00000000]                   	CALL	_putfonts8_asc
   445 0000056C 6A 20                           	PUSH	32
   446 0000056E 6A 10                           	PUSH	16
   447 00000570 6A 10                           	PUSH	16
   448 00000572 E9 FFFFFD66                     	JMP	L18
   449 00000577                                 L19:
   450 00000577 E8 [00000000]                   	CALL	_io_sti
   451 0000057C E9 FFFFFD6C                     	JMP	L2
   452                                          [SECTION .data]
   453 00000046                                 _closebtn.0:
   454 00000046 4F 4F 4F 4F 4F 4F 4F 4F 4F 4F   	DB	"OOOOOOOOOOOOOOO@"
       00000050 4F 4F 4F 4F 4F 40 
   455 00000056 4F 51 51 51 51 51 51 51 51 51   	DB	"OQQQQQQQQQQQQQ$@"
       00000060 51 51 51 51 24 40 
   456 00000066 4F 51 51 51 51 51 51 51 51 51   	DB	"OQQQQQQQQQQQQQ$@"
       00000070 51 51 51 51 24 40 
   457 00000076 4F 51 51 51 40 40 51 51 51 51   	DB	"OQQQ@@QQQQ@@QQ$@"
       00000080 40 40 51 51 24 40 
   458 00000086 4F 51 51 51 51 40 40 51 51 40   	DB	"OQQQQ@@QQ@@QQQ$@"
       00000090 40 51 51 51 24 40 
   459 00000096 4F 51 51 51 51 51 40 40 40 40   	DB	"OQQQQQ@@@@QQQQ$@"
       000000A0 51 51 51 51 24 40 
   460 000000A6 4F 51 51 51 51 51 51 40 40 51   	DB	"OQQQQQQ@@QQQQQ$@"
       000000B0 51 51 51 51 24 40 
   461 000000B6 4F 51 51 51 51 51 40 40 40 40   	DB	"OQQQQQ@@@@QQQQ$@"
       000000C0 51 51 51 51 24 40 
   462 000000C6 4F 51 51 51 51 40 40 51 51 40   	DB	"OQQQQ@@QQ@@QQQ$@"
       000000D0 40 51 51 51 24 40 
   463 000000D6 4F 51 51 51 40 40 51 51 51 51   	DB	"OQQQ@@QQQQ@@QQ$@"
       000000E0 40 40 51 51 24 40 
   464 000000E6 4F 51 51 51 51 51 51 51 51 51   	DB	"OQQQQQQQQQQQQQ$@"
       000000F0 51 51 51 51 24 40 
   465 000000F6 4F 51 51 51 51 51 51 51 51 51   	DB	"OQQQQQQQQQQQQQ$@"
       00000100 51 51 51 51 24 40 
   466 00000106 4F 24 24 24 24 24 24 24 24 24   	DB	"O$$$$$$$$$$$$$$@"
       00000110 24 24 24 24 24 40 
   467 00000116 40 40 40 40 40 40 40 40 40 40   	DB	"@@@@@@@@@@@@@@@@"
       00000120 40 40 40 40 40 40 
   468                                          [SECTION .text]
   469 00000581                                 	GLOBAL	_make_windows
   470 00000581                                 _make_windows:
   471 00000581 55                              	PUSH	EBP
   472 00000582 89 E5                           	MOV	EBP,ESP
   473 00000584 57                              	PUSH	EDI
   474 00000585 56                              	PUSH	ESI
   475 00000586 53                              	PUSH	EBX
   476 00000587 83 EC 14                        	SUB	ESP,20
   477 0000058A 8B 5D 0C                        	MOV	EBX,DWORD [12+EBP]
   478 0000058D 6A 00                           	PUSH	0
   479 0000058F 8D 43 FF                        	LEA	EAX,DWORD [-1+EBX]
   480 00000592 8D 7B FE                        	LEA	EDI,DWORD [-2+EBX]
   481 00000595 50                              	PUSH	EAX
   482 00000596 89 45 EC                        	MOV	DWORD [-20+EBP],EAX
   483 00000599 6A 00                           	PUSH	0
   484 0000059B 6A 00                           	PUSH	0
   485 0000059D 6A 08                           	PUSH	8
   486 0000059F 53                              	PUSH	EBX
   487 000005A0 FF 75 08                        	PUSH	DWORD [8+EBP]
   488 000005A3 E8 [00000000]                   	CALL	_boxfill8
   489 000005A8 6A 01                           	PUSH	1
   490 000005AA 57                              	PUSH	EDI
   491 000005AB 6A 01                           	PUSH	1
   492 000005AD 6A 01                           	PUSH	1
   493 000005AF 6A 07                           	PUSH	7
   494 000005B1 53                              	PUSH	EBX
   495 000005B2 FF 75 08                        	PUSH	DWORD [8+EBP]
   496 000005B5 E8 [00000000]                   	CALL	_boxfill8
   497 000005BA 8B 55 10                        	MOV	EDX,DWORD [16+EBP]
   498 000005BD 83 C4 38                        	ADD	ESP,56
   499 000005C0 4A                              	DEC	EDX
   500 000005C1 89 55 E8                        	MOV	DWORD [-24+EBP],EDX
   501 000005C4 52                              	PUSH	EDX
   502 000005C5 6A 00                           	PUSH	0
   503 000005C7 6A 00                           	PUSH	0
   504 000005C9 6A 00                           	PUSH	0
   505 000005CB 6A 08                           	PUSH	8
   506 000005CD 53                              	PUSH	EBX
   507 000005CE FF 75 08                        	PUSH	DWORD [8+EBP]
   508 000005D1 E8 [00000000]                   	CALL	_boxfill8
   509 000005D6 8B 75 10                        	MOV	ESI,DWORD [16+EBP]
   510 000005D9 83 EE 02                        	SUB	ESI,2
   511 000005DC 56                              	PUSH	ESI
   512 000005DD 6A 01                           	PUSH	1
   513 000005DF 6A 01                           	PUSH	1
   514 000005E1 6A 01                           	PUSH	1
   515 000005E3 6A 07                           	PUSH	7
   516 000005E5 53                              	PUSH	EBX
   517 000005E6 FF 75 08                        	PUSH	DWORD [8+EBP]
   518 000005E9 E8 [00000000]                   	CALL	_boxfill8
   519 000005EE 83 C4 38                        	ADD	ESP,56
   520 000005F1 56                              	PUSH	ESI
   521 000005F2 57                              	PUSH	EDI
   522 000005F3 6A 01                           	PUSH	1
   523 000005F5 57                              	PUSH	EDI
   524 000005F6 6A 0F                           	PUSH	15
   525 000005F8 53                              	PUSH	EBX
   526 000005F9 FF 75 08                        	PUSH	DWORD [8+EBP]
   527 000005FC E8 [00000000]                   	CALL	_boxfill8
   528 00000601 FF 75 E8                        	PUSH	DWORD [-24+EBP]
   529 00000604 FF 75 EC                        	PUSH	DWORD [-20+EBP]
   530 00000607 6A 00                           	PUSH	0
   531 00000609 FF 75 EC                        	PUSH	DWORD [-20+EBP]
   532 0000060C 6A 00                           	PUSH	0
   533 0000060E 53                              	PUSH	EBX
   534 0000060F FF 75 08                        	PUSH	DWORD [8+EBP]
   535 00000612 E8 [00000000]                   	CALL	_boxfill8
   536 00000617 8B 45 10                        	MOV	EAX,DWORD [16+EBP]
   537 0000061A 83 C4 38                        	ADD	ESP,56
   538 0000061D 83 E8 03                        	SUB	EAX,3
   539 00000620 50                              	PUSH	EAX
   540 00000621 8D 43 FD                        	LEA	EAX,DWORD [-3+EBX]
   541 00000624 50                              	PUSH	EAX
   542 00000625 6A 02                           	PUSH	2
   543 00000627 6A 02                           	PUSH	2
   544 00000629 6A 08                           	PUSH	8
   545 0000062B 53                              	PUSH	EBX
   546 0000062C FF 75 08                        	PUSH	DWORD [8+EBP]
   547 0000062F E8 [00000000]                   	CALL	_boxfill8
   548 00000634 8D 43 FC                        	LEA	EAX,DWORD [-4+EBX]
   549 00000637 6A 14                           	PUSH	20
   550 00000639 50                              	PUSH	EAX
   551 0000063A 6A 03                           	PUSH	3
   552 0000063C 6A 03                           	PUSH	3
   553 0000063E 6A 0C                           	PUSH	12
   554 00000640 53                              	PUSH	EBX
   555 00000641 FF 75 08                        	PUSH	DWORD [8+EBP]
   556 00000644 E8 [00000000]                   	CALL	_boxfill8
   557 00000649 83 C4 38                        	ADD	ESP,56
   558 0000064C 56                              	PUSH	ESI
   559 0000064D 57                              	PUSH	EDI
   560 0000064E 56                              	PUSH	ESI
   561 0000064F 6A 01                           	PUSH	1
   562 00000651 6A 0F                           	PUSH	15
   563 00000653 53                              	PUSH	EBX
   564 00000654 FF 75 08                        	PUSH	DWORD [8+EBP]
   565 00000657 E8 [00000000]                   	CALL	_boxfill8
   566 0000065C FF 75 E8                        	PUSH	DWORD [-24+EBP]
   567 0000065F FF 75 EC                        	PUSH	DWORD [-20+EBP]
   568 00000662 FF 75 E8                        	PUSH	DWORD [-24+EBP]
   569 00000665 6A 00                           	PUSH	0
   570 00000667 6A 00                           	PUSH	0
   571 00000669 6B F3 05                        	IMUL	ESI,EBX,5
   572 0000066C 53                              	PUSH	EBX
   573 0000066D FF 75 08                        	PUSH	DWORD [8+EBP]
   574 00000670 E8 [00000000]                   	CALL	_boxfill8
   575 00000675 83 C4 38                        	ADD	ESP,56
   576 00000678 FF 75 14                        	PUSH	DWORD [20+EBP]
   577 0000067B 6A 07                           	PUSH	7
   578 0000067D 6A 04                           	PUSH	4
   579 0000067F 6A 18                           	PUSH	24
   580 00000681 53                              	PUSH	EBX
   581 00000682 FF 75 08                        	PUSH	DWORD [8+EBP]
   582 00000685 E8 [00000000]                   	CALL	_putfonts8_asc
   583 0000068A 83 C4 18                        	ADD	ESP,24
   584 0000068D C7 45 F0 00000000               	MOV	DWORD [-16+EBP],0
   585 00000694 C7 45 E0 00000000               	MOV	DWORD [-32+EBP],0
   586 0000069B                                 L39:
   587 0000069B 8D 04 1E                        	LEA	EAX,DWORD [ESI+EBX*1]
   588 0000069E 8B 55 08                        	MOV	EDX,DWORD [8+EBP]
   589 000006A1 31 FF                           	XOR	EDI,EDI
   590 000006A3 8D 4C 02 EB                     	LEA	ECX,DWORD [-21+EDX+EAX*1]
   591 000006A7                                 L38:
   592 000006A7 8B 45 E0                        	MOV	EAX,DWORD [-32+EBP]
   593 000006AA 8A 94 07 [00000046]             	MOV	DL,BYTE [_closebtn.0+EDI+EAX*1]
   594 000006B1 80 FA 40                        	CMP	DL,64
   595 000006B4 74 33                           	JE	L44
   596 000006B6 80 FA 24                        	CMP	DL,36
   597 000006B9 74 2A                           	JE	L45
   598 000006BB 80 FA 51                        	CMP	DL,81
   599 000006BE B2 08                           	MOV	DL,8
   600 000006C0 0F 95 C0                        	SETNE	AL
   601 000006C3 28 C2                           	SUB	DL,AL
   602 000006C5                                 L33:
   603 000006C5 47                              	INC	EDI
   604 000006C6 88 11                           	MOV	BYTE [ECX],DL
   605 000006C8 41                              	INC	ECX
   606 000006C9 83 FF 0F                        	CMP	EDI,15
   607 000006CC 7E D9                           	JLE	L38
   608 000006CE FF 45 F0                        	INC	DWORD [-16+EBP]
   609 000006D1 01 DE                           	ADD	ESI,EBX
   610 000006D3 83 45 E0 10                     	ADD	DWORD [-32+EBP],16
   611 000006D7 83 7D F0 0D                     	CMP	DWORD [-16+EBP],13
   612 000006DB 7E BE                           	JLE	L39
   613 000006DD 8D 65 F4                        	LEA	ESP,DWORD [-12+EBP]
   614 000006E0 5B                              	POP	EBX
   615 000006E1 5E                              	POP	ESI
   616 000006E2 5F                              	POP	EDI
   617 000006E3 5D                              	POP	EBP
   618 000006E4 C3                              	RET
   619 000006E5                                 L45:
   620 000006E5 B2 0F                           	MOV	DL,15
   621 000006E7 EB DC                           	JMP	L33
   622 000006E9                                 L44:
   623 000006E9 31 D2                           	XOR	EDX,EDX
   624 000006EB EB D8                           	JMP	L33
