     1 00000000                                 [FORMAT "WCOFF"]
     2 00000000                                 [INSTRSET "i486p"]
     3 00000000                                 [OPTIMIZE 1]
     4 00000000                                 [OPTION 1]
     5 00000000                                 [BITS 32]
     6 00000000                                 	EXTERN	_init_gdtidt
     7 00000000                                 	EXTERN	_init_pic
     8 00000000                                 	EXTERN	_io_sti
     9 00000000                                 	EXTERN	_fifo32_init
    10 00000000                                 	EXTERN	_init_pit
    11 00000000                                 	EXTERN	_init_keyboard
    12 00000000                                 	EXTERN	_enable_mouse
    13 00000000                                 	EXTERN	_io_out8
    14 00000000                                 	EXTERN	_timer_alloc
    15 00000000                                 	EXTERN	_timer_init
    16 00000000                                 	EXTERN	_timer_settime
    17 00000000                                 	EXTERN	_memtest
    18 00000000                                 	EXTERN	_memman_init
    19 00000000                                 	EXTERN	_memman_free
    20 00000000                                 	EXTERN	_init_palette
    21 00000000                                 	EXTERN	_shtctl_init
    22 00000000                                 	EXTERN	_sheet_alloc
    23 00000000                                 	EXTERN	_memman_alloc_4k
    24 00000000                                 	EXTERN	_sheet_setbuf
    25 00000000                                 	EXTERN	_init_screen8
    26 00000000                                 	EXTERN	_init_mouse_cursor8
    27 00000000                                 	EXTERN	_sheet_slide
    28 00000000                                 	EXTERN	_sheet_updown
    29 00000000                                 	EXTERN	_sprintf
    30 00000000                                 	EXTERN	_memman_total
    31 00000000                                 	EXTERN	_set_segmdesc
    32 00000000                                 	EXTERN	_load_tr
    33 00000000                                 	EXTERN	_io_cli
    34 00000000                                 	EXTERN	_fifo32_status
    35 00000000                                 	EXTERN	_fifo32_get
    36 00000000                                 	EXTERN	_boxfill8
    37 00000000                                 	EXTERN	_sheet_refresh
    38 00000000                                 	EXTERN	_mouse_decode
    39 00000000                                 	EXTERN	_keytable.0
    40 00000000                                 	EXTERN	_farjmp
    41 00000000                                 	EXTERN	_io_stihlt
    42 00000000                                 	EXTERN	_putfonts8_asc
    43 00000000                                 [FILE "bootpack.c"]
    44                                          [SECTION .data]
    45 00000000                                 _keytable.0:
    46 00000000 00                              	DB	0
    47 00000001 00                              	DB	0
    48 00000002 31                              	DB	49
    49 00000003 32                              	DB	50
    50 00000004 33                              	DB	51
    51 00000005 34                              	DB	52
    52 00000006 35                              	DB	53
    53 00000007 36                              	DB	54
    54 00000008 37                              	DB	55
    55 00000009 38                              	DB	56
    56 0000000A 39                              	DB	57
    57 0000000B 30                              	DB	48
    58 0000000C 2D                              	DB	45
    59 0000000D 5E                              	DB	94
    60 0000000E 00                              	DB	0
    61 0000000F 00                              	DB	0
    62 00000010 51                              	DB	81
    63 00000011 57                              	DB	87
    64 00000012 45                              	DB	69
    65 00000013 52                              	DB	82
    66 00000014 54                              	DB	84
    67 00000015 59                              	DB	89
    68 00000016 55                              	DB	85
    69 00000017 49                              	DB	73
    70 00000018 4F                              	DB	79
    71 00000019 50                              	DB	80
    72 0000001A 40                              	DB	64
    73 0000001B 5B                              	DB	91
    74 0000001C 00                              	DB	0
    75 0000001D 00                              	DB	0
    76 0000001E 41                              	DB	65
    77 0000001F 53                              	DB	83
    78 00000020 44                              	DB	68
    79 00000021 46                              	DB	70
    80 00000022 47                              	DB	71
    81 00000023 48                              	DB	72
    82 00000024 4A                              	DB	74
    83 00000025 4B                              	DB	75
    84 00000026 4C                              	DB	76
    85 00000027 3B                              	DB	59
    86 00000028 3A                              	DB	58
    87 00000029 00                              	DB	0
    88 0000002A 00                              	DB	0
    89 0000002B 5D                              	DB	93
    90 0000002C 5A                              	DB	90
    91 0000002D 58                              	DB	88
    92 0000002E 43                              	DB	67
    93 0000002F 56                              	DB	86
    94 00000030 42                              	DB	66
    95 00000031 4E                              	DB	78
    96 00000032 4D                              	DB	77
    97 00000033 2C                              	DB	44
    98 00000034 2E                              	DB	46
    99 00000035 2F                              	DB	47
   100 00000036 00                              	DB	0
   101 00000037 2A                              	DB	42
   102 00000038 00                              	DB	0
   103 00000039 20                              	DB	32
   104 0000003A 00                              	DB	0
   105 0000003B 00                              	DB	0
   106 0000003C 00                              	DB	0
   107 0000003D 00                              	DB	0
   108 0000003E 00                              	DB	0
   109 0000003F 00                              	DB	0
   110 00000040 00                              	DB	0
   111 00000041 00                              	DB	0
   112 00000042 00                              	DB	0
   113 00000043 00                              	DB	0
   114 00000044 00                              	DB	0
   115 00000045 00                              	DB	0
   116 00000046 00                              	DB	0
   117 00000047 37                              	DB	55
   118 00000048 38                              	DB	56
   119 00000049 39                              	DB	57
   120 0000004A 2D                              	DB	45
   121 0000004B 34                              	DB	52
   122 0000004C 35                              	DB	53
   123 0000004D 36                              	DB	54
   124 0000004E 2B                              	DB	43
   125 0000004F 31                              	DB	49
   126 00000050 32                              	DB	50
   127 00000051 33                              	DB	51
   128 00000052 30                              	DB	48
   129 00000053 2E                              	DB	46
   130 00000054                                 LC0:
   131 00000054 43 6F 75 6E 74 65 72 00         	DB	"Counter",0x00
   132 0000005C                                 LC1:
   133 0000005C 28 25 33 64 2C 20 25 33 64 29   	DB	"(%3d, %3d)",0x00
       00000066 00 
   134 00000067                                 LC2:
   135 00000067 6D 65 6D 6F 72 79 20 25 64 4D   	DB	"memory %dMB   free : %dKB",0x00
       00000071 42 20 20 20 66 72 65 65 20 3A 
       0000007B 20 25 64 4B 42 00 
   136 00000081                                 LC7:
   137 00000081 33 5B 73 65 63 5D 00            	DB	"3[sec]",0x00
   138 00000088                                 LC6:
   139 00000088 31 30 5B 73 65 63 5D 00         	DB	"10[sec]",0x00
   140 00000090                                 LC5:
   141 00000090 5B 6C 63 72 20 25 34 64 20 25   	DB	"[lcr %4d %4d]",0x00
       0000009A 34 64 5D 00 
   142 0000009E                                 LC3:
   143 0000009E 25 30 32 58 00                  	DB	"%02X",0x00
   144 000000A3                                 LC4:
   145 000000A3 20 00                           	DB	" ",0x00
   146                                          [SECTION .text]
   147 00000000                                 	GLOBAL	_HariMain
   148 00000000                                 _HariMain:
   149 00000000 55                              	PUSH	EBP
   150 00000001 89 E5                           	MOV	EBP,ESP
   151 00000003 57                              	PUSH	EDI
   152 00000004 56                              	PUSH	ESI
   153 00000005 53                              	PUSH	EBX
   154 00000006 8D B5 FFFFFCE4                  	LEA	ESI,DWORD [-796+EBP]
   155 0000000C 81 EC 0000061C                  	SUB	ESP,1564
   156 00000012 E8 [00000000]                   	CALL	_init_gdtidt
   157 00000017 E8 [00000000]                   	CALL	_init_pic
   158 0000001C E8 [00000000]                   	CALL	_io_sti
   159 00000021 8D 85 FFFFFAE4                  	LEA	EAX,DWORD [-1308+EBP]
   160 00000027 50                              	PUSH	EAX
   161 00000028 68 00000080                     	PUSH	128
   162 0000002D 56                              	PUSH	ESI
   163 0000002E E8 [00000000]                   	CALL	_fifo32_init
   164 00000033 E8 [00000000]                   	CALL	_init_pit
   165 00000038 68 00000100                     	PUSH	256
   166 0000003D 56                              	PUSH	ESI
   167 0000003E E8 [00000000]                   	CALL	_init_keyboard
   168 00000043 8D 85 FFFFFE04                  	LEA	EAX,DWORD [-508+EBP]
   169 00000049 50                              	PUSH	EAX
   170 0000004A 68 00000200                     	PUSH	512
   171 0000004F 56                              	PUSH	ESI
   172 00000050 E8 [00000000]                   	CALL	_enable_mouse
   173 00000055 83 C4 20                        	ADD	ESP,32
   174 00000058 68 000000F8                     	PUSH	248
   175 0000005D 6A 21                           	PUSH	33
   176 0000005F E8 [00000000]                   	CALL	_io_out8
   177 00000064 68 000000EF                     	PUSH	239
   178 00000069 68 000000A1                     	PUSH	161
   179 0000006E E8 [00000000]                   	CALL	_io_out8
   180 00000073 E8 [00000000]                   	CALL	_timer_alloc
   181 00000078 6A 0A                           	PUSH	10
   182 0000007A 56                              	PUSH	ESI
   183 0000007B 89 C3                           	MOV	EBX,EAX
   184 0000007D 50                              	PUSH	EAX
   185 0000007E E8 [00000000]                   	CALL	_timer_init
   186 00000083 68 000003E8                     	PUSH	1000
   187 00000088 53                              	PUSH	EBX
   188 00000089 E8 [00000000]                   	CALL	_timer_settime
   189 0000008E 83 C4 24                        	ADD	ESP,36
   190 00000091 E8 [00000000]                   	CALL	_timer_alloc
   191 00000096 6A 03                           	PUSH	3
   192 00000098 89 C3                           	MOV	EBX,EAX
   193 0000009A 56                              	PUSH	ESI
   194 0000009B 50                              	PUSH	EAX
   195 0000009C E8 [00000000]                   	CALL	_timer_init
   196 000000A1 68 0000012C                     	PUSH	300
   197 000000A6 53                              	PUSH	EBX
   198 000000A7 E8 [00000000]                   	CALL	_timer_settime
   199 000000AC E8 [00000000]                   	CALL	_timer_alloc
   200 000000B1 6A 01                           	PUSH	1
   201 000000B3 56                              	PUSH	ESI
   202 000000B4 50                              	PUSH	EAX
   203 000000B5 89 85 FFFFF9EC                  	MOV	DWORD [-1556+EBP],EAX
   204 000000BB E8 [00000000]                   	CALL	_timer_init
   205 000000C0 83 C4 20                        	ADD	ESP,32
   206 000000C3 6A 32                           	PUSH	50
   207 000000C5 FF B5 FFFFF9EC                  	PUSH	DWORD [-1556+EBP]
   208 000000CB E8 [00000000]                   	CALL	_timer_settime
   209 000000D0 E8 [00000000]                   	CALL	_timer_alloc
   210 000000D5 6A 02                           	PUSH	2
   211 000000D7 56                              	PUSH	ESI
   212 000000D8 50                              	PUSH	EAX
   213 000000D9 89 85 FFFFF9E8                  	MOV	DWORD [-1560+EBP],EAX
   214 000000DF E8 [00000000]                   	CALL	_timer_init
   215 000000E4 6A 02                           	PUSH	2
   216 000000E6 FF B5 FFFFF9E8                  	PUSH	DWORD [-1560+EBP]
   217 000000EC E8 [00000000]                   	CALL	_timer_settime
   218 000000F1 68 BFFFFFFF                     	PUSH	-1073741825
   219 000000F6 68 00400000                     	PUSH	4194304
   220 000000FB E8 [00000000]                   	CALL	_memtest
   221 00000100 83 C4 24                        	ADD	ESP,36
   222 00000103 68 003C0000                     	PUSH	3932160
   223 00000108 89 85 FFFFF9FC                  	MOV	DWORD [-1540+EBP],EAX
   224 0000010E E8 [00000000]                   	CALL	_memman_init
   225 00000113 68 0009E000                     	PUSH	647168
   226 00000118 68 00001000                     	PUSH	4096
   227 0000011D 68 003C0000                     	PUSH	3932160
   228 00000122 E8 [00000000]                   	CALL	_memman_free
   229 00000127 8B 85 FFFFF9FC                  	MOV	EAX,DWORD [-1540+EBP]
   230 0000012D 2D 00400000                     	SUB	EAX,4194304
   231 00000132 50                              	PUSH	EAX
   232 00000133 68 00400000                     	PUSH	4194304
   233 00000138 68 003C0000                     	PUSH	3932160
   234 0000013D E8 [00000000]                   	CALL	_memman_free
   235 00000142 E8 [00000000]                   	CALL	_init_palette
   236 00000147 0F BF 05 00000FF6               	MOVSX	EAX,WORD [4086]
   237 0000014E 50                              	PUSH	EAX
   238 0000014F 0F BF 05 00000FF4               	MOVSX	EAX,WORD [4084]
   239 00000156 50                              	PUSH	EAX
   240 00000157 FF 35 00000FF8                  	PUSH	DWORD [4088]
   241 0000015D 68 003C0000                     	PUSH	3932160
   242 00000162 E8 [00000000]                   	CALL	_shtctl_init
   243 00000167 83 C4 2C                        	ADD	ESP,44
   244 0000016A 89 C3                           	MOV	EBX,EAX
   245 0000016C 50                              	PUSH	EAX
   246 0000016D E8 [00000000]                   	CALL	_sheet_alloc
   247 00000172 53                              	PUSH	EBX
   248 00000173 89 85 FFFFF9F8                  	MOV	DWORD [-1544+EBP],EAX
   249 00000179 E8 [00000000]                   	CALL	_sheet_alloc
   250 0000017E 53                              	PUSH	EBX
   251 0000017F 8D 9D FFFFFD04                  	LEA	EBX,DWORD [-764+EBP]
   252 00000185 89 85 FFFFF9F4                  	MOV	DWORD [-1548+EBP],EAX
   253 0000018B E8 [00000000]                   	CALL	_sheet_alloc
   254 00000190 0F BF 15 00000FF6               	MOVSX	EDX,WORD [4086]
   255 00000197 89 85 FFFFF9F0                  	MOV	DWORD [-1552+EBP],EAX
   256 0000019D 0F BF 05 00000FF4               	MOVSX	EAX,WORD [4084]
   257 000001A4 0F AF C2                        	IMUL	EAX,EDX
   258 000001A7 50                              	PUSH	EAX
   259 000001A8 68 003C0000                     	PUSH	3932160
   260 000001AD E8 [00000000]                   	CALL	_memman_alloc_4k
   261 000001B2 68 00002080                     	PUSH	8320
   262 000001B7 68 003C0000                     	PUSH	3932160
   263 000001BC 89 C6                           	MOV	ESI,EAX
   264 000001BE E8 [00000000]                   	CALL	_memman_alloc_4k
   265 000001C3 6A FF                           	PUSH	-1
   266 000001C5 89 C7                           	MOV	EDI,EAX
   267 000001C7 0F BF 05 00000FF6               	MOVSX	EAX,WORD [4086]
   268 000001CE 50                              	PUSH	EAX
   269 000001CF 0F BF 05 00000FF4               	MOVSX	EAX,WORD [4084]
   270 000001D6 50                              	PUSH	EAX
   271 000001D7 56                              	PUSH	ESI
   272 000001D8 FF B5 FFFFF9F8                  	PUSH	DWORD [-1544+EBP]
   273 000001DE E8 [00000000]                   	CALL	_sheet_setbuf
   274 000001E3 83 C4 30                        	ADD	ESP,48
   275 000001E6 6A 63                           	PUSH	99
   276 000001E8 6A 10                           	PUSH	16
   277 000001EA 6A 10                           	PUSH	16
   278 000001EC 53                              	PUSH	EBX
   279 000001ED FF B5 FFFFF9F4                  	PUSH	DWORD [-1548+EBP]
   280 000001F3 E8 [00000000]                   	CALL	_sheet_setbuf
   281 000001F8 6A FF                           	PUSH	-1
   282 000001FA 6A 44                           	PUSH	68
   283 000001FC 68 000000A0                     	PUSH	160
   284 00000201 57                              	PUSH	EDI
   285 00000202 FF B5 FFFFF9F0                  	PUSH	DWORD [-1552+EBP]
   286 00000208 E8 [00000000]                   	CALL	_sheet_setbuf
   287 0000020D 83 C4 28                        	ADD	ESP,40
   288 00000210 0F BF 05 00000FF6               	MOVSX	EAX,WORD [4086]
   289 00000217 50                              	PUSH	EAX
   290 00000218 0F BF 05 00000FF4               	MOVSX	EAX,WORD [4084]
   291 0000021F 50                              	PUSH	EAX
   292 00000220 56                              	PUSH	ESI
   293 00000221 E8 [00000000]                   	CALL	_init_screen8
   294 00000226 6A 63                           	PUSH	99
   295 00000228 53                              	PUSH	EBX
   296 00000229 BB 00000002                     	MOV	EBX,2
   297 0000022E E8 [00000000]                   	CALL	_init_mouse_cursor8
   298 00000233 68 [00000054]                   	PUSH	LC0
   299 00000238 6A 44                           	PUSH	68
   300 0000023A 68 000000A0                     	PUSH	160
   301 0000023F 57                              	PUSH	EDI
   302 00000240 E8 000005D7                     	CALL	_make_window8
   303 00000245 83 C4 24                        	ADD	ESP,36
   304 00000248 6A 07                           	PUSH	7
   305 0000024A 6A 10                           	PUSH	16
   306 0000024C 68 00000090                     	PUSH	144
   307 00000251 6A 1C                           	PUSH	28
   308 00000253 6A 08                           	PUSH	8
   309 00000255 FF B5 FFFFF9F0                  	PUSH	DWORD [-1552+EBP]
   310 0000025B E8 000007AF                     	CALL	_make_textbox8
   311 00000260 6A 00                           	PUSH	0
   312 00000262 6A 00                           	PUSH	0
   313 00000264 FF B5 FFFFF9F8                  	PUSH	DWORD [-1544+EBP]
   314 0000026A C7 85 FFFFF9E4 00000008         	MOV	DWORD [-1564+EBP],8
   315 00000274 C7 85 FFFFF9E0 00000007         	MOV	DWORD [-1568+EBP],7
   316 0000027E E8 [00000000]                   	CALL	_sheet_slide
   317 00000283 83 C4 24                        	ADD	ESP,36
   318 00000286 0F BF 05 00000FF4               	MOVSX	EAX,WORD [4084]
   319 0000028D 8D 48 F0                        	LEA	ECX,DWORD [-16+EAX]
   320 00000290 89 C8                           	MOV	EAX,ECX
   321 00000292 99                              	CDQ
   322 00000293 F7 FB                           	IDIV	EBX
   323 00000295 89 85 FFFFFA00                  	MOV	DWORD [-1536+EBP],EAX
   324 0000029B 0F BF 05 00000FF6               	MOVSX	EAX,WORD [4086]
   325 000002A2 8D 48 D4                        	LEA	ECX,DWORD [-44+EAX]
   326 000002A5 89 C8                           	MOV	EAX,ECX
   327 000002A7 99                              	CDQ
   328 000002A8 F7 FB                           	IDIV	EBX
   329 000002AA 50                              	PUSH	EAX
   330 000002AB 89 C7                           	MOV	EDI,EAX
   331 000002AD FF B5 FFFFFA00                  	PUSH	DWORD [-1536+EBP]
   332 000002B3 FF B5 FFFFF9F4                  	PUSH	DWORD [-1548+EBP]
   333 000002B9 8D 5D C4                        	LEA	EBX,DWORD [-60+EBP]
   334 000002BC E8 [00000000]                   	CALL	_sheet_slide
   335 000002C1 6A 48                           	PUSH	72
   336 000002C3 6A 50                           	PUSH	80
   337 000002C5 FF B5 FFFFF9F0                  	PUSH	DWORD [-1552+EBP]
   338 000002CB E8 [00000000]                   	CALL	_sheet_slide
   339 000002D0 6A 00                           	PUSH	0
   340 000002D2 FF B5 FFFFF9F8                  	PUSH	DWORD [-1544+EBP]
   341 000002D8 E8 [00000000]                   	CALL	_sheet_updown
   342 000002DD 83 C4 20                        	ADD	ESP,32
   343 000002E0 6A 01                           	PUSH	1
   344 000002E2 FF B5 FFFFF9F0                  	PUSH	DWORD [-1552+EBP]
   345 000002E8 E8 [00000000]                   	CALL	_sheet_updown
   346 000002ED 6A 02                           	PUSH	2
   347 000002EF FF B5 FFFFF9F4                  	PUSH	DWORD [-1548+EBP]
   348 000002F5 E8 [00000000]                   	CALL	_sheet_updown
   349 000002FA 57                              	PUSH	EDI
   350 000002FB FF B5 FFFFFA00                  	PUSH	DWORD [-1536+EBP]
   351 00000301 68 [0000005C]                   	PUSH	LC1
   352 00000306 53                              	PUSH	EBX
   353 00000307 E8 [00000000]                   	CALL	_sprintf
   354 0000030C 83 C4 20                        	ADD	ESP,32
   355 0000030F 6A 0A                           	PUSH	10
   356 00000311 53                              	PUSH	EBX
   357 00000312 6A 0E                           	PUSH	14
   358 00000314 6A 07                           	PUSH	7
   359 00000316 6A 00                           	PUSH	0
   360 00000318 6A 00                           	PUSH	0
   361 0000031A FF B5 FFFFF9F8                  	PUSH	DWORD [-1544+EBP]
   362 00000320 E8 00000663                     	CALL	_putfonts8_asc_sht
   363 00000325 68 003C0000                     	PUSH	3932160
   364 0000032A E8 [00000000]                   	CALL	_memman_total
   365 0000032F C1 AD FFFFF9FC 14               	SHR	DWORD [-1540+EBP],20
   366 00000336 C1 E8 0A                        	SHR	EAX,10
   367 00000339 89 04 24                        	MOV	DWORD [ESP],EAX
   368 0000033C FF B5 FFFFF9FC                  	PUSH	DWORD [-1540+EBP]
   369 00000342 68 [00000067]                   	PUSH	LC2
   370 00000347 53                              	PUSH	EBX
   371 00000348 E8 [00000000]                   	CALL	_sprintf
   372 0000034D 83 C4 2C                        	ADD	ESP,44
   373 00000350 6A 28                           	PUSH	40
   374 00000352 53                              	PUSH	EBX
   375 00000353 6A 0E                           	PUSH	14
   376 00000355 6A 07                           	PUSH	7
   377 00000357 6A 20                           	PUSH	32
   378 00000359 6A 00                           	PUSH	0
   379 0000035B FF B5 FFFFF9F8                  	PUSH	DWORD [-1544+EBP]
   380 00000361 E8 00000622                     	CALL	_putfonts8_asc_sht
   381 00000366 8D 85 FFFFFA74                  	LEA	EAX,DWORD [-1420+EBP]
   382 0000036C 68 00000089                     	PUSH	137
   383 00000371 50                              	PUSH	EAX
   384 00000372 6A 67                           	PUSH	103
   385 00000374 68 00270018                     	PUSH	2555928
   386 00000379 C7 85 FFFFFAD4 00000000         	MOV	DWORD [-1324+EBP],0
   387 00000383 C7 85 FFFFFAD8 40000000         	MOV	DWORD [-1320+EBP],1073741824
   388 0000038D C7 85 FFFFFA64 00000000         	MOV	DWORD [-1436+EBP],0
   389 00000397 C7 85 FFFFFA68 40000000         	MOV	DWORD [-1432+EBP],1073741824
   390 000003A1 E8 [00000000]                   	CALL	_set_segmdesc
   391 000003A6 8D 85 FFFFFA04                  	LEA	EAX,DWORD [-1532+EBP]
   392 000003AC 83 C4 2C                        	ADD	ESP,44
   393 000003AF 68 00000089                     	PUSH	137
   394 000003B4 50                              	PUSH	EAX
   395 000003B5 6A 67                           	PUSH	103
   396 000003B7 68 00270020                     	PUSH	2555936
   397 000003BC E8 [00000000]                   	CALL	_set_segmdesc
   398 000003C1 6A 18                           	PUSH	24
   399 000003C3 E8 [00000000]                   	CALL	_load_tr
   400 000003C8 68 00010000                     	PUSH	65536
   401 000003CD 68 003C0000                     	PUSH	3932160
   402 000003D2 E8 [00000000]                   	CALL	_memman_alloc_4k
   403 000003D7 8B 9D FFFFF9F8                  	MOV	EBX,DWORD [-1544+EBP]
   404 000003DD 05 00010000                     	ADD	EAX,65536
   405 000003E2 C7 85 FFFFFA24 [00000B45]       	MOV	DWORD [-1500+EBP],_task_b_main
   406 000003EC C7 85 FFFFFA28 00000202         	MOV	DWORD [-1496+EBP],514
   407 000003F6 C7 85 FFFFFA2C 00000000         	MOV	DWORD [-1492+EBP],0
   408 00000400 C7 85 FFFFFA30 00000000         	MOV	DWORD [-1488+EBP],0
   409 0000040A C7 85 FFFFFA34 00000000         	MOV	DWORD [-1484+EBP],0
   410 00000414 C7 85 FFFFFA38 00000000         	MOV	DWORD [-1480+EBP],0
   411 0000041E 89 85 FFFFFA3C                  	MOV	DWORD [-1476+EBP],EAX
   412 00000424 C7 85 FFFFFA40 00000000         	MOV	DWORD [-1472+EBP],0
   413 0000042E C7 85 FFFFFA44 00000000         	MOV	DWORD [-1468+EBP],0
   414 00000438 C7 85 FFFFFA48 00000000         	MOV	DWORD [-1464+EBP],0
   415 00000442 C7 85 FFFFFA4C 00000008         	MOV	DWORD [-1460+EBP],8
   416 0000044C C7 85 FFFFFA50 00000010         	MOV	DWORD [-1456+EBP],16
   417 00000456 C7 85 FFFFFA54 00000008         	MOV	DWORD [-1452+EBP],8
   418 00000460 C7 85 FFFFFA58 00000008         	MOV	DWORD [-1448+EBP],8
   419 0000046A C7 85 FFFFFA5C 00000008         	MOV	DWORD [-1444+EBP],8
   420 00000474 C7 85 FFFFFA60 00000008         	MOV	DWORD [-1440+EBP],8
   421 0000047E 89 1D 00000FEC                  	MOV	DWORD [4076],EBX
   422 00000484                                 L32:
   423 00000484 83 C4 1C                        	ADD	ESP,28
   424 00000487                                 L2:
   425 00000487 8D B5 FFFFFCE4                  	LEA	ESI,DWORD [-796+EBP]
   426 0000048D E8 [00000000]                   	CALL	_io_cli
   427 00000492 56                              	PUSH	ESI
   428 00000493 E8 [00000000]                   	CALL	_fifo32_status
   429 00000498 5A                              	POP	EDX
   430 00000499 85 C0                           	TEST	EAX,EAX
   431 0000049B 0F 84 00000371                  	JE	L35
   432 000004A1 56                              	PUSH	ESI
   433 000004A2 E8 [00000000]                   	CALL	_fifo32_get
   434 000004A7 89 C3                           	MOV	EBX,EAX
   435 000004A9 E8 [00000000]                   	CALL	_io_sti
   436 000004AE 58                              	POP	EAX
   437 000004AF 83 FB 02                        	CMP	EBX,2
   438 000004B2 0F 84 0000033C                  	JE	L36
   439 000004B8 8D 83 FFFFFF00                  	LEA	EAX,DWORD [-256+EBX]
   440 000004BE 3D 000000FF                     	CMP	EAX,255
   441 000004C3 0F 86 0000022B                  	JBE	L37
   442 000004C9 8D 83 FFFFFE00                  	LEA	EAX,DWORD [-512+EBX]
   443 000004CF 3D 000000FF                     	CMP	EAX,255
   444 000004D4 0F 86 000000DA                  	JBE	L38
   445 000004DA 83 FB 0A                        	CMP	EBX,10
   446 000004DD 0F 84 000000C2                  	JE	L39
   447 000004E3 83 FB 03                        	CMP	EBX,3
   448 000004E6 0F 84 0000009A                  	JE	L40
   449 000004EC 83 FB 01                        	CMP	EBX,1
   450 000004EF 7F 96                           	JG	L2
   451 000004F1 85 DB                           	TEST	EBX,EBX
   452 000004F3 74 77                           	JE	L30
   453 000004F5 6A 00                           	PUSH	0
   454 000004F7 56                              	PUSH	ESI
   455 000004F8 FF B5 FFFFF9EC                  	PUSH	DWORD [-1556+EBP]
   456 000004FE E8 [00000000]                   	CALL	_timer_init
   457 00000503 C7 85 FFFFF9E0 00000000         	MOV	DWORD [-1568+EBP],0
   458 0000050D                                 L34:
   459 0000050D 83 C4 0C                        	ADD	ESP,12
   460 00000510 6A 32                           	PUSH	50
   461 00000512 FF B5 FFFFF9EC                  	PUSH	DWORD [-1556+EBP]
   462 00000518 E8 [00000000]                   	CALL	_timer_settime
   463 0000051D 8B 9D FFFFF9F0                  	MOV	EBX,DWORD [-1552+EBP]
   464 00000523 8B 85 FFFFF9E4                  	MOV	EAX,DWORD [-1564+EBP]
   465 00000529 6A 2B                           	PUSH	43
   466 0000052B 83 C0 07                        	ADD	EAX,7
   467 0000052E 50                              	PUSH	EAX
   468 0000052F 6A 1C                           	PUSH	28
   469 00000531 FF B5 FFFFF9E4                  	PUSH	DWORD [-1564+EBP]
   470 00000537 FF B5 FFFFF9E0                  	PUSH	DWORD [-1568+EBP]
   471 0000053D FF 73 04                        	PUSH	DWORD [4+EBX]
   472 00000540 FF 33                           	PUSH	DWORD [EBX]
   473 00000542 E8 [00000000]                   	CALL	_boxfill8
   474 00000547 8B 85 FFFFF9E4                  	MOV	EAX,DWORD [-1564+EBP]
   475 0000054D 83 C4 24                        	ADD	ESP,36
   476 00000550 83 C0 08                        	ADD	EAX,8
   477 00000553 6A 2C                           	PUSH	44
   478 00000555 50                              	PUSH	EAX
   479 00000556 6A 1C                           	PUSH	28
   480 00000558 FF B5 FFFFF9E4                  	PUSH	DWORD [-1564+EBP]
   481 0000055E 53                              	PUSH	EBX
   482 0000055F E8 [00000000]                   	CALL	_sheet_refresh
   483 00000564 83 C4 14                        	ADD	ESP,20
   484 00000567 E9 FFFFFF1B                     	JMP	L2
   485 0000056C                                 L30:
   486 0000056C 6A 01                           	PUSH	1
   487 0000056E 56                              	PUSH	ESI
   488 0000056F FF B5 FFFFF9EC                  	PUSH	DWORD [-1556+EBP]
   489 00000575 E8 [00000000]                   	CALL	_timer_init
   490 0000057A C7 85 FFFFF9E0 00000007         	MOV	DWORD [-1568+EBP],7
   491 00000584 EB 87                           	JMP	L34
   492 00000586                                 L40:
   493 00000586 6A 06                           	PUSH	6
   494 00000588 68 [00000081]                   	PUSH	LC7
   495 0000058D 6A 0E                           	PUSH	14
   496 0000058F 6A 07                           	PUSH	7
   497 00000591 6A 50                           	PUSH	80
   498 00000593                                 L33:
   499 00000593 6A 00                           	PUSH	0
   500 00000595 FF B5 FFFFF9F8                  	PUSH	DWORD [-1544+EBP]
   501 0000059B E8 000003E8                     	CALL	_putfonts8_asc_sht
   502 000005A0 E9 FFFFFEDF                     	JMP	L32
   503 000005A5                                 L39:
   504 000005A5 6A 07                           	PUSH	7
   505 000005A7 68 [00000088]                   	PUSH	LC6
   506 000005AC 6A 0E                           	PUSH	14
   507 000005AE 6A 07                           	PUSH	7
   508 000005B0 6A 40                           	PUSH	64
   509 000005B2 EB DF                           	JMP	L33
   510 000005B4                                 L38:
   511 000005B4 0F B6 C3                        	MOVZX	EAX,BL
   512 000005B7 50                              	PUSH	EAX
   513 000005B8 8D 85 FFFFFE04                  	LEA	EAX,DWORD [-508+EBP]
   514 000005BE 50                              	PUSH	EAX
   515 000005BF E8 [00000000]                   	CALL	_mouse_decode
   516 000005C4 5A                              	POP	EDX
   517 000005C5 59                              	POP	ECX
   518 000005C6 85 C0                           	TEST	EAX,EAX
   519 000005C8 0F 84 FFFFFEB9                  	JE	L2
   520 000005CE FF B5 FFFFFE0C                  	PUSH	DWORD [-500+EBP]
   521 000005D4 FF B5 FFFFFE08                  	PUSH	DWORD [-504+EBP]
   522 000005DA 68 [00000090]                   	PUSH	LC5
   523 000005DF 8D 5D C4                        	LEA	EBX,DWORD [-60+EBP]
   524 000005E2 53                              	PUSH	EBX
   525 000005E3 E8 [00000000]                   	CALL	_sprintf
   526 000005E8 83 C4 10                        	ADD	ESP,16
   527 000005EB 8B 85 FFFFFE10                  	MOV	EAX,DWORD [-496+EBP]
   528 000005F1 A9 00000001                     	TEST	EAX,1
   529 000005F6 74 04                           	JE	L16
   530 000005F8 C6 45 C5 4C                     	MOV	BYTE [-59+EBP],76
   531 000005FC                                 L16:
   532 000005FC A9 00000002                     	TEST	EAX,2
   533 00000601 74 04                           	JE	L17
   534 00000603 C6 45 C7 52                     	MOV	BYTE [-57+EBP],82
   535 00000607                                 L17:
   536 00000607 83 E0 04                        	AND	EAX,4
   537 0000060A 74 04                           	JE	L18
   538 0000060C C6 45 C6 43                     	MOV	BYTE [-58+EBP],67
   539 00000610                                 L18:
   540 00000610 6A 0F                           	PUSH	15
   541 00000612 53                              	PUSH	EBX
   542 00000613 6A 0E                           	PUSH	14
   543 00000615 6A 07                           	PUSH	7
   544 00000617 6A 10                           	PUSH	16
   545 00000619 6A 20                           	PUSH	32
   546 0000061B FF B5 FFFFF9F8                  	PUSH	DWORD [-1544+EBP]
   547 00000621 E8 00000362                     	CALL	_putfonts8_asc_sht
   548 00000626 8B 95 FFFFFE08                  	MOV	EDX,DWORD [-504+EBP]
   549 0000062C 03 BD FFFFFE0C                  	ADD	EDI,DWORD [-500+EBP]
   550 00000632 83 C4 1C                        	ADD	ESP,28
   551 00000635 01 95 FFFFFA00                  	ADD	DWORD [-1536+EBP],EDX
   552 0000063B 0F 88 000000A4                  	JS	L41
   553 00000641                                 L19:
   554 00000641 85 FF                           	TEST	EDI,EDI
   555 00000643 0F 88 00000095                  	JS	L42
   556 00000649                                 L20:
   557 00000649 0F BF 05 00000FF4               	MOVSX	EAX,WORD [4084]
   558 00000650 48                              	DEC	EAX
   559 00000651 39 85 FFFFFA00                  	CMP	DWORD [-1536+EBP],EAX
   560 00000657 7E 06                           	JLE	L21
   561 00000659 89 85 FFFFFA00                  	MOV	DWORD [-1536+EBP],EAX
   562 0000065F                                 L21:
   563 0000065F 0F BF 05 00000FF6               	MOVSX	EAX,WORD [4086]
   564 00000666 48                              	DEC	EAX
   565 00000667 39 C7                           	CMP	EDI,EAX
   566 00000669 7E 02                           	JLE	L22
   567 0000066B 89 C7                           	MOV	EDI,EAX
   568 0000066D                                 L22:
   569 0000066D 57                              	PUSH	EDI
   570 0000066E FF B5 FFFFFA00                  	PUSH	DWORD [-1536+EBP]
   571 00000674 68 [0000005C]                   	PUSH	LC1
   572 00000679 53                              	PUSH	EBX
   573 0000067A E8 [00000000]                   	CALL	_sprintf
   574 0000067F 6A 0A                           	PUSH	10
   575 00000681 53                              	PUSH	EBX
   576 00000682 6A 0E                           	PUSH	14
   577 00000684 6A 07                           	PUSH	7
   578 00000686 6A 00                           	PUSH	0
   579 00000688 6A 00                           	PUSH	0
   580 0000068A FF B5 FFFFF9F8                  	PUSH	DWORD [-1544+EBP]
   581 00000690 E8 000002F3                     	CALL	_putfonts8_asc_sht
   582 00000695 83 C4 2C                        	ADD	ESP,44
   583 00000698 57                              	PUSH	EDI
   584 00000699 FF B5 FFFFFA00                  	PUSH	DWORD [-1536+EBP]
   585 0000069F FF B5 FFFFF9F4                  	PUSH	DWORD [-1548+EBP]
   586 000006A5 E8 [00000000]                   	CALL	_sheet_slide
   587 000006AA 83 C4 0C                        	ADD	ESP,12
   588 000006AD F7 85 FFFFFE10 00000001         	TEST	DWORD [-496+EBP],1
   589 000006B7 0F 84 FFFFFDCA                  	JE	L2
   590 000006BD 8D 47 B0                        	LEA	EAX,DWORD [-80+EDI]
   591 000006C0 50                              	PUSH	EAX
   592 000006C1 8B 85 FFFFFA00                  	MOV	EAX,DWORD [-1536+EBP]
   593 000006C7 83 E8 50                        	SUB	EAX,80
   594 000006CA 50                              	PUSH	EAX
   595 000006CB FF B5 FFFFF9F0                  	PUSH	DWORD [-1552+EBP]
   596 000006D1 E8 [00000000]                   	CALL	_sheet_slide
   597 000006D6 83 C4 0C                        	ADD	ESP,12
   598 000006D9 E9 FFFFFDA9                     	JMP	L2
   599 000006DE                                 L42:
   600 000006DE 31 FF                           	XOR	EDI,EDI
   601 000006E0 E9 FFFFFF64                     	JMP	L20
   602 000006E5                                 L41:
   603 000006E5 C7 85 FFFFFA00 00000000         	MOV	DWORD [-1536+EBP],0
   604 000006EF E9 FFFFFF4D                     	JMP	L19
   605 000006F4                                 L37:
   606 000006F4 50                              	PUSH	EAX
   607 000006F5 8D 75 C4                        	LEA	ESI,DWORD [-60+EBP]
   608 000006F8 68 [0000009E]                   	PUSH	LC3
   609 000006FD 56                              	PUSH	ESI
   610 000006FE E8 [00000000]                   	CALL	_sprintf
   611 00000703 6A 02                           	PUSH	2
   612 00000705 56                              	PUSH	ESI
   613 00000706 6A 0E                           	PUSH	14
   614 00000708 6A 07                           	PUSH	7
   615 0000070A 6A 10                           	PUSH	16
   616 0000070C 6A 00                           	PUSH	0
   617 0000070E FF B5 FFFFF9F8                  	PUSH	DWORD [-1544+EBP]
   618 00000714 E8 0000026F                     	CALL	_putfonts8_asc_sht
   619 00000719 83 C4 28                        	ADD	ESP,40
   620 0000071C 81 FB 00000153                  	CMP	EBX,339
   621 00000722 7F 41                           	JG	L10
   622 00000724 8A 83 [FFFFFF00]                	MOV	AL,BYTE [_keytable.0-256+EBX]
   623 0000072A 84 C0                           	TEST	AL,AL
   624 0000072C 74 37                           	JE	L10
   625 0000072E 81 BD FFFFF9E4 0000008F         	CMP	DWORD [-1564+EBP],143
   626 00000738 7F 2B                           	JG	L10
   627 0000073A 6A 01                           	PUSH	1
   628 0000073C 88 45 C4                        	MOV	BYTE [-60+EBP],AL
   629 0000073F 56                              	PUSH	ESI
   630 00000740 6A 08                           	PUSH	8
   631 00000742 6A 00                           	PUSH	0
   632 00000744 6A 1C                           	PUSH	28
   633 00000746 FF B5 FFFFF9E4                  	PUSH	DWORD [-1564+EBP]
   634 0000074C FF B5 FFFFF9F0                  	PUSH	DWORD [-1552+EBP]
   635 00000752 C6 45 C5 00                     	MOV	BYTE [-59+EBP],0
   636 00000756 E8 0000022D                     	CALL	_putfonts8_asc_sht
   637 0000075B 83 C4 1C                        	ADD	ESP,28
   638 0000075E 83 85 FFFFF9E4 08               	ADD	DWORD [-1564+EBP],8
   639 00000765                                 L10:
   640 00000765 81 FB 0000010E                  	CMP	EBX,270
   641 0000076B 74 51                           	JE	L43
   642 0000076D                                 L12:
   643 0000076D 8B 85 FFFFF9E4                  	MOV	EAX,DWORD [-1564+EBP]
   644 00000773 6A 2B                           	PUSH	43
   645 00000775 83 C0 07                        	ADD	EAX,7
   646 00000778 50                              	PUSH	EAX
   647 00000779 8B 85 FFFFF9F0                  	MOV	EAX,DWORD [-1552+EBP]
   648 0000077F 6A 1C                           	PUSH	28
   649 00000781 FF B5 FFFFF9E4                  	PUSH	DWORD [-1564+EBP]
   650 00000787 FF B5 FFFFF9E0                  	PUSH	DWORD [-1568+EBP]
   651 0000078D FF 70 04                        	PUSH	DWORD [4+EAX]
   652 00000790 FF 30                           	PUSH	DWORD [EAX]
   653 00000792 E8 [00000000]                   	CALL	_boxfill8
   654 00000797 8B 85 FFFFF9E4                  	MOV	EAX,DWORD [-1564+EBP]
   655 0000079D 6A 2C                           	PUSH	44
   656 0000079F 83 C0 08                        	ADD	EAX,8
   657 000007A2 50                              	PUSH	EAX
   658 000007A3 6A 1C                           	PUSH	28
   659 000007A5 FF B5 FFFFF9E4                  	PUSH	DWORD [-1564+EBP]
   660 000007AB FF B5 FFFFF9F0                  	PUSH	DWORD [-1552+EBP]
   661 000007B1 E8 [00000000]                   	CALL	_sheet_refresh
   662 000007B6 83 C4 30                        	ADD	ESP,48
   663 000007B9 E9 FFFFFCC9                     	JMP	L2
   664 000007BE                                 L43:
   665 000007BE 83 BD FFFFF9E4 08               	CMP	DWORD [-1564+EBP],8
   666 000007C5 7E A6                           	JLE	L12
   667 000007C7 6A 01                           	PUSH	1
   668 000007C9 68 [000000A3]                   	PUSH	LC4
   669 000007CE 6A 07                           	PUSH	7
   670 000007D0 6A 00                           	PUSH	0
   671 000007D2 6A 1C                           	PUSH	28
   672 000007D4 FF B5 FFFFF9E4                  	PUSH	DWORD [-1564+EBP]
   673 000007DA FF B5 FFFFF9F0                  	PUSH	DWORD [-1552+EBP]
   674 000007E0 E8 000001A3                     	CALL	_putfonts8_asc_sht
   675 000007E5 83 C4 1C                        	ADD	ESP,28
   676 000007E8 83 AD FFFFF9E4 08               	SUB	DWORD [-1564+EBP],8
   677 000007EF E9 FFFFFF79                     	JMP	L12
   678 000007F4                                 L36:
   679 000007F4 6A 20                           	PUSH	32
   680 000007F6 6A 00                           	PUSH	0
   681 000007F8 E8 [00000000]                   	CALL	_farjmp
   682 000007FD 6A 02                           	PUSH	2
   683 000007FF FF B5 FFFFF9E8                  	PUSH	DWORD [-1560+EBP]
   684 00000805 E8 [00000000]                   	CALL	_timer_settime
   685 0000080A 83 C4 10                        	ADD	ESP,16
   686 0000080D E9 FFFFFC75                     	JMP	L2
   687 00000812                                 L35:
   688 00000812 E8 [00000000]                   	CALL	_io_stihlt
   689 00000817 E9 FFFFFC6B                     	JMP	L2
   690                                          [SECTION .data]
   691 000000A5                                 _closebtn.1:
   692 000000A5 4F 4F 4F 4F 4F 4F 4F 4F 4F 4F   	DB	"OOOOOOOOOOOOOOO@"
       000000AF 4F 4F 4F 4F 4F 40 
   693 000000B5 4F 51 51 51 51 51 51 51 51 51   	DB	"OQQQQQQQQQQQQQ$@"
       000000BF 51 51 51 51 24 40 
   694 000000C5 4F 51 51 51 51 51 51 51 51 51   	DB	"OQQQQQQQQQQQQQ$@"
       000000CF 51 51 51 51 24 40 
   695 000000D5 4F 51 51 51 40 40 51 51 51 51   	DB	"OQQQ@@QQQQ@@QQ$@"
       000000DF 40 40 51 51 24 40 
   696 000000E5 4F 51 51 51 51 40 40 51 51 40   	DB	"OQQQQ@@QQ@@QQQ$@"
       000000EF 40 51 51 51 24 40 
   697 000000F5 4F 51 51 51 51 51 40 40 40 40   	DB	"OQQQQQ@@@@QQQQ$@"
       000000FF 51 51 51 51 24 40 
   698 00000105 4F 51 51 51 51 51 51 40 40 51   	DB	"OQQQQQQ@@QQQQQ$@"
       0000010F 51 51 51 51 24 40 
   699 00000115 4F 51 51 51 51 51 40 40 40 40   	DB	"OQQQQQ@@@@QQQQ$@"
       0000011F 51 51 51 51 24 40 
   700 00000125 4F 51 51 51 51 40 40 51 51 40   	DB	"OQQQQ@@QQ@@QQQ$@"
       0000012F 40 51 51 51 24 40 
   701 00000135 4F 51 51 51 40 40 51 51 51 51   	DB	"OQQQ@@QQQQ@@QQ$@"
       0000013F 40 40 51 51 24 40 
   702 00000145 4F 51 51 51 51 51 51 51 51 51   	DB	"OQQQQQQQQQQQQQ$@"
       0000014F 51 51 51 51 24 40 
   703 00000155 4F 51 51 51 51 51 51 51 51 51   	DB	"OQQQQQQQQQQQQQ$@"
       0000015F 51 51 51 51 24 40 
   704 00000165 4F 24 24 24 24 24 24 24 24 24   	DB	"O$$$$$$$$$$$$$$@"
       0000016F 24 24 24 24 24 40 
   705 00000175 40 40 40 40 40 40 40 40 40 40   	DB	"@@@@@@@@@@@@@@@@"
       0000017F 40 40 40 40 40 40 
   706                                          [SECTION .text]
   707 0000081C                                 	GLOBAL	_make_window8
   708 0000081C                                 _make_window8:
   709 0000081C 55                              	PUSH	EBP
   710 0000081D 89 E5                           	MOV	EBP,ESP
   711 0000081F 57                              	PUSH	EDI
   712 00000820 56                              	PUSH	ESI
   713 00000821 53                              	PUSH	EBX
   714 00000822 83 EC 14                        	SUB	ESP,20
   715 00000825 8B 5D 0C                        	MOV	EBX,DWORD [12+EBP]
   716 00000828 6A 00                           	PUSH	0
   717 0000082A 8D 43 FF                        	LEA	EAX,DWORD [-1+EBX]
   718 0000082D 8D 7B FE                        	LEA	EDI,DWORD [-2+EBX]
   719 00000830 50                              	PUSH	EAX
   720 00000831 89 45 EC                        	MOV	DWORD [-20+EBP],EAX
   721 00000834 6A 00                           	PUSH	0
   722 00000836 6A 00                           	PUSH	0
   723 00000838 6A 08                           	PUSH	8
   724 0000083A 53                              	PUSH	EBX
   725 0000083B FF 75 08                        	PUSH	DWORD [8+EBP]
   726 0000083E E8 [00000000]                   	CALL	_boxfill8
   727 00000843 6A 01                           	PUSH	1
   728 00000845 57                              	PUSH	EDI
   729 00000846 6A 01                           	PUSH	1
   730 00000848 6A 01                           	PUSH	1
   731 0000084A 6A 07                           	PUSH	7
   732 0000084C 53                              	PUSH	EBX
   733 0000084D FF 75 08                        	PUSH	DWORD [8+EBP]
   734 00000850 E8 [00000000]                   	CALL	_boxfill8
   735 00000855 8B 55 10                        	MOV	EDX,DWORD [16+EBP]
   736 00000858 83 C4 38                        	ADD	ESP,56
   737 0000085B 4A                              	DEC	EDX
   738 0000085C 89 55 E8                        	MOV	DWORD [-24+EBP],EDX
   739 0000085F 52                              	PUSH	EDX
   740 00000860 6A 00                           	PUSH	0
   741 00000862 6A 00                           	PUSH	0
   742 00000864 6A 00                           	PUSH	0
   743 00000866 6A 08                           	PUSH	8
   744 00000868 53                              	PUSH	EBX
   745 00000869 FF 75 08                        	PUSH	DWORD [8+EBP]
   746 0000086C E8 [00000000]                   	CALL	_boxfill8
   747 00000871 8B 75 10                        	MOV	ESI,DWORD [16+EBP]
   748 00000874 83 EE 02                        	SUB	ESI,2
   749 00000877 56                              	PUSH	ESI
   750 00000878 6A 01                           	PUSH	1
   751 0000087A 6A 01                           	PUSH	1
   752 0000087C 6A 01                           	PUSH	1
   753 0000087E 6A 07                           	PUSH	7
   754 00000880 53                              	PUSH	EBX
   755 00000881 FF 75 08                        	PUSH	DWORD [8+EBP]
   756 00000884 E8 [00000000]                   	CALL	_boxfill8
   757 00000889 83 C4 38                        	ADD	ESP,56
   758 0000088C 56                              	PUSH	ESI
   759 0000088D 57                              	PUSH	EDI
   760 0000088E 6A 01                           	PUSH	1
   761 00000890 57                              	PUSH	EDI
   762 00000891 6A 0F                           	PUSH	15
   763 00000893 53                              	PUSH	EBX
   764 00000894 FF 75 08                        	PUSH	DWORD [8+EBP]
   765 00000897 E8 [00000000]                   	CALL	_boxfill8
   766 0000089C FF 75 E8                        	PUSH	DWORD [-24+EBP]
   767 0000089F FF 75 EC                        	PUSH	DWORD [-20+EBP]
   768 000008A2 6A 00                           	PUSH	0
   769 000008A4 FF 75 EC                        	PUSH	DWORD [-20+EBP]
   770 000008A7 6A 00                           	PUSH	0
   771 000008A9 53                              	PUSH	EBX
   772 000008AA FF 75 08                        	PUSH	DWORD [8+EBP]
   773 000008AD E8 [00000000]                   	CALL	_boxfill8
   774 000008B2 8B 45 10                        	MOV	EAX,DWORD [16+EBP]
   775 000008B5 83 C4 38                        	ADD	ESP,56
   776 000008B8 83 E8 03                        	SUB	EAX,3
   777 000008BB 50                              	PUSH	EAX
   778 000008BC 8D 43 FD                        	LEA	EAX,DWORD [-3+EBX]
   779 000008BF 50                              	PUSH	EAX
   780 000008C0 6A 02                           	PUSH	2
   781 000008C2 6A 02                           	PUSH	2
   782 000008C4 6A 08                           	PUSH	8
   783 000008C6 53                              	PUSH	EBX
   784 000008C7 FF 75 08                        	PUSH	DWORD [8+EBP]
   785 000008CA E8 [00000000]                   	CALL	_boxfill8
   786 000008CF 8D 43 FC                        	LEA	EAX,DWORD [-4+EBX]
   787 000008D2 6A 14                           	PUSH	20
   788 000008D4 50                              	PUSH	EAX
   789 000008D5 6A 03                           	PUSH	3
   790 000008D7 6A 03                           	PUSH	3
   791 000008D9 6A 0C                           	PUSH	12
   792 000008DB 53                              	PUSH	EBX
   793 000008DC FF 75 08                        	PUSH	DWORD [8+EBP]
   794 000008DF E8 [00000000]                   	CALL	_boxfill8
   795 000008E4 83 C4 38                        	ADD	ESP,56
   796 000008E7 56                              	PUSH	ESI
   797 000008E8 57                              	PUSH	EDI
   798 000008E9 56                              	PUSH	ESI
   799 000008EA 6A 01                           	PUSH	1
   800 000008EC 6A 0F                           	PUSH	15
   801 000008EE 53                              	PUSH	EBX
   802 000008EF FF 75 08                        	PUSH	DWORD [8+EBP]
   803 000008F2 E8 [00000000]                   	CALL	_boxfill8
   804 000008F7 FF 75 E8                        	PUSH	DWORD [-24+EBP]
   805 000008FA FF 75 EC                        	PUSH	DWORD [-20+EBP]
   806 000008FD FF 75 E8                        	PUSH	DWORD [-24+EBP]
   807 00000900 6A 00                           	PUSH	0
   808 00000902 6A 00                           	PUSH	0
   809 00000904 6B F3 05                        	IMUL	ESI,EBX,5
   810 00000907 53                              	PUSH	EBX
   811 00000908 FF 75 08                        	PUSH	DWORD [8+EBP]
   812 0000090B E8 [00000000]                   	CALL	_boxfill8
   813 00000910 83 C4 38                        	ADD	ESP,56
   814 00000913 FF 75 14                        	PUSH	DWORD [20+EBP]
   815 00000916 6A 07                           	PUSH	7
   816 00000918 6A 04                           	PUSH	4
   817 0000091A 6A 18                           	PUSH	24
   818 0000091C 53                              	PUSH	EBX
   819 0000091D FF 75 08                        	PUSH	DWORD [8+EBP]
   820 00000920 E8 [00000000]                   	CALL	_putfonts8_asc
   821 00000925 83 C4 18                        	ADD	ESP,24
   822 00000928 C7 45 F0 00000000               	MOV	DWORD [-16+EBP],0
   823 0000092F C7 45 E0 00000000               	MOV	DWORD [-32+EBP],0
   824 00000936                                 L60:
   825 00000936 8D 04 1E                        	LEA	EAX,DWORD [ESI+EBX*1]
   826 00000939 8B 55 08                        	MOV	EDX,DWORD [8+EBP]
   827 0000093C 31 FF                           	XOR	EDI,EDI
   828 0000093E 8D 4C 02 EB                     	LEA	ECX,DWORD [-21+EDX+EAX*1]
   829 00000942                                 L59:
   830 00000942 8B 45 E0                        	MOV	EAX,DWORD [-32+EBP]
   831 00000945 8A 94 07 [000000A5]             	MOV	DL,BYTE [_closebtn.1+EDI+EAX*1]
   832 0000094C 80 FA 40                        	CMP	DL,64
   833 0000094F 74 33                           	JE	L65
   834 00000951 80 FA 24                        	CMP	DL,36
   835 00000954 74 2A                           	JE	L66
   836 00000956 80 FA 51                        	CMP	DL,81
   837 00000959 B2 08                           	MOV	DL,8
   838 0000095B 0F 95 C0                        	SETNE	AL
   839 0000095E 28 C2                           	SUB	DL,AL
   840 00000960                                 L54:
   841 00000960 47                              	INC	EDI
   842 00000961 88 11                           	MOV	BYTE [ECX],DL
   843 00000963 41                              	INC	ECX
   844 00000964 83 FF 0F                        	CMP	EDI,15
   845 00000967 7E D9                           	JLE	L59
   846 00000969 FF 45 F0                        	INC	DWORD [-16+EBP]
   847 0000096C 01 DE                           	ADD	ESI,EBX
   848 0000096E 83 45 E0 10                     	ADD	DWORD [-32+EBP],16
   849 00000972 83 7D F0 0D                     	CMP	DWORD [-16+EBP],13
   850 00000976 7E BE                           	JLE	L60
   851 00000978 8D 65 F4                        	LEA	ESP,DWORD [-12+EBP]
   852 0000097B 5B                              	POP	EBX
   853 0000097C 5E                              	POP	ESI
   854 0000097D 5F                              	POP	EDI
   855 0000097E 5D                              	POP	EBP
   856 0000097F C3                              	RET
   857 00000980                                 L66:
   858 00000980 B2 0F                           	MOV	DL,15
   859 00000982 EB DC                           	JMP	L54
   860 00000984                                 L65:
   861 00000984 31 D2                           	XOR	EDX,EDX
   862 00000986 EB D8                           	JMP	L54
   863 00000988                                 	GLOBAL	_putfonts8_asc_sht
   864 00000988                                 _putfonts8_asc_sht:
   865 00000988 55                              	PUSH	EBP
   866 00000989 89 E5                           	MOV	EBP,ESP
   867 0000098B 57                              	PUSH	EDI
   868 0000098C 56                              	PUSH	ESI
   869 0000098D 53                              	PUSH	EBX
   870 0000098E 83 EC 0C                        	SUB	ESP,12
   871 00000991 8B 45 08                        	MOV	EAX,DWORD [8+EBP]
   872 00000994 8B 7D 10                        	MOV	EDI,DWORD [16+EBP]
   873 00000997 89 45 F0                        	MOV	DWORD [-16+EBP],EAX
   874 0000099A 8B 5D 14                        	MOV	EBX,DWORD [20+EBP]
   875 0000099D 8B 45 0C                        	MOV	EAX,DWORD [12+EBP]
   876 000009A0 89 45 EC                        	MOV	DWORD [-20+EBP],EAX
   877 000009A3 8B 45 1C                        	MOV	EAX,DWORD [28+EBP]
   878 000009A6 89 45 E8                        	MOV	DWORD [-24+EBP],EAX
   879 000009A9 8D 47 0F                        	LEA	EAX,DWORD [15+EDI]
   880 000009AC 50                              	PUSH	EAX
   881 000009AD 8B 45 EC                        	MOV	EAX,DWORD [-20+EBP]
   882 000009B0 8B 75 20                        	MOV	ESI,DWORD [32+EBP]
   883 000009B3 0F BE DB                        	MOVSX	EBX,BL
   884 000009B6 8D 34 F0                        	LEA	ESI,DWORD [EAX+ESI*8]
   885 000009B9 8D 46 FF                        	LEA	EAX,DWORD [-1+ESI]
   886 000009BC 50                              	PUSH	EAX
   887 000009BD 57                              	PUSH	EDI
   888 000009BE FF 75 EC                        	PUSH	DWORD [-20+EBP]
   889 000009C1 0F B6 45 18                     	MOVZX	EAX,BYTE [24+EBP]
   890 000009C5 50                              	PUSH	EAX
   891 000009C6 8B 45 F0                        	MOV	EAX,DWORD [-16+EBP]
   892 000009C9 FF 70 04                        	PUSH	DWORD [4+EAX]
   893 000009CC FF 30                           	PUSH	DWORD [EAX]
   894 000009CE E8 [00000000]                   	CALL	_boxfill8
   895 000009D3 FF 75 E8                        	PUSH	DWORD [-24+EBP]
   896 000009D6 53                              	PUSH	EBX
   897 000009D7 57                              	PUSH	EDI
   898 000009D8 FF 75 EC                        	PUSH	DWORD [-20+EBP]
   899 000009DB 8B 45 F0                        	MOV	EAX,DWORD [-16+EBP]
   900 000009DE FF 70 04                        	PUSH	DWORD [4+EAX]
   901 000009E1 FF 30                           	PUSH	DWORD [EAX]
   902 000009E3 E8 [00000000]                   	CALL	_putfonts8_asc
   903 000009E8 89 7D 10                        	MOV	DWORD [16+EBP],EDI
   904 000009EB 8D 47 10                        	LEA	EAX,DWORD [16+EDI]
   905 000009EE 89 75 14                        	MOV	DWORD [20+EBP],ESI
   906 000009F1 89 45 18                        	MOV	DWORD [24+EBP],EAX
   907 000009F4 83 C4 34                        	ADD	ESP,52
   908 000009F7 8B 45 EC                        	MOV	EAX,DWORD [-20+EBP]
   909 000009FA 89 45 0C                        	MOV	DWORD [12+EBP],EAX
   910 000009FD 8B 45 F0                        	MOV	EAX,DWORD [-16+EBP]
   911 00000A00 89 45 08                        	MOV	DWORD [8+EBP],EAX
   912 00000A03 8D 65 F4                        	LEA	ESP,DWORD [-12+EBP]
   913 00000A06 5B                              	POP	EBX
   914 00000A07 5E                              	POP	ESI
   915 00000A08 5F                              	POP	EDI
   916 00000A09 5D                              	POP	EBP
   917 00000A0A E9 [00000000]                   	JMP	_sheet_refresh
   918 00000A0F                                 	GLOBAL	_make_textbox8
   919 00000A0F                                 _make_textbox8:
   920 00000A0F 55                              	PUSH	EBP
   921 00000A10 89 E5                           	MOV	EBP,ESP
   922 00000A12 57                              	PUSH	EDI
   923 00000A13 56                              	PUSH	ESI
   924 00000A14 53                              	PUSH	EBX
   925 00000A15 83 EC 14                        	SUB	ESP,20
   926 00000A18 8B 45 0C                        	MOV	EAX,DWORD [12+EBP]
   927 00000A1B 8B 75 10                        	MOV	ESI,DWORD [16+EBP]
   928 00000A1E 03 45 14                        	ADD	EAX,DWORD [20+EBP]
   929 00000A21 83 EE 03                        	SUB	ESI,3
   930 00000A24 56                              	PUSH	ESI
   931 00000A25 89 45 F0                        	MOV	DWORD [-16+EBP],EAX
   932 00000A28 8B 45 10                        	MOV	EAX,DWORD [16+EBP]
   933 00000A2B 03 45 18                        	ADD	EAX,DWORD [24+EBP]
   934 00000A2E 89 45 EC                        	MOV	DWORD [-20+EBP],EAX
   935 00000A31 8B 45 F0                        	MOV	EAX,DWORD [-16+EBP]
   936 00000A34 40                              	INC	EAX
   937 00000A35 50                              	PUSH	EAX
   938 00000A36 89 45 E8                        	MOV	DWORD [-24+EBP],EAX
   939 00000A39 8B 45 0C                        	MOV	EAX,DWORD [12+EBP]
   940 00000A3C 56                              	PUSH	ESI
   941 00000A3D 83 E8 02                        	SUB	EAX,2
   942 00000A40 50                              	PUSH	EAX
   943 00000A41 89 45 E4                        	MOV	DWORD [-28+EBP],EAX
   944 00000A44 8B 45 08                        	MOV	EAX,DWORD [8+EBP]
   945 00000A47 6A 0F                           	PUSH	15
   946 00000A49 FF 70 04                        	PUSH	DWORD [4+EAX]
   947 00000A4C FF 30                           	PUSH	DWORD [EAX]
   948 00000A4E E8 [00000000]                   	CALL	_boxfill8
   949 00000A53 8B 7D 0C                        	MOV	EDI,DWORD [12+EBP]
   950 00000A56 8B 45 EC                        	MOV	EAX,DWORD [-20+EBP]
   951 00000A59 83 EF 03                        	SUB	EDI,3
   952 00000A5C 40                              	INC	EAX
   953 00000A5D 50                              	PUSH	EAX
   954 00000A5E 89 45 E0                        	MOV	DWORD [-32+EBP],EAX
   955 00000A61 57                              	PUSH	EDI
   956 00000A62 8B 45 08                        	MOV	EAX,DWORD [8+EBP]
   957 00000A65 56                              	PUSH	ESI
   958 00000A66 57                              	PUSH	EDI
   959 00000A67 6A 0F                           	PUSH	15
   960 00000A69 FF 70 04                        	PUSH	DWORD [4+EAX]
   961 00000A6C FF 30                           	PUSH	DWORD [EAX]
   962 00000A6E E8 [00000000]                   	CALL	_boxfill8
   963 00000A73 8B 45 08                        	MOV	EAX,DWORD [8+EBP]
   964 00000A76 83 C4 38                        	ADD	ESP,56
   965 00000A79 8B 5D EC                        	MOV	EBX,DWORD [-20+EBP]
   966 00000A7C 83 C3 02                        	ADD	EBX,2
   967 00000A7F 53                              	PUSH	EBX
   968 00000A80 FF 75 E8                        	PUSH	DWORD [-24+EBP]
   969 00000A83 53                              	PUSH	EBX
   970 00000A84 57                              	PUSH	EDI
   971 00000A85 6A 07                           	PUSH	7
   972 00000A87 FF 70 04                        	PUSH	DWORD [4+EAX]
   973 00000A8A FF 30                           	PUSH	DWORD [EAX]
   974 00000A8C E8 [00000000]                   	CALL	_boxfill8
   975 00000A91 8B 45 F0                        	MOV	EAX,DWORD [-16+EBP]
   976 00000A94 53                              	PUSH	EBX
   977 00000A95 83 C0 02                        	ADD	EAX,2
   978 00000A98 50                              	PUSH	EAX
   979 00000A99 56                              	PUSH	ESI
   980 00000A9A 50                              	PUSH	EAX
   981 00000A9B 8B 45 08                        	MOV	EAX,DWORD [8+EBP]
   982 00000A9E 6A 07                           	PUSH	7
   983 00000AA0 FF 70 04                        	PUSH	DWORD [4+EAX]
   984 00000AA3 FF 30                           	PUSH	DWORD [EAX]
   985 00000AA5 E8 [00000000]                   	CALL	_boxfill8
   986 00000AAA 8B 45 08                        	MOV	EAX,DWORD [8+EBP]
   987 00000AAD 83 C4 38                        	ADD	ESP,56
   988 00000AB0 8B 5D 10                        	MOV	EBX,DWORD [16+EBP]
   989 00000AB3 83 EB 02                        	SUB	EBX,2
   990 00000AB6 8B 7D 0C                        	MOV	EDI,DWORD [12+EBP]
   991 00000AB9 53                              	PUSH	EBX
   992 00000ABA 4F                              	DEC	EDI
   993 00000ABB FF 75 F0                        	PUSH	DWORD [-16+EBP]
   994 00000ABE 53                              	PUSH	EBX
   995 00000ABF 57                              	PUSH	EDI
   996 00000AC0 6A 00                           	PUSH	0
   997 00000AC2 FF 70 04                        	PUSH	DWORD [4+EAX]
   998 00000AC5 FF 30                           	PUSH	DWORD [EAX]
   999 00000AC7 E8 [00000000]                   	CALL	_boxfill8
  1000 00000ACC 8B 45 08                        	MOV	EAX,DWORD [8+EBP]
  1001 00000ACF FF 75 EC                        	PUSH	DWORD [-20+EBP]
  1002 00000AD2 FF 75 E4                        	PUSH	DWORD [-28+EBP]
  1003 00000AD5 53                              	PUSH	EBX
  1004 00000AD6 FF 75 E4                        	PUSH	DWORD [-28+EBP]
  1005 00000AD9 6A 00                           	PUSH	0
  1006 00000ADB FF 70 04                        	PUSH	DWORD [4+EAX]
  1007 00000ADE FF 30                           	PUSH	DWORD [EAX]
  1008 00000AE0 E8 [00000000]                   	CALL	_boxfill8
  1009 00000AE5 8B 45 08                        	MOV	EAX,DWORD [8+EBP]
  1010 00000AE8 83 C4 38                        	ADD	ESP,56
  1011 00000AEB FF 75 E0                        	PUSH	DWORD [-32+EBP]
  1012 00000AEE FF 75 F0                        	PUSH	DWORD [-16+EBP]
  1013 00000AF1 FF 75 E0                        	PUSH	DWORD [-32+EBP]
  1014 00000AF4 FF 75 E4                        	PUSH	DWORD [-28+EBP]
  1015 00000AF7 6A 08                           	PUSH	8
  1016 00000AF9 FF 70 04                        	PUSH	DWORD [4+EAX]
  1017 00000AFC FF 30                           	PUSH	DWORD [EAX]
  1018 00000AFE E8 [00000000]                   	CALL	_boxfill8
  1019 00000B03 8B 45 08                        	MOV	EAX,DWORD [8+EBP]
  1020 00000B06 FF 75 E0                        	PUSH	DWORD [-32+EBP]
  1021 00000B09 FF 75 E8                        	PUSH	DWORD [-24+EBP]
  1022 00000B0C 53                              	PUSH	EBX
  1023 00000B0D FF 75 E8                        	PUSH	DWORD [-24+EBP]
  1024 00000B10 6A 08                           	PUSH	8
  1025 00000B12 FF 70 04                        	PUSH	DWORD [4+EAX]
  1026 00000B15 FF 30                           	PUSH	DWORD [EAX]
  1027 00000B17 E8 [00000000]                   	CALL	_boxfill8
  1028 00000B1C 8B 45 10                        	MOV	EAX,DWORD [16+EBP]
  1029 00000B1F 83 C4 38                        	ADD	ESP,56
  1030 00000B22 48                              	DEC	EAX
  1031 00000B23 FF 75 EC                        	PUSH	DWORD [-20+EBP]
  1032 00000B26 FF 75 F0                        	PUSH	DWORD [-16+EBP]
  1033 00000B29 50                              	PUSH	EAX
  1034 00000B2A 57                              	PUSH	EDI
  1035 00000B2B 0F B6 45 1C                     	MOVZX	EAX,BYTE [28+EBP]
  1036 00000B2F 50                              	PUSH	EAX
  1037 00000B30 8B 45 08                        	MOV	EAX,DWORD [8+EBP]
  1038 00000B33 FF 70 04                        	PUSH	DWORD [4+EAX]
  1039 00000B36 FF 30                           	PUSH	DWORD [EAX]
  1040 00000B38 E8 [00000000]                   	CALL	_boxfill8
  1041 00000B3D 8D 65 F4                        	LEA	ESP,DWORD [-12+EBP]
  1042 00000B40 5B                              	POP	EBX
  1043 00000B41 5E                              	POP	ESI
  1044 00000B42 5F                              	POP	EDI
  1045 00000B43 5D                              	POP	EBP
  1046 00000B44 C3                              	RET
  1047                                          [SECTION .data]
  1048 00000185                                 LC8:
  1049 00000185 25 31 30 64 00                  	DB	"%10d",0x00
  1050                                          [SECTION .text]
  1051 00000B45                                 	GLOBAL	_task_b_main
  1052 00000B45                                 _task_b_main:
  1053 00000B45 55                              	PUSH	EBP
  1054 00000B46 89 E5                           	MOV	EBP,ESP
  1055 00000B48 57                              	PUSH	EDI
  1056 00000B49 56                              	PUSH	ESI
  1057 00000B4A 31 FF                           	XOR	EDI,EDI
  1058 00000B4C 53                              	PUSH	EBX
  1059 00000B4D 8D 85 FFFFFDD4                  	LEA	EAX,DWORD [-556+EBP]
  1060 00000B53 81 EC 00000234                  	SUB	ESP,564
  1061 00000B59 8D 5D D4                        	LEA	EBX,DWORD [-44+EBP]
  1062 00000B5C 50                              	PUSH	EAX
  1063 00000B5D 68 00000080                     	PUSH	128
  1064 00000B62 53                              	PUSH	EBX
  1065 00000B63 E8 [00000000]                   	CALL	_fifo32_init
  1066 00000B68 E8 [00000000]                   	CALL	_timer_alloc
  1067 00000B6D 6A 01                           	PUSH	1
  1068 00000B6F 53                              	PUSH	EBX
  1069 00000B70 89 C6                           	MOV	ESI,EAX
  1070 00000B72 50                              	PUSH	EAX
  1071 00000B73 E8 [00000000]                   	CALL	_timer_init
  1072 00000B78 6A 02                           	PUSH	2
  1073 00000B7A 56                              	PUSH	ESI
  1074 00000B7B E8 [00000000]                   	CALL	_timer_settime
  1075 00000B80 83 C4 20                        	ADD	ESP,32
  1076 00000B83 A1 00000FEC                     	MOV	EAX,DWORD [4076]
  1077 00000B88 89 85 FFFFFDC0                  	MOV	DWORD [-576+EBP],EAX
  1078 00000B8E                                 L70:
  1079 00000B8E 47                              	INC	EDI
  1080 00000B8F 8D 9D FFFFFDC4                  	LEA	EBX,DWORD [-572+EBP]
  1081 00000B95 57                              	PUSH	EDI
  1082 00000B96 68 [00000185]                   	PUSH	LC8
  1083 00000B9B 53                              	PUSH	EBX
  1084 00000B9C E8 [00000000]                   	CALL	_sprintf
  1085 00000BA1 6A 0A                           	PUSH	10
  1086 00000BA3 53                              	PUSH	EBX
  1087 00000BA4 8D 5D D4                        	LEA	EBX,DWORD [-44+EBP]
  1088 00000BA7 6A 0F                           	PUSH	15
  1089 00000BA9 6A 07                           	PUSH	7
  1090 00000BAB 68 00000090                     	PUSH	144
  1091 00000BB0 6A 00                           	PUSH	0
  1092 00000BB2 FF B5 FFFFFDC0                  	PUSH	DWORD [-576+EBP]
  1093 00000BB8 E8 FFFFFDCB                     	CALL	_putfonts8_asc_sht
  1094 00000BBD 83 C4 28                        	ADD	ESP,40
  1095 00000BC0 E8 [00000000]                   	CALL	_io_cli
  1096 00000BC5 53                              	PUSH	EBX
  1097 00000BC6 E8 [00000000]                   	CALL	_fifo32_status
  1098 00000BCB 5A                              	POP	EDX
  1099 00000BCC 85 C0                           	TEST	EAX,EAX
  1100 00000BCE 74 27                           	JE	L76
  1101 00000BD0 53                              	PUSH	EBX
  1102 00000BD1 E8 [00000000]                   	CALL	_fifo32_get
  1103 00000BD6 89 C3                           	MOV	EBX,EAX
  1104 00000BD8 E8 [00000000]                   	CALL	_io_sti
  1105 00000BDD 59                              	POP	ECX
  1106 00000BDE 4B                              	DEC	EBX
  1107 00000BDF 75 AD                           	JNE	L70
  1108 00000BE1 6A 18                           	PUSH	24
  1109 00000BE3 6A 00                           	PUSH	0
  1110 00000BE5 E8 [00000000]                   	CALL	_farjmp
  1111 00000BEA 6A 02                           	PUSH	2
  1112 00000BEC 56                              	PUSH	ESI
  1113 00000BED E8 [00000000]                   	CALL	_timer_settime
  1114 00000BF2 83 C4 10                        	ADD	ESP,16
  1115 00000BF5 EB 97                           	JMP	L70
  1116 00000BF7                                 L76:
  1117 00000BF7 E8 [00000000]                   	CALL	_io_stihlt
  1118 00000BFC EB 90                           	JMP	L70
