     1 00000000                                 [FORMAT "WCOFF"]
     2 00000000                                 [INSTRSET "i486p"]
     3 00000000                                 [OPTIMIZE 1]
     4 00000000                                 [OPTION 1]
     5 00000000                                 [BITS 32]
     6 00000000                                 	EXTERN	_init_gdtidt
     7 00000000                                 	EXTERN	_init_pic
     8 00000000                                 	EXTERN	_io_sti
     9 00000000                                 	EXTERN	_fifo32_init
    10 00000000                                 	EXTERN	_init_pit
    11 00000000                                 	EXTERN	_init_keyboard
    12 00000000                                 	EXTERN	_enable_mouse
    13 00000000                                 	EXTERN	_io_out8
    14 00000000                                 	EXTERN	_timer_alloc
    15 00000000                                 	EXTERN	_timer_init
    16 00000000                                 	EXTERN	_timer_settime
    17 00000000                                 	EXTERN	_memtest
    18 00000000                                 	EXTERN	_memman_init
    19 00000000                                 	EXTERN	_memman_free
    20 00000000                                 	EXTERN	_init_palette
    21 00000000                                 	EXTERN	_shtctl_init
    22 00000000                                 	EXTERN	_sheet_alloc
    23 00000000                                 	EXTERN	_memman_alloc_4k
    24 00000000                                 	EXTERN	_sheet_setbuf
    25 00000000                                 	EXTERN	_init_screen8
    26 00000000                                 	EXTERN	_init_mouse_cursor8
    27 00000000                                 	EXTERN	_sheet_slide
    28 00000000                                 	EXTERN	_sheet_updown
    29 00000000                                 	EXTERN	_sprintf
    30 00000000                                 	EXTERN	_memman_total
    31 00000000                                 	EXTERN	_io_cli
    32 00000000                                 	EXTERN	_fifo32_status
    33 00000000                                 	EXTERN	_fifo32_get
    34 00000000                                 	EXTERN	_boxfill8
    35 00000000                                 	EXTERN	_sheet_refresh
    36 00000000                                 	EXTERN	_mouse_decode
    37 00000000                                 	EXTERN	_keytable.0
    38 00000000                                 	EXTERN	_io_stihlt
    39 00000000                                 	EXTERN	_putfonts8_asc
    40 00000000                                 [FILE "bootpack.c"]
    41                                          [SECTION .data]
    42 00000000                                 _keytable.0:
    43 00000000 00                              	DB	0
    44 00000001 00                              	DB	0
    45 00000002 31                              	DB	49
    46 00000003 32                              	DB	50
    47 00000004 33                              	DB	51
    48 00000005 34                              	DB	52
    49 00000006 35                              	DB	53
    50 00000007 36                              	DB	54
    51 00000008 37                              	DB	55
    52 00000009 38                              	DB	56
    53 0000000A 39                              	DB	57
    54 0000000B 30                              	DB	48
    55 0000000C 2D                              	DB	45
    56 0000000D 5E                              	DB	94
    57 0000000E 00                              	DB	0
    58 0000000F 00                              	DB	0
    59 00000010 51                              	DB	81
    60 00000011 57                              	DB	87
    61 00000012 45                              	DB	69
    62 00000013 52                              	DB	82
    63 00000014 54                              	DB	84
    64 00000015 59                              	DB	89
    65 00000016 55                              	DB	85
    66 00000017 49                              	DB	73
    67 00000018 4F                              	DB	79
    68 00000019 50                              	DB	80
    69 0000001A 40                              	DB	64
    70 0000001B 5B                              	DB	91
    71 0000001C 00                              	DB	0
    72 0000001D 00                              	DB	0
    73 0000001E 41                              	DB	65
    74 0000001F 53                              	DB	83
    75 00000020 44                              	DB	68
    76 00000021 46                              	DB	70
    77 00000022 47                              	DB	71
    78 00000023 48                              	DB	72
    79 00000024 4A                              	DB	74
    80 00000025 4B                              	DB	75
    81 00000026 4C                              	DB	76
    82 00000027 3B                              	DB	59
    83 00000028 3A                              	DB	58
    84 00000029 00                              	DB	0
    85 0000002A 00                              	DB	0
    86 0000002B 5D                              	DB	93
    87 0000002C 5A                              	DB	90
    88 0000002D 58                              	DB	88
    89 0000002E 43                              	DB	67
    90 0000002F 56                              	DB	86
    91 00000030 42                              	DB	66
    92 00000031 4E                              	DB	78
    93 00000032 4D                              	DB	77
    94 00000033 2C                              	DB	44
    95 00000034 2E                              	DB	46
    96 00000035 2F                              	DB	47
    97 00000036 00                              	DB	0
    98 00000037 2A                              	DB	42
    99 00000038 00                              	DB	0
   100 00000039 20                              	DB	32
   101 0000003A 00                              	DB	0
   102 0000003B 00                              	DB	0
   103 0000003C 00                              	DB	0
   104 0000003D 00                              	DB	0
   105 0000003E 00                              	DB	0
   106 0000003F 00                              	DB	0
   107 00000040 00                              	DB	0
   108 00000041 00                              	DB	0
   109 00000042 00                              	DB	0
   110 00000043 00                              	DB	0
   111 00000044 00                              	DB	0
   112 00000045 00                              	DB	0
   113 00000046 00                              	DB	0
   114 00000047 37                              	DB	55
   115 00000048 38                              	DB	56
   116 00000049 39                              	DB	57
   117 0000004A 2D                              	DB	45
   118 0000004B 34                              	DB	52
   119 0000004C 35                              	DB	53
   120 0000004D 36                              	DB	54
   121 0000004E 2B                              	DB	43
   122 0000004F 31                              	DB	49
   123 00000050 32                              	DB	50
   124 00000051 33                              	DB	51
   125 00000052 30                              	DB	48
   126 00000053 2E                              	DB	46
   127 00000054                                 LC0:
   128 00000054 43 6F 75 6E 74 65 72 00         	DB	"Counter",0x00
   129 0000005C                                 LC1:
   130 0000005C 28 25 33 64 2C 20 25 33 64 29   	DB	"(%3d, %3d)",0x00
       00000066 00 
   131 00000067                                 LC2:
   132 00000067 6D 65 6D 6F 72 79 20 25 64 4D   	DB	"memory %dMB   free : %dKB",0x00
       00000071 42 20 20 20 66 72 65 65 20 3A 
       0000007B 20 25 64 4B 42 00 
   133 00000081                                 LC6:
   134 00000081 33 5B 73 65 63 5D 00            	DB	"3[sec]",0x00
   135 00000088                                 LC5:
   136 00000088 31 30 5B 73 65 63 5D 00         	DB	"10[sec]",0x00
   137 00000090                                 LC4:
   138 00000090 5B 6C 63 72 20 25 34 64 20 25   	DB	"[lcr %4d %4d]",0x00
       0000009A 34 64 5D 00 
   139 0000009E                                 LC3:
   140 0000009E 25 30 32 58 00                  	DB	"%02X",0x00
   141                                          [SECTION .text]
   142 00000000                                 	GLOBAL	_HariMain
   143 00000000                                 _HariMain:
   144 00000000 55                              	PUSH	EBP
   145 00000001 89 E5                           	MOV	EBP,ESP
   146 00000003 57                              	PUSH	EDI
   147 00000004 56                              	PUSH	ESI
   148 00000005 53                              	PUSH	EBX
   149 00000006 8D B5 FFFFFCE4                  	LEA	ESI,DWORD [-796+EBP]
   150 0000000C 81 EC 00000534                  	SUB	ESP,1332
   151 00000012 E8 [00000000]                   	CALL	_init_gdtidt
   152 00000017 E8 [00000000]                   	CALL	_init_pic
   153 0000001C E8 [00000000]                   	CALL	_io_sti
   154 00000021 8D 85 FFFFFAE4                  	LEA	EAX,DWORD [-1308+EBP]
   155 00000027 50                              	PUSH	EAX
   156 00000028 68 00000080                     	PUSH	128
   157 0000002D 56                              	PUSH	ESI
   158 0000002E E8 [00000000]                   	CALL	_fifo32_init
   159 00000033 E8 [00000000]                   	CALL	_init_pit
   160 00000038 68 00000100                     	PUSH	256
   161 0000003D 56                              	PUSH	ESI
   162 0000003E E8 [00000000]                   	CALL	_init_keyboard
   163 00000043 8D 85 FFFFFE04                  	LEA	EAX,DWORD [-508+EBP]
   164 00000049 50                              	PUSH	EAX
   165 0000004A 68 00000200                     	PUSH	512
   166 0000004F 56                              	PUSH	ESI
   167 00000050 E8 [00000000]                   	CALL	_enable_mouse
   168 00000055 83 C4 20                        	ADD	ESP,32
   169 00000058 68 000000F8                     	PUSH	248
   170 0000005D 6A 21                           	PUSH	33
   171 0000005F E8 [00000000]                   	CALL	_io_out8
   172 00000064 68 000000EF                     	PUSH	239
   173 00000069 68 000000A1                     	PUSH	161
   174 0000006E E8 [00000000]                   	CALL	_io_out8
   175 00000073 E8 [00000000]                   	CALL	_timer_alloc
   176 00000078 6A 0A                           	PUSH	10
   177 0000007A 56                              	PUSH	ESI
   178 0000007B 89 C3                           	MOV	EBX,EAX
   179 0000007D 50                              	PUSH	EAX
   180 0000007E E8 [00000000]                   	CALL	_timer_init
   181 00000083 68 000003E8                     	PUSH	1000
   182 00000088 53                              	PUSH	EBX
   183 00000089 E8 [00000000]                   	CALL	_timer_settime
   184 0000008E 83 C4 24                        	ADD	ESP,36
   185 00000091 E8 [00000000]                   	CALL	_timer_alloc
   186 00000096 6A 03                           	PUSH	3
   187 00000098 89 C3                           	MOV	EBX,EAX
   188 0000009A 56                              	PUSH	ESI
   189 0000009B 50                              	PUSH	EAX
   190 0000009C E8 [00000000]                   	CALL	_timer_init
   191 000000A1 68 0000012C                     	PUSH	300
   192 000000A6 53                              	PUSH	EBX
   193 000000A7 E8 [00000000]                   	CALL	_timer_settime
   194 000000AC E8 [00000000]                   	CALL	_timer_alloc
   195 000000B1 6A 01                           	PUSH	1
   196 000000B3 56                              	PUSH	ESI
   197 000000B4 50                              	PUSH	EAX
   198 000000B5 89 85 FFFFFAC8                  	MOV	DWORD [-1336+EBP],EAX
   199 000000BB E8 [00000000]                   	CALL	_timer_init
   200 000000C0 83 C4 20                        	ADD	ESP,32
   201 000000C3 6A 32                           	PUSH	50
   202 000000C5 FF B5 FFFFFAC8                  	PUSH	DWORD [-1336+EBP]
   203 000000CB E8 [00000000]                   	CALL	_timer_settime
   204 000000D0 68 BFFFFFFF                     	PUSH	-1073741825
   205 000000D5 68 00400000                     	PUSH	4194304
   206 000000DA E8 [00000000]                   	CALL	_memtest
   207 000000DF 68 003C0000                     	PUSH	3932160
   208 000000E4 89 85 FFFFFADC                  	MOV	DWORD [-1316+EBP],EAX
   209 000000EA E8 [00000000]                   	CALL	_memman_init
   210 000000EF 68 0009E000                     	PUSH	647168
   211 000000F4 68 00001000                     	PUSH	4096
   212 000000F9 68 003C0000                     	PUSH	3932160
   213 000000FE E8 [00000000]                   	CALL	_memman_free
   214 00000103 8B 85 FFFFFADC                  	MOV	EAX,DWORD [-1316+EBP]
   215 00000109 83 C4 20                        	ADD	ESP,32
   216 0000010C 2D 00400000                     	SUB	EAX,4194304
   217 00000111 50                              	PUSH	EAX
   218 00000112 68 00400000                     	PUSH	4194304
   219 00000117 68 003C0000                     	PUSH	3932160
   220 0000011C E8 [00000000]                   	CALL	_memman_free
   221 00000121 E8 [00000000]                   	CALL	_init_palette
   222 00000126 0F BF 05 00000FF6               	MOVSX	EAX,WORD [4086]
   223 0000012D 50                              	PUSH	EAX
   224 0000012E 0F BF 05 00000FF4               	MOVSX	EAX,WORD [4084]
   225 00000135 50                              	PUSH	EAX
   226 00000136 FF 35 00000FF8                  	PUSH	DWORD [4088]
   227 0000013C 68 003C0000                     	PUSH	3932160
   228 00000141 E8 [00000000]                   	CALL	_shtctl_init
   229 00000146 89 C3                           	MOV	EBX,EAX
   230 00000148 50                              	PUSH	EAX
   231 00000149 E8 [00000000]                   	CALL	_sheet_alloc
   232 0000014E 83 C4 20                        	ADD	ESP,32
   233 00000151 53                              	PUSH	EBX
   234 00000152 89 85 FFFFFAD8                  	MOV	DWORD [-1320+EBP],EAX
   235 00000158 E8 [00000000]                   	CALL	_sheet_alloc
   236 0000015D 53                              	PUSH	EBX
   237 0000015E 8D 9D FFFFFD04                  	LEA	EBX,DWORD [-764+EBP]
   238 00000164 89 85 FFFFFAD4                  	MOV	DWORD [-1324+EBP],EAX
   239 0000016A E8 [00000000]                   	CALL	_sheet_alloc
   240 0000016F 0F BF 15 00000FF6               	MOVSX	EDX,WORD [4086]
   241 00000176 89 85 FFFFFAD0                  	MOV	DWORD [-1328+EBP],EAX
   242 0000017C 0F BF 05 00000FF4               	MOVSX	EAX,WORD [4084]
   243 00000183 0F AF C2                        	IMUL	EAX,EDX
   244 00000186 50                              	PUSH	EAX
   245 00000187 68 003C0000                     	PUSH	3932160
   246 0000018C E8 [00000000]                   	CALL	_memman_alloc_4k
   247 00000191 68 00002080                     	PUSH	8320
   248 00000196 68 003C0000                     	PUSH	3932160
   249 0000019B 89 85 FFFFFACC                  	MOV	DWORD [-1332+EBP],EAX
   250 000001A1 E8 [00000000]                   	CALL	_memman_alloc_4k
   251 000001A6 6A FF                           	PUSH	-1
   252 000001A8 89 C6                           	MOV	ESI,EAX
   253 000001AA 0F BF 05 00000FF6               	MOVSX	EAX,WORD [4086]
   254 000001B1 50                              	PUSH	EAX
   255 000001B2 0F BF 05 00000FF4               	MOVSX	EAX,WORD [4084]
   256 000001B9 50                              	PUSH	EAX
   257 000001BA FF B5 FFFFFACC                  	PUSH	DWORD [-1332+EBP]
   258 000001C0 FF B5 FFFFFAD8                  	PUSH	DWORD [-1320+EBP]
   259 000001C6 E8 [00000000]                   	CALL	_sheet_setbuf
   260 000001CB 83 C4 2C                        	ADD	ESP,44
   261 000001CE 6A 63                           	PUSH	99
   262 000001D0 6A 10                           	PUSH	16
   263 000001D2 6A 10                           	PUSH	16
   264 000001D4 53                              	PUSH	EBX
   265 000001D5 FF B5 FFFFFAD4                  	PUSH	DWORD [-1324+EBP]
   266 000001DB E8 [00000000]                   	CALL	_sheet_setbuf
   267 000001E0 6A FF                           	PUSH	-1
   268 000001E2 6A 44                           	PUSH	68
   269 000001E4 68 000000A0                     	PUSH	160
   270 000001E9 56                              	PUSH	ESI
   271 000001EA FF B5 FFFFFAD0                  	PUSH	DWORD [-1328+EBP]
   272 000001F0 E8 [00000000]                   	CALL	_sheet_setbuf
   273 000001F5 83 C4 28                        	ADD	ESP,40
   274 000001F8 0F BF 05 00000FF6               	MOVSX	EAX,WORD [4086]
   275 000001FF 50                              	PUSH	EAX
   276 00000200 0F BF 05 00000FF4               	MOVSX	EAX,WORD [4084]
   277 00000207 50                              	PUSH	EAX
   278 00000208 FF B5 FFFFFACC                  	PUSH	DWORD [-1332+EBP]
   279 0000020E E8 [00000000]                   	CALL	_init_screen8
   280 00000213 6A 63                           	PUSH	99
   281 00000215 53                              	PUSH	EBX
   282 00000216 BB 00000002                     	MOV	EBX,2
   283 0000021B E8 [00000000]                   	CALL	_init_mouse_cursor8
   284 00000220 68 [00000054]                   	PUSH	LC0
   285 00000225 6A 44                           	PUSH	68
   286 00000227 68 000000A0                     	PUSH	160
   287 0000022C 56                              	PUSH	ESI
   288 0000022D E8 00000356                     	CALL	_make_window8
   289 00000232 83 C4 24                        	ADD	ESP,36
   290 00000235 6A 00                           	PUSH	0
   291 00000237 6A 00                           	PUSH	0
   292 00000239 FF B5 FFFFFAD8                  	PUSH	DWORD [-1320+EBP]
   293 0000023F E8 [00000000]                   	CALL	_sheet_slide
   294 00000244 0F BF 05 00000FF4               	MOVSX	EAX,WORD [4084]
   295 0000024B 8D 48 F0                        	LEA	ECX,DWORD [-16+EAX]
   296 0000024E 89 C8                           	MOV	EAX,ECX
   297 00000250 99                              	CDQ
   298 00000251 F7 FB                           	IDIV	EBX
   299 00000253 89 85 FFFFFAE0                  	MOV	DWORD [-1312+EBP],EAX
   300 00000259 0F BF 05 00000FF6               	MOVSX	EAX,WORD [4086]
   301 00000260 8D 48 D4                        	LEA	ECX,DWORD [-44+EAX]
   302 00000263 89 C8                           	MOV	EAX,ECX
   303 00000265 99                              	CDQ
   304 00000266 F7 FB                           	IDIV	EBX
   305 00000268 50                              	PUSH	EAX
   306 00000269 89 C7                           	MOV	EDI,EAX
   307 0000026B FF B5 FFFFFAE0                  	PUSH	DWORD [-1312+EBP]
   308 00000271 FF B5 FFFFFAD4                  	PUSH	DWORD [-1324+EBP]
   309 00000277 8D 5D C4                        	LEA	EBX,DWORD [-60+EBP]
   310 0000027A E8 [00000000]                   	CALL	_sheet_slide
   311 0000027F 6A 48                           	PUSH	72
   312 00000281 6A 50                           	PUSH	80
   313 00000283 FF B5 FFFFFAD0                  	PUSH	DWORD [-1328+EBP]
   314 00000289 E8 [00000000]                   	CALL	_sheet_slide
   315 0000028E 83 C4 24                        	ADD	ESP,36
   316 00000291 6A 00                           	PUSH	0
   317 00000293 FF B5 FFFFFAD8                  	PUSH	DWORD [-1320+EBP]
   318 00000299 E8 [00000000]                   	CALL	_sheet_updown
   319 0000029E 6A 01                           	PUSH	1
   320 000002A0 FF B5 FFFFFAD0                  	PUSH	DWORD [-1328+EBP]
   321 000002A6 E8 [00000000]                   	CALL	_sheet_updown
   322 000002AB 6A 02                           	PUSH	2
   323 000002AD FF B5 FFFFFAD4                  	PUSH	DWORD [-1324+EBP]
   324 000002B3 E8 [00000000]                   	CALL	_sheet_updown
   325 000002B8 57                              	PUSH	EDI
   326 000002B9 FF B5 FFFFFAE0                  	PUSH	DWORD [-1312+EBP]
   327 000002BF 68 [0000005C]                   	PUSH	LC1
   328 000002C4 53                              	PUSH	EBX
   329 000002C5 E8 [00000000]                   	CALL	_sprintf
   330 000002CA 83 C4 28                        	ADD	ESP,40
   331 000002CD 6A 0A                           	PUSH	10
   332 000002CF 53                              	PUSH	EBX
   333 000002D0 6A 0E                           	PUSH	14
   334 000002D2 6A 07                           	PUSH	7
   335 000002D4 6A 00                           	PUSH	0
   336 000002D6 6A 00                           	PUSH	0
   337 000002D8 FF B5 FFFFFAD8                  	PUSH	DWORD [-1320+EBP]
   338 000002DE E8 00000411                     	CALL	_putfonts8_asc_sht
   339 000002E3 68 003C0000                     	PUSH	3932160
   340 000002E8 E8 [00000000]                   	CALL	_memman_total
   341 000002ED C1 AD FFFFFADC 14               	SHR	DWORD [-1316+EBP],20
   342 000002F4 C1 E8 0A                        	SHR	EAX,10
   343 000002F7 89 04 24                        	MOV	DWORD [ESP],EAX
   344 000002FA FF B5 FFFFFADC                  	PUSH	DWORD [-1316+EBP]
   345 00000300 68 [00000067]                   	PUSH	LC2
   346 00000305 53                              	PUSH	EBX
   347 00000306 E8 [00000000]                   	CALL	_sprintf
   348 0000030B 83 C4 2C                        	ADD	ESP,44
   349 0000030E 6A 28                           	PUSH	40
   350 00000310 53                              	PUSH	EBX
   351 00000311 6A 0E                           	PUSH	14
   352 00000313 6A 07                           	PUSH	7
   353 00000315 6A 20                           	PUSH	32
   354 00000317                                 L31:
   355 00000317 6A 00                           	PUSH	0
   356 00000319 FF B5 FFFFFAD8                  	PUSH	DWORD [-1320+EBP]
   357 0000031F                                 L29:
   358 0000031F E8 000003D0                     	CALL	_putfonts8_asc_sht
   359 00000324                                 L28:
   360 00000324 83 C4 1C                        	ADD	ESP,28
   361 00000327                                 L2:
   362 00000327 8D B5 FFFFFCE4                  	LEA	ESI,DWORD [-796+EBP]
   363 0000032D E8 [00000000]                   	CALL	_io_cli
   364 00000332 56                              	PUSH	ESI
   365 00000333 E8 [00000000]                   	CALL	_fifo32_status
   366 00000338 59                              	POP	ECX
   367 00000339 85 C0                           	TEST	EAX,EAX
   368 0000033B 0F 84 0000023D                  	JE	L32
   369 00000341 56                              	PUSH	ESI
   370 00000342 E8 [00000000]                   	CALL	_fifo32_get
   371 00000347 89 C3                           	MOV	EBX,EAX
   372 00000349 E8 [00000000]                   	CALL	_io_sti
   373 0000034E 5A                              	POP	EDX
   374 0000034F 8D 83 FFFFFF00                  	LEA	EAX,DWORD [-256+EBX]
   375 00000355 3D 000000FF                     	CMP	EAX,255
   376 0000035A 0F 86 000001BF                  	JBE	L33
   377 00000360 8D 83 FFFFFE00                  	LEA	EAX,DWORD [-512+EBX]
   378 00000366 3D 000000FF                     	CMP	EAX,255
   379 0000036B 0F 86 000000A8                  	JBE	L34
   380 00000371 83 FB 0A                        	CMP	EBX,10
   381 00000374 0F 84 0000008D                  	JE	L35
   382 0000037A 83 FB 03                        	CMP	EBX,3
   383 0000037D 74 76                           	JE	L36
   384 0000037F 83 FB 01                        	CMP	EBX,1
   385 00000382 74 57                           	JE	L37
   386 00000384 85 DB                           	TEST	EBX,EBX
   387 00000386 75 9F                           	JNE	L2
   388 00000388 6A 01                           	PUSH	1
   389 0000038A 56                              	PUSH	ESI
   390 0000038B FF B5 FFFFFAC8                  	PUSH	DWORD [-1336+EBP]
   391 00000391 E8 [00000000]                   	CALL	_timer_init
   392 00000396 6A 6F                           	PUSH	111
   393 00000398 6A 0F                           	PUSH	15
   394 0000039A 6A 60                           	PUSH	96
   395 0000039C 6A 08                           	PUSH	8
   396 0000039E 6A 0E                           	PUSH	14
   397 000003A0                                 L30:
   398 000003A0 0F BF 05 00000FF4               	MOVSX	EAX,WORD [4084]
   399 000003A7 50                              	PUSH	EAX
   400 000003A8 FF B5 FFFFFACC                  	PUSH	DWORD [-1332+EBP]
   401 000003AE E8 [00000000]                   	CALL	_boxfill8
   402 000003B3 83 C4 28                        	ADD	ESP,40
   403 000003B6 6A 32                           	PUSH	50
   404 000003B8 FF B5 FFFFFAC8                  	PUSH	DWORD [-1336+EBP]
   405 000003BE E8 [00000000]                   	CALL	_timer_settime
   406 000003C3 6A 70                           	PUSH	112
   407 000003C5 6A 10                           	PUSH	16
   408 000003C7 6A 56                           	PUSH	86
   409 000003C9 6A 08                           	PUSH	8
   410 000003CB FF B5 FFFFFAD8                  	PUSH	DWORD [-1320+EBP]
   411 000003D1 E8 [00000000]                   	CALL	_sheet_refresh
   412 000003D6 E9 FFFFFF49                     	JMP	L28
   413 000003DB                                 L37:
   414 000003DB 6A 00                           	PUSH	0
   415 000003DD 56                              	PUSH	ESI
   416 000003DE FF B5 FFFFFAC8                  	PUSH	DWORD [-1336+EBP]
   417 000003E4 E8 [00000000]                   	CALL	_timer_init
   418 000003E9 6A 6F                           	PUSH	111
   419 000003EB 6A 0F                           	PUSH	15
   420 000003ED 6A 60                           	PUSH	96
   421 000003EF 6A 08                           	PUSH	8
   422 000003F1 6A 07                           	PUSH	7
   423 000003F3 EB AB                           	JMP	L30
   424 000003F5                                 L36:
   425 000003F5 6A 06                           	PUSH	6
   426 000003F7 68 [00000081]                   	PUSH	LC6
   427 000003FC 6A 0E                           	PUSH	14
   428 000003FE 6A 07                           	PUSH	7
   429 00000400 6A 50                           	PUSH	80
   430 00000402 E9 FFFFFF10                     	JMP	L31
   431 00000407                                 L35:
   432 00000407 6A 07                           	PUSH	7
   433 00000409 68 [00000088]                   	PUSH	LC5
   434 0000040E 6A 0E                           	PUSH	14
   435 00000410 6A 07                           	PUSH	7
   436 00000412 6A 40                           	PUSH	64
   437 00000414 E9 FFFFFEFE                     	JMP	L31
   438 00000419                                 L34:
   439 00000419 0F B6 C3                        	MOVZX	EAX,BL
   440 0000041C 50                              	PUSH	EAX
   441 0000041D 8D 85 FFFFFE04                  	LEA	EAX,DWORD [-508+EBP]
   442 00000423 50                              	PUSH	EAX
   443 00000424 E8 [00000000]                   	CALL	_mouse_decode
   444 00000429 5A                              	POP	EDX
   445 0000042A 59                              	POP	ECX
   446 0000042B 85 C0                           	TEST	EAX,EAX
   447 0000042D 0F 84 FFFFFEF4                  	JE	L2
   448 00000433 FF B5 FFFFFE0C                  	PUSH	DWORD [-500+EBP]
   449 00000439 FF B5 FFFFFE08                  	PUSH	DWORD [-504+EBP]
   450 0000043F 68 [00000090]                   	PUSH	LC4
   451 00000444 8D 5D C4                        	LEA	EBX,DWORD [-60+EBP]
   452 00000447 53                              	PUSH	EBX
   453 00000448 E8 [00000000]                   	CALL	_sprintf
   454 0000044D 83 C4 10                        	ADD	ESP,16
   455 00000450 8B 85 FFFFFE10                  	MOV	EAX,DWORD [-496+EBP]
   456 00000456 A9 00000001                     	TEST	EAX,1
   457 0000045B 74 04                           	JE	L13
   458 0000045D C6 45 C5 4C                     	MOV	BYTE [-59+EBP],76
   459 00000461                                 L13:
   460 00000461 A9 00000002                     	TEST	EAX,2
   461 00000466 74 04                           	JE	L14
   462 00000468 C6 45 C7 52                     	MOV	BYTE [-57+EBP],82
   463 0000046C                                 L14:
   464 0000046C 83 E0 04                        	AND	EAX,4
   465 0000046F 74 04                           	JE	L15
   466 00000471 C6 45 C6 43                     	MOV	BYTE [-58+EBP],67
   467 00000475                                 L15:
   468 00000475 6A 0F                           	PUSH	15
   469 00000477 53                              	PUSH	EBX
   470 00000478 6A 0E                           	PUSH	14
   471 0000047A 6A 07                           	PUSH	7
   472 0000047C 6A 10                           	PUSH	16
   473 0000047E 6A 20                           	PUSH	32
   474 00000480 FF B5 FFFFFAD8                  	PUSH	DWORD [-1320+EBP]
   475 00000486 E8 00000269                     	CALL	_putfonts8_asc_sht
   476 0000048B 8B 85 FFFFFE08                  	MOV	EAX,DWORD [-504+EBP]
   477 00000491 03 BD FFFFFE0C                  	ADD	EDI,DWORD [-500+EBP]
   478 00000497 83 C4 1C                        	ADD	ESP,28
   479 0000049A 01 85 FFFFFAE0                  	ADD	DWORD [-1312+EBP],EAX
   480 000004A0 78 71                           	JS	L38
   481 000004A2                                 L16:
   482 000004A2 85 FF                           	TEST	EDI,EDI
   483 000004A4 78 69                           	JS	L39
   484 000004A6                                 L17:
   485 000004A6 0F BF 05 00000FF4               	MOVSX	EAX,WORD [4084]
   486 000004AD 48                              	DEC	EAX
   487 000004AE 39 85 FFFFFAE0                  	CMP	DWORD [-1312+EBP],EAX
   488 000004B4 7E 06                           	JLE	L18
   489 000004B6 89 85 FFFFFAE0                  	MOV	DWORD [-1312+EBP],EAX
   490 000004BC                                 L18:
   491 000004BC 0F BF 05 00000FF6               	MOVSX	EAX,WORD [4086]
   492 000004C3 48                              	DEC	EAX
   493 000004C4 39 C7                           	CMP	EDI,EAX
   494 000004C6 7E 02                           	JLE	L19
   495 000004C8 89 C7                           	MOV	EDI,EAX
   496 000004CA                                 L19:
   497 000004CA 57                              	PUSH	EDI
   498 000004CB FF B5 FFFFFAE0                  	PUSH	DWORD [-1312+EBP]
   499 000004D1 68 [0000005C]                   	PUSH	LC1
   500 000004D6 53                              	PUSH	EBX
   501 000004D7 E8 [00000000]                   	CALL	_sprintf
   502 000004DC 6A 0A                           	PUSH	10
   503 000004DE 53                              	PUSH	EBX
   504 000004DF 6A 0E                           	PUSH	14
   505 000004E1 6A 07                           	PUSH	7
   506 000004E3 6A 00                           	PUSH	0
   507 000004E5 6A 00                           	PUSH	0
   508 000004E7 FF B5 FFFFFAD8                  	PUSH	DWORD [-1320+EBP]
   509 000004ED E8 00000202                     	CALL	_putfonts8_asc_sht
   510 000004F2 83 C4 2C                        	ADD	ESP,44
   511 000004F5 57                              	PUSH	EDI
   512 000004F6 FF B5 FFFFFAE0                  	PUSH	DWORD [-1312+EBP]
   513 000004FC FF B5 FFFFFAD4                  	PUSH	DWORD [-1324+EBP]
   514 00000502 E8 [00000000]                   	CALL	_sheet_slide
   515 00000507 83 C4 0C                        	ADD	ESP,12
   516 0000050A E9 FFFFFE18                     	JMP	L2
   517 0000050F                                 L39:
   518 0000050F 31 FF                           	XOR	EDI,EDI
   519 00000511 EB 93                           	JMP	L17
   520 00000513                                 L38:
   521 00000513 C7 85 FFFFFAE0 00000000         	MOV	DWORD [-1312+EBP],0
   522 0000051D EB 83                           	JMP	L16
   523 0000051F                                 L33:
   524 0000051F 50                              	PUSH	EAX
   525 00000520 8D 75 C4                        	LEA	ESI,DWORD [-60+EBP]
   526 00000523 68 [0000009E]                   	PUSH	LC3
   527 00000528 56                              	PUSH	ESI
   528 00000529 E8 [00000000]                   	CALL	_sprintf
   529 0000052E 6A 02                           	PUSH	2
   530 00000530 56                              	PUSH	ESI
   531 00000531 6A 0E                           	PUSH	14
   532 00000533 6A 07                           	PUSH	7
   533 00000535 6A 10                           	PUSH	16
   534 00000537 6A 00                           	PUSH	0
   535 00000539 FF B5 FFFFFAD8                  	PUSH	DWORD [-1320+EBP]
   536 0000053F E8 000001B0                     	CALL	_putfonts8_asc_sht
   537 00000544 83 C4 28                        	ADD	ESP,40
   538 00000547 81 FB 00000153                  	CMP	EBX,339
   539 0000054D 0F 8F FFFFFDD4                  	JG	L2
   540 00000553 8A 83 [FFFFFF00]                	MOV	AL,BYTE [_keytable.0-256+EBX]
   541 00000559 84 C0                           	TEST	AL,AL
   542 0000055B 0F 84 FFFFFDC6                  	JE	L2
   543 00000561 6A 01                           	PUSH	1
   544 00000563 88 45 C4                        	MOV	BYTE [-60+EBP],AL
   545 00000566 56                              	PUSH	ESI
   546 00000567 6A 08                           	PUSH	8
   547 00000569 6A 00                           	PUSH	0
   548 0000056B 6A 1C                           	PUSH	28
   549 0000056D 6A 28                           	PUSH	40
   550 0000056F FF B5 FFFFFAD0                  	PUSH	DWORD [-1328+EBP]
   551 00000575 C6 45 C5 00                     	MOV	BYTE [-59+EBP],0
   552 00000579 E9 FFFFFDA1                     	JMP	L29
   553 0000057E                                 L32:
   554 0000057E E8 [00000000]                   	CALL	_io_stihlt
   555 00000583 E9 FFFFFD9F                     	JMP	L2
   556                                          [SECTION .data]
   557 000000A3                                 _closebtn.1:
   558 000000A3 4F 4F 4F 4F 4F 4F 4F 4F 4F 4F   	DB	"OOOOOOOOOOOOOOO@"
       000000AD 4F 4F 4F 4F 4F 40 
   559 000000B3 4F 51 51 51 51 51 51 51 51 51   	DB	"OQQQQQQQQQQQQQ$@"
       000000BD 51 51 51 51 24 40 
   560 000000C3 4F 51 51 51 51 51 51 51 51 51   	DB	"OQQQQQQQQQQQQQ$@"
       000000CD 51 51 51 51 24 40 
   561 000000D3 4F 51 51 51 40 40 51 51 51 51   	DB	"OQQQ@@QQQQ@@QQ$@"
       000000DD 40 40 51 51 24 40 
   562 000000E3 4F 51 51 51 51 40 40 51 51 40   	DB	"OQQQQ@@QQ@@QQQ$@"
       000000ED 40 51 51 51 24 40 
   563 000000F3 4F 51 51 51 51 51 40 40 40 40   	DB	"OQQQQQ@@@@QQQQ$@"
       000000FD 51 51 51 51 24 40 
   564 00000103 4F 51 51 51 51 51 51 40 40 51   	DB	"OQQQQQQ@@QQQQQ$@"
       0000010D 51 51 51 51 24 40 
   565 00000113 4F 51 51 51 51 51 40 40 40 40   	DB	"OQQQQQ@@@@QQQQ$@"
       0000011D 51 51 51 51 24 40 
   566 00000123 4F 51 51 51 51 40 40 51 51 40   	DB	"OQQQQ@@QQ@@QQQ$@"
       0000012D 40 51 51 51 24 40 
   567 00000133 4F 51 51 51 40 40 51 51 51 51   	DB	"OQQQ@@QQQQ@@QQ$@"
       0000013D 40 40 51 51 24 40 
   568 00000143 4F 51 51 51 51 51 51 51 51 51   	DB	"OQQQQQQQQQQQQQ$@"
       0000014D 51 51 51 51 24 40 
   569 00000153 4F 51 51 51 51 51 51 51 51 51   	DB	"OQQQQQQQQQQQQQ$@"
       0000015D 51 51 51 51 24 40 
   570 00000163 4F 24 24 24 24 24 24 24 24 24   	DB	"O$$$$$$$$$$$$$$@"
       0000016D 24 24 24 24 24 40 
   571 00000173 40 40 40 40 40 40 40 40 40 40   	DB	"@@@@@@@@@@@@@@@@"
       0000017D 40 40 40 40 40 40 
   572                                          [SECTION .text]
   573 00000588                                 	GLOBAL	_make_window8
   574 00000588                                 _make_window8:
   575 00000588 55                              	PUSH	EBP
   576 00000589 89 E5                           	MOV	EBP,ESP
   577 0000058B 57                              	PUSH	EDI
   578 0000058C 56                              	PUSH	ESI
   579 0000058D 53                              	PUSH	EBX
   580 0000058E 83 EC 14                        	SUB	ESP,20
   581 00000591 8B 5D 0C                        	MOV	EBX,DWORD [12+EBP]
   582 00000594 6A 00                           	PUSH	0
   583 00000596 8D 43 FF                        	LEA	EAX,DWORD [-1+EBX]
   584 00000599 8D 7B FE                        	LEA	EDI,DWORD [-2+EBX]
   585 0000059C 50                              	PUSH	EAX
   586 0000059D 89 45 EC                        	MOV	DWORD [-20+EBP],EAX
   587 000005A0 6A 00                           	PUSH	0
   588 000005A2 6A 00                           	PUSH	0
   589 000005A4 6A 08                           	PUSH	8
   590 000005A6 53                              	PUSH	EBX
   591 000005A7 FF 75 08                        	PUSH	DWORD [8+EBP]
   592 000005AA E8 [00000000]                   	CALL	_boxfill8
   593 000005AF 6A 01                           	PUSH	1
   594 000005B1 57                              	PUSH	EDI
   595 000005B2 6A 01                           	PUSH	1
   596 000005B4 6A 01                           	PUSH	1
   597 000005B6 6A 07                           	PUSH	7
   598 000005B8 53                              	PUSH	EBX
   599 000005B9 FF 75 08                        	PUSH	DWORD [8+EBP]
   600 000005BC E8 [00000000]                   	CALL	_boxfill8
   601 000005C1 8B 55 10                        	MOV	EDX,DWORD [16+EBP]
   602 000005C4 83 C4 38                        	ADD	ESP,56
   603 000005C7 4A                              	DEC	EDX
   604 000005C8 89 55 E8                        	MOV	DWORD [-24+EBP],EDX
   605 000005CB 52                              	PUSH	EDX
   606 000005CC 6A 00                           	PUSH	0
   607 000005CE 6A 00                           	PUSH	0
   608 000005D0 6A 00                           	PUSH	0
   609 000005D2 6A 08                           	PUSH	8
   610 000005D4 53                              	PUSH	EBX
   611 000005D5 FF 75 08                        	PUSH	DWORD [8+EBP]
   612 000005D8 E8 [00000000]                   	CALL	_boxfill8
   613 000005DD 8B 75 10                        	MOV	ESI,DWORD [16+EBP]
   614 000005E0 83 EE 02                        	SUB	ESI,2
   615 000005E3 56                              	PUSH	ESI
   616 000005E4 6A 01                           	PUSH	1
   617 000005E6 6A 01                           	PUSH	1
   618 000005E8 6A 01                           	PUSH	1
   619 000005EA 6A 07                           	PUSH	7
   620 000005EC 53                              	PUSH	EBX
   621 000005ED FF 75 08                        	PUSH	DWORD [8+EBP]
   622 000005F0 E8 [00000000]                   	CALL	_boxfill8
   623 000005F5 83 C4 38                        	ADD	ESP,56
   624 000005F8 56                              	PUSH	ESI
   625 000005F9 57                              	PUSH	EDI
   626 000005FA 6A 01                           	PUSH	1
   627 000005FC 57                              	PUSH	EDI
   628 000005FD 6A 0F                           	PUSH	15
   629 000005FF 53                              	PUSH	EBX
   630 00000600 FF 75 08                        	PUSH	DWORD [8+EBP]
   631 00000603 E8 [00000000]                   	CALL	_boxfill8
   632 00000608 FF 75 E8                        	PUSH	DWORD [-24+EBP]
   633 0000060B FF 75 EC                        	PUSH	DWORD [-20+EBP]
   634 0000060E 6A 00                           	PUSH	0
   635 00000610 FF 75 EC                        	PUSH	DWORD [-20+EBP]
   636 00000613 6A 00                           	PUSH	0
   637 00000615 53                              	PUSH	EBX
   638 00000616 FF 75 08                        	PUSH	DWORD [8+EBP]
   639 00000619 E8 [00000000]                   	CALL	_boxfill8
   640 0000061E 8B 45 10                        	MOV	EAX,DWORD [16+EBP]
   641 00000621 83 C4 38                        	ADD	ESP,56
   642 00000624 83 E8 03                        	SUB	EAX,3
   643 00000627 50                              	PUSH	EAX
   644 00000628 8D 43 FD                        	LEA	EAX,DWORD [-3+EBX]
   645 0000062B 50                              	PUSH	EAX
   646 0000062C 6A 02                           	PUSH	2
   647 0000062E 6A 02                           	PUSH	2
   648 00000630 6A 08                           	PUSH	8
   649 00000632 53                              	PUSH	EBX
   650 00000633 FF 75 08                        	PUSH	DWORD [8+EBP]
   651 00000636 E8 [00000000]                   	CALL	_boxfill8
   652 0000063B 8D 43 FC                        	LEA	EAX,DWORD [-4+EBX]
   653 0000063E 6A 14                           	PUSH	20
   654 00000640 50                              	PUSH	EAX
   655 00000641 6A 03                           	PUSH	3
   656 00000643 6A 03                           	PUSH	3
   657 00000645 6A 0C                           	PUSH	12
   658 00000647 53                              	PUSH	EBX
   659 00000648 FF 75 08                        	PUSH	DWORD [8+EBP]
   660 0000064B E8 [00000000]                   	CALL	_boxfill8
   661 00000650 83 C4 38                        	ADD	ESP,56
   662 00000653 56                              	PUSH	ESI
   663 00000654 57                              	PUSH	EDI
   664 00000655 56                              	PUSH	ESI
   665 00000656 6A 01                           	PUSH	1
   666 00000658 6A 0F                           	PUSH	15
   667 0000065A 53                              	PUSH	EBX
   668 0000065B FF 75 08                        	PUSH	DWORD [8+EBP]
   669 0000065E E8 [00000000]                   	CALL	_boxfill8
   670 00000663 FF 75 E8                        	PUSH	DWORD [-24+EBP]
   671 00000666 FF 75 EC                        	PUSH	DWORD [-20+EBP]
   672 00000669 FF 75 E8                        	PUSH	DWORD [-24+EBP]
   673 0000066C 6A 00                           	PUSH	0
   674 0000066E 6A 00                           	PUSH	0
   675 00000670 6B F3 05                        	IMUL	ESI,EBX,5
   676 00000673 53                              	PUSH	EBX
   677 00000674 FF 75 08                        	PUSH	DWORD [8+EBP]
   678 00000677 E8 [00000000]                   	CALL	_boxfill8
   679 0000067C 83 C4 38                        	ADD	ESP,56
   680 0000067F FF 75 14                        	PUSH	DWORD [20+EBP]
   681 00000682 6A 07                           	PUSH	7
   682 00000684 6A 04                           	PUSH	4
   683 00000686 6A 18                           	PUSH	24
   684 00000688 53                              	PUSH	EBX
   685 00000689 FF 75 08                        	PUSH	DWORD [8+EBP]
   686 0000068C E8 [00000000]                   	CALL	_putfonts8_asc
   687 00000691 83 C4 18                        	ADD	ESP,24
   688 00000694 C7 45 F0 00000000               	MOV	DWORD [-16+EBP],0
   689 0000069B C7 45 E0 00000000               	MOV	DWORD [-32+EBP],0
   690 000006A2                                 L56:
   691 000006A2 8D 04 1E                        	LEA	EAX,DWORD [ESI+EBX*1]
   692 000006A5 8B 55 08                        	MOV	EDX,DWORD [8+EBP]
   693 000006A8 31 FF                           	XOR	EDI,EDI
   694 000006AA 8D 4C 02 EB                     	LEA	ECX,DWORD [-21+EDX+EAX*1]
   695 000006AE                                 L55:
   696 000006AE 8B 45 E0                        	MOV	EAX,DWORD [-32+EBP]
   697 000006B1 8A 94 07 [000000A3]             	MOV	DL,BYTE [_closebtn.1+EDI+EAX*1]
   698 000006B8 80 FA 40                        	CMP	DL,64
   699 000006BB 74 33                           	JE	L61
   700 000006BD 80 FA 24                        	CMP	DL,36
   701 000006C0 74 2A                           	JE	L62
   702 000006C2 80 FA 51                        	CMP	DL,81
   703 000006C5 B2 08                           	MOV	DL,8
   704 000006C7 0F 95 C0                        	SETNE	AL
   705 000006CA 28 C2                           	SUB	DL,AL
   706 000006CC                                 L50:
   707 000006CC 47                              	INC	EDI
   708 000006CD 88 11                           	MOV	BYTE [ECX],DL
   709 000006CF 41                              	INC	ECX
   710 000006D0 83 FF 0F                        	CMP	EDI,15
   711 000006D3 7E D9                           	JLE	L55
   712 000006D5 FF 45 F0                        	INC	DWORD [-16+EBP]
   713 000006D8 01 DE                           	ADD	ESI,EBX
   714 000006DA 83 45 E0 10                     	ADD	DWORD [-32+EBP],16
   715 000006DE 83 7D F0 0D                     	CMP	DWORD [-16+EBP],13
   716 000006E2 7E BE                           	JLE	L56
   717 000006E4 8D 65 F4                        	LEA	ESP,DWORD [-12+EBP]
   718 000006E7 5B                              	POP	EBX
   719 000006E8 5E                              	POP	ESI
   720 000006E9 5F                              	POP	EDI
   721 000006EA 5D                              	POP	EBP
   722 000006EB C3                              	RET
   723 000006EC                                 L62:
   724 000006EC B2 0F                           	MOV	DL,15
   725 000006EE EB DC                           	JMP	L50
   726 000006F0                                 L61:
   727 000006F0 31 D2                           	XOR	EDX,EDX
   728 000006F2 EB D8                           	JMP	L50
   729 000006F4                                 	GLOBAL	_putfonts8_asc_sht
   730 000006F4                                 _putfonts8_asc_sht:
   731 000006F4 55                              	PUSH	EBP
   732 000006F5 89 E5                           	MOV	EBP,ESP
   733 000006F7 57                              	PUSH	EDI
   734 000006F8 56                              	PUSH	ESI
   735 000006F9 53                              	PUSH	EBX
   736 000006FA 83 EC 0C                        	SUB	ESP,12
   737 000006FD 8B 45 08                        	MOV	EAX,DWORD [8+EBP]
   738 00000700 8B 7D 10                        	MOV	EDI,DWORD [16+EBP]
   739 00000703 89 45 F0                        	MOV	DWORD [-16+EBP],EAX
   740 00000706 8B 5D 14                        	MOV	EBX,DWORD [20+EBP]
   741 00000709 8B 45 0C                        	MOV	EAX,DWORD [12+EBP]
   742 0000070C 89 45 EC                        	MOV	DWORD [-20+EBP],EAX
   743 0000070F 8B 45 1C                        	MOV	EAX,DWORD [28+EBP]
   744 00000712 89 45 E8                        	MOV	DWORD [-24+EBP],EAX
   745 00000715 8D 47 0F                        	LEA	EAX,DWORD [15+EDI]
   746 00000718 50                              	PUSH	EAX
   747 00000719 8B 45 EC                        	MOV	EAX,DWORD [-20+EBP]
   748 0000071C 8B 75 20                        	MOV	ESI,DWORD [32+EBP]
   749 0000071F 0F BE DB                        	MOVSX	EBX,BL
   750 00000722 8D 34 F0                        	LEA	ESI,DWORD [EAX+ESI*8]
   751 00000725 8D 46 FF                        	LEA	EAX,DWORD [-1+ESI]
   752 00000728 50                              	PUSH	EAX
   753 00000729 57                              	PUSH	EDI
   754 0000072A FF 75 EC                        	PUSH	DWORD [-20+EBP]
   755 0000072D 0F B6 45 18                     	MOVZX	EAX,BYTE [24+EBP]
   756 00000731 50                              	PUSH	EAX
   757 00000732 8B 45 F0                        	MOV	EAX,DWORD [-16+EBP]
   758 00000735 FF 70 04                        	PUSH	DWORD [4+EAX]
   759 00000738 FF 30                           	PUSH	DWORD [EAX]
   760 0000073A E8 [00000000]                   	CALL	_boxfill8
   761 0000073F FF 75 E8                        	PUSH	DWORD [-24+EBP]
   762 00000742 53                              	PUSH	EBX
   763 00000743 57                              	PUSH	EDI
   764 00000744 FF 75 EC                        	PUSH	DWORD [-20+EBP]
   765 00000747 8B 45 F0                        	MOV	EAX,DWORD [-16+EBP]
   766 0000074A FF 70 04                        	PUSH	DWORD [4+EAX]
   767 0000074D FF 30                           	PUSH	DWORD [EAX]
   768 0000074F E8 [00000000]                   	CALL	_putfonts8_asc
   769 00000754 89 7D 10                        	MOV	DWORD [16+EBP],EDI
   770 00000757 8D 47 10                        	LEA	EAX,DWORD [16+EDI]
   771 0000075A 89 75 14                        	MOV	DWORD [20+EBP],ESI
   772 0000075D 89 45 18                        	MOV	DWORD [24+EBP],EAX
   773 00000760 83 C4 34                        	ADD	ESP,52
   774 00000763 8B 45 EC                        	MOV	EAX,DWORD [-20+EBP]
   775 00000766 89 45 0C                        	MOV	DWORD [12+EBP],EAX
   776 00000769 8B 45 F0                        	MOV	EAX,DWORD [-16+EBP]
   777 0000076C 89 45 08                        	MOV	DWORD [8+EBP],EAX
   778 0000076F 8D 65 F4                        	LEA	ESP,DWORD [-12+EBP]
   779 00000772 5B                              	POP	EBX
   780 00000773 5E                              	POP	ESI
   781 00000774 5F                              	POP	EDI
   782 00000775 5D                              	POP	EBP
   783 00000776 E9 [00000000]                   	JMP	_sheet_refresh
