     1 00000000                                 [FORMAT "WCOFF"]
     2 00000000                                 [INSTRSET "i486p"]
     3 00000000                                 [OPTIMIZE 1]
     4 00000000                                 [OPTION 1]
     5 00000000                                 [BITS 32]
     6 00000000                                 	EXTERN	_init_gdtidt
     7 00000000                                 	EXTERN	_init_pic
     8 00000000                                 	EXTERN	_io_sti
     9 00000000                                 	EXTERN	_keyfifo
    10 00000000                                 	EXTERN	_fifo8_init
    11 00000000                                 	EXTERN	_mousefifo
    12 00000000                                 	EXTERN	_timer_alloc
    13 00000000                                 	EXTERN	_timer_init
    14 00000000                                 	EXTERN	_timer_settime
    15 00000000                                 	EXTERN	_init_pit
    16 00000000                                 	EXTERN	_io_out8
    17 00000000                                 	EXTERN	_init_keyboard
    18 00000000                                 	EXTERN	_enable_mouse
    19 00000000                                 	EXTERN	_memtest
    20 00000000                                 	EXTERN	_memman_init
    21 00000000                                 	EXTERN	_memman_free
    22 00000000                                 	EXTERN	_init_palette
    23 00000000                                 	EXTERN	_shtctl_init
    24 00000000                                 	EXTERN	_sheet_alloc
    25 00000000                                 	EXTERN	_memman_alloc_4k
    26 00000000                                 	EXTERN	_sheet_setbuf
    27 00000000                                 	EXTERN	_init_screen8
    28 00000000                                 	EXTERN	_init_mouse_cursor8
    29 00000000                                 	EXTERN	_sheet_slide
    30 00000000                                 	EXTERN	_sheet_updown
    31 00000000                                 	EXTERN	_sprintf
    32 00000000                                 	EXTERN	_putfonts8_asc
    33 00000000                                 	EXTERN	_memman_total
    34 00000000                                 	EXTERN	_sheet_refresh
    35 00000000                                 	EXTERN	_timerctl
    36 00000000                                 	EXTERN	_boxfill8
    37 00000000                                 	EXTERN	_io_cli
    38 00000000                                 	EXTERN	_fifo8_status
    39 00000000                                 	EXTERN	_fifo8_get
    40 00000000                                 	EXTERN	_mouse_decode
    41 00000000                                 [FILE "bootpack.c"]
    42                                          [SECTION .data]
    43 00000000                                 LC0:
    44 00000000 43 6F 75 6E 74 65 72 00         	DB	"Counter",0x00
    45 00000008                                 LC1:
    46 00000008 28 25 33 64 2C 20 25 33 64 29   	DB	"(%3d, %3d)",0x00
       00000012 00 
    47 00000013                                 LC2:
    48 00000013 6D 65 6D 6F 72 79 20 25 64 4D   	DB	"memory %dMB   free : %dKB",0x00
       0000001D 42 20 20 20 66 72 65 65 20 3A 
       00000027 20 25 64 4B 42 00 
    49 0000002D                                 LC3:
    50 0000002D 25 30 31 30 64 00               	DB	"%010d",0x00
    51 00000033                                 LC6:
    52 00000033 31 30 5B 73 65 63 5D 00         	DB	"10[sec]",0x00
    53 0000003B                                 LC5:
    54 0000003B 5B 6C 63 72 20 25 34 64 20 25   	DB	"[lcr %4d %4d]",0x00
       00000045 34 64 5D 00 
    55 00000049                                 LC4:
    56 00000049 25 30 32 58 00                  	DB	"%02X",0x00
    57                                          [SECTION .text]
    58 00000000                                 	GLOBAL	_HariMain
    59 00000000                                 _HariMain:
    60 00000000 55                              	PUSH	EBP
    61 00000001 89 E5                           	MOV	EBP,ESP
    62 00000003 57                              	PUSH	EDI
    63 00000004 56                              	PUSH	ESI
    64 00000005 53                              	PUSH	EBX
    65 00000006 8D B5 FFFFFCE4                  	LEA	ESI,DWORD [-796+EBP]
    66 0000000C 81 EC 0000038C                  	SUB	ESP,908
    67 00000012 E8 [00000000]                   	CALL	_init_gdtidt
    68 00000017 E8 [00000000]                   	CALL	_init_pic
    69 0000001C E8 [00000000]                   	CALL	_io_sti
    70 00000021 8D 85 FFFFFEA4                  	LEA	EAX,DWORD [-348+EBP]
    71 00000027 50                              	PUSH	EAX
    72 00000028 6A 20                           	PUSH	32
    73 0000002A 68 [00000000]                   	PUSH	_keyfifo
    74 0000002F E8 [00000000]                   	CALL	_fifo8_init
    75 00000034 8D 85 FFFFFE24                  	LEA	EAX,DWORD [-476+EBP]
    76 0000003A 50                              	PUSH	EAX
    77 0000003B 68 00000080                     	PUSH	128
    78 00000040 68 [00000000]                   	PUSH	_mousefifo
    79 00000045 E8 [00000000]                   	CALL	_fifo8_init
    80 0000004A 8D 85 FFFFFC9C                  	LEA	EAX,DWORD [-868+EBP]
    81 00000050 50                              	PUSH	EAX
    82 00000051 6A 08                           	PUSH	8
    83 00000053 56                              	PUSH	ESI
    84 00000054 E8 [00000000]                   	CALL	_fifo8_init
    85 00000059 83 C4 24                        	ADD	ESP,36
    86 0000005C E8 [00000000]                   	CALL	_timer_alloc
    87 00000061 6A 01                           	PUSH	1
    88 00000063 89 C3                           	MOV	EBX,EAX
    89 00000065 56                              	PUSH	ESI
    90 00000066 8D B5 FFFFFCC4                  	LEA	ESI,DWORD [-828+EBP]
    91 0000006C 50                              	PUSH	EAX
    92 0000006D E8 [00000000]                   	CALL	_timer_init
    93 00000072 68 000003E8                     	PUSH	1000
    94 00000077 53                              	PUSH	EBX
    95 00000078 E8 [00000000]                   	CALL	_timer_settime
    96 0000007D 8D 85 FFFFFC94                  	LEA	EAX,DWORD [-876+EBP]
    97 00000083 50                              	PUSH	EAX
    98 00000084 6A 08                           	PUSH	8
    99 00000086 56                              	PUSH	ESI
   100 00000087 E8 [00000000]                   	CALL	_fifo8_init
   101 0000008C 83 C4 20                        	ADD	ESP,32
   102 0000008F E8 [00000000]                   	CALL	_timer_alloc
   103 00000094 6A 01                           	PUSH	1
   104 00000096 89 C3                           	MOV	EBX,EAX
   105 00000098 56                              	PUSH	ESI
   106 00000099 50                              	PUSH	EAX
   107 0000009A E8 [00000000]                   	CALL	_timer_init
   108 0000009F 68 0000012C                     	PUSH	300
   109 000000A4 53                              	PUSH	EBX
   110 000000A5 8D 9D FFFFFCA4                  	LEA	EBX,DWORD [-860+EBP]
   111 000000AB E8 [00000000]                   	CALL	_timer_settime
   112 000000B0 8D 85 FFFFFC8C                  	LEA	EAX,DWORD [-884+EBP]
   113 000000B6 50                              	PUSH	EAX
   114 000000B7 6A 08                           	PUSH	8
   115 000000B9 53                              	PUSH	EBX
   116 000000BA E8 [00000000]                   	CALL	_fifo8_init
   117 000000BF 83 C4 20                        	ADD	ESP,32
   118 000000C2 E8 [00000000]                   	CALL	_timer_alloc
   119 000000C7 6A 01                           	PUSH	1
   120 000000C9 53                              	PUSH	EBX
   121 000000CA 89 85 FFFFFC70                  	MOV	DWORD [-912+EBP],EAX
   122 000000D0 50                              	PUSH	EAX
   123 000000D1 E8 [00000000]                   	CALL	_timer_init
   124 000000D6 6A 32                           	PUSH	50
   125 000000D8 FF B5 FFFFFC70                  	PUSH	DWORD [-912+EBP]
   126 000000DE E8 [00000000]                   	CALL	_timer_settime
   127 000000E3 E8 [00000000]                   	CALL	_init_pit
   128 000000E8 68 000000F8                     	PUSH	248
   129 000000ED 6A 21                           	PUSH	33
   130 000000EF E8 [00000000]                   	CALL	_io_out8
   131 000000F4 68 000000EF                     	PUSH	239
   132 000000F9 68 000000A1                     	PUSH	161
   133 000000FE E8 [00000000]                   	CALL	_io_out8
   134 00000103 83 C4 24                        	ADD	ESP,36
   135 00000106 E8 [00000000]                   	CALL	_init_keyboard
   136 0000010B 8D 85 FFFFFE04                  	LEA	EAX,DWORD [-508+EBP]
   137 00000111 50                              	PUSH	EAX
   138 00000112 E8 [00000000]                   	CALL	_enable_mouse
   139 00000117 68 BFFFFFFF                     	PUSH	-1073741825
   140 0000011C 68 00400000                     	PUSH	4194304
   141 00000121 E8 [00000000]                   	CALL	_memtest
   142 00000126 68 003C0000                     	PUSH	3932160
   143 0000012B 89 C6                           	MOV	ESI,EAX
   144 0000012D E8 [00000000]                   	CALL	_memman_init
   145 00000132 68 0009E000                     	PUSH	647168
   146 00000137 68 00001000                     	PUSH	4096
   147 0000013C 68 003C0000                     	PUSH	3932160
   148 00000141 E8 [00000000]                   	CALL	_memman_free
   149 00000146 8D 86 FFC00000                  	LEA	EAX,DWORD [-4194304+ESI]
   150 0000014C 50                              	PUSH	EAX
   151 0000014D 68 00400000                     	PUSH	4194304
   152 00000152 68 003C0000                     	PUSH	3932160
   153 00000157 E8 [00000000]                   	CALL	_memman_free
   154 0000015C 83 C4 28                        	ADD	ESP,40
   155 0000015F E8 [00000000]                   	CALL	_init_palette
   156 00000164 0F BF 05 00000FF6               	MOVSX	EAX,WORD [4086]
   157 0000016B 50                              	PUSH	EAX
   158 0000016C 0F BF 05 00000FF4               	MOVSX	EAX,WORD [4084]
   159 00000173 50                              	PUSH	EAX
   160 00000174 FF 35 00000FF8                  	PUSH	DWORD [4088]
   161 0000017A 68 003C0000                     	PUSH	3932160
   162 0000017F E8 [00000000]                   	CALL	_shtctl_init
   163 00000184 89 C3                           	MOV	EBX,EAX
   164 00000186 50                              	PUSH	EAX
   165 00000187 E8 [00000000]                   	CALL	_sheet_alloc
   166 0000018C 53                              	PUSH	EBX
   167 0000018D 89 85 FFFFFC80                  	MOV	DWORD [-896+EBP],EAX
   168 00000193 E8 [00000000]                   	CALL	_sheet_alloc
   169 00000198 53                              	PUSH	EBX
   170 00000199 8D 9D FFFFFD04                  	LEA	EBX,DWORD [-764+EBP]
   171 0000019F 89 85 FFFFFC7C                  	MOV	DWORD [-900+EBP],EAX
   172 000001A5 E8 [00000000]                   	CALL	_sheet_alloc
   173 000001AA 0F BF 15 00000FF6               	MOVSX	EDX,WORD [4086]
   174 000001B1 89 85 FFFFFC78                  	MOV	DWORD [-904+EBP],EAX
   175 000001B7 0F BF 05 00000FF4               	MOVSX	EAX,WORD [4084]
   176 000001BE 0F AF C2                        	IMUL	EAX,EDX
   177 000001C1 50                              	PUSH	EAX
   178 000001C2 68 003C0000                     	PUSH	3932160
   179 000001C7 E8 [00000000]                   	CALL	_memman_alloc_4k
   180 000001CC 83 C4 24                        	ADD	ESP,36
   181 000001CF 89 C7                           	MOV	EDI,EAX
   182 000001D1 68 00002080                     	PUSH	8320
   183 000001D6 68 003C0000                     	PUSH	3932160
   184 000001DB E8 [00000000]                   	CALL	_memman_alloc_4k
   185 000001E0 6A FF                           	PUSH	-1
   186 000001E2 89 85 FFFFFC74                  	MOV	DWORD [-908+EBP],EAX
   187 000001E8 0F BF 05 00000FF6               	MOVSX	EAX,WORD [4086]
   188 000001EF 50                              	PUSH	EAX
   189 000001F0 0F BF 05 00000FF4               	MOVSX	EAX,WORD [4084]
   190 000001F7 50                              	PUSH	EAX
   191 000001F8 57                              	PUSH	EDI
   192 000001F9 FF B5 FFFFFC80                  	PUSH	DWORD [-896+EBP]
   193 000001FF E8 [00000000]                   	CALL	_sheet_setbuf
   194 00000204 6A 63                           	PUSH	99
   195 00000206 6A 10                           	PUSH	16
   196 00000208 6A 10                           	PUSH	16
   197 0000020A 53                              	PUSH	EBX
   198 0000020B FF B5 FFFFFC7C                  	PUSH	DWORD [-900+EBP]
   199 00000211 E8 [00000000]                   	CALL	_sheet_setbuf
   200 00000216 83 C4 30                        	ADD	ESP,48
   201 00000219 6A FF                           	PUSH	-1
   202 0000021B 6A 44                           	PUSH	68
   203 0000021D 68 000000A0                     	PUSH	160
   204 00000222 FF B5 FFFFFC74                  	PUSH	DWORD [-908+EBP]
   205 00000228 FF B5 FFFFFC78                  	PUSH	DWORD [-904+EBP]
   206 0000022E E8 [00000000]                   	CALL	_sheet_setbuf
   207 00000233 0F BF 05 00000FF6               	MOVSX	EAX,WORD [4086]
   208 0000023A 50                              	PUSH	EAX
   209 0000023B 0F BF 05 00000FF4               	MOVSX	EAX,WORD [4084]
   210 00000242 50                              	PUSH	EAX
   211 00000243 57                              	PUSH	EDI
   212 00000244 E8 [00000000]                   	CALL	_init_screen8
   213 00000249 83 C4 20                        	ADD	ESP,32
   214 0000024C 6A 63                           	PUSH	99
   215 0000024E 53                              	PUSH	EBX
   216 0000024F BB 00000002                     	MOV	EBX,2
   217 00000254 E8 [00000000]                   	CALL	_init_mouse_cursor8
   218 00000259 68 [00000000]                   	PUSH	LC0
   219 0000025E 6A 44                           	PUSH	68
   220 00000260 68 000000A0                     	PUSH	160
   221 00000265 FF B5 FFFFFC74                  	PUSH	DWORD [-908+EBP]
   222 0000026B E8 0000051A                     	CALL	_make_window8
   223 00000270 6A 00                           	PUSH	0
   224 00000272 6A 00                           	PUSH	0
   225 00000274 FF B5 FFFFFC80                  	PUSH	DWORD [-896+EBP]
   226 0000027A E8 [00000000]                   	CALL	_sheet_slide
   227 0000027F 83 C4 24                        	ADD	ESP,36
   228 00000282 0F BF 05 00000FF4               	MOVSX	EAX,WORD [4084]
   229 00000289 8D 48 F0                        	LEA	ECX,DWORD [-16+EAX]
   230 0000028C 89 C8                           	MOV	EAX,ECX
   231 0000028E 99                              	CDQ
   232 0000028F F7 FB                           	IDIV	EBX
   233 00000291 89 85 FFFFFC88                  	MOV	DWORD [-888+EBP],EAX
   234 00000297 0F BF 05 00000FF6               	MOVSX	EAX,WORD [4086]
   235 0000029E 8D 48 D4                        	LEA	ECX,DWORD [-44+EAX]
   236 000002A1 89 C8                           	MOV	EAX,ECX
   237 000002A3 99                              	CDQ
   238 000002A4 F7 FB                           	IDIV	EBX
   239 000002A6 50                              	PUSH	EAX
   240 000002A7 89 85 FFFFFC84                  	MOV	DWORD [-892+EBP],EAX
   241 000002AD FF B5 FFFFFC88                  	PUSH	DWORD [-888+EBP]
   242 000002B3 FF B5 FFFFFC7C                  	PUSH	DWORD [-900+EBP]
   243 000002B9 8D 5D C4                        	LEA	EBX,DWORD [-60+EBP]
   244 000002BC E8 [00000000]                   	CALL	_sheet_slide
   245 000002C1 6A 48                           	PUSH	72
   246 000002C3 6A 50                           	PUSH	80
   247 000002C5 FF B5 FFFFFC78                  	PUSH	DWORD [-904+EBP]
   248 000002CB E8 [00000000]                   	CALL	_sheet_slide
   249 000002D0 6A 00                           	PUSH	0
   250 000002D2 FF B5 FFFFFC80                  	PUSH	DWORD [-896+EBP]
   251 000002D8 E8 [00000000]                   	CALL	_sheet_updown
   252 000002DD 83 C4 20                        	ADD	ESP,32
   253 000002E0 6A 01                           	PUSH	1
   254 000002E2 FF B5 FFFFFC78                  	PUSH	DWORD [-904+EBP]
   255 000002E8 E8 [00000000]                   	CALL	_sheet_updown
   256 000002ED 6A 02                           	PUSH	2
   257 000002EF FF B5 FFFFFC7C                  	PUSH	DWORD [-900+EBP]
   258 000002F5 E8 [00000000]                   	CALL	_sheet_updown
   259 000002FA FF B5 FFFFFC84                  	PUSH	DWORD [-892+EBP]
   260 00000300 FF B5 FFFFFC88                  	PUSH	DWORD [-888+EBP]
   261 00000306 68 [00000008]                   	PUSH	LC1
   262 0000030B 53                              	PUSH	EBX
   263 0000030C E8 [00000000]                   	CALL	_sprintf
   264 00000311 83 C4 20                        	ADD	ESP,32
   265 00000314 53                              	PUSH	EBX
   266 00000315 6A 07                           	PUSH	7
   267 00000317 6A 00                           	PUSH	0
   268 00000319 6A 00                           	PUSH	0
   269 0000031B 0F BF 05 00000FF4               	MOVSX	EAX,WORD [4084]
   270 00000322 50                              	PUSH	EAX
   271 00000323 57                              	PUSH	EDI
   272 00000324 E8 [00000000]                   	CALL	_putfonts8_asc
   273 00000329 68 003C0000                     	PUSH	3932160
   274 0000032E E8 [00000000]                   	CALL	_memman_total
   275 00000333 C1 E8 0A                        	SHR	EAX,10
   276 00000336 C1 EE 14                        	SHR	ESI,20
   277 00000339 89 04 24                        	MOV	DWORD [ESP],EAX
   278 0000033C 56                              	PUSH	ESI
   279 0000033D 68 [00000013]                   	PUSH	LC2
   280 00000342 53                              	PUSH	EBX
   281 00000343 E8 [00000000]                   	CALL	_sprintf
   282 00000348 83 C4 28                        	ADD	ESP,40
   283 0000034B 53                              	PUSH	EBX
   284 0000034C 6A 07                           	PUSH	7
   285 0000034E 6A 20                           	PUSH	32
   286 00000350 6A 00                           	PUSH	0
   287 00000352 0F BF 05 00000FF4               	MOVSX	EAX,WORD [4084]
   288 00000359 50                              	PUSH	EAX
   289 0000035A 57                              	PUSH	EDI
   290 0000035B E8 [00000000]                   	CALL	_putfonts8_asc
   291 00000360 6A 30                           	PUSH	48
   292 00000362 0F BF 05 00000FF4               	MOVSX	EAX,WORD [4084]
   293 00000369 50                              	PUSH	EAX
   294 0000036A 6A 00                           	PUSH	0
   295 0000036C                                 L26:
   296 0000036C 6A 00                           	PUSH	0
   297 0000036E FF B5 FFFFFC80                  	PUSH	DWORD [-896+EBP]
   298 00000374 E8 [00000000]                   	CALL	_sheet_refresh
   299 00000379 83 C4 2C                        	ADD	ESP,44
   300 0000037C                                 L2:
   301 0000037C FF 35 [00000000]                	PUSH	DWORD [_timerctl]
   302 00000382 68 [0000002D]                   	PUSH	LC3
   303 00000387 8D 5D C4                        	LEA	EBX,DWORD [-60+EBP]
   304 0000038A 53                              	PUSH	EBX
   305 0000038B E8 [00000000]                   	CALL	_sprintf
   306 00000390 6A 2B                           	PUSH	43
   307 00000392 6A 77                           	PUSH	119
   308 00000394 6A 1C                           	PUSH	28
   309 00000396 6A 28                           	PUSH	40
   310 00000398 6A 08                           	PUSH	8
   311 0000039A 68 000000A0                     	PUSH	160
   312 0000039F FF B5 FFFFFC74                  	PUSH	DWORD [-908+EBP]
   313 000003A5 E8 [00000000]                   	CALL	_boxfill8
   314 000003AA 83 C4 28                        	ADD	ESP,40
   315 000003AD 53                              	PUSH	EBX
   316 000003AE 6A 00                           	PUSH	0
   317 000003B0 6A 1C                           	PUSH	28
   318 000003B2 6A 28                           	PUSH	40
   319 000003B4 68 000000A0                     	PUSH	160
   320 000003B9 FF B5 FFFFFC74                  	PUSH	DWORD [-908+EBP]
   321 000003BF E8 [00000000]                   	CALL	_putfonts8_asc
   322 000003C4 6A 2C                           	PUSH	44
   323 000003C6 6A 78                           	PUSH	120
   324 000003C8 6A 1C                           	PUSH	28
   325 000003CA 6A 28                           	PUSH	40
   326 000003CC FF B5 FFFFFC78                  	PUSH	DWORD [-904+EBP]
   327 000003D2 E8 [00000000]                   	CALL	_sheet_refresh
   328 000003D7 83 C4 2C                        	ADD	ESP,44
   329 000003DA E8 [00000000]                   	CALL	_io_cli
   330 000003DF 68 [00000000]                   	PUSH	_keyfifo
   331 000003E4 E8 [00000000]                   	CALL	_fifo8_status
   332 000003E9 5E                              	POP	ESI
   333 000003EA 85 C0                           	TEST	EAX,EAX
   334 000003EC 75 45                           	JNE	L5
   335 000003EE 68 [00000000]                   	PUSH	_mousefifo
   336 000003F3 E8 [00000000]                   	CALL	_fifo8_status
   337 000003F8 5B                              	POP	EBX
   338 000003F9 85 C0                           	TEST	EAX,EAX
   339 000003FB 75 36                           	JNE	L5
   340 000003FD 8D 85 FFFFFCE4                  	LEA	EAX,DWORD [-796+EBP]
   341 00000403 50                              	PUSH	EAX
   342 00000404 E8 [00000000]                   	CALL	_fifo8_status
   343 00000409 89 C3                           	MOV	EBX,EAX
   344 0000040B 8D 85 FFFFFCC4                  	LEA	EAX,DWORD [-828+EBP]
   345 00000411 50                              	PUSH	EAX
   346 00000412 E8 [00000000]                   	CALL	_fifo8_status
   347 00000417 01 C3                           	ADD	EBX,EAX
   348 00000419 8D 85 FFFFFCA4                  	LEA	EAX,DWORD [-860+EBP]
   349 0000041F 50                              	PUSH	EAX
   350 00000420 E8 [00000000]                   	CALL	_fifo8_status
   351 00000425 83 C4 0C                        	ADD	ESP,12
   352 00000428 8D 04 18                        	LEA	EAX,DWORD [EAX+EBX*1]
   353 0000042B 85 C0                           	TEST	EAX,EAX
   354 0000042D 0F 84 0000034D                  	JE	L28
   355 00000433                                 L5:
   356 00000433 68 [00000000]                   	PUSH	_keyfifo
   357 00000438 E8 [00000000]                   	CALL	_fifo8_status
   358 0000043D 59                              	POP	ECX
   359 0000043E 85 C0                           	TEST	EAX,EAX
   360 00000440 0F 85 000002DF                  	JNE	L29
   361 00000446 68 [00000000]                   	PUSH	_mousefifo
   362 0000044B E8 [00000000]                   	CALL	_fifo8_status
   363 00000450 5A                              	POP	EDX
   364 00000451 85 C0                           	TEST	EAX,EAX
   365 00000453 0F 85 00000121                  	JNE	L30
   366 00000459 8D 9D FFFFFCE4                  	LEA	EBX,DWORD [-796+EBP]
   367 0000045F 53                              	PUSH	EBX
   368 00000460 E8 [00000000]                   	CALL	_fifo8_status
   369 00000465 5E                              	POP	ESI
   370 00000466 85 C0                           	TEST	EAX,EAX
   371 00000468 0F 85 000000CD                  	JNE	L31
   372 0000046E 8D 9D FFFFFCC4                  	LEA	EBX,DWORD [-828+EBP]
   373 00000474 53                              	PUSH	EBX
   374 00000475 E8 [00000000]                   	CALL	_fifo8_status
   375 0000047A 59                              	POP	ECX
   376 0000047B 85 C0                           	TEST	EAX,EAX
   377 0000047D 0F 85 00000092                  	JNE	L32
   378 00000483 8D B5 FFFFFCA4                  	LEA	ESI,DWORD [-860+EBP]
   379 00000489 56                              	PUSH	ESI
   380 0000048A E8 [00000000]                   	CALL	_fifo8_status
   381 0000048F 5A                              	POP	EDX
   382 00000490 85 C0                           	TEST	EAX,EAX
   383 00000492 0F 84 FFFFFEE4                  	JE	L2
   384 00000498 56                              	PUSH	ESI
   385 00000499 E8 [00000000]                   	CALL	_fifo8_get
   386 0000049E 89 C3                           	MOV	EBX,EAX
   387 000004A0 E8 [00000000]                   	CALL	_io_sti
   388 000004A5 58                              	POP	EAX
   389 000004A6 85 DB                           	TEST	EBX,EBX
   390 000004A8 74 51                           	JE	L24
   391 000004AA 6A 00                           	PUSH	0
   392 000004AC 56                              	PUSH	ESI
   393 000004AD FF B5 FFFFFC70                  	PUSH	DWORD [-912+EBP]
   394 000004B3 E8 [00000000]                   	CALL	_timer_init
   395 000004B8 6A 6F                           	PUSH	111
   396 000004BA 6A 0F                           	PUSH	15
   397 000004BC 6A 60                           	PUSH	96
   398 000004BE 6A 08                           	PUSH	8
   399 000004C0 6A 07                           	PUSH	7
   400 000004C2                                 L27:
   401 000004C2 0F BF 05 00000FF4               	MOVSX	EAX,WORD [4084]
   402 000004C9 50                              	PUSH	EAX
   403 000004CA 57                              	PUSH	EDI
   404 000004CB E8 [00000000]                   	CALL	_boxfill8
   405 000004D0 83 C4 28                        	ADD	ESP,40
   406 000004D3 6A 32                           	PUSH	50
   407 000004D5 FF B5 FFFFFC70                  	PUSH	DWORD [-912+EBP]
   408 000004DB E8 [00000000]                   	CALL	_timer_settime
   409 000004E0 6A 70                           	PUSH	112
   410 000004E2 6A 10                           	PUSH	16
   411 000004E4 6A 56                           	PUSH	86
   412 000004E6 6A 08                           	PUSH	8
   413 000004E8 FF B5 FFFFFC80                  	PUSH	DWORD [-896+EBP]
   414 000004EE E8 [00000000]                   	CALL	_sheet_refresh
   415 000004F3 83 C4 1C                        	ADD	ESP,28
   416 000004F6 E9 FFFFFE81                     	JMP	L2
   417 000004FB                                 L24:
   418 000004FB 6A 01                           	PUSH	1
   419 000004FD 56                              	PUSH	ESI
   420 000004FE FF B5 FFFFFC70                  	PUSH	DWORD [-912+EBP]
   421 00000504 E8 [00000000]                   	CALL	_timer_init
   422 00000509 6A 6F                           	PUSH	111
   423 0000050B 6A 0F                           	PUSH	15
   424 0000050D 6A 60                           	PUSH	96
   425 0000050F 6A 08                           	PUSH	8
   426 00000511 6A 0E                           	PUSH	14
   427 00000513 EB AD                           	JMP	L27
   428 00000515                                 L32:
   429 00000515 53                              	PUSH	EBX
   430 00000516 E8 [00000000]                   	CALL	_fifo8_get
   431 0000051B E8 [00000000]                   	CALL	_io_sti
   432 00000520 6A 60                           	PUSH	96
   433 00000522 6A 30                           	PUSH	48
   434 00000524 6A 50                           	PUSH	80
   435 00000526 6A 00                           	PUSH	0
   436 00000528 FF B5 FFFFFC80                  	PUSH	DWORD [-896+EBP]
   437 0000052E E8 [00000000]                   	CALL	_sheet_refresh
   438 00000533 83 C4 18                        	ADD	ESP,24
   439 00000536 E9 FFFFFE41                     	JMP	L2
   440 0000053B                                 L31:
   441 0000053B 53                              	PUSH	EBX
   442 0000053C E8 [00000000]                   	CALL	_fifo8_get
   443 00000541 E8 [00000000]                   	CALL	_io_sti
   444 00000546 68 [00000033]                   	PUSH	LC6
   445 0000054B 6A 07                           	PUSH	7
   446 0000054D 6A 40                           	PUSH	64
   447 0000054F 6A 00                           	PUSH	0
   448 00000551 0F BF 05 00000FF4               	MOVSX	EAX,WORD [4084]
   449 00000558 50                              	PUSH	EAX
   450 00000559 57                              	PUSH	EDI
   451 0000055A E8 [00000000]                   	CALL	_putfonts8_asc
   452 0000055F 6A 50                           	PUSH	80
   453 00000561 6A 38                           	PUSH	56
   454 00000563 6A 40                           	PUSH	64
   455 00000565 6A 00                           	PUSH	0
   456 00000567 FF B5 FFFFFC80                  	PUSH	DWORD [-896+EBP]
   457 0000056D E8 [00000000]                   	CALL	_sheet_refresh
   458 00000572 83 C4 30                        	ADD	ESP,48
   459 00000575 E9 FFFFFE02                     	JMP	L2
   460 0000057A                                 L30:
   461 0000057A 68 [00000000]                   	PUSH	_mousefifo
   462 0000057F E8 [00000000]                   	CALL	_fifo8_get
   463 00000584 89 C3                           	MOV	EBX,EAX
   464 00000586 E8 [00000000]                   	CALL	_io_sti
   465 0000058B 0F B6 C3                        	MOVZX	EAX,BL
   466 0000058E 50                              	PUSH	EAX
   467 0000058F 8D 85 FFFFFE04                  	LEA	EAX,DWORD [-508+EBP]
   468 00000595 50                              	PUSH	EAX
   469 00000596 E8 [00000000]                   	CALL	_mouse_decode
   470 0000059B 83 C4 0C                        	ADD	ESP,12
   471 0000059E 85 C0                           	TEST	EAX,EAX
   472 000005A0 0F 84 FFFFFDD6                  	JE	L2
   473 000005A6 FF B5 FFFFFE0C                  	PUSH	DWORD [-500+EBP]
   474 000005AC FF B5 FFFFFE08                  	PUSH	DWORD [-504+EBP]
   475 000005B2 68 [0000003B]                   	PUSH	LC5
   476 000005B7 8D 5D C4                        	LEA	EBX,DWORD [-60+EBP]
   477 000005BA 53                              	PUSH	EBX
   478 000005BB E8 [00000000]                   	CALL	_sprintf
   479 000005C0 83 C4 10                        	ADD	ESP,16
   480 000005C3 8B 85 FFFFFE10                  	MOV	EAX,DWORD [-496+EBP]
   481 000005C9 A9 00000001                     	TEST	EAX,1
   482 000005CE 74 04                           	JE	L11
   483 000005D0 C6 45 C5 4C                     	MOV	BYTE [-59+EBP],76
   484 000005D4                                 L11:
   485 000005D4 A9 00000002                     	TEST	EAX,2
   486 000005D9 74 04                           	JE	L12
   487 000005DB C6 45 C7 52                     	MOV	BYTE [-57+EBP],82
   488 000005DF                                 L12:
   489 000005DF 83 E0 04                        	AND	EAX,4
   490 000005E2 74 04                           	JE	L13
   491 000005E4 C6 45 C6 43                     	MOV	BYTE [-58+EBP],67
   492 000005E8                                 L13:
   493 000005E8 6A 1F                           	PUSH	31
   494 000005EA 68 00000097                     	PUSH	151
   495 000005EF 6A 10                           	PUSH	16
   496 000005F1 6A 20                           	PUSH	32
   497 000005F3 6A 0E                           	PUSH	14
   498 000005F5 0F BF 05 00000FF4               	MOVSX	EAX,WORD [4084]
   499 000005FC 50                              	PUSH	EAX
   500 000005FD 57                              	PUSH	EDI
   501 000005FE E8 [00000000]                   	CALL	_boxfill8
   502 00000603 53                              	PUSH	EBX
   503 00000604 6A 07                           	PUSH	7
   504 00000606 6A 10                           	PUSH	16
   505 00000608 6A 20                           	PUSH	32
   506 0000060A 0F BF 05 00000FF4               	MOVSX	EAX,WORD [4084]
   507 00000611 50                              	PUSH	EAX
   508 00000612 57                              	PUSH	EDI
   509 00000613 E8 [00000000]                   	CALL	_putfonts8_asc
   510 00000618 83 C4 34                        	ADD	ESP,52
   511 0000061B 6A 20                           	PUSH	32
   512 0000061D 68 00000098                     	PUSH	152
   513 00000622 6A 10                           	PUSH	16
   514 00000624 6A 20                           	PUSH	32
   515 00000626 FF B5 FFFFFC80                  	PUSH	DWORD [-896+EBP]
   516 0000062C E8 [00000000]                   	CALL	_sheet_refresh
   517 00000631 8B 95 FFFFFE08                  	MOV	EDX,DWORD [-504+EBP]
   518 00000637 8B 85 FFFFFE0C                  	MOV	EAX,DWORD [-500+EBP]
   519 0000063D 83 C4 14                        	ADD	ESP,20
   520 00000640 01 85 FFFFFC84                  	ADD	DWORD [-892+EBP],EAX
   521 00000646 01 95 FFFFFC88                  	ADD	DWORD [-888+EBP],EDX
   522 0000064C 0F 88 000000C4                  	JS	L33
   523 00000652                                 L14:
   524 00000652 83 BD FFFFFC84 00               	CMP	DWORD [-892+EBP],0
   525 00000659 0F 88 000000A8                  	JS	L34
   526 0000065F                                 L15:
   527 0000065F 0F BF 05 00000FF4               	MOVSX	EAX,WORD [4084]
   528 00000666 48                              	DEC	EAX
   529 00000667 39 85 FFFFFC88                  	CMP	DWORD [-888+EBP],EAX
   530 0000066D 7E 06                           	JLE	L16
   531 0000066F 89 85 FFFFFC88                  	MOV	DWORD [-888+EBP],EAX
   532 00000675                                 L16:
   533 00000675 0F BF 05 00000FF6               	MOVSX	EAX,WORD [4086]
   534 0000067C 48                              	DEC	EAX
   535 0000067D 39 85 FFFFFC84                  	CMP	DWORD [-892+EBP],EAX
   536 00000683 7E 06                           	JLE	L17
   537 00000685 89 85 FFFFFC84                  	MOV	DWORD [-892+EBP],EAX
   538 0000068B                                 L17:
   539 0000068B FF B5 FFFFFC84                  	PUSH	DWORD [-892+EBP]
   540 00000691 FF B5 FFFFFC88                  	PUSH	DWORD [-888+EBP]
   541 00000697 68 [00000008]                   	PUSH	LC1
   542 0000069C 53                              	PUSH	EBX
   543 0000069D E8 [00000000]                   	CALL	_sprintf
   544 000006A2 6A 0F                           	PUSH	15
   545 000006A4 6A 4F                           	PUSH	79
   546 000006A6 6A 00                           	PUSH	0
   547 000006A8 6A 00                           	PUSH	0
   548 000006AA 6A 0E                           	PUSH	14
   549 000006AC 0F BF 05 00000FF4               	MOVSX	EAX,WORD [4084]
   550 000006B3 50                              	PUSH	EAX
   551 000006B4 57                              	PUSH	EDI
   552 000006B5 E8 [00000000]                   	CALL	_boxfill8
   553 000006BA 83 C4 2C                        	ADD	ESP,44
   554 000006BD 53                              	PUSH	EBX
   555 000006BE 6A 07                           	PUSH	7
   556 000006C0 6A 00                           	PUSH	0
   557 000006C2 6A 00                           	PUSH	0
   558 000006C4 0F BF 05 00000FF4               	MOVSX	EAX,WORD [4084]
   559 000006CB 50                              	PUSH	EAX
   560 000006CC 57                              	PUSH	EDI
   561 000006CD E8 [00000000]                   	CALL	_putfonts8_asc
   562 000006D2 6A 10                           	PUSH	16
   563 000006D4 6A 50                           	PUSH	80
   564 000006D6 6A 00                           	PUSH	0
   565 000006D8 6A 00                           	PUSH	0
   566 000006DA FF B5 FFFFFC80                  	PUSH	DWORD [-896+EBP]
   567 000006E0 E8 [00000000]                   	CALL	_sheet_refresh
   568 000006E5 83 C4 2C                        	ADD	ESP,44
   569 000006E8 FF B5 FFFFFC84                  	PUSH	DWORD [-892+EBP]
   570 000006EE FF B5 FFFFFC88                  	PUSH	DWORD [-888+EBP]
   571 000006F4 FF B5 FFFFFC7C                  	PUSH	DWORD [-900+EBP]
   572 000006FA E8 [00000000]                   	CALL	_sheet_slide
   573 000006FF 83 C4 0C                        	ADD	ESP,12
   574 00000702 E9 FFFFFC75                     	JMP	L2
   575 00000707                                 L34:
   576 00000707 C7 85 FFFFFC84 00000000         	MOV	DWORD [-892+EBP],0
   577 00000711 E9 FFFFFF49                     	JMP	L15
   578 00000716                                 L33:
   579 00000716 C7 85 FFFFFC88 00000000         	MOV	DWORD [-888+EBP],0
   580 00000720 E9 FFFFFF2D                     	JMP	L14
   581 00000725                                 L29:
   582 00000725 68 [00000000]                   	PUSH	_keyfifo
   583 0000072A E8 [00000000]                   	CALL	_fifo8_get
   584 0000072F 89 C3                           	MOV	EBX,EAX
   585 00000731 E8 [00000000]                   	CALL	_io_sti
   586 00000736 53                              	PUSH	EBX
   587 00000737 8D 5D C4                        	LEA	EBX,DWORD [-60+EBP]
   588 0000073A 68 [00000049]                   	PUSH	LC4
   589 0000073F 53                              	PUSH	EBX
   590 00000740 E8 [00000000]                   	CALL	_sprintf
   591 00000745 6A 1F                           	PUSH	31
   592 00000747 6A 0F                           	PUSH	15
   593 00000749 6A 10                           	PUSH	16
   594 0000074B 6A 00                           	PUSH	0
   595 0000074D 6A 0E                           	PUSH	14
   596 0000074F 0F BF 05 00000FF4               	MOVSX	EAX,WORD [4084]
   597 00000756 50                              	PUSH	EAX
   598 00000757 57                              	PUSH	EDI
   599 00000758 E8 [00000000]                   	CALL	_boxfill8
   600 0000075D 83 C4 2C                        	ADD	ESP,44
   601 00000760 53                              	PUSH	EBX
   602 00000761 6A 07                           	PUSH	7
   603 00000763 6A 10                           	PUSH	16
   604 00000765 6A 00                           	PUSH	0
   605 00000767 0F BF 05 00000FF4               	MOVSX	EAX,WORD [4084]
   606 0000076E 50                              	PUSH	EAX
   607 0000076F 57                              	PUSH	EDI
   608 00000770 E8 [00000000]                   	CALL	_putfonts8_asc
   609 00000775 6A 20                           	PUSH	32
   610 00000777 6A 10                           	PUSH	16
   611 00000779 6A 10                           	PUSH	16
   612 0000077B E9 FFFFFBEC                     	JMP	L26
   613 00000780                                 L28:
   614 00000780 E8 [00000000]                   	CALL	_io_sti
   615 00000785 E9 FFFFFBF2                     	JMP	L2
   616                                          [SECTION .data]
   617 0000004E                                 _closebtn.0:
   618 0000004E 4F 4F 4F 4F 4F 4F 4F 4F 4F 4F   	DB	"OOOOOOOOOOOOOOO@"
       00000058 4F 4F 4F 4F 4F 40 
   619 0000005E 4F 51 51 51 51 51 51 51 51 51   	DB	"OQQQQQQQQQQQQQ$@"
       00000068 51 51 51 51 24 40 
   620 0000006E 4F 51 51 51 51 51 51 51 51 51   	DB	"OQQQQQQQQQQQQQ$@"
       00000078 51 51 51 51 24 40 
   621 0000007E 4F 51 51 51 40 40 51 51 51 51   	DB	"OQQQ@@QQQQ@@QQ$@"
       00000088 40 40 51 51 24 40 
   622 0000008E 4F 51 51 51 51 40 40 51 51 40   	DB	"OQQQQ@@QQ@@QQQ$@"
       00000098 40 51 51 51 24 40 
   623 0000009E 4F 51 51 51 51 51 40 40 40 40   	DB	"OQQQQQ@@@@QQQQ$@"
       000000A8 51 51 51 51 24 40 
   624 000000AE 4F 51 51 51 51 51 51 40 40 51   	DB	"OQQQQQQ@@QQQQQ$@"
       000000B8 51 51 51 51 24 40 
   625 000000BE 4F 51 51 51 51 51 40 40 40 40   	DB	"OQQQQQ@@@@QQQQ$@"
       000000C8 51 51 51 51 24 40 
   626 000000CE 4F 51 51 51 51 40 40 51 51 40   	DB	"OQQQQ@@QQ@@QQQ$@"
       000000D8 40 51 51 51 24 40 
   627 000000DE 4F 51 51 51 40 40 51 51 51 51   	DB	"OQQQ@@QQQQ@@QQ$@"
       000000E8 40 40 51 51 24 40 
   628 000000EE 4F 51 51 51 51 51 51 51 51 51   	DB	"OQQQQQQQQQQQQQ$@"
       000000F8 51 51 51 51 24 40 
   629 000000FE 4F 51 51 51 51 51 51 51 51 51   	DB	"OQQQQQQQQQQQQQ$@"
       00000108 51 51 51 51 24 40 
   630 0000010E 4F 24 24 24 24 24 24 24 24 24   	DB	"O$$$$$$$$$$$$$$@"
       00000118 24 24 24 24 24 40 
   631 0000011E 40 40 40 40 40 40 40 40 40 40   	DB	"@@@@@@@@@@@@@@@@"
       00000128 40 40 40 40 40 40 
   632                                          [SECTION .text]
   633 0000078A                                 	GLOBAL	_make_window8
   634 0000078A                                 _make_window8:
   635 0000078A 55                              	PUSH	EBP
   636 0000078B 89 E5                           	MOV	EBP,ESP
   637 0000078D 57                              	PUSH	EDI
   638 0000078E 56                              	PUSH	ESI
   639 0000078F 53                              	PUSH	EBX
   640 00000790 83 EC 14                        	SUB	ESP,20
   641 00000793 8B 5D 0C                        	MOV	EBX,DWORD [12+EBP]
   642 00000796 6A 00                           	PUSH	0
   643 00000798 8D 43 FF                        	LEA	EAX,DWORD [-1+EBX]
   644 0000079B 8D 7B FE                        	LEA	EDI,DWORD [-2+EBX]
   645 0000079E 50                              	PUSH	EAX
   646 0000079F 89 45 EC                        	MOV	DWORD [-20+EBP],EAX
   647 000007A2 6A 00                           	PUSH	0
   648 000007A4 6A 00                           	PUSH	0
   649 000007A6 6A 08                           	PUSH	8
   650 000007A8 53                              	PUSH	EBX
   651 000007A9 FF 75 08                        	PUSH	DWORD [8+EBP]
   652 000007AC E8 [00000000]                   	CALL	_boxfill8
   653 000007B1 6A 01                           	PUSH	1
   654 000007B3 57                              	PUSH	EDI
   655 000007B4 6A 01                           	PUSH	1
   656 000007B6 6A 01                           	PUSH	1
   657 000007B8 6A 07                           	PUSH	7
   658 000007BA 53                              	PUSH	EBX
   659 000007BB FF 75 08                        	PUSH	DWORD [8+EBP]
   660 000007BE E8 [00000000]                   	CALL	_boxfill8
   661 000007C3 8B 55 10                        	MOV	EDX,DWORD [16+EBP]
   662 000007C6 83 C4 38                        	ADD	ESP,56
   663 000007C9 4A                              	DEC	EDX
   664 000007CA 89 55 E8                        	MOV	DWORD [-24+EBP],EDX
   665 000007CD 52                              	PUSH	EDX
   666 000007CE 6A 00                           	PUSH	0
   667 000007D0 6A 00                           	PUSH	0
   668 000007D2 6A 00                           	PUSH	0
   669 000007D4 6A 08                           	PUSH	8
   670 000007D6 53                              	PUSH	EBX
   671 000007D7 FF 75 08                        	PUSH	DWORD [8+EBP]
   672 000007DA E8 [00000000]                   	CALL	_boxfill8
   673 000007DF 8B 75 10                        	MOV	ESI,DWORD [16+EBP]
   674 000007E2 83 EE 02                        	SUB	ESI,2
   675 000007E5 56                              	PUSH	ESI
   676 000007E6 6A 01                           	PUSH	1
   677 000007E8 6A 01                           	PUSH	1
   678 000007EA 6A 01                           	PUSH	1
   679 000007EC 6A 07                           	PUSH	7
   680 000007EE 53                              	PUSH	EBX
   681 000007EF FF 75 08                        	PUSH	DWORD [8+EBP]
   682 000007F2 E8 [00000000]                   	CALL	_boxfill8
   683 000007F7 83 C4 38                        	ADD	ESP,56
   684 000007FA 56                              	PUSH	ESI
   685 000007FB 57                              	PUSH	EDI
   686 000007FC 6A 01                           	PUSH	1
   687 000007FE 57                              	PUSH	EDI
   688 000007FF 6A 0F                           	PUSH	15
   689 00000801 53                              	PUSH	EBX
   690 00000802 FF 75 08                        	PUSH	DWORD [8+EBP]
   691 00000805 E8 [00000000]                   	CALL	_boxfill8
   692 0000080A FF 75 E8                        	PUSH	DWORD [-24+EBP]
   693 0000080D FF 75 EC                        	PUSH	DWORD [-20+EBP]
   694 00000810 6A 00                           	PUSH	0
   695 00000812 FF 75 EC                        	PUSH	DWORD [-20+EBP]
   696 00000815 6A 00                           	PUSH	0
   697 00000817 53                              	PUSH	EBX
   698 00000818 FF 75 08                        	PUSH	DWORD [8+EBP]
   699 0000081B E8 [00000000]                   	CALL	_boxfill8
   700 00000820 8B 45 10                        	MOV	EAX,DWORD [16+EBP]
   701 00000823 83 C4 38                        	ADD	ESP,56
   702 00000826 83 E8 03                        	SUB	EAX,3
   703 00000829 50                              	PUSH	EAX
   704 0000082A 8D 43 FD                        	LEA	EAX,DWORD [-3+EBX]
   705 0000082D 50                              	PUSH	EAX
   706 0000082E 6A 02                           	PUSH	2
   707 00000830 6A 02                           	PUSH	2
   708 00000832 6A 08                           	PUSH	8
   709 00000834 53                              	PUSH	EBX
   710 00000835 FF 75 08                        	PUSH	DWORD [8+EBP]
   711 00000838 E8 [00000000]                   	CALL	_boxfill8
   712 0000083D 8D 43 FC                        	LEA	EAX,DWORD [-4+EBX]
   713 00000840 6A 14                           	PUSH	20
   714 00000842 50                              	PUSH	EAX
   715 00000843 6A 03                           	PUSH	3
   716 00000845 6A 03                           	PUSH	3
   717 00000847 6A 0C                           	PUSH	12
   718 00000849 53                              	PUSH	EBX
   719 0000084A FF 75 08                        	PUSH	DWORD [8+EBP]
   720 0000084D E8 [00000000]                   	CALL	_boxfill8
   721 00000852 83 C4 38                        	ADD	ESP,56
   722 00000855 56                              	PUSH	ESI
   723 00000856 57                              	PUSH	EDI
   724 00000857 56                              	PUSH	ESI
   725 00000858 6A 01                           	PUSH	1
   726 0000085A 6A 0F                           	PUSH	15
   727 0000085C 53                              	PUSH	EBX
   728 0000085D FF 75 08                        	PUSH	DWORD [8+EBP]
   729 00000860 E8 [00000000]                   	CALL	_boxfill8
   730 00000865 FF 75 E8                        	PUSH	DWORD [-24+EBP]
   731 00000868 FF 75 EC                        	PUSH	DWORD [-20+EBP]
   732 0000086B FF 75 E8                        	PUSH	DWORD [-24+EBP]
   733 0000086E 6A 00                           	PUSH	0
   734 00000870 6A 00                           	PUSH	0
   735 00000872 6B F3 05                        	IMUL	ESI,EBX,5
   736 00000875 53                              	PUSH	EBX
   737 00000876 FF 75 08                        	PUSH	DWORD [8+EBP]
   738 00000879 E8 [00000000]                   	CALL	_boxfill8
   739 0000087E 83 C4 38                        	ADD	ESP,56
   740 00000881 FF 75 14                        	PUSH	DWORD [20+EBP]
   741 00000884 6A 07                           	PUSH	7
   742 00000886 6A 04                           	PUSH	4
   743 00000888 6A 18                           	PUSH	24
   744 0000088A 53                              	PUSH	EBX
   745 0000088B FF 75 08                        	PUSH	DWORD [8+EBP]
   746 0000088E E8 [00000000]                   	CALL	_putfonts8_asc
   747 00000893 83 C4 18                        	ADD	ESP,24
   748 00000896 C7 45 F0 00000000               	MOV	DWORD [-16+EBP],0
   749 0000089D C7 45 E0 00000000               	MOV	DWORD [-32+EBP],0
   750 000008A4                                 L51:
   751 000008A4 8D 04 1E                        	LEA	EAX,DWORD [ESI+EBX*1]
   752 000008A7 8B 55 08                        	MOV	EDX,DWORD [8+EBP]
   753 000008AA 31 FF                           	XOR	EDI,EDI
   754 000008AC 8D 4C 02 EB                     	LEA	ECX,DWORD [-21+EDX+EAX*1]
   755 000008B0                                 L50:
   756 000008B0 8B 45 E0                        	MOV	EAX,DWORD [-32+EBP]
   757 000008B3 8A 94 07 [0000004E]             	MOV	DL,BYTE [_closebtn.0+EDI+EAX*1]
   758 000008BA 80 FA 40                        	CMP	DL,64
   759 000008BD 74 33                           	JE	L56
   760 000008BF 80 FA 24                        	CMP	DL,36
   761 000008C2 74 2A                           	JE	L57
   762 000008C4 80 FA 51                        	CMP	DL,81
   763 000008C7 B2 08                           	MOV	DL,8
   764 000008C9 0F 95 C0                        	SETNE	AL
   765 000008CC 28 C2                           	SUB	DL,AL
   766 000008CE                                 L45:
   767 000008CE 47                              	INC	EDI
   768 000008CF 88 11                           	MOV	BYTE [ECX],DL
   769 000008D1 41                              	INC	ECX
   770 000008D2 83 FF 0F                        	CMP	EDI,15
   771 000008D5 7E D9                           	JLE	L50
   772 000008D7 FF 45 F0                        	INC	DWORD [-16+EBP]
   773 000008DA 01 DE                           	ADD	ESI,EBX
   774 000008DC 83 45 E0 10                     	ADD	DWORD [-32+EBP],16
   775 000008E0 83 7D F0 0D                     	CMP	DWORD [-16+EBP],13
   776 000008E4 7E BE                           	JLE	L51
   777 000008E6 8D 65 F4                        	LEA	ESP,DWORD [-12+EBP]
   778 000008E9 5B                              	POP	EBX
   779 000008EA 5E                              	POP	ESI
   780 000008EB 5F                              	POP	EDI
   781 000008EC 5D                              	POP	EBP
   782 000008ED C3                              	RET
   783 000008EE                                 L57:
   784 000008EE B2 0F                           	MOV	DL,15
   785 000008F0 EB DC                           	JMP	L45
   786 000008F2                                 L56:
   787 000008F2 31 D2                           	XOR	EDX,EDX
   788 000008F4 EB D8                           	JMP	L45
