     1 00000000                                 ;naskfunc
     2 00000000                                 ;TAB=4
     3 00000000                                 
     4 00000000                                 [FORMAT "WCOFF"]
     5 00000000                                 [INSTRSET "i486p"]       ;设置使用指令的型号，即32位   写成INSERT了，半天没找出错误
     6 00000000                                 [BITS 32]
     7 00000000                                 
     8 00000000                                 ;制作目标文件信息
     9 00000000                                 [FILE "naskfunc.nas"]
    10 00000000                                     GLOBAL _io_hlt,_write_mem8
    11 00000000                                 
    12 00000000                                 
    13 00000000                                 
    14                                          [SECTION .text]         ;以下是实际的函数
    15 00000000                                 _io_hlt:
    16 00000000 F4                                  HLT
    17 00000001 C3                                  RET
    18 00000002                                 
    19 00000002                                 _write_mem8:
    20 00000002 8B 4C 24 04                         MOV ECX,[ESP+4]
    21 00000006                                    ; ECX          混账，这里的ECX是注释换行留下的，我还以为是个寄存器的指令 
    22 00000006 8A 44 24 08                         MOV AL,[ESP+8]
    23 0000000A                                    ; AL           同上
    24 0000000A 88 01                               MOV [ECX],AL
    25 0000000C C3                                  RET
