     1 00000000                                 [FORMAT "WCOFF"]
     2 00000000                                 [INSTRSET "i486p"]
     3 00000000                                 [OPTIMIZE 1]
     4 00000000                                 [OPTION 1]
     5 00000000                                 [BITS 32]
     6 00000000                                 	EXTERN	_sprintf
     7 00000000                                 	EXTERN	_io_hlt
     8 00000000                                 	EXTERN	_io_load_eflags
     9 00000000                                 	EXTERN	_io_cli
    10 00000000                                 	EXTERN	_io_out8
    11 00000000                                 	EXTERN	_io_store_eflags
    12 00000000                                 	EXTERN	_hankaku
    13 00000000                                 [FILE "bootpack.c"]
    14                                          [SECTION .data]
    15 00000000                                 _font_A.0:
    16 00000000 00                              	DB	0
    17 00000001 18                              	DB	24
    18 00000002 18                              	DB	24
    19 00000003 18                              	DB	24
    20 00000004 18                              	DB	24
    21 00000005 24                              	DB	36
    22 00000006 24                              	DB	36
    23 00000007 24                              	DB	36
    24 00000008 24                              	DB	36
    25 00000009 7E                              	DB	126
    26 0000000A 42                              	DB	66
    27 0000000B 42                              	DB	66
    28 0000000C 42                              	DB	66
    29 0000000D E7                              	DB	-25
    30 0000000E 00                              	DB	0
    31 0000000F 00                              	DB	0
    32 00000010                                 LC0:
    33 00000010 41 42 43 20 31 32 33 00         	DB	"ABC 123",0x00
    34 00000018                                 LC1:
    35 00000018 48 65 6C 6C 6F 20 4C 69 6E 67   	DB	"Hello LingerOS",0x00
       00000022 65 72 4F 53 00 
    36 00000027                                 LC2:
    37 00000027 73 63 72 6E 78 3D 25 64 00      	DB	"scrnx=%d",0x00
    38                                          [SECTION .text]
    39 00000000                                 	GLOBAL	_HariMain
    40 00000000                                 _HariMain:
    41 00000000 55                              	PUSH	EBP
    42 00000001 89 E5                           	MOV	EBP,ESP
    43 00000003 53                              	PUSH	EBX
    44 00000004 81 EC 00000100                  	SUB	ESP,256
    45 0000000A E8 000000C3                     	CALL	_init_palette
    46 0000000F 0F BF 05 00000FF6               	MOVSX	EAX,WORD [4086]
    47 00000016 50                              	PUSH	EAX
    48 00000017 0F BF 05 00000FF4               	MOVSX	EAX,WORD [4084]
    49 0000001E 50                              	PUSH	EAX
    50 0000001F FF 35 00000FF8                  	PUSH	DWORD [4088]
    51 00000025 E8 00000194                     	CALL	_init_screen
    52 0000002A 68 [00000010]                   	PUSH	LC0
    53 0000002F 6A 07                           	PUSH	7
    54 00000031 6A 08                           	PUSH	8
    55 00000033 6A 08                           	PUSH	8
    56 00000035 0F BF 05 00000FF4               	MOVSX	EAX,WORD [4084]
    57 0000003C 50                              	PUSH	EAX
    58 0000003D FF 35 00000FF8                  	PUSH	DWORD [4088]
    59 00000043 E8 00000387                     	CALL	_putfonts8_asc
    60 00000048 83 C4 24                        	ADD	ESP,36
    61 0000004B 68 [00000018]                   	PUSH	LC1
    62 00000050 6A 00                           	PUSH	0
    63 00000052 6A 1F                           	PUSH	31
    64 00000054 6A 1F                           	PUSH	31
    65 00000056 0F BF 05 00000FF4               	MOVSX	EAX,WORD [4084]
    66 0000005D 50                              	PUSH	EAX
    67 0000005E FF 35 00000FF8                  	PUSH	DWORD [4088]
    68 00000064 E8 00000366                     	CALL	_putfonts8_asc
    69 00000069 0F BF 05 00000FF4               	MOVSX	EAX,WORD [4084]
    70 00000070 50                              	PUSH	EAX
    71 00000071 68 [00000027]                   	PUSH	LC2
    72 00000076 53                              	PUSH	EBX
    73 00000077 E8 [00000000]                   	CALL	_sprintf
    74 0000007C 83 C4 24                        	ADD	ESP,36
    75 0000007F 53                              	PUSH	EBX
    76 00000080 8D 9D FFFFFEFC                  	LEA	EBX,DWORD [-260+EBP]
    77 00000086 6A 07                           	PUSH	7
    78 00000088 6A 40                           	PUSH	64
    79 0000008A 6A 10                           	PUSH	16
    80 0000008C 0F BF 05 00000FF4               	MOVSX	EAX,WORD [4084]
    81 00000093 50                              	PUSH	EAX
    82 00000094 FF 35 00000FF8                  	PUSH	DWORD [4088]
    83 0000009A E8 00000330                     	CALL	_putfonts8_asc
    84 0000009F 6A 0E                           	PUSH	14
    85 000000A1 53                              	PUSH	EBX
    86 000000A2 E8 00000377                     	CALL	_init_mouse_cursor8
    87 000000A7 83 C4 20                        	ADD	ESP,32
    88 000000AA 6A 10                           	PUSH	16
    89 000000AC 53                              	PUSH	EBX
    90 000000AD 6A 3C                           	PUSH	60
    91 000000AF 6A 64                           	PUSH	100
    92 000000B1 6A 10                           	PUSH	16
    93 000000B3 6A 10                           	PUSH	16
    94 000000B5 0F BF 05 00000FF4               	MOVSX	EAX,WORD [4084]
    95 000000BC 50                              	PUSH	EAX
    96 000000BD FF 35 00000FF8                  	PUSH	DWORD [4088]
    97 000000C3 E8 000003B3                     	CALL	_putblock8_8
    98 000000C8 83 C4 20                        	ADD	ESP,32
    99 000000CB                                 L2:
   100 000000CB E8 [00000000]                   	CALL	_io_hlt
   101 000000D0 EB F9                           	JMP	L2
   102                                          [SECTION .data]
   103 00000030                                 _table_rgb.1:
   104 00000030 00                              	DB	0
   105 00000031 00                              	DB	0
   106 00000032 00                              	DB	0
   107 00000033 FF                              	DB	-1
   108 00000034 00                              	DB	0
   109 00000035 00                              	DB	0
   110 00000036 00                              	DB	0
   111 00000037 FF                              	DB	-1
   112 00000038 00                              	DB	0
   113 00000039 FF                              	DB	-1
   114 0000003A FF                              	DB	-1
   115 0000003B 00                              	DB	0
   116 0000003C 00                              	DB	0
   117 0000003D 00                              	DB	0
   118 0000003E FF                              	DB	-1
   119 0000003F FF                              	DB	-1
   120 00000040 00                              	DB	0
   121 00000041 FF                              	DB	-1
   122 00000042 00                              	DB	0
   123 00000043 FF                              	DB	-1
   124 00000044 FF                              	DB	-1
   125 00000045 FF                              	DB	-1
   126 00000046 FF                              	DB	-1
   127 00000047 FF                              	DB	-1
   128 00000048 C6                              	DB	-58
   129 00000049 C6                              	DB	-58
   130 0000004A C6                              	DB	-58
   131 0000004B 84                              	DB	-124
   132 0000004C 00                              	DB	0
   133 0000004D 00                              	DB	0
   134 0000004E 00                              	DB	0
   135 0000004F 84                              	DB	-124
   136 00000050 00                              	DB	0
   137 00000051 84                              	DB	-124
   138 00000052 84                              	DB	-124
   139 00000053 00                              	DB	0
   140 00000054 00                              	DB	0
   141 00000055 00                              	DB	0
   142 00000056 84                              	DB	-124
   143 00000057 84                              	DB	-124
   144 00000058 00                              	DB	0
   145 00000059 84                              	DB	-124
   146 0000005A 00                              	DB	0
   147 0000005B 84                              	DB	-124
   148 0000005C 84                              	DB	-124
   149 0000005D 84                              	DB	-124
   150 0000005E 84                              	DB	-124
   151 0000005F 84                              	DB	-124
   152                                          [SECTION .text]
   153 000000D2                                 	GLOBAL	_init_palette
   154 000000D2                                 _init_palette:
   155 000000D2 55                              	PUSH	EBP
   156 000000D3 89 E5                           	MOV	EBP,ESP
   157 000000D5 68 [00000030]                   	PUSH	_table_rgb.1
   158 000000DA 6A 0F                           	PUSH	15
   159 000000DC 6A 00                           	PUSH	0
   160 000000DE E8 00000002                     	CALL	_set_palette
   161 000000E3 C9                              	LEAVE
   162 000000E4 C3                              	RET
   163 000000E5                                 	GLOBAL	_set_palette
   164 000000E5                                 _set_palette:
   165 000000E5 55                              	PUSH	EBP
   166 000000E6 89 E5                           	MOV	EBP,ESP
   167 000000E8 57                              	PUSH	EDI
   168 000000E9 56                              	PUSH	ESI
   169 000000EA 53                              	PUSH	EBX
   170 000000EB 51                              	PUSH	ECX
   171 000000EC 8B 5D 08                        	MOV	EBX,DWORD [8+EBP]
   172 000000EF 8B 7D 0C                        	MOV	EDI,DWORD [12+EBP]
   173 000000F2 8B 75 10                        	MOV	ESI,DWORD [16+EBP]
   174 000000F5 E8 [00000000]                   	CALL	_io_load_eflags
   175 000000FA 89 45 F0                        	MOV	DWORD [-16+EBP],EAX
   176 000000FD E8 [00000000]                   	CALL	_io_cli
   177 00000102 53                              	PUSH	EBX
   178 00000103 68 000003C8                     	PUSH	968
   179 00000108 E8 [00000000]                   	CALL	_io_out8
   180 0000010D 39 FB                           	CMP	EBX,EDI
   181 0000010F 58                              	POP	EAX
   182 00000110 5A                              	POP	EDX
   183 00000111 7E 12                           	JLE	L11
   184 00000113                                 L13:
   185 00000113 8B 45 F0                        	MOV	EAX,DWORD [-16+EBP]
   186 00000116 89 45 08                        	MOV	DWORD [8+EBP],EAX
   187 00000119 8D 65 F4                        	LEA	ESP,DWORD [-12+EBP]
   188 0000011C 5B                              	POP	EBX
   189 0000011D 5E                              	POP	ESI
   190 0000011E 5F                              	POP	EDI
   191 0000011F 5D                              	POP	EBP
   192 00000120 E9 [00000000]                   	JMP	_io_store_eflags
   193 00000125                                 L11:
   194 00000125 8A 06                           	MOV	AL,BYTE [ESI]
   195 00000127 43                              	INC	EBX
   196 00000128 C0 E8 02                        	SHR	AL,2
   197 0000012B 0F B6 C0                        	MOVZX	EAX,AL
   198 0000012E 50                              	PUSH	EAX
   199 0000012F 68 000003C9                     	PUSH	969
   200 00000134 E8 [00000000]                   	CALL	_io_out8
   201 00000139 8A 46 01                        	MOV	AL,BYTE [1+ESI]
   202 0000013C C0 E8 02                        	SHR	AL,2
   203 0000013F 0F B6 C0                        	MOVZX	EAX,AL
   204 00000142 50                              	PUSH	EAX
   205 00000143 68 000003C9                     	PUSH	969
   206 00000148 E8 [00000000]                   	CALL	_io_out8
   207 0000014D 8A 46 02                        	MOV	AL,BYTE [2+ESI]
   208 00000150 C0 E8 02                        	SHR	AL,2
   209 00000153 83 C6 03                        	ADD	ESI,3
   210 00000156 0F B6 C0                        	MOVZX	EAX,AL
   211 00000159 50                              	PUSH	EAX
   212 0000015A 68 000003C9                     	PUSH	969
   213 0000015F E8 [00000000]                   	CALL	_io_out8
   214 00000164 83 C4 18                        	ADD	ESP,24
   215 00000167 39 FB                           	CMP	EBX,EDI
   216 00000169 7E BA                           	JLE	L11
   217 0000016B EB A6                           	JMP	L13
   218 0000016D                                 	GLOBAL	_boxfill8
   219 0000016D                                 _boxfill8:
   220 0000016D 55                              	PUSH	EBP
   221 0000016E 89 E5                           	MOV	EBP,ESP
   222 00000170 57                              	PUSH	EDI
   223 00000171 56                              	PUSH	ESI
   224 00000172 53                              	PUSH	EBX
   225 00000173 57                              	PUSH	EDI
   226 00000174 57                              	PUSH	EDI
   227 00000175 8A 45 10                        	MOV	AL,BYTE [16+EBP]
   228 00000178 8B 4D 18                        	MOV	ECX,DWORD [24+EBP]
   229 0000017B 8B 7D 1C                        	MOV	EDI,DWORD [28+EBP]
   230 0000017E 88 45 F3                        	MOV	BYTE [-13+EBP],AL
   231 00000181 3B 4D 20                        	CMP	ECX,DWORD [32+EBP]
   232 00000184 7F 31                           	JG	L26
   233 00000186 8B 5D 0C                        	MOV	EBX,DWORD [12+EBP]
   234 00000189 0F AF D9                        	IMUL	EBX,ECX
   235 0000018C                                 L24:
   236 0000018C 8B 55 14                        	MOV	EDX,DWORD [20+EBP]
   237 0000018F 39 FA                           	CMP	EDX,EDI
   238 00000191 7F 1B                           	JG	L28
   239 00000193 8B 75 08                        	MOV	ESI,DWORD [8+EBP]
   240 00000196 01 DE                           	ADD	ESI,EBX
   241 00000198 01 D6                           	ADD	ESI,EDX
   242 0000019A 89 75 EC                        	MOV	DWORD [-20+EBP],ESI
   243 0000019D                                 L23:
   244 0000019D 8B 75 EC                        	MOV	ESI,DWORD [-20+EBP]
   245 000001A0 8A 45 F3                        	MOV	AL,BYTE [-13+EBP]
   246 000001A3 42                              	INC	EDX
   247 000001A4 88 06                           	MOV	BYTE [ESI],AL
   248 000001A6 46                              	INC	ESI
   249 000001A7 89 75 EC                        	MOV	DWORD [-20+EBP],ESI
   250 000001AA 39 FA                           	CMP	EDX,EDI
   251 000001AC 7E EF                           	JLE	L23
   252 000001AE                                 L28:
   253 000001AE 41                              	INC	ECX
   254 000001AF 03 5D 0C                        	ADD	EBX,DWORD [12+EBP]
   255 000001B2 3B 4D 20                        	CMP	ECX,DWORD [32+EBP]
   256 000001B5 7E D5                           	JLE	L24
   257 000001B7                                 L26:
   258 000001B7 5B                              	POP	EBX
   259 000001B8 5E                              	POP	ESI
   260 000001B9 5B                              	POP	EBX
   261 000001BA 5E                              	POP	ESI
   262 000001BB 5F                              	POP	EDI
   263 000001BC 5D                              	POP	EBP
   264 000001BD C3                              	RET
   265 000001BE                                 	GLOBAL	_init_screen
   266 000001BE                                 _init_screen:
   267 000001BE 55                              	PUSH	EBP
   268 000001BF 89 E5                           	MOV	EBP,ESP
   269 000001C1 57                              	PUSH	EDI
   270 000001C2 56                              	PUSH	ESI
   271 000001C3 53                              	PUSH	EBX
   272 000001C4 83 EC 0C                        	SUB	ESP,12
   273 000001C7 8B 45 10                        	MOV	EAX,DWORD [16+EBP]
   274 000001CA 8B 7D 0C                        	MOV	EDI,DWORD [12+EBP]
   275 000001CD 83 E8 1D                        	SUB	EAX,29
   276 000001D0 4F                              	DEC	EDI
   277 000001D1 50                              	PUSH	EAX
   278 000001D2 57                              	PUSH	EDI
   279 000001D3 6A 00                           	PUSH	0
   280 000001D5 6A 00                           	PUSH	0
   281 000001D7 6A 0E                           	PUSH	14
   282 000001D9 FF 75 0C                        	PUSH	DWORD [12+EBP]
   283 000001DC FF 75 08                        	PUSH	DWORD [8+EBP]
   284 000001DF E8 FFFFFF89                     	CALL	_boxfill8
   285 000001E4 8B 45 10                        	MOV	EAX,DWORD [16+EBP]
   286 000001E7 83 E8 1C                        	SUB	EAX,28
   287 000001EA 50                              	PUSH	EAX
   288 000001EB 57                              	PUSH	EDI
   289 000001EC 50                              	PUSH	EAX
   290 000001ED 6A 00                           	PUSH	0
   291 000001EF 6A 08                           	PUSH	8
   292 000001F1 FF 75 0C                        	PUSH	DWORD [12+EBP]
   293 000001F4 FF 75 08                        	PUSH	DWORD [8+EBP]
   294 000001F7 E8 FFFFFF71                     	CALL	_boxfill8
   295 000001FC 8B 45 10                        	MOV	EAX,DWORD [16+EBP]
   296 000001FF 83 C4 38                        	ADD	ESP,56
   297 00000202 83 E8 1B                        	SUB	EAX,27
   298 00000205 50                              	PUSH	EAX
   299 00000206 57                              	PUSH	EDI
   300 00000207 50                              	PUSH	EAX
   301 00000208 6A 00                           	PUSH	0
   302 0000020A 6A 07                           	PUSH	7
   303 0000020C FF 75 0C                        	PUSH	DWORD [12+EBP]
   304 0000020F FF 75 08                        	PUSH	DWORD [8+EBP]
   305 00000212 E8 FFFFFF56                     	CALL	_boxfill8
   306 00000217 8B 45 10                        	MOV	EAX,DWORD [16+EBP]
   307 0000021A 48                              	DEC	EAX
   308 0000021B 50                              	PUSH	EAX
   309 0000021C 8B 45 10                        	MOV	EAX,DWORD [16+EBP]
   310 0000021F 57                              	PUSH	EDI
   311 00000220 83 E8 1A                        	SUB	EAX,26
   312 00000223 50                              	PUSH	EAX
   313 00000224 6A 00                           	PUSH	0
   314 00000226 6A 08                           	PUSH	8
   315 00000228 FF 75 0C                        	PUSH	DWORD [12+EBP]
   316 0000022B FF 75 08                        	PUSH	DWORD [8+EBP]
   317 0000022E E8 FFFFFF3A                     	CALL	_boxfill8
   318 00000233 8B 75 10                        	MOV	ESI,DWORD [16+EBP]
   319 00000236 83 C4 38                        	ADD	ESP,56
   320 00000239 83 EE 18                        	SUB	ESI,24
   321 0000023C 56                              	PUSH	ESI
   322 0000023D 6A 3B                           	PUSH	59
   323 0000023F 56                              	PUSH	ESI
   324 00000240 6A 03                           	PUSH	3
   325 00000242 6A 07                           	PUSH	7
   326 00000244 FF 75 0C                        	PUSH	DWORD [12+EBP]
   327 00000247 FF 75 08                        	PUSH	DWORD [8+EBP]
   328 0000024A E8 FFFFFF1E                     	CALL	_boxfill8
   329 0000024F 8B 45 10                        	MOV	EAX,DWORD [16+EBP]
   330 00000252 83 E8 04                        	SUB	EAX,4
   331 00000255 50                              	PUSH	EAX
   332 00000256 89 45 F0                        	MOV	DWORD [-16+EBP],EAX
   333 00000259 6A 02                           	PUSH	2
   334 0000025B 56                              	PUSH	ESI
   335 0000025C 6A 02                           	PUSH	2
   336 0000025E 6A 07                           	PUSH	7
   337 00000260 FF 75 0C                        	PUSH	DWORD [12+EBP]
   338 00000263 FF 75 08                        	PUSH	DWORD [8+EBP]
   339 00000266 E8 FFFFFF02                     	CALL	_boxfill8
   340 0000026B 83 C4 38                        	ADD	ESP,56
   341 0000026E FF 75 F0                        	PUSH	DWORD [-16+EBP]
   342 00000271 6A 3B                           	PUSH	59
   343 00000273 FF 75 F0                        	PUSH	DWORD [-16+EBP]
   344 00000276 6A 03                           	PUSH	3
   345 00000278 6A 0F                           	PUSH	15
   346 0000027A FF 75 0C                        	PUSH	DWORD [12+EBP]
   347 0000027D FF 75 08                        	PUSH	DWORD [8+EBP]
   348 00000280 E8 FFFFFEE8                     	CALL	_boxfill8
   349 00000285 8B 45 10                        	MOV	EAX,DWORD [16+EBP]
   350 00000288 83 E8 05                        	SUB	EAX,5
   351 0000028B 50                              	PUSH	EAX
   352 0000028C 8B 45 10                        	MOV	EAX,DWORD [16+EBP]
   353 0000028F 6A 3B                           	PUSH	59
   354 00000291 83 E8 17                        	SUB	EAX,23
   355 00000294 50                              	PUSH	EAX
   356 00000295 89 45 EC                        	MOV	DWORD [-20+EBP],EAX
   357 00000298 6A 3B                           	PUSH	59
   358 0000029A 6A 0F                           	PUSH	15
   359 0000029C FF 75 0C                        	PUSH	DWORD [12+EBP]
   360 0000029F FF 75 08                        	PUSH	DWORD [8+EBP]
   361 000002A2 E8 FFFFFEC6                     	CALL	_boxfill8
   362 000002A7 8B 45 10                        	MOV	EAX,DWORD [16+EBP]
   363 000002AA 83 C4 38                        	ADD	ESP,56
   364 000002AD 83 E8 03                        	SUB	EAX,3
   365 000002B0 89 45 E8                        	MOV	DWORD [-24+EBP],EAX
   366 000002B3 50                              	PUSH	EAX
   367 000002B4 6A 3B                           	PUSH	59
   368 000002B6 50                              	PUSH	EAX
   369 000002B7 6A 02                           	PUSH	2
   370 000002B9 6A 00                           	PUSH	0
   371 000002BB FF 75 0C                        	PUSH	DWORD [12+EBP]
   372 000002BE FF 75 08                        	PUSH	DWORD [8+EBP]
   373 000002C1 E8 FFFFFEA7                     	CALL	_boxfill8
   374 000002C6 FF 75 E8                        	PUSH	DWORD [-24+EBP]
   375 000002C9 6A 3C                           	PUSH	60
   376 000002CB 56                              	PUSH	ESI
   377 000002CC 6A 3C                           	PUSH	60
   378 000002CE 6A 00                           	PUSH	0
   379 000002D0 FF 75 0C                        	PUSH	DWORD [12+EBP]
   380 000002D3 FF 75 08                        	PUSH	DWORD [8+EBP]
   381 000002D6 E8 FFFFFE92                     	CALL	_boxfill8
   382 000002DB 8B 7D 0C                        	MOV	EDI,DWORD [12+EBP]
   383 000002DE 83 C4 38                        	ADD	ESP,56
   384 000002E1 8B 5D 0C                        	MOV	EBX,DWORD [12+EBP]
   385 000002E4 83 EB 04                        	SUB	EBX,4
   386 000002E7 83 EF 2F                        	SUB	EDI,47
   387 000002EA 56                              	PUSH	ESI
   388 000002EB 53                              	PUSH	EBX
   389 000002EC 56                              	PUSH	ESI
   390 000002ED 57                              	PUSH	EDI
   391 000002EE 6A 0F                           	PUSH	15
   392 000002F0 FF 75 0C                        	PUSH	DWORD [12+EBP]
   393 000002F3 FF 75 08                        	PUSH	DWORD [8+EBP]
   394 000002F6 E8 FFFFFE72                     	CALL	_boxfill8
   395 000002FB FF 75 F0                        	PUSH	DWORD [-16+EBP]
   396 000002FE 57                              	PUSH	EDI
   397 000002FF FF 75 EC                        	PUSH	DWORD [-20+EBP]
   398 00000302 57                              	PUSH	EDI
   399 00000303 6A 0F                           	PUSH	15
   400 00000305 FF 75 0C                        	PUSH	DWORD [12+EBP]
   401 00000308 FF 75 08                        	PUSH	DWORD [8+EBP]
   402 0000030B E8 FFFFFE5D                     	CALL	_boxfill8
   403 00000310 83 C4 38                        	ADD	ESP,56
   404 00000313 FF 75 E8                        	PUSH	DWORD [-24+EBP]
   405 00000316 53                              	PUSH	EBX
   406 00000317 FF 75 E8                        	PUSH	DWORD [-24+EBP]
   407 0000031A 57                              	PUSH	EDI
   408 0000031B 6A 07                           	PUSH	7
   409 0000031D FF 75 0C                        	PUSH	DWORD [12+EBP]
   410 00000320 FF 75 08                        	PUSH	DWORD [8+EBP]
   411 00000323 E8 FFFFFE45                     	CALL	_boxfill8
   412 00000328 8B 45 0C                        	MOV	EAX,DWORD [12+EBP]
   413 0000032B FF 75 E8                        	PUSH	DWORD [-24+EBP]
   414 0000032E 83 E8 03                        	SUB	EAX,3
   415 00000331 50                              	PUSH	EAX
   416 00000332 56                              	PUSH	ESI
   417 00000333 50                              	PUSH	EAX
   418 00000334 6A 07                           	PUSH	7
   419 00000336 FF 75 0C                        	PUSH	DWORD [12+EBP]
   420 00000339 FF 75 08                        	PUSH	DWORD [8+EBP]
   421 0000033C E8 FFFFFE2C                     	CALL	_boxfill8
   422 00000341 8D 65 F4                        	LEA	ESP,DWORD [-12+EBP]
   423 00000344 5B                              	POP	EBX
   424 00000345 5E                              	POP	ESI
   425 00000346 5F                              	POP	EDI
   426 00000347 5D                              	POP	EBP
   427 00000348 C3                              	RET
   428 00000349                                 	GLOBAL	_putfont8
   429 00000349                                 _putfont8:
   430 00000349 55                              	PUSH	EBP
   431 0000034A 89 E5                           	MOV	EBP,ESP
   432 0000034C 57                              	PUSH	EDI
   433 0000034D 56                              	PUSH	ESI
   434 0000034E 31 F6                           	XOR	ESI,ESI
   435 00000350 53                              	PUSH	EBX
   436 00000351 8B 7D 1C                        	MOV	EDI,DWORD [28+EBP]
   437 00000354 8A 5D 18                        	MOV	BL,BYTE [24+EBP]
   438 00000357                                 L43:
   439 00000357 8B 45 14                        	MOV	EAX,DWORD [20+EBP]
   440 0000035A 8B 55 10                        	MOV	EDX,DWORD [16+EBP]
   441 0000035D 01 F0                           	ADD	EAX,ESI
   442 0000035F 0F AF 45 0C                     	IMUL	EAX,DWORD [12+EBP]
   443 00000363 03 45 08                        	ADD	EAX,DWORD [8+EBP]
   444 00000366 8D 0C 02                        	LEA	ECX,DWORD [EDX+EAX*1]
   445 00000369 8A 14 3E                        	MOV	DL,BYTE [ESI+EDI*1]
   446 0000036C 84 D2                           	TEST	DL,DL
   447 0000036E 79 02                           	JNS	L35
   448 00000370 88 19                           	MOV	BYTE [ECX],BL
   449 00000372                                 L35:
   450 00000372 88 D0                           	MOV	AL,DL
   451 00000374 83 E0 40                        	AND	EAX,64
   452 00000377 84 C0                           	TEST	AL,AL
   453 00000379 74 03                           	JE	L36
   454 0000037B 88 59 01                        	MOV	BYTE [1+ECX],BL
   455 0000037E                                 L36:
   456 0000037E 88 D0                           	MOV	AL,DL
   457 00000380 83 E0 20                        	AND	EAX,32
   458 00000383 84 C0                           	TEST	AL,AL
   459 00000385 74 03                           	JE	L37
   460 00000387 88 59 02                        	MOV	BYTE [2+ECX],BL
   461 0000038A                                 L37:
   462 0000038A 88 D0                           	MOV	AL,DL
   463 0000038C 83 E0 10                        	AND	EAX,16
   464 0000038F 84 C0                           	TEST	AL,AL
   465 00000391 74 03                           	JE	L38
   466 00000393 88 59 03                        	MOV	BYTE [3+ECX],BL
   467 00000396                                 L38:
   468 00000396 88 D0                           	MOV	AL,DL
   469 00000398 83 E0 08                        	AND	EAX,8
   470 0000039B 84 C0                           	TEST	AL,AL
   471 0000039D 74 03                           	JE	L39
   472 0000039F 88 59 04                        	MOV	BYTE [4+ECX],BL
   473 000003A2                                 L39:
   474 000003A2 88 D0                           	MOV	AL,DL
   475 000003A4 83 E0 04                        	AND	EAX,4
   476 000003A7 84 C0                           	TEST	AL,AL
   477 000003A9 74 03                           	JE	L40
   478 000003AB 88 59 05                        	MOV	BYTE [5+ECX],BL
   479 000003AE                                 L40:
   480 000003AE 88 D0                           	MOV	AL,DL
   481 000003B0 83 E0 02                        	AND	EAX,2
   482 000003B3 84 C0                           	TEST	AL,AL
   483 000003B5 74 03                           	JE	L41
   484 000003B7 88 59 06                        	MOV	BYTE [6+ECX],BL
   485 000003BA                                 L41:
   486 000003BA 83 E2 01                        	AND	EDX,1
   487 000003BD 84 D2                           	TEST	DL,DL
   488 000003BF 74 03                           	JE	L33
   489 000003C1 88 59 07                        	MOV	BYTE [7+ECX],BL
   490 000003C4                                 L33:
   491 000003C4 46                              	INC	ESI
   492 000003C5 83 FE 0F                        	CMP	ESI,15
   493 000003C8 7E 8D                           	JLE	L43
   494 000003CA 5B                              	POP	EBX
   495 000003CB 5E                              	POP	ESI
   496 000003CC 5F                              	POP	EDI
   497 000003CD 5D                              	POP	EBP
   498 000003CE C3                              	RET
   499 000003CF                                 	GLOBAL	_putfonts8_asc
   500 000003CF                                 _putfonts8_asc:
   501 000003CF 55                              	PUSH	EBP
   502 000003D0 89 E5                           	MOV	EBP,ESP
   503 000003D2 57                              	PUSH	EDI
   504 000003D3 56                              	PUSH	ESI
   505 000003D4 53                              	PUSH	EBX
   506 000003D5 50                              	PUSH	EAX
   507 000003D6 8B 5D 1C                        	MOV	EBX,DWORD [28+EBP]
   508 000003D9 8A 45 18                        	MOV	AL,BYTE [24+EBP]
   509 000003DC 88 45 F3                        	MOV	BYTE [-13+EBP],AL
   510 000003DF 8B 75 10                        	MOV	ESI,DWORD [16+EBP]
   511 000003E2 8B 7D 14                        	MOV	EDI,DWORD [20+EBP]
   512 000003E5 80 3B 00                        	CMP	BYTE [EBX],0
   513 000003E8 75 08                           	JNE	L51
   514 000003EA                                 L53:
   515 000003EA 8D 65 F4                        	LEA	ESP,DWORD [-12+EBP]
   516 000003ED 5B                              	POP	EBX
   517 000003EE 5E                              	POP	ESI
   518 000003EF 5F                              	POP	EDI
   519 000003F0 5D                              	POP	EBP
   520 000003F1 C3                              	RET
   521 000003F2                                 L51:
   522 000003F2 0F B6 03                        	MOVZX	EAX,BYTE [EBX]
   523 000003F5 C1 E0 04                        	SAL	EAX,4
   524 000003F8 43                              	INC	EBX
   525 000003F9 05 [00000000]                   	ADD	EAX,_hankaku
   526 000003FE 50                              	PUSH	EAX
   527 000003FF 0F BE 45 F3                     	MOVSX	EAX,BYTE [-13+EBP]
   528 00000403 50                              	PUSH	EAX
   529 00000404 57                              	PUSH	EDI
   530 00000405 56                              	PUSH	ESI
   531 00000406 83 C6 08                        	ADD	ESI,8
   532 00000409 FF 75 0C                        	PUSH	DWORD [12+EBP]
   533 0000040C FF 75 08                        	PUSH	DWORD [8+EBP]
   534 0000040F E8 FFFFFF35                     	CALL	_putfont8
   535 00000414 83 C4 18                        	ADD	ESP,24
   536 00000417 80 3B 00                        	CMP	BYTE [EBX],0
   537 0000041A 75 D6                           	JNE	L51
   538 0000041C EB CC                           	JMP	L53
   539                                          [SECTION .data]
   540 00000060                                 _cursor.2:
   541 00000060 2A 2A 2A 2A 2A 2A 2A 2A 2A 2A   	DB	"**************.."
       0000006A 2A 2A 2A 2A 2E 2E 
   542 00000070 2A 4F 4F 4F 4F 4F 4F 4F 4F 4F   	DB	"*OOOOOOOOOOO*..."
       0000007A 4F 4F 2A 2E 2E 2E 
   543 00000080 2A 4F 4F 4F 4F 4F 4F 4F 4F 4F   	DB	"*OOOOOOOOOO*...."
       0000008A 4F 2A 2E 2E 2E 2E 
   544 00000090 2A 4F 4F 4F 4F 4F 4F 4F 4F 4F   	DB	"*OOOOOOOOO*....."
       0000009A 2A 2E 2E 2E 2E 2E 
   545 000000A0 2A 4F 4F 4F 4F 4F 4F 4F 4F 2A   	DB	"*OOOOOOOO*......"
       000000AA 2E 2E 2E 2E 2E 2E 
   546 000000B0 2A 4F 4F 4F 4F 4F 4F 4F 2A 2E   	DB	"*OOOOOOO*......."
       000000BA 2E 2E 2E 2E 2E 2E 
   547 000000C0 2A 4F 4F 4F 4F 4F 4F 4F 2A 2E   	DB	"*OOOOOOO*......."
       000000CA 2E 2E 2E 2E 2E 2E 
   548 000000D0 2A 4F 4F 4F 4F 4F 4F 4F 4F 2A   	DB	"*OOOOOOOO*......"
       000000DA 2E 2E 2E 2E 2E 2E 
   549 000000E0 2A 4F 4F 4F 4F 2A 2A 4F 4F 4F   	DB	"*OOOO**OOO*....."
       000000EA 2A 2E 2E 2E 2E 2E 
   550 000000F0 2A 4F 4F 4F 2A 2E 2E 2A 4F 4F   	DB	"*OOO*..*OOO*...."
       000000FA 4F 2A 2E 2E 2E 2E 
   551 00000100 2A 4F 4F 2A 2E 2E 2E 2E 2A 4F   	DB	"*OO*....*OOO*..."
       0000010A 4F 4F 2A 2E 2E 2E 
   552 00000110 2A 4F 2A 2E 2E 2E 2E 2E 2E 2A   	DB	"*O*......*OOO*.."
       0000011A 4F 4F 4F 2A 2E 2E 
   553 00000120 2A 2A 2E 2E 2E 2E 2E 2E 2E 2E   	DB	"**........*OOO*."
       0000012A 2A 4F 4F 4F 2A 2E 
   554 00000130 2A 2E 2E 2E 2E 2E 2E 2E 2E 2E   	DB	"*..........*OOO*"
       0000013A 2E 2A 4F 4F 4F 2A 
   555 00000140 2E 2E 2E 2E 2E 2E 2E 2E 2E 2E   	DB	"............*OO*"
       0000014A 2E 2E 2A 4F 4F 2A 
   556 00000150 2E 2E 2E 2E 2E 2E 2E 2E 2E 2E   	DB	".............***"
       0000015A 2E 2E 2E 2A 2A 2A 
   557                                          [SECTION .text]
   558 0000041E                                 	GLOBAL	_init_mouse_cursor8
   559 0000041E                                 _init_mouse_cursor8:
   560 0000041E 55                              	PUSH	EBP
   561 0000041F 89 E5                           	MOV	EBP,ESP
   562 00000421 57                              	PUSH	EDI
   563 00000422 56                              	PUSH	ESI
   564 00000423 31 FF                           	XOR	EDI,EDI
   565 00000425 53                              	PUSH	EBX
   566 00000426 31 DB                           	XOR	EBX,EBX
   567 00000428 50                              	PUSH	EAX
   568 00000429 8A 45 0C                        	MOV	AL,BYTE [12+EBP]
   569 0000042C 8B 75 08                        	MOV	ESI,DWORD [8+EBP]
   570 0000042F 88 45 F3                        	MOV	BYTE [-13+EBP],AL
   571 00000432                                 L67:
   572 00000432 31 D2                           	XOR	EDX,EDX
   573 00000434                                 L66:
   574 00000434 8D 04 3A                        	LEA	EAX,DWORD [EDX+EDI*1]
   575 00000437 80 B8 [00000060] 2A             	CMP	BYTE [_cursor.2+EAX],42
   576 0000043E 74 35                           	JE	L72
   577 00000440                                 L63:
   578 00000440 80 B8 [00000060] 30             	CMP	BYTE [_cursor.2+EAX],48
   579 00000447 74 26                           	JE	L73
   580 00000449                                 L64:
   581 00000449 80 B8 [00000060] 2E             	CMP	BYTE [_cursor.2+EAX],46
   582 00000450 74 15                           	JE	L74
   583 00000452                                 L61:
   584 00000452 42                              	INC	EDX
   585 00000453 83 FA 0F                        	CMP	EDX,15
   586 00000456 7E DC                           	JLE	L66
   587 00000458 43                              	INC	EBX
   588 00000459 83 C7 10                        	ADD	EDI,16
   589 0000045C 83 FB 0F                        	CMP	EBX,15
   590 0000045F 7E D1                           	JLE	L67
   591 00000461 58                              	POP	EAX
   592 00000462 5B                              	POP	EBX
   593 00000463 5E                              	POP	ESI
   594 00000464 5F                              	POP	EDI
   595 00000465 5D                              	POP	EBP
   596 00000466 C3                              	RET
   597 00000467                                 L74:
   598 00000467 8A 4D F3                        	MOV	CL,BYTE [-13+EBP]
   599 0000046A 88 0C 30                        	MOV	BYTE [EAX+ESI*1],CL
   600 0000046D EB E3                           	JMP	L61
   601 0000046F                                 L73:
   602 0000046F C6 04 30 00                     	MOV	BYTE [EAX+ESI*1],0
   603 00000473 EB D4                           	JMP	L64
   604 00000475                                 L72:
   605 00000475 C6 04 30 07                     	MOV	BYTE [EAX+ESI*1],7
   606 00000479 EB C5                           	JMP	L63
   607 0000047B                                 	GLOBAL	_putblock8_8
   608 0000047B                                 _putblock8_8:
   609 0000047B 55                              	PUSH	EBP
   610 0000047C 89 E5                           	MOV	EBP,ESP
   611 0000047E 57                              	PUSH	EDI
   612 0000047F 56                              	PUSH	ESI
   613 00000480 31 F6                           	XOR	ESI,ESI
   614 00000482 53                              	PUSH	EBX
   615 00000483 83 EC 0C                        	SUB	ESP,12
   616 00000486 3B 75 14                        	CMP	ESI,DWORD [20+EBP]
   617 00000489 7D 3E                           	JGE	L87
   618 0000048B 31 FF                           	XOR	EDI,EDI
   619 0000048D                                 L85:
   620 0000048D 31 DB                           	XOR	EBX,EBX
   621 0000048F 3B 5D 10                        	CMP	EBX,DWORD [16+EBP]
   622 00000492 7D 2C                           	JGE	L89
   623 00000494 8B 45 20                        	MOV	EAX,DWORD [32+EBP]
   624 00000497 01 F8                           	ADD	EAX,EDI
   625 00000499 89 45 EC                        	MOV	DWORD [-20+EBP],EAX
   626 0000049C                                 L84:
   627 0000049C 8B 45 1C                        	MOV	EAX,DWORD [28+EBP]
   628 0000049F 8B 55 18                        	MOV	EDX,DWORD [24+EBP]
   629 000004A2 01 F0                           	ADD	EAX,ESI
   630 000004A4 01 DA                           	ADD	EDX,EBX
   631 000004A6 0F AF 45 0C                     	IMUL	EAX,DWORD [12+EBP]
   632 000004AA 01 D0                           	ADD	EAX,EDX
   633 000004AC 8B 4D 08                        	MOV	ECX,DWORD [8+EBP]
   634 000004AF 8B 55 EC                        	MOV	EDX,DWORD [-20+EBP]
   635 000004B2 43                              	INC	EBX
   636 000004B3 8A 12                           	MOV	DL,BYTE [EDX]
   637 000004B5 88 14 08                        	MOV	BYTE [EAX+ECX*1],DL
   638 000004B8 FF 45 EC                        	INC	DWORD [-20+EBP]
   639 000004BB 3B 5D 10                        	CMP	EBX,DWORD [16+EBP]
   640 000004BE 7C DC                           	JL	L84
   641 000004C0                                 L89:
   642 000004C0 46                              	INC	ESI
   643 000004C1 03 7D 24                        	ADD	EDI,DWORD [36+EBP]
   644 000004C4 3B 75 14                        	CMP	ESI,DWORD [20+EBP]
   645 000004C7 7C C4                           	JL	L85
   646 000004C9                                 L87:
   647 000004C9 83 C4 0C                        	ADD	ESP,12
   648 000004CC 5B                              	POP	EBX
   649 000004CD 5E                              	POP	ESI
   650 000004CE 5F                              	POP	EDI
   651 000004CF 5D                              	POP	EBP
   652 000004D0 C3                              	RET
