     1 00000000                                 [FORMAT "WCOFF"]
     2 00000000                                 [INSTRSET "i486p"]
     3 00000000                                 [OPTIMIZE 1]
     4 00000000                                 [OPTION 1]
     5 00000000                                 [BITS 32]
     6 00000000                                 	EXTERN	_memman_alloc_4k
     7 00000000                                 [FILE "sheet.c"]
     8                                          [SECTION .text]
     9 00000000                                 	GLOBAL	_shtctl_init
    10 00000000                                 _shtctl_init:
    11 00000000 55                              	PUSH	EBP
    12 00000001 89 E5                           	MOV	EBP,ESP
    13 00000003 68 00002810                     	PUSH	10256
    14 00000008 FF 75 08                        	PUSH	DWORD [8+EBP]
    15 0000000B E8 [00000000]                   	CALL	_memman_alloc_4k
    16 00000010 89 C2                           	MOV	EDX,EAX
    17 00000012 58                              	POP	EAX
    18 00000013 59                              	POP	ECX
    19 00000014 85 D2                           	TEST	EDX,EDX
    20 00000016 74 37                           	JE	L3
    21 00000018 8B 45 0C                        	MOV	EAX,DWORD [12+EBP]
    22 0000001B 8D 8A 000023DC                  	LEA	ECX,DWORD [9180+EDX]
    23 00000021 89 02                           	MOV	DWORD [EDX],EAX
    24 00000023 8B 45 10                        	MOV	EAX,DWORD [16+EBP]
    25 00000026 89 42 04                        	MOV	DWORD [4+EDX],EAX
    26 00000029 8B 45 14                        	MOV	EAX,DWORD [20+EBP]
    27 0000002C 89 42 08                        	MOV	DWORD [8+EDX],EAX
    28 0000002F 89 D0                           	MOV	EAX,EDX
    29 00000031 C7 42 0C FFFFFFFF               	MOV	DWORD [12+EDX],-1
    30 00000038                                 L8:
    31 00000038 C7 80 0000042C 00000000         	MOV	DWORD [1068+EAX],0
    32 00000042 89 90 00000430                  	MOV	DWORD [1072+EAX],EDX
    33 00000048 83 C0 24                        	ADD	EAX,36
    34 0000004B 39 C8                           	CMP	EAX,ECX
    35 0000004D 7E E9                           	JLE	L8
    36 0000004F                                 L3:
    37 0000004F 89 D0                           	MOV	EAX,EDX
    38 00000051 C9                              	LEAVE
    39 00000052 C3                              	RET
    40 00000053                                 	GLOBAL	_sheet_alloc
    41 00000053                                 _sheet_alloc:
    42 00000053 55                              	PUSH	EBP
    43 00000054 31 D2                           	XOR	EDX,EDX
    44 00000056 89 E5                           	MOV	EBP,ESP
    45 00000058 8B 45 08                        	MOV	EAX,DWORD [8+EBP]
    46 0000005B 05 00000410                     	ADD	EAX,1040
    47 00000060                                 L16:
    48 00000060 83 78 1C 00                     	CMP	DWORD [28+EAX],0
    49 00000064 74 10                           	JE	L19
    50 00000066 42                              	INC	EDX
    51 00000067 83 C0 24                        	ADD	EAX,36
    52 0000006A 81 FA 000000FF                  	CMP	EDX,255
    53 00000070 7E EE                           	JLE	L16
    54 00000072 31 C0                           	XOR	EAX,EAX
    55 00000074                                 L10:
    56 00000074 5D                              	POP	EBP
    57 00000075 C3                              	RET
    58 00000076                                 L19:
    59 00000076 C7 40 1C 00000001               	MOV	DWORD [28+EAX],1
    60 0000007D C7 40 18 FFFFFFFF               	MOV	DWORD [24+EAX],-1
    61 00000084 EB EE                           	JMP	L10
    62 00000086                                 	GLOBAL	_sheet_setbuf
    63 00000086                                 _sheet_setbuf:
    64 00000086 55                              	PUSH	EBP
    65 00000087 89 E5                           	MOV	EBP,ESP
    66 00000089 8B 55 08                        	MOV	EDX,DWORD [8+EBP]
    67 0000008C 8B 45 0C                        	MOV	EAX,DWORD [12+EBP]
    68 0000008F 89 02                           	MOV	DWORD [EDX],EAX
    69 00000091 8B 45 10                        	MOV	EAX,DWORD [16+EBP]
    70 00000094 89 42 04                        	MOV	DWORD [4+EDX],EAX
    71 00000097 8B 45 14                        	MOV	EAX,DWORD [20+EBP]
    72 0000009A 89 42 08                        	MOV	DWORD [8+EDX],EAX
    73 0000009D 8B 45 18                        	MOV	EAX,DWORD [24+EBP]
    74 000000A0 89 42 14                        	MOV	DWORD [20+EDX],EAX
    75 000000A3 5D                              	POP	EBP
    76 000000A4 C3                              	RET
    77 000000A5                                 	GLOBAL	_sheet_updown
    78 000000A5                                 _sheet_updown:
    79 000000A5 55                              	PUSH	EBP
    80 000000A6 89 E5                           	MOV	EBP,ESP
    81 000000A8 57                              	PUSH	EDI
    82 000000A9 56                              	PUSH	ESI
    83 000000AA 8B 7D 08                        	MOV	EDI,DWORD [8+EBP]
    84 000000AD 53                              	PUSH	EBX
    85 000000AE 8B 5D 0C                        	MOV	EBX,DWORD [12+EBP]
    86 000000B1 8B 77 20                        	MOV	ESI,DWORD [32+EDI]
    87 000000B4 8B 47 18                        	MOV	EAX,DWORD [24+EDI]
    88 000000B7 8B 56 0C                        	MOV	EDX,DWORD [12+ESI]
    89 000000BA 42                              	INC	EDX
    90 000000BB 39 D3                           	CMP	EBX,EDX
    91 000000BD 7E 02                           	JLE	L22
    92 000000BF 89 D3                           	MOV	EBX,EDX
    93 000000C1                                 L22:
    94 000000C1 83 FB FF                        	CMP	EBX,-1
    95 000000C4 7D 03                           	JGE	L23
    96 000000C6 83 CB FF                        	OR	EBX,-1
    97 000000C9                                 L23:
    98 000000C9 89 5F 18                        	MOV	DWORD [24+EDI],EBX
    99 000000CC 39 D8                           	CMP	EAX,EBX
   100 000000CE 0F 8E 00000085                  	JLE	L24
   101 000000D4 85 DB                           	TEST	EBX,EBX
   102 000000D6 78 5E                           	JS	L25
   103 000000D8 89 C1                           	MOV	ECX,EAX
   104 000000DA                                 L30:
   105 000000DA 8B 44 8E 0C                     	MOV	EAX,DWORD [12+ESI+ECX*4]
   106 000000DE 89 44 8E 10                     	MOV	DWORD [16+ESI+ECX*4],EAX
   107 000000E2 89 48 18                        	MOV	DWORD [24+EAX],ECX
   108 000000E5 49                              	DEC	ECX
   109 000000E6 39 D9                           	CMP	ECX,EBX
   110 000000E8 7F F0                           	JG	L30
   111 000000EA 8D 43 01                        	LEA	EAX,DWORD [1+EBX]
   112 000000ED 89 7C 9E 10                     	MOV	DWORD [16+ESI+EBX*4],EDI
   113 000000F1 50                              	PUSH	EAX
   114 000000F2 8B 4F 10                        	MOV	ECX,DWORD [16+EDI]
   115 000000F5 89 C8                           	MOV	EAX,ECX
   116 000000F7 03 47 08                        	ADD	EAX,DWORD [8+EDI]
   117 000000FA 50                              	PUSH	EAX
   118 000000FB 8B 57 0C                        	MOV	EDX,DWORD [12+EDI]
   119 000000FE 89 D0                           	MOV	EAX,EDX
   120 00000100 03 47 04                        	ADD	EAX,DWORD [4+EDI]
   121 00000103 50                              	PUSH	EAX
   122 00000104 51                              	PUSH	ECX
   123 00000105 52                              	PUSH	EDX
   124 00000106 56                              	PUSH	ESI
   125 00000107 E8 000000CE                     	CALL	_sheet_refreshsub
   126 0000010C 83 C4 18                        	ADD	ESP,24
   127 0000010F                                 L31:
   128 0000010F 6A 00                           	PUSH	0
   129 00000111                                 L59:
   130 00000111 8B 4F 10                        	MOV	ECX,DWORD [16+EDI]
   131 00000114 89 C8                           	MOV	EAX,ECX
   132 00000116 03 47 08                        	ADD	EAX,DWORD [8+EDI]
   133 00000119 50                              	PUSH	EAX
   134 0000011A 8B 57 0C                        	MOV	EDX,DWORD [12+EDI]
   135 0000011D 89 D0                           	MOV	EAX,EDX
   136 0000011F 03 47 04                        	ADD	EAX,DWORD [4+EDI]
   137 00000122 50                              	PUSH	EAX
   138 00000123 51                              	PUSH	ECX
   139 00000124 52                              	PUSH	EDX
   140 00000125 56                              	PUSH	ESI
   141 00000126 E8 000000AF                     	CALL	_sheet_refreshsub
   142 0000012B 83 C4 18                        	ADD	ESP,24
   143 0000012E                                 L21:
   144 0000012E 8D 65 F4                        	LEA	ESP,DWORD [-12+EBP]
   145 00000131 5B                              	POP	EBX
   146 00000132 5E                              	POP	ESI
   147 00000133 5F                              	POP	EDI
   148 00000134 5D                              	POP	EBP
   149 00000135 C3                              	RET
   150 00000136                                 L25:
   151 00000136 8B 56 0C                        	MOV	EDX,DWORD [12+ESI]
   152 00000139 39 C2                           	CMP	EDX,EAX
   153 0000013B 7E 17                           	JLE	L32
   154 0000013D 89 C1                           	MOV	ECX,EAX
   155 0000013F 39 D0                           	CMP	EAX,EDX
   156 00000141 7D 11                           	JGE	L32
   157 00000143                                 L37:
   158 00000143 8B 44 8E 14                     	MOV	EAX,DWORD [20+ESI+ECX*4]
   159 00000147 89 44 8E 10                     	MOV	DWORD [16+ESI+ECX*4],EAX
   160 0000014B 89 48 18                        	MOV	DWORD [24+EAX],ECX
   161 0000014E 41                              	INC	ECX
   162 0000014F 3B 4E 0C                        	CMP	ECX,DWORD [12+ESI]
   163 00000152 7C EF                           	JL	L37
   164 00000154                                 L32:
   165 00000154 FF 4E 0C                        	DEC	DWORD [12+ESI]
   166 00000157 EB B6                           	JMP	L31
   167 00000159                                 L24:
   168 00000159 39 D8                           	CMP	EAX,EBX
   169 0000015B 7D D1                           	JGE	L21
   170 0000015D 85 C0                           	TEST	EAX,EAX
   171 0000015F 78 1D                           	JS	L40
   172 00000161 89 C1                           	MOV	ECX,EAX
   173 00000163 39 D8                           	CMP	EAX,EBX
   174 00000165 7D 10                           	JGE	L56
   175 00000167                                 L45:
   176 00000167 8B 44 8E 14                     	MOV	EAX,DWORD [20+ESI+ECX*4]
   177 0000016B 89 44 8E 10                     	MOV	DWORD [16+ESI+ECX*4],EAX
   178 0000016F 89 48 18                        	MOV	DWORD [24+EAX],ECX
   179 00000172 41                              	INC	ECX
   180 00000173 39 D9                           	CMP	ECX,EBX
   181 00000175 7C F0                           	JL	L45
   182 00000177                                 L56:
   183 00000177 89 7C 9E 10                     	MOV	DWORD [16+ESI+EBX*4],EDI
   184 0000017B                                 L46:
   185 0000017B 53                              	PUSH	EBX
   186 0000017C EB 93                           	JMP	L59
   187 0000017E                                 L40:
   188 0000017E 8B 4E 0C                        	MOV	ECX,DWORD [12+ESI]
   189 00000181 39 D9                           	CMP	ECX,EBX
   190 00000183 7C 13                           	JL	L58
   191 00000185                                 L51:
   192 00000185 8B 54 8E 10                     	MOV	EDX,DWORD [16+ESI+ECX*4]
   193 00000189 8D 41 01                        	LEA	EAX,DWORD [1+ECX]
   194 0000018C 89 54 8E 14                     	MOV	DWORD [20+ESI+ECX*4],EDX
   195 00000190 49                              	DEC	ECX
   196 00000191 89 42 18                        	MOV	DWORD [24+EDX],EAX
   197 00000194 39 D9                           	CMP	ECX,EBX
   198 00000196 7D ED                           	JGE	L51
   199 00000198                                 L58:
   200 00000198 89 7C 9E 10                     	MOV	DWORD [16+ESI+EBX*4],EDI
   201 0000019C FF 46 0C                        	INC	DWORD [12+ESI]
   202 0000019F EB DA                           	JMP	L46
   203 000001A1                                 	GLOBAL	_sheet_refresh
   204 000001A1                                 _sheet_refresh:
   205 000001A1 55                              	PUSH	EBP
   206 000001A2 89 E5                           	MOV	EBP,ESP
   207 000001A4 53                              	PUSH	EBX
   208 000001A5 8B 5D 08                        	MOV	EBX,DWORD [8+EBP]
   209 000001A8 8B 43 18                        	MOV	EAX,DWORD [24+EBX]
   210 000001AB 85 C0                           	TEST	EAX,EAX
   211 000001AD 78 26                           	JS	L60
   212 000001AF 50                              	PUSH	EAX
   213 000001B0 8B 4B 10                        	MOV	ECX,DWORD [16+EBX]
   214 000001B3 89 C8                           	MOV	EAX,ECX
   215 000001B5 03 4D 10                        	ADD	ECX,DWORD [16+EBP]
   216 000001B8 03 45 18                        	ADD	EAX,DWORD [24+EBP]
   217 000001BB 50                              	PUSH	EAX
   218 000001BC 8B 53 0C                        	MOV	EDX,DWORD [12+EBX]
   219 000001BF 89 D0                           	MOV	EAX,EDX
   220 000001C1 03 55 0C                        	ADD	EDX,DWORD [12+EBP]
   221 000001C4 03 45 14                        	ADD	EAX,DWORD [20+EBP]
   222 000001C7 50                              	PUSH	EAX
   223 000001C8 51                              	PUSH	ECX
   224 000001C9 52                              	PUSH	EDX
   225 000001CA FF 73 20                        	PUSH	DWORD [32+EBX]
   226 000001CD E8 00000008                     	CALL	_sheet_refreshsub
   227 000001D2 83 C4 18                        	ADD	ESP,24
   228 000001D5                                 L60:
   229 000001D5 8B 5D FC                        	MOV	EBX,DWORD [-4+EBP]
   230 000001D8 C9                              	LEAVE
   231 000001D9 C3                              	RET
   232 000001DA                                 	GLOBAL	_sheet_refreshsub
   233 000001DA                                 _sheet_refreshsub:
   234 000001DA 55                              	PUSH	EBP
   235 000001DB 89 E5                           	MOV	EBP,ESP
   236 000001DD 57                              	PUSH	EDI
   237 000001DE 56                              	PUSH	ESI
   238 000001DF 53                              	PUSH	EBX
   239 000001E0 83 EC 28                        	SUB	ESP,40
   240 000001E3 8B 45 08                        	MOV	EAX,DWORD [8+EBP]
   241 000001E6 83 7D 0C 00                     	CMP	DWORD [12+EBP],0
   242 000001EA 8B 00                           	MOV	EAX,DWORD [EAX]
   243 000001EC 89 45 D8                        	MOV	DWORD [-40+EBP],EAX
   244 000001EF 0F 88 00000125                  	JS	L93
   245 000001F5                                 L63:
   246 000001F5 83 7D 10 00                     	CMP	DWORD [16+EBP],0
   247 000001F9 0F 88 0000010F                  	JS	L94
   248 000001FF                                 L64:
   249 000001FF 8B 55 08                        	MOV	EDX,DWORD [8+EBP]
   250 00000202 8B 42 04                        	MOV	EAX,DWORD [4+EDX]
   251 00000205 39 45 14                        	CMP	DWORD [20+EBP],EAX
   252 00000208 7E 03                           	JLE	L65
   253 0000020A 89 45 14                        	MOV	DWORD [20+EBP],EAX
   254 0000020D                                 L65:
   255 0000020D 8B 75 08                        	MOV	ESI,DWORD [8+EBP]
   256 00000210 8B 46 08                        	MOV	EAX,DWORD [8+ESI]
   257 00000213 39 45 18                        	CMP	DWORD [24+EBP],EAX
   258 00000216 7E 03                           	JLE	L66
   259 00000218 89 45 18                        	MOV	DWORD [24+EBP],EAX
   260 0000021B                                 L66:
   261 0000021B 8B 45 08                        	MOV	EAX,DWORD [8+EBP]
   262 0000021E 8B 7D 1C                        	MOV	EDI,DWORD [28+EBP]
   263 00000221 89 7D F0                        	MOV	DWORD [-16+EBP],EDI
   264 00000224 3B 78 0C                        	CMP	EDI,DWORD [12+EAX]
   265 00000227 0F 8F 000000C6                  	JG	L88
   266 0000022D                                 L86:
   267 0000022D 8B 55 F0                        	MOV	EDX,DWORD [-16+EBP]
   268 00000230 8B 75 08                        	MOV	ESI,DWORD [8+EBP]
   269 00000233 8B 5D 10                        	MOV	EBX,DWORD [16+EBP]
   270 00000236 8B 4C 96 10                     	MOV	ECX,DWORD [16+ESI+EDX*4]
   271 0000023A 8B 75 14                        	MOV	ESI,DWORD [20+EBP]
   272 0000023D 8B 39                           	MOV	EDI,DWORD [ECX]
   273 0000023F 8B 51 10                        	MOV	EDX,DWORD [16+ECX]
   274 00000242 89 7D E0                        	MOV	DWORD [-32+EBP],EDI
   275 00000245 8B 41 0C                        	MOV	EAX,DWORD [12+ECX]
   276 00000248 8B 7D 18                        	MOV	EDI,DWORD [24+EBP]
   277 0000024B 29 D3                           	SUB	EBX,EDX
   278 0000024D 29 D7                           	SUB	EDI,EDX
   279 0000024F 29 C6                           	SUB	ESI,EAX
   280 00000251 8B 55 0C                        	MOV	EDX,DWORD [12+EBP]
   281 00000254 89 75 CC                        	MOV	DWORD [-52+EBP],ESI
   282 00000257 29 C2                           	SUB	EDX,EAX
   283 00000259 89 7D D4                        	MOV	DWORD [-44+EBP],EDI
   284 0000025C 89 55 E4                        	MOV	DWORD [-28+EBP],EDX
   285 0000025F 0F 88 0000009D                  	JS	L95
   286 00000265                                 L71:
   287 00000265 85 DB                           	TEST	EBX,EBX
   288 00000267 0F 88 0000008E                  	JS	L96
   289 0000026D                                 L72:
   290 0000026D 8B 41 04                        	MOV	EAX,DWORD [4+ECX]
   291 00000270 39 45 CC                        	CMP	DWORD [-52+EBP],EAX
   292 00000273 7E 03                           	JLE	L73
   293 00000275 89 45 CC                        	MOV	DWORD [-52+EBP],EAX
   294 00000278                                 L73:
   295 00000278 8B 41 08                        	MOV	EAX,DWORD [8+ECX]
   296 0000027B 39 45 D4                        	CMP	DWORD [-44+EBP],EAX
   297 0000027E 7E 03                           	JLE	L74
   298 00000280 89 45 D4                        	MOV	DWORD [-44+EBP],EAX
   299 00000283                                 L74:
   300 00000283 3B 5D D4                        	CMP	EBX,DWORD [-44+EBP]
   301 00000286 7D 59                           	JGE	L90
   302 00000288                                 L85:
   303 00000288 8B 71 10                        	MOV	ESI,DWORD [16+ECX]
   304 0000028B 8B 55 E4                        	MOV	EDX,DWORD [-28+EBP]
   305 0000028E 01 DE                           	ADD	ESI,EBX
   306 00000290 3B 55 CC                        	CMP	EDX,DWORD [-52+EBP]
   307 00000293 89 75 E8                        	MOV	DWORD [-24+EBP],ESI
   308 00000296 7D 43                           	JGE	L92
   309 00000298                                 L84:
   310 00000298 89 D8                           	MOV	EAX,EBX
   311 0000029A 8B 79 0C                        	MOV	EDI,DWORD [12+ECX]
   312 0000029D 0F AF 41 04                     	IMUL	EAX,DWORD [4+ECX]
   313 000002A1 01 D7                           	ADD	EDI,EDX
   314 000002A3 8B 75 E0                        	MOV	ESI,DWORD [-32+EBP]
   315 000002A6 01 D0                           	ADD	EAX,EDX
   316 000002A8 89 7D EC                        	MOV	DWORD [-20+EBP],EDI
   317 000002AB 8A 04 30                        	MOV	AL,BYTE [EAX+ESI*1]
   318 000002AE 88 45 DF                        	MOV	BYTE [-33+EBP],AL
   319 000002B1 0F B6 C0                        	MOVZX	EAX,AL
   320 000002B4 3B 41 14                        	CMP	EAX,DWORD [20+ECX]
   321 000002B7 74 1C                           	JE	L81
   322 000002B9 8B 7D 08                        	MOV	EDI,DWORD [8+EBP]
   323 000002BC 8B 45 E8                        	MOV	EAX,DWORD [-24+EBP]
   324 000002BF 8B 75 D8                        	MOV	ESI,DWORD [-40+EBP]
   325 000002C2 0F AF 47 04                     	IMUL	EAX,DWORD [4+EDI]
   326 000002C6 03 45 EC                        	ADD	EAX,DWORD [-20+EBP]
   327 000002C9 89 45 D0                        	MOV	DWORD [-48+EBP],EAX
   328 000002CC 8A 45 DF                        	MOV	AL,BYTE [-33+EBP]
   329 000002CF 8B 7D D0                        	MOV	EDI,DWORD [-48+EBP]
   330 000002D2 88 04 37                        	MOV	BYTE [EDI+ESI*1],AL
   331 000002D5                                 L81:
   332 000002D5 42                              	INC	EDX
   333 000002D6 3B 55 CC                        	CMP	EDX,DWORD [-52+EBP]
   334 000002D9 7C BD                           	JL	L84
   335 000002DB                                 L92:
   336 000002DB 43                              	INC	EBX
   337 000002DC 3B 5D D4                        	CMP	EBX,DWORD [-44+EBP]
   338 000002DF 7C A7                           	JL	L85
   339 000002E1                                 L90:
   340 000002E1 8B 55 08                        	MOV	EDX,DWORD [8+EBP]
   341 000002E4 FF 45 F0                        	INC	DWORD [-16+EBP]
   342 000002E7 8B 45 F0                        	MOV	EAX,DWORD [-16+EBP]
   343 000002EA 3B 42 0C                        	CMP	EAX,DWORD [12+EDX]
   344 000002ED 0F 8E FFFFFF3A                  	JLE	L86
   345 000002F3                                 L88:
   346 000002F3 83 C4 28                        	ADD	ESP,40
   347 000002F6 5B                              	POP	EBX
   348 000002F7 5E                              	POP	ESI
   349 000002F8 5F                              	POP	EDI
   350 000002F9 5D                              	POP	EBP
   351 000002FA C3                              	RET
   352 000002FB                                 L96:
   353 000002FB 31 DB                           	XOR	EBX,EBX
   354 000002FD E9 FFFFFF6B                     	JMP	L72
   355 00000302                                 L95:
   356 00000302 C7 45 E4 00000000               	MOV	DWORD [-28+EBP],0
   357 00000309 E9 FFFFFF57                     	JMP	L71
   358 0000030E                                 L94:
   359 0000030E C7 45 10 00000000               	MOV	DWORD [16+EBP],0
   360 00000315 E9 FFFFFEE5                     	JMP	L64
   361 0000031A                                 L93:
   362 0000031A C7 45 0C 00000000               	MOV	DWORD [12+EBP],0
   363 00000321 E9 FFFFFECF                     	JMP	L63
   364 00000326                                 	GLOBAL	_sheet_slide
   365 00000326                                 _sheet_slide:
   366 00000326 55                              	PUSH	EBP
   367 00000327 89 E5                           	MOV	EBP,ESP
   368 00000329 57                              	PUSH	EDI
   369 0000032A 56                              	PUSH	ESI
   370 0000032B 53                              	PUSH	EBX
   371 0000032C 8B 7D 0C                        	MOV	EDI,DWORD [12+EBP]
   372 0000032F 8B 5D 08                        	MOV	EBX,DWORD [8+EBP]
   373 00000332 8B 75 10                        	MOV	ESI,DWORD [16+EBP]
   374 00000335 8B 4B 0C                        	MOV	ECX,DWORD [12+EBX]
   375 00000338 8B 53 10                        	MOV	EDX,DWORD [16+EBX]
   376 0000033B 89 7B 0C                        	MOV	DWORD [12+EBX],EDI
   377 0000033E 89 73 10                        	MOV	DWORD [16+EBX],ESI
   378 00000341 83 7B 18 00                     	CMP	DWORD [24+EBX],0
   379 00000345 78 34                           	JS	L97
   380 00000347 6A 00                           	PUSH	0
   381 00000349 89 D0                           	MOV	EAX,EDX
   382 0000034B 03 43 08                        	ADD	EAX,DWORD [8+EBX]
   383 0000034E 50                              	PUSH	EAX
   384 0000034F 89 C8                           	MOV	EAX,ECX
   385 00000351 03 43 04                        	ADD	EAX,DWORD [4+EBX]
   386 00000354 50                              	PUSH	EAX
   387 00000355 52                              	PUSH	EDX
   388 00000356 51                              	PUSH	ECX
   389 00000357 FF 73 20                        	PUSH	DWORD [32+EBX]
   390 0000035A E8 FFFFFE7B                     	CALL	_sheet_refreshsub
   391 0000035F 89 F0                           	MOV	EAX,ESI
   392 00000361 FF 73 18                        	PUSH	DWORD [24+EBX]
   393 00000364 03 43 08                        	ADD	EAX,DWORD [8+EBX]
   394 00000367 50                              	PUSH	EAX
   395 00000368 89 F8                           	MOV	EAX,EDI
   396 0000036A 03 43 04                        	ADD	EAX,DWORD [4+EBX]
   397 0000036D 50                              	PUSH	EAX
   398 0000036E 56                              	PUSH	ESI
   399 0000036F 57                              	PUSH	EDI
   400 00000370 FF 73 20                        	PUSH	DWORD [32+EBX]
   401 00000373 E8 FFFFFE62                     	CALL	_sheet_refreshsub
   402 00000378 83 C4 30                        	ADD	ESP,48
   403 0000037B                                 L97:
   404 0000037B 8D 65 F4                        	LEA	ESP,DWORD [-12+EBP]
   405 0000037E 5B                              	POP	EBX
   406 0000037F 5E                              	POP	ESI
   407 00000380 5F                              	POP	EDI
   408 00000381 5D                              	POP	EBP
   409 00000382 C3                              	RET
   410 00000383                                 	GLOBAL	_sheet_free
   411 00000383                                 _sheet_free:
   412 00000383 55                              	PUSH	EBP
   413 00000384 89 E5                           	MOV	EBP,ESP
   414 00000386 53                              	PUSH	EBX
   415 00000387 8B 5D 08                        	MOV	EBX,DWORD [8+EBP]
   416 0000038A 83 7B 18 00                     	CMP	DWORD [24+EBX],0
   417 0000038E 78 0A                           	JS	L100
   418 00000390 6A FF                           	PUSH	-1
   419 00000392 53                              	PUSH	EBX
   420 00000393 E8 FFFFFD0D                     	CALL	_sheet_updown
   421 00000398 58                              	POP	EAX
   422 00000399 5A                              	POP	EDX
   423 0000039A                                 L100:
   424 0000039A C7 43 1C 00000000               	MOV	DWORD [28+EBX],0
   425 000003A1 8B 5D FC                        	MOV	EBX,DWORD [-4+EBP]
   426 000003A4 C9                              	LEAVE
   427 000003A5 C3                              	RET
