     1 00000000                                 [FORMAT "WCOFF"]
     2 00000000                                 [INSTRSET "i486p"]
     3 00000000                                 [OPTIMIZE 1]
     4 00000000                                 [OPTION 1]
     5 00000000                                 [BITS 32]
     6 00000000                                 [FILE "fifo.c"]
     7                                          [SECTION .text]
     8 00000000                                 	GLOBAL	_fifo8_init
     9 00000000                                 _fifo8_init:
    10 00000000 55                              	PUSH	EBP
    11 00000001 89 E5                           	MOV	EBP,ESP
    12 00000003 8B 45 08                        	MOV	EAX,DWORD [8+EBP]
    13 00000006 8B 55 0C                        	MOV	EDX,DWORD [12+EBP]
    14 00000009 89 50 0C                        	MOV	DWORD [12+EAX],EDX
    15 0000000C 8B 55 10                        	MOV	EDX,DWORD [16+EBP]
    16 0000000F 89 10                           	MOV	DWORD [EAX],EDX
    17 00000011 C7 40 14 00000000               	MOV	DWORD [20+EAX],0
    18 00000018 C7 40 04 00000000               	MOV	DWORD [4+EAX],0
    19 0000001F C7 40 08 00000000               	MOV	DWORD [8+EAX],0
    20 00000026 5D                              	POP	EBP
    21 00000027 C3                              	RET
    22 00000028                                 	GLOBAL	_fifo8_put
    23 00000028                                 _fifo8_put:
    24 00000028 55                              	PUSH	EBP
    25 00000029 89 E5                           	MOV	EBP,ESP
    26 0000002B 53                              	PUSH	EBX
    27 0000002C 8B 4D 08                        	MOV	ECX,DWORD [8+EBP]
    28 0000002F 8B 5D 0C                        	MOV	EBX,DWORD [12+EBP]
    29 00000032 83 79 10 00                     	CMP	DWORD [16+ECX],0
    30 00000036 75 0A                           	JNE	L3
    31 00000038 83 49 14 01                     	OR	DWORD [20+ECX],1
    32 0000003C 83 C8 FF                        	OR	EAX,-1
    33 0000003F                                 L2:
    34 0000003F 5B                              	POP	EBX
    35 00000040 5D                              	POP	EBP
    36 00000041 C3                              	RET
    37 00000042                                 L3:
    38 00000042 8B 01                           	MOV	EAX,DWORD [ECX]
    39 00000044 8B 51 08                        	MOV	EDX,DWORD [8+ECX]
    40 00000047 88 1C 02                        	MOV	BYTE [EDX+EAX*1],BL
    41 0000004A 8B 41 08                        	MOV	EAX,DWORD [8+ECX]
    42 0000004D 40                              	INC	EAX
    43 0000004E 89 41 08                        	MOV	DWORD [8+ECX],EAX
    44 00000051 3B 41 0C                        	CMP	EAX,DWORD [12+ECX]
    45 00000054 74 07                           	JE	L5
    46 00000056                                 L4:
    47 00000056 FF 49 10                        	DEC	DWORD [16+ECX]
    48 00000059 31 C0                           	XOR	EAX,EAX
    49 0000005B EB E2                           	JMP	L2
    50 0000005D                                 L5:
    51 0000005D C7 41 08 00000000               	MOV	DWORD [8+ECX],0
    52 00000064 EB F0                           	JMP	L4
    53 00000066                                 	GLOBAL	_fifo8_get
    54 00000066                                 _fifo8_get:
    55 00000066 55                              	PUSH	EBP
    56 00000067 83 C8 FF                        	OR	EAX,-1
    57 0000006A 89 E5                           	MOV	EBP,ESP
    58 0000006C 56                              	PUSH	ESI
    59 0000006D 53                              	PUSH	EBX
    60 0000006E 8B 4D 08                        	MOV	ECX,DWORD [8+EBP]
    61 00000071 8B 71 10                        	MOV	ESI,DWORD [16+ECX]
    62 00000074 8B 59 0C                        	MOV	EBX,DWORD [12+ECX]
    63 00000077 39 DE                           	CMP	ESI,EBX
    64 00000079 74 19                           	JE	L6
    65 0000007B 8B 41 04                        	MOV	EAX,DWORD [4+ECX]
    66 0000007E 8B 11                           	MOV	EDX,DWORD [ECX]
    67 00000080 0F B6 14 10                     	MOVZX	EDX,BYTE [EAX+EDX*1]
    68 00000084 40                              	INC	EAX
    69 00000085 89 41 04                        	MOV	DWORD [4+ECX],EAX
    70 00000088 39 D8                           	CMP	EAX,EBX
    71 0000008A 74 0C                           	JE	L9
    72 0000008C                                 L8:
    73 0000008C 8D 46 01                        	LEA	EAX,DWORD [1+ESI]
    74 0000008F 89 41 10                        	MOV	DWORD [16+ECX],EAX
    75 00000092 89 D0                           	MOV	EAX,EDX
    76 00000094                                 L6:
    77 00000094 5B                              	POP	EBX
    78 00000095 5E                              	POP	ESI
    79 00000096 5D                              	POP	EBP
    80 00000097 C3                              	RET
    81 00000098                                 L9:
    82 00000098 C7 41 04 00000000               	MOV	DWORD [4+ECX],0
    83 0000009F EB EB                           	JMP	L8
    84 000000A1                                 	GLOBAL	_fifo8_status
    85 000000A1                                 _fifo8_status:
    86 000000A1 55                              	PUSH	EBP
    87 000000A2 89 E5                           	MOV	EBP,ESP
    88 000000A4 8B 55 08                        	MOV	EDX,DWORD [8+EBP]
    89 000000A7 5D                              	POP	EBP
    90 000000A8 8B 42 0C                        	MOV	EAX,DWORD [12+EDX]
    91 000000AB 2B 42 10                        	SUB	EAX,DWORD [16+EDX]
    92 000000AE C3                              	RET
