     1 00000000                                 [FORMAT "WCOFF"]
     2 00000000                                 [INSTRSET "i486p"]
     3 00000000                                 [OPTIMIZE 1]
     4 00000000                                 [OPTION 1]
     5 00000000                                 [BITS 32]
     6 00000000                                 	EXTERN	_memman_alloc_4k
     7 00000000                                 [FILE "sheet.c"]
     8                                          [SECTION .text]
     9 00000000                                 	GLOBAL	_shtctl_init
    10 00000000                                 _shtctl_init:
    11 00000000 55                              	PUSH	EBP
    12 00000001 89 E5                           	MOV	EBP,ESP
    13 00000003 68 00002410                     	PUSH	9232
    14 00000008 FF 75 08                        	PUSH	DWORD [8+EBP]
    15 0000000B E8 [00000000]                   	CALL	_memman_alloc_4k
    16 00000010 89 C2                           	MOV	EDX,EAX
    17 00000012 58                              	POP	EAX
    18 00000013 59                              	POP	ECX
    19 00000014 85 D2                           	TEST	EDX,EDX
    20 00000016 74 2F                           	JE	L3
    21 00000018 8B 45 0C                        	MOV	EAX,DWORD [12+EBP]
    22 0000001B B9 000000FF                     	MOV	ECX,255
    23 00000020 89 02                           	MOV	DWORD [EDX],EAX
    24 00000022 8B 45 10                        	MOV	EAX,DWORD [16+EBP]
    25 00000025 89 42 04                        	MOV	DWORD [4+EDX],EAX
    26 00000028 8B 45 14                        	MOV	EAX,DWORD [20+EBP]
    27 0000002B 89 42 08                        	MOV	DWORD [8+EDX],EAX
    28 0000002E 8D 82 0000042C                  	LEA	EAX,DWORD [1068+EDX]
    29 00000034 C7 42 0C FFFFFFFF               	MOV	DWORD [12+EDX],-1
    30 0000003B                                 L8:
    31 0000003B C7 00 00000000                  	MOV	DWORD [EAX],0
    32 00000041 83 C0 20                        	ADD	EAX,32
    33 00000044 49                              	DEC	ECX
    34 00000045 79 F4                           	JNS	L8
    35 00000047                                 L3:
    36 00000047 89 D0                           	MOV	EAX,EDX
    37 00000049 C9                              	LEAVE
    38 0000004A C3                              	RET
    39 0000004B                                 	GLOBAL	_sheet_alloc
    40 0000004B                                 _sheet_alloc:
    41 0000004B 55                              	PUSH	EBP
    42 0000004C 31 D2                           	XOR	EDX,EDX
    43 0000004E 89 E5                           	MOV	EBP,ESP
    44 00000050 8B 45 08                        	MOV	EAX,DWORD [8+EBP]
    45 00000053 05 00000410                     	ADD	EAX,1040
    46 00000058                                 L16:
    47 00000058 83 78 1C 00                     	CMP	DWORD [28+EAX],0
    48 0000005C 74 10                           	JE	L19
    49 0000005E 42                              	INC	EDX
    50 0000005F 83 C0 20                        	ADD	EAX,32
    51 00000062 81 FA 000000FF                  	CMP	EDX,255
    52 00000068 7E EE                           	JLE	L16
    53 0000006A 31 C0                           	XOR	EAX,EAX
    54 0000006C                                 L10:
    55 0000006C 5D                              	POP	EBP
    56 0000006D C3                              	RET
    57 0000006E                                 L19:
    58 0000006E C7 40 1C 00000001               	MOV	DWORD [28+EAX],1
    59 00000075 C7 40 18 FFFFFFFF               	MOV	DWORD [24+EAX],-1
    60 0000007C EB EE                           	JMP	L10
    61 0000007E                                 	GLOBAL	_sheet_setbuf
    62 0000007E                                 _sheet_setbuf:
    63 0000007E 55                              	PUSH	EBP
    64 0000007F 89 E5                           	MOV	EBP,ESP
    65 00000081 8B 55 08                        	MOV	EDX,DWORD [8+EBP]
    66 00000084 8B 45 0C                        	MOV	EAX,DWORD [12+EBP]
    67 00000087 89 02                           	MOV	DWORD [EDX],EAX
    68 00000089 8B 45 10                        	MOV	EAX,DWORD [16+EBP]
    69 0000008C 89 42 04                        	MOV	DWORD [4+EDX],EAX
    70 0000008F 8B 45 14                        	MOV	EAX,DWORD [20+EBP]
    71 00000092 89 42 08                        	MOV	DWORD [8+EDX],EAX
    72 00000095 8B 45 18                        	MOV	EAX,DWORD [24+EBP]
    73 00000098 89 42 14                        	MOV	DWORD [20+EDX],EAX
    74 0000009B 5D                              	POP	EBP
    75 0000009C C3                              	RET
    76 0000009D                                 	GLOBAL	_sheet_updown
    77 0000009D                                 _sheet_updown:
    78 0000009D 55                              	PUSH	EBP
    79 0000009E 89 E5                           	MOV	EBP,ESP
    80 000000A0 57                              	PUSH	EDI
    81 000000A1 56                              	PUSH	ESI
    82 000000A2 8B 75 08                        	MOV	ESI,DWORD [8+EBP]
    83 000000A5 53                              	PUSH	EBX
    84 000000A6 8B 7D 0C                        	MOV	EDI,DWORD [12+EBP]
    85 000000A9 8B 5D 10                        	MOV	EBX,DWORD [16+EBP]
    86 000000AC 8B 56 0C                        	MOV	EDX,DWORD [12+ESI]
    87 000000AF 42                              	INC	EDX
    88 000000B0 8B 47 18                        	MOV	EAX,DWORD [24+EDI]
    89 000000B3 39 D3                           	CMP	EBX,EDX
    90 000000B5 7E 02                           	JLE	L22
    91 000000B7 89 D3                           	MOV	EBX,EDX
    92 000000B9                                 L22:
    93 000000B9 83 FB FF                        	CMP	EBX,-1
    94 000000BC 7D 03                           	JGE	L23
    95 000000BE 83 CB FF                        	OR	EBX,-1
    96 000000C1                                 L23:
    97 000000C1 89 5F 18                        	MOV	DWORD [24+EDI],EBX
    98 000000C4 39 D8                           	CMP	EAX,EBX
    99 000000C6 7E 62                           	JLE	L24
   100 000000C8 85 DB                           	TEST	EBX,EBX
   101 000000CA 78 3B                           	JS	L25
   102 000000CC 89 C1                           	MOV	ECX,EAX
   103 000000CE                                 L30:
   104 000000CE 8B 44 8E 0C                     	MOV	EAX,DWORD [12+ESI+ECX*4]
   105 000000D2 89 44 8E 10                     	MOV	DWORD [16+ESI+ECX*4],EAX
   106 000000D6 89 48 18                        	MOV	DWORD [24+EAX],ECX
   107 000000D9 49                              	DEC	ECX
   108 000000DA 39 D9                           	CMP	ECX,EBX
   109 000000DC 7F F0                           	JG	L30
   110 000000DE                                 L56:
   111 000000DE 89 7C 9E 10                     	MOV	DWORD [16+ESI+EBX*4],EDI
   112 000000E2                                 L46:
   113 000000E2 8B 4F 10                        	MOV	ECX,DWORD [16+EDI]
   114 000000E5 89 C8                           	MOV	EAX,ECX
   115 000000E7 03 47 08                        	ADD	EAX,DWORD [8+EDI]
   116 000000EA 50                              	PUSH	EAX
   117 000000EB 8B 57 0C                        	MOV	EDX,DWORD [12+EDI]
   118 000000EE 89 D0                           	MOV	EAX,EDX
   119 000000F0 03 47 04                        	ADD	EAX,DWORD [4+EDI]
   120 000000F3 50                              	PUSH	EAX
   121 000000F4 51                              	PUSH	ECX
   122 000000F5 52                              	PUSH	EDX
   123 000000F6 56                              	PUSH	ESI
   124 000000F7 E8 000000BF                     	CALL	_sheet_refreshsub
   125 000000FC 83 C4 14                        	ADD	ESP,20
   126 000000FF                                 L21:
   127 000000FF 8D 65 F4                        	LEA	ESP,DWORD [-12+EBP]
   128 00000102 5B                              	POP	EBX
   129 00000103 5E                              	POP	ESI
   130 00000104 5F                              	POP	EDI
   131 00000105 5D                              	POP	EBP
   132 00000106 C3                              	RET
   133 00000107                                 L25:
   134 00000107 8B 56 0C                        	MOV	EDX,DWORD [12+ESI]
   135 0000010A 39 C2                           	CMP	EDX,EAX
   136 0000010C 7E 17                           	JLE	L32
   137 0000010E 89 C1                           	MOV	ECX,EAX
   138 00000110 39 D0                           	CMP	EAX,EDX
   139 00000112 7D 11                           	JGE	L32
   140 00000114                                 L37:
   141 00000114 8B 44 8E 14                     	MOV	EAX,DWORD [20+ESI+ECX*4]
   142 00000118 89 44 8E 10                     	MOV	DWORD [16+ESI+ECX*4],EAX
   143 0000011C 89 48 18                        	MOV	DWORD [24+EAX],ECX
   144 0000011F 41                              	INC	ECX
   145 00000120 3B 4E 0C                        	CMP	ECX,DWORD [12+ESI]
   146 00000123 7C EF                           	JL	L37
   147 00000125                                 L32:
   148 00000125 FF 4E 0C                        	DEC	DWORD [12+ESI]
   149 00000128 EB B8                           	JMP	L46
   150 0000012A                                 L24:
   151 0000012A 39 D8                           	CMP	EAX,EBX
   152 0000012C 7D D1                           	JGE	L21
   153 0000012E 85 C0                           	TEST	EAX,EAX
   154 00000130 78 18                           	JS	L40
   155 00000132 89 C1                           	MOV	ECX,EAX
   156 00000134 39 D8                           	CMP	EAX,EBX
   157 00000136 7D A6                           	JGE	L56
   158 00000138                                 L45:
   159 00000138 8B 44 8E 14                     	MOV	EAX,DWORD [20+ESI+ECX*4]
   160 0000013C 89 44 8E 10                     	MOV	DWORD [16+ESI+ECX*4],EAX
   161 00000140 89 48 18                        	MOV	DWORD [24+EAX],ECX
   162 00000143 41                              	INC	ECX
   163 00000144 39 D9                           	CMP	ECX,EBX
   164 00000146 7C F0                           	JL	L45
   165 00000148 EB 94                           	JMP	L56
   166 0000014A                                 L40:
   167 0000014A 8B 4E 0C                        	MOV	ECX,DWORD [12+ESI]
   168 0000014D 39 D9                           	CMP	ECX,EBX
   169 0000014F 7C 13                           	JL	L58
   170 00000151                                 L51:
   171 00000151 8B 54 8E 10                     	MOV	EDX,DWORD [16+ESI+ECX*4]
   172 00000155 8D 41 01                        	LEA	EAX,DWORD [1+ECX]
   173 00000158 89 54 8E 14                     	MOV	DWORD [20+ESI+ECX*4],EDX
   174 0000015C 49                              	DEC	ECX
   175 0000015D 89 42 18                        	MOV	DWORD [24+EDX],EAX
   176 00000160 39 D9                           	CMP	ECX,EBX
   177 00000162 7D ED                           	JGE	L51
   178 00000164                                 L58:
   179 00000164 89 7C 9E 10                     	MOV	DWORD [16+ESI+EBX*4],EDI
   180 00000168 FF 46 0C                        	INC	DWORD [12+ESI]
   181 0000016B E9 FFFFFF72                     	JMP	L46
   182 00000170                                 	GLOBAL	_sheet_refresh
   183 00000170                                 _sheet_refresh:
   184 00000170 55                              	PUSH	EBP
   185 00000171 89 E5                           	MOV	EBP,ESP
   186 00000173 57                              	PUSH	EDI
   187 00000174 56                              	PUSH	ESI
   188 00000175 53                              	PUSH	EBX
   189 00000176 57                              	PUSH	EDI
   190 00000177 8B 55 0C                        	MOV	EDX,DWORD [12+EBP]
   191 0000017A 8B 45 08                        	MOV	EAX,DWORD [8+EBP]
   192 0000017D 89 45 F0                        	MOV	DWORD [-16+EBP],EAX
   193 00000180 8B 7D 10                        	MOV	EDI,DWORD [16+EBP]
   194 00000183 8B 75 14                        	MOV	ESI,DWORD [20+EBP]
   195 00000186 8B 5D 18                        	MOV	EBX,DWORD [24+EBP]
   196 00000189 8B 45 1C                        	MOV	EAX,DWORD [28+EBP]
   197 0000018C 83 7A 18 00                     	CMP	DWORD [24+EDX],0
   198 00000190 78 23                           	JS	L59
   199 00000192 8B 4A 10                        	MOV	ECX,DWORD [16+EDX]
   200 00000195 8B 52 0C                        	MOV	EDX,DWORD [12+EDX]
   201 00000198 8D 04 08                        	LEA	EAX,DWORD [EAX+ECX*1]
   202 0000019B 01 F1                           	ADD	ECX,ESI
   203 0000019D 89 45 18                        	MOV	DWORD [24+EBP],EAX
   204 000001A0 89 4D 10                        	MOV	DWORD [16+EBP],ECX
   205 000001A3 8D 04 13                        	LEA	EAX,DWORD [EBX+EDX*1]
   206 000001A6 01 FA                           	ADD	EDX,EDI
   207 000001A8 89 45 14                        	MOV	DWORD [20+EBP],EAX
   208 000001AB 89 55 0C                        	MOV	DWORD [12+EBP],EDX
   209 000001AE 5E                              	POP	ESI
   210 000001AF 5B                              	POP	EBX
   211 000001B0 5E                              	POP	ESI
   212 000001B1 5F                              	POP	EDI
   213 000001B2 5D                              	POP	EBP
   214 000001B3 EB 06                           	JMP	_sheet_refreshsub
   215 000001B5                                 L59:
   216 000001B5 5B                              	POP	EBX
   217 000001B6 5B                              	POP	EBX
   218 000001B7 5E                              	POP	ESI
   219 000001B8 5F                              	POP	EDI
   220 000001B9 5D                              	POP	EBP
   221 000001BA C3                              	RET
   222 000001BB                                 	GLOBAL	_sheet_refreshsub
   223 000001BB                                 _sheet_refreshsub:
   224 000001BB 55                              	PUSH	EBP
   225 000001BC 89 E5                           	MOV	EBP,ESP
   226 000001BE 57                              	PUSH	EDI
   227 000001BF 56                              	PUSH	ESI
   228 000001C0 53                              	PUSH	EBX
   229 000001C1 83 EC 28                        	SUB	ESP,40
   230 000001C4 8B 45 08                        	MOV	EAX,DWORD [8+EBP]
   231 000001C7 83 7D 0C 00                     	CMP	DWORD [12+EBP],0
   232 000001CB 8B 00                           	MOV	EAX,DWORD [EAX]
   233 000001CD 89 45 D8                        	MOV	DWORD [-40+EBP],EAX
   234 000001D0 0F 88 00000128                  	JS	L92
   235 000001D6                                 L62:
   236 000001D6 83 7D 10 00                     	CMP	DWORD [16+EBP],0
   237 000001DA 0F 88 00000112                  	JS	L93
   238 000001E0                                 L63:
   239 000001E0 8B 55 08                        	MOV	EDX,DWORD [8+EBP]
   240 000001E3 8B 42 04                        	MOV	EAX,DWORD [4+EDX]
   241 000001E6 39 45 14                        	CMP	DWORD [20+EBP],EAX
   242 000001E9 7E 03                           	JLE	L64
   243 000001EB 89 45 14                        	MOV	DWORD [20+EBP],EAX
   244 000001EE                                 L64:
   245 000001EE 8B 75 08                        	MOV	ESI,DWORD [8+EBP]
   246 000001F1 8B 46 08                        	MOV	EAX,DWORD [8+ESI]
   247 000001F4 39 45 18                        	CMP	DWORD [24+EBP],EAX
   248 000001F7 7E 03                           	JLE	L65
   249 000001F9 89 45 18                        	MOV	DWORD [24+EBP],EAX
   250 000001FC                                 L65:
   251 000001FC 8B 45 08                        	MOV	EAX,DWORD [8+EBP]
   252 000001FF 31 FF                           	XOR	EDI,EDI
   253 00000201 C7 45 F0 00000000               	MOV	DWORD [-16+EBP],0
   254 00000208 3B 78 0C                        	CMP	EDI,DWORD [12+EAX]
   255 0000020B 0F 8F 000000C6                  	JG	L87
   256 00000211                                 L85:
   257 00000211 8B 55 F0                        	MOV	EDX,DWORD [-16+EBP]
   258 00000214 8B 75 08                        	MOV	ESI,DWORD [8+EBP]
   259 00000217 8B 5D 10                        	MOV	EBX,DWORD [16+EBP]
   260 0000021A 8B 4C 96 10                     	MOV	ECX,DWORD [16+ESI+EDX*4]
   261 0000021E 8B 75 14                        	MOV	ESI,DWORD [20+EBP]
   262 00000221 8B 39                           	MOV	EDI,DWORD [ECX]
   263 00000223 8B 51 10                        	MOV	EDX,DWORD [16+ECX]
   264 00000226 89 7D E0                        	MOV	DWORD [-32+EBP],EDI
   265 00000229 8B 41 0C                        	MOV	EAX,DWORD [12+ECX]
   266 0000022C 8B 7D 18                        	MOV	EDI,DWORD [24+EBP]
   267 0000022F 29 D3                           	SUB	EBX,EDX
   268 00000231 29 D7                           	SUB	EDI,EDX
   269 00000233 29 C6                           	SUB	ESI,EAX
   270 00000235 8B 55 0C                        	MOV	EDX,DWORD [12+EBP]
   271 00000238 89 75 CC                        	MOV	DWORD [-52+EBP],ESI
   272 0000023B 29 C2                           	SUB	EDX,EAX
   273 0000023D 89 7D D4                        	MOV	DWORD [-44+EBP],EDI
   274 00000240 89 55 E4                        	MOV	DWORD [-28+EBP],EDX
   275 00000243 0F 88 0000009D                  	JS	L94
   276 00000249                                 L70:
   277 00000249 85 DB                           	TEST	EBX,EBX
   278 0000024B 0F 88 0000008E                  	JS	L95
   279 00000251                                 L71:
   280 00000251 8B 41 04                        	MOV	EAX,DWORD [4+ECX]
   281 00000254 39 45 CC                        	CMP	DWORD [-52+EBP],EAX
   282 00000257 7E 03                           	JLE	L72
   283 00000259 89 45 CC                        	MOV	DWORD [-52+EBP],EAX
   284 0000025C                                 L72:
   285 0000025C 8B 41 08                        	MOV	EAX,DWORD [8+ECX]
   286 0000025F 39 45 D4                        	CMP	DWORD [-44+EBP],EAX
   287 00000262 7E 03                           	JLE	L73
   288 00000264 89 45 D4                        	MOV	DWORD [-44+EBP],EAX
   289 00000267                                 L73:
   290 00000267 3B 5D D4                        	CMP	EBX,DWORD [-44+EBP]
   291 0000026A 7D 59                           	JGE	L89
   292 0000026C                                 L84:
   293 0000026C 8B 71 10                        	MOV	ESI,DWORD [16+ECX]
   294 0000026F 8B 55 E4                        	MOV	EDX,DWORD [-28+EBP]
   295 00000272 01 DE                           	ADD	ESI,EBX
   296 00000274 3B 55 CC                        	CMP	EDX,DWORD [-52+EBP]
   297 00000277 89 75 E8                        	MOV	DWORD [-24+EBP],ESI
   298 0000027A 7D 43                           	JGE	L91
   299 0000027C                                 L83:
   300 0000027C 89 D8                           	MOV	EAX,EBX
   301 0000027E 8B 79 0C                        	MOV	EDI,DWORD [12+ECX]
   302 00000281 0F AF 41 04                     	IMUL	EAX,DWORD [4+ECX]
   303 00000285 01 D7                           	ADD	EDI,EDX
   304 00000287 8B 75 E0                        	MOV	ESI,DWORD [-32+EBP]
   305 0000028A 01 D0                           	ADD	EAX,EDX
   306 0000028C 89 7D EC                        	MOV	DWORD [-20+EBP],EDI
   307 0000028F 8A 04 30                        	MOV	AL,BYTE [EAX+ESI*1]
   308 00000292 88 45 DF                        	MOV	BYTE [-33+EBP],AL
   309 00000295 0F B6 C0                        	MOVZX	EAX,AL
   310 00000298 3B 41 14                        	CMP	EAX,DWORD [20+ECX]
   311 0000029B 74 1C                           	JE	L80
   312 0000029D 8B 7D 08                        	MOV	EDI,DWORD [8+EBP]
   313 000002A0 8B 45 E8                        	MOV	EAX,DWORD [-24+EBP]
   314 000002A3 8B 75 D8                        	MOV	ESI,DWORD [-40+EBP]
   315 000002A6 0F AF 47 04                     	IMUL	EAX,DWORD [4+EDI]
   316 000002AA 03 45 EC                        	ADD	EAX,DWORD [-20+EBP]
   317 000002AD 89 45 D0                        	MOV	DWORD [-48+EBP],EAX
   318 000002B0 8A 45 DF                        	MOV	AL,BYTE [-33+EBP]
   319 000002B3 8B 7D D0                        	MOV	EDI,DWORD [-48+EBP]
   320 000002B6 88 04 37                        	MOV	BYTE [EDI+ESI*1],AL
   321 000002B9                                 L80:
   322 000002B9 42                              	INC	EDX
   323 000002BA 3B 55 CC                        	CMP	EDX,DWORD [-52+EBP]
   324 000002BD 7C BD                           	JL	L83
   325 000002BF                                 L91:
   326 000002BF 43                              	INC	EBX
   327 000002C0 3B 5D D4                        	CMP	EBX,DWORD [-44+EBP]
   328 000002C3 7C A7                           	JL	L84
   329 000002C5                                 L89:
   330 000002C5 8B 55 08                        	MOV	EDX,DWORD [8+EBP]
   331 000002C8 FF 45 F0                        	INC	DWORD [-16+EBP]
   332 000002CB 8B 45 F0                        	MOV	EAX,DWORD [-16+EBP]
   333 000002CE 3B 42 0C                        	CMP	EAX,DWORD [12+EDX]
   334 000002D1 0F 8E FFFFFF3A                  	JLE	L85
   335 000002D7                                 L87:
   336 000002D7 83 C4 28                        	ADD	ESP,40
   337 000002DA 5B                              	POP	EBX
   338 000002DB 5E                              	POP	ESI
   339 000002DC 5F                              	POP	EDI
   340 000002DD 5D                              	POP	EBP
   341 000002DE C3                              	RET
   342 000002DF                                 L95:
   343 000002DF 31 DB                           	XOR	EBX,EBX
   344 000002E1 E9 FFFFFF6B                     	JMP	L71
   345 000002E6                                 L94:
   346 000002E6 C7 45 E4 00000000               	MOV	DWORD [-28+EBP],0
   347 000002ED E9 FFFFFF57                     	JMP	L70
   348 000002F2                                 L93:
   349 000002F2 C7 45 10 00000000               	MOV	DWORD [16+EBP],0
   350 000002F9 E9 FFFFFEE2                     	JMP	L63
   351 000002FE                                 L92:
   352 000002FE C7 45 0C 00000000               	MOV	DWORD [12+EBP],0
   353 00000305 E9 FFFFFECC                     	JMP	L62
   354 0000030A                                 	GLOBAL	_sheet_slide
   355 0000030A                                 _sheet_slide:
   356 0000030A 55                              	PUSH	EBP
   357 0000030B 89 E5                           	MOV	EBP,ESP
   358 0000030D 57                              	PUSH	EDI
   359 0000030E 56                              	PUSH	ESI
   360 0000030F 53                              	PUSH	EBX
   361 00000310 8B 7D 10                        	MOV	EDI,DWORD [16+EBP]
   362 00000313 8B 5D 0C                        	MOV	EBX,DWORD [12+EBP]
   363 00000316 8B 75 14                        	MOV	ESI,DWORD [20+EBP]
   364 00000319 8B 4B 0C                        	MOV	ECX,DWORD [12+EBX]
   365 0000031C 8B 53 10                        	MOV	EDX,DWORD [16+EBX]
   366 0000031F 89 7B 0C                        	MOV	DWORD [12+EBX],EDI
   367 00000322 89 73 10                        	MOV	DWORD [16+EBX],ESI
   368 00000325 83 7B 18 00                     	CMP	DWORD [24+EBX],0
   369 00000329 78 2F                           	JS	L96
   370 0000032B 89 D0                           	MOV	EAX,EDX
   371 0000032D 03 43 08                        	ADD	EAX,DWORD [8+EBX]
   372 00000330 50                              	PUSH	EAX
   373 00000331 89 C8                           	MOV	EAX,ECX
   374 00000333 03 43 04                        	ADD	EAX,DWORD [4+EBX]
   375 00000336 50                              	PUSH	EAX
   376 00000337 52                              	PUSH	EDX
   377 00000338 51                              	PUSH	ECX
   378 00000339 FF 75 08                        	PUSH	DWORD [8+EBP]
   379 0000033C E8 FFFFFE7A                     	CALL	_sheet_refreshsub
   380 00000341 89 F0                           	MOV	EAX,ESI
   381 00000343 03 43 08                        	ADD	EAX,DWORD [8+EBX]
   382 00000346 50                              	PUSH	EAX
   383 00000347 89 F8                           	MOV	EAX,EDI
   384 00000349 03 43 04                        	ADD	EAX,DWORD [4+EBX]
   385 0000034C 50                              	PUSH	EAX
   386 0000034D 56                              	PUSH	ESI
   387 0000034E 57                              	PUSH	EDI
   388 0000034F FF 75 08                        	PUSH	DWORD [8+EBP]
   389 00000352 E8 FFFFFE64                     	CALL	_sheet_refreshsub
   390 00000357 83 C4 28                        	ADD	ESP,40
   391 0000035A                                 L96:
   392 0000035A 8D 65 F4                        	LEA	ESP,DWORD [-12+EBP]
   393 0000035D 5B                              	POP	EBX
   394 0000035E 5E                              	POP	ESI
   395 0000035F 5F                              	POP	EDI
   396 00000360 5D                              	POP	EBP
   397 00000361 C3                              	RET
   398 00000362                                 	GLOBAL	_sheet_free
   399 00000362                                 _sheet_free:
   400 00000362 55                              	PUSH	EBP
   401 00000363 89 E5                           	MOV	EBP,ESP
   402 00000365 53                              	PUSH	EBX
   403 00000366 8B 5D 0C                        	MOV	EBX,DWORD [12+EBP]
   404 00000369 83 7B 18 00                     	CMP	DWORD [24+EBX],0
   405 0000036D 78 0E                           	JS	L99
   406 0000036F 6A FF                           	PUSH	-1
   407 00000371 53                              	PUSH	EBX
   408 00000372 FF 75 08                        	PUSH	DWORD [8+EBP]
   409 00000375 E8 FFFFFD23                     	CALL	_sheet_updown
   410 0000037A 83 C4 0C                        	ADD	ESP,12
   411 0000037D                                 L99:
   412 0000037D C7 43 1C 00000000               	MOV	DWORD [28+EBX],0
   413 00000384 8B 5D FC                        	MOV	EBX,DWORD [-4+EBP]
   414 00000387 C9                              	LEAVE
   415 00000388 C3                              	RET
