     1 00000000                                 [FORMAT "WCOFF"]
     2 00000000                                 [INSTRSET "i486p"]
     3 00000000                                 [OPTIMIZE 1]
     4 00000000                                 [OPTION 1]
     5 00000000                                 [BITS 32]
     6 00000000                                 	EXTERN	_init_gdtidt
     7 00000000                                 	EXTERN	_init_pic
     8 00000000                                 	EXTERN	_io_sti
     9 00000000                                 	EXTERN	_fifo32_init
    10 00000000                                 	EXTERN	_init_pit
    11 00000000                                 	EXTERN	_init_keyboard
    12 00000000                                 	EXTERN	_enable_mouse
    13 00000000                                 	EXTERN	_io_out8
    14 00000000                                 	EXTERN	_timer_alloc
    15 00000000                                 	EXTERN	_timer_init
    16 00000000                                 	EXTERN	_timer_settime
    17 00000000                                 	EXTERN	_memtest
    18 00000000                                 	EXTERN	_memman_init
    19 00000000                                 	EXTERN	_memman_free
    20 00000000                                 	EXTERN	_init_palette
    21 00000000                                 	EXTERN	_shtctl_init
    22 00000000                                 	EXTERN	_sheet_alloc
    23 00000000                                 	EXTERN	_memman_alloc_4k
    24 00000000                                 	EXTERN	_sheet_setbuf
    25 00000000                                 	EXTERN	_init_screen8
    26 00000000                                 	EXTERN	_init_mouse_cursor8
    27 00000000                                 	EXTERN	_sheet_slide
    28 00000000                                 	EXTERN	_sheet_updown
    29 00000000                                 	EXTERN	_sprintf
    30 00000000                                 	EXTERN	_memman_total
    31 00000000                                 	EXTERN	_set_segmdesc
    32 00000000                                 	EXTERN	_load_tr
    33 00000000                                 	EXTERN	_io_cli
    34 00000000                                 	EXTERN	_fifo32_status
    35 00000000                                 	EXTERN	_fifo32_get
    36 00000000                                 	EXTERN	_boxfill8
    37 00000000                                 	EXTERN	_sheet_refresh
    38 00000000                                 	EXTERN	_mouse_decode
    39 00000000                                 	EXTERN	_keytable.0
    40 00000000                                 	EXTERN	_farjmp
    41 00000000                                 	EXTERN	_io_stihlt
    42 00000000                                 	EXTERN	_putfonts8_asc
    43 00000000                                 [FILE "bootpack.c"]
    44                                          [SECTION .data]
    45 00000000                                 _keytable.0:
    46 00000000 00                              	DB	0
    47 00000001 00                              	DB	0
    48 00000002 31                              	DB	49
    49 00000003 32                              	DB	50
    50 00000004 33                              	DB	51
    51 00000005 34                              	DB	52
    52 00000006 35                              	DB	53
    53 00000007 36                              	DB	54
    54 00000008 37                              	DB	55
    55 00000009 38                              	DB	56
    56 0000000A 39                              	DB	57
    57 0000000B 30                              	DB	48
    58 0000000C 2D                              	DB	45
    59 0000000D 5E                              	DB	94
    60 0000000E 00                              	DB	0
    61 0000000F 00                              	DB	0
    62 00000010 51                              	DB	81
    63 00000011 57                              	DB	87
    64 00000012 45                              	DB	69
    65 00000013 52                              	DB	82
    66 00000014 54                              	DB	84
    67 00000015 59                              	DB	89
    68 00000016 55                              	DB	85
    69 00000017 49                              	DB	73
    70 00000018 4F                              	DB	79
    71 00000019 50                              	DB	80
    72 0000001A 40                              	DB	64
    73 0000001B 5B                              	DB	91
    74 0000001C 00                              	DB	0
    75 0000001D 00                              	DB	0
    76 0000001E 41                              	DB	65
    77 0000001F 53                              	DB	83
    78 00000020 44                              	DB	68
    79 00000021 46                              	DB	70
    80 00000022 47                              	DB	71
    81 00000023 48                              	DB	72
    82 00000024 4A                              	DB	74
    83 00000025 4B                              	DB	75
    84 00000026 4C                              	DB	76
    85 00000027 3B                              	DB	59
    86 00000028 3A                              	DB	58
    87 00000029 00                              	DB	0
    88 0000002A 00                              	DB	0
    89 0000002B 5D                              	DB	93
    90 0000002C 5A                              	DB	90
    91 0000002D 58                              	DB	88
    92 0000002E 43                              	DB	67
    93 0000002F 56                              	DB	86
    94 00000030 42                              	DB	66
    95 00000031 4E                              	DB	78
    96 00000032 4D                              	DB	77
    97 00000033 2C                              	DB	44
    98 00000034 2E                              	DB	46
    99 00000035 2F                              	DB	47
   100 00000036 00                              	DB	0
   101 00000037 2A                              	DB	42
   102 00000038 00                              	DB	0
   103 00000039 20                              	DB	32
   104 0000003A 00                              	DB	0
   105 0000003B 00                              	DB	0
   106 0000003C 00                              	DB	0
   107 0000003D 00                              	DB	0
   108 0000003E 00                              	DB	0
   109 0000003F 00                              	DB	0
   110 00000040 00                              	DB	0
   111 00000041 00                              	DB	0
   112 00000042 00                              	DB	0
   113 00000043 00                              	DB	0
   114 00000044 00                              	DB	0
   115 00000045 00                              	DB	0
   116 00000046 00                              	DB	0
   117 00000047 37                              	DB	55
   118 00000048 38                              	DB	56
   119 00000049 39                              	DB	57
   120 0000004A 2D                              	DB	45
   121 0000004B 34                              	DB	52
   122 0000004C 35                              	DB	53
   123 0000004D 36                              	DB	54
   124 0000004E 2B                              	DB	43
   125 0000004F 31                              	DB	49
   126 00000050 32                              	DB	50
   127 00000051 33                              	DB	51
   128 00000052 30                              	DB	48
   129 00000053 2E                              	DB	46
   130 00000054                                 LC0:
   131 00000054 43 6F 75 6E 74 65 72 00         	DB	"Counter",0x00
   132 0000005C                                 LC1:
   133 0000005C 28 25 33 64 2C 20 25 33 64 29   	DB	"(%3d, %3d)",0x00
       00000066 00 
   134 00000067                                 LC2:
   135 00000067 6D 65 6D 6F 72 79 20 25 64 4D   	DB	"memory %dMB   free : %dKB",0x00
       00000071 42 20 20 20 66 72 65 65 20 3A 
       0000007B 20 25 64 4B 42 00 
   136 00000081                                 LC7:
   137 00000081 33 5B 73 65 63 5D 00            	DB	"3[sec]",0x00
   138 00000088                                 LC6:
   139 00000088 31 30 5B 73 65 63 5D 00         	DB	"10[sec]",0x00
   140 00000090                                 LC5:
   141 00000090 5B 6C 63 72 20 25 34 64 20 25   	DB	"[lcr %4d %4d]",0x00
       0000009A 34 64 5D 00 
   142 0000009E                                 LC3:
   143 0000009E 25 30 32 58 00                  	DB	"%02X",0x00
   144 000000A3                                 LC4:
   145 000000A3 20 00                           	DB	" ",0x00
   146                                          [SECTION .text]
   147 00000000                                 	GLOBAL	_HariMain
   148 00000000                                 _HariMain:
   149 00000000 55                              	PUSH	EBP
   150 00000001 89 E5                           	MOV	EBP,ESP
   151 00000003 57                              	PUSH	EDI
   152 00000004 56                              	PUSH	ESI
   153 00000005 53                              	PUSH	EBX
   154 00000006 8D B5 FFFFFCE4                  	LEA	ESI,DWORD [-796+EBP]
   155 0000000C 81 EC 0000061C                  	SUB	ESP,1564
   156 00000012 E8 [00000000]                   	CALL	_init_gdtidt
   157 00000017 E8 [00000000]                   	CALL	_init_pic
   158 0000001C E8 [00000000]                   	CALL	_io_sti
   159 00000021 8D 85 FFFFFAE4                  	LEA	EAX,DWORD [-1308+EBP]
   160 00000027 50                              	PUSH	EAX
   161 00000028 68 00000080                     	PUSH	128
   162 0000002D 56                              	PUSH	ESI
   163 0000002E E8 [00000000]                   	CALL	_fifo32_init
   164 00000033 E8 [00000000]                   	CALL	_init_pit
   165 00000038 68 00000100                     	PUSH	256
   166 0000003D 56                              	PUSH	ESI
   167 0000003E E8 [00000000]                   	CALL	_init_keyboard
   168 00000043 8D 85 FFFFFE04                  	LEA	EAX,DWORD [-508+EBP]
   169 00000049 50                              	PUSH	EAX
   170 0000004A 68 00000200                     	PUSH	512
   171 0000004F 56                              	PUSH	ESI
   172 00000050 E8 [00000000]                   	CALL	_enable_mouse
   173 00000055 83 C4 20                        	ADD	ESP,32
   174 00000058 68 000000F8                     	PUSH	248
   175 0000005D 6A 21                           	PUSH	33
   176 0000005F E8 [00000000]                   	CALL	_io_out8
   177 00000064 68 000000EF                     	PUSH	239
   178 00000069 68 000000A1                     	PUSH	161
   179 0000006E E8 [00000000]                   	CALL	_io_out8
   180 00000073 E8 [00000000]                   	CALL	_timer_alloc
   181 00000078 6A 0A                           	PUSH	10
   182 0000007A 56                              	PUSH	ESI
   183 0000007B 89 C3                           	MOV	EBX,EAX
   184 0000007D 50                              	PUSH	EAX
   185 0000007E E8 [00000000]                   	CALL	_timer_init
   186 00000083 68 000003E8                     	PUSH	1000
   187 00000088 53                              	PUSH	EBX
   188 00000089 E8 [00000000]                   	CALL	_timer_settime
   189 0000008E 83 C4 24                        	ADD	ESP,36
   190 00000091 E8 [00000000]                   	CALL	_timer_alloc
   191 00000096 6A 03                           	PUSH	3
   192 00000098 89 C3                           	MOV	EBX,EAX
   193 0000009A 56                              	PUSH	ESI
   194 0000009B 50                              	PUSH	EAX
   195 0000009C E8 [00000000]                   	CALL	_timer_init
   196 000000A1 68 0000012C                     	PUSH	300
   197 000000A6 53                              	PUSH	EBX
   198 000000A7 E8 [00000000]                   	CALL	_timer_settime
   199 000000AC E8 [00000000]                   	CALL	_timer_alloc
   200 000000B1 6A 01                           	PUSH	1
   201 000000B3 56                              	PUSH	ESI
   202 000000B4 50                              	PUSH	EAX
   203 000000B5 89 85 FFFFF9EC                  	MOV	DWORD [-1556+EBP],EAX
   204 000000BB E8 [00000000]                   	CALL	_timer_init
   205 000000C0 83 C4 20                        	ADD	ESP,32
   206 000000C3 6A 32                           	PUSH	50
   207 000000C5 FF B5 FFFFF9EC                  	PUSH	DWORD [-1556+EBP]
   208 000000CB E8 [00000000]                   	CALL	_timer_settime
   209 000000D0 E8 [00000000]                   	CALL	_timer_alloc
   210 000000D5 6A 02                           	PUSH	2
   211 000000D7 56                              	PUSH	ESI
   212 000000D8 50                              	PUSH	EAX
   213 000000D9 89 85 FFFFF9E8                  	MOV	DWORD [-1560+EBP],EAX
   214 000000DF E8 [00000000]                   	CALL	_timer_init
   215 000000E4 6A 02                           	PUSH	2
   216 000000E6 FF B5 FFFFF9E8                  	PUSH	DWORD [-1560+EBP]
   217 000000EC E8 [00000000]                   	CALL	_timer_settime
   218 000000F1 68 BFFFFFFF                     	PUSH	-1073741825
   219 000000F6 68 00400000                     	PUSH	4194304
   220 000000FB E8 [00000000]                   	CALL	_memtest
   221 00000100 83 C4 24                        	ADD	ESP,36
   222 00000103 68 003C0000                     	PUSH	3932160
   223 00000108 89 85 FFFFF9FC                  	MOV	DWORD [-1540+EBP],EAX
   224 0000010E E8 [00000000]                   	CALL	_memman_init
   225 00000113 68 0009E000                     	PUSH	647168
   226 00000118 68 00001000                     	PUSH	4096
   227 0000011D 68 003C0000                     	PUSH	3932160
   228 00000122 E8 [00000000]                   	CALL	_memman_free
   229 00000127 8B 85 FFFFF9FC                  	MOV	EAX,DWORD [-1540+EBP]
   230 0000012D 2D 00400000                     	SUB	EAX,4194304
   231 00000132 50                              	PUSH	EAX
   232 00000133 68 00400000                     	PUSH	4194304
   233 00000138 68 003C0000                     	PUSH	3932160
   234 0000013D E8 [00000000]                   	CALL	_memman_free
   235 00000142 E8 [00000000]                   	CALL	_init_palette
   236 00000147 0F BF 05 00000FF6               	MOVSX	EAX,WORD [4086]
   237 0000014E 50                              	PUSH	EAX
   238 0000014F 0F BF 05 00000FF4               	MOVSX	EAX,WORD [4084]
   239 00000156 50                              	PUSH	EAX
   240 00000157 FF 35 00000FF8                  	PUSH	DWORD [4088]
   241 0000015D 68 003C0000                     	PUSH	3932160
   242 00000162 E8 [00000000]                   	CALL	_shtctl_init
   243 00000167 83 C4 2C                        	ADD	ESP,44
   244 0000016A 89 C3                           	MOV	EBX,EAX
   245 0000016C 50                              	PUSH	EAX
   246 0000016D E8 [00000000]                   	CALL	_sheet_alloc
   247 00000172 53                              	PUSH	EBX
   248 00000173 89 85 FFFFF9F8                  	MOV	DWORD [-1544+EBP],EAX
   249 00000179 E8 [00000000]                   	CALL	_sheet_alloc
   250 0000017E 53                              	PUSH	EBX
   251 0000017F 8D 9D FFFFFD04                  	LEA	EBX,DWORD [-764+EBP]
   252 00000185 89 85 FFFFF9F4                  	MOV	DWORD [-1548+EBP],EAX
   253 0000018B E8 [00000000]                   	CALL	_sheet_alloc
   254 00000190 0F BF 15 00000FF6               	MOVSX	EDX,WORD [4086]
   255 00000197 89 85 FFFFF9F0                  	MOV	DWORD [-1552+EBP],EAX
   256 0000019D 0F BF 05 00000FF4               	MOVSX	EAX,WORD [4084]
   257 000001A4 0F AF C2                        	IMUL	EAX,EDX
   258 000001A7 50                              	PUSH	EAX
   259 000001A8 68 003C0000                     	PUSH	3932160
   260 000001AD E8 [00000000]                   	CALL	_memman_alloc_4k
   261 000001B2 68 00002080                     	PUSH	8320
   262 000001B7 68 003C0000                     	PUSH	3932160
   263 000001BC 89 C6                           	MOV	ESI,EAX
   264 000001BE E8 [00000000]                   	CALL	_memman_alloc_4k
   265 000001C3 6A FF                           	PUSH	-1
   266 000001C5 89 C7                           	MOV	EDI,EAX
   267 000001C7 0F BF 05 00000FF6               	MOVSX	EAX,WORD [4086]
   268 000001CE 50                              	PUSH	EAX
   269 000001CF 0F BF 05 00000FF4               	MOVSX	EAX,WORD [4084]
   270 000001D6 50                              	PUSH	EAX
   271 000001D7 56                              	PUSH	ESI
   272 000001D8 FF B5 FFFFF9F8                  	PUSH	DWORD [-1544+EBP]
   273 000001DE E8 [00000000]                   	CALL	_sheet_setbuf
   274 000001E3 83 C4 30                        	ADD	ESP,48
   275 000001E6 6A 63                           	PUSH	99
   276 000001E8 6A 10                           	PUSH	16
   277 000001EA 6A 10                           	PUSH	16
   278 000001EC 53                              	PUSH	EBX
   279 000001ED FF B5 FFFFF9F4                  	PUSH	DWORD [-1548+EBP]
   280 000001F3 E8 [00000000]                   	CALL	_sheet_setbuf
   281 000001F8 6A FF                           	PUSH	-1
   282 000001FA 6A 44                           	PUSH	68
   283 000001FC 68 000000A0                     	PUSH	160
   284 00000201 57                              	PUSH	EDI
   285 00000202 FF B5 FFFFF9F0                  	PUSH	DWORD [-1552+EBP]
   286 00000208 E8 [00000000]                   	CALL	_sheet_setbuf
   287 0000020D 83 C4 28                        	ADD	ESP,40
   288 00000210 0F BF 05 00000FF6               	MOVSX	EAX,WORD [4086]
   289 00000217 50                              	PUSH	EAX
   290 00000218 0F BF 05 00000FF4               	MOVSX	EAX,WORD [4084]
   291 0000021F 50                              	PUSH	EAX
   292 00000220 56                              	PUSH	ESI
   293 00000221 E8 [00000000]                   	CALL	_init_screen8
   294 00000226 6A 63                           	PUSH	99
   295 00000228 53                              	PUSH	EBX
   296 00000229 BB 00000002                     	MOV	EBX,2
   297 0000022E E8 [00000000]                   	CALL	_init_mouse_cursor8
   298 00000233 68 [00000054]                   	PUSH	LC0
   299 00000238 6A 44                           	PUSH	68
   300 0000023A 68 000000A0                     	PUSH	160
   301 0000023F 57                              	PUSH	EDI
   302 00000240 E8 000005D4                     	CALL	_make_window8
   303 00000245 83 C4 24                        	ADD	ESP,36
   304 00000248 6A 07                           	PUSH	7
   305 0000024A 6A 10                           	PUSH	16
   306 0000024C 68 00000090                     	PUSH	144
   307 00000251 6A 1C                           	PUSH	28
   308 00000253 6A 08                           	PUSH	8
   309 00000255 FF B5 FFFFF9F0                  	PUSH	DWORD [-1552+EBP]
   310 0000025B E8 000007AC                     	CALL	_make_textbox8
   311 00000260 6A 00                           	PUSH	0
   312 00000262 6A 00                           	PUSH	0
   313 00000264 FF B5 FFFFF9F8                  	PUSH	DWORD [-1544+EBP]
   314 0000026A C7 85 FFFFF9E4 00000008         	MOV	DWORD [-1564+EBP],8
   315 00000274 C7 85 FFFFF9E0 00000007         	MOV	DWORD [-1568+EBP],7
   316 0000027E E8 [00000000]                   	CALL	_sheet_slide
   317 00000283 83 C4 24                        	ADD	ESP,36
   318 00000286 0F BF 05 00000FF4               	MOVSX	EAX,WORD [4084]
   319 0000028D 8D 48 F0                        	LEA	ECX,DWORD [-16+EAX]
   320 00000290 89 C8                           	MOV	EAX,ECX
   321 00000292 99                              	CDQ
   322 00000293 F7 FB                           	IDIV	EBX
   323 00000295 89 85 FFFFFA00                  	MOV	DWORD [-1536+EBP],EAX
   324 0000029B 0F BF 05 00000FF6               	MOVSX	EAX,WORD [4086]
   325 000002A2 8D 48 D4                        	LEA	ECX,DWORD [-44+EAX]
   326 000002A5 89 C8                           	MOV	EAX,ECX
   327 000002A7 99                              	CDQ
   328 000002A8 F7 FB                           	IDIV	EBX
   329 000002AA 50                              	PUSH	EAX
   330 000002AB 89 C7                           	MOV	EDI,EAX
   331 000002AD FF B5 FFFFFA00                  	PUSH	DWORD [-1536+EBP]
   332 000002B3 FF B5 FFFFF9F4                  	PUSH	DWORD [-1548+EBP]
   333 000002B9 8D 5D C4                        	LEA	EBX,DWORD [-60+EBP]
   334 000002BC E8 [00000000]                   	CALL	_sheet_slide
   335 000002C1 6A 48                           	PUSH	72
   336 000002C3 6A 50                           	PUSH	80
   337 000002C5 FF B5 FFFFF9F0                  	PUSH	DWORD [-1552+EBP]
   338 000002CB E8 [00000000]                   	CALL	_sheet_slide
   339 000002D0 6A 00                           	PUSH	0
   340 000002D2 FF B5 FFFFF9F8                  	PUSH	DWORD [-1544+EBP]
   341 000002D8 E8 [00000000]                   	CALL	_sheet_updown
   342 000002DD 83 C4 20                        	ADD	ESP,32
   343 000002E0 6A 01                           	PUSH	1
   344 000002E2 FF B5 FFFFF9F0                  	PUSH	DWORD [-1552+EBP]
   345 000002E8 E8 [00000000]                   	CALL	_sheet_updown
   346 000002ED 6A 02                           	PUSH	2
   347 000002EF FF B5 FFFFF9F4                  	PUSH	DWORD [-1548+EBP]
   348 000002F5 E8 [00000000]                   	CALL	_sheet_updown
   349 000002FA 57                              	PUSH	EDI
   350 000002FB FF B5 FFFFFA00                  	PUSH	DWORD [-1536+EBP]
   351 00000301 68 [0000005C]                   	PUSH	LC1
   352 00000306 53                              	PUSH	EBX
   353 00000307 E8 [00000000]                   	CALL	_sprintf
   354 0000030C 83 C4 20                        	ADD	ESP,32
   355 0000030F 6A 0A                           	PUSH	10
   356 00000311 53                              	PUSH	EBX
   357 00000312 6A 0E                           	PUSH	14
   358 00000314 6A 07                           	PUSH	7
   359 00000316 6A 00                           	PUSH	0
   360 00000318 6A 00                           	PUSH	0
   361 0000031A FF B5 FFFFF9F8                  	PUSH	DWORD [-1544+EBP]
   362 00000320 E8 00000660                     	CALL	_putfonts8_asc_sht
   363 00000325 68 003C0000                     	PUSH	3932160
   364 0000032A E8 [00000000]                   	CALL	_memman_total
   365 0000032F C1 AD FFFFF9FC 14               	SHR	DWORD [-1540+EBP],20
   366 00000336 C1 E8 0A                        	SHR	EAX,10
   367 00000339 89 04 24                        	MOV	DWORD [ESP],EAX
   368 0000033C FF B5 FFFFF9FC                  	PUSH	DWORD [-1540+EBP]
   369 00000342 68 [00000067]                   	PUSH	LC2
   370 00000347 53                              	PUSH	EBX
   371 00000348 E8 [00000000]                   	CALL	_sprintf
   372 0000034D 83 C4 2C                        	ADD	ESP,44
   373 00000350 6A 28                           	PUSH	40
   374 00000352 53                              	PUSH	EBX
   375 00000353 6A 0E                           	PUSH	14
   376 00000355 6A 07                           	PUSH	7
   377 00000357 6A 20                           	PUSH	32
   378 00000359 6A 00                           	PUSH	0
   379 0000035B FF B5 FFFFF9F8                  	PUSH	DWORD [-1544+EBP]
   380 00000361 E8 0000061F                     	CALL	_putfonts8_asc_sht
   381 00000366 8D 85 FFFFFA74                  	LEA	EAX,DWORD [-1420+EBP]
   382 0000036C 68 00000089                     	PUSH	137
   383 00000371 50                              	PUSH	EAX
   384 00000372 6A 67                           	PUSH	103
   385 00000374 68 00270018                     	PUSH	2555928
   386 00000379 C7 85 FFFFFAD4 00000000         	MOV	DWORD [-1324+EBP],0
   387 00000383 C7 85 FFFFFAD8 40000000         	MOV	DWORD [-1320+EBP],1073741824
   388 0000038D C7 85 FFFFFA64 00000000         	MOV	DWORD [-1436+EBP],0
   389 00000397 C7 85 FFFFFA68 40000000         	MOV	DWORD [-1432+EBP],1073741824
   390 000003A1 E8 [00000000]                   	CALL	_set_segmdesc
   391 000003A6 8D 85 FFFFFA04                  	LEA	EAX,DWORD [-1532+EBP]
   392 000003AC 83 C4 2C                        	ADD	ESP,44
   393 000003AF 68 00000089                     	PUSH	137
   394 000003B4 50                              	PUSH	EAX
   395 000003B5 6A 67                           	PUSH	103
   396 000003B7 68 00270020                     	PUSH	2555936
   397 000003BC E8 [00000000]                   	CALL	_set_segmdesc
   398 000003C1 6A 18                           	PUSH	24
   399 000003C3 E8 [00000000]                   	CALL	_load_tr
   400 000003C8 68 00010000                     	PUSH	65536
   401 000003CD 68 003C0000                     	PUSH	3932160
   402 000003D2 E8 [00000000]                   	CALL	_memman_alloc_4k
   403 000003D7 8B 9D FFFFF9F8                  	MOV	EBX,DWORD [-1544+EBP]
   404 000003DD 05 0000FFF8                     	ADD	EAX,65528
   405 000003E2 C7 85 FFFFFA24 [00000B42]       	MOV	DWORD [-1500+EBP],_task_b_main
   406 000003EC C7 85 FFFFFA28 00000202         	MOV	DWORD [-1496+EBP],514
   407 000003F6 C7 85 FFFFFA2C 00000000         	MOV	DWORD [-1492+EBP],0
   408 00000400 C7 85 FFFFFA30 00000000         	MOV	DWORD [-1488+EBP],0
   409 0000040A C7 85 FFFFFA34 00000000         	MOV	DWORD [-1484+EBP],0
   410 00000414 C7 85 FFFFFA38 00000000         	MOV	DWORD [-1480+EBP],0
   411 0000041E 89 85 FFFFFA3C                  	MOV	DWORD [-1476+EBP],EAX
   412 00000424 C7 85 FFFFFA40 00000000         	MOV	DWORD [-1472+EBP],0
   413 0000042E C7 85 FFFFFA44 00000000         	MOV	DWORD [-1468+EBP],0
   414 00000438 C7 85 FFFFFA48 00000000         	MOV	DWORD [-1464+EBP],0
   415 00000442 C7 85 FFFFFA4C 00000008         	MOV	DWORD [-1460+EBP],8
   416 0000044C C7 85 FFFFFA50 00000010         	MOV	DWORD [-1456+EBP],16
   417 00000456 C7 85 FFFFFA54 00000008         	MOV	DWORD [-1452+EBP],8
   418 00000460 C7 85 FFFFFA58 00000008         	MOV	DWORD [-1448+EBP],8
   419 0000046A C7 85 FFFFFA5C 00000008         	MOV	DWORD [-1444+EBP],8
   420 00000474 C7 85 FFFFFA60 00000008         	MOV	DWORD [-1440+EBP],8
   421 0000047E 89 58 04                        	MOV	DWORD [4+EAX],EBX
   422 00000481                                 L32:
   423 00000481 83 C4 1C                        	ADD	ESP,28
   424 00000484                                 L2:
   425 00000484 8D B5 FFFFFCE4                  	LEA	ESI,DWORD [-796+EBP]
   426 0000048A E8 [00000000]                   	CALL	_io_cli
   427 0000048F 56                              	PUSH	ESI
   428 00000490 E8 [00000000]                   	CALL	_fifo32_status
   429 00000495 5A                              	POP	EDX
   430 00000496 85 C0                           	TEST	EAX,EAX
   431 00000498 0F 84 00000371                  	JE	L35
   432 0000049E 56                              	PUSH	ESI
   433 0000049F E8 [00000000]                   	CALL	_fifo32_get
   434 000004A4 89 C3                           	MOV	EBX,EAX
   435 000004A6 E8 [00000000]                   	CALL	_io_sti
   436 000004AB 58                              	POP	EAX
   437 000004AC 83 FB 02                        	CMP	EBX,2
   438 000004AF 0F 84 0000033C                  	JE	L36
   439 000004B5 8D 83 FFFFFF00                  	LEA	EAX,DWORD [-256+EBX]
   440 000004BB 3D 000000FF                     	CMP	EAX,255
   441 000004C0 0F 86 0000022B                  	JBE	L37
   442 000004C6 8D 83 FFFFFE00                  	LEA	EAX,DWORD [-512+EBX]
   443 000004CC 3D 000000FF                     	CMP	EAX,255
   444 000004D1 0F 86 000000DA                  	JBE	L38
   445 000004D7 83 FB 0A                        	CMP	EBX,10
   446 000004DA 0F 84 000000C2                  	JE	L39
   447 000004E0 83 FB 03                        	CMP	EBX,3
   448 000004E3 0F 84 0000009A                  	JE	L40
   449 000004E9 83 FB 01                        	CMP	EBX,1
   450 000004EC 7F 96                           	JG	L2
   451 000004EE 85 DB                           	TEST	EBX,EBX
   452 000004F0 74 77                           	JE	L30
   453 000004F2 6A 00                           	PUSH	0
   454 000004F4 56                              	PUSH	ESI
   455 000004F5 FF B5 FFFFF9EC                  	PUSH	DWORD [-1556+EBP]
   456 000004FB E8 [00000000]                   	CALL	_timer_init
   457 00000500 C7 85 FFFFF9E0 00000000         	MOV	DWORD [-1568+EBP],0
   458 0000050A                                 L34:
   459 0000050A 83 C4 0C                        	ADD	ESP,12
   460 0000050D 6A 32                           	PUSH	50
   461 0000050F FF B5 FFFFF9EC                  	PUSH	DWORD [-1556+EBP]
   462 00000515 E8 [00000000]                   	CALL	_timer_settime
   463 0000051A 8B 9D FFFFF9F0                  	MOV	EBX,DWORD [-1552+EBP]
   464 00000520 8B 85 FFFFF9E4                  	MOV	EAX,DWORD [-1564+EBP]
   465 00000526 6A 2B                           	PUSH	43
   466 00000528 83 C0 07                        	ADD	EAX,7
   467 0000052B 50                              	PUSH	EAX
   468 0000052C 6A 1C                           	PUSH	28
   469 0000052E FF B5 FFFFF9E4                  	PUSH	DWORD [-1564+EBP]
   470 00000534 FF B5 FFFFF9E0                  	PUSH	DWORD [-1568+EBP]
   471 0000053A FF 73 04                        	PUSH	DWORD [4+EBX]
   472 0000053D FF 33                           	PUSH	DWORD [EBX]
   473 0000053F E8 [00000000]                   	CALL	_boxfill8
   474 00000544 8B 85 FFFFF9E4                  	MOV	EAX,DWORD [-1564+EBP]
   475 0000054A 83 C4 24                        	ADD	ESP,36
   476 0000054D 83 C0 08                        	ADD	EAX,8
   477 00000550 6A 2C                           	PUSH	44
   478 00000552 50                              	PUSH	EAX
   479 00000553 6A 1C                           	PUSH	28
   480 00000555 FF B5 FFFFF9E4                  	PUSH	DWORD [-1564+EBP]
   481 0000055B 53                              	PUSH	EBX
   482 0000055C E8 [00000000]                   	CALL	_sheet_refresh
   483 00000561 83 C4 14                        	ADD	ESP,20
   484 00000564 E9 FFFFFF1B                     	JMP	L2
   485 00000569                                 L30:
   486 00000569 6A 01                           	PUSH	1
   487 0000056B 56                              	PUSH	ESI
   488 0000056C FF B5 FFFFF9EC                  	PUSH	DWORD [-1556+EBP]
   489 00000572 E8 [00000000]                   	CALL	_timer_init
   490 00000577 C7 85 FFFFF9E0 00000007         	MOV	DWORD [-1568+EBP],7
   491 00000581 EB 87                           	JMP	L34
   492 00000583                                 L40:
   493 00000583 6A 06                           	PUSH	6
   494 00000585 68 [00000081]                   	PUSH	LC7
   495 0000058A 6A 0E                           	PUSH	14
   496 0000058C 6A 07                           	PUSH	7
   497 0000058E 6A 50                           	PUSH	80
   498 00000590                                 L33:
   499 00000590 6A 00                           	PUSH	0
   500 00000592 FF B5 FFFFF9F8                  	PUSH	DWORD [-1544+EBP]
   501 00000598 E8 000003E8                     	CALL	_putfonts8_asc_sht
   502 0000059D E9 FFFFFEDF                     	JMP	L32
   503 000005A2                                 L39:
   504 000005A2 6A 07                           	PUSH	7
   505 000005A4 68 [00000088]                   	PUSH	LC6
   506 000005A9 6A 0E                           	PUSH	14
   507 000005AB 6A 07                           	PUSH	7
   508 000005AD 6A 40                           	PUSH	64
   509 000005AF EB DF                           	JMP	L33
   510 000005B1                                 L38:
   511 000005B1 0F B6 C3                        	MOVZX	EAX,BL
   512 000005B4 50                              	PUSH	EAX
   513 000005B5 8D 85 FFFFFE04                  	LEA	EAX,DWORD [-508+EBP]
   514 000005BB 50                              	PUSH	EAX
   515 000005BC E8 [00000000]                   	CALL	_mouse_decode
   516 000005C1 5A                              	POP	EDX
   517 000005C2 59                              	POP	ECX
   518 000005C3 85 C0                           	TEST	EAX,EAX
   519 000005C5 0F 84 FFFFFEB9                  	JE	L2
   520 000005CB FF B5 FFFFFE0C                  	PUSH	DWORD [-500+EBP]
   521 000005D1 FF B5 FFFFFE08                  	PUSH	DWORD [-504+EBP]
   522 000005D7 68 [00000090]                   	PUSH	LC5
   523 000005DC 8D 5D C4                        	LEA	EBX,DWORD [-60+EBP]
   524 000005DF 53                              	PUSH	EBX
   525 000005E0 E8 [00000000]                   	CALL	_sprintf
   526 000005E5 83 C4 10                        	ADD	ESP,16
   527 000005E8 8B 85 FFFFFE10                  	MOV	EAX,DWORD [-496+EBP]
   528 000005EE A9 00000001                     	TEST	EAX,1
   529 000005F3 74 04                           	JE	L16
   530 000005F5 C6 45 C5 4C                     	MOV	BYTE [-59+EBP],76
   531 000005F9                                 L16:
   532 000005F9 A9 00000002                     	TEST	EAX,2
   533 000005FE 74 04                           	JE	L17
   534 00000600 C6 45 C7 52                     	MOV	BYTE [-57+EBP],82
   535 00000604                                 L17:
   536 00000604 83 E0 04                        	AND	EAX,4
   537 00000607 74 04                           	JE	L18
   538 00000609 C6 45 C6 43                     	MOV	BYTE [-58+EBP],67
   539 0000060D                                 L18:
   540 0000060D 6A 0F                           	PUSH	15
   541 0000060F 53                              	PUSH	EBX
   542 00000610 6A 0E                           	PUSH	14
   543 00000612 6A 07                           	PUSH	7
   544 00000614 6A 10                           	PUSH	16
   545 00000616 6A 20                           	PUSH	32
   546 00000618 FF B5 FFFFF9F8                  	PUSH	DWORD [-1544+EBP]
   547 0000061E E8 00000362                     	CALL	_putfonts8_asc_sht
   548 00000623 8B 95 FFFFFE08                  	MOV	EDX,DWORD [-504+EBP]
   549 00000629 03 BD FFFFFE0C                  	ADD	EDI,DWORD [-500+EBP]
   550 0000062F 83 C4 1C                        	ADD	ESP,28
   551 00000632 01 95 FFFFFA00                  	ADD	DWORD [-1536+EBP],EDX
   552 00000638 0F 88 000000A4                  	JS	L41
   553 0000063E                                 L19:
   554 0000063E 85 FF                           	TEST	EDI,EDI
   555 00000640 0F 88 00000095                  	JS	L42
   556 00000646                                 L20:
   557 00000646 0F BF 05 00000FF4               	MOVSX	EAX,WORD [4084]
   558 0000064D 48                              	DEC	EAX
   559 0000064E 39 85 FFFFFA00                  	CMP	DWORD [-1536+EBP],EAX
   560 00000654 7E 06                           	JLE	L21
   561 00000656 89 85 FFFFFA00                  	MOV	DWORD [-1536+EBP],EAX
   562 0000065C                                 L21:
   563 0000065C 0F BF 05 00000FF6               	MOVSX	EAX,WORD [4086]
   564 00000663 48                              	DEC	EAX
   565 00000664 39 C7                           	CMP	EDI,EAX
   566 00000666 7E 02                           	JLE	L22
   567 00000668 89 C7                           	MOV	EDI,EAX
   568 0000066A                                 L22:
   569 0000066A 57                              	PUSH	EDI
   570 0000066B FF B5 FFFFFA00                  	PUSH	DWORD [-1536+EBP]
   571 00000671 68 [0000005C]                   	PUSH	LC1
   572 00000676 53                              	PUSH	EBX
   573 00000677 E8 [00000000]                   	CALL	_sprintf
   574 0000067C 6A 0A                           	PUSH	10
   575 0000067E 53                              	PUSH	EBX
   576 0000067F 6A 0E                           	PUSH	14
   577 00000681 6A 07                           	PUSH	7
   578 00000683 6A 00                           	PUSH	0
   579 00000685 6A 00                           	PUSH	0
   580 00000687 FF B5 FFFFF9F8                  	PUSH	DWORD [-1544+EBP]
   581 0000068D E8 000002F3                     	CALL	_putfonts8_asc_sht
   582 00000692 83 C4 2C                        	ADD	ESP,44
   583 00000695 57                              	PUSH	EDI
   584 00000696 FF B5 FFFFFA00                  	PUSH	DWORD [-1536+EBP]
   585 0000069C FF B5 FFFFF9F4                  	PUSH	DWORD [-1548+EBP]
   586 000006A2 E8 [00000000]                   	CALL	_sheet_slide
   587 000006A7 83 C4 0C                        	ADD	ESP,12
   588 000006AA F7 85 FFFFFE10 00000001         	TEST	DWORD [-496+EBP],1
   589 000006B4 0F 84 FFFFFDCA                  	JE	L2
   590 000006BA 8D 47 B0                        	LEA	EAX,DWORD [-80+EDI]
   591 000006BD 50                              	PUSH	EAX
   592 000006BE 8B 85 FFFFFA00                  	MOV	EAX,DWORD [-1536+EBP]
   593 000006C4 83 E8 50                        	SUB	EAX,80
   594 000006C7 50                              	PUSH	EAX
   595 000006C8 FF B5 FFFFF9F0                  	PUSH	DWORD [-1552+EBP]
   596 000006CE E8 [00000000]                   	CALL	_sheet_slide
   597 000006D3 83 C4 0C                        	ADD	ESP,12
   598 000006D6 E9 FFFFFDA9                     	JMP	L2
   599 000006DB                                 L42:
   600 000006DB 31 FF                           	XOR	EDI,EDI
   601 000006DD E9 FFFFFF64                     	JMP	L20
   602 000006E2                                 L41:
   603 000006E2 C7 85 FFFFFA00 00000000         	MOV	DWORD [-1536+EBP],0
   604 000006EC E9 FFFFFF4D                     	JMP	L19
   605 000006F1                                 L37:
   606 000006F1 50                              	PUSH	EAX
   607 000006F2 8D 75 C4                        	LEA	ESI,DWORD [-60+EBP]
   608 000006F5 68 [0000009E]                   	PUSH	LC3
   609 000006FA 56                              	PUSH	ESI
   610 000006FB E8 [00000000]                   	CALL	_sprintf
   611 00000700 6A 02                           	PUSH	2
   612 00000702 56                              	PUSH	ESI
   613 00000703 6A 0E                           	PUSH	14
   614 00000705 6A 07                           	PUSH	7
   615 00000707 6A 10                           	PUSH	16
   616 00000709 6A 00                           	PUSH	0
   617 0000070B FF B5 FFFFF9F8                  	PUSH	DWORD [-1544+EBP]
   618 00000711 E8 0000026F                     	CALL	_putfonts8_asc_sht
   619 00000716 83 C4 28                        	ADD	ESP,40
   620 00000719 81 FB 00000153                  	CMP	EBX,339
   621 0000071F 7F 41                           	JG	L10
   622 00000721 8A 83 [FFFFFF00]                	MOV	AL,BYTE [_keytable.0-256+EBX]
   623 00000727 84 C0                           	TEST	AL,AL
   624 00000729 74 37                           	JE	L10
   625 0000072B 81 BD FFFFF9E4 0000008F         	CMP	DWORD [-1564+EBP],143
   626 00000735 7F 2B                           	JG	L10
   627 00000737 6A 01                           	PUSH	1
   628 00000739 88 45 C4                        	MOV	BYTE [-60+EBP],AL
   629 0000073C 56                              	PUSH	ESI
   630 0000073D 6A 08                           	PUSH	8
   631 0000073F 6A 00                           	PUSH	0
   632 00000741 6A 1C                           	PUSH	28
   633 00000743 FF B5 FFFFF9E4                  	PUSH	DWORD [-1564+EBP]
   634 00000749 FF B5 FFFFF9F0                  	PUSH	DWORD [-1552+EBP]
   635 0000074F C6 45 C5 00                     	MOV	BYTE [-59+EBP],0
   636 00000753 E8 0000022D                     	CALL	_putfonts8_asc_sht
   637 00000758 83 C4 1C                        	ADD	ESP,28
   638 0000075B 83 85 FFFFF9E4 08               	ADD	DWORD [-1564+EBP],8
   639 00000762                                 L10:
   640 00000762 81 FB 0000010E                  	CMP	EBX,270
   641 00000768 74 51                           	JE	L43
   642 0000076A                                 L12:
   643 0000076A 8B 85 FFFFF9E4                  	MOV	EAX,DWORD [-1564+EBP]
   644 00000770 6A 2B                           	PUSH	43
   645 00000772 83 C0 07                        	ADD	EAX,7
   646 00000775 50                              	PUSH	EAX
   647 00000776 8B 85 FFFFF9F0                  	MOV	EAX,DWORD [-1552+EBP]
   648 0000077C 6A 1C                           	PUSH	28
   649 0000077E FF B5 FFFFF9E4                  	PUSH	DWORD [-1564+EBP]
   650 00000784 FF B5 FFFFF9E0                  	PUSH	DWORD [-1568+EBP]
   651 0000078A FF 70 04                        	PUSH	DWORD [4+EAX]
   652 0000078D FF 30                           	PUSH	DWORD [EAX]
   653 0000078F E8 [00000000]                   	CALL	_boxfill8
   654 00000794 8B 85 FFFFF9E4                  	MOV	EAX,DWORD [-1564+EBP]
   655 0000079A 6A 2C                           	PUSH	44
   656 0000079C 83 C0 08                        	ADD	EAX,8
   657 0000079F 50                              	PUSH	EAX
   658 000007A0 6A 1C                           	PUSH	28
   659 000007A2 FF B5 FFFFF9E4                  	PUSH	DWORD [-1564+EBP]
   660 000007A8 FF B5 FFFFF9F0                  	PUSH	DWORD [-1552+EBP]
   661 000007AE E8 [00000000]                   	CALL	_sheet_refresh
   662 000007B3 83 C4 30                        	ADD	ESP,48
   663 000007B6 E9 FFFFFCC9                     	JMP	L2
   664 000007BB                                 L43:
   665 000007BB 83 BD FFFFF9E4 08               	CMP	DWORD [-1564+EBP],8
   666 000007C2 7E A6                           	JLE	L12
   667 000007C4 6A 01                           	PUSH	1
   668 000007C6 68 [000000A3]                   	PUSH	LC4
   669 000007CB 6A 07                           	PUSH	7
   670 000007CD 6A 00                           	PUSH	0
   671 000007CF 6A 1C                           	PUSH	28
   672 000007D1 FF B5 FFFFF9E4                  	PUSH	DWORD [-1564+EBP]
   673 000007D7 FF B5 FFFFF9F0                  	PUSH	DWORD [-1552+EBP]
   674 000007DD E8 000001A3                     	CALL	_putfonts8_asc_sht
   675 000007E2 83 C4 1C                        	ADD	ESP,28
   676 000007E5 83 AD FFFFF9E4 08               	SUB	DWORD [-1564+EBP],8
   677 000007EC E9 FFFFFF79                     	JMP	L12
   678 000007F1                                 L36:
   679 000007F1 6A 20                           	PUSH	32
   680 000007F3 6A 00                           	PUSH	0
   681 000007F5 E8 [00000000]                   	CALL	_farjmp
   682 000007FA 6A 02                           	PUSH	2
   683 000007FC FF B5 FFFFF9E8                  	PUSH	DWORD [-1560+EBP]
   684 00000802 E8 [00000000]                   	CALL	_timer_settime
   685 00000807 83 C4 10                        	ADD	ESP,16
   686 0000080A E9 FFFFFC75                     	JMP	L2
   687 0000080F                                 L35:
   688 0000080F E8 [00000000]                   	CALL	_io_stihlt
   689 00000814 E9 FFFFFC6B                     	JMP	L2
   690                                          [SECTION .data]
   691 000000A5                                 _closebtn.1:
   692 000000A5 4F 4F 4F 4F 4F 4F 4F 4F 4F 4F   	DB	"OOOOOOOOOOOOOOO@"
       000000AF 4F 4F 4F 4F 4F 40 
   693 000000B5 4F 51 51 51 51 51 51 51 51 51   	DB	"OQQQQQQQQQQQQQ$@"
       000000BF 51 51 51 51 24 40 
   694 000000C5 4F 51 51 51 51 51 51 51 51 51   	DB	"OQQQQQQQQQQQQQ$@"
       000000CF 51 51 51 51 24 40 
   695 000000D5 4F 51 51 51 40 40 51 51 51 51   	DB	"OQQQ@@QQQQ@@QQ$@"
       000000DF 40 40 51 51 24 40 
   696 000000E5 4F 51 51 51 51 40 40 51 51 40   	DB	"OQQQQ@@QQ@@QQQ$@"
       000000EF 40 51 51 51 24 40 
   697 000000F5 4F 51 51 51 51 51 40 40 40 40   	DB	"OQQQQQ@@@@QQQQ$@"
       000000FF 51 51 51 51 24 40 
   698 00000105 4F 51 51 51 51 51 51 40 40 51   	DB	"OQQQQQQ@@QQQQQ$@"
       0000010F 51 51 51 51 24 40 
   699 00000115 4F 51 51 51 51 51 40 40 40 40   	DB	"OQQQQQ@@@@QQQQ$@"
       0000011F 51 51 51 51 24 40 
   700 00000125 4F 51 51 51 51 40 40 51 51 40   	DB	"OQQQQ@@QQ@@QQQ$@"
       0000012F 40 51 51 51 24 40 
   701 00000135 4F 51 51 51 40 40 51 51 51 51   	DB	"OQQQ@@QQQQ@@QQ$@"
       0000013F 40 40 51 51 24 40 
   702 00000145 4F 51 51 51 51 51 51 51 51 51   	DB	"OQQQQQQQQQQQQQ$@"
       0000014F 51 51 51 51 24 40 
   703 00000155 4F 51 51 51 51 51 51 51 51 51   	DB	"OQQQQQQQQQQQQQ$@"
       0000015F 51 51 51 51 24 40 
   704 00000165 4F 24 24 24 24 24 24 24 24 24   	DB	"O$$$$$$$$$$$$$$@"
       0000016F 24 24 24 24 24 40 
   705 00000175 40 40 40 40 40 40 40 40 40 40   	DB	"@@@@@@@@@@@@@@@@"
       0000017F 40 40 40 40 40 40 
   706                                          [SECTION .text]
   707 00000819                                 	GLOBAL	_make_window8
   708 00000819                                 _make_window8:
   709 00000819 55                              	PUSH	EBP
   710 0000081A 89 E5                           	MOV	EBP,ESP
   711 0000081C 57                              	PUSH	EDI
   712 0000081D 56                              	PUSH	ESI
   713 0000081E 53                              	PUSH	EBX
   714 0000081F 83 EC 14                        	SUB	ESP,20
   715 00000822 8B 5D 0C                        	MOV	EBX,DWORD [12+EBP]
   716 00000825 6A 00                           	PUSH	0
   717 00000827 8D 43 FF                        	LEA	EAX,DWORD [-1+EBX]
   718 0000082A 8D 7B FE                        	LEA	EDI,DWORD [-2+EBX]
   719 0000082D 50                              	PUSH	EAX
   720 0000082E 89 45 EC                        	MOV	DWORD [-20+EBP],EAX
   721 00000831 6A 00                           	PUSH	0
   722 00000833 6A 00                           	PUSH	0
   723 00000835 6A 08                           	PUSH	8
   724 00000837 53                              	PUSH	EBX
   725 00000838 FF 75 08                        	PUSH	DWORD [8+EBP]
   726 0000083B E8 [00000000]                   	CALL	_boxfill8
   727 00000840 6A 01                           	PUSH	1
   728 00000842 57                              	PUSH	EDI
   729 00000843 6A 01                           	PUSH	1
   730 00000845 6A 01                           	PUSH	1
   731 00000847 6A 07                           	PUSH	7
   732 00000849 53                              	PUSH	EBX
   733 0000084A FF 75 08                        	PUSH	DWORD [8+EBP]
   734 0000084D E8 [00000000]                   	CALL	_boxfill8
   735 00000852 8B 55 10                        	MOV	EDX,DWORD [16+EBP]
   736 00000855 83 C4 38                        	ADD	ESP,56
   737 00000858 4A                              	DEC	EDX
   738 00000859 89 55 E8                        	MOV	DWORD [-24+EBP],EDX
   739 0000085C 52                              	PUSH	EDX
   740 0000085D 6A 00                           	PUSH	0
   741 0000085F 6A 00                           	PUSH	0
   742 00000861 6A 00                           	PUSH	0
   743 00000863 6A 08                           	PUSH	8
   744 00000865 53                              	PUSH	EBX
   745 00000866 FF 75 08                        	PUSH	DWORD [8+EBP]
   746 00000869 E8 [00000000]                   	CALL	_boxfill8
   747 0000086E 8B 75 10                        	MOV	ESI,DWORD [16+EBP]
   748 00000871 83 EE 02                        	SUB	ESI,2
   749 00000874 56                              	PUSH	ESI
   750 00000875 6A 01                           	PUSH	1
   751 00000877 6A 01                           	PUSH	1
   752 00000879 6A 01                           	PUSH	1
   753 0000087B 6A 07                           	PUSH	7
   754 0000087D 53                              	PUSH	EBX
   755 0000087E FF 75 08                        	PUSH	DWORD [8+EBP]
   756 00000881 E8 [00000000]                   	CALL	_boxfill8
   757 00000886 83 C4 38                        	ADD	ESP,56
   758 00000889 56                              	PUSH	ESI
   759 0000088A 57                              	PUSH	EDI
   760 0000088B 6A 01                           	PUSH	1
   761 0000088D 57                              	PUSH	EDI
   762 0000088E 6A 0F                           	PUSH	15
   763 00000890 53                              	PUSH	EBX
   764 00000891 FF 75 08                        	PUSH	DWORD [8+EBP]
   765 00000894 E8 [00000000]                   	CALL	_boxfill8
   766 00000899 FF 75 E8                        	PUSH	DWORD [-24+EBP]
   767 0000089C FF 75 EC                        	PUSH	DWORD [-20+EBP]
   768 0000089F 6A 00                           	PUSH	0
   769 000008A1 FF 75 EC                        	PUSH	DWORD [-20+EBP]
   770 000008A4 6A 00                           	PUSH	0
   771 000008A6 53                              	PUSH	EBX
   772 000008A7 FF 75 08                        	PUSH	DWORD [8+EBP]
   773 000008AA E8 [00000000]                   	CALL	_boxfill8
   774 000008AF 8B 45 10                        	MOV	EAX,DWORD [16+EBP]
   775 000008B2 83 C4 38                        	ADD	ESP,56
   776 000008B5 83 E8 03                        	SUB	EAX,3
   777 000008B8 50                              	PUSH	EAX
   778 000008B9 8D 43 FD                        	LEA	EAX,DWORD [-3+EBX]
   779 000008BC 50                              	PUSH	EAX
   780 000008BD 6A 02                           	PUSH	2
   781 000008BF 6A 02                           	PUSH	2
   782 000008C1 6A 08                           	PUSH	8
   783 000008C3 53                              	PUSH	EBX
   784 000008C4 FF 75 08                        	PUSH	DWORD [8+EBP]
   785 000008C7 E8 [00000000]                   	CALL	_boxfill8
   786 000008CC 8D 43 FC                        	LEA	EAX,DWORD [-4+EBX]
   787 000008CF 6A 14                           	PUSH	20
   788 000008D1 50                              	PUSH	EAX
   789 000008D2 6A 03                           	PUSH	3
   790 000008D4 6A 03                           	PUSH	3
   791 000008D6 6A 0C                           	PUSH	12
   792 000008D8 53                              	PUSH	EBX
   793 000008D9 FF 75 08                        	PUSH	DWORD [8+EBP]
   794 000008DC E8 [00000000]                   	CALL	_boxfill8
   795 000008E1 83 C4 38                        	ADD	ESP,56
   796 000008E4 56                              	PUSH	ESI
   797 000008E5 57                              	PUSH	EDI
   798 000008E6 56                              	PUSH	ESI
   799 000008E7 6A 01                           	PUSH	1
   800 000008E9 6A 0F                           	PUSH	15
   801 000008EB 53                              	PUSH	EBX
   802 000008EC FF 75 08                        	PUSH	DWORD [8+EBP]
   803 000008EF E8 [00000000]                   	CALL	_boxfill8
   804 000008F4 FF 75 E8                        	PUSH	DWORD [-24+EBP]
   805 000008F7 FF 75 EC                        	PUSH	DWORD [-20+EBP]
   806 000008FA FF 75 E8                        	PUSH	DWORD [-24+EBP]
   807 000008FD 6A 00                           	PUSH	0
   808 000008FF 6A 00                           	PUSH	0
   809 00000901 6B F3 05                        	IMUL	ESI,EBX,5
   810 00000904 53                              	PUSH	EBX
   811 00000905 FF 75 08                        	PUSH	DWORD [8+EBP]
   812 00000908 E8 [00000000]                   	CALL	_boxfill8
   813 0000090D 83 C4 38                        	ADD	ESP,56
   814 00000910 FF 75 14                        	PUSH	DWORD [20+EBP]
   815 00000913 6A 07                           	PUSH	7
   816 00000915 6A 04                           	PUSH	4
   817 00000917 6A 18                           	PUSH	24
   818 00000919 53                              	PUSH	EBX
   819 0000091A FF 75 08                        	PUSH	DWORD [8+EBP]
   820 0000091D E8 [00000000]                   	CALL	_putfonts8_asc
   821 00000922 83 C4 18                        	ADD	ESP,24
   822 00000925 C7 45 F0 00000000               	MOV	DWORD [-16+EBP],0
   823 0000092C C7 45 E0 00000000               	MOV	DWORD [-32+EBP],0
   824 00000933                                 L60:
   825 00000933 8D 04 1E                        	LEA	EAX,DWORD [ESI+EBX*1]
   826 00000936 8B 55 08                        	MOV	EDX,DWORD [8+EBP]
   827 00000939 31 FF                           	XOR	EDI,EDI
   828 0000093B 8D 4C 02 EB                     	LEA	ECX,DWORD [-21+EDX+EAX*1]
   829 0000093F                                 L59:
   830 0000093F 8B 45 E0                        	MOV	EAX,DWORD [-32+EBP]
   831 00000942 8A 94 07 [000000A5]             	MOV	DL,BYTE [_closebtn.1+EDI+EAX*1]
   832 00000949 80 FA 40                        	CMP	DL,64
   833 0000094C 74 33                           	JE	L65
   834 0000094E 80 FA 24                        	CMP	DL,36
   835 00000951 74 2A                           	JE	L66
   836 00000953 80 FA 51                        	CMP	DL,81
   837 00000956 B2 08                           	MOV	DL,8
   838 00000958 0F 95 C0                        	SETNE	AL
   839 0000095B 28 C2                           	SUB	DL,AL
   840 0000095D                                 L54:
   841 0000095D 47                              	INC	EDI
   842 0000095E 88 11                           	MOV	BYTE [ECX],DL
   843 00000960 41                              	INC	ECX
   844 00000961 83 FF 0F                        	CMP	EDI,15
   845 00000964 7E D9                           	JLE	L59
   846 00000966 FF 45 F0                        	INC	DWORD [-16+EBP]
   847 00000969 01 DE                           	ADD	ESI,EBX
   848 0000096B 83 45 E0 10                     	ADD	DWORD [-32+EBP],16
   849 0000096F 83 7D F0 0D                     	CMP	DWORD [-16+EBP],13
   850 00000973 7E BE                           	JLE	L60
   851 00000975 8D 65 F4                        	LEA	ESP,DWORD [-12+EBP]
   852 00000978 5B                              	POP	EBX
   853 00000979 5E                              	POP	ESI
   854 0000097A 5F                              	POP	EDI
   855 0000097B 5D                              	POP	EBP
   856 0000097C C3                              	RET
   857 0000097D                                 L66:
   858 0000097D B2 0F                           	MOV	DL,15
   859 0000097F EB DC                           	JMP	L54
   860 00000981                                 L65:
   861 00000981 31 D2                           	XOR	EDX,EDX
   862 00000983 EB D8                           	JMP	L54
   863 00000985                                 	GLOBAL	_putfonts8_asc_sht
   864 00000985                                 _putfonts8_asc_sht:
   865 00000985 55                              	PUSH	EBP
   866 00000986 89 E5                           	MOV	EBP,ESP
   867 00000988 57                              	PUSH	EDI
   868 00000989 56                              	PUSH	ESI
   869 0000098A 53                              	PUSH	EBX
   870 0000098B 83 EC 0C                        	SUB	ESP,12
   871 0000098E 8B 45 08                        	MOV	EAX,DWORD [8+EBP]
   872 00000991 8B 7D 10                        	MOV	EDI,DWORD [16+EBP]
   873 00000994 89 45 F0                        	MOV	DWORD [-16+EBP],EAX
   874 00000997 8B 5D 14                        	MOV	EBX,DWORD [20+EBP]
   875 0000099A 8B 45 0C                        	MOV	EAX,DWORD [12+EBP]
   876 0000099D 89 45 EC                        	MOV	DWORD [-20+EBP],EAX
   877 000009A0 8B 45 1C                        	MOV	EAX,DWORD [28+EBP]
   878 000009A3 89 45 E8                        	MOV	DWORD [-24+EBP],EAX
   879 000009A6 8D 47 0F                        	LEA	EAX,DWORD [15+EDI]
   880 000009A9 50                              	PUSH	EAX
   881 000009AA 8B 45 EC                        	MOV	EAX,DWORD [-20+EBP]
   882 000009AD 8B 75 20                        	MOV	ESI,DWORD [32+EBP]
   883 000009B0 0F BE DB                        	MOVSX	EBX,BL
   884 000009B3 8D 34 F0                        	LEA	ESI,DWORD [EAX+ESI*8]
   885 000009B6 8D 46 FF                        	LEA	EAX,DWORD [-1+ESI]
   886 000009B9 50                              	PUSH	EAX
   887 000009BA 57                              	PUSH	EDI
   888 000009BB FF 75 EC                        	PUSH	DWORD [-20+EBP]
   889 000009BE 0F B6 45 18                     	MOVZX	EAX,BYTE [24+EBP]
   890 000009C2 50                              	PUSH	EAX
   891 000009C3 8B 45 F0                        	MOV	EAX,DWORD [-16+EBP]
   892 000009C6 FF 70 04                        	PUSH	DWORD [4+EAX]
   893 000009C9 FF 30                           	PUSH	DWORD [EAX]
   894 000009CB E8 [00000000]                   	CALL	_boxfill8
   895 000009D0 FF 75 E8                        	PUSH	DWORD [-24+EBP]
   896 000009D3 53                              	PUSH	EBX
   897 000009D4 57                              	PUSH	EDI
   898 000009D5 FF 75 EC                        	PUSH	DWORD [-20+EBP]
   899 000009D8 8B 45 F0                        	MOV	EAX,DWORD [-16+EBP]
   900 000009DB FF 70 04                        	PUSH	DWORD [4+EAX]
   901 000009DE FF 30                           	PUSH	DWORD [EAX]
   902 000009E0 E8 [00000000]                   	CALL	_putfonts8_asc
   903 000009E5 89 7D 10                        	MOV	DWORD [16+EBP],EDI
   904 000009E8 8D 47 10                        	LEA	EAX,DWORD [16+EDI]
   905 000009EB 89 75 14                        	MOV	DWORD [20+EBP],ESI
   906 000009EE 89 45 18                        	MOV	DWORD [24+EBP],EAX
   907 000009F1 83 C4 34                        	ADD	ESP,52
   908 000009F4 8B 45 EC                        	MOV	EAX,DWORD [-20+EBP]
   909 000009F7 89 45 0C                        	MOV	DWORD [12+EBP],EAX
   910 000009FA 8B 45 F0                        	MOV	EAX,DWORD [-16+EBP]
   911 000009FD 89 45 08                        	MOV	DWORD [8+EBP],EAX
   912 00000A00 8D 65 F4                        	LEA	ESP,DWORD [-12+EBP]
   913 00000A03 5B                              	POP	EBX
   914 00000A04 5E                              	POP	ESI
   915 00000A05 5F                              	POP	EDI
   916 00000A06 5D                              	POP	EBP
   917 00000A07 E9 [00000000]                   	JMP	_sheet_refresh
   918 00000A0C                                 	GLOBAL	_make_textbox8
   919 00000A0C                                 _make_textbox8:
   920 00000A0C 55                              	PUSH	EBP
   921 00000A0D 89 E5                           	MOV	EBP,ESP
   922 00000A0F 57                              	PUSH	EDI
   923 00000A10 56                              	PUSH	ESI
   924 00000A11 53                              	PUSH	EBX
   925 00000A12 83 EC 14                        	SUB	ESP,20
   926 00000A15 8B 45 0C                        	MOV	EAX,DWORD [12+EBP]
   927 00000A18 8B 75 10                        	MOV	ESI,DWORD [16+EBP]
   928 00000A1B 03 45 14                        	ADD	EAX,DWORD [20+EBP]
   929 00000A1E 83 EE 03                        	SUB	ESI,3
   930 00000A21 56                              	PUSH	ESI
   931 00000A22 89 45 F0                        	MOV	DWORD [-16+EBP],EAX
   932 00000A25 8B 45 10                        	MOV	EAX,DWORD [16+EBP]
   933 00000A28 03 45 18                        	ADD	EAX,DWORD [24+EBP]
   934 00000A2B 89 45 EC                        	MOV	DWORD [-20+EBP],EAX
   935 00000A2E 8B 45 F0                        	MOV	EAX,DWORD [-16+EBP]
   936 00000A31 40                              	INC	EAX
   937 00000A32 50                              	PUSH	EAX
   938 00000A33 89 45 E8                        	MOV	DWORD [-24+EBP],EAX
   939 00000A36 8B 45 0C                        	MOV	EAX,DWORD [12+EBP]
   940 00000A39 56                              	PUSH	ESI
   941 00000A3A 83 E8 02                        	SUB	EAX,2
   942 00000A3D 50                              	PUSH	EAX
   943 00000A3E 89 45 E4                        	MOV	DWORD [-28+EBP],EAX
   944 00000A41 8B 45 08                        	MOV	EAX,DWORD [8+EBP]
   945 00000A44 6A 0F                           	PUSH	15
   946 00000A46 FF 70 04                        	PUSH	DWORD [4+EAX]
   947 00000A49 FF 30                           	PUSH	DWORD [EAX]
   948 00000A4B E8 [00000000]                   	CALL	_boxfill8
   949 00000A50 8B 7D 0C                        	MOV	EDI,DWORD [12+EBP]
   950 00000A53 8B 45 EC                        	MOV	EAX,DWORD [-20+EBP]
   951 00000A56 83 EF 03                        	SUB	EDI,3
   952 00000A59 40                              	INC	EAX
   953 00000A5A 50                              	PUSH	EAX
   954 00000A5B 89 45 E0                        	MOV	DWORD [-32+EBP],EAX
   955 00000A5E 57                              	PUSH	EDI
   956 00000A5F 8B 45 08                        	MOV	EAX,DWORD [8+EBP]
   957 00000A62 56                              	PUSH	ESI
   958 00000A63 57                              	PUSH	EDI
   959 00000A64 6A 0F                           	PUSH	15
   960 00000A66 FF 70 04                        	PUSH	DWORD [4+EAX]
   961 00000A69 FF 30                           	PUSH	DWORD [EAX]
   962 00000A6B E8 [00000000]                   	CALL	_boxfill8
   963 00000A70 8B 45 08                        	MOV	EAX,DWORD [8+EBP]
   964 00000A73 83 C4 38                        	ADD	ESP,56
   965 00000A76 8B 5D EC                        	MOV	EBX,DWORD [-20+EBP]
   966 00000A79 83 C3 02                        	ADD	EBX,2
   967 00000A7C 53                              	PUSH	EBX
   968 00000A7D FF 75 E8                        	PUSH	DWORD [-24+EBP]
   969 00000A80 53                              	PUSH	EBX
   970 00000A81 57                              	PUSH	EDI
   971 00000A82 6A 07                           	PUSH	7
   972 00000A84 FF 70 04                        	PUSH	DWORD [4+EAX]
   973 00000A87 FF 30                           	PUSH	DWORD [EAX]
   974 00000A89 E8 [00000000]                   	CALL	_boxfill8
   975 00000A8E 8B 45 F0                        	MOV	EAX,DWORD [-16+EBP]
   976 00000A91 53                              	PUSH	EBX
   977 00000A92 83 C0 02                        	ADD	EAX,2
   978 00000A95 50                              	PUSH	EAX
   979 00000A96 56                              	PUSH	ESI
   980 00000A97 50                              	PUSH	EAX
   981 00000A98 8B 45 08                        	MOV	EAX,DWORD [8+EBP]
   982 00000A9B 6A 07                           	PUSH	7
   983 00000A9D FF 70 04                        	PUSH	DWORD [4+EAX]
   984 00000AA0 FF 30                           	PUSH	DWORD [EAX]
   985 00000AA2 E8 [00000000]                   	CALL	_boxfill8
   986 00000AA7 8B 45 08                        	MOV	EAX,DWORD [8+EBP]
   987 00000AAA 83 C4 38                        	ADD	ESP,56
   988 00000AAD 8B 5D 10                        	MOV	EBX,DWORD [16+EBP]
   989 00000AB0 83 EB 02                        	SUB	EBX,2
   990 00000AB3 8B 7D 0C                        	MOV	EDI,DWORD [12+EBP]
   991 00000AB6 53                              	PUSH	EBX
   992 00000AB7 4F                              	DEC	EDI
   993 00000AB8 FF 75 F0                        	PUSH	DWORD [-16+EBP]
   994 00000ABB 53                              	PUSH	EBX
   995 00000ABC 57                              	PUSH	EDI
   996 00000ABD 6A 00                           	PUSH	0
   997 00000ABF FF 70 04                        	PUSH	DWORD [4+EAX]
   998 00000AC2 FF 30                           	PUSH	DWORD [EAX]
   999 00000AC4 E8 [00000000]                   	CALL	_boxfill8
  1000 00000AC9 8B 45 08                        	MOV	EAX,DWORD [8+EBP]
  1001 00000ACC FF 75 EC                        	PUSH	DWORD [-20+EBP]
  1002 00000ACF FF 75 E4                        	PUSH	DWORD [-28+EBP]
  1003 00000AD2 53                              	PUSH	EBX
  1004 00000AD3 FF 75 E4                        	PUSH	DWORD [-28+EBP]
  1005 00000AD6 6A 00                           	PUSH	0
  1006 00000AD8 FF 70 04                        	PUSH	DWORD [4+EAX]
  1007 00000ADB FF 30                           	PUSH	DWORD [EAX]
  1008 00000ADD E8 [00000000]                   	CALL	_boxfill8
  1009 00000AE2 8B 45 08                        	MOV	EAX,DWORD [8+EBP]
  1010 00000AE5 83 C4 38                        	ADD	ESP,56
  1011 00000AE8 FF 75 E0                        	PUSH	DWORD [-32+EBP]
  1012 00000AEB FF 75 F0                        	PUSH	DWORD [-16+EBP]
  1013 00000AEE FF 75 E0                        	PUSH	DWORD [-32+EBP]
  1014 00000AF1 FF 75 E4                        	PUSH	DWORD [-28+EBP]
  1015 00000AF4 6A 08                           	PUSH	8
  1016 00000AF6 FF 70 04                        	PUSH	DWORD [4+EAX]
  1017 00000AF9 FF 30                           	PUSH	DWORD [EAX]
  1018 00000AFB E8 [00000000]                   	CALL	_boxfill8
  1019 00000B00 8B 45 08                        	MOV	EAX,DWORD [8+EBP]
  1020 00000B03 FF 75 E0                        	PUSH	DWORD [-32+EBP]
  1021 00000B06 FF 75 E8                        	PUSH	DWORD [-24+EBP]
  1022 00000B09 53                              	PUSH	EBX
  1023 00000B0A FF 75 E8                        	PUSH	DWORD [-24+EBP]
  1024 00000B0D 6A 08                           	PUSH	8
  1025 00000B0F FF 70 04                        	PUSH	DWORD [4+EAX]
  1026 00000B12 FF 30                           	PUSH	DWORD [EAX]
  1027 00000B14 E8 [00000000]                   	CALL	_boxfill8
  1028 00000B19 8B 45 10                        	MOV	EAX,DWORD [16+EBP]
  1029 00000B1C 83 C4 38                        	ADD	ESP,56
  1030 00000B1F 48                              	DEC	EAX
  1031 00000B20 FF 75 EC                        	PUSH	DWORD [-20+EBP]
  1032 00000B23 FF 75 F0                        	PUSH	DWORD [-16+EBP]
  1033 00000B26 50                              	PUSH	EAX
  1034 00000B27 57                              	PUSH	EDI
  1035 00000B28 0F B6 45 1C                     	MOVZX	EAX,BYTE [28+EBP]
  1036 00000B2C 50                              	PUSH	EAX
  1037 00000B2D 8B 45 08                        	MOV	EAX,DWORD [8+EBP]
  1038 00000B30 FF 70 04                        	PUSH	DWORD [4+EAX]
  1039 00000B33 FF 30                           	PUSH	DWORD [EAX]
  1040 00000B35 E8 [00000000]                   	CALL	_boxfill8
  1041 00000B3A 8D 65 F4                        	LEA	ESP,DWORD [-12+EBP]
  1042 00000B3D 5B                              	POP	EBX
  1043 00000B3E 5E                              	POP	ESI
  1044 00000B3F 5F                              	POP	EDI
  1045 00000B40 5D                              	POP	EBP
  1046 00000B41 C3                              	RET
  1047                                          [SECTION .data]
  1048 00000185                                 LC8:
  1049 00000185 25 31 31 64 00                  	DB	"%11d",0x00
  1050                                          [SECTION .text]
  1051 00000B42                                 	GLOBAL	_task_b_main
  1052 00000B42                                 _task_b_main:
  1053 00000B42 55                              	PUSH	EBP
  1054 00000B43 89 E5                           	MOV	EBP,ESP
  1055 00000B45 57                              	PUSH	EDI
  1056 00000B46 56                              	PUSH	ESI
  1057 00000B47 53                              	PUSH	EBX
  1058 00000B48 8D 85 FFFFFDD4                  	LEA	EAX,DWORD [-556+EBP]
  1059 00000B4E 81 EC 0000023C                  	SUB	ESP,572
  1060 00000B54 8D 5D D4                        	LEA	EBX,DWORD [-44+EBP]
  1061 00000B57 C7 85 FFFFFDBC 00000000         	MOV	DWORD [-580+EBP],0
  1062 00000B61 50                              	PUSH	EAX
  1063 00000B62 68 00000080                     	PUSH	128
  1064 00000B67 53                              	PUSH	EBX
  1065 00000B68 C7 85 FFFFFDB8 00000000         	MOV	DWORD [-584+EBP],0
  1066 00000B72 E8 [00000000]                   	CALL	_fifo32_init
  1067 00000B77 E8 [00000000]                   	CALL	_timer_alloc
  1068 00000B7C 6A 02                           	PUSH	2
  1069 00000B7E 53                              	PUSH	EBX
  1070 00000B7F 89 C7                           	MOV	EDI,EAX
  1071 00000B81 50                              	PUSH	EAX
  1072 00000B82 E8 [00000000]                   	CALL	_timer_init
  1073 00000B87 6A 02                           	PUSH	2
  1074 00000B89 57                              	PUSH	EDI
  1075 00000B8A E8 [00000000]                   	CALL	_timer_settime
  1076 00000B8F 83 C4 20                        	ADD	ESP,32
  1077 00000B92 E8 [00000000]                   	CALL	_timer_alloc
  1078 00000B97 6A 01                           	PUSH	1
  1079 00000B99 53                              	PUSH	EBX
  1080 00000B9A 89 85 FFFFFDC0                  	MOV	DWORD [-576+EBP],EAX
  1081 00000BA0 50                              	PUSH	EAX
  1082 00000BA1 E8 [00000000]                   	CALL	_timer_init
  1083 00000BA6 E8 [00000000]                   	CALL	_timer_alloc
  1084 00000BAB 6A 64                           	PUSH	100
  1085 00000BAD 53                              	PUSH	EBX
  1086 00000BAE 89 C6                           	MOV	ESI,EAX
  1087 00000BB0 50                              	PUSH	EAX
  1088 00000BB1 E8 [00000000]                   	CALL	_timer_init
  1089 00000BB6 6A 64                           	PUSH	100
  1090 00000BB8 56                              	PUSH	ESI
  1091 00000BB9 E8 [00000000]                   	CALL	_timer_settime
  1092 00000BBE 83 C4 20                        	ADD	ESP,32
  1093 00000BC1                                 L70:
  1094 00000BC1 8D 5D D4                        	LEA	EBX,DWORD [-44+EBP]
  1095 00000BC4 FF 85 FFFFFDBC                  	INC	DWORD [-580+EBP]
  1096 00000BCA E8 [00000000]                   	CALL	_io_cli
  1097 00000BCF 53                              	PUSH	EBX
  1098 00000BD0 E8 [00000000]                   	CALL	_fifo32_status
  1099 00000BD5 5A                              	POP	EDX
  1100 00000BD6 85 C0                           	TEST	EAX,EAX
  1101 00000BD8 0F 84 000000C2                  	JE	L81
  1102 00000BDE 53                              	PUSH	EBX
  1103 00000BDF E8 [00000000]                   	CALL	_fifo32_get
  1104 00000BE4 89 C3                           	MOV	EBX,EAX
  1105 00000BE6 E8 [00000000]                   	CALL	_io_sti
  1106 00000BEB 58                              	POP	EAX
  1107 00000BEC 83 FB 01                        	CMP	EBX,1
  1108 00000BEF 74 75                           	JE	L82
  1109 00000BF1 83 FB 02                        	CMP	EBX,2
  1110 00000BF4 74 57                           	JE	L83
  1111 00000BF6 83 FB 64                        	CMP	EBX,100
  1112 00000BF9 75 C6                           	JNE	L70
  1113 00000BFB 8B 85 FFFFFDBC                  	MOV	EAX,DWORD [-580+EBP]
  1114 00000C01 8D 9D FFFFFDC4                  	LEA	EBX,DWORD [-572+EBP]
  1115 00000C07 2B 85 FFFFFDB8                  	SUB	EAX,DWORD [-584+EBP]
  1116 00000C0D 50                              	PUSH	EAX
  1117 00000C0E 68 [00000185]                   	PUSH	LC8
  1118 00000C13 53                              	PUSH	EBX
  1119 00000C14 E8 [00000000]                   	CALL	_sprintf
  1120 00000C19 6A 0B                           	PUSH	11
  1121 00000C1B 53                              	PUSH	EBX
  1122 00000C1C 6A 0E                           	PUSH	14
  1123 00000C1E 6A 07                           	PUSH	7
  1124 00000C20 68 000000C8                     	PUSH	200
  1125 00000C25 6A 00                           	PUSH	0
  1126 00000C27 FF 75 08                        	PUSH	DWORD [8+EBP]
  1127 00000C2A E8 FFFFFD56                     	CALL	_putfonts8_asc_sht
  1128 00000C2F 83 C4 28                        	ADD	ESP,40
  1129 00000C32 8B 85 FFFFFDBC                  	MOV	EAX,DWORD [-580+EBP]
  1130 00000C38 6A 64                           	PUSH	100
  1131 00000C3A 89 85 FFFFFDB8                  	MOV	DWORD [-584+EBP],EAX
  1132 00000C40 56                              	PUSH	ESI
  1133 00000C41                                 L80:
  1134 00000C41 E8 [00000000]                   	CALL	_timer_settime
  1135 00000C46 59                              	POP	ECX
  1136 00000C47 5B                              	POP	EBX
  1137 00000C48 E9 FFFFFF74                     	JMP	L70
  1138 00000C4D                                 L83:
  1139 00000C4D 6A 18                           	PUSH	24
  1140 00000C4F 6A 00                           	PUSH	0
  1141 00000C51 E8 [00000000]                   	CALL	_farjmp
  1142 00000C56 6A 02                           	PUSH	2
  1143 00000C58 57                              	PUSH	EDI
  1144 00000C59 E8 [00000000]                   	CALL	_timer_settime
  1145 00000C5E 83 C4 10                        	ADD	ESP,16
  1146 00000C61 E9 FFFFFF5B                     	JMP	L70
  1147 00000C66                                 L82:
  1148 00000C66 FF B5 FFFFFDBC                  	PUSH	DWORD [-580+EBP]
  1149 00000C6C 68 [00000185]                   	PUSH	LC8
  1150 00000C71 8D 9D FFFFFDC4                  	LEA	EBX,DWORD [-572+EBP]
  1151 00000C77 53                              	PUSH	EBX
  1152 00000C78 E8 [00000000]                   	CALL	_sprintf
  1153 00000C7D 6A 0B                           	PUSH	11
  1154 00000C7F 53                              	PUSH	EBX
  1155 00000C80 6A 0F                           	PUSH	15
  1156 00000C82 6A 07                           	PUSH	7
  1157 00000C84 68 00000090                     	PUSH	144
  1158 00000C89 6A 00                           	PUSH	0
  1159 00000C8B FF 75 08                        	PUSH	DWORD [8+EBP]
  1160 00000C8E E8 FFFFFCF2                     	CALL	_putfonts8_asc_sht
  1161 00000C93 83 C4 28                        	ADD	ESP,40
  1162 00000C96 6A 01                           	PUSH	1
  1163 00000C98 FF B5 FFFFFDC0                  	PUSH	DWORD [-576+EBP]
  1164 00000C9E EB A1                           	JMP	L80
  1165 00000CA0                                 L81:
  1166 00000CA0 E8 [00000000]                   	CALL	_io_sti
  1167 00000CA5 E9 FFFFFF17                     	JMP	L70
