     1 00000000                                 [FORMAT "WCOFF"]
     2 00000000                                 [INSTRSET "i486p"]
     3 00000000                                 [OPTIMIZE 1]
     4 00000000                                 [OPTION 1]
     5 00000000                                 [BITS 32]
     6 00000000                                 	EXTERN	_init_gdtidt
     7 00000000                                 	EXTERN	_init_pic
     8 00000000                                 	EXTERN	_io_sti
     9 00000000                                 	EXTERN	_fifo32_init
    10 00000000                                 	EXTERN	_init_pit
    11 00000000                                 	EXTERN	_init_keyboard
    12 00000000                                 	EXTERN	_enable_mouse
    13 00000000                                 	EXTERN	_io_out8
    14 00000000                                 	EXTERN	_timer_alloc
    15 00000000                                 	EXTERN	_timer_init
    16 00000000                                 	EXTERN	_timer_settime
    17 00000000                                 	EXTERN	_memtest
    18 00000000                                 	EXTERN	_memman_init
    19 00000000                                 	EXTERN	_memman_free
    20 00000000                                 	EXTERN	_init_palette
    21 00000000                                 	EXTERN	_shtctl_init
    22 00000000                                 	EXTERN	_sheet_alloc
    23 00000000                                 	EXTERN	_memman_alloc_4k
    24 00000000                                 	EXTERN	_sheet_setbuf
    25 00000000                                 	EXTERN	_init_screen8
    26 00000000                                 	EXTERN	_init_mouse_cursor8
    27 00000000                                 	EXTERN	_sheet_slide
    28 00000000                                 	EXTERN	_sheet_updown
    29 00000000                                 	EXTERN	_sprintf
    30 00000000                                 	EXTERN	_memman_total
    31 00000000                                 	EXTERN	_task_init
    32 00000000                                 	EXTERN	_task_alloc
    33 00000000                                 	EXTERN	_task_run
    34 00000000                                 	EXTERN	_io_cli
    35 00000000                                 	EXTERN	_fifo32_status
    36 00000000                                 	EXTERN	_fifo32_get
    37 00000000                                 	EXTERN	_boxfill8
    38 00000000                                 	EXTERN	_sheet_refresh
    39 00000000                                 	EXTERN	_mouse_decode
    40 00000000                                 	EXTERN	_keytable.0
    41 00000000                                 	EXTERN	_task_sleep
    42 00000000                                 	EXTERN	_putfonts8_asc
    43 00000000                                 [FILE "bootpack.c"]
    44                                          [SECTION .data]
    45 00000000                                 _keytable.0:
    46 00000000 00                              	DB	0
    47 00000001 00                              	DB	0
    48 00000002 31                              	DB	49
    49 00000003 32                              	DB	50
    50 00000004 33                              	DB	51
    51 00000005 34                              	DB	52
    52 00000006 35                              	DB	53
    53 00000007 36                              	DB	54
    54 00000008 37                              	DB	55
    55 00000009 38                              	DB	56
    56 0000000A 39                              	DB	57
    57 0000000B 30                              	DB	48
    58 0000000C 2D                              	DB	45
    59 0000000D 5E                              	DB	94
    60 0000000E 00                              	DB	0
    61 0000000F 00                              	DB	0
    62 00000010 51                              	DB	81
    63 00000011 57                              	DB	87
    64 00000012 45                              	DB	69
    65 00000013 52                              	DB	82
    66 00000014 54                              	DB	84
    67 00000015 59                              	DB	89
    68 00000016 55                              	DB	85
    69 00000017 49                              	DB	73
    70 00000018 4F                              	DB	79
    71 00000019 50                              	DB	80
    72 0000001A 40                              	DB	64
    73 0000001B 5B                              	DB	91
    74 0000001C 00                              	DB	0
    75 0000001D 00                              	DB	0
    76 0000001E 41                              	DB	65
    77 0000001F 53                              	DB	83
    78 00000020 44                              	DB	68
    79 00000021 46                              	DB	70
    80 00000022 47                              	DB	71
    81 00000023 48                              	DB	72
    82 00000024 4A                              	DB	74
    83 00000025 4B                              	DB	75
    84 00000026 4C                              	DB	76
    85 00000027 3B                              	DB	59
    86 00000028 3A                              	DB	58
    87 00000029 00                              	DB	0
    88 0000002A 00                              	DB	0
    89 0000002B 5D                              	DB	93
    90 0000002C 5A                              	DB	90
    91 0000002D 58                              	DB	88
    92 0000002E 43                              	DB	67
    93 0000002F 56                              	DB	86
    94 00000030 42                              	DB	66
    95 00000031 4E                              	DB	78
    96 00000032 4D                              	DB	77
    97 00000033 2C                              	DB	44
    98 00000034 2E                              	DB	46
    99 00000035 2F                              	DB	47
   100 00000036 00                              	DB	0
   101 00000037 2A                              	DB	42
   102 00000038 00                              	DB	0
   103 00000039 20                              	DB	32
   104 0000003A 00                              	DB	0
   105 0000003B 00                              	DB	0
   106 0000003C 00                              	DB	0
   107 0000003D 00                              	DB	0
   108 0000003E 00                              	DB	0
   109 0000003F 00                              	DB	0
   110 00000040 00                              	DB	0
   111 00000041 00                              	DB	0
   112 00000042 00                              	DB	0
   113 00000043 00                              	DB	0
   114 00000044 00                              	DB	0
   115 00000045 00                              	DB	0
   116 00000046 00                              	DB	0
   117 00000047 37                              	DB	55
   118 00000048 38                              	DB	56
   119 00000049 39                              	DB	57
   120 0000004A 2D                              	DB	45
   121 0000004B 34                              	DB	52
   122 0000004C 35                              	DB	53
   123 0000004D 36                              	DB	54
   124 0000004E 2B                              	DB	43
   125 0000004F 31                              	DB	49
   126 00000050 32                              	DB	50
   127 00000051 33                              	DB	51
   128 00000052 30                              	DB	48
   129 00000053 2E                              	DB	46
   130 00000054                                 LC0:
   131 00000054 43 6F 75 6E 74 65 72 00         	DB	"Counter",0x00
   132 0000005C                                 LC1:
   133 0000005C 28 25 33 64 2C 20 25 33 64 29   	DB	"(%3d, %3d)",0x00
       00000066 00 
   134 00000067                                 LC2:
   135 00000067 6D 65 6D 6F 72 79 20 25 64 4D   	DB	"memory %dMB   free : %dKB",0x00
       00000071 42 20 20 20 66 72 65 65 20 3A 
       0000007B 20 25 64 4B 42 00 
   136 00000081                                 LC7:
   137 00000081 33 5B 73 65 63 5D 00            	DB	"3[sec]",0x00
   138 00000088                                 LC6:
   139 00000088 31 30 5B 73 65 63 5D 00         	DB	"10[sec]",0x00
   140 00000090                                 LC5:
   141 00000090 5B 6C 63 72 20 25 34 64 20 25   	DB	"[lcr %4d %4d]",0x00
       0000009A 34 64 5D 00 
   142 0000009E                                 LC3:
   143 0000009E 25 30 32 58 00                  	DB	"%02X",0x00
   144 000000A3                                 LC4:
   145 000000A3 20 00                           	DB	" ",0x00
   146                                          [SECTION .text]
   147 00000000                                 	GLOBAL	_HariMain
   148 00000000                                 _HariMain:
   149 00000000 55                              	PUSH	EBP
   150 00000001 89 E5                           	MOV	EBP,ESP
   151 00000003 57                              	PUSH	EDI
   152 00000004 56                              	PUSH	ESI
   153 00000005 53                              	PUSH	EBX
   154 00000006 8D B5 FFFFFCE4                  	LEA	ESI,DWORD [-796+EBP]
   155 0000000C 81 EC 0000061C                  	SUB	ESP,1564
   156 00000012 E8 [00000000]                   	CALL	_init_gdtidt
   157 00000017 E8 [00000000]                   	CALL	_init_pic
   158 0000001C E8 [00000000]                   	CALL	_io_sti
   159 00000021 8D 85 FFFFFAE4                  	LEA	EAX,DWORD [-1308+EBP]
   160 00000027 6A 00                           	PUSH	0
   161 00000029 50                              	PUSH	EAX
   162 0000002A 68 00000080                     	PUSH	128
   163 0000002F 56                              	PUSH	ESI
   164 00000030 E8 [00000000]                   	CALL	_fifo32_init
   165 00000035 E8 [00000000]                   	CALL	_init_pit
   166 0000003A 68 00000100                     	PUSH	256
   167 0000003F 56                              	PUSH	ESI
   168 00000040 E8 [00000000]                   	CALL	_init_keyboard
   169 00000045 8D 85 FFFFFE04                  	LEA	EAX,DWORD [-508+EBP]
   170 0000004B 50                              	PUSH	EAX
   171 0000004C 68 00000200                     	PUSH	512
   172 00000051 56                              	PUSH	ESI
   173 00000052 E8 [00000000]                   	CALL	_enable_mouse
   174 00000057 83 C4 24                        	ADD	ESP,36
   175 0000005A 68 000000F8                     	PUSH	248
   176 0000005F 6A 21                           	PUSH	33
   177 00000061 E8 [00000000]                   	CALL	_io_out8
   178 00000066 68 000000EF                     	PUSH	239
   179 0000006B 68 000000A1                     	PUSH	161
   180 00000070 E8 [00000000]                   	CALL	_io_out8
   181 00000075 E8 [00000000]                   	CALL	_timer_alloc
   182 0000007A 6A 0A                           	PUSH	10
   183 0000007C 56                              	PUSH	ESI
   184 0000007D 89 C3                           	MOV	EBX,EAX
   185 0000007F 50                              	PUSH	EAX
   186 00000080 E8 [00000000]                   	CALL	_timer_init
   187 00000085 68 000003E8                     	PUSH	1000
   188 0000008A 53                              	PUSH	EBX
   189 0000008B E8 [00000000]                   	CALL	_timer_settime
   190 00000090 83 C4 24                        	ADD	ESP,36
   191 00000093 E8 [00000000]                   	CALL	_timer_alloc
   192 00000098 6A 03                           	PUSH	3
   193 0000009A 89 C3                           	MOV	EBX,EAX
   194 0000009C 56                              	PUSH	ESI
   195 0000009D 50                              	PUSH	EAX
   196 0000009E E8 [00000000]                   	CALL	_timer_init
   197 000000A3 68 0000012C                     	PUSH	300
   198 000000A8 53                              	PUSH	EBX
   199 000000A9 E8 [00000000]                   	CALL	_timer_settime
   200 000000AE E8 [00000000]                   	CALL	_timer_alloc
   201 000000B3 6A 01                           	PUSH	1
   202 000000B5 56                              	PUSH	ESI
   203 000000B6 50                              	PUSH	EAX
   204 000000B7 89 85 FFFFF9EC                  	MOV	DWORD [-1556+EBP],EAX
   205 000000BD E8 [00000000]                   	CALL	_timer_init
   206 000000C2 83 C4 20                        	ADD	ESP,32
   207 000000C5 6A 32                           	PUSH	50
   208 000000C7 FF B5 FFFFF9EC                  	PUSH	DWORD [-1556+EBP]
   209 000000CD E8 [00000000]                   	CALL	_timer_settime
   210 000000D2 68 BFFFFFFF                     	PUSH	-1073741825
   211 000000D7 68 00400000                     	PUSH	4194304
   212 000000DC E8 [00000000]                   	CALL	_memtest
   213 000000E1 68 003C0000                     	PUSH	3932160
   214 000000E6 89 85 FFFFF9FC                  	MOV	DWORD [-1540+EBP],EAX
   215 000000EC E8 [00000000]                   	CALL	_memman_init
   216 000000F1 68 0009E000                     	PUSH	647168
   217 000000F6 68 00001000                     	PUSH	4096
   218 000000FB 68 003C0000                     	PUSH	3932160
   219 00000100 E8 [00000000]                   	CALL	_memman_free
   220 00000105 8B 85 FFFFF9FC                  	MOV	EAX,DWORD [-1540+EBP]
   221 0000010B 83 C4 20                        	ADD	ESP,32
   222 0000010E 2D 00400000                     	SUB	EAX,4194304
   223 00000113 50                              	PUSH	EAX
   224 00000114 68 00400000                     	PUSH	4194304
   225 00000119 68 003C0000                     	PUSH	3932160
   226 0000011E E8 [00000000]                   	CALL	_memman_free
   227 00000123 E8 [00000000]                   	CALL	_init_palette
   228 00000128 0F BF 05 00000FF6               	MOVSX	EAX,WORD [4086]
   229 0000012F 50                              	PUSH	EAX
   230 00000130 0F BF 05 00000FF4               	MOVSX	EAX,WORD [4084]
   231 00000137 50                              	PUSH	EAX
   232 00000138 FF 35 00000FF8                  	PUSH	DWORD [4088]
   233 0000013E 68 003C0000                     	PUSH	3932160
   234 00000143 E8 [00000000]                   	CALL	_shtctl_init
   235 00000148 89 C3                           	MOV	EBX,EAX
   236 0000014A 50                              	PUSH	EAX
   237 0000014B E8 [00000000]                   	CALL	_sheet_alloc
   238 00000150 83 C4 20                        	ADD	ESP,32
   239 00000153 53                              	PUSH	EBX
   240 00000154 89 85 FFFFF9F8                  	MOV	DWORD [-1544+EBP],EAX
   241 0000015A E8 [00000000]                   	CALL	_sheet_alloc
   242 0000015F 53                              	PUSH	EBX
   243 00000160 8D 9D FFFFFD04                  	LEA	EBX,DWORD [-764+EBP]
   244 00000166 89 85 FFFFF9F4                  	MOV	DWORD [-1548+EBP],EAX
   245 0000016C E8 [00000000]                   	CALL	_sheet_alloc
   246 00000171 0F BF 15 00000FF6               	MOVSX	EDX,WORD [4086]
   247 00000178 89 85 FFFFF9F0                  	MOV	DWORD [-1552+EBP],EAX
   248 0000017E 0F BF 05 00000FF4               	MOVSX	EAX,WORD [4084]
   249 00000185 0F AF C2                        	IMUL	EAX,EDX
   250 00000188 50                              	PUSH	EAX
   251 00000189 68 003C0000                     	PUSH	3932160
   252 0000018E E8 [00000000]                   	CALL	_memman_alloc_4k
   253 00000193 68 00002080                     	PUSH	8320
   254 00000198 68 003C0000                     	PUSH	3932160
   255 0000019D 89 C6                           	MOV	ESI,EAX
   256 0000019F E8 [00000000]                   	CALL	_memman_alloc_4k
   257 000001A4 6A FF                           	PUSH	-1
   258 000001A6 89 C7                           	MOV	EDI,EAX
   259 000001A8 0F BF 05 00000FF6               	MOVSX	EAX,WORD [4086]
   260 000001AF 50                              	PUSH	EAX
   261 000001B0 0F BF 05 00000FF4               	MOVSX	EAX,WORD [4084]
   262 000001B7 50                              	PUSH	EAX
   263 000001B8 56                              	PUSH	ESI
   264 000001B9 FF B5 FFFFF9F8                  	PUSH	DWORD [-1544+EBP]
   265 000001BF E8 [00000000]                   	CALL	_sheet_setbuf
   266 000001C4 83 C4 2C                        	ADD	ESP,44
   267 000001C7 6A 63                           	PUSH	99
   268 000001C9 6A 10                           	PUSH	16
   269 000001CB 6A 10                           	PUSH	16
   270 000001CD 53                              	PUSH	EBX
   271 000001CE FF B5 FFFFF9F4                  	PUSH	DWORD [-1548+EBP]
   272 000001D4 E8 [00000000]                   	CALL	_sheet_setbuf
   273 000001D9 6A FF                           	PUSH	-1
   274 000001DB 6A 44                           	PUSH	68
   275 000001DD 68 000000A0                     	PUSH	160
   276 000001E2 57                              	PUSH	EDI
   277 000001E3 FF B5 FFFFF9F0                  	PUSH	DWORD [-1552+EBP]
   278 000001E9 E8 [00000000]                   	CALL	_sheet_setbuf
   279 000001EE 83 C4 28                        	ADD	ESP,40
   280 000001F1 0F BF 05 00000FF6               	MOVSX	EAX,WORD [4086]
   281 000001F8 50                              	PUSH	EAX
   282 000001F9 0F BF 05 00000FF4               	MOVSX	EAX,WORD [4084]
   283 00000200 50                              	PUSH	EAX
   284 00000201 56                              	PUSH	ESI
   285 00000202 E8 [00000000]                   	CALL	_init_screen8
   286 00000207 6A 63                           	PUSH	99
   287 00000209 53                              	PUSH	EBX
   288 0000020A BB 00000002                     	MOV	EBX,2
   289 0000020F E8 [00000000]                   	CALL	_init_mouse_cursor8
   290 00000214 68 [00000054]                   	PUSH	LC0
   291 00000219 6A 44                           	PUSH	68
   292 0000021B 68 000000A0                     	PUSH	160
   293 00000220 57                              	PUSH	EDI
   294 00000221 E8 00000518                     	CALL	_make_window8
   295 00000226 83 C4 24                        	ADD	ESP,36
   296 00000229 6A 07                           	PUSH	7
   297 0000022B 6A 10                           	PUSH	16
   298 0000022D 68 00000090                     	PUSH	144
   299 00000232 6A 1C                           	PUSH	28
   300 00000234 6A 08                           	PUSH	8
   301 00000236 FF B5 FFFFF9F0                  	PUSH	DWORD [-1552+EBP]
   302 0000023C E8 000006F0                     	CALL	_make_textbox8
   303 00000241 6A 00                           	PUSH	0
   304 00000243 6A 00                           	PUSH	0
   305 00000245 FF B5 FFFFF9F8                  	PUSH	DWORD [-1544+EBP]
   306 0000024B C7 85 FFFFF9E8 00000008         	MOV	DWORD [-1560+EBP],8
   307 00000255 C7 85 FFFFF9E4 00000007         	MOV	DWORD [-1564+EBP],7
   308 0000025F E8 [00000000]                   	CALL	_sheet_slide
   309 00000264 83 C4 24                        	ADD	ESP,36
   310 00000267 0F BF 05 00000FF4               	MOVSX	EAX,WORD [4084]
   311 0000026E 8D 48 F0                        	LEA	ECX,DWORD [-16+EAX]
   312 00000271 89 C8                           	MOV	EAX,ECX
   313 00000273 99                              	CDQ
   314 00000274 F7 FB                           	IDIV	EBX
   315 00000276 89 85 FFFFFA00                  	MOV	DWORD [-1536+EBP],EAX
   316 0000027C 0F BF 05 00000FF6               	MOVSX	EAX,WORD [4086]
   317 00000283 8D 48 D4                        	LEA	ECX,DWORD [-44+EAX]
   318 00000286 89 C8                           	MOV	EAX,ECX
   319 00000288 99                              	CDQ
   320 00000289 F7 FB                           	IDIV	EBX
   321 0000028B 50                              	PUSH	EAX
   322 0000028C 89 C7                           	MOV	EDI,EAX
   323 0000028E FF B5 FFFFFA00                  	PUSH	DWORD [-1536+EBP]
   324 00000294 FF B5 FFFFF9F4                  	PUSH	DWORD [-1548+EBP]
   325 0000029A 8D 5D C4                        	LEA	EBX,DWORD [-60+EBP]
   326 0000029D E8 [00000000]                   	CALL	_sheet_slide
   327 000002A2 6A 48                           	PUSH	72
   328 000002A4 6A 50                           	PUSH	80
   329 000002A6 FF B5 FFFFF9F0                  	PUSH	DWORD [-1552+EBP]
   330 000002AC E8 [00000000]                   	CALL	_sheet_slide
   331 000002B1 6A 00                           	PUSH	0
   332 000002B3 FF B5 FFFFF9F8                  	PUSH	DWORD [-1544+EBP]
   333 000002B9 E8 [00000000]                   	CALL	_sheet_updown
   334 000002BE 83 C4 20                        	ADD	ESP,32
   335 000002C1 6A 01                           	PUSH	1
   336 000002C3 FF B5 FFFFF9F0                  	PUSH	DWORD [-1552+EBP]
   337 000002C9 E8 [00000000]                   	CALL	_sheet_updown
   338 000002CE 6A 02                           	PUSH	2
   339 000002D0 FF B5 FFFFF9F4                  	PUSH	DWORD [-1548+EBP]
   340 000002D6 E8 [00000000]                   	CALL	_sheet_updown
   341 000002DB 57                              	PUSH	EDI
   342 000002DC FF B5 FFFFFA00                  	PUSH	DWORD [-1536+EBP]
   343 000002E2 68 [0000005C]                   	PUSH	LC1
   344 000002E7 53                              	PUSH	EBX
   345 000002E8 E8 [00000000]                   	CALL	_sprintf
   346 000002ED 83 C4 20                        	ADD	ESP,32
   347 000002F0 6A 0A                           	PUSH	10
   348 000002F2 53                              	PUSH	EBX
   349 000002F3 6A 0E                           	PUSH	14
   350 000002F5 6A 07                           	PUSH	7
   351 000002F7 6A 00                           	PUSH	0
   352 000002F9 6A 00                           	PUSH	0
   353 000002FB FF B5 FFFFF9F8                  	PUSH	DWORD [-1544+EBP]
   354 00000301 E8 000005A4                     	CALL	_putfonts8_asc_sht
   355 00000306 68 003C0000                     	PUSH	3932160
   356 0000030B E8 [00000000]                   	CALL	_memman_total
   357 00000310 C1 AD FFFFF9FC 14               	SHR	DWORD [-1540+EBP],20
   358 00000317 C1 E8 0A                        	SHR	EAX,10
   359 0000031A 89 04 24                        	MOV	DWORD [ESP],EAX
   360 0000031D FF B5 FFFFF9FC                  	PUSH	DWORD [-1540+EBP]
   361 00000323 68 [00000067]                   	PUSH	LC2
   362 00000328 53                              	PUSH	EBX
   363 00000329 E8 [00000000]                   	CALL	_sprintf
   364 0000032E 83 C4 2C                        	ADD	ESP,44
   365 00000331 6A 28                           	PUSH	40
   366 00000333 53                              	PUSH	EBX
   367 00000334 6A 0E                           	PUSH	14
   368 00000336 6A 07                           	PUSH	7
   369 00000338 6A 20                           	PUSH	32
   370 0000033A 6A 00                           	PUSH	0
   371 0000033C FF B5 FFFFF9F8                  	PUSH	DWORD [-1544+EBP]
   372 00000342 E8 00000563                     	CALL	_putfonts8_asc_sht
   373 00000347 68 003C0000                     	PUSH	3932160
   374 0000034C E8 [00000000]                   	CALL	_task_init
   375 00000351 83 C4 20                        	ADD	ESP,32
   376 00000354 89 85 FFFFF9E0                  	MOV	DWORD [-1568+EBP],EAX
   377 0000035A 89 85 FFFFFCFC                  	MOV	DWORD [-772+EBP],EAX
   378 00000360 E8 [00000000]                   	CALL	_task_alloc
   379 00000365 68 00010000                     	PUSH	65536
   380 0000036A 68 003C0000                     	PUSH	3932160
   381 0000036F 89 C3                           	MOV	EBX,EAX
   382 00000371 E8 [00000000]                   	CALL	_memman_alloc_4k
   383 00000376 8B 95 FFFFF9F8                  	MOV	EDX,DWORD [-1544+EBP]
   384 0000037C 05 0000FFF8                     	ADD	EAX,65528
   385 00000381 89 43 40                        	MOV	DWORD [64+EBX],EAX
   386 00000384 C7 43 28 [00000A67]             	MOV	DWORD [40+EBX],_task_b_main
   387 0000038B C7 43 50 00000008               	MOV	DWORD [80+EBX],8
   388 00000392 C7 43 54 00000010               	MOV	DWORD [84+EBX],16
   389 00000399 C7 43 58 00000008               	MOV	DWORD [88+EBX],8
   390 000003A0 C7 43 5C 00000008               	MOV	DWORD [92+EBX],8
   391 000003A7 C7 43 60 00000008               	MOV	DWORD [96+EBX],8
   392 000003AE C7 43 64 00000008               	MOV	DWORD [100+EBX],8
   393 000003B5 89 50 04                        	MOV	DWORD [4+EAX],EDX
   394 000003B8 53                              	PUSH	EBX
   395 000003B9 E8 [00000000]                   	CALL	_task_run
   396 000003BE                                 L31:
   397 000003BE 83 C4 0C                        	ADD	ESP,12
   398 000003C1                                 L2:
   399 000003C1 8D B5 FFFFFCE4                  	LEA	ESI,DWORD [-796+EBP]
   400 000003C7 E8 [00000000]                   	CALL	_io_cli
   401 000003CC 56                              	PUSH	ESI
   402 000003CD E8 [00000000]                   	CALL	_fifo32_status
   403 000003D2 5B                              	POP	EBX
   404 000003D3 85 C0                           	TEST	EAX,EAX
   405 000003D5 0F 84 0000034D                  	JE	L33
   406 000003DB 56                              	PUSH	ESI
   407 000003DC E8 [00000000]                   	CALL	_fifo32_get
   408 000003E1 89 C3                           	MOV	EBX,EAX
   409 000003E3 E8 [00000000]                   	CALL	_io_sti
   410 000003E8 5A                              	POP	EDX
   411 000003E9 8D 83 FFFFFF00                  	LEA	EAX,DWORD [-256+EBX]
   412 000003EF 3D 000000FF                     	CMP	EAX,255
   413 000003F4 0F 86 00000233                  	JBE	L34
   414 000003FA 8D 83 FFFFFE00                  	LEA	EAX,DWORD [-512+EBX]
   415 00000400 3D 000000FF                     	CMP	EAX,255
   416 00000405 0F 86 000000E5                  	JBE	L35
   417 0000040B 83 FB 0A                        	CMP	EBX,10
   418 0000040E 0F 84 000000CD                  	JE	L36
   419 00000414 83 FB 03                        	CMP	EBX,3
   420 00000417 0F 84 000000A2                  	JE	L37
   421 0000041D 83 FB 01                        	CMP	EBX,1
   422 00000420 7F 9F                           	JG	L2
   423 00000422 85 DB                           	TEST	EBX,EBX
   424 00000424 74 7C                           	JE	L28
   425 00000426 6A 00                           	PUSH	0
   426 00000428 56                              	PUSH	ESI
   427 00000429 FF B5 FFFFF9EC                  	PUSH	DWORD [-1556+EBP]
   428 0000042F E8 [00000000]                   	CALL	_timer_init
   429 00000434 C7 85 FFFFF9E4 00000000         	MOV	DWORD [-1564+EBP],0
   430 0000043E                                 L32:
   431 0000043E 83 C4 0C                        	ADD	ESP,12
   432 00000441 6A 32                           	PUSH	50
   433 00000443 FF B5 FFFFF9EC                  	PUSH	DWORD [-1556+EBP]
   434 00000449 E8 [00000000]                   	CALL	_timer_settime
   435 0000044E 8B 95 FFFFF9F0                  	MOV	EDX,DWORD [-1552+EBP]
   436 00000454 8B 85 FFFFF9E8                  	MOV	EAX,DWORD [-1560+EBP]
   437 0000045A 6A 2B                           	PUSH	43
   438 0000045C 83 C0 07                        	ADD	EAX,7
   439 0000045F 50                              	PUSH	EAX
   440 00000460 6A 1C                           	PUSH	28
   441 00000462 FF B5 FFFFF9E8                  	PUSH	DWORD [-1560+EBP]
   442 00000468 FF B5 FFFFF9E4                  	PUSH	DWORD [-1564+EBP]
   443 0000046E FF 72 04                        	PUSH	DWORD [4+EDX]
   444 00000471 FF 32                           	PUSH	DWORD [EDX]
   445 00000473 E8 [00000000]                   	CALL	_boxfill8
   446 00000478 8B 85 FFFFF9E8                  	MOV	EAX,DWORD [-1560+EBP]
   447 0000047E 83 C4 24                        	ADD	ESP,36
   448 00000481 83 C0 08                        	ADD	EAX,8
   449 00000484 6A 2C                           	PUSH	44
   450 00000486 50                              	PUSH	EAX
   451 00000487 6A 1C                           	PUSH	28
   452 00000489 FF B5 FFFFF9E8                  	PUSH	DWORD [-1560+EBP]
   453 0000048F FF B5 FFFFF9F0                  	PUSH	DWORD [-1552+EBP]
   454 00000495 E8 [00000000]                   	CALL	_sheet_refresh
   455 0000049A 83 C4 14                        	ADD	ESP,20
   456 0000049D E9 FFFFFF1F                     	JMP	L2
   457 000004A2                                 L28:
   458 000004A2 6A 01                           	PUSH	1
   459 000004A4 56                              	PUSH	ESI
   460 000004A5 FF B5 FFFFF9EC                  	PUSH	DWORD [-1556+EBP]
   461 000004AB E8 [00000000]                   	CALL	_timer_init
   462 000004B0 C7 85 FFFFF9E4 00000007         	MOV	DWORD [-1564+EBP],7
   463 000004BA E9 FFFFFF7F                     	JMP	L32
   464 000004BF                                 L37:
   465 000004BF 6A 06                           	PUSH	6
   466 000004C1 68 [00000081]                   	PUSH	LC7
   467 000004C6 6A 0E                           	PUSH	14
   468 000004C8 6A 07                           	PUSH	7
   469 000004CA 6A 50                           	PUSH	80
   470 000004CC                                 L30:
   471 000004CC 6A 00                           	PUSH	0
   472 000004CE FF B5 FFFFF9F8                  	PUSH	DWORD [-1544+EBP]
   473 000004D4 E8 000003D1                     	CALL	_putfonts8_asc_sht
   474 000004D9 83 C4 1C                        	ADD	ESP,28
   475 000004DC E9 FFFFFEE0                     	JMP	L2
   476 000004E1                                 L36:
   477 000004E1 6A 07                           	PUSH	7
   478 000004E3 68 [00000088]                   	PUSH	LC6
   479 000004E8 6A 0E                           	PUSH	14
   480 000004EA 6A 07                           	PUSH	7
   481 000004EC 6A 40                           	PUSH	64
   482 000004EE EB DC                           	JMP	L30
   483 000004F0                                 L35:
   484 000004F0 0F B6 C3                        	MOVZX	EAX,BL
   485 000004F3 50                              	PUSH	EAX
   486 000004F4 8D 85 FFFFFE04                  	LEA	EAX,DWORD [-508+EBP]
   487 000004FA 50                              	PUSH	EAX
   488 000004FB E8 [00000000]                   	CALL	_mouse_decode
   489 00000500 5A                              	POP	EDX
   490 00000501 59                              	POP	ECX
   491 00000502 85 C0                           	TEST	EAX,EAX
   492 00000504 0F 84 FFFFFEB7                  	JE	L2
   493 0000050A FF B5 FFFFFE0C                  	PUSH	DWORD [-500+EBP]
   494 00000510 FF B5 FFFFFE08                  	PUSH	DWORD [-504+EBP]
   495 00000516 68 [00000090]                   	PUSH	LC5
   496 0000051B 8D 5D C4                        	LEA	EBX,DWORD [-60+EBP]
   497 0000051E 53                              	PUSH	EBX
   498 0000051F E8 [00000000]                   	CALL	_sprintf
   499 00000524 83 C4 10                        	ADD	ESP,16
   500 00000527 8B 85 FFFFFE10                  	MOV	EAX,DWORD [-496+EBP]
   501 0000052D A9 00000001                     	TEST	EAX,1
   502 00000532 74 04                           	JE	L14
   503 00000534 C6 45 C5 4C                     	MOV	BYTE [-59+EBP],76
   504 00000538                                 L14:
   505 00000538 A9 00000002                     	TEST	EAX,2
   506 0000053D 74 04                           	JE	L15
   507 0000053F C6 45 C7 52                     	MOV	BYTE [-57+EBP],82
   508 00000543                                 L15:
   509 00000543 83 E0 04                        	AND	EAX,4
   510 00000546 74 04                           	JE	L16
   511 00000548 C6 45 C6 43                     	MOV	BYTE [-58+EBP],67
   512 0000054C                                 L16:
   513 0000054C 6A 0F                           	PUSH	15
   514 0000054E 53                              	PUSH	EBX
   515 0000054F 6A 0E                           	PUSH	14
   516 00000551 6A 07                           	PUSH	7
   517 00000553 6A 10                           	PUSH	16
   518 00000555 6A 20                           	PUSH	32
   519 00000557 FF B5 FFFFF9F8                  	PUSH	DWORD [-1544+EBP]
   520 0000055D E8 00000348                     	CALL	_putfonts8_asc_sht
   521 00000562 8B 85 FFFFFE08                  	MOV	EAX,DWORD [-504+EBP]
   522 00000568 03 BD FFFFFE0C                  	ADD	EDI,DWORD [-500+EBP]
   523 0000056E 83 C4 1C                        	ADD	ESP,28
   524 00000571 01 85 FFFFFA00                  	ADD	DWORD [-1536+EBP],EAX
   525 00000577 0F 88 000000A1                  	JS	L38
   526 0000057D                                 L17:
   527 0000057D 85 FF                           	TEST	EDI,EDI
   528 0000057F 0F 88 00000092                  	JS	L39
   529 00000585                                 L18:
   530 00000585 0F BF 05 00000FF4               	MOVSX	EAX,WORD [4084]
   531 0000058C 48                              	DEC	EAX
   532 0000058D 39 85 FFFFFA00                  	CMP	DWORD [-1536+EBP],EAX
   533 00000593 7E 06                           	JLE	L19
   534 00000595 89 85 FFFFFA00                  	MOV	DWORD [-1536+EBP],EAX
   535 0000059B                                 L19:
   536 0000059B 0F BF 05 00000FF6               	MOVSX	EAX,WORD [4086]
   537 000005A2 48                              	DEC	EAX
   538 000005A3 39 C7                           	CMP	EDI,EAX
   539 000005A5 7E 02                           	JLE	L20
   540 000005A7 89 C7                           	MOV	EDI,EAX
   541 000005A9                                 L20:
   542 000005A9 57                              	PUSH	EDI
   543 000005AA FF B5 FFFFFA00                  	PUSH	DWORD [-1536+EBP]
   544 000005B0 68 [0000005C]                   	PUSH	LC1
   545 000005B5 53                              	PUSH	EBX
   546 000005B6 E8 [00000000]                   	CALL	_sprintf
   547 000005BB 6A 0A                           	PUSH	10
   548 000005BD 53                              	PUSH	EBX
   549 000005BE 6A 0E                           	PUSH	14
   550 000005C0 6A 07                           	PUSH	7
   551 000005C2 6A 00                           	PUSH	0
   552 000005C4 6A 00                           	PUSH	0
   553 000005C6 FF B5 FFFFF9F8                  	PUSH	DWORD [-1544+EBP]
   554 000005CC E8 000002D9                     	CALL	_putfonts8_asc_sht
   555 000005D1 83 C4 2C                        	ADD	ESP,44
   556 000005D4 57                              	PUSH	EDI
   557 000005D5 FF B5 FFFFFA00                  	PUSH	DWORD [-1536+EBP]
   558 000005DB FF B5 FFFFF9F4                  	PUSH	DWORD [-1548+EBP]
   559 000005E1 E8 [00000000]                   	CALL	_sheet_slide
   560 000005E6 83 C4 0C                        	ADD	ESP,12
   561 000005E9 F7 85 FFFFFE10 00000001         	TEST	DWORD [-496+EBP],1
   562 000005F3 0F 84 FFFFFDC8                  	JE	L2
   563 000005F9 8D 47 B0                        	LEA	EAX,DWORD [-80+EDI]
   564 000005FC 50                              	PUSH	EAX
   565 000005FD 8B 85 FFFFFA00                  	MOV	EAX,DWORD [-1536+EBP]
   566 00000603 83 E8 50                        	SUB	EAX,80
   567 00000606 50                              	PUSH	EAX
   568 00000607 FF B5 FFFFF9F0                  	PUSH	DWORD [-1552+EBP]
   569 0000060D E8 [00000000]                   	CALL	_sheet_slide
   570 00000612 E9 FFFFFDA7                     	JMP	L31
   571 00000617                                 L39:
   572 00000617 31 FF                           	XOR	EDI,EDI
   573 00000619 E9 FFFFFF67                     	JMP	L18
   574 0000061E                                 L38:
   575 0000061E C7 85 FFFFFA00 00000000         	MOV	DWORD [-1536+EBP],0
   576 00000628 E9 FFFFFF50                     	JMP	L17
   577 0000062D                                 L34:
   578 0000062D 50                              	PUSH	EAX
   579 0000062E 8D 75 C4                        	LEA	ESI,DWORD [-60+EBP]
   580 00000631 68 [0000009E]                   	PUSH	LC3
   581 00000636 56                              	PUSH	ESI
   582 00000637 E8 [00000000]                   	CALL	_sprintf
   583 0000063C 6A 02                           	PUSH	2
   584 0000063E 56                              	PUSH	ESI
   585 0000063F 6A 0E                           	PUSH	14
   586 00000641 6A 07                           	PUSH	7
   587 00000643 6A 10                           	PUSH	16
   588 00000645 6A 00                           	PUSH	0
   589 00000647 FF B5 FFFFF9F8                  	PUSH	DWORD [-1544+EBP]
   590 0000064D E8 00000258                     	CALL	_putfonts8_asc_sht
   591 00000652 83 C4 28                        	ADD	ESP,40
   592 00000655 81 FB 00000153                  	CMP	EBX,339
   593 0000065B 7F 41                           	JG	L8
   594 0000065D 8A 83 [FFFFFF00]                	MOV	AL,BYTE [_keytable.0-256+EBX]
   595 00000663 84 C0                           	TEST	AL,AL
   596 00000665 74 37                           	JE	L8
   597 00000667 81 BD FFFFF9E8 0000008F         	CMP	DWORD [-1560+EBP],143
   598 00000671 7F 2B                           	JG	L8
   599 00000673 6A 01                           	PUSH	1
   600 00000675 88 45 C4                        	MOV	BYTE [-60+EBP],AL
   601 00000678 56                              	PUSH	ESI
   602 00000679 6A 08                           	PUSH	8
   603 0000067B 6A 00                           	PUSH	0
   604 0000067D 6A 1C                           	PUSH	28
   605 0000067F FF B5 FFFFF9E8                  	PUSH	DWORD [-1560+EBP]
   606 00000685 FF B5 FFFFF9F0                  	PUSH	DWORD [-1552+EBP]
   607 0000068B C6 45 C5 00                     	MOV	BYTE [-59+EBP],0
   608 0000068F E8 00000216                     	CALL	_putfonts8_asc_sht
   609 00000694 83 C4 1C                        	ADD	ESP,28
   610 00000697 83 85 FFFFF9E8 08               	ADD	DWORD [-1560+EBP],8
   611 0000069E                                 L8:
   612 0000069E 81 FB 0000010E                  	CMP	EBX,270
   613 000006A4 74 4C                           	JE	L40
   614 000006A6                                 L10:
   615 000006A6 8B 85 FFFFF9E8                  	MOV	EAX,DWORD [-1560+EBP]
   616 000006AC 6A 2B                           	PUSH	43
   617 000006AE 83 C0 07                        	ADD	EAX,7
   618 000006B1 8B 9D FFFFF9F0                  	MOV	EBX,DWORD [-1552+EBP]
   619 000006B7 50                              	PUSH	EAX
   620 000006B8 6A 1C                           	PUSH	28
   621 000006BA FF B5 FFFFF9E8                  	PUSH	DWORD [-1560+EBP]
   622 000006C0 FF B5 FFFFF9E4                  	PUSH	DWORD [-1564+EBP]
   623 000006C6 FF 73 04                        	PUSH	DWORD [4+EBX]
   624 000006C9 FF 33                           	PUSH	DWORD [EBX]
   625 000006CB E8 [00000000]                   	CALL	_boxfill8
   626 000006D0 8B 85 FFFFF9E8                  	MOV	EAX,DWORD [-1560+EBP]
   627 000006D6 6A 2C                           	PUSH	44
   628 000006D8 83 C0 08                        	ADD	EAX,8
   629 000006DB 50                              	PUSH	EAX
   630 000006DC 6A 1C                           	PUSH	28
   631 000006DE FF B5 FFFFF9E8                  	PUSH	DWORD [-1560+EBP]
   632 000006E4 53                              	PUSH	EBX
   633 000006E5 E8 [00000000]                   	CALL	_sheet_refresh
   634 000006EA 83 C4 30                        	ADD	ESP,48
   635 000006ED E9 FFFFFCCF                     	JMP	L2
   636 000006F2                                 L40:
   637 000006F2 83 BD FFFFF9E8 08               	CMP	DWORD [-1560+EBP],8
   638 000006F9 7E AB                           	JLE	L10
   639 000006FB 6A 01                           	PUSH	1
   640 000006FD 68 [000000A3]                   	PUSH	LC4
   641 00000702 6A 07                           	PUSH	7
   642 00000704 6A 00                           	PUSH	0
   643 00000706 6A 1C                           	PUSH	28
   644 00000708 FF B5 FFFFF9E8                  	PUSH	DWORD [-1560+EBP]
   645 0000070E FF B5 FFFFF9F0                  	PUSH	DWORD [-1552+EBP]
   646 00000714 E8 00000191                     	CALL	_putfonts8_asc_sht
   647 00000719 83 C4 1C                        	ADD	ESP,28
   648 0000071C 83 AD FFFFF9E8 08               	SUB	DWORD [-1560+EBP],8
   649 00000723 E9 FFFFFF7E                     	JMP	L10
   650 00000728                                 L33:
   651 00000728 FF B5 FFFFF9E0                  	PUSH	DWORD [-1568+EBP]
   652 0000072E E8 [00000000]                   	CALL	_task_sleep
   653 00000733 E8 [00000000]                   	CALL	_io_sti
   654 00000738 59                              	POP	ECX
   655 00000739 E9 FFFFFC83                     	JMP	L2
   656                                          [SECTION .data]
   657 000000A5                                 _closebtn.1:
   658 000000A5 4F 4F 4F 4F 4F 4F 4F 4F 4F 4F   	DB	"OOOOOOOOOOOOOOO@"
       000000AF 4F 4F 4F 4F 4F 40 
   659 000000B5 4F 51 51 51 51 51 51 51 51 51   	DB	"OQQQQQQQQQQQQQ$@"
       000000BF 51 51 51 51 24 40 
   660 000000C5 4F 51 51 51 51 51 51 51 51 51   	DB	"OQQQQQQQQQQQQQ$@"
       000000CF 51 51 51 51 24 40 
   661 000000D5 4F 51 51 51 40 40 51 51 51 51   	DB	"OQQQ@@QQQQ@@QQ$@"
       000000DF 40 40 51 51 24 40 
   662 000000E5 4F 51 51 51 51 40 40 51 51 40   	DB	"OQQQQ@@QQ@@QQQ$@"
       000000EF 40 51 51 51 24 40 
   663 000000F5 4F 51 51 51 51 51 40 40 40 40   	DB	"OQQQQQ@@@@QQQQ$@"
       000000FF 51 51 51 51 24 40 
   664 00000105 4F 51 51 51 51 51 51 40 40 51   	DB	"OQQQQQQ@@QQQQQ$@"
       0000010F 51 51 51 51 24 40 
   665 00000115 4F 51 51 51 51 51 40 40 40 40   	DB	"OQQQQQ@@@@QQQQ$@"
       0000011F 51 51 51 51 24 40 
   666 00000125 4F 51 51 51 51 40 40 51 51 40   	DB	"OQQQQ@@QQ@@QQQ$@"
       0000012F 40 51 51 51 24 40 
   667 00000135 4F 51 51 51 40 40 51 51 51 51   	DB	"OQQQ@@QQQQ@@QQ$@"
       0000013F 40 40 51 51 24 40 
   668 00000145 4F 51 51 51 51 51 51 51 51 51   	DB	"OQQQQQQQQQQQQQ$@"
       0000014F 51 51 51 51 24 40 
   669 00000155 4F 51 51 51 51 51 51 51 51 51   	DB	"OQQQQQQQQQQQQQ$@"
       0000015F 51 51 51 51 24 40 
   670 00000165 4F 24 24 24 24 24 24 24 24 24   	DB	"O$$$$$$$$$$$$$$@"
       0000016F 24 24 24 24 24 40 
   671 00000175 40 40 40 40 40 40 40 40 40 40   	DB	"@@@@@@@@@@@@@@@@"
       0000017F 40 40 40 40 40 40 
   672                                          [SECTION .text]
   673 0000073E                                 	GLOBAL	_make_window8
   674 0000073E                                 _make_window8:
   675 0000073E 55                              	PUSH	EBP
   676 0000073F 89 E5                           	MOV	EBP,ESP
   677 00000741 57                              	PUSH	EDI
   678 00000742 56                              	PUSH	ESI
   679 00000743 53                              	PUSH	EBX
   680 00000744 83 EC 14                        	SUB	ESP,20
   681 00000747 8B 5D 0C                        	MOV	EBX,DWORD [12+EBP]
   682 0000074A 6A 00                           	PUSH	0
   683 0000074C 8D 43 FF                        	LEA	EAX,DWORD [-1+EBX]
   684 0000074F 8D 7B FE                        	LEA	EDI,DWORD [-2+EBX]
   685 00000752 50                              	PUSH	EAX
   686 00000753 89 45 EC                        	MOV	DWORD [-20+EBP],EAX
   687 00000756 6A 00                           	PUSH	0
   688 00000758 6A 00                           	PUSH	0
   689 0000075A 6A 08                           	PUSH	8
   690 0000075C 53                              	PUSH	EBX
   691 0000075D FF 75 08                        	PUSH	DWORD [8+EBP]
   692 00000760 E8 [00000000]                   	CALL	_boxfill8
   693 00000765 6A 01                           	PUSH	1
   694 00000767 57                              	PUSH	EDI
   695 00000768 6A 01                           	PUSH	1
   696 0000076A 6A 01                           	PUSH	1
   697 0000076C 6A 07                           	PUSH	7
   698 0000076E 53                              	PUSH	EBX
   699 0000076F FF 75 08                        	PUSH	DWORD [8+EBP]
   700 00000772 E8 [00000000]                   	CALL	_boxfill8
   701 00000777 8B 55 10                        	MOV	EDX,DWORD [16+EBP]
   702 0000077A 83 C4 38                        	ADD	ESP,56
   703 0000077D 4A                              	DEC	EDX
   704 0000077E 89 55 E8                        	MOV	DWORD [-24+EBP],EDX
   705 00000781 52                              	PUSH	EDX
   706 00000782 6A 00                           	PUSH	0
   707 00000784 6A 00                           	PUSH	0
   708 00000786 6A 00                           	PUSH	0
   709 00000788 6A 08                           	PUSH	8
   710 0000078A 53                              	PUSH	EBX
   711 0000078B FF 75 08                        	PUSH	DWORD [8+EBP]
   712 0000078E E8 [00000000]                   	CALL	_boxfill8
   713 00000793 8B 75 10                        	MOV	ESI,DWORD [16+EBP]
   714 00000796 83 EE 02                        	SUB	ESI,2
   715 00000799 56                              	PUSH	ESI
   716 0000079A 6A 01                           	PUSH	1
   717 0000079C 6A 01                           	PUSH	1
   718 0000079E 6A 01                           	PUSH	1
   719 000007A0 6A 07                           	PUSH	7
   720 000007A2 53                              	PUSH	EBX
   721 000007A3 FF 75 08                        	PUSH	DWORD [8+EBP]
   722 000007A6 E8 [00000000]                   	CALL	_boxfill8
   723 000007AB 83 C4 38                        	ADD	ESP,56
   724 000007AE 56                              	PUSH	ESI
   725 000007AF 57                              	PUSH	EDI
   726 000007B0 6A 01                           	PUSH	1
   727 000007B2 57                              	PUSH	EDI
   728 000007B3 6A 0F                           	PUSH	15
   729 000007B5 53                              	PUSH	EBX
   730 000007B6 FF 75 08                        	PUSH	DWORD [8+EBP]
   731 000007B9 E8 [00000000]                   	CALL	_boxfill8
   732 000007BE FF 75 E8                        	PUSH	DWORD [-24+EBP]
   733 000007C1 FF 75 EC                        	PUSH	DWORD [-20+EBP]
   734 000007C4 6A 00                           	PUSH	0
   735 000007C6 FF 75 EC                        	PUSH	DWORD [-20+EBP]
   736 000007C9 6A 00                           	PUSH	0
   737 000007CB 53                              	PUSH	EBX
   738 000007CC FF 75 08                        	PUSH	DWORD [8+EBP]
   739 000007CF E8 [00000000]                   	CALL	_boxfill8
   740 000007D4 8B 45 10                        	MOV	EAX,DWORD [16+EBP]
   741 000007D7 83 C4 38                        	ADD	ESP,56
   742 000007DA 83 E8 03                        	SUB	EAX,3
   743 000007DD 50                              	PUSH	EAX
   744 000007DE 8D 43 FD                        	LEA	EAX,DWORD [-3+EBX]
   745 000007E1 50                              	PUSH	EAX
   746 000007E2 6A 02                           	PUSH	2
   747 000007E4 6A 02                           	PUSH	2
   748 000007E6 6A 08                           	PUSH	8
   749 000007E8 53                              	PUSH	EBX
   750 000007E9 FF 75 08                        	PUSH	DWORD [8+EBP]
   751 000007EC E8 [00000000]                   	CALL	_boxfill8
   752 000007F1 8D 43 FC                        	LEA	EAX,DWORD [-4+EBX]
   753 000007F4 6A 14                           	PUSH	20
   754 000007F6 50                              	PUSH	EAX
   755 000007F7 6A 03                           	PUSH	3
   756 000007F9 6A 03                           	PUSH	3
   757 000007FB 6A 0C                           	PUSH	12
   758 000007FD 53                              	PUSH	EBX
   759 000007FE FF 75 08                        	PUSH	DWORD [8+EBP]
   760 00000801 E8 [00000000]                   	CALL	_boxfill8
   761 00000806 83 C4 38                        	ADD	ESP,56
   762 00000809 56                              	PUSH	ESI
   763 0000080A 57                              	PUSH	EDI
   764 0000080B 56                              	PUSH	ESI
   765 0000080C 6A 01                           	PUSH	1
   766 0000080E 6A 0F                           	PUSH	15
   767 00000810 53                              	PUSH	EBX
   768 00000811 FF 75 08                        	PUSH	DWORD [8+EBP]
   769 00000814 E8 [00000000]                   	CALL	_boxfill8
   770 00000819 FF 75 E8                        	PUSH	DWORD [-24+EBP]
   771 0000081C FF 75 EC                        	PUSH	DWORD [-20+EBP]
   772 0000081F FF 75 E8                        	PUSH	DWORD [-24+EBP]
   773 00000822 6A 00                           	PUSH	0
   774 00000824 6A 00                           	PUSH	0
   775 00000826 6B F3 05                        	IMUL	ESI,EBX,5
   776 00000829 53                              	PUSH	EBX
   777 0000082A FF 75 08                        	PUSH	DWORD [8+EBP]
   778 0000082D E8 [00000000]                   	CALL	_boxfill8
   779 00000832 83 C4 38                        	ADD	ESP,56
   780 00000835 FF 75 14                        	PUSH	DWORD [20+EBP]
   781 00000838 6A 07                           	PUSH	7
   782 0000083A 6A 04                           	PUSH	4
   783 0000083C 6A 18                           	PUSH	24
   784 0000083E 53                              	PUSH	EBX
   785 0000083F FF 75 08                        	PUSH	DWORD [8+EBP]
   786 00000842 E8 [00000000]                   	CALL	_putfonts8_asc
   787 00000847 83 C4 18                        	ADD	ESP,24
   788 0000084A C7 45 F0 00000000               	MOV	DWORD [-16+EBP],0
   789 00000851 C7 45 E0 00000000               	MOV	DWORD [-32+EBP],0
   790 00000858                                 L57:
   791 00000858 8D 04 1E                        	LEA	EAX,DWORD [ESI+EBX*1]
   792 0000085B 8B 55 08                        	MOV	EDX,DWORD [8+EBP]
   793 0000085E 31 FF                           	XOR	EDI,EDI
   794 00000860 8D 4C 02 EB                     	LEA	ECX,DWORD [-21+EDX+EAX*1]
   795 00000864                                 L56:
   796 00000864 8B 45 E0                        	MOV	EAX,DWORD [-32+EBP]
   797 00000867 8A 94 07 [000000A5]             	MOV	DL,BYTE [_closebtn.1+EDI+EAX*1]
   798 0000086E 80 FA 40                        	CMP	DL,64
   799 00000871 74 33                           	JE	L62
   800 00000873 80 FA 24                        	CMP	DL,36
   801 00000876 74 2A                           	JE	L63
   802 00000878 80 FA 51                        	CMP	DL,81
   803 0000087B B2 08                           	MOV	DL,8
   804 0000087D 0F 95 C0                        	SETNE	AL
   805 00000880 28 C2                           	SUB	DL,AL
   806 00000882                                 L51:
   807 00000882 47                              	INC	EDI
   808 00000883 88 11                           	MOV	BYTE [ECX],DL
   809 00000885 41                              	INC	ECX
   810 00000886 83 FF 0F                        	CMP	EDI,15
   811 00000889 7E D9                           	JLE	L56
   812 0000088B FF 45 F0                        	INC	DWORD [-16+EBP]
   813 0000088E 01 DE                           	ADD	ESI,EBX
   814 00000890 83 45 E0 10                     	ADD	DWORD [-32+EBP],16
   815 00000894 83 7D F0 0D                     	CMP	DWORD [-16+EBP],13
   816 00000898 7E BE                           	JLE	L57
   817 0000089A 8D 65 F4                        	LEA	ESP,DWORD [-12+EBP]
   818 0000089D 5B                              	POP	EBX
   819 0000089E 5E                              	POP	ESI
   820 0000089F 5F                              	POP	EDI
   821 000008A0 5D                              	POP	EBP
   822 000008A1 C3                              	RET
   823 000008A2                                 L63:
   824 000008A2 B2 0F                           	MOV	DL,15
   825 000008A4 EB DC                           	JMP	L51
   826 000008A6                                 L62:
   827 000008A6 31 D2                           	XOR	EDX,EDX
   828 000008A8 EB D8                           	JMP	L51
   829 000008AA                                 	GLOBAL	_putfonts8_asc_sht
   830 000008AA                                 _putfonts8_asc_sht:
   831 000008AA 55                              	PUSH	EBP
   832 000008AB 89 E5                           	MOV	EBP,ESP
   833 000008AD 57                              	PUSH	EDI
   834 000008AE 56                              	PUSH	ESI
   835 000008AF 53                              	PUSH	EBX
   836 000008B0 83 EC 0C                        	SUB	ESP,12
   837 000008B3 8B 45 08                        	MOV	EAX,DWORD [8+EBP]
   838 000008B6 8B 7D 10                        	MOV	EDI,DWORD [16+EBP]
   839 000008B9 89 45 F0                        	MOV	DWORD [-16+EBP],EAX
   840 000008BC 8B 5D 14                        	MOV	EBX,DWORD [20+EBP]
   841 000008BF 8B 45 0C                        	MOV	EAX,DWORD [12+EBP]
   842 000008C2 89 45 EC                        	MOV	DWORD [-20+EBP],EAX
   843 000008C5 8B 45 1C                        	MOV	EAX,DWORD [28+EBP]
   844 000008C8 89 45 E8                        	MOV	DWORD [-24+EBP],EAX
   845 000008CB 8D 47 0F                        	LEA	EAX,DWORD [15+EDI]
   846 000008CE 50                              	PUSH	EAX
   847 000008CF 8B 45 EC                        	MOV	EAX,DWORD [-20+EBP]
   848 000008D2 8B 75 20                        	MOV	ESI,DWORD [32+EBP]
   849 000008D5 0F BE DB                        	MOVSX	EBX,BL
   850 000008D8 8D 34 F0                        	LEA	ESI,DWORD [EAX+ESI*8]
   851 000008DB 8D 46 FF                        	LEA	EAX,DWORD [-1+ESI]
   852 000008DE 50                              	PUSH	EAX
   853 000008DF 57                              	PUSH	EDI
   854 000008E0 FF 75 EC                        	PUSH	DWORD [-20+EBP]
   855 000008E3 0F B6 45 18                     	MOVZX	EAX,BYTE [24+EBP]
   856 000008E7 50                              	PUSH	EAX
   857 000008E8 8B 45 F0                        	MOV	EAX,DWORD [-16+EBP]
   858 000008EB FF 70 04                        	PUSH	DWORD [4+EAX]
   859 000008EE FF 30                           	PUSH	DWORD [EAX]
   860 000008F0 E8 [00000000]                   	CALL	_boxfill8
   861 000008F5 FF 75 E8                        	PUSH	DWORD [-24+EBP]
   862 000008F8 53                              	PUSH	EBX
   863 000008F9 57                              	PUSH	EDI
   864 000008FA FF 75 EC                        	PUSH	DWORD [-20+EBP]
   865 000008FD 8B 45 F0                        	MOV	EAX,DWORD [-16+EBP]
   866 00000900 FF 70 04                        	PUSH	DWORD [4+EAX]
   867 00000903 FF 30                           	PUSH	DWORD [EAX]
   868 00000905 E8 [00000000]                   	CALL	_putfonts8_asc
   869 0000090A 89 7D 10                        	MOV	DWORD [16+EBP],EDI
   870 0000090D 8D 47 10                        	LEA	EAX,DWORD [16+EDI]
   871 00000910 89 75 14                        	MOV	DWORD [20+EBP],ESI
   872 00000913 89 45 18                        	MOV	DWORD [24+EBP],EAX
   873 00000916 83 C4 34                        	ADD	ESP,52
   874 00000919 8B 45 EC                        	MOV	EAX,DWORD [-20+EBP]
   875 0000091C 89 45 0C                        	MOV	DWORD [12+EBP],EAX
   876 0000091F 8B 45 F0                        	MOV	EAX,DWORD [-16+EBP]
   877 00000922 89 45 08                        	MOV	DWORD [8+EBP],EAX
   878 00000925 8D 65 F4                        	LEA	ESP,DWORD [-12+EBP]
   879 00000928 5B                              	POP	EBX
   880 00000929 5E                              	POP	ESI
   881 0000092A 5F                              	POP	EDI
   882 0000092B 5D                              	POP	EBP
   883 0000092C E9 [00000000]                   	JMP	_sheet_refresh
   884 00000931                                 	GLOBAL	_make_textbox8
   885 00000931                                 _make_textbox8:
   886 00000931 55                              	PUSH	EBP
   887 00000932 89 E5                           	MOV	EBP,ESP
   888 00000934 57                              	PUSH	EDI
   889 00000935 56                              	PUSH	ESI
   890 00000936 53                              	PUSH	EBX
   891 00000937 83 EC 14                        	SUB	ESP,20
   892 0000093A 8B 45 0C                        	MOV	EAX,DWORD [12+EBP]
   893 0000093D 8B 75 10                        	MOV	ESI,DWORD [16+EBP]
   894 00000940 03 45 14                        	ADD	EAX,DWORD [20+EBP]
   895 00000943 83 EE 03                        	SUB	ESI,3
   896 00000946 56                              	PUSH	ESI
   897 00000947 89 45 F0                        	MOV	DWORD [-16+EBP],EAX
   898 0000094A 8B 45 10                        	MOV	EAX,DWORD [16+EBP]
   899 0000094D 03 45 18                        	ADD	EAX,DWORD [24+EBP]
   900 00000950 89 45 EC                        	MOV	DWORD [-20+EBP],EAX
   901 00000953 8B 45 F0                        	MOV	EAX,DWORD [-16+EBP]
   902 00000956 40                              	INC	EAX
   903 00000957 50                              	PUSH	EAX
   904 00000958 89 45 E8                        	MOV	DWORD [-24+EBP],EAX
   905 0000095B 8B 45 0C                        	MOV	EAX,DWORD [12+EBP]
   906 0000095E 56                              	PUSH	ESI
   907 0000095F 83 E8 02                        	SUB	EAX,2
   908 00000962 50                              	PUSH	EAX
   909 00000963 89 45 E4                        	MOV	DWORD [-28+EBP],EAX
   910 00000966 8B 45 08                        	MOV	EAX,DWORD [8+EBP]
   911 00000969 6A 0F                           	PUSH	15
   912 0000096B FF 70 04                        	PUSH	DWORD [4+EAX]
   913 0000096E FF 30                           	PUSH	DWORD [EAX]
   914 00000970 E8 [00000000]                   	CALL	_boxfill8
   915 00000975 8B 7D 0C                        	MOV	EDI,DWORD [12+EBP]
   916 00000978 8B 45 EC                        	MOV	EAX,DWORD [-20+EBP]
   917 0000097B 83 EF 03                        	SUB	EDI,3
   918 0000097E 40                              	INC	EAX
   919 0000097F 50                              	PUSH	EAX
   920 00000980 89 45 E0                        	MOV	DWORD [-32+EBP],EAX
   921 00000983 57                              	PUSH	EDI
   922 00000984 8B 45 08                        	MOV	EAX,DWORD [8+EBP]
   923 00000987 56                              	PUSH	ESI
   924 00000988 57                              	PUSH	EDI
   925 00000989 6A 0F                           	PUSH	15
   926 0000098B FF 70 04                        	PUSH	DWORD [4+EAX]
   927 0000098E FF 30                           	PUSH	DWORD [EAX]
   928 00000990 E8 [00000000]                   	CALL	_boxfill8
   929 00000995 8B 45 08                        	MOV	EAX,DWORD [8+EBP]
   930 00000998 83 C4 38                        	ADD	ESP,56
   931 0000099B 8B 5D EC                        	MOV	EBX,DWORD [-20+EBP]
   932 0000099E 83 C3 02                        	ADD	EBX,2
   933 000009A1 53                              	PUSH	EBX
   934 000009A2 FF 75 E8                        	PUSH	DWORD [-24+EBP]
   935 000009A5 53                              	PUSH	EBX
   936 000009A6 57                              	PUSH	EDI
   937 000009A7 6A 07                           	PUSH	7
   938 000009A9 FF 70 04                        	PUSH	DWORD [4+EAX]
   939 000009AC FF 30                           	PUSH	DWORD [EAX]
   940 000009AE E8 [00000000]                   	CALL	_boxfill8
   941 000009B3 8B 45 F0                        	MOV	EAX,DWORD [-16+EBP]
   942 000009B6 53                              	PUSH	EBX
   943 000009B7 83 C0 02                        	ADD	EAX,2
   944 000009BA 50                              	PUSH	EAX
   945 000009BB 56                              	PUSH	ESI
   946 000009BC 50                              	PUSH	EAX
   947 000009BD 8B 45 08                        	MOV	EAX,DWORD [8+EBP]
   948 000009C0 6A 07                           	PUSH	7
   949 000009C2 FF 70 04                        	PUSH	DWORD [4+EAX]
   950 000009C5 FF 30                           	PUSH	DWORD [EAX]
   951 000009C7 E8 [00000000]                   	CALL	_boxfill8
   952 000009CC 8B 45 08                        	MOV	EAX,DWORD [8+EBP]
   953 000009CF 83 C4 38                        	ADD	ESP,56
   954 000009D2 8B 5D 10                        	MOV	EBX,DWORD [16+EBP]
   955 000009D5 83 EB 02                        	SUB	EBX,2
   956 000009D8 8B 7D 0C                        	MOV	EDI,DWORD [12+EBP]
   957 000009DB 53                              	PUSH	EBX
   958 000009DC 4F                              	DEC	EDI
   959 000009DD FF 75 F0                        	PUSH	DWORD [-16+EBP]
   960 000009E0 53                              	PUSH	EBX
   961 000009E1 57                              	PUSH	EDI
   962 000009E2 6A 00                           	PUSH	0
   963 000009E4 FF 70 04                        	PUSH	DWORD [4+EAX]
   964 000009E7 FF 30                           	PUSH	DWORD [EAX]
   965 000009E9 E8 [00000000]                   	CALL	_boxfill8
   966 000009EE 8B 45 08                        	MOV	EAX,DWORD [8+EBP]
   967 000009F1 FF 75 EC                        	PUSH	DWORD [-20+EBP]
   968 000009F4 FF 75 E4                        	PUSH	DWORD [-28+EBP]
   969 000009F7 53                              	PUSH	EBX
   970 000009F8 FF 75 E4                        	PUSH	DWORD [-28+EBP]
   971 000009FB 6A 00                           	PUSH	0
   972 000009FD FF 70 04                        	PUSH	DWORD [4+EAX]
   973 00000A00 FF 30                           	PUSH	DWORD [EAX]
   974 00000A02 E8 [00000000]                   	CALL	_boxfill8
   975 00000A07 8B 45 08                        	MOV	EAX,DWORD [8+EBP]
   976 00000A0A 83 C4 38                        	ADD	ESP,56
   977 00000A0D FF 75 E0                        	PUSH	DWORD [-32+EBP]
   978 00000A10 FF 75 F0                        	PUSH	DWORD [-16+EBP]
   979 00000A13 FF 75 E0                        	PUSH	DWORD [-32+EBP]
   980 00000A16 FF 75 E4                        	PUSH	DWORD [-28+EBP]
   981 00000A19 6A 08                           	PUSH	8
   982 00000A1B FF 70 04                        	PUSH	DWORD [4+EAX]
   983 00000A1E FF 30                           	PUSH	DWORD [EAX]
   984 00000A20 E8 [00000000]                   	CALL	_boxfill8
   985 00000A25 8B 45 08                        	MOV	EAX,DWORD [8+EBP]
   986 00000A28 FF 75 E0                        	PUSH	DWORD [-32+EBP]
   987 00000A2B FF 75 E8                        	PUSH	DWORD [-24+EBP]
   988 00000A2E 53                              	PUSH	EBX
   989 00000A2F FF 75 E8                        	PUSH	DWORD [-24+EBP]
   990 00000A32 6A 08                           	PUSH	8
   991 00000A34 FF 70 04                        	PUSH	DWORD [4+EAX]
   992 00000A37 FF 30                           	PUSH	DWORD [EAX]
   993 00000A39 E8 [00000000]                   	CALL	_boxfill8
   994 00000A3E 8B 45 10                        	MOV	EAX,DWORD [16+EBP]
   995 00000A41 83 C4 38                        	ADD	ESP,56
   996 00000A44 48                              	DEC	EAX
   997 00000A45 FF 75 EC                        	PUSH	DWORD [-20+EBP]
   998 00000A48 FF 75 F0                        	PUSH	DWORD [-16+EBP]
   999 00000A4B 50                              	PUSH	EAX
  1000 00000A4C 57                              	PUSH	EDI
  1001 00000A4D 0F B6 45 1C                     	MOVZX	EAX,BYTE [28+EBP]
  1002 00000A51 50                              	PUSH	EAX
  1003 00000A52 8B 45 08                        	MOV	EAX,DWORD [8+EBP]
  1004 00000A55 FF 70 04                        	PUSH	DWORD [4+EAX]
  1005 00000A58 FF 30                           	PUSH	DWORD [EAX]
  1006 00000A5A E8 [00000000]                   	CALL	_boxfill8
  1007 00000A5F 8D 65 F4                        	LEA	ESP,DWORD [-12+EBP]
  1008 00000A62 5B                              	POP	EBX
  1009 00000A63 5E                              	POP	ESI
  1010 00000A64 5F                              	POP	EDI
  1011 00000A65 5D                              	POP	EBP
  1012 00000A66 C3                              	RET
  1013                                          [SECTION .data]
  1014 00000185                                 LC8:
  1015 00000185 25 31 31 64 00                  	DB	"%11d",0x00
  1016                                          [SECTION .text]
  1017 00000A67                                 	GLOBAL	_task_b_main
  1018 00000A67                                 _task_b_main:
  1019 00000A67 55                              	PUSH	EBP
  1020 00000A68 89 E5                           	MOV	EBP,ESP
  1021 00000A6A 57                              	PUSH	EDI
  1022 00000A6B 56                              	PUSH	ESI
  1023 00000A6C 53                              	PUSH	EBX
  1024 00000A6D 8D 85 FFFFFDD4                  	LEA	EAX,DWORD [-556+EBP]
  1025 00000A73 81 EC 00000238                  	SUB	ESP,568
  1026 00000A79 8D 5D D4                        	LEA	EBX,DWORD [-44+EBP]
  1027 00000A7C C7 85 FFFFFDC0 00000000         	MOV	DWORD [-576+EBP],0
  1028 00000A86 6A 00                           	PUSH	0
  1029 00000A88 50                              	PUSH	EAX
  1030 00000A89 68 00000080                     	PUSH	128
  1031 00000A8E 53                              	PUSH	EBX
  1032 00000A8F C7 85 FFFFFDBC 00000000         	MOV	DWORD [-580+EBP],0
  1033 00000A99 E8 [00000000]                   	CALL	_fifo32_init
  1034 00000A9E E8 [00000000]                   	CALL	_timer_alloc
  1035 00000AA3 6A 01                           	PUSH	1
  1036 00000AA5 53                              	PUSH	EBX
  1037 00000AA6 89 C7                           	MOV	EDI,EAX
  1038 00000AA8 50                              	PUSH	EAX
  1039 00000AA9 E8 [00000000]                   	CALL	_timer_init
  1040 00000AAE 6A 01                           	PUSH	1
  1041 00000AB0 57                              	PUSH	EDI
  1042 00000AB1 E8 [00000000]                   	CALL	_timer_settime
  1043 00000AB6 83 C4 24                        	ADD	ESP,36
  1044 00000AB9 E8 [00000000]                   	CALL	_timer_alloc
  1045 00000ABE 6A 64                           	PUSH	100
  1046 00000AC0 89 C6                           	MOV	ESI,EAX
  1047 00000AC2 53                              	PUSH	EBX
  1048 00000AC3 50                              	PUSH	EAX
  1049 00000AC4 E8 [00000000]                   	CALL	_timer_init
  1050 00000AC9 6A 64                           	PUSH	100
  1051 00000ACB 56                              	PUSH	ESI
  1052 00000ACC E8 [00000000]                   	CALL	_timer_settime
  1053 00000AD1 83 C4 14                        	ADD	ESP,20
  1054 00000AD4                                 L67:
  1055 00000AD4 8D 5D D4                        	LEA	EBX,DWORD [-44+EBP]
  1056 00000AD7 FF 85 FFFFFDC0                  	INC	DWORD [-576+EBP]
  1057 00000ADD E8 [00000000]                   	CALL	_io_cli
  1058 00000AE2 53                              	PUSH	EBX
  1059 00000AE3 E8 [00000000]                   	CALL	_fifo32_status
  1060 00000AE8 5A                              	POP	EDX
  1061 00000AE9 85 C0                           	TEST	EAX,EAX
  1062 00000AEB 0F 84 0000009F                  	JE	L76
  1063 00000AF1 53                              	PUSH	EBX
  1064 00000AF2 E8 [00000000]                   	CALL	_fifo32_get
  1065 00000AF7 89 C3                           	MOV	EBX,EAX
  1066 00000AF9 E8 [00000000]                   	CALL	_io_sti
  1067 00000AFE 59                              	POP	ECX
  1068 00000AFF 83 FB 01                        	CMP	EBX,1
  1069 00000B02 74 57                           	JE	L77
  1070 00000B04 83 FB 64                        	CMP	EBX,100
  1071 00000B07 75 CB                           	JNE	L67
  1072 00000B09 8B 85 FFFFFDC0                  	MOV	EAX,DWORD [-576+EBP]
  1073 00000B0F 8D 9D FFFFFDC4                  	LEA	EBX,DWORD [-572+EBP]
  1074 00000B15 2B 85 FFFFFDBC                  	SUB	EAX,DWORD [-580+EBP]
  1075 00000B1B 50                              	PUSH	EAX
  1076 00000B1C 68 [00000185]                   	PUSH	LC8
  1077 00000B21 53                              	PUSH	EBX
  1078 00000B22 E8 [00000000]                   	CALL	_sprintf
  1079 00000B27 6A 0B                           	PUSH	11
  1080 00000B29 53                              	PUSH	EBX
  1081 00000B2A 6A 0E                           	PUSH	14
  1082 00000B2C 6A 07                           	PUSH	7
  1083 00000B2E 68 00000080                     	PUSH	128
  1084 00000B33 6A 00                           	PUSH	0
  1085 00000B35 FF 75 08                        	PUSH	DWORD [8+EBP]
  1086 00000B38 E8 FFFFFD6D                     	CALL	_putfonts8_asc_sht
  1087 00000B3D 83 C4 28                        	ADD	ESP,40
  1088 00000B40 8B 85 FFFFFDC0                  	MOV	EAX,DWORD [-576+EBP]
  1089 00000B46 6A 64                           	PUSH	100
  1090 00000B48 89 85 FFFFFDBC                  	MOV	DWORD [-580+EBP],EAX
  1091 00000B4E 56                              	PUSH	ESI
  1092 00000B4F                                 L75:
  1093 00000B4F E8 [00000000]                   	CALL	_timer_settime
  1094 00000B54 58                              	POP	EAX
  1095 00000B55 5A                              	POP	EDX
  1096 00000B56 E9 FFFFFF79                     	JMP	L67
  1097 00000B5B                                 L77:
  1098 00000B5B FF B5 FFFFFDC0                  	PUSH	DWORD [-576+EBP]
  1099 00000B61 68 [00000185]                   	PUSH	LC8
  1100 00000B66 8D 9D FFFFFDC4                  	LEA	EBX,DWORD [-572+EBP]
  1101 00000B6C 53                              	PUSH	EBX
  1102 00000B6D E8 [00000000]                   	CALL	_sprintf
  1103 00000B72 6A 0B                           	PUSH	11
  1104 00000B74 53                              	PUSH	EBX
  1105 00000B75 6A 0F                           	PUSH	15
  1106 00000B77 6A 07                           	PUSH	7
  1107 00000B79 68 00000090                     	PUSH	144
  1108 00000B7E 6A 00                           	PUSH	0
  1109 00000B80 FF 75 08                        	PUSH	DWORD [8+EBP]
  1110 00000B83 E8 FFFFFD22                     	CALL	_putfonts8_asc_sht
  1111 00000B88 83 C4 28                        	ADD	ESP,40
  1112 00000B8B 6A 01                           	PUSH	1
  1113 00000B8D 57                              	PUSH	EDI
  1114 00000B8E EB BF                           	JMP	L75
  1115 00000B90                                 L76:
  1116 00000B90 E8 [00000000]                   	CALL	_io_sti
  1117 00000B95 E9 FFFFFF3A                     	JMP	L67
