     1 00000000                                 [FORMAT "WCOFF"]
     2 00000000                                 [INSTRSET "i486p"]
     3 00000000                                 [OPTIMIZE 1]
     4 00000000                                 [OPTION 1]
     5 00000000                                 [BITS 32]
     6 00000000                                 	EXTERN	_init_gdtidt
     7 00000000                                 	EXTERN	_init_pic
     8 00000000                                 	EXTERN	_io_sti
     9 00000000                                 	EXTERN	_keyfifo
    10 00000000                                 	EXTERN	_fifo8_init
    11 00000000                                 	EXTERN	_mousefifo
    12 00000000                                 	EXTERN	_io_out8
    13 00000000                                 	EXTERN	_init_keyboard
    14 00000000                                 	EXTERN	_enable_mouse
    15 00000000                                 	EXTERN	_memtest
    16 00000000                                 	EXTERN	_memman_init
    17 00000000                                 	EXTERN	_memman_free
    18 00000000                                 	EXTERN	_init_palette
    19 00000000                                 	EXTERN	_shtctl_init
    20 00000000                                 	EXTERN	_sheet_alloc
    21 00000000                                 	EXTERN	_memman_alloc_4k
    22 00000000                                 	EXTERN	_sheet_setbuf
    23 00000000                                 	EXTERN	_init_screen8
    24 00000000                                 	EXTERN	_init_mouse_cursor8
    25 00000000                                 	EXTERN	_putfonts8_asc
    26 00000000                                 	EXTERN	_sheet_slide
    27 00000000                                 	EXTERN	_sheet_updown
    28 00000000                                 	EXTERN	_sprintf
    29 00000000                                 	EXTERN	_memman_total
    30 00000000                                 	EXTERN	_sheet_refresh
    31 00000000                                 	EXTERN	_io_cli
    32 00000000                                 	EXTERN	_fifo8_status
    33 00000000                                 	EXTERN	_fifo8_get
    34 00000000                                 	EXTERN	_mouse_decode
    35 00000000                                 	EXTERN	_boxfill8
    36 00000000                                 	EXTERN	_io_stihlt
    37 00000000                                 [FILE "bootpack.c"]
    38                                          [SECTION .data]
    39 00000000                                 LC0:
    40 00000000 57 69 6E 64 6F 77 00            	DB	"Window",0x00
    41 00000007                                 LC1:
    42 00000007 57 65 6C 63 6F 6D 65 20 63 6F   	DB	"Welcome come to",0x00
       00000011 6D 65 20 74 6F 00 
    43 00000017                                 LC2:
    44 00000017 48 61 72 69 62 6F 74 65 2D 4F   	DB	"Haribote-OS!",0x00
       00000021 53 21 00 
    45 00000024                                 LC3:
    46 00000024 28 25 33 64 2C 20 25 33 64 29   	DB	"(%3d, %3d)",0x00
       0000002E 00 
    47 0000002F                                 LC4:
    48 0000002F 6D 65 6D 6F 72 79 20 25 64 4D   	DB	"memory %dMB   free : %dKB",0x00
       00000039 42 20 20 20 66 72 65 65 20 3A 
       00000043 20 25 64 4B 42 00 
    49 00000049                                 LC6:
    50 00000049 5B 6C 63 72 20 25 34 64 20 25   	DB	"[lcr %4d %4d]",0x00
       00000053 34 64 5D 00 
    51 00000057                                 LC5:
    52 00000057 25 30 32 58 00                  	DB	"%02X",0x00
    53                                          [SECTION .text]
    54 00000000                                 	GLOBAL	_HariMain
    55 00000000                                 _HariMain:
    56 00000000 55                              	PUSH	EBP
    57 00000001 89 E5                           	MOV	EBP,ESP
    58 00000003 57                              	PUSH	EDI
    59 00000004 56                              	PUSH	ESI
    60 00000005 53                              	PUSH	EBX
    61 00000006 8D B5 FFFFFD04                  	LEA	ESI,DWORD [-764+EBP]
    62 0000000C 81 EC 0000030C                  	SUB	ESP,780
    63 00000012 E8 [00000000]                   	CALL	_init_gdtidt
    64 00000017 E8 [00000000]                   	CALL	_init_pic
    65 0000001C E8 [00000000]                   	CALL	_io_sti
    66 00000021 8D 85 FFFFFEA4                  	LEA	EAX,DWORD [-348+EBP]
    67 00000027 50                              	PUSH	EAX
    68 00000028 6A 20                           	PUSH	32
    69 0000002A 68 [00000000]                   	PUSH	_keyfifo
    70 0000002F E8 [00000000]                   	CALL	_fifo8_init
    71 00000034 8D 85 FFFFFE24                  	LEA	EAX,DWORD [-476+EBP]
    72 0000003A 50                              	PUSH	EAX
    73 0000003B 68 00000080                     	PUSH	128
    74 00000040 68 [00000000]                   	PUSH	_mousefifo
    75 00000045 E8 [00000000]                   	CALL	_fifo8_init
    76 0000004A 68 000000F9                     	PUSH	249
    77 0000004F 6A 21                           	PUSH	33
    78 00000051 E8 [00000000]                   	CALL	_io_out8
    79 00000056 83 C4 20                        	ADD	ESP,32
    80 00000059 68 000000EF                     	PUSH	239
    81 0000005E 68 000000A1                     	PUSH	161
    82 00000063 E8 [00000000]                   	CALL	_io_out8
    83 00000068 E8 [00000000]                   	CALL	_init_keyboard
    84 0000006D 8D 85 FFFFFE04                  	LEA	EAX,DWORD [-508+EBP]
    85 00000073 50                              	PUSH	EAX
    86 00000074 E8 [00000000]                   	CALL	_enable_mouse
    87 00000079 68 BFFFFFFF                     	PUSH	-1073741825
    88 0000007E 68 00400000                     	PUSH	4194304
    89 00000083 E8 [00000000]                   	CALL	_memtest
    90 00000088 68 003C0000                     	PUSH	3932160
    91 0000008D 89 85 FFFFFD00                  	MOV	DWORD [-768+EBP],EAX
    92 00000093 E8 [00000000]                   	CALL	_memman_init
    93 00000098 68 0009E000                     	PUSH	647168
    94 0000009D 68 00001000                     	PUSH	4096
    95 000000A2 68 003C0000                     	PUSH	3932160
    96 000000A7 E8 [00000000]                   	CALL	_memman_free
    97 000000AC 8B 85 FFFFFD00                  	MOV	EAX,DWORD [-768+EBP]
    98 000000B2 83 C4 24                        	ADD	ESP,36
    99 000000B5 2D 00400000                     	SUB	EAX,4194304
   100 000000BA 50                              	PUSH	EAX
   101 000000BB 68 00400000                     	PUSH	4194304
   102 000000C0 68 003C0000                     	PUSH	3932160
   103 000000C5 E8 [00000000]                   	CALL	_memman_free
   104 000000CA E8 [00000000]                   	CALL	_init_palette
   105 000000CF 0F BF 05 00000FF6               	MOVSX	EAX,WORD [4086]
   106 000000D6 50                              	PUSH	EAX
   107 000000D7 0F BF 05 00000FF4               	MOVSX	EAX,WORD [4084]
   108 000000DE 50                              	PUSH	EAX
   109 000000DF FF 35 00000FF8                  	PUSH	DWORD [4088]
   110 000000E5 68 003C0000                     	PUSH	3932160
   111 000000EA E8 [00000000]                   	CALL	_shtctl_init
   112 000000EF 89 C3                           	MOV	EBX,EAX
   113 000000F1 50                              	PUSH	EAX
   114 000000F2 E8 [00000000]                   	CALL	_sheet_alloc
   115 000000F7 83 C4 20                        	ADD	ESP,32
   116 000000FA 53                              	PUSH	EBX
   117 000000FB 89 85 FFFFFCFC                  	MOV	DWORD [-772+EBP],EAX
   118 00000101 E8 [00000000]                   	CALL	_sheet_alloc
   119 00000106 53                              	PUSH	EBX
   120 00000107 89 85 FFFFFCF8                  	MOV	DWORD [-776+EBP],EAX
   121 0000010D E8 [00000000]                   	CALL	_sheet_alloc
   122 00000112 0F BF 15 00000FF6               	MOVSX	EDX,WORD [4086]
   123 00000119 89 85 FFFFFCF4                  	MOV	DWORD [-780+EBP],EAX
   124 0000011F 0F BF 05 00000FF4               	MOVSX	EAX,WORD [4084]
   125 00000126 0F AF C2                        	IMUL	EAX,EDX
   126 00000129 50                              	PUSH	EAX
   127 0000012A 68 003C0000                     	PUSH	3932160
   128 0000012F E8 [00000000]                   	CALL	_memman_alloc_4k
   129 00000134 68 00002A80                     	PUSH	10880
   130 00000139 68 003C0000                     	PUSH	3932160
   131 0000013E 89 85 FFFFFCF0                  	MOV	DWORD [-784+EBP],EAX
   132 00000144 E8 [00000000]                   	CALL	_memman_alloc_4k
   133 00000149 6A FF                           	PUSH	-1
   134 0000014B 89 C3                           	MOV	EBX,EAX
   135 0000014D 0F BF 05 00000FF6               	MOVSX	EAX,WORD [4086]
   136 00000154 50                              	PUSH	EAX
   137 00000155 0F BF 05 00000FF4               	MOVSX	EAX,WORD [4084]
   138 0000015C 50                              	PUSH	EAX
   139 0000015D FF B5 FFFFFCF0                  	PUSH	DWORD [-784+EBP]
   140 00000163 FF B5 FFFFFCFC                  	PUSH	DWORD [-772+EBP]
   141 00000169 E8 [00000000]                   	CALL	_sheet_setbuf
   142 0000016E 83 C4 2C                        	ADD	ESP,44
   143 00000171 6A 63                           	PUSH	99
   144 00000173 6A 10                           	PUSH	16
   145 00000175 6A 10                           	PUSH	16
   146 00000177 56                              	PUSH	ESI
   147 00000178 FF B5 FFFFFCF8                  	PUSH	DWORD [-776+EBP]
   148 0000017E E8 [00000000]                   	CALL	_sheet_setbuf
   149 00000183 6A FF                           	PUSH	-1
   150 00000185 6A 44                           	PUSH	68
   151 00000187 68 000000A0                     	PUSH	160
   152 0000018C 53                              	PUSH	EBX
   153 0000018D FF B5 FFFFFCF4                  	PUSH	DWORD [-780+EBP]
   154 00000193 E8 [00000000]                   	CALL	_sheet_setbuf
   155 00000198 83 C4 28                        	ADD	ESP,40
   156 0000019B 0F BF 05 00000FF6               	MOVSX	EAX,WORD [4086]
   157 000001A2 50                              	PUSH	EAX
   158 000001A3 0F BF 05 00000FF4               	MOVSX	EAX,WORD [4084]
   159 000001AA 50                              	PUSH	EAX
   160 000001AB FF B5 FFFFFCF0                  	PUSH	DWORD [-784+EBP]
   161 000001B1 E8 [00000000]                   	CALL	_init_screen8
   162 000001B6 6A 63                           	PUSH	99
   163 000001B8 56                              	PUSH	ESI
   164 000001B9 E8 [00000000]                   	CALL	_init_mouse_cursor8
   165 000001BE 68 [00000000]                   	PUSH	LC0
   166 000001C3 6A 44                           	PUSH	68
   167 000001C5 68 000000A0                     	PUSH	160
   168 000001CA 53                              	PUSH	EBX
   169 000001CB E8 0000036A                     	CALL	_make_windows
   170 000001D0 83 C4 24                        	ADD	ESP,36
   171 000001D3 68 [00000007]                   	PUSH	LC1
   172 000001D8 6A 00                           	PUSH	0
   173 000001DA 6A 1C                           	PUSH	28
   174 000001DC 6A 18                           	PUSH	24
   175 000001DE 68 000000A0                     	PUSH	160
   176 000001E3 53                              	PUSH	EBX
   177 000001E4 E8 [00000000]                   	CALL	_putfonts8_asc
   178 000001E9 68 [00000017]                   	PUSH	LC2
   179 000001EE 6A 00                           	PUSH	0
   180 000001F0 6A 2C                           	PUSH	44
   181 000001F2 6A 18                           	PUSH	24
   182 000001F4 68 000000A0                     	PUSH	160
   183 000001F9 53                              	PUSH	EBX
   184 000001FA BB 00000002                     	MOV	EBX,2
   185 000001FF E8 [00000000]                   	CALL	_putfonts8_asc
   186 00000204 83 C4 30                        	ADD	ESP,48
   187 00000207 6A 00                           	PUSH	0
   188 00000209 6A 00                           	PUSH	0
   189 0000020B FF B5 FFFFFCFC                  	PUSH	DWORD [-772+EBP]
   190 00000211 E8 [00000000]                   	CALL	_sheet_slide
   191 00000216 0F BF 05 00000FF4               	MOVSX	EAX,WORD [4084]
   192 0000021D 8D 48 F0                        	LEA	ECX,DWORD [-16+EAX]
   193 00000220 89 C8                           	MOV	EAX,ECX
   194 00000222 99                              	CDQ
   195 00000223 F7 FB                           	IDIV	EBX
   196 00000225 89 C7                           	MOV	EDI,EAX
   197 00000227 0F BF 05 00000FF6               	MOVSX	EAX,WORD [4086]
   198 0000022E 8D 48 D4                        	LEA	ECX,DWORD [-44+EAX]
   199 00000231 89 C8                           	MOV	EAX,ECX
   200 00000233 99                              	CDQ
   201 00000234 F7 FB                           	IDIV	EBX
   202 00000236 50                              	PUSH	EAX
   203 00000237 89 C6                           	MOV	ESI,EAX
   204 00000239 57                              	PUSH	EDI
   205 0000023A 8D 5D C4                        	LEA	EBX,DWORD [-60+EBP]
   206 0000023D FF B5 FFFFFCF8                  	PUSH	DWORD [-776+EBP]
   207 00000243 E8 [00000000]                   	CALL	_sheet_slide
   208 00000248 6A 48                           	PUSH	72
   209 0000024A 6A 50                           	PUSH	80
   210 0000024C FF B5 FFFFFCF4                  	PUSH	DWORD [-780+EBP]
   211 00000252 E8 [00000000]                   	CALL	_sheet_slide
   212 00000257 83 C4 24                        	ADD	ESP,36
   213 0000025A 6A 00                           	PUSH	0
   214 0000025C FF B5 FFFFFCFC                  	PUSH	DWORD [-772+EBP]
   215 00000262 E8 [00000000]                   	CALL	_sheet_updown
   216 00000267 6A 01                           	PUSH	1
   217 00000269 FF B5 FFFFFCF4                  	PUSH	DWORD [-780+EBP]
   218 0000026F E8 [00000000]                   	CALL	_sheet_updown
   219 00000274 6A 03                           	PUSH	3
   220 00000276 FF B5 FFFFFCF8                  	PUSH	DWORD [-776+EBP]
   221 0000027C E8 [00000000]                   	CALL	_sheet_updown
   222 00000281 56                              	PUSH	ESI
   223 00000282 57                              	PUSH	EDI
   224 00000283 68 [00000024]                   	PUSH	LC3
   225 00000288 53                              	PUSH	EBX
   226 00000289 E8 [00000000]                   	CALL	_sprintf
   227 0000028E 83 C4 28                        	ADD	ESP,40
   228 00000291 53                              	PUSH	EBX
   229 00000292 6A 07                           	PUSH	7
   230 00000294 6A 00                           	PUSH	0
   231 00000296 6A 00                           	PUSH	0
   232 00000298 0F BF 05 00000FF4               	MOVSX	EAX,WORD [4084]
   233 0000029F 50                              	PUSH	EAX
   234 000002A0 FF B5 FFFFFCF0                  	PUSH	DWORD [-784+EBP]
   235 000002A6 E8 [00000000]                   	CALL	_putfonts8_asc
   236 000002AB 68 003C0000                     	PUSH	3932160
   237 000002B0 E8 [00000000]                   	CALL	_memman_total
   238 000002B5 C1 AD FFFFFD00 14               	SHR	DWORD [-768+EBP],20
   239 000002BC C1 E8 0A                        	SHR	EAX,10
   240 000002BF 89 04 24                        	MOV	DWORD [ESP],EAX
   241 000002C2 FF B5 FFFFFD00                  	PUSH	DWORD [-768+EBP]
   242 000002C8 68 [0000002F]                   	PUSH	LC4
   243 000002CD 53                              	PUSH	EBX
   244 000002CE E8 [00000000]                   	CALL	_sprintf
   245 000002D3 83 C4 28                        	ADD	ESP,40
   246 000002D6 53                              	PUSH	EBX
   247 000002D7 6A 07                           	PUSH	7
   248 000002D9 6A 20                           	PUSH	32
   249 000002DB 6A 00                           	PUSH	0
   250 000002DD 0F BF 05 00000FF4               	MOVSX	EAX,WORD [4084]
   251 000002E4 50                              	PUSH	EAX
   252 000002E5 FF B5 FFFFFCF0                  	PUSH	DWORD [-784+EBP]
   253 000002EB E8 [00000000]                   	CALL	_putfonts8_asc
   254 000002F0 6A 30                           	PUSH	48
   255 000002F2 0F BF 05 00000FF4               	MOVSX	EAX,WORD [4084]
   256 000002F9 50                              	PUSH	EAX
   257 000002FA 6A 00                           	PUSH	0
   258 000002FC                                 L18:
   259 000002FC 6A 00                           	PUSH	0
   260 000002FE FF B5 FFFFFCFC                  	PUSH	DWORD [-772+EBP]
   261 00000304 E8 [00000000]                   	CALL	_sheet_refresh
   262 00000309 83 C4 2C                        	ADD	ESP,44
   263 0000030C                                 L2:
   264 0000030C E8 [00000000]                   	CALL	_io_cli
   265 00000311 68 [00000000]                   	PUSH	_keyfifo
   266 00000316 E8 [00000000]                   	CALL	_fifo8_status
   267 0000031B 5A                              	POP	EDX
   268 0000031C 85 C0                           	TEST	EAX,EAX
   269 0000031E 75 13                           	JNE	L5
   270 00000320 68 [00000000]                   	PUSH	_mousefifo
   271 00000325 E8 [00000000]                   	CALL	_fifo8_status
   272 0000032A 5B                              	POP	EBX
   273 0000032B 85 C0                           	TEST	EAX,EAX
   274 0000032D 0F 84 000001FD                  	JE	L19
   275 00000333                                 L5:
   276 00000333 68 [00000000]                   	PUSH	_keyfifo
   277 00000338 E8 [00000000]                   	CALL	_fifo8_status
   278 0000033D 59                              	POP	ECX
   279 0000033E 85 C0                           	TEST	EAX,EAX
   280 00000340 0F 85 00000185                  	JNE	L20
   281 00000346 68 [00000000]                   	PUSH	_mousefifo
   282 0000034B E8 [00000000]                   	CALL	_fifo8_status
   283 00000350 5A                              	POP	EDX
   284 00000351 85 C0                           	TEST	EAX,EAX
   285 00000353 74 B7                           	JE	L2
   286 00000355 68 [00000000]                   	PUSH	_mousefifo
   287 0000035A E8 [00000000]                   	CALL	_fifo8_get
   288 0000035F 89 C3                           	MOV	EBX,EAX
   289 00000361 E8 [00000000]                   	CALL	_io_sti
   290 00000366 0F B6 C3                        	MOVZX	EAX,BL
   291 00000369 50                              	PUSH	EAX
   292 0000036A 8D 85 FFFFFE04                  	LEA	EAX,DWORD [-508+EBP]
   293 00000370 50                              	PUSH	EAX
   294 00000371 E8 [00000000]                   	CALL	_mouse_decode
   295 00000376 83 C4 0C                        	ADD	ESP,12
   296 00000379 85 C0                           	TEST	EAX,EAX
   297 0000037B 74 8F                           	JE	L2
   298 0000037D FF B5 FFFFFE0C                  	PUSH	DWORD [-500+EBP]
   299 00000383 FF B5 FFFFFE08                  	PUSH	DWORD [-504+EBP]
   300 00000389 68 [00000049]                   	PUSH	LC6
   301 0000038E 8D 5D C4                        	LEA	EBX,DWORD [-60+EBP]
   302 00000391 53                              	PUSH	EBX
   303 00000392 E8 [00000000]                   	CALL	_sprintf
   304 00000397 83 C4 10                        	ADD	ESP,16
   305 0000039A 8B 85 FFFFFE10                  	MOV	EAX,DWORD [-496+EBP]
   306 000003A0 A9 00000001                     	TEST	EAX,1
   307 000003A5 74 04                           	JE	L11
   308 000003A7 C6 45 C5 4C                     	MOV	BYTE [-59+EBP],76
   309 000003AB                                 L11:
   310 000003AB A9 00000002                     	TEST	EAX,2
   311 000003B0 74 04                           	JE	L12
   312 000003B2 C6 45 C7 52                     	MOV	BYTE [-57+EBP],82
   313 000003B6                                 L12:
   314 000003B6 83 E0 04                        	AND	EAX,4
   315 000003B9 74 04                           	JE	L13
   316 000003BB C6 45 C6 43                     	MOV	BYTE [-58+EBP],67
   317 000003BF                                 L13:
   318 000003BF 6A 1F                           	PUSH	31
   319 000003C1 68 00000097                     	PUSH	151
   320 000003C6 6A 10                           	PUSH	16
   321 000003C8 6A 20                           	PUSH	32
   322 000003CA 6A 0E                           	PUSH	14
   323 000003CC 0F BF 05 00000FF4               	MOVSX	EAX,WORD [4084]
   324 000003D3 50                              	PUSH	EAX
   325 000003D4 FF B5 FFFFFCF0                  	PUSH	DWORD [-784+EBP]
   326 000003DA E8 [00000000]                   	CALL	_boxfill8
   327 000003DF 53                              	PUSH	EBX
   328 000003E0 6A 07                           	PUSH	7
   329 000003E2 6A 10                           	PUSH	16
   330 000003E4 6A 20                           	PUSH	32
   331 000003E6 0F BF 05 00000FF4               	MOVSX	EAX,WORD [4084]
   332 000003ED 50                              	PUSH	EAX
   333 000003EE FF B5 FFFFFCF0                  	PUSH	DWORD [-784+EBP]
   334 000003F4 E8 [00000000]                   	CALL	_putfonts8_asc
   335 000003F9 83 C4 34                        	ADD	ESP,52
   336 000003FC 6A 20                           	PUSH	32
   337 000003FE 68 00000098                     	PUSH	152
   338 00000403 6A 10                           	PUSH	16
   339 00000405 6A 20                           	PUSH	32
   340 00000407 FF B5 FFFFFCFC                  	PUSH	DWORD [-772+EBP]
   341 0000040D E8 [00000000]                   	CALL	_sheet_refresh
   342 00000412 83 C4 14                        	ADD	ESP,20
   343 00000415 03 B5 FFFFFE0C                  	ADD	ESI,DWORD [-500+EBP]
   344 0000041B 03 BD FFFFFE08                  	ADD	EDI,DWORD [-504+EBP]
   345 00000421 0F 88 0000009D                  	JS	L21
   346 00000427                                 L14:
   347 00000427 85 F6                           	TEST	ESI,ESI
   348 00000429 0F 88 0000008E                  	JS	L22
   349 0000042F                                 L15:
   350 0000042F 0F BF 05 00000FF4               	MOVSX	EAX,WORD [4084]
   351 00000436 48                              	DEC	EAX
   352 00000437 39 C7                           	CMP	EDI,EAX
   353 00000439 7E 02                           	JLE	L16
   354 0000043B 89 C7                           	MOV	EDI,EAX
   355 0000043D                                 L16:
   356 0000043D 0F BF 05 00000FF6               	MOVSX	EAX,WORD [4086]
   357 00000444 48                              	DEC	EAX
   358 00000445 39 C6                           	CMP	ESI,EAX
   359 00000447 7E 02                           	JLE	L17
   360 00000449 89 C6                           	MOV	ESI,EAX
   361 0000044B                                 L17:
   362 0000044B 56                              	PUSH	ESI
   363 0000044C 57                              	PUSH	EDI
   364 0000044D 68 [00000024]                   	PUSH	LC3
   365 00000452 53                              	PUSH	EBX
   366 00000453 E8 [00000000]                   	CALL	_sprintf
   367 00000458 6A 0F                           	PUSH	15
   368 0000045A 6A 4F                           	PUSH	79
   369 0000045C 6A 00                           	PUSH	0
   370 0000045E 6A 00                           	PUSH	0
   371 00000460 6A 0E                           	PUSH	14
   372 00000462 0F BF 05 00000FF4               	MOVSX	EAX,WORD [4084]
   373 00000469 50                              	PUSH	EAX
   374 0000046A FF B5 FFFFFCF0                  	PUSH	DWORD [-784+EBP]
   375 00000470 E8 [00000000]                   	CALL	_boxfill8
   376 00000475 83 C4 2C                        	ADD	ESP,44
   377 00000478 53                              	PUSH	EBX
   378 00000479 6A 07                           	PUSH	7
   379 0000047B 6A 00                           	PUSH	0
   380 0000047D 6A 00                           	PUSH	0
   381 0000047F 0F BF 05 00000FF4               	MOVSX	EAX,WORD [4084]
   382 00000486 50                              	PUSH	EAX
   383 00000487 FF B5 FFFFFCF0                  	PUSH	DWORD [-784+EBP]
   384 0000048D E8 [00000000]                   	CALL	_putfonts8_asc
   385 00000492 6A 10                           	PUSH	16
   386 00000494 6A 50                           	PUSH	80
   387 00000496 6A 00                           	PUSH	0
   388 00000498 6A 00                           	PUSH	0
   389 0000049A FF B5 FFFFFCFC                  	PUSH	DWORD [-772+EBP]
   390 000004A0 E8 [00000000]                   	CALL	_sheet_refresh
   391 000004A5 83 C4 2C                        	ADD	ESP,44
   392 000004A8 56                              	PUSH	ESI
   393 000004A9 57                              	PUSH	EDI
   394 000004AA FF B5 FFFFFCF8                  	PUSH	DWORD [-776+EBP]
   395 000004B0 E8 [00000000]                   	CALL	_sheet_slide
   396 000004B5 83 C4 0C                        	ADD	ESP,12
   397 000004B8 E9 FFFFFE4F                     	JMP	L2
   398 000004BD                                 L22:
   399 000004BD 31 F6                           	XOR	ESI,ESI
   400 000004BF E9 FFFFFF6B                     	JMP	L15
   401 000004C4                                 L21:
   402 000004C4 31 FF                           	XOR	EDI,EDI
   403 000004C6 E9 FFFFFF5C                     	JMP	L14
   404 000004CB                                 L20:
   405 000004CB 68 [00000000]                   	PUSH	_keyfifo
   406 000004D0 E8 [00000000]                   	CALL	_fifo8_get
   407 000004D5 89 C3                           	MOV	EBX,EAX
   408 000004D7 E8 [00000000]                   	CALL	_io_sti
   409 000004DC 53                              	PUSH	EBX
   410 000004DD 8D 5D C4                        	LEA	EBX,DWORD [-60+EBP]
   411 000004E0 68 [00000057]                   	PUSH	LC5
   412 000004E5 53                              	PUSH	EBX
   413 000004E6 E8 [00000000]                   	CALL	_sprintf
   414 000004EB 6A 1F                           	PUSH	31
   415 000004ED 6A 0F                           	PUSH	15
   416 000004EF 6A 10                           	PUSH	16
   417 000004F1 6A 00                           	PUSH	0
   418 000004F3 6A 0E                           	PUSH	14
   419 000004F5 0F BF 05 00000FF4               	MOVSX	EAX,WORD [4084]
   420 000004FC 50                              	PUSH	EAX
   421 000004FD FF B5 FFFFFCF0                  	PUSH	DWORD [-784+EBP]
   422 00000503 E8 [00000000]                   	CALL	_boxfill8
   423 00000508 83 C4 2C                        	ADD	ESP,44
   424 0000050B 53                              	PUSH	EBX
   425 0000050C 6A 07                           	PUSH	7
   426 0000050E 6A 10                           	PUSH	16
   427 00000510 6A 00                           	PUSH	0
   428 00000512 0F BF 05 00000FF4               	MOVSX	EAX,WORD [4084]
   429 00000519 50                              	PUSH	EAX
   430 0000051A FF B5 FFFFFCF0                  	PUSH	DWORD [-784+EBP]
   431 00000520 E8 [00000000]                   	CALL	_putfonts8_asc
   432 00000525 6A 20                           	PUSH	32
   433 00000527 6A 10                           	PUSH	16
   434 00000529 6A 10                           	PUSH	16
   435 0000052B E9 FFFFFDCC                     	JMP	L18
   436 00000530                                 L19:
   437 00000530 E8 [00000000]                   	CALL	_io_stihlt
   438 00000535 E9 FFFFFDD2                     	JMP	L2
   439                                          [SECTION .data]
   440 0000005C                                 _closebtn.0:
   441 0000005C 4F 4F 4F 4F 4F 4F 4F 4F 4F 4F   	DB	"OOOOOOOOOOOOOOO@"
       00000066 4F 4F 4F 4F 4F 40 
   442 0000006C 4F 51 51 51 51 51 51 51 51 51   	DB	"OQQQQQQQQQQQQQ$@"
       00000076 51 51 51 51 24 40 
   443 0000007C 4F 51 51 51 51 51 51 51 51 51   	DB	"OQQQQQQQQQQQQQ$@"
       00000086 51 51 51 51 24 40 
   444 0000008C 4F 51 51 51 40 40 51 51 51 51   	DB	"OQQQ@@QQQQ@@QQ$@"
       00000096 40 40 51 51 24 40 
   445 0000009C 4F 51 51 51 51 40 40 51 51 40   	DB	"OQQQQ@@QQ@@QQQ$@"
       000000A6 40 51 51 51 24 40 
   446 000000AC 4F 51 51 51 51 51 40 40 40 40   	DB	"OQQQQQ@@@@QQQQ$@"
       000000B6 51 51 51 51 24 40 
   447 000000BC 4F 51 51 51 51 51 51 40 40 51   	DB	"OQQQQQQ@@QQQQQ$@"
       000000C6 51 51 51 51 24 40 
   448 000000CC 4F 51 51 51 51 51 40 40 40 40   	DB	"OQQQQQ@@@@QQQQ$@"
       000000D6 51 51 51 51 24 40 
   449 000000DC 4F 51 51 51 51 40 40 51 51 40   	DB	"OQQQQ@@QQ@@QQQ$@"
       000000E6 40 51 51 51 24 40 
   450 000000EC 4F 51 51 51 40 40 51 51 51 51   	DB	"OQQQ@@QQQQ@@QQ$@"
       000000F6 40 40 51 51 24 40 
   451 000000FC 4F 51 51 51 51 51 51 51 51 51   	DB	"OQQQQQQQQQQQQQ$@"
       00000106 51 51 51 51 24 40 
   452 0000010C 4F 51 51 51 51 51 51 51 51 51   	DB	"OQQQQQQQQQQQQQ$@"
       00000116 51 51 51 51 24 40 
   453 0000011C 4F 24 24 24 24 24 24 24 24 24   	DB	"O$$$$$$$$$$$$$$@"
       00000126 24 24 24 24 24 40 
   454 0000012C 40 40 40 40 40 40 40 40 40 40   	DB	"@@@@@@@@@@@@@@@@"
       00000136 40 40 40 40 40 40 
   455                                          [SECTION .text]
   456 0000053A                                 	GLOBAL	_make_windows
   457 0000053A                                 _make_windows:
   458 0000053A 55                              	PUSH	EBP
   459 0000053B 89 E5                           	MOV	EBP,ESP
   460 0000053D 57                              	PUSH	EDI
   461 0000053E 56                              	PUSH	ESI
   462 0000053F 53                              	PUSH	EBX
   463 00000540 83 EC 14                        	SUB	ESP,20
   464 00000543 8B 5D 0C                        	MOV	EBX,DWORD [12+EBP]
   465 00000546 6A 00                           	PUSH	0
   466 00000548 8D 43 FF                        	LEA	EAX,DWORD [-1+EBX]
   467 0000054B 8D 7B FE                        	LEA	EDI,DWORD [-2+EBX]
   468 0000054E 50                              	PUSH	EAX
   469 0000054F 89 45 EC                        	MOV	DWORD [-20+EBP],EAX
   470 00000552 6A 00                           	PUSH	0
   471 00000554 6A 00                           	PUSH	0
   472 00000556 6A 08                           	PUSH	8
   473 00000558 53                              	PUSH	EBX
   474 00000559 FF 75 08                        	PUSH	DWORD [8+EBP]
   475 0000055C E8 [00000000]                   	CALL	_boxfill8
   476 00000561 6A 01                           	PUSH	1
   477 00000563 57                              	PUSH	EDI
   478 00000564 6A 01                           	PUSH	1
   479 00000566 6A 01                           	PUSH	1
   480 00000568 6A 07                           	PUSH	7
   481 0000056A 53                              	PUSH	EBX
   482 0000056B FF 75 08                        	PUSH	DWORD [8+EBP]
   483 0000056E E8 [00000000]                   	CALL	_boxfill8
   484 00000573 8B 55 10                        	MOV	EDX,DWORD [16+EBP]
   485 00000576 83 C4 38                        	ADD	ESP,56
   486 00000579 4A                              	DEC	EDX
   487 0000057A 89 55 E8                        	MOV	DWORD [-24+EBP],EDX
   488 0000057D 52                              	PUSH	EDX
   489 0000057E 6A 00                           	PUSH	0
   490 00000580 6A 00                           	PUSH	0
   491 00000582 6A 00                           	PUSH	0
   492 00000584 6A 08                           	PUSH	8
   493 00000586 53                              	PUSH	EBX
   494 00000587 FF 75 08                        	PUSH	DWORD [8+EBP]
   495 0000058A E8 [00000000]                   	CALL	_boxfill8
   496 0000058F 8B 75 10                        	MOV	ESI,DWORD [16+EBP]
   497 00000592 83 EE 02                        	SUB	ESI,2
   498 00000595 56                              	PUSH	ESI
   499 00000596 6A 01                           	PUSH	1
   500 00000598 6A 01                           	PUSH	1
   501 0000059A 6A 01                           	PUSH	1
   502 0000059C 6A 07                           	PUSH	7
   503 0000059E 53                              	PUSH	EBX
   504 0000059F FF 75 08                        	PUSH	DWORD [8+EBP]
   505 000005A2 E8 [00000000]                   	CALL	_boxfill8
   506 000005A7 83 C4 38                        	ADD	ESP,56
   507 000005AA 56                              	PUSH	ESI
   508 000005AB 57                              	PUSH	EDI
   509 000005AC 6A 01                           	PUSH	1
   510 000005AE 57                              	PUSH	EDI
   511 000005AF 6A 0F                           	PUSH	15
   512 000005B1 53                              	PUSH	EBX
   513 000005B2 FF 75 08                        	PUSH	DWORD [8+EBP]
   514 000005B5 E8 [00000000]                   	CALL	_boxfill8
   515 000005BA FF 75 E8                        	PUSH	DWORD [-24+EBP]
   516 000005BD FF 75 EC                        	PUSH	DWORD [-20+EBP]
   517 000005C0 6A 00                           	PUSH	0
   518 000005C2 FF 75 EC                        	PUSH	DWORD [-20+EBP]
   519 000005C5 6A 00                           	PUSH	0
   520 000005C7 53                              	PUSH	EBX
   521 000005C8 FF 75 08                        	PUSH	DWORD [8+EBP]
   522 000005CB E8 [00000000]                   	CALL	_boxfill8
   523 000005D0 8B 45 10                        	MOV	EAX,DWORD [16+EBP]
   524 000005D3 83 C4 38                        	ADD	ESP,56
   525 000005D6 83 E8 03                        	SUB	EAX,3
   526 000005D9 50                              	PUSH	EAX
   527 000005DA 8D 43 FD                        	LEA	EAX,DWORD [-3+EBX]
   528 000005DD 50                              	PUSH	EAX
   529 000005DE 6A 02                           	PUSH	2
   530 000005E0 6A 02                           	PUSH	2
   531 000005E2 6A 08                           	PUSH	8
   532 000005E4 53                              	PUSH	EBX
   533 000005E5 FF 75 08                        	PUSH	DWORD [8+EBP]
   534 000005E8 E8 [00000000]                   	CALL	_boxfill8
   535 000005ED 8D 43 FC                        	LEA	EAX,DWORD [-4+EBX]
   536 000005F0 6A 14                           	PUSH	20
   537 000005F2 50                              	PUSH	EAX
   538 000005F3 6A 03                           	PUSH	3
   539 000005F5 6A 03                           	PUSH	3
   540 000005F7 6A 0C                           	PUSH	12
   541 000005F9 53                              	PUSH	EBX
   542 000005FA FF 75 08                        	PUSH	DWORD [8+EBP]
   543 000005FD E8 [00000000]                   	CALL	_boxfill8
   544 00000602 83 C4 38                        	ADD	ESP,56
   545 00000605 56                              	PUSH	ESI
   546 00000606 57                              	PUSH	EDI
   547 00000607 56                              	PUSH	ESI
   548 00000608 6A 01                           	PUSH	1
   549 0000060A 6A 0F                           	PUSH	15
   550 0000060C 53                              	PUSH	EBX
   551 0000060D FF 75 08                        	PUSH	DWORD [8+EBP]
   552 00000610 E8 [00000000]                   	CALL	_boxfill8
   553 00000615 FF 75 E8                        	PUSH	DWORD [-24+EBP]
   554 00000618 FF 75 EC                        	PUSH	DWORD [-20+EBP]
   555 0000061B FF 75 E8                        	PUSH	DWORD [-24+EBP]
   556 0000061E 6A 00                           	PUSH	0
   557 00000620 6A 00                           	PUSH	0
   558 00000622 6B F3 05                        	IMUL	ESI,EBX,5
   559 00000625 53                              	PUSH	EBX
   560 00000626 FF 75 08                        	PUSH	DWORD [8+EBP]
   561 00000629 E8 [00000000]                   	CALL	_boxfill8
   562 0000062E 83 C4 38                        	ADD	ESP,56
   563 00000631 FF 75 14                        	PUSH	DWORD [20+EBP]
   564 00000634 6A 07                           	PUSH	7
   565 00000636 6A 04                           	PUSH	4
   566 00000638 6A 18                           	PUSH	24
   567 0000063A 53                              	PUSH	EBX
   568 0000063B FF 75 08                        	PUSH	DWORD [8+EBP]
   569 0000063E E8 [00000000]                   	CALL	_putfonts8_asc
   570 00000643 83 C4 18                        	ADD	ESP,24
   571 00000646 C7 45 F0 00000000               	MOV	DWORD [-16+EBP],0
   572 0000064D C7 45 E0 00000000               	MOV	DWORD [-32+EBP],0
   573 00000654                                 L39:
   574 00000654 8D 04 1E                        	LEA	EAX,DWORD [ESI+EBX*1]
   575 00000657 8B 55 08                        	MOV	EDX,DWORD [8+EBP]
   576 0000065A 31 FF                           	XOR	EDI,EDI
   577 0000065C 8D 4C 02 EB                     	LEA	ECX,DWORD [-21+EDX+EAX*1]
   578 00000660                                 L38:
   579 00000660 8B 45 E0                        	MOV	EAX,DWORD [-32+EBP]
   580 00000663 8A 94 07 [0000005C]             	MOV	DL,BYTE [_closebtn.0+EDI+EAX*1]
   581 0000066A 80 FA 40                        	CMP	DL,64
   582 0000066D 74 33                           	JE	L44
   583 0000066F 80 FA 24                        	CMP	DL,36
   584 00000672 74 2A                           	JE	L45
   585 00000674 80 FA 51                        	CMP	DL,81
   586 00000677 B2 08                           	MOV	DL,8
   587 00000679 0F 95 C0                        	SETNE	AL
   588 0000067C 28 C2                           	SUB	DL,AL
   589 0000067E                                 L33:
   590 0000067E 47                              	INC	EDI
   591 0000067F 88 11                           	MOV	BYTE [ECX],DL
   592 00000681 41                              	INC	ECX
   593 00000682 83 FF 0F                        	CMP	EDI,15
   594 00000685 7E D9                           	JLE	L38
   595 00000687 FF 45 F0                        	INC	DWORD [-16+EBP]
   596 0000068A 01 DE                           	ADD	ESI,EBX
   597 0000068C 83 45 E0 10                     	ADD	DWORD [-32+EBP],16
   598 00000690 83 7D F0 0D                     	CMP	DWORD [-16+EBP],13
   599 00000694 7E BE                           	JLE	L39
   600 00000696 8D 65 F4                        	LEA	ESP,DWORD [-12+EBP]
   601 00000699 5B                              	POP	EBX
   602 0000069A 5E                              	POP	ESI
   603 0000069B 5F                              	POP	EDI
   604 0000069C 5D                              	POP	EBP
   605 0000069D C3                              	RET
   606 0000069E                                 L45:
   607 0000069E B2 0F                           	MOV	DL,15
   608 000006A0 EB DC                           	JMP	L33
   609 000006A2                                 L44:
   610 000006A2 31 D2                           	XOR	EDX,EDX
   611 000006A4 EB D8                           	JMP	L33
