     1 00000000                                 [FORMAT "WCOFF"]
     2 00000000                                 [INSTRSET "i486p"]
     3 00000000                                 [OPTIMIZE 1]
     4 00000000                                 [OPTION 1]
     5 00000000                                 [BITS 32]
     6 00000000                                 	EXTERN	_init_gdtidt
     7 00000000                                 	EXTERN	_init_pic
     8 00000000                                 	EXTERN	_io_sti
     9 00000000                                 	EXTERN	_keyfifo
    10 00000000                                 	EXTERN	_fifo8_init
    11 00000000                                 	EXTERN	_mousefifo
    12 00000000                                 	EXTERN	_init_pit
    13 00000000                                 	EXTERN	_io_out8
    14 00000000                                 	EXTERN	_timer_alloc
    15 00000000                                 	EXTERN	_timer_init
    16 00000000                                 	EXTERN	_timer_settime
    17 00000000                                 	EXTERN	_init_keyboard
    18 00000000                                 	EXTERN	_enable_mouse
    19 00000000                                 	EXTERN	_memtest
    20 00000000                                 	EXTERN	_memman_init
    21 00000000                                 	EXTERN	_memman_free
    22 00000000                                 	EXTERN	_init_palette
    23 00000000                                 	EXTERN	_shtctl_init
    24 00000000                                 	EXTERN	_sheet_alloc
    25 00000000                                 	EXTERN	_memman_alloc_4k
    26 00000000                                 	EXTERN	_sheet_setbuf
    27 00000000                                 	EXTERN	_init_screen8
    28 00000000                                 	EXTERN	_init_mouse_cursor8
    29 00000000                                 	EXTERN	_sheet_slide
    30 00000000                                 	EXTERN	_sheet_updown
    31 00000000                                 	EXTERN	_sprintf
    32 00000000                                 	EXTERN	_putfonts8_asc
    33 00000000                                 	EXTERN	_memman_total
    34 00000000                                 	EXTERN	_sheet_refresh
    35 00000000                                 	EXTERN	_timerctl
    36 00000000                                 	EXTERN	_boxfill8
    37 00000000                                 	EXTERN	_io_cli
    38 00000000                                 	EXTERN	_fifo8_status
    39 00000000                                 	EXTERN	_fifo8_get
    40 00000000                                 	EXTERN	_mouse_decode
    41 00000000                                 [FILE "bootpack.c"]
    42                                          [SECTION .data]
    43 00000000                                 LC0:
    44 00000000 43 6F 75 6E 74 65 72 00         	DB	"Counter",0x00
    45 00000008                                 LC1:
    46 00000008 28 25 33 64 2C 20 25 33 64 29   	DB	"(%3d, %3d)",0x00
       00000012 00 
    47 00000013                                 LC2:
    48 00000013 6D 65 6D 6F 72 79 20 25 64 4D   	DB	"memory %dMB   free : %dKB",0x00
       0000001D 42 20 20 20 66 72 65 65 20 3A 
       00000027 20 25 64 4B 42 00 
    49 0000002D                                 LC3:
    50 0000002D 25 30 31 30 64 00               	DB	"%010d",0x00
    51 00000033                                 LC7:
    52 00000033 33 5B 73 65 63 5D 00            	DB	"3[sec]",0x00
    53 0000003A                                 LC6:
    54 0000003A 31 30 5B 73 65 63 5D 00         	DB	"10[sec]",0x00
    55 00000042                                 LC5:
    56 00000042 5B 6C 63 72 20 25 34 64 20 25   	DB	"[lcr %4d %4d]",0x00
       0000004C 34 64 5D 00 
    57 00000050                                 LC4:
    58 00000050 25 30 32 58 00                  	DB	"%02X",0x00
    59                                          [SECTION .text]
    60 00000000                                 	GLOBAL	_HariMain
    61 00000000                                 _HariMain:
    62 00000000 55                              	PUSH	EBP
    63 00000001 89 E5                           	MOV	EBP,ESP
    64 00000003 57                              	PUSH	EDI
    65 00000004 56                              	PUSH	ESI
    66 00000005 53                              	PUSH	EBX
    67 00000006 8D 9D FFFFFCE4                  	LEA	EBX,DWORD [-796+EBP]
    68 0000000C 81 EC 0000038C                  	SUB	ESP,908
    69 00000012 E8 [00000000]                   	CALL	_init_gdtidt
    70 00000017 E8 [00000000]                   	CALL	_init_pic
    71 0000001C E8 [00000000]                   	CALL	_io_sti
    72 00000021 8D 85 FFFFFEA4                  	LEA	EAX,DWORD [-348+EBP]
    73 00000027 50                              	PUSH	EAX
    74 00000028 6A 20                           	PUSH	32
    75 0000002A 68 [00000000]                   	PUSH	_keyfifo
    76 0000002F E8 [00000000]                   	CALL	_fifo8_init
    77 00000034 8D 85 FFFFFE24                  	LEA	EAX,DWORD [-476+EBP]
    78 0000003A 50                              	PUSH	EAX
    79 0000003B 68 00000080                     	PUSH	128
    80 00000040 68 [00000000]                   	PUSH	_mousefifo
    81 00000045 E8 [00000000]                   	CALL	_fifo8_init
    82 0000004A E8 [00000000]                   	CALL	_init_pit
    83 0000004F 68 000000F8                     	PUSH	248
    84 00000054 6A 21                           	PUSH	33
    85 00000056 E8 [00000000]                   	CALL	_io_out8
    86 0000005B 83 C4 20                        	ADD	ESP,32
    87 0000005E 68 000000EF                     	PUSH	239
    88 00000063 68 000000A1                     	PUSH	161
    89 00000068 E8 [00000000]                   	CALL	_io_out8
    90 0000006D 8D 85 FFFFFC9C                  	LEA	EAX,DWORD [-868+EBP]
    91 00000073 50                              	PUSH	EAX
    92 00000074 6A 08                           	PUSH	8
    93 00000076 53                              	PUSH	EBX
    94 00000077 E8 [00000000]                   	CALL	_fifo8_init
    95 0000007C E8 [00000000]                   	CALL	_timer_alloc
    96 00000081 6A 01                           	PUSH	1
    97 00000083 53                              	PUSH	EBX
    98 00000084 89 C6                           	MOV	ESI,EAX
    99 00000086 50                              	PUSH	EAX
   100 00000087 8D 9D FFFFFCC4                  	LEA	EBX,DWORD [-828+EBP]
   101 0000008D E8 [00000000]                   	CALL	_timer_init
   102 00000092 83 C4 20                        	ADD	ESP,32
   103 00000095 68 000003E8                     	PUSH	1000
   104 0000009A 56                              	PUSH	ESI
   105 0000009B E8 [00000000]                   	CALL	_timer_settime
   106 000000A0 8D 85 FFFFFC94                  	LEA	EAX,DWORD [-876+EBP]
   107 000000A6 50                              	PUSH	EAX
   108 000000A7 6A 08                           	PUSH	8
   109 000000A9 53                              	PUSH	EBX
   110 000000AA E8 [00000000]                   	CALL	_fifo8_init
   111 000000AF E8 [00000000]                   	CALL	_timer_alloc
   112 000000B4 6A 01                           	PUSH	1
   113 000000B6 53                              	PUSH	EBX
   114 000000B7 89 C6                           	MOV	ESI,EAX
   115 000000B9 50                              	PUSH	EAX
   116 000000BA 8D 9D FFFFFCA4                  	LEA	EBX,DWORD [-860+EBP]
   117 000000C0 E8 [00000000]                   	CALL	_timer_init
   118 000000C5 83 C4 20                        	ADD	ESP,32
   119 000000C8 68 0000012C                     	PUSH	300
   120 000000CD 56                              	PUSH	ESI
   121 000000CE E8 [00000000]                   	CALL	_timer_settime
   122 000000D3 8D 85 FFFFFC8C                  	LEA	EAX,DWORD [-884+EBP]
   123 000000D9 50                              	PUSH	EAX
   124 000000DA 6A 08                           	PUSH	8
   125 000000DC 53                              	PUSH	EBX
   126 000000DD E8 [00000000]                   	CALL	_fifo8_init
   127 000000E2 E8 [00000000]                   	CALL	_timer_alloc
   128 000000E7 6A 01                           	PUSH	1
   129 000000E9 53                              	PUSH	EBX
   130 000000EA 50                              	PUSH	EAX
   131 000000EB 89 85 FFFFFC70                  	MOV	DWORD [-912+EBP],EAX
   132 000000F1 E8 [00000000]                   	CALL	_timer_init
   133 000000F6 83 C4 20                        	ADD	ESP,32
   134 000000F9 6A 32                           	PUSH	50
   135 000000FB FF B5 FFFFFC70                  	PUSH	DWORD [-912+EBP]
   136 00000101 E8 [00000000]                   	CALL	_timer_settime
   137 00000106 E8 [00000000]                   	CALL	_init_keyboard
   138 0000010B 8D 85 FFFFFE04                  	LEA	EAX,DWORD [-508+EBP]
   139 00000111 50                              	PUSH	EAX
   140 00000112 E8 [00000000]                   	CALL	_enable_mouse
   141 00000117 68 BFFFFFFF                     	PUSH	-1073741825
   142 0000011C 68 00400000                     	PUSH	4194304
   143 00000121 E8 [00000000]                   	CALL	_memtest
   144 00000126 68 003C0000                     	PUSH	3932160
   145 0000012B 89 C6                           	MOV	ESI,EAX
   146 0000012D E8 [00000000]                   	CALL	_memman_init
   147 00000132 68 0009E000                     	PUSH	647168
   148 00000137 68 00001000                     	PUSH	4096
   149 0000013C 68 003C0000                     	PUSH	3932160
   150 00000141 E8 [00000000]                   	CALL	_memman_free
   151 00000146 8D 86 FFC00000                  	LEA	EAX,DWORD [-4194304+ESI]
   152 0000014C 83 C4 24                        	ADD	ESP,36
   153 0000014F 50                              	PUSH	EAX
   154 00000150 68 00400000                     	PUSH	4194304
   155 00000155 68 003C0000                     	PUSH	3932160
   156 0000015A E8 [00000000]                   	CALL	_memman_free
   157 0000015F E8 [00000000]                   	CALL	_init_palette
   158 00000164 0F BF 05 00000FF6               	MOVSX	EAX,WORD [4086]
   159 0000016B 50                              	PUSH	EAX
   160 0000016C 0F BF 05 00000FF4               	MOVSX	EAX,WORD [4084]
   161 00000173 50                              	PUSH	EAX
   162 00000174 FF 35 00000FF8                  	PUSH	DWORD [4088]
   163 0000017A 68 003C0000                     	PUSH	3932160
   164 0000017F E8 [00000000]                   	CALL	_shtctl_init
   165 00000184 89 C3                           	MOV	EBX,EAX
   166 00000186 50                              	PUSH	EAX
   167 00000187 E8 [00000000]                   	CALL	_sheet_alloc
   168 0000018C 83 C4 20                        	ADD	ESP,32
   169 0000018F 53                              	PUSH	EBX
   170 00000190 89 85 FFFFFC80                  	MOV	DWORD [-896+EBP],EAX
   171 00000196 E8 [00000000]                   	CALL	_sheet_alloc
   172 0000019B 53                              	PUSH	EBX
   173 0000019C 8D 9D FFFFFD04                  	LEA	EBX,DWORD [-764+EBP]
   174 000001A2 89 85 FFFFFC7C                  	MOV	DWORD [-900+EBP],EAX
   175 000001A8 E8 [00000000]                   	CALL	_sheet_alloc
   176 000001AD 0F BF 15 00000FF6               	MOVSX	EDX,WORD [4086]
   177 000001B4 89 85 FFFFFC78                  	MOV	DWORD [-904+EBP],EAX
   178 000001BA 0F BF 05 00000FF4               	MOVSX	EAX,WORD [4084]
   179 000001C1 0F AF C2                        	IMUL	EAX,EDX
   180 000001C4 50                              	PUSH	EAX
   181 000001C5 68 003C0000                     	PUSH	3932160
   182 000001CA E8 [00000000]                   	CALL	_memman_alloc_4k
   183 000001CF 68 00002080                     	PUSH	8320
   184 000001D4 68 003C0000                     	PUSH	3932160
   185 000001D9 89 C7                           	MOV	EDI,EAX
   186 000001DB E8 [00000000]                   	CALL	_memman_alloc_4k
   187 000001E0 6A FF                           	PUSH	-1
   188 000001E2 89 85 FFFFFC74                  	MOV	DWORD [-908+EBP],EAX
   189 000001E8 0F BF 05 00000FF6               	MOVSX	EAX,WORD [4086]
   190 000001EF 50                              	PUSH	EAX
   191 000001F0 0F BF 05 00000FF4               	MOVSX	EAX,WORD [4084]
   192 000001F7 50                              	PUSH	EAX
   193 000001F8 57                              	PUSH	EDI
   194 000001F9 FF B5 FFFFFC80                  	PUSH	DWORD [-896+EBP]
   195 000001FF E8 [00000000]                   	CALL	_sheet_setbuf
   196 00000204 83 C4 2C                        	ADD	ESP,44
   197 00000207 6A 63                           	PUSH	99
   198 00000209 6A 10                           	PUSH	16
   199 0000020B 6A 10                           	PUSH	16
   200 0000020D 53                              	PUSH	EBX
   201 0000020E FF B5 FFFFFC7C                  	PUSH	DWORD [-900+EBP]
   202 00000214 E8 [00000000]                   	CALL	_sheet_setbuf
   203 00000219 6A FF                           	PUSH	-1
   204 0000021B 6A 44                           	PUSH	68
   205 0000021D 68 000000A0                     	PUSH	160
   206 00000222 FF B5 FFFFFC74                  	PUSH	DWORD [-908+EBP]
   207 00000228 FF B5 FFFFFC78                  	PUSH	DWORD [-904+EBP]
   208 0000022E E8 [00000000]                   	CALL	_sheet_setbuf
   209 00000233 83 C4 28                        	ADD	ESP,40
   210 00000236 0F BF 05 00000FF6               	MOVSX	EAX,WORD [4086]
   211 0000023D 50                              	PUSH	EAX
   212 0000023E 0F BF 05 00000FF4               	MOVSX	EAX,WORD [4084]
   213 00000245 50                              	PUSH	EAX
   214 00000246 57                              	PUSH	EDI
   215 00000247 E8 [00000000]                   	CALL	_init_screen8
   216 0000024C 6A 63                           	PUSH	99
   217 0000024E 53                              	PUSH	EBX
   218 0000024F BB 00000002                     	MOV	EBX,2
   219 00000254 E8 [00000000]                   	CALL	_init_mouse_cursor8
   220 00000259 68 [00000000]                   	PUSH	LC0
   221 0000025E 6A 44                           	PUSH	68
   222 00000260 68 000000A0                     	PUSH	160
   223 00000265 FF B5 FFFFFC74                  	PUSH	DWORD [-908+EBP]
   224 0000026B E8 00000520                     	CALL	_make_window8
   225 00000270 83 C4 24                        	ADD	ESP,36
   226 00000273 6A 00                           	PUSH	0
   227 00000275 6A 00                           	PUSH	0
   228 00000277 FF B5 FFFFFC80                  	PUSH	DWORD [-896+EBP]
   229 0000027D E8 [00000000]                   	CALL	_sheet_slide
   230 00000282 0F BF 05 00000FF4               	MOVSX	EAX,WORD [4084]
   231 00000289 8D 48 F0                        	LEA	ECX,DWORD [-16+EAX]
   232 0000028C 89 C8                           	MOV	EAX,ECX
   233 0000028E 99                              	CDQ
   234 0000028F F7 FB                           	IDIV	EBX
   235 00000291 89 85 FFFFFC88                  	MOV	DWORD [-888+EBP],EAX
   236 00000297 0F BF 05 00000FF6               	MOVSX	EAX,WORD [4086]
   237 0000029E 8D 48 D4                        	LEA	ECX,DWORD [-44+EAX]
   238 000002A1 89 C8                           	MOV	EAX,ECX
   239 000002A3 99                              	CDQ
   240 000002A4 F7 FB                           	IDIV	EBX
   241 000002A6 50                              	PUSH	EAX
   242 000002A7 89 85 FFFFFC84                  	MOV	DWORD [-892+EBP],EAX
   243 000002AD FF B5 FFFFFC88                  	PUSH	DWORD [-888+EBP]
   244 000002B3 FF B5 FFFFFC7C                  	PUSH	DWORD [-900+EBP]
   245 000002B9 8D 5D C4                        	LEA	EBX,DWORD [-60+EBP]
   246 000002BC E8 [00000000]                   	CALL	_sheet_slide
   247 000002C1 6A 48                           	PUSH	72
   248 000002C3 6A 50                           	PUSH	80
   249 000002C5 FF B5 FFFFFC78                  	PUSH	DWORD [-904+EBP]
   250 000002CB E8 [00000000]                   	CALL	_sheet_slide
   251 000002D0 83 C4 24                        	ADD	ESP,36
   252 000002D3 6A 00                           	PUSH	0
   253 000002D5 FF B5 FFFFFC80                  	PUSH	DWORD [-896+EBP]
   254 000002DB E8 [00000000]                   	CALL	_sheet_updown
   255 000002E0 6A 01                           	PUSH	1
   256 000002E2 FF B5 FFFFFC78                  	PUSH	DWORD [-904+EBP]
   257 000002E8 E8 [00000000]                   	CALL	_sheet_updown
   258 000002ED 6A 02                           	PUSH	2
   259 000002EF FF B5 FFFFFC7C                  	PUSH	DWORD [-900+EBP]
   260 000002F5 E8 [00000000]                   	CALL	_sheet_updown
   261 000002FA FF B5 FFFFFC84                  	PUSH	DWORD [-892+EBP]
   262 00000300 FF B5 FFFFFC88                  	PUSH	DWORD [-888+EBP]
   263 00000306 68 [00000008]                   	PUSH	LC1
   264 0000030B 53                              	PUSH	EBX
   265 0000030C E8 [00000000]                   	CALL	_sprintf
   266 00000311 83 C4 28                        	ADD	ESP,40
   267 00000314 53                              	PUSH	EBX
   268 00000315 6A 07                           	PUSH	7
   269 00000317 6A 00                           	PUSH	0
   270 00000319 6A 00                           	PUSH	0
   271 0000031B 0F BF 05 00000FF4               	MOVSX	EAX,WORD [4084]
   272 00000322 50                              	PUSH	EAX
   273 00000323 57                              	PUSH	EDI
   274 00000324 E8 [00000000]                   	CALL	_putfonts8_asc
   275 00000329 68 003C0000                     	PUSH	3932160
   276 0000032E E8 [00000000]                   	CALL	_memman_total
   277 00000333 C1 E8 0A                        	SHR	EAX,10
   278 00000336 C1 EE 14                        	SHR	ESI,20
   279 00000339 89 04 24                        	MOV	DWORD [ESP],EAX
   280 0000033C 56                              	PUSH	ESI
   281 0000033D 68 [00000013]                   	PUSH	LC2
   282 00000342 53                              	PUSH	EBX
   283 00000343 E8 [00000000]                   	CALL	_sprintf
   284 00000348 83 C4 28                        	ADD	ESP,40
   285 0000034B 53                              	PUSH	EBX
   286 0000034C 6A 07                           	PUSH	7
   287 0000034E 6A 20                           	PUSH	32
   288 00000350 6A 00                           	PUSH	0
   289 00000352 0F BF 05 00000FF4               	MOVSX	EAX,WORD [4084]
   290 00000359 50                              	PUSH	EAX
   291 0000035A 57                              	PUSH	EDI
   292 0000035B E8 [00000000]                   	CALL	_putfonts8_asc
   293 00000360 6A 30                           	PUSH	48
   294 00000362 0F BF 05 00000FF4               	MOVSX	EAX,WORD [4084]
   295 00000369 50                              	PUSH	EAX
   296 0000036A 6A 00                           	PUSH	0
   297 0000036C                                 L27:
   298 0000036C 6A 00                           	PUSH	0
   299 0000036E FF B5 FFFFFC80                  	PUSH	DWORD [-896+EBP]
   300 00000374 E8 [00000000]                   	CALL	_sheet_refresh
   301 00000379 83 C4 2C                        	ADD	ESP,44
   302 0000037C                                 L2:
   303 0000037C FF 35 [00000000]                	PUSH	DWORD [_timerctl]
   304 00000382 68 [0000002D]                   	PUSH	LC3
   305 00000387 8D 5D C4                        	LEA	EBX,DWORD [-60+EBP]
   306 0000038A 53                              	PUSH	EBX
   307 0000038B E8 [00000000]                   	CALL	_sprintf
   308 00000390 6A 2B                           	PUSH	43
   309 00000392 6A 77                           	PUSH	119
   310 00000394 6A 1C                           	PUSH	28
   311 00000396 6A 28                           	PUSH	40
   312 00000398 6A 08                           	PUSH	8
   313 0000039A 68 000000A0                     	PUSH	160
   314 0000039F FF B5 FFFFFC74                  	PUSH	DWORD [-908+EBP]
   315 000003A5 E8 [00000000]                   	CALL	_boxfill8
   316 000003AA 83 C4 28                        	ADD	ESP,40
   317 000003AD 53                              	PUSH	EBX
   318 000003AE 6A 00                           	PUSH	0
   319 000003B0 6A 1C                           	PUSH	28
   320 000003B2 6A 28                           	PUSH	40
   321 000003B4 68 000000A0                     	PUSH	160
   322 000003B9 FF B5 FFFFFC74                  	PUSH	DWORD [-908+EBP]
   323 000003BF E8 [00000000]                   	CALL	_putfonts8_asc
   324 000003C4 6A 2C                           	PUSH	44
   325 000003C6 6A 78                           	PUSH	120
   326 000003C8 6A 1C                           	PUSH	28
   327 000003CA 6A 28                           	PUSH	40
   328 000003CC FF B5 FFFFFC78                  	PUSH	DWORD [-904+EBP]
   329 000003D2 E8 [00000000]                   	CALL	_sheet_refresh
   330 000003D7 83 C4 2C                        	ADD	ESP,44
   331 000003DA E8 [00000000]                   	CALL	_io_cli
   332 000003DF 68 [00000000]                   	PUSH	_keyfifo
   333 000003E4 E8 [00000000]                   	CALL	_fifo8_status
   334 000003E9 5E                              	POP	ESI
   335 000003EA 85 C0                           	TEST	EAX,EAX
   336 000003EC 75 45                           	JNE	L5
   337 000003EE 68 [00000000]                   	PUSH	_mousefifo
   338 000003F3 E8 [00000000]                   	CALL	_fifo8_status
   339 000003F8 5B                              	POP	EBX
   340 000003F9 85 C0                           	TEST	EAX,EAX
   341 000003FB 75 36                           	JNE	L5
   342 000003FD 8D 85 FFFFFCE4                  	LEA	EAX,DWORD [-796+EBP]
   343 00000403 50                              	PUSH	EAX
   344 00000404 E8 [00000000]                   	CALL	_fifo8_status
   345 00000409 89 C3                           	MOV	EBX,EAX
   346 0000040B 8D 85 FFFFFCC4                  	LEA	EAX,DWORD [-828+EBP]
   347 00000411 50                              	PUSH	EAX
   348 00000412 E8 [00000000]                   	CALL	_fifo8_status
   349 00000417 01 C3                           	ADD	EBX,EAX
   350 00000419 8D 85 FFFFFCA4                  	LEA	EAX,DWORD [-860+EBP]
   351 0000041F 50                              	PUSH	EAX
   352 00000420 E8 [00000000]                   	CALL	_fifo8_status
   353 00000425 83 C4 0C                        	ADD	ESP,12
   354 00000428 8D 04 18                        	LEA	EAX,DWORD [EAX+EBX*1]
   355 0000042B 85 C0                           	TEST	EAX,EAX
   356 0000042D 0F 84 00000353                  	JE	L29
   357 00000433                                 L5:
   358 00000433 68 [00000000]                   	PUSH	_keyfifo
   359 00000438 E8 [00000000]                   	CALL	_fifo8_status
   360 0000043D 59                              	POP	ECX
   361 0000043E 85 C0                           	TEST	EAX,EAX
   362 00000440 0F 85 000002E5                  	JNE	L30
   363 00000446 68 [00000000]                   	PUSH	_mousefifo
   364 0000044B E8 [00000000]                   	CALL	_fifo8_status
   365 00000450 5A                              	POP	EDX
   366 00000451 85 C0                           	TEST	EAX,EAX
   367 00000453 0F 85 00000127                  	JNE	L31
   368 00000459 8D 9D FFFFFCE4                  	LEA	EBX,DWORD [-796+EBP]
   369 0000045F 53                              	PUSH	EBX
   370 00000460 E8 [00000000]                   	CALL	_fifo8_status
   371 00000465 5E                              	POP	ESI
   372 00000466 85 C0                           	TEST	EAX,EAX
   373 00000468 0F 85 000000E6                  	JNE	L32
   374 0000046E 8D 9D FFFFFCC4                  	LEA	EBX,DWORD [-828+EBP]
   375 00000474 53                              	PUSH	EBX
   376 00000475 E8 [00000000]                   	CALL	_fifo8_status
   377 0000047A 59                              	POP	ECX
   378 0000047B 85 C0                           	TEST	EAX,EAX
   379 0000047D 0F 85 00000092                  	JNE	L33
   380 00000483 8D B5 FFFFFCA4                  	LEA	ESI,DWORD [-860+EBP]
   381 00000489 56                              	PUSH	ESI
   382 0000048A E8 [00000000]                   	CALL	_fifo8_status
   383 0000048F 5A                              	POP	EDX
   384 00000490 85 C0                           	TEST	EAX,EAX
   385 00000492 0F 84 FFFFFEE4                  	JE	L2
   386 00000498 56                              	PUSH	ESI
   387 00000499 E8 [00000000]                   	CALL	_fifo8_get
   388 0000049E 89 C3                           	MOV	EBX,EAX
   389 000004A0 E8 [00000000]                   	CALL	_io_sti
   390 000004A5 58                              	POP	EAX
   391 000004A6 85 DB                           	TEST	EBX,EBX
   392 000004A8 74 51                           	JE	L24
   393 000004AA 6A 00                           	PUSH	0
   394 000004AC 56                              	PUSH	ESI
   395 000004AD FF B5 FFFFFC70                  	PUSH	DWORD [-912+EBP]
   396 000004B3 E8 [00000000]                   	CALL	_timer_init
   397 000004B8 6A 6F                           	PUSH	111
   398 000004BA 6A 0F                           	PUSH	15
   399 000004BC 6A 60                           	PUSH	96
   400 000004BE 6A 08                           	PUSH	8
   401 000004C0 6A 07                           	PUSH	7
   402 000004C2                                 L28:
   403 000004C2 0F BF 05 00000FF4               	MOVSX	EAX,WORD [4084]
   404 000004C9 50                              	PUSH	EAX
   405 000004CA 57                              	PUSH	EDI
   406 000004CB E8 [00000000]                   	CALL	_boxfill8
   407 000004D0 83 C4 28                        	ADD	ESP,40
   408 000004D3 6A 32                           	PUSH	50
   409 000004D5 FF B5 FFFFFC70                  	PUSH	DWORD [-912+EBP]
   410 000004DB E8 [00000000]                   	CALL	_timer_settime
   411 000004E0 6A 70                           	PUSH	112
   412 000004E2 6A 10                           	PUSH	16
   413 000004E4 6A 56                           	PUSH	86
   414 000004E6 6A 08                           	PUSH	8
   415 000004E8 FF B5 FFFFFC80                  	PUSH	DWORD [-896+EBP]
   416 000004EE E8 [00000000]                   	CALL	_sheet_refresh
   417 000004F3 83 C4 1C                        	ADD	ESP,28
   418 000004F6 E9 FFFFFE81                     	JMP	L2
   419 000004FB                                 L24:
   420 000004FB 6A 01                           	PUSH	1
   421 000004FD 56                              	PUSH	ESI
   422 000004FE FF B5 FFFFFC70                  	PUSH	DWORD [-912+EBP]
   423 00000504 E8 [00000000]                   	CALL	_timer_init
   424 00000509 6A 6F                           	PUSH	111
   425 0000050B 6A 0F                           	PUSH	15
   426 0000050D 6A 60                           	PUSH	96
   427 0000050F 6A 08                           	PUSH	8
   428 00000511 6A 0E                           	PUSH	14
   429 00000513 EB AD                           	JMP	L28
   430 00000515                                 L33:
   431 00000515 53                              	PUSH	EBX
   432 00000516 E8 [00000000]                   	CALL	_fifo8_get
   433 0000051B E8 [00000000]                   	CALL	_io_sti
   434 00000520 68 [00000033]                   	PUSH	LC7
   435 00000525 6A 07                           	PUSH	7
   436 00000527 6A 50                           	PUSH	80
   437 00000529 6A 00                           	PUSH	0
   438 0000052B 0F BF 05 00000FF4               	MOVSX	EAX,WORD [4084]
   439 00000532 50                              	PUSH	EAX
   440 00000533 57                              	PUSH	EDI
   441 00000534 E8 [00000000]                   	CALL	_putfonts8_asc
   442 00000539 6A 60                           	PUSH	96
   443 0000053B 6A 30                           	PUSH	48
   444 0000053D 6A 50                           	PUSH	80
   445 0000053F                                 L26:
   446 0000053F 6A 00                           	PUSH	0
   447 00000541 FF B5 FFFFFC80                  	PUSH	DWORD [-896+EBP]
   448 00000547 E8 [00000000]                   	CALL	_sheet_refresh
   449 0000054C 83 C4 30                        	ADD	ESP,48
   450 0000054F E9 FFFFFE28                     	JMP	L2
   451 00000554                                 L32:
   452 00000554 53                              	PUSH	EBX
   453 00000555 E8 [00000000]                   	CALL	_fifo8_get
   454 0000055A E8 [00000000]                   	CALL	_io_sti
   455 0000055F 68 [0000003A]                   	PUSH	LC6
   456 00000564 6A 07                           	PUSH	7
   457 00000566 6A 40                           	PUSH	64
   458 00000568 6A 00                           	PUSH	0
   459 0000056A 0F BF 05 00000FF4               	MOVSX	EAX,WORD [4084]
   460 00000571 50                              	PUSH	EAX
   461 00000572 57                              	PUSH	EDI
   462 00000573 E8 [00000000]                   	CALL	_putfonts8_asc
   463 00000578 6A 50                           	PUSH	80
   464 0000057A 6A 38                           	PUSH	56
   465 0000057C 6A 40                           	PUSH	64
   466 0000057E EB BF                           	JMP	L26
   467 00000580                                 L31:
   468 00000580 68 [00000000]                   	PUSH	_mousefifo
   469 00000585 E8 [00000000]                   	CALL	_fifo8_get
   470 0000058A 89 C3                           	MOV	EBX,EAX
   471 0000058C E8 [00000000]                   	CALL	_io_sti
   472 00000591 0F B6 C3                        	MOVZX	EAX,BL
   473 00000594 50                              	PUSH	EAX
   474 00000595 8D 85 FFFFFE04                  	LEA	EAX,DWORD [-508+EBP]
   475 0000059B 50                              	PUSH	EAX
   476 0000059C E8 [00000000]                   	CALL	_mouse_decode
   477 000005A1 83 C4 0C                        	ADD	ESP,12
   478 000005A4 85 C0                           	TEST	EAX,EAX
   479 000005A6 0F 84 FFFFFDD0                  	JE	L2
   480 000005AC FF B5 FFFFFE0C                  	PUSH	DWORD [-500+EBP]
   481 000005B2 FF B5 FFFFFE08                  	PUSH	DWORD [-504+EBP]
   482 000005B8 68 [00000042]                   	PUSH	LC5
   483 000005BD 8D 5D C4                        	LEA	EBX,DWORD [-60+EBP]
   484 000005C0 53                              	PUSH	EBX
   485 000005C1 E8 [00000000]                   	CALL	_sprintf
   486 000005C6 83 C4 10                        	ADD	ESP,16
   487 000005C9 8B 85 FFFFFE10                  	MOV	EAX,DWORD [-496+EBP]
   488 000005CF A9 00000001                     	TEST	EAX,1
   489 000005D4 74 04                           	JE	L11
   490 000005D6 C6 45 C5 4C                     	MOV	BYTE [-59+EBP],76
   491 000005DA                                 L11:
   492 000005DA A9 00000002                     	TEST	EAX,2
   493 000005DF 74 04                           	JE	L12
   494 000005E1 C6 45 C7 52                     	MOV	BYTE [-57+EBP],82
   495 000005E5                                 L12:
   496 000005E5 83 E0 04                        	AND	EAX,4
   497 000005E8 74 04                           	JE	L13
   498 000005EA C6 45 C6 43                     	MOV	BYTE [-58+EBP],67
   499 000005EE                                 L13:
   500 000005EE 6A 1F                           	PUSH	31
   501 000005F0 68 00000097                     	PUSH	151
   502 000005F5 6A 10                           	PUSH	16
   503 000005F7 6A 20                           	PUSH	32
   504 000005F9 6A 0E                           	PUSH	14
   505 000005FB 0F BF 05 00000FF4               	MOVSX	EAX,WORD [4084]
   506 00000602 50                              	PUSH	EAX
   507 00000603 57                              	PUSH	EDI
   508 00000604 E8 [00000000]                   	CALL	_boxfill8
   509 00000609 53                              	PUSH	EBX
   510 0000060A 6A 07                           	PUSH	7
   511 0000060C 6A 10                           	PUSH	16
   512 0000060E 6A 20                           	PUSH	32
   513 00000610 0F BF 05 00000FF4               	MOVSX	EAX,WORD [4084]
   514 00000617 50                              	PUSH	EAX
   515 00000618 57                              	PUSH	EDI
   516 00000619 E8 [00000000]                   	CALL	_putfonts8_asc
   517 0000061E 83 C4 34                        	ADD	ESP,52
   518 00000621 6A 20                           	PUSH	32
   519 00000623 68 00000098                     	PUSH	152
   520 00000628 6A 10                           	PUSH	16
   521 0000062A 6A 20                           	PUSH	32
   522 0000062C FF B5 FFFFFC80                  	PUSH	DWORD [-896+EBP]
   523 00000632 E8 [00000000]                   	CALL	_sheet_refresh
   524 00000637 8B 95 FFFFFE08                  	MOV	EDX,DWORD [-504+EBP]
   525 0000063D 8B 85 FFFFFE0C                  	MOV	EAX,DWORD [-500+EBP]
   526 00000643 83 C4 14                        	ADD	ESP,20
   527 00000646 01 85 FFFFFC84                  	ADD	DWORD [-892+EBP],EAX
   528 0000064C 01 95 FFFFFC88                  	ADD	DWORD [-888+EBP],EDX
   529 00000652 0F 88 000000C4                  	JS	L34
   530 00000658                                 L14:
   531 00000658 83 BD FFFFFC84 00               	CMP	DWORD [-892+EBP],0
   532 0000065F 0F 88 000000A8                  	JS	L35
   533 00000665                                 L15:
   534 00000665 0F BF 05 00000FF4               	MOVSX	EAX,WORD [4084]
   535 0000066C 48                              	DEC	EAX
   536 0000066D 39 85 FFFFFC88                  	CMP	DWORD [-888+EBP],EAX
   537 00000673 7E 06                           	JLE	L16
   538 00000675 89 85 FFFFFC88                  	MOV	DWORD [-888+EBP],EAX
   539 0000067B                                 L16:
   540 0000067B 0F BF 05 00000FF6               	MOVSX	EAX,WORD [4086]
   541 00000682 48                              	DEC	EAX
   542 00000683 39 85 FFFFFC84                  	CMP	DWORD [-892+EBP],EAX
   543 00000689 7E 06                           	JLE	L17
   544 0000068B 89 85 FFFFFC84                  	MOV	DWORD [-892+EBP],EAX
   545 00000691                                 L17:
   546 00000691 FF B5 FFFFFC84                  	PUSH	DWORD [-892+EBP]
   547 00000697 FF B5 FFFFFC88                  	PUSH	DWORD [-888+EBP]
   548 0000069D 68 [00000008]                   	PUSH	LC1
   549 000006A2 53                              	PUSH	EBX
   550 000006A3 E8 [00000000]                   	CALL	_sprintf
   551 000006A8 6A 0F                           	PUSH	15
   552 000006AA 6A 4F                           	PUSH	79
   553 000006AC 6A 00                           	PUSH	0
   554 000006AE 6A 00                           	PUSH	0
   555 000006B0 6A 0E                           	PUSH	14
   556 000006B2 0F BF 05 00000FF4               	MOVSX	EAX,WORD [4084]
   557 000006B9 50                              	PUSH	EAX
   558 000006BA 57                              	PUSH	EDI
   559 000006BB E8 [00000000]                   	CALL	_boxfill8
   560 000006C0 83 C4 2C                        	ADD	ESP,44
   561 000006C3 53                              	PUSH	EBX
   562 000006C4 6A 07                           	PUSH	7
   563 000006C6 6A 00                           	PUSH	0
   564 000006C8 6A 00                           	PUSH	0
   565 000006CA 0F BF 05 00000FF4               	MOVSX	EAX,WORD [4084]
   566 000006D1 50                              	PUSH	EAX
   567 000006D2 57                              	PUSH	EDI
   568 000006D3 E8 [00000000]                   	CALL	_putfonts8_asc
   569 000006D8 6A 10                           	PUSH	16
   570 000006DA 6A 50                           	PUSH	80
   571 000006DC 6A 00                           	PUSH	0
   572 000006DE 6A 00                           	PUSH	0
   573 000006E0 FF B5 FFFFFC80                  	PUSH	DWORD [-896+EBP]
   574 000006E6 E8 [00000000]                   	CALL	_sheet_refresh
   575 000006EB 83 C4 2C                        	ADD	ESP,44
   576 000006EE FF B5 FFFFFC84                  	PUSH	DWORD [-892+EBP]
   577 000006F4 FF B5 FFFFFC88                  	PUSH	DWORD [-888+EBP]
   578 000006FA FF B5 FFFFFC7C                  	PUSH	DWORD [-900+EBP]
   579 00000700 E8 [00000000]                   	CALL	_sheet_slide
   580 00000705 83 C4 0C                        	ADD	ESP,12
   581 00000708 E9 FFFFFC6F                     	JMP	L2
   582 0000070D                                 L35:
   583 0000070D C7 85 FFFFFC84 00000000         	MOV	DWORD [-892+EBP],0
   584 00000717 E9 FFFFFF49                     	JMP	L15
   585 0000071C                                 L34:
   586 0000071C C7 85 FFFFFC88 00000000         	MOV	DWORD [-888+EBP],0
   587 00000726 E9 FFFFFF2D                     	JMP	L14
   588 0000072B                                 L30:
   589 0000072B 68 [00000000]                   	PUSH	_keyfifo
   590 00000730 E8 [00000000]                   	CALL	_fifo8_get
   591 00000735 89 C3                           	MOV	EBX,EAX
   592 00000737 E8 [00000000]                   	CALL	_io_sti
   593 0000073C 53                              	PUSH	EBX
   594 0000073D 8D 5D C4                        	LEA	EBX,DWORD [-60+EBP]
   595 00000740 68 [00000050]                   	PUSH	LC4
   596 00000745 53                              	PUSH	EBX
   597 00000746 E8 [00000000]                   	CALL	_sprintf
   598 0000074B 6A 1F                           	PUSH	31
   599 0000074D 6A 0F                           	PUSH	15
   600 0000074F 6A 10                           	PUSH	16
   601 00000751 6A 00                           	PUSH	0
   602 00000753 6A 0E                           	PUSH	14
   603 00000755 0F BF 05 00000FF4               	MOVSX	EAX,WORD [4084]
   604 0000075C 50                              	PUSH	EAX
   605 0000075D 57                              	PUSH	EDI
   606 0000075E E8 [00000000]                   	CALL	_boxfill8
   607 00000763 83 C4 2C                        	ADD	ESP,44
   608 00000766 53                              	PUSH	EBX
   609 00000767 6A 07                           	PUSH	7
   610 00000769 6A 10                           	PUSH	16
   611 0000076B 6A 00                           	PUSH	0
   612 0000076D 0F BF 05 00000FF4               	MOVSX	EAX,WORD [4084]
   613 00000774 50                              	PUSH	EAX
   614 00000775 57                              	PUSH	EDI
   615 00000776 E8 [00000000]                   	CALL	_putfonts8_asc
   616 0000077B 6A 20                           	PUSH	32
   617 0000077D 6A 10                           	PUSH	16
   618 0000077F 6A 10                           	PUSH	16
   619 00000781 E9 FFFFFBE6                     	JMP	L27
   620 00000786                                 L29:
   621 00000786 E8 [00000000]                   	CALL	_io_sti
   622 0000078B E9 FFFFFBEC                     	JMP	L2
   623                                          [SECTION .data]
   624 00000055                                 _closebtn.0:
   625 00000055 4F 4F 4F 4F 4F 4F 4F 4F 4F 4F   	DB	"OOOOOOOOOOOOOOO@"
       0000005F 4F 4F 4F 4F 4F 40 
   626 00000065 4F 51 51 51 51 51 51 51 51 51   	DB	"OQQQQQQQQQQQQQ$@"
       0000006F 51 51 51 51 24 40 
   627 00000075 4F 51 51 51 51 51 51 51 51 51   	DB	"OQQQQQQQQQQQQQ$@"
       0000007F 51 51 51 51 24 40 
   628 00000085 4F 51 51 51 40 40 51 51 51 51   	DB	"OQQQ@@QQQQ@@QQ$@"
       0000008F 40 40 51 51 24 40 
   629 00000095 4F 51 51 51 51 40 40 51 51 40   	DB	"OQQQQ@@QQ@@QQQ$@"
       0000009F 40 51 51 51 24 40 
   630 000000A5 4F 51 51 51 51 51 40 40 40 40   	DB	"OQQQQQ@@@@QQQQ$@"
       000000AF 51 51 51 51 24 40 
   631 000000B5 4F 51 51 51 51 51 51 40 40 51   	DB	"OQQQQQQ@@QQQQQ$@"
       000000BF 51 51 51 51 24 40 
   632 000000C5 4F 51 51 51 51 51 40 40 40 40   	DB	"OQQQQQ@@@@QQQQ$@"
       000000CF 51 51 51 51 24 40 
   633 000000D5 4F 51 51 51 51 40 40 51 51 40   	DB	"OQQQQ@@QQ@@QQQ$@"
       000000DF 40 51 51 51 24 40 
   634 000000E5 4F 51 51 51 40 40 51 51 51 51   	DB	"OQQQ@@QQQQ@@QQ$@"
       000000EF 40 40 51 51 24 40 
   635 000000F5 4F 51 51 51 51 51 51 51 51 51   	DB	"OQQQQQQQQQQQQQ$@"
       000000FF 51 51 51 51 24 40 
   636 00000105 4F 51 51 51 51 51 51 51 51 51   	DB	"OQQQQQQQQQQQQQ$@"
       0000010F 51 51 51 51 24 40 
   637 00000115 4F 24 24 24 24 24 24 24 24 24   	DB	"O$$$$$$$$$$$$$$@"
       0000011F 24 24 24 24 24 40 
   638 00000125 40 40 40 40 40 40 40 40 40 40   	DB	"@@@@@@@@@@@@@@@@"
       0000012F 40 40 40 40 40 40 
   639                                          [SECTION .text]
   640 00000790                                 	GLOBAL	_make_window8
   641 00000790                                 _make_window8:
   642 00000790 55                              	PUSH	EBP
   643 00000791 89 E5                           	MOV	EBP,ESP
   644 00000793 57                              	PUSH	EDI
   645 00000794 56                              	PUSH	ESI
   646 00000795 53                              	PUSH	EBX
   647 00000796 83 EC 14                        	SUB	ESP,20
   648 00000799 8B 5D 0C                        	MOV	EBX,DWORD [12+EBP]
   649 0000079C 6A 00                           	PUSH	0
   650 0000079E 8D 43 FF                        	LEA	EAX,DWORD [-1+EBX]
   651 000007A1 8D 7B FE                        	LEA	EDI,DWORD [-2+EBX]
   652 000007A4 50                              	PUSH	EAX
   653 000007A5 89 45 EC                        	MOV	DWORD [-20+EBP],EAX
   654 000007A8 6A 00                           	PUSH	0
   655 000007AA 6A 00                           	PUSH	0
   656 000007AC 6A 08                           	PUSH	8
   657 000007AE 53                              	PUSH	EBX
   658 000007AF FF 75 08                        	PUSH	DWORD [8+EBP]
   659 000007B2 E8 [00000000]                   	CALL	_boxfill8
   660 000007B7 6A 01                           	PUSH	1
   661 000007B9 57                              	PUSH	EDI
   662 000007BA 6A 01                           	PUSH	1
   663 000007BC 6A 01                           	PUSH	1
   664 000007BE 6A 07                           	PUSH	7
   665 000007C0 53                              	PUSH	EBX
   666 000007C1 FF 75 08                        	PUSH	DWORD [8+EBP]
   667 000007C4 E8 [00000000]                   	CALL	_boxfill8
   668 000007C9 8B 55 10                        	MOV	EDX,DWORD [16+EBP]
   669 000007CC 83 C4 38                        	ADD	ESP,56
   670 000007CF 4A                              	DEC	EDX
   671 000007D0 89 55 E8                        	MOV	DWORD [-24+EBP],EDX
   672 000007D3 52                              	PUSH	EDX
   673 000007D4 6A 00                           	PUSH	0
   674 000007D6 6A 00                           	PUSH	0
   675 000007D8 6A 00                           	PUSH	0
   676 000007DA 6A 08                           	PUSH	8
   677 000007DC 53                              	PUSH	EBX
   678 000007DD FF 75 08                        	PUSH	DWORD [8+EBP]
   679 000007E0 E8 [00000000]                   	CALL	_boxfill8
   680 000007E5 8B 75 10                        	MOV	ESI,DWORD [16+EBP]
   681 000007E8 83 EE 02                        	SUB	ESI,2
   682 000007EB 56                              	PUSH	ESI
   683 000007EC 6A 01                           	PUSH	1
   684 000007EE 6A 01                           	PUSH	1
   685 000007F0 6A 01                           	PUSH	1
   686 000007F2 6A 07                           	PUSH	7
   687 000007F4 53                              	PUSH	EBX
   688 000007F5 FF 75 08                        	PUSH	DWORD [8+EBP]
   689 000007F8 E8 [00000000]                   	CALL	_boxfill8
   690 000007FD 83 C4 38                        	ADD	ESP,56
   691 00000800 56                              	PUSH	ESI
   692 00000801 57                              	PUSH	EDI
   693 00000802 6A 01                           	PUSH	1
   694 00000804 57                              	PUSH	EDI
   695 00000805 6A 0F                           	PUSH	15
   696 00000807 53                              	PUSH	EBX
   697 00000808 FF 75 08                        	PUSH	DWORD [8+EBP]
   698 0000080B E8 [00000000]                   	CALL	_boxfill8
   699 00000810 FF 75 E8                        	PUSH	DWORD [-24+EBP]
   700 00000813 FF 75 EC                        	PUSH	DWORD [-20+EBP]
   701 00000816 6A 00                           	PUSH	0
   702 00000818 FF 75 EC                        	PUSH	DWORD [-20+EBP]
   703 0000081B 6A 00                           	PUSH	0
   704 0000081D 53                              	PUSH	EBX
   705 0000081E FF 75 08                        	PUSH	DWORD [8+EBP]
   706 00000821 E8 [00000000]                   	CALL	_boxfill8
   707 00000826 8B 45 10                        	MOV	EAX,DWORD [16+EBP]
   708 00000829 83 C4 38                        	ADD	ESP,56
   709 0000082C 83 E8 03                        	SUB	EAX,3
   710 0000082F 50                              	PUSH	EAX
   711 00000830 8D 43 FD                        	LEA	EAX,DWORD [-3+EBX]
   712 00000833 50                              	PUSH	EAX
   713 00000834 6A 02                           	PUSH	2
   714 00000836 6A 02                           	PUSH	2
   715 00000838 6A 08                           	PUSH	8
   716 0000083A 53                              	PUSH	EBX
   717 0000083B FF 75 08                        	PUSH	DWORD [8+EBP]
   718 0000083E E8 [00000000]                   	CALL	_boxfill8
   719 00000843 8D 43 FC                        	LEA	EAX,DWORD [-4+EBX]
   720 00000846 6A 14                           	PUSH	20
   721 00000848 50                              	PUSH	EAX
   722 00000849 6A 03                           	PUSH	3
   723 0000084B 6A 03                           	PUSH	3
   724 0000084D 6A 0C                           	PUSH	12
   725 0000084F 53                              	PUSH	EBX
   726 00000850 FF 75 08                        	PUSH	DWORD [8+EBP]
   727 00000853 E8 [00000000]                   	CALL	_boxfill8
   728 00000858 83 C4 38                        	ADD	ESP,56
   729 0000085B 56                              	PUSH	ESI
   730 0000085C 57                              	PUSH	EDI
   731 0000085D 56                              	PUSH	ESI
   732 0000085E 6A 01                           	PUSH	1
   733 00000860 6A 0F                           	PUSH	15
   734 00000862 53                              	PUSH	EBX
   735 00000863 FF 75 08                        	PUSH	DWORD [8+EBP]
   736 00000866 E8 [00000000]                   	CALL	_boxfill8
   737 0000086B FF 75 E8                        	PUSH	DWORD [-24+EBP]
   738 0000086E FF 75 EC                        	PUSH	DWORD [-20+EBP]
   739 00000871 FF 75 E8                        	PUSH	DWORD [-24+EBP]
   740 00000874 6A 00                           	PUSH	0
   741 00000876 6A 00                           	PUSH	0
   742 00000878 6B F3 05                        	IMUL	ESI,EBX,5
   743 0000087B 53                              	PUSH	EBX
   744 0000087C FF 75 08                        	PUSH	DWORD [8+EBP]
   745 0000087F E8 [00000000]                   	CALL	_boxfill8
   746 00000884 83 C4 38                        	ADD	ESP,56
   747 00000887 FF 75 14                        	PUSH	DWORD [20+EBP]
   748 0000088A 6A 07                           	PUSH	7
   749 0000088C 6A 04                           	PUSH	4
   750 0000088E 6A 18                           	PUSH	24
   751 00000890 53                              	PUSH	EBX
   752 00000891 FF 75 08                        	PUSH	DWORD [8+EBP]
   753 00000894 E8 [00000000]                   	CALL	_putfonts8_asc
   754 00000899 83 C4 18                        	ADD	ESP,24
   755 0000089C C7 45 F0 00000000               	MOV	DWORD [-16+EBP],0
   756 000008A3 C7 45 E0 00000000               	MOV	DWORD [-32+EBP],0
   757 000008AA                                 L52:
   758 000008AA 8D 04 1E                        	LEA	EAX,DWORD [ESI+EBX*1]
   759 000008AD 8B 55 08                        	MOV	EDX,DWORD [8+EBP]
   760 000008B0 31 FF                           	XOR	EDI,EDI
   761 000008B2 8D 4C 02 EB                     	LEA	ECX,DWORD [-21+EDX+EAX*1]
   762 000008B6                                 L51:
   763 000008B6 8B 45 E0                        	MOV	EAX,DWORD [-32+EBP]
   764 000008B9 8A 94 07 [00000055]             	MOV	DL,BYTE [_closebtn.0+EDI+EAX*1]
   765 000008C0 80 FA 40                        	CMP	DL,64
   766 000008C3 74 33                           	JE	L57
   767 000008C5 80 FA 24                        	CMP	DL,36
   768 000008C8 74 2A                           	JE	L58
   769 000008CA 80 FA 51                        	CMP	DL,81
   770 000008CD B2 08                           	MOV	DL,8
   771 000008CF 0F 95 C0                        	SETNE	AL
   772 000008D2 28 C2                           	SUB	DL,AL
   773 000008D4                                 L46:
   774 000008D4 47                              	INC	EDI
   775 000008D5 88 11                           	MOV	BYTE [ECX],DL
   776 000008D7 41                              	INC	ECX
   777 000008D8 83 FF 0F                        	CMP	EDI,15
   778 000008DB 7E D9                           	JLE	L51
   779 000008DD FF 45 F0                        	INC	DWORD [-16+EBP]
   780 000008E0 01 DE                           	ADD	ESI,EBX
   781 000008E2 83 45 E0 10                     	ADD	DWORD [-32+EBP],16
   782 000008E6 83 7D F0 0D                     	CMP	DWORD [-16+EBP],13
   783 000008EA 7E BE                           	JLE	L52
   784 000008EC 8D 65 F4                        	LEA	ESP,DWORD [-12+EBP]
   785 000008EF 5B                              	POP	EBX
   786 000008F0 5E                              	POP	ESI
   787 000008F1 5F                              	POP	EDI
   788 000008F2 5D                              	POP	EBP
   789 000008F3 C3                              	RET
   790 000008F4                                 L58:
   791 000008F4 B2 0F                           	MOV	DL,15
   792 000008F6 EB DC                           	JMP	L46
   793 000008F8                                 L57:
   794 000008F8 31 D2                           	XOR	EDX,EDX
   795 000008FA EB D8                           	JMP	L46
