     1 00000000                                 [FORMAT "WCOFF"]
     2 00000000                                 [INSTRSET "i486p"]
     3 00000000                                 [OPTIMIZE 1]
     4 00000000                                 [OPTION 1]
     5 00000000                                 [BITS 32]
     6 00000000                                 	EXTERN	_init_gdtidt
     7 00000000                                 	EXTERN	_init_pic
     8 00000000                                 	EXTERN	_io_sti
     9 00000000                                 	EXTERN	_keyfifo
    10 00000000                                 	EXTERN	_fifo8_init
    11 00000000                                 	EXTERN	_mousefifo
    12 00000000                                 	EXTERN	_io_out8
    13 00000000                                 	EXTERN	_init_keyboard
    14 00000000                                 	EXTERN	_enable_mouse
    15 00000000                                 	EXTERN	_memtest
    16 00000000                                 	EXTERN	_memman_init
    17 00000000                                 	EXTERN	_memman_free
    18 00000000                                 	EXTERN	_init_palette
    19 00000000                                 	EXTERN	_shtctl_init
    20 00000000                                 	EXTERN	_sheet_alloc
    21 00000000                                 	EXTERN	_memman_alloc_4k
    22 00000000                                 	EXTERN	_sheet_setbuf
    23 00000000                                 	EXTERN	_init_screen8
    24 00000000                                 	EXTERN	_init_mouse_cursor8
    25 00000000                                 	EXTERN	_sheet_slide
    26 00000000                                 	EXTERN	_sheet_updown
    27 00000000                                 	EXTERN	_sprintf
    28 00000000                                 	EXTERN	_putfonts8_asc
    29 00000000                                 	EXTERN	_memman_total
    30 00000000                                 	EXTERN	_sheet_refresh
    31 00000000                                 	EXTERN	_boxfill8
    32 00000000                                 	EXTERN	_io_cli
    33 00000000                                 	EXTERN	_fifo8_status
    34 00000000                                 	EXTERN	_fifo8_get
    35 00000000                                 	EXTERN	_mouse_decode
    36 00000000                                 	EXTERN	_io_stihlt
    37 00000000                                 [FILE "bootpack.c"]
    38                                          [SECTION .data]
    39 00000000                                 LC0:
    40 00000000 43 6F 75 6E 74 65 72 00         	DB	"Counter",0x00
    41 00000008                                 LC1:
    42 00000008 28 25 33 64 2C 20 25 33 64 29   	DB	"(%3d, %3d)",0x00
       00000012 00 
    43 00000013                                 LC2:
    44 00000013 6D 65 6D 6F 72 79 20 25 64 4D   	DB	"memory %dMB   free : %dKB",0x00
       0000001D 42 20 20 20 66 72 65 65 20 3A 
       00000027 20 25 64 4B 42 00 
    45 0000002D                                 LC3:
    46 0000002D 25 30 31 30 64 00               	DB	"%010d",0x00
    47 00000033                                 LC5:
    48 00000033 5B 6C 63 72 20 25 34 64 20 25   	DB	"[lcr %4d %4d]",0x00
       0000003D 34 64 5D 00 
    49 00000041                                 LC4:
    50 00000041 25 30 32 58 00                  	DB	"%02X",0x00
    51                                          [SECTION .text]
    52 00000000                                 	GLOBAL	_HariMain
    53 00000000                                 _HariMain:
    54 00000000 55                              	PUSH	EBP
    55 00000001 89 E5                           	MOV	EBP,ESP
    56 00000003 57                              	PUSH	EDI
    57 00000004 56                              	PUSH	ESI
    58 00000005 53                              	PUSH	EBX
    59 00000006 81 EC 00000314                  	SUB	ESP,788
    60 0000000C C7 85 FFFFFCE8 00000000         	MOV	DWORD [-792+EBP],0
    61 00000016 E8 [00000000]                   	CALL	_init_gdtidt
    62 0000001B E8 [00000000]                   	CALL	_init_pic
    63 00000020 E8 [00000000]                   	CALL	_io_sti
    64 00000025 8D 85 FFFFFEA4                  	LEA	EAX,DWORD [-348+EBP]
    65 0000002B 50                              	PUSH	EAX
    66 0000002C 6A 20                           	PUSH	32
    67 0000002E 68 [00000000]                   	PUSH	_keyfifo
    68 00000033 E8 [00000000]                   	CALL	_fifo8_init
    69 00000038 8D 85 FFFFFE24                  	LEA	EAX,DWORD [-476+EBP]
    70 0000003E 50                              	PUSH	EAX
    71 0000003F 68 00000080                     	PUSH	128
    72 00000044 68 [00000000]                   	PUSH	_mousefifo
    73 00000049 E8 [00000000]                   	CALL	_fifo8_init
    74 0000004E 68 000000F9                     	PUSH	249
    75 00000053 6A 21                           	PUSH	33
    76 00000055 E8 [00000000]                   	CALL	_io_out8
    77 0000005A 83 C4 20                        	ADD	ESP,32
    78 0000005D 68 000000EF                     	PUSH	239
    79 00000062 68 000000A1                     	PUSH	161
    80 00000067 E8 [00000000]                   	CALL	_io_out8
    81 0000006C E8 [00000000]                   	CALL	_init_keyboard
    82 00000071 8D 85 FFFFFE04                  	LEA	EAX,DWORD [-508+EBP]
    83 00000077 50                              	PUSH	EAX
    84 00000078 E8 [00000000]                   	CALL	_enable_mouse
    85 0000007D 68 BFFFFFFF                     	PUSH	-1073741825
    86 00000082 68 00400000                     	PUSH	4194304
    87 00000087 E8 [00000000]                   	CALL	_memtest
    88 0000008C 68 003C0000                     	PUSH	3932160
    89 00000091 89 85 FFFFFD00                  	MOV	DWORD [-768+EBP],EAX
    90 00000097 E8 [00000000]                   	CALL	_memman_init
    91 0000009C 68 0009E000                     	PUSH	647168
    92 000000A1 68 00001000                     	PUSH	4096
    93 000000A6 68 003C0000                     	PUSH	3932160
    94 000000AB E8 [00000000]                   	CALL	_memman_free
    95 000000B0 8B 85 FFFFFD00                  	MOV	EAX,DWORD [-768+EBP]
    96 000000B6 83 C4 24                        	ADD	ESP,36
    97 000000B9 2D 00400000                     	SUB	EAX,4194304
    98 000000BE 50                              	PUSH	EAX
    99 000000BF 68 00400000                     	PUSH	4194304
   100 000000C4 68 003C0000                     	PUSH	3932160
   101 000000C9 E8 [00000000]                   	CALL	_memman_free
   102 000000CE E8 [00000000]                   	CALL	_init_palette
   103 000000D3 0F BF 05 00000FF6               	MOVSX	EAX,WORD [4086]
   104 000000DA 50                              	PUSH	EAX
   105 000000DB 0F BF 05 00000FF4               	MOVSX	EAX,WORD [4084]
   106 000000E2 50                              	PUSH	EAX
   107 000000E3 FF 35 00000FF8                  	PUSH	DWORD [4088]
   108 000000E9 68 003C0000                     	PUSH	3932160
   109 000000EE E8 [00000000]                   	CALL	_shtctl_init
   110 000000F3 89 C3                           	MOV	EBX,EAX
   111 000000F5 50                              	PUSH	EAX
   112 000000F6 E8 [00000000]                   	CALL	_sheet_alloc
   113 000000FB 83 C4 20                        	ADD	ESP,32
   114 000000FE 53                              	PUSH	EBX
   115 000000FF 89 85 FFFFFCFC                  	MOV	DWORD [-772+EBP],EAX
   116 00000105 E8 [00000000]                   	CALL	_sheet_alloc
   117 0000010A 53                              	PUSH	EBX
   118 0000010B 8D 9D FFFFFD04                  	LEA	EBX,DWORD [-764+EBP]
   119 00000111 89 85 FFFFFCF8                  	MOV	DWORD [-776+EBP],EAX
   120 00000117 E8 [00000000]                   	CALL	_sheet_alloc
   121 0000011C 0F BF 15 00000FF6               	MOVSX	EDX,WORD [4086]
   122 00000123 89 85 FFFFFCF4                  	MOV	DWORD [-780+EBP],EAX
   123 00000129 0F BF 05 00000FF4               	MOVSX	EAX,WORD [4084]
   124 00000130 0F AF C2                        	IMUL	EAX,EDX
   125 00000133 50                              	PUSH	EAX
   126 00000134 68 003C0000                     	PUSH	3932160
   127 00000139 E8 [00000000]                   	CALL	_memman_alloc_4k
   128 0000013E 68 00002080                     	PUSH	8320
   129 00000143 68 003C0000                     	PUSH	3932160
   130 00000148 89 85 FFFFFCF0                  	MOV	DWORD [-784+EBP],EAX
   131 0000014E E8 [00000000]                   	CALL	_memman_alloc_4k
   132 00000153 6A FF                           	PUSH	-1
   133 00000155 89 85 FFFFFCEC                  	MOV	DWORD [-788+EBP],EAX
   134 0000015B 0F BF 05 00000FF6               	MOVSX	EAX,WORD [4086]
   135 00000162 50                              	PUSH	EAX
   136 00000163 0F BF 05 00000FF4               	MOVSX	EAX,WORD [4084]
   137 0000016A 50                              	PUSH	EAX
   138 0000016B FF B5 FFFFFCF0                  	PUSH	DWORD [-784+EBP]
   139 00000171 FF B5 FFFFFCFC                  	PUSH	DWORD [-772+EBP]
   140 00000177 E8 [00000000]                   	CALL	_sheet_setbuf
   141 0000017C 83 C4 2C                        	ADD	ESP,44
   142 0000017F 6A 63                           	PUSH	99
   143 00000181 6A 10                           	PUSH	16
   144 00000183 6A 10                           	PUSH	16
   145 00000185 53                              	PUSH	EBX
   146 00000186 FF B5 FFFFFCF8                  	PUSH	DWORD [-776+EBP]
   147 0000018C E8 [00000000]                   	CALL	_sheet_setbuf
   148 00000191 6A FF                           	PUSH	-1
   149 00000193 6A 44                           	PUSH	68
   150 00000195 68 000000A0                     	PUSH	160
   151 0000019A FF B5 FFFFFCEC                  	PUSH	DWORD [-788+EBP]
   152 000001A0 FF B5 FFFFFCF4                  	PUSH	DWORD [-780+EBP]
   153 000001A6 E8 [00000000]                   	CALL	_sheet_setbuf
   154 000001AB 83 C4 28                        	ADD	ESP,40
   155 000001AE 0F BF 05 00000FF6               	MOVSX	EAX,WORD [4086]
   156 000001B5 50                              	PUSH	EAX
   157 000001B6 0F BF 05 00000FF4               	MOVSX	EAX,WORD [4084]
   158 000001BD 50                              	PUSH	EAX
   159 000001BE FF B5 FFFFFCF0                  	PUSH	DWORD [-784+EBP]
   160 000001C4 E8 [00000000]                   	CALL	_init_screen8
   161 000001C9 6A 63                           	PUSH	99
   162 000001CB 53                              	PUSH	EBX
   163 000001CC BB 00000002                     	MOV	EBX,2
   164 000001D1 E8 [00000000]                   	CALL	_init_mouse_cursor8
   165 000001D6 68 [00000000]                   	PUSH	LC0
   166 000001DB 6A 44                           	PUSH	68
   167 000001DD 68 000000A0                     	PUSH	160
   168 000001E2 FF B5 FFFFFCEC                  	PUSH	DWORD [-788+EBP]
   169 000001E8 E8 000003A2                     	CALL	_make_windows
   170 000001ED 83 C4 24                        	ADD	ESP,36
   171 000001F0 6A 00                           	PUSH	0
   172 000001F2 6A 00                           	PUSH	0
   173 000001F4 FF B5 FFFFFCFC                  	PUSH	DWORD [-772+EBP]
   174 000001FA E8 [00000000]                   	CALL	_sheet_slide
   175 000001FF 0F BF 05 00000FF4               	MOVSX	EAX,WORD [4084]
   176 00000206 8D 48 F0                        	LEA	ECX,DWORD [-16+EAX]
   177 00000209 89 C8                           	MOV	EAX,ECX
   178 0000020B 99                              	CDQ
   179 0000020C F7 FB                           	IDIV	EBX
   180 0000020E 89 C6                           	MOV	ESI,EAX
   181 00000210 0F BF 05 00000FF6               	MOVSX	EAX,WORD [4086]
   182 00000217 8D 48 D4                        	LEA	ECX,DWORD [-44+EAX]
   183 0000021A 89 C8                           	MOV	EAX,ECX
   184 0000021C 99                              	CDQ
   185 0000021D F7 FB                           	IDIV	EBX
   186 0000021F 50                              	PUSH	EAX
   187 00000220 89 C7                           	MOV	EDI,EAX
   188 00000222 56                              	PUSH	ESI
   189 00000223 8D 5D C4                        	LEA	EBX,DWORD [-60+EBP]
   190 00000226 FF B5 FFFFFCF8                  	PUSH	DWORD [-776+EBP]
   191 0000022C E8 [00000000]                   	CALL	_sheet_slide
   192 00000231 6A 48                           	PUSH	72
   193 00000233 6A 50                           	PUSH	80
   194 00000235 FF B5 FFFFFCF4                  	PUSH	DWORD [-780+EBP]
   195 0000023B E8 [00000000]                   	CALL	_sheet_slide
   196 00000240 83 C4 24                        	ADD	ESP,36
   197 00000243 6A 00                           	PUSH	0
   198 00000245 FF B5 FFFFFCFC                  	PUSH	DWORD [-772+EBP]
   199 0000024B E8 [00000000]                   	CALL	_sheet_updown
   200 00000250 6A 01                           	PUSH	1
   201 00000252 FF B5 FFFFFCF4                  	PUSH	DWORD [-780+EBP]
   202 00000258 E8 [00000000]                   	CALL	_sheet_updown
   203 0000025D 6A 02                           	PUSH	2
   204 0000025F FF B5 FFFFFCF8                  	PUSH	DWORD [-776+EBP]
   205 00000265 E8 [00000000]                   	CALL	_sheet_updown
   206 0000026A 57                              	PUSH	EDI
   207 0000026B 56                              	PUSH	ESI
   208 0000026C 68 [00000008]                   	PUSH	LC1
   209 00000271 53                              	PUSH	EBX
   210 00000272 E8 [00000000]                   	CALL	_sprintf
   211 00000277 83 C4 28                        	ADD	ESP,40
   212 0000027A 53                              	PUSH	EBX
   213 0000027B 6A 07                           	PUSH	7
   214 0000027D 6A 00                           	PUSH	0
   215 0000027F 6A 00                           	PUSH	0
   216 00000281 0F BF 05 00000FF4               	MOVSX	EAX,WORD [4084]
   217 00000288 50                              	PUSH	EAX
   218 00000289 FF B5 FFFFFCF0                  	PUSH	DWORD [-784+EBP]
   219 0000028F E8 [00000000]                   	CALL	_putfonts8_asc
   220 00000294 68 003C0000                     	PUSH	3932160
   221 00000299 E8 [00000000]                   	CALL	_memman_total
   222 0000029E C1 AD FFFFFD00 14               	SHR	DWORD [-768+EBP],20
   223 000002A5 C1 E8 0A                        	SHR	EAX,10
   224 000002A8 89 04 24                        	MOV	DWORD [ESP],EAX
   225 000002AB FF B5 FFFFFD00                  	PUSH	DWORD [-768+EBP]
   226 000002B1 68 [00000013]                   	PUSH	LC2
   227 000002B6 53                              	PUSH	EBX
   228 000002B7 E8 [00000000]                   	CALL	_sprintf
   229 000002BC 83 C4 28                        	ADD	ESP,40
   230 000002BF 53                              	PUSH	EBX
   231 000002C0 6A 07                           	PUSH	7
   232 000002C2 6A 20                           	PUSH	32
   233 000002C4 6A 00                           	PUSH	0
   234 000002C6 0F BF 05 00000FF4               	MOVSX	EAX,WORD [4084]
   235 000002CD 50                              	PUSH	EAX
   236 000002CE FF B5 FFFFFCF0                  	PUSH	DWORD [-784+EBP]
   237 000002D4 E8 [00000000]                   	CALL	_putfonts8_asc
   238 000002D9 6A 30                           	PUSH	48
   239 000002DB 0F BF 05 00000FF4               	MOVSX	EAX,WORD [4084]
   240 000002E2 50                              	PUSH	EAX
   241 000002E3 6A 00                           	PUSH	0
   242 000002E5                                 L18:
   243 000002E5 6A 00                           	PUSH	0
   244 000002E7 FF B5 FFFFFCFC                  	PUSH	DWORD [-772+EBP]
   245 000002ED E8 [00000000]                   	CALL	_sheet_refresh
   246 000002F2 83 C4 2C                        	ADD	ESP,44
   247 000002F5                                 L2:
   248 000002F5 FF 85 FFFFFCE8                  	INC	DWORD [-792+EBP]
   249 000002FB 8D 5D C4                        	LEA	EBX,DWORD [-60+EBP]
   250 000002FE FF B5 FFFFFCE8                  	PUSH	DWORD [-792+EBP]
   251 00000304 68 [0000002D]                   	PUSH	LC3
   252 00000309 53                              	PUSH	EBX
   253 0000030A E8 [00000000]                   	CALL	_sprintf
   254 0000030F 6A 2B                           	PUSH	43
   255 00000311 6A 77                           	PUSH	119
   256 00000313 6A 1C                           	PUSH	28
   257 00000315 6A 28                           	PUSH	40
   258 00000317 6A 08                           	PUSH	8
   259 00000319 68 000000A0                     	PUSH	160
   260 0000031E FF B5 FFFFFCEC                  	PUSH	DWORD [-788+EBP]
   261 00000324 E8 [00000000]                   	CALL	_boxfill8
   262 00000329 83 C4 28                        	ADD	ESP,40
   263 0000032C 53                              	PUSH	EBX
   264 0000032D 6A 00                           	PUSH	0
   265 0000032F 6A 1C                           	PUSH	28
   266 00000331 6A 28                           	PUSH	40
   267 00000333 68 000000A0                     	PUSH	160
   268 00000338 FF B5 FFFFFCEC                  	PUSH	DWORD [-788+EBP]
   269 0000033E E8 [00000000]                   	CALL	_putfonts8_asc
   270 00000343 6A 2C                           	PUSH	44
   271 00000345 6A 78                           	PUSH	120
   272 00000347 6A 1C                           	PUSH	28
   273 00000349 6A 28                           	PUSH	40
   274 0000034B FF B5 FFFFFCF4                  	PUSH	DWORD [-780+EBP]
   275 00000351 E8 [00000000]                   	CALL	_sheet_refresh
   276 00000356 83 C4 2C                        	ADD	ESP,44
   277 00000359 E8 [00000000]                   	CALL	_io_cli
   278 0000035E 68 [00000000]                   	PUSH	_keyfifo
   279 00000363 E8 [00000000]                   	CALL	_fifo8_status
   280 00000368 5A                              	POP	EDX
   281 00000369 85 C0                           	TEST	EAX,EAX
   282 0000036B 75 13                           	JNE	L5
   283 0000036D 68 [00000000]                   	PUSH	_mousefifo
   284 00000372 E8 [00000000]                   	CALL	_fifo8_status
   285 00000377 5B                              	POP	EBX
   286 00000378 85 C0                           	TEST	EAX,EAX
   287 0000037A 0F 84 00000205                  	JE	L19
   288 00000380                                 L5:
   289 00000380 68 [00000000]                   	PUSH	_keyfifo
   290 00000385 E8 [00000000]                   	CALL	_fifo8_status
   291 0000038A 59                              	POP	ECX
   292 0000038B 85 C0                           	TEST	EAX,EAX
   293 0000038D 0F 85 0000018D                  	JNE	L20
   294 00000393 68 [00000000]                   	PUSH	_mousefifo
   295 00000398 E8 [00000000]                   	CALL	_fifo8_status
   296 0000039D 5A                              	POP	EDX
   297 0000039E 85 C0                           	TEST	EAX,EAX
   298 000003A0 0F 84 FFFFFF4F                  	JE	L2
   299 000003A6 68 [00000000]                   	PUSH	_mousefifo
   300 000003AB E8 [00000000]                   	CALL	_fifo8_get
   301 000003B0 89 C3                           	MOV	EBX,EAX
   302 000003B2 E8 [00000000]                   	CALL	_io_sti
   303 000003B7 0F B6 C3                        	MOVZX	EAX,BL
   304 000003BA 50                              	PUSH	EAX
   305 000003BB 8D 85 FFFFFE04                  	LEA	EAX,DWORD [-508+EBP]
   306 000003C1 50                              	PUSH	EAX
   307 000003C2 E8 [00000000]                   	CALL	_mouse_decode
   308 000003C7 83 C4 0C                        	ADD	ESP,12
   309 000003CA 85 C0                           	TEST	EAX,EAX
   310 000003CC 0F 84 FFFFFF23                  	JE	L2
   311 000003D2 FF B5 FFFFFE0C                  	PUSH	DWORD [-500+EBP]
   312 000003D8 FF B5 FFFFFE08                  	PUSH	DWORD [-504+EBP]
   313 000003DE 68 [00000033]                   	PUSH	LC5
   314 000003E3 8D 5D C4                        	LEA	EBX,DWORD [-60+EBP]
   315 000003E6 53                              	PUSH	EBX
   316 000003E7 E8 [00000000]                   	CALL	_sprintf
   317 000003EC 83 C4 10                        	ADD	ESP,16
   318 000003EF 8B 85 FFFFFE10                  	MOV	EAX,DWORD [-496+EBP]
   319 000003F5 A9 00000001                     	TEST	EAX,1
   320 000003FA 74 04                           	JE	L11
   321 000003FC C6 45 C5 4C                     	MOV	BYTE [-59+EBP],76
   322 00000400                                 L11:
   323 00000400 A9 00000002                     	TEST	EAX,2
   324 00000405 74 04                           	JE	L12
   325 00000407 C6 45 C7 52                     	MOV	BYTE [-57+EBP],82
   326 0000040B                                 L12:
   327 0000040B 83 E0 04                        	AND	EAX,4
   328 0000040E 74 04                           	JE	L13
   329 00000410 C6 45 C6 43                     	MOV	BYTE [-58+EBP],67
   330 00000414                                 L13:
   331 00000414 6A 1F                           	PUSH	31
   332 00000416 68 00000097                     	PUSH	151
   333 0000041B 6A 10                           	PUSH	16
   334 0000041D 6A 20                           	PUSH	32
   335 0000041F 6A 0E                           	PUSH	14
   336 00000421 0F BF 05 00000FF4               	MOVSX	EAX,WORD [4084]
   337 00000428 50                              	PUSH	EAX
   338 00000429 FF B5 FFFFFCF0                  	PUSH	DWORD [-784+EBP]
   339 0000042F E8 [00000000]                   	CALL	_boxfill8
   340 00000434 53                              	PUSH	EBX
   341 00000435 6A 07                           	PUSH	7
   342 00000437 6A 10                           	PUSH	16
   343 00000439 6A 20                           	PUSH	32
   344 0000043B 0F BF 05 00000FF4               	MOVSX	EAX,WORD [4084]
   345 00000442 50                              	PUSH	EAX
   346 00000443 FF B5 FFFFFCF0                  	PUSH	DWORD [-784+EBP]
   347 00000449 E8 [00000000]                   	CALL	_putfonts8_asc
   348 0000044E 83 C4 34                        	ADD	ESP,52
   349 00000451 6A 20                           	PUSH	32
   350 00000453 68 00000098                     	PUSH	152
   351 00000458 6A 10                           	PUSH	16
   352 0000045A 6A 20                           	PUSH	32
   353 0000045C FF B5 FFFFFCFC                  	PUSH	DWORD [-772+EBP]
   354 00000462 E8 [00000000]                   	CALL	_sheet_refresh
   355 00000467 83 C4 14                        	ADD	ESP,20
   356 0000046A 03 BD FFFFFE0C                  	ADD	EDI,DWORD [-500+EBP]
   357 00000470 03 B5 FFFFFE08                  	ADD	ESI,DWORD [-504+EBP]
   358 00000476 0F 88 0000009D                  	JS	L21
   359 0000047C                                 L14:
   360 0000047C 85 FF                           	TEST	EDI,EDI
   361 0000047E 0F 88 0000008E                  	JS	L22
   362 00000484                                 L15:
   363 00000484 0F BF 05 00000FF4               	MOVSX	EAX,WORD [4084]
   364 0000048B 48                              	DEC	EAX
   365 0000048C 39 C6                           	CMP	ESI,EAX
   366 0000048E 7E 02                           	JLE	L16
   367 00000490 89 C6                           	MOV	ESI,EAX
   368 00000492                                 L16:
   369 00000492 0F BF 05 00000FF6               	MOVSX	EAX,WORD [4086]
   370 00000499 48                              	DEC	EAX
   371 0000049A 39 C7                           	CMP	EDI,EAX
   372 0000049C 7E 02                           	JLE	L17
   373 0000049E 89 C7                           	MOV	EDI,EAX
   374 000004A0                                 L17:
   375 000004A0 57                              	PUSH	EDI
   376 000004A1 56                              	PUSH	ESI
   377 000004A2 68 [00000008]                   	PUSH	LC1
   378 000004A7 53                              	PUSH	EBX
   379 000004A8 E8 [00000000]                   	CALL	_sprintf
   380 000004AD 6A 0F                           	PUSH	15
   381 000004AF 6A 4F                           	PUSH	79
   382 000004B1 6A 00                           	PUSH	0
   383 000004B3 6A 00                           	PUSH	0
   384 000004B5 6A 0E                           	PUSH	14
   385 000004B7 0F BF 05 00000FF4               	MOVSX	EAX,WORD [4084]
   386 000004BE 50                              	PUSH	EAX
   387 000004BF FF B5 FFFFFCF0                  	PUSH	DWORD [-784+EBP]
   388 000004C5 E8 [00000000]                   	CALL	_boxfill8
   389 000004CA 83 C4 2C                        	ADD	ESP,44
   390 000004CD 53                              	PUSH	EBX
   391 000004CE 6A 07                           	PUSH	7
   392 000004D0 6A 00                           	PUSH	0
   393 000004D2 6A 00                           	PUSH	0
   394 000004D4 0F BF 05 00000FF4               	MOVSX	EAX,WORD [4084]
   395 000004DB 50                              	PUSH	EAX
   396 000004DC FF B5 FFFFFCF0                  	PUSH	DWORD [-784+EBP]
   397 000004E2 E8 [00000000]                   	CALL	_putfonts8_asc
   398 000004E7 6A 10                           	PUSH	16
   399 000004E9 6A 50                           	PUSH	80
   400 000004EB 6A 00                           	PUSH	0
   401 000004ED 6A 00                           	PUSH	0
   402 000004EF FF B5 FFFFFCFC                  	PUSH	DWORD [-772+EBP]
   403 000004F5 E8 [00000000]                   	CALL	_sheet_refresh
   404 000004FA 83 C4 2C                        	ADD	ESP,44
   405 000004FD 57                              	PUSH	EDI
   406 000004FE 56                              	PUSH	ESI
   407 000004FF FF B5 FFFFFCF8                  	PUSH	DWORD [-776+EBP]
   408 00000505 E8 [00000000]                   	CALL	_sheet_slide
   409 0000050A 83 C4 0C                        	ADD	ESP,12
   410 0000050D E9 FFFFFDE3                     	JMP	L2
   411 00000512                                 L22:
   412 00000512 31 FF                           	XOR	EDI,EDI
   413 00000514 E9 FFFFFF6B                     	JMP	L15
   414 00000519                                 L21:
   415 00000519 31 F6                           	XOR	ESI,ESI
   416 0000051B E9 FFFFFF5C                     	JMP	L14
   417 00000520                                 L20:
   418 00000520 68 [00000000]                   	PUSH	_keyfifo
   419 00000525 E8 [00000000]                   	CALL	_fifo8_get
   420 0000052A 89 C3                           	MOV	EBX,EAX
   421 0000052C E8 [00000000]                   	CALL	_io_sti
   422 00000531 53                              	PUSH	EBX
   423 00000532 8D 5D C4                        	LEA	EBX,DWORD [-60+EBP]
   424 00000535 68 [00000041]                   	PUSH	LC4
   425 0000053A 53                              	PUSH	EBX
   426 0000053B E8 [00000000]                   	CALL	_sprintf
   427 00000540 6A 1F                           	PUSH	31
   428 00000542 6A 0F                           	PUSH	15
   429 00000544 6A 10                           	PUSH	16
   430 00000546 6A 00                           	PUSH	0
   431 00000548 6A 0E                           	PUSH	14
   432 0000054A 0F BF 05 00000FF4               	MOVSX	EAX,WORD [4084]
   433 00000551 50                              	PUSH	EAX
   434 00000552 FF B5 FFFFFCF0                  	PUSH	DWORD [-784+EBP]
   435 00000558 E8 [00000000]                   	CALL	_boxfill8
   436 0000055D 83 C4 2C                        	ADD	ESP,44
   437 00000560 53                              	PUSH	EBX
   438 00000561 6A 07                           	PUSH	7
   439 00000563 6A 10                           	PUSH	16
   440 00000565 6A 00                           	PUSH	0
   441 00000567 0F BF 05 00000FF4               	MOVSX	EAX,WORD [4084]
   442 0000056E 50                              	PUSH	EAX
   443 0000056F FF B5 FFFFFCF0                  	PUSH	DWORD [-784+EBP]
   444 00000575 E8 [00000000]                   	CALL	_putfonts8_asc
   445 0000057A 6A 20                           	PUSH	32
   446 0000057C 6A 10                           	PUSH	16
   447 0000057E 6A 10                           	PUSH	16
   448 00000580 E9 FFFFFD60                     	JMP	L18
   449 00000585                                 L19:
   450 00000585 E8 [00000000]                   	CALL	_io_stihlt
   451 0000058A E9 FFFFFD66                     	JMP	L2
   452                                          [SECTION .data]
   453 00000046                                 _closebtn.0:
   454 00000046 4F 4F 4F 4F 4F 4F 4F 4F 4F 4F   	DB	"OOOOOOOOOOOOOOO@"
       00000050 4F 4F 4F 4F 4F 40 
   455 00000056 4F 51 51 51 51 51 51 51 51 51   	DB	"OQQQQQQQQQQQQQ$@"
       00000060 51 51 51 51 24 40 
   456 00000066 4F 51 51 51 51 51 51 51 51 51   	DB	"OQQQQQQQQQQQQQ$@"
       00000070 51 51 51 51 24 40 
   457 00000076 4F 51 51 51 40 40 51 51 51 51   	DB	"OQQQ@@QQQQ@@QQ$@"
       00000080 40 40 51 51 24 40 
   458 00000086 4F 51 51 51 51 40 40 51 51 40   	DB	"OQQQQ@@QQ@@QQQ$@"
       00000090 40 51 51 51 24 40 
   459 00000096 4F 51 51 51 51 51 40 40 40 40   	DB	"OQQQQQ@@@@QQQQ$@"
       000000A0 51 51 51 51 24 40 
   460 000000A6 4F 51 51 51 51 51 51 40 40 51   	DB	"OQQQQQQ@@QQQQQ$@"
       000000B0 51 51 51 51 24 40 
   461 000000B6 4F 51 51 51 51 51 40 40 40 40   	DB	"OQQQQQ@@@@QQQQ$@"
       000000C0 51 51 51 51 24 40 
   462 000000C6 4F 51 51 51 51 40 40 51 51 40   	DB	"OQQQQ@@QQ@@QQQ$@"
       000000D0 40 51 51 51 24 40 
   463 000000D6 4F 51 51 51 40 40 51 51 51 51   	DB	"OQQQ@@QQQQ@@QQ$@"
       000000E0 40 40 51 51 24 40 
   464 000000E6 4F 51 51 51 51 51 51 51 51 51   	DB	"OQQQQQQQQQQQQQ$@"
       000000F0 51 51 51 51 24 40 
   465 000000F6 4F 51 51 51 51 51 51 51 51 51   	DB	"OQQQQQQQQQQQQQ$@"
       00000100 51 51 51 51 24 40 
   466 00000106 4F 24 24 24 24 24 24 24 24 24   	DB	"O$$$$$$$$$$$$$$@"
       00000110 24 24 24 24 24 40 
   467 00000116 40 40 40 40 40 40 40 40 40 40   	DB	"@@@@@@@@@@@@@@@@"
       00000120 40 40 40 40 40 40 
   468                                          [SECTION .text]
   469 0000058F                                 	GLOBAL	_make_windows
   470 0000058F                                 _make_windows:
   471 0000058F 55                              	PUSH	EBP
   472 00000590 89 E5                           	MOV	EBP,ESP
   473 00000592 57                              	PUSH	EDI
   474 00000593 56                              	PUSH	ESI
   475 00000594 53                              	PUSH	EBX
   476 00000595 83 EC 14                        	SUB	ESP,20
   477 00000598 8B 5D 0C                        	MOV	EBX,DWORD [12+EBP]
   478 0000059B 6A 00                           	PUSH	0
   479 0000059D 8D 43 FF                        	LEA	EAX,DWORD [-1+EBX]
   480 000005A0 8D 7B FE                        	LEA	EDI,DWORD [-2+EBX]
   481 000005A3 50                              	PUSH	EAX
   482 000005A4 89 45 EC                        	MOV	DWORD [-20+EBP],EAX
   483 000005A7 6A 00                           	PUSH	0
   484 000005A9 6A 00                           	PUSH	0
   485 000005AB 6A 08                           	PUSH	8
   486 000005AD 53                              	PUSH	EBX
   487 000005AE FF 75 08                        	PUSH	DWORD [8+EBP]
   488 000005B1 E8 [00000000]                   	CALL	_boxfill8
   489 000005B6 6A 01                           	PUSH	1
   490 000005B8 57                              	PUSH	EDI
   491 000005B9 6A 01                           	PUSH	1
   492 000005BB 6A 01                           	PUSH	1
   493 000005BD 6A 07                           	PUSH	7
   494 000005BF 53                              	PUSH	EBX
   495 000005C0 FF 75 08                        	PUSH	DWORD [8+EBP]
   496 000005C3 E8 [00000000]                   	CALL	_boxfill8
   497 000005C8 8B 55 10                        	MOV	EDX,DWORD [16+EBP]
   498 000005CB 83 C4 38                        	ADD	ESP,56
   499 000005CE 4A                              	DEC	EDX
   500 000005CF 89 55 E8                        	MOV	DWORD [-24+EBP],EDX
   501 000005D2 52                              	PUSH	EDX
   502 000005D3 6A 00                           	PUSH	0
   503 000005D5 6A 00                           	PUSH	0
   504 000005D7 6A 00                           	PUSH	0
   505 000005D9 6A 08                           	PUSH	8
   506 000005DB 53                              	PUSH	EBX
   507 000005DC FF 75 08                        	PUSH	DWORD [8+EBP]
   508 000005DF E8 [00000000]                   	CALL	_boxfill8
   509 000005E4 8B 75 10                        	MOV	ESI,DWORD [16+EBP]
   510 000005E7 83 EE 02                        	SUB	ESI,2
   511 000005EA 56                              	PUSH	ESI
   512 000005EB 6A 01                           	PUSH	1
   513 000005ED 6A 01                           	PUSH	1
   514 000005EF 6A 01                           	PUSH	1
   515 000005F1 6A 07                           	PUSH	7
   516 000005F3 53                              	PUSH	EBX
   517 000005F4 FF 75 08                        	PUSH	DWORD [8+EBP]
   518 000005F7 E8 [00000000]                   	CALL	_boxfill8
   519 000005FC 83 C4 38                        	ADD	ESP,56
   520 000005FF 56                              	PUSH	ESI
   521 00000600 57                              	PUSH	EDI
   522 00000601 6A 01                           	PUSH	1
   523 00000603 57                              	PUSH	EDI
   524 00000604 6A 0F                           	PUSH	15
   525 00000606 53                              	PUSH	EBX
   526 00000607 FF 75 08                        	PUSH	DWORD [8+EBP]
   527 0000060A E8 [00000000]                   	CALL	_boxfill8
   528 0000060F FF 75 E8                        	PUSH	DWORD [-24+EBP]
   529 00000612 FF 75 EC                        	PUSH	DWORD [-20+EBP]
   530 00000615 6A 00                           	PUSH	0
   531 00000617 FF 75 EC                        	PUSH	DWORD [-20+EBP]
   532 0000061A 6A 00                           	PUSH	0
   533 0000061C 53                              	PUSH	EBX
   534 0000061D FF 75 08                        	PUSH	DWORD [8+EBP]
   535 00000620 E8 [00000000]                   	CALL	_boxfill8
   536 00000625 8B 45 10                        	MOV	EAX,DWORD [16+EBP]
   537 00000628 83 C4 38                        	ADD	ESP,56
   538 0000062B 83 E8 03                        	SUB	EAX,3
   539 0000062E 50                              	PUSH	EAX
   540 0000062F 8D 43 FD                        	LEA	EAX,DWORD [-3+EBX]
   541 00000632 50                              	PUSH	EAX
   542 00000633 6A 02                           	PUSH	2
   543 00000635 6A 02                           	PUSH	2
   544 00000637 6A 08                           	PUSH	8
   545 00000639 53                              	PUSH	EBX
   546 0000063A FF 75 08                        	PUSH	DWORD [8+EBP]
   547 0000063D E8 [00000000]                   	CALL	_boxfill8
   548 00000642 8D 43 FC                        	LEA	EAX,DWORD [-4+EBX]
   549 00000645 6A 14                           	PUSH	20
   550 00000647 50                              	PUSH	EAX
   551 00000648 6A 03                           	PUSH	3
   552 0000064A 6A 03                           	PUSH	3
   553 0000064C 6A 0C                           	PUSH	12
   554 0000064E 53                              	PUSH	EBX
   555 0000064F FF 75 08                        	PUSH	DWORD [8+EBP]
   556 00000652 E8 [00000000]                   	CALL	_boxfill8
   557 00000657 83 C4 38                        	ADD	ESP,56
   558 0000065A 56                              	PUSH	ESI
   559 0000065B 57                              	PUSH	EDI
   560 0000065C 56                              	PUSH	ESI
   561 0000065D 6A 01                           	PUSH	1
   562 0000065F 6A 0F                           	PUSH	15
   563 00000661 53                              	PUSH	EBX
   564 00000662 FF 75 08                        	PUSH	DWORD [8+EBP]
   565 00000665 E8 [00000000]                   	CALL	_boxfill8
   566 0000066A FF 75 E8                        	PUSH	DWORD [-24+EBP]
   567 0000066D FF 75 EC                        	PUSH	DWORD [-20+EBP]
   568 00000670 FF 75 E8                        	PUSH	DWORD [-24+EBP]
   569 00000673 6A 00                           	PUSH	0
   570 00000675 6A 00                           	PUSH	0
   571 00000677 6B F3 05                        	IMUL	ESI,EBX,5
   572 0000067A 53                              	PUSH	EBX
   573 0000067B FF 75 08                        	PUSH	DWORD [8+EBP]
   574 0000067E E8 [00000000]                   	CALL	_boxfill8
   575 00000683 83 C4 38                        	ADD	ESP,56
   576 00000686 FF 75 14                        	PUSH	DWORD [20+EBP]
   577 00000689 6A 07                           	PUSH	7
   578 0000068B 6A 04                           	PUSH	4
   579 0000068D 6A 18                           	PUSH	24
   580 0000068F 53                              	PUSH	EBX
   581 00000690 FF 75 08                        	PUSH	DWORD [8+EBP]
   582 00000693 E8 [00000000]                   	CALL	_putfonts8_asc
   583 00000698 83 C4 18                        	ADD	ESP,24
   584 0000069B C7 45 F0 00000000               	MOV	DWORD [-16+EBP],0
   585 000006A2 C7 45 E0 00000000               	MOV	DWORD [-32+EBP],0
   586 000006A9                                 L39:
   587 000006A9 8D 04 1E                        	LEA	EAX,DWORD [ESI+EBX*1]
   588 000006AC 8B 55 08                        	MOV	EDX,DWORD [8+EBP]
   589 000006AF 31 FF                           	XOR	EDI,EDI
   590 000006B1 8D 4C 02 EB                     	LEA	ECX,DWORD [-21+EDX+EAX*1]
   591 000006B5                                 L38:
   592 000006B5 8B 45 E0                        	MOV	EAX,DWORD [-32+EBP]
   593 000006B8 8A 94 07 [00000046]             	MOV	DL,BYTE [_closebtn.0+EDI+EAX*1]
   594 000006BF 80 FA 40                        	CMP	DL,64
   595 000006C2 74 33                           	JE	L44
   596 000006C4 80 FA 24                        	CMP	DL,36
   597 000006C7 74 2A                           	JE	L45
   598 000006C9 80 FA 51                        	CMP	DL,81
   599 000006CC B2 08                           	MOV	DL,8
   600 000006CE 0F 95 C0                        	SETNE	AL
   601 000006D1 28 C2                           	SUB	DL,AL
   602 000006D3                                 L33:
   603 000006D3 47                              	INC	EDI
   604 000006D4 88 11                           	MOV	BYTE [ECX],DL
   605 000006D6 41                              	INC	ECX
   606 000006D7 83 FF 0F                        	CMP	EDI,15
   607 000006DA 7E D9                           	JLE	L38
   608 000006DC FF 45 F0                        	INC	DWORD [-16+EBP]
   609 000006DF 01 DE                           	ADD	ESI,EBX
   610 000006E1 83 45 E0 10                     	ADD	DWORD [-32+EBP],16
   611 000006E5 83 7D F0 0D                     	CMP	DWORD [-16+EBP],13
   612 000006E9 7E BE                           	JLE	L39
   613 000006EB 8D 65 F4                        	LEA	ESP,DWORD [-12+EBP]
   614 000006EE 5B                              	POP	EBX
   615 000006EF 5E                              	POP	ESI
   616 000006F0 5F                              	POP	EDI
   617 000006F1 5D                              	POP	EBP
   618 000006F2 C3                              	RET
   619 000006F3                                 L45:
   620 000006F3 B2 0F                           	MOV	DL,15
   621 000006F5 EB DC                           	JMP	L33
   622 000006F7                                 L44:
   623 000006F7 31 D2                           	XOR	EDX,EDX
   624 000006F9 EB D8                           	JMP	L33
