     1 00000000                                 [FORMAT "WCOFF"]
     2 00000000                                 [INSTRSET "i486p"]
     3 00000000                                 [OPTIMIZE 1]
     4 00000000                                 [OPTION 1]
     5 00000000                                 [BITS 32]
     6 00000000                                 	EXTERN	_io_hlt
     7 00000000                                 	EXTERN	_io_load_eflags
     8 00000000                                 	EXTERN	_io_cli
     9 00000000                                 	EXTERN	_io_out8
    10 00000000                                 	EXTERN	_io_store_eflags
    11 00000000                                 	EXTERN	_hankaku
    12 00000000                                 [FILE "bootpack.c"]
    13                                          [SECTION .data]
    14 00000000                                 _font_A.0:
    15 00000000 00                              	DB	0
    16 00000001 18                              	DB	24
    17 00000002 18                              	DB	24
    18 00000003 18                              	DB	24
    19 00000004 18                              	DB	24
    20 00000005 24                              	DB	36
    21 00000006 24                              	DB	36
    22 00000007 24                              	DB	36
    23 00000008 24                              	DB	36
    24 00000009 7E                              	DB	126
    25 0000000A 42                              	DB	66
    26 0000000B 42                              	DB	66
    27 0000000C 42                              	DB	66
    28 0000000D E7                              	DB	-25
    29 0000000E 00                              	DB	0
    30 0000000F 00                              	DB	0
    31 00000010                                 LC0:
    32 00000010 41 42 43 20 31 32 33 00         	DB	"ABC 123",0x00
    33 00000018                                 LC1:
    34 00000018 48 65 6C 6C 6F 20 4C 69 6E 67   	DB	"Hello LingerOS",0x00
       00000022 65 72 4F 53 00 
    35                                          [SECTION .text]
    36 00000000                                 	GLOBAL	_HariMain
    37 00000000                                 _HariMain:
    38 00000000 55                              	PUSH	EBP
    39 00000001 89 E5                           	MOV	EBP,ESP
    40 00000003 E8 00000064                     	CALL	_init_palette
    41 00000008 0F BF 05 00000FF6               	MOVSX	EAX,WORD [4086]
    42 0000000F 50                              	PUSH	EAX
    43 00000010 0F BF 05 00000FF4               	MOVSX	EAX,WORD [4084]
    44 00000017 50                              	PUSH	EAX
    45 00000018 FF 35 00000FF8                  	PUSH	DWORD [4088]
    46 0000001E E8 00000135                     	CALL	_init_screen
    47 00000023 68 [00000010]                   	PUSH	LC0
    48 00000028 6A 07                           	PUSH	7
    49 0000002A 6A 08                           	PUSH	8
    50 0000002C 6A 08                           	PUSH	8
    51 0000002E 0F BF 05 00000FF4               	MOVSX	EAX,WORD [4084]
    52 00000035 50                              	PUSH	EAX
    53 00000036 FF 35 00000FF8                  	PUSH	DWORD [4088]
    54 0000003C E8 00000328                     	CALL	_putfonts8_asc
    55 00000041 83 C4 24                        	ADD	ESP,36
    56 00000044 68 [00000018]                   	PUSH	LC1
    57 00000049 6A 07                           	PUSH	7
    58 0000004B 6A 1E                           	PUSH	30
    59 0000004D 6A 1E                           	PUSH	30
    60 0000004F 0F BF 05 00000FF4               	MOVSX	EAX,WORD [4084]
    61 00000056 50                              	PUSH	EAX
    62 00000057 FF 35 00000FF8                  	PUSH	DWORD [4088]
    63 0000005D E8 00000307                     	CALL	_putfonts8_asc
    64 00000062 83 C4 18                        	ADD	ESP,24
    65 00000065                                 L2:
    66 00000065 E8 [00000000]                   	CALL	_io_hlt
    67 0000006A EB F9                           	JMP	L2
    68                                          [SECTION .data]
    69 00000027                                 _table_rgb.1:
    70 00000027 00                              	DB	0
    71 00000028 00                              	DB	0
    72 00000029 00                              	DB	0
    73 0000002A FF                              	DB	-1
    74 0000002B 00                              	DB	0
    75 0000002C 00                              	DB	0
    76 0000002D 00                              	DB	0
    77 0000002E FF                              	DB	-1
    78 0000002F 00                              	DB	0
    79 00000030 FF                              	DB	-1
    80 00000031 FF                              	DB	-1
    81 00000032 00                              	DB	0
    82 00000033 00                              	DB	0
    83 00000034 00                              	DB	0
    84 00000035 FF                              	DB	-1
    85 00000036 FF                              	DB	-1
    86 00000037 00                              	DB	0
    87 00000038 FF                              	DB	-1
    88 00000039 00                              	DB	0
    89 0000003A FF                              	DB	-1
    90 0000003B FF                              	DB	-1
    91 0000003C FF                              	DB	-1
    92 0000003D FF                              	DB	-1
    93 0000003E FF                              	DB	-1
    94 0000003F C6                              	DB	-58
    95 00000040 C6                              	DB	-58
    96 00000041 C6                              	DB	-58
    97 00000042 84                              	DB	-124
    98 00000043 00                              	DB	0
    99 00000044 00                              	DB	0
   100 00000045 00                              	DB	0
   101 00000046 84                              	DB	-124
   102 00000047 00                              	DB	0
   103 00000048 84                              	DB	-124
   104 00000049 84                              	DB	-124
   105 0000004A 00                              	DB	0
   106 0000004B 00                              	DB	0
   107 0000004C 00                              	DB	0
   108 0000004D 84                              	DB	-124
   109 0000004E 84                              	DB	-124
   110 0000004F 00                              	DB	0
   111 00000050 84                              	DB	-124
   112 00000051 00                              	DB	0
   113 00000052 84                              	DB	-124
   114 00000053 84                              	DB	-124
   115 00000054 84                              	DB	-124
   116 00000055 84                              	DB	-124
   117 00000056 84                              	DB	-124
   118                                          [SECTION .text]
   119 0000006C                                 	GLOBAL	_init_palette
   120 0000006C                                 _init_palette:
   121 0000006C 55                              	PUSH	EBP
   122 0000006D 89 E5                           	MOV	EBP,ESP
   123 0000006F 68 [00000027]                   	PUSH	_table_rgb.1
   124 00000074 6A 0F                           	PUSH	15
   125 00000076 6A 00                           	PUSH	0
   126 00000078 E8 00000002                     	CALL	_set_palette
   127 0000007D C9                              	LEAVE
   128 0000007E C3                              	RET
   129 0000007F                                 	GLOBAL	_set_palette
   130 0000007F                                 _set_palette:
   131 0000007F 55                              	PUSH	EBP
   132 00000080 89 E5                           	MOV	EBP,ESP
   133 00000082 57                              	PUSH	EDI
   134 00000083 56                              	PUSH	ESI
   135 00000084 53                              	PUSH	EBX
   136 00000085 51                              	PUSH	ECX
   137 00000086 8B 5D 08                        	MOV	EBX,DWORD [8+EBP]
   138 00000089 8B 7D 0C                        	MOV	EDI,DWORD [12+EBP]
   139 0000008C 8B 75 10                        	MOV	ESI,DWORD [16+EBP]
   140 0000008F E8 [00000000]                   	CALL	_io_load_eflags
   141 00000094 89 45 F0                        	MOV	DWORD [-16+EBP],EAX
   142 00000097 E8 [00000000]                   	CALL	_io_cli
   143 0000009C 53                              	PUSH	EBX
   144 0000009D 68 000003C8                     	PUSH	968
   145 000000A2 E8 [00000000]                   	CALL	_io_out8
   146 000000A7 39 FB                           	CMP	EBX,EDI
   147 000000A9 58                              	POP	EAX
   148 000000AA 5A                              	POP	EDX
   149 000000AB 7E 12                           	JLE	L11
   150 000000AD                                 L13:
   151 000000AD 8B 45 F0                        	MOV	EAX,DWORD [-16+EBP]
   152 000000B0 89 45 08                        	MOV	DWORD [8+EBP],EAX
   153 000000B3 8D 65 F4                        	LEA	ESP,DWORD [-12+EBP]
   154 000000B6 5B                              	POP	EBX
   155 000000B7 5E                              	POP	ESI
   156 000000B8 5F                              	POP	EDI
   157 000000B9 5D                              	POP	EBP
   158 000000BA E9 [00000000]                   	JMP	_io_store_eflags
   159 000000BF                                 L11:
   160 000000BF 8A 06                           	MOV	AL,BYTE [ESI]
   161 000000C1 43                              	INC	EBX
   162 000000C2 C0 E8 02                        	SHR	AL,2
   163 000000C5 0F B6 C0                        	MOVZX	EAX,AL
   164 000000C8 50                              	PUSH	EAX
   165 000000C9 68 000003C9                     	PUSH	969
   166 000000CE E8 [00000000]                   	CALL	_io_out8
   167 000000D3 8A 46 01                        	MOV	AL,BYTE [1+ESI]
   168 000000D6 C0 E8 02                        	SHR	AL,2
   169 000000D9 0F B6 C0                        	MOVZX	EAX,AL
   170 000000DC 50                              	PUSH	EAX
   171 000000DD 68 000003C9                     	PUSH	969
   172 000000E2 E8 [00000000]                   	CALL	_io_out8
   173 000000E7 8A 46 02                        	MOV	AL,BYTE [2+ESI]
   174 000000EA C0 E8 02                        	SHR	AL,2
   175 000000ED 83 C6 03                        	ADD	ESI,3
   176 000000F0 0F B6 C0                        	MOVZX	EAX,AL
   177 000000F3 50                              	PUSH	EAX
   178 000000F4 68 000003C9                     	PUSH	969
   179 000000F9 E8 [00000000]                   	CALL	_io_out8
   180 000000FE 83 C4 18                        	ADD	ESP,24
   181 00000101 39 FB                           	CMP	EBX,EDI
   182 00000103 7E BA                           	JLE	L11
   183 00000105 EB A6                           	JMP	L13
   184 00000107                                 	GLOBAL	_boxfill8
   185 00000107                                 _boxfill8:
   186 00000107 55                              	PUSH	EBP
   187 00000108 89 E5                           	MOV	EBP,ESP
   188 0000010A 57                              	PUSH	EDI
   189 0000010B 56                              	PUSH	ESI
   190 0000010C 53                              	PUSH	EBX
   191 0000010D 57                              	PUSH	EDI
   192 0000010E 57                              	PUSH	EDI
   193 0000010F 8A 45 10                        	MOV	AL,BYTE [16+EBP]
   194 00000112 8B 4D 18                        	MOV	ECX,DWORD [24+EBP]
   195 00000115 8B 7D 1C                        	MOV	EDI,DWORD [28+EBP]
   196 00000118 88 45 F3                        	MOV	BYTE [-13+EBP],AL
   197 0000011B 3B 4D 20                        	CMP	ECX,DWORD [32+EBP]
   198 0000011E 7F 31                           	JG	L26
   199 00000120 8B 5D 0C                        	MOV	EBX,DWORD [12+EBP]
   200 00000123 0F AF D9                        	IMUL	EBX,ECX
   201 00000126                                 L24:
   202 00000126 8B 55 14                        	MOV	EDX,DWORD [20+EBP]
   203 00000129 39 FA                           	CMP	EDX,EDI
   204 0000012B 7F 1B                           	JG	L28
   205 0000012D 8B 75 08                        	MOV	ESI,DWORD [8+EBP]
   206 00000130 01 DE                           	ADD	ESI,EBX
   207 00000132 01 D6                           	ADD	ESI,EDX
   208 00000134 89 75 EC                        	MOV	DWORD [-20+EBP],ESI
   209 00000137                                 L23:
   210 00000137 8B 75 EC                        	MOV	ESI,DWORD [-20+EBP]
   211 0000013A 8A 45 F3                        	MOV	AL,BYTE [-13+EBP]
   212 0000013D 42                              	INC	EDX
   213 0000013E 88 06                           	MOV	BYTE [ESI],AL
   214 00000140 46                              	INC	ESI
   215 00000141 89 75 EC                        	MOV	DWORD [-20+EBP],ESI
   216 00000144 39 FA                           	CMP	EDX,EDI
   217 00000146 7E EF                           	JLE	L23
   218 00000148                                 L28:
   219 00000148 41                              	INC	ECX
   220 00000149 03 5D 0C                        	ADD	EBX,DWORD [12+EBP]
   221 0000014C 3B 4D 20                        	CMP	ECX,DWORD [32+EBP]
   222 0000014F 7E D5                           	JLE	L24
   223 00000151                                 L26:
   224 00000151 5B                              	POP	EBX
   225 00000152 5E                              	POP	ESI
   226 00000153 5B                              	POP	EBX
   227 00000154 5E                              	POP	ESI
   228 00000155 5F                              	POP	EDI
   229 00000156 5D                              	POP	EBP
   230 00000157 C3                              	RET
   231 00000158                                 	GLOBAL	_init_screen
   232 00000158                                 _init_screen:
   233 00000158 55                              	PUSH	EBP
   234 00000159 89 E5                           	MOV	EBP,ESP
   235 0000015B 57                              	PUSH	EDI
   236 0000015C 56                              	PUSH	ESI
   237 0000015D 53                              	PUSH	EBX
   238 0000015E 83 EC 0C                        	SUB	ESP,12
   239 00000161 8B 45 10                        	MOV	EAX,DWORD [16+EBP]
   240 00000164 8B 7D 0C                        	MOV	EDI,DWORD [12+EBP]
   241 00000167 83 E8 1D                        	SUB	EAX,29
   242 0000016A 4F                              	DEC	EDI
   243 0000016B 50                              	PUSH	EAX
   244 0000016C 57                              	PUSH	EDI
   245 0000016D 6A 00                           	PUSH	0
   246 0000016F 6A 00                           	PUSH	0
   247 00000171 6A 0E                           	PUSH	14
   248 00000173 FF 75 0C                        	PUSH	DWORD [12+EBP]
   249 00000176 FF 75 08                        	PUSH	DWORD [8+EBP]
   250 00000179 E8 FFFFFF89                     	CALL	_boxfill8
   251 0000017E 8B 45 10                        	MOV	EAX,DWORD [16+EBP]
   252 00000181 83 E8 1C                        	SUB	EAX,28
   253 00000184 50                              	PUSH	EAX
   254 00000185 57                              	PUSH	EDI
   255 00000186 50                              	PUSH	EAX
   256 00000187 6A 00                           	PUSH	0
   257 00000189 6A 08                           	PUSH	8
   258 0000018B FF 75 0C                        	PUSH	DWORD [12+EBP]
   259 0000018E FF 75 08                        	PUSH	DWORD [8+EBP]
   260 00000191 E8 FFFFFF71                     	CALL	_boxfill8
   261 00000196 8B 45 10                        	MOV	EAX,DWORD [16+EBP]
   262 00000199 83 C4 38                        	ADD	ESP,56
   263 0000019C 83 E8 1B                        	SUB	EAX,27
   264 0000019F 50                              	PUSH	EAX
   265 000001A0 57                              	PUSH	EDI
   266 000001A1 50                              	PUSH	EAX
   267 000001A2 6A 00                           	PUSH	0
   268 000001A4 6A 07                           	PUSH	7
   269 000001A6 FF 75 0C                        	PUSH	DWORD [12+EBP]
   270 000001A9 FF 75 08                        	PUSH	DWORD [8+EBP]
   271 000001AC E8 FFFFFF56                     	CALL	_boxfill8
   272 000001B1 8B 45 10                        	MOV	EAX,DWORD [16+EBP]
   273 000001B4 48                              	DEC	EAX
   274 000001B5 50                              	PUSH	EAX
   275 000001B6 8B 45 10                        	MOV	EAX,DWORD [16+EBP]
   276 000001B9 57                              	PUSH	EDI
   277 000001BA 83 E8 1A                        	SUB	EAX,26
   278 000001BD 50                              	PUSH	EAX
   279 000001BE 6A 00                           	PUSH	0
   280 000001C0 6A 08                           	PUSH	8
   281 000001C2 FF 75 0C                        	PUSH	DWORD [12+EBP]
   282 000001C5 FF 75 08                        	PUSH	DWORD [8+EBP]
   283 000001C8 E8 FFFFFF3A                     	CALL	_boxfill8
   284 000001CD 8B 75 10                        	MOV	ESI,DWORD [16+EBP]
   285 000001D0 83 C4 38                        	ADD	ESP,56
   286 000001D3 83 EE 18                        	SUB	ESI,24
   287 000001D6 56                              	PUSH	ESI
   288 000001D7 6A 3B                           	PUSH	59
   289 000001D9 56                              	PUSH	ESI
   290 000001DA 6A 03                           	PUSH	3
   291 000001DC 6A 07                           	PUSH	7
   292 000001DE FF 75 0C                        	PUSH	DWORD [12+EBP]
   293 000001E1 FF 75 08                        	PUSH	DWORD [8+EBP]
   294 000001E4 E8 FFFFFF1E                     	CALL	_boxfill8
   295 000001E9 8B 45 10                        	MOV	EAX,DWORD [16+EBP]
   296 000001EC 83 E8 04                        	SUB	EAX,4
   297 000001EF 50                              	PUSH	EAX
   298 000001F0 89 45 F0                        	MOV	DWORD [-16+EBP],EAX
   299 000001F3 6A 02                           	PUSH	2
   300 000001F5 56                              	PUSH	ESI
   301 000001F6 6A 02                           	PUSH	2
   302 000001F8 6A 07                           	PUSH	7
   303 000001FA FF 75 0C                        	PUSH	DWORD [12+EBP]
   304 000001FD FF 75 08                        	PUSH	DWORD [8+EBP]
   305 00000200 E8 FFFFFF02                     	CALL	_boxfill8
   306 00000205 83 C4 38                        	ADD	ESP,56
   307 00000208 FF 75 F0                        	PUSH	DWORD [-16+EBP]
   308 0000020B 6A 3B                           	PUSH	59
   309 0000020D FF 75 F0                        	PUSH	DWORD [-16+EBP]
   310 00000210 6A 03                           	PUSH	3
   311 00000212 6A 0F                           	PUSH	15
   312 00000214 FF 75 0C                        	PUSH	DWORD [12+EBP]
   313 00000217 FF 75 08                        	PUSH	DWORD [8+EBP]
   314 0000021A E8 FFFFFEE8                     	CALL	_boxfill8
   315 0000021F 8B 45 10                        	MOV	EAX,DWORD [16+EBP]
   316 00000222 83 E8 05                        	SUB	EAX,5
   317 00000225 50                              	PUSH	EAX
   318 00000226 8B 45 10                        	MOV	EAX,DWORD [16+EBP]
   319 00000229 6A 3B                           	PUSH	59
   320 0000022B 83 E8 17                        	SUB	EAX,23
   321 0000022E 50                              	PUSH	EAX
   322 0000022F 89 45 EC                        	MOV	DWORD [-20+EBP],EAX
   323 00000232 6A 3B                           	PUSH	59
   324 00000234 6A 0F                           	PUSH	15
   325 00000236 FF 75 0C                        	PUSH	DWORD [12+EBP]
   326 00000239 FF 75 08                        	PUSH	DWORD [8+EBP]
   327 0000023C E8 FFFFFEC6                     	CALL	_boxfill8
   328 00000241 8B 45 10                        	MOV	EAX,DWORD [16+EBP]
   329 00000244 83 C4 38                        	ADD	ESP,56
   330 00000247 83 E8 03                        	SUB	EAX,3
   331 0000024A 89 45 E8                        	MOV	DWORD [-24+EBP],EAX
   332 0000024D 50                              	PUSH	EAX
   333 0000024E 6A 3B                           	PUSH	59
   334 00000250 50                              	PUSH	EAX
   335 00000251 6A 02                           	PUSH	2
   336 00000253 6A 00                           	PUSH	0
   337 00000255 FF 75 0C                        	PUSH	DWORD [12+EBP]
   338 00000258 FF 75 08                        	PUSH	DWORD [8+EBP]
   339 0000025B E8 FFFFFEA7                     	CALL	_boxfill8
   340 00000260 FF 75 E8                        	PUSH	DWORD [-24+EBP]
   341 00000263 6A 3C                           	PUSH	60
   342 00000265 56                              	PUSH	ESI
   343 00000266 6A 3C                           	PUSH	60
   344 00000268 6A 00                           	PUSH	0
   345 0000026A FF 75 0C                        	PUSH	DWORD [12+EBP]
   346 0000026D FF 75 08                        	PUSH	DWORD [8+EBP]
   347 00000270 E8 FFFFFE92                     	CALL	_boxfill8
   348 00000275 8B 7D 0C                        	MOV	EDI,DWORD [12+EBP]
   349 00000278 83 C4 38                        	ADD	ESP,56
   350 0000027B 8B 5D 0C                        	MOV	EBX,DWORD [12+EBP]
   351 0000027E 83 EB 04                        	SUB	EBX,4
   352 00000281 83 EF 2F                        	SUB	EDI,47
   353 00000284 56                              	PUSH	ESI
   354 00000285 53                              	PUSH	EBX
   355 00000286 56                              	PUSH	ESI
   356 00000287 57                              	PUSH	EDI
   357 00000288 6A 0F                           	PUSH	15
   358 0000028A FF 75 0C                        	PUSH	DWORD [12+EBP]
   359 0000028D FF 75 08                        	PUSH	DWORD [8+EBP]
   360 00000290 E8 FFFFFE72                     	CALL	_boxfill8
   361 00000295 FF 75 F0                        	PUSH	DWORD [-16+EBP]
   362 00000298 57                              	PUSH	EDI
   363 00000299 FF 75 EC                        	PUSH	DWORD [-20+EBP]
   364 0000029C 57                              	PUSH	EDI
   365 0000029D 6A 0F                           	PUSH	15
   366 0000029F FF 75 0C                        	PUSH	DWORD [12+EBP]
   367 000002A2 FF 75 08                        	PUSH	DWORD [8+EBP]
   368 000002A5 E8 FFFFFE5D                     	CALL	_boxfill8
   369 000002AA 83 C4 38                        	ADD	ESP,56
   370 000002AD FF 75 E8                        	PUSH	DWORD [-24+EBP]
   371 000002B0 53                              	PUSH	EBX
   372 000002B1 FF 75 E8                        	PUSH	DWORD [-24+EBP]
   373 000002B4 57                              	PUSH	EDI
   374 000002B5 6A 07                           	PUSH	7
   375 000002B7 FF 75 0C                        	PUSH	DWORD [12+EBP]
   376 000002BA FF 75 08                        	PUSH	DWORD [8+EBP]
   377 000002BD E8 FFFFFE45                     	CALL	_boxfill8
   378 000002C2 8B 45 0C                        	MOV	EAX,DWORD [12+EBP]
   379 000002C5 FF 75 E8                        	PUSH	DWORD [-24+EBP]
   380 000002C8 83 E8 03                        	SUB	EAX,3
   381 000002CB 50                              	PUSH	EAX
   382 000002CC 56                              	PUSH	ESI
   383 000002CD 50                              	PUSH	EAX
   384 000002CE 6A 07                           	PUSH	7
   385 000002D0 FF 75 0C                        	PUSH	DWORD [12+EBP]
   386 000002D3 FF 75 08                        	PUSH	DWORD [8+EBP]
   387 000002D6 E8 FFFFFE2C                     	CALL	_boxfill8
   388 000002DB 8D 65 F4                        	LEA	ESP,DWORD [-12+EBP]
   389 000002DE 5B                              	POP	EBX
   390 000002DF 5E                              	POP	ESI
   391 000002E0 5F                              	POP	EDI
   392 000002E1 5D                              	POP	EBP
   393 000002E2 C3                              	RET
   394 000002E3                                 	GLOBAL	_putfont8
   395 000002E3                                 _putfont8:
   396 000002E3 55                              	PUSH	EBP
   397 000002E4 89 E5                           	MOV	EBP,ESP
   398 000002E6 57                              	PUSH	EDI
   399 000002E7 56                              	PUSH	ESI
   400 000002E8 31 F6                           	XOR	ESI,ESI
   401 000002EA 53                              	PUSH	EBX
   402 000002EB 8B 7D 1C                        	MOV	EDI,DWORD [28+EBP]
   403 000002EE 8A 5D 18                        	MOV	BL,BYTE [24+EBP]
   404 000002F1                                 L43:
   405 000002F1 8B 45 14                        	MOV	EAX,DWORD [20+EBP]
   406 000002F4 8B 55 10                        	MOV	EDX,DWORD [16+EBP]
   407 000002F7 01 F0                           	ADD	EAX,ESI
   408 000002F9 0F AF 45 0C                     	IMUL	EAX,DWORD [12+EBP]
   409 000002FD 03 45 08                        	ADD	EAX,DWORD [8+EBP]
   410 00000300 8D 0C 02                        	LEA	ECX,DWORD [EDX+EAX*1]
   411 00000303 8A 14 3E                        	MOV	DL,BYTE [ESI+EDI*1]
   412 00000306 84 D2                           	TEST	DL,DL
   413 00000308 79 02                           	JNS	L35
   414 0000030A 88 19                           	MOV	BYTE [ECX],BL
   415 0000030C                                 L35:
   416 0000030C 88 D0                           	MOV	AL,DL
   417 0000030E 83 E0 40                        	AND	EAX,64
   418 00000311 84 C0                           	TEST	AL,AL
   419 00000313 74 03                           	JE	L36
   420 00000315 88 59 01                        	MOV	BYTE [1+ECX],BL
   421 00000318                                 L36:
   422 00000318 88 D0                           	MOV	AL,DL
   423 0000031A 83 E0 20                        	AND	EAX,32
   424 0000031D 84 C0                           	TEST	AL,AL
   425 0000031F 74 03                           	JE	L37
   426 00000321 88 59 02                        	MOV	BYTE [2+ECX],BL
   427 00000324                                 L37:
   428 00000324 88 D0                           	MOV	AL,DL
   429 00000326 83 E0 10                        	AND	EAX,16
   430 00000329 84 C0                           	TEST	AL,AL
   431 0000032B 74 03                           	JE	L38
   432 0000032D 88 59 03                        	MOV	BYTE [3+ECX],BL
   433 00000330                                 L38:
   434 00000330 88 D0                           	MOV	AL,DL
   435 00000332 83 E0 08                        	AND	EAX,8
   436 00000335 84 C0                           	TEST	AL,AL
   437 00000337 74 03                           	JE	L39
   438 00000339 88 59 04                        	MOV	BYTE [4+ECX],BL
   439 0000033C                                 L39:
   440 0000033C 88 D0                           	MOV	AL,DL
   441 0000033E 83 E0 04                        	AND	EAX,4
   442 00000341 84 C0                           	TEST	AL,AL
   443 00000343 74 03                           	JE	L40
   444 00000345 88 59 05                        	MOV	BYTE [5+ECX],BL
   445 00000348                                 L40:
   446 00000348 88 D0                           	MOV	AL,DL
   447 0000034A 83 E0 02                        	AND	EAX,2
   448 0000034D 84 C0                           	TEST	AL,AL
   449 0000034F 74 03                           	JE	L41
   450 00000351 88 59 06                        	MOV	BYTE [6+ECX],BL
   451 00000354                                 L41:
   452 00000354 83 E2 01                        	AND	EDX,1
   453 00000357 84 D2                           	TEST	DL,DL
   454 00000359 74 03                           	JE	L33
   455 0000035B 88 59 07                        	MOV	BYTE [7+ECX],BL
   456 0000035E                                 L33:
   457 0000035E 46                              	INC	ESI
   458 0000035F 83 FE 0F                        	CMP	ESI,15
   459 00000362 7E 8D                           	JLE	L43
   460 00000364 5B                              	POP	EBX
   461 00000365 5E                              	POP	ESI
   462 00000366 5F                              	POP	EDI
   463 00000367 5D                              	POP	EBP
   464 00000368 C3                              	RET
   465 00000369                                 	GLOBAL	_putfonts8_asc
   466 00000369                                 _putfonts8_asc:
   467 00000369 55                              	PUSH	EBP
   468 0000036A 89 E5                           	MOV	EBP,ESP
   469 0000036C 57                              	PUSH	EDI
   470 0000036D 56                              	PUSH	ESI
   471 0000036E 53                              	PUSH	EBX
   472 0000036F 50                              	PUSH	EAX
   473 00000370 8B 5D 1C                        	MOV	EBX,DWORD [28+EBP]
   474 00000373 8A 45 18                        	MOV	AL,BYTE [24+EBP]
   475 00000376 88 45 F3                        	MOV	BYTE [-13+EBP],AL
   476 00000379 8B 75 10                        	MOV	ESI,DWORD [16+EBP]
   477 0000037C 8B 7D 14                        	MOV	EDI,DWORD [20+EBP]
   478 0000037F 80 3B 00                        	CMP	BYTE [EBX],0
   479 00000382 75 08                           	JNE	L51
   480 00000384                                 L53:
   481 00000384 8D 65 F4                        	LEA	ESP,DWORD [-12+EBP]
   482 00000387 5B                              	POP	EBX
   483 00000388 5E                              	POP	ESI
   484 00000389 5F                              	POP	EDI
   485 0000038A 5D                              	POP	EBP
   486 0000038B C3                              	RET
   487 0000038C                                 L51:
   488 0000038C 0F B6 03                        	MOVZX	EAX,BYTE [EBX]
   489 0000038F C1 E0 04                        	SAL	EAX,4
   490 00000392 43                              	INC	EBX
   491 00000393 05 [00000000]                   	ADD	EAX,_hankaku
   492 00000398 50                              	PUSH	EAX
   493 00000399 0F BE 45 F3                     	MOVSX	EAX,BYTE [-13+EBP]
   494 0000039D 50                              	PUSH	EAX
   495 0000039E 57                              	PUSH	EDI
   496 0000039F 56                              	PUSH	ESI
   497 000003A0 83 C6 08                        	ADD	ESI,8
   498 000003A3 FF 75 0C                        	PUSH	DWORD [12+EBP]
   499 000003A6 FF 75 08                        	PUSH	DWORD [8+EBP]
   500 000003A9 E8 FFFFFF35                     	CALL	_putfont8
   501 000003AE 83 C4 18                        	ADD	ESP,24
   502 000003B1 80 3B 00                        	CMP	BYTE [EBX],0
   503 000003B4 75 D6                           	JNE	L51
   504 000003B6 EB CC                           	JMP	L53
