     1 00000000                                 [FORMAT "WCOFF"]
     2 00000000                                 [INSTRSET "i486p"]
     3 00000000                                 [OPTIMIZE 1]
     4 00000000                                 [OPTION 1]
     5 00000000                                 [BITS 32]
     6 00000000                                 	EXTERN	_init_gdtidt
     7 00000000                                 	EXTERN	_init_pic
     8 00000000                                 	EXTERN	_io_sti
     9 00000000                                 	EXTERN	_fifo32_init
    10 00000000                                 	EXTERN	_init_pit
    11 00000000                                 	EXTERN	_init_keyboard
    12 00000000                                 	EXTERN	_enable_mouse
    13 00000000                                 	EXTERN	_io_out8
    14 00000000                                 	EXTERN	_memtest
    15 00000000                                 	EXTERN	_memman_init
    16 00000000                                 	EXTERN	_memman_free
    17 00000000                                 	EXTERN	_init_palette
    18 00000000                                 	EXTERN	_shtctl_init
    19 00000000                                 	EXTERN	_task_init
    20 00000000                                 	EXTERN	_task_run
    21 00000000                                 	EXTERN	_sheet_alloc
    22 00000000                                 	EXTERN	_memman_alloc_4k
    23 00000000                                 	EXTERN	_sheet_setbuf
    24 00000000                                 	EXTERN	_init_screen8
    25 00000000                                 	EXTERN	_make_window8
    26 00000000                                 	EXTERN	_make_textbox8
    27 00000000                                 	EXTERN	_task_alloc
    28 00000000                                 	EXTERN	_console_task
    29 00000000                                 	EXTERN	_timer_alloc
    30 00000000                                 	EXTERN	_timer_init
    31 00000000                                 	EXTERN	_timer_settime
    32 00000000                                 	EXTERN	_init_mouse_cursor8
    33 00000000                                 	EXTERN	_sheet_slide
    34 00000000                                 	EXTERN	_sheet_updown
    35 00000000                                 	EXTERN	_fifo32_put
    36 00000000                                 	EXTERN	_fifo32_status
    37 00000000                                 	EXTERN	_io_cli
    38 00000000                                 	EXTERN	_fifo32_get
    39 00000000                                 	EXTERN	_boxfill8
    40 00000000                                 	EXTERN	_sheet_refresh
    41 00000000                                 	EXTERN	_mouse_decode
    42 00000000                                 	EXTERN	_keytable0.0
    43 00000000                                 	EXTERN	_putfonts8_asc_sht
    44 00000000                                 	EXTERN	_wait_KBC_sendready
    45 00000000                                 	EXTERN	_console_putstr0
    46 00000000                                 	EXTERN	_asm_end_app
    47 00000000                                 	EXTERN	_make_window_title
    48 00000000                                 	EXTERN	_keytable1.1
    49 00000000                                 	EXTERN	_task_sleep
    50 00000000                                 	EXTERN	_sprintf
    51 00000000                                 [FILE "bootpack.c"]
    52                                          [SECTION .data]
    53 00000000                                 _keytable0.0:
    54 00000000 00                              	DB	0
    55 00000001 00                              	DB	0
    56 00000002 31                              	DB	49
    57 00000003 32                              	DB	50
    58 00000004 33                              	DB	51
    59 00000005 34                              	DB	52
    60 00000006 35                              	DB	53
    61 00000007 36                              	DB	54
    62 00000008 37                              	DB	55
    63 00000009 38                              	DB	56
    64 0000000A 39                              	DB	57
    65 0000000B 30                              	DB	48
    66 0000000C 2D                              	DB	45
    67 0000000D 5E                              	DB	94
    68 0000000E 00                              	DB	0
    69 0000000F 00                              	DB	0
    70 00000010 51                              	DB	81
    71 00000011 57                              	DB	87
    72 00000012 45                              	DB	69
    73 00000013 52                              	DB	82
    74 00000014 54                              	DB	84
    75 00000015 59                              	DB	89
    76 00000016 55                              	DB	85
    77 00000017 49                              	DB	73
    78 00000018 4F                              	DB	79
    79 00000019 50                              	DB	80
    80 0000001A 40                              	DB	64
    81 0000001B 5B                              	DB	91
    82 0000001C 00                              	DB	0
    83 0000001D 00                              	DB	0
    84 0000001E 41                              	DB	65
    85 0000001F 53                              	DB	83
    86 00000020 44                              	DB	68
    87 00000021 46                              	DB	70
    88 00000022 47                              	DB	71
    89 00000023 48                              	DB	72
    90 00000024 4A                              	DB	74
    91 00000025 4B                              	DB	75
    92 00000026 4C                              	DB	76
    93 00000027 3B                              	DB	59
    94 00000028 3A                              	DB	58
    95 00000029 00                              	DB	0
    96 0000002A 00                              	DB	0
    97 0000002B 5D                              	DB	93
    98 0000002C 5A                              	DB	90
    99 0000002D 58                              	DB	88
   100 0000002E 43                              	DB	67
   101 0000002F 56                              	DB	86
   102 00000030 42                              	DB	66
   103 00000031 4E                              	DB	78
   104 00000032 4D                              	DB	77
   105 00000033 2C                              	DB	44
   106 00000034 2E                              	DB	46
   107 00000035 2F                              	DB	47
   108 00000036 00                              	DB	0
   109 00000037 2A                              	DB	42
   110 00000038 00                              	DB	0
   111 00000039 20                              	DB	32
   112 0000003A 00                              	DB	0
   113 0000003B 00                              	DB	0
   114 0000003C 00                              	DB	0
   115 0000003D 00                              	DB	0
   116 0000003E 00                              	DB	0
   117 0000003F 00                              	DB	0
   118 00000040 00                              	DB	0
   119 00000041 00                              	DB	0
   120 00000042 00                              	DB	0
   121 00000043 00                              	DB	0
   122 00000044 00                              	DB	0
   123 00000045 00                              	DB	0
   124 00000046 00                              	DB	0
   125 00000047 37                              	DB	55
   126 00000048 38                              	DB	56
   127 00000049 39                              	DB	57
   128 0000004A 2D                              	DB	45
   129 0000004B 34                              	DB	52
   130 0000004C 35                              	DB	53
   131 0000004D 36                              	DB	54
   132 0000004E 2B                              	DB	43
   133 0000004F 31                              	DB	49
   134 00000050 32                              	DB	50
   135 00000051 33                              	DB	51
   136 00000052 30                              	DB	48
   137 00000053 2E                              	DB	46
   138 00000054 00                              	DB	0
   139 00000055 00                              	DB	0
   140 00000056 00                              	DB	0
   141 00000057 00                              	DB	0
   142 00000058 00                              	DB	0
   143 00000059 00                              	DB	0
   144 0000005A 00                              	DB	0
   145 0000005B 00                              	DB	0
   146 0000005C 00                              	DB	0
   147 0000005D 00                              	DB	0
   148 0000005E 00                              	DB	0
   149 0000005F 00                              	DB	0
   150 00000060 00                              	DB	0
   151 00000061 00                              	DB	0
   152 00000062 00                              	DB	0
   153 00000063 00                              	DB	0
   154 00000064 00                              	DB	0
   155 00000065 00                              	DB	0
   156 00000066 00                              	DB	0
   157 00000067 00                              	DB	0
   158 00000068 00                              	DB	0
   159 00000069 00                              	DB	0
   160 0000006A 00                              	DB	0
   161 0000006B 00                              	DB	0
   162 0000006C 00                              	DB	0
   163 0000006D 00                              	DB	0
   164 0000006E 00                              	DB	0
   165 0000006F 00                              	DB	0
   166 00000070 00                              	DB	0
   167 00000071 00                              	DB	0
   168 00000072 00                              	DB	0
   169 00000073 5C                              	DB	92
   170 00000074 00                              	DB	0
   171 00000075 00                              	DB	0
   172 00000076 00                              	DB	0
   173 00000077 00                              	DB	0
   174 00000078 00                              	DB	0
   175 00000079 00                              	DB	0
   176 0000007A 00                              	DB	0
   177 0000007B 00                              	DB	0
   178 0000007C 00                              	DB	0
   179 0000007D 5C                              	DB	92
   180 0000007E 00                              	DB	0
   181 0000007F 00                              	DB	0
   182 00000080                                 _keytable1.1:
   183 00000080 00                              	DB	0
   184 00000081 00                              	DB	0
   185 00000082 21                              	DB	33
   186 00000083 22                              	DB	34
   187 00000084 23                              	DB	35
   188 00000085 24                              	DB	36
   189 00000086 25                              	DB	37
   190 00000087 26                              	DB	38
   191 00000088 27                              	DB	39
   192 00000089 28                              	DB	40
   193 0000008A 29                              	DB	41
   194 0000008B 7E                              	DB	126
   195 0000008C 3D                              	DB	61
   196 0000008D 7E                              	DB	126
   197 0000008E 00                              	DB	0
   198 0000008F 00                              	DB	0
   199 00000090 51                              	DB	81
   200 00000091 57                              	DB	87
   201 00000092 45                              	DB	69
   202 00000093 52                              	DB	82
   203 00000094 54                              	DB	84
   204 00000095 59                              	DB	89
   205 00000096 55                              	DB	85
   206 00000097 49                              	DB	73
   207 00000098 4F                              	DB	79
   208 00000099 50                              	DB	80
   209 0000009A 60                              	DB	96
   210 0000009B 7B                              	DB	123
   211 0000009C 00                              	DB	0
   212 0000009D 00                              	DB	0
   213 0000009E 41                              	DB	65
   214 0000009F 53                              	DB	83
   215 000000A0 44                              	DB	68
   216 000000A1 46                              	DB	70
   217 000000A2 47                              	DB	71
   218 000000A3 48                              	DB	72
   219 000000A4 4A                              	DB	74
   220 000000A5 4B                              	DB	75
   221 000000A6 4C                              	DB	76
   222 000000A7 2B                              	DB	43
   223 000000A8 2A                              	DB	42
   224 000000A9 00                              	DB	0
   225 000000AA 00                              	DB	0
   226 000000AB 7D                              	DB	125
   227 000000AC 5A                              	DB	90
   228 000000AD 58                              	DB	88
   229 000000AE 43                              	DB	67
   230 000000AF 56                              	DB	86
   231 000000B0 42                              	DB	66
   232 000000B1 4E                              	DB	78
   233 000000B2 4D                              	DB	77
   234 000000B3 3C                              	DB	60
   235 000000B4 3E                              	DB	62
   236 000000B5 3F                              	DB	63
   237 000000B6 00                              	DB	0
   238 000000B7 2A                              	DB	42
   239 000000B8 00                              	DB	0
   240 000000B9 20                              	DB	32
   241 000000BA 00                              	DB	0
   242 000000BB 00                              	DB	0
   243 000000BC 00                              	DB	0
   244 000000BD 00                              	DB	0
   245 000000BE 00                              	DB	0
   246 000000BF 00                              	DB	0
   247 000000C0 00                              	DB	0
   248 000000C1 00                              	DB	0
   249 000000C2 00                              	DB	0
   250 000000C3 00                              	DB	0
   251 000000C4 00                              	DB	0
   252 000000C5 00                              	DB	0
   253 000000C6 00                              	DB	0
   254 000000C7 37                              	DB	55
   255 000000C8 38                              	DB	56
   256 000000C9 39                              	DB	57
   257 000000CA 2D                              	DB	45
   258 000000CB 34                              	DB	52
   259 000000CC 35                              	DB	53
   260 000000CD 36                              	DB	54
   261 000000CE 2B                              	DB	43
   262 000000CF 31                              	DB	49
   263 000000D0 32                              	DB	50
   264 000000D1 33                              	DB	51
   265 000000D2 30                              	DB	48
   266 000000D3 2E                              	DB	46
   267 000000D4 00                              	DB	0
   268 000000D5 00                              	DB	0
   269 000000D6 00                              	DB	0
   270 000000D7 00                              	DB	0
   271 000000D8 00                              	DB	0
   272 000000D9 00                              	DB	0
   273 000000DA 00                              	DB	0
   274 000000DB 00                              	DB	0
   275 000000DC 00                              	DB	0
   276 000000DD 00                              	DB	0
   277 000000DE 00                              	DB	0
   278 000000DF 00                              	DB	0
   279 000000E0 00                              	DB	0
   280 000000E1 00                              	DB	0
   281 000000E2 00                              	DB	0
   282 000000E3 00                              	DB	0
   283 000000E4 00                              	DB	0
   284 000000E5 00                              	DB	0
   285 000000E6 00                              	DB	0
   286 000000E7 00                              	DB	0
   287 000000E8 00                              	DB	0
   288 000000E9 00                              	DB	0
   289 000000EA 00                              	DB	0
   290 000000EB 00                              	DB	0
   291 000000EC 00                              	DB	0
   292 000000ED 00                              	DB	0
   293 000000EE 00                              	DB	0
   294 000000EF 00                              	DB	0
   295 000000F0 00                              	DB	0
   296 000000F1 00                              	DB	0
   297 000000F2 00                              	DB	0
   298 000000F3 5F                              	DB	95
   299 000000F4 00                              	DB	0
   300 000000F5 00                              	DB	0
   301 000000F6 00                              	DB	0
   302 000000F7 00                              	DB	0
   303 000000F8 00                              	DB	0
   304 000000F9 00                              	DB	0
   305 000000FA 00                              	DB	0
   306 000000FB 00                              	DB	0
   307 000000FC 00                              	DB	0
   308 000000FD 7C                              	DB	124
   309 000000FE 00                              	DB	0
   310 000000FF 00                              	DB	0
   311 00000100                                 LC0:
   312 00000100 63 6F 6E 73 6F 6C 65 00         	DB	"console",0x00
   313 00000108                                 LC1:
   314 00000108 74 61 73 6B 5F 61 00            	DB	"task_a",0x00
   315 0000010F                                 LC5:
   316 0000010F 0A 42 72 65 61 6B 28 6B 65 79   	DB	0x0A,"Break(key):Shift+Alt",0x0A,0x00
       00000119 29 3A 53 68 69 66 74 2B 41 6C 
       00000123 74 0A 00 
   317 00000126                                 LC3:
   318 00000126 54 61 73 6B 5F 41 00            	DB	"Task_A",0x00
   319 0000012D                                 LC4:
   320 0000012D 43 6F 6E 73 6F 6C 65 00         	DB	"Console",0x00
   321 00000135                                 LC2:
   322 00000135 20 00                           	DB	" ",0x00
   323                                          [SECTION .text]
   324 00000000                                 	GLOBAL	_HariMain
   325 00000000                                 _HariMain:
   326 00000000 55                              	PUSH	EBP
   327 00000001 89 E5                           	MOV	EBP,ESP
   328 00000003 57                              	PUSH	EDI
   329 00000004 56                              	PUSH	ESI
   330 00000005 53                              	PUSH	EBX
   331 00000006 81 EC 000006F8                  	SUB	ESP,1784
   332 0000000C C7 85 FFFFF90C 00000000         	MOV	DWORD [-1780+EBP],0
   333 00000016 C7 85 FFFFF908 00000000         	MOV	DWORD [-1784+EBP],0
   334 00000020 A0 00000FF1                     	MOV	AL,BYTE [4081]
   335 00000025 C0 F8 04                        	SAR	AL,4
   336 00000028 89 C2                           	MOV	EDX,EAX
   337 0000002A 83 E2 07                        	AND	EDX,7
   338 0000002D 89 95 FFFFF904                  	MOV	DWORD [-1788+EBP],EDX
   339 00000033 C7 85 FFFFF900 FFFFFFFF         	MOV	DWORD [-1792+EBP],-1
   340 0000003D E8 [00000000]                   	CALL	_init_gdtidt
   341 00000042 E8 [00000000]                   	CALL	_init_pic
   342 00000047 E8 [00000000]                   	CALL	_io_sti
   343 0000004C 8D 85 FFFFFAB4                  	LEA	EAX,DWORD [-1356+EBP]
   344 00000052 6A 00                           	PUSH	0
   345 00000054 50                              	PUSH	EAX
   346 00000055 8D 85 FFFFFCD4                  	LEA	EAX,DWORD [-812+EBP]
   347 0000005B 68 00000080                     	PUSH	128
   348 00000060 50                              	PUSH	EAX
   349 00000061 E8 [00000000]                   	CALL	_fifo32_init
   350 00000066 E8 [00000000]                   	CALL	_init_pit
   351 0000006B 8D 95 FFFFFCD4                  	LEA	EDX,DWORD [-812+EBP]
   352 00000071 68 00000100                     	PUSH	256
   353 00000076 52                              	PUSH	EDX
   354 00000077 E8 [00000000]                   	CALL	_init_keyboard
   355 0000007C 8D 85 FFFFFE04                  	LEA	EAX,DWORD [-508+EBP]
   356 00000082 50                              	PUSH	EAX
   357 00000083 8D 85 FFFFFCD4                  	LEA	EAX,DWORD [-812+EBP]
   358 00000089 68 00000200                     	PUSH	512
   359 0000008E 50                              	PUSH	EAX
   360 0000008F E8 [00000000]                   	CALL	_enable_mouse
   361 00000094 83 C4 24                        	ADD	ESP,36
   362 00000097 68 000000F8                     	PUSH	248
   363 0000009C 6A 21                           	PUSH	33
   364 0000009E E8 [00000000]                   	CALL	_io_out8
   365 000000A3 68 000000EF                     	PUSH	239
   366 000000A8 68 000000A1                     	PUSH	161
   367 000000AD E8 [00000000]                   	CALL	_io_out8
   368 000000B2 8D 95 FFFFFCB4                  	LEA	EDX,DWORD [-844+EBP]
   369 000000B8 6A 00                           	PUSH	0
   370 000000BA 8D 85 FFFFFA34                  	LEA	EAX,DWORD [-1484+EBP]
   371 000000C0 50                              	PUSH	EAX
   372 000000C1 6A 20                           	PUSH	32
   373 000000C3 52                              	PUSH	EDX
   374 000000C4 E8 [00000000]                   	CALL	_fifo32_init
   375 000000C9 83 C4 20                        	ADD	ESP,32
   376 000000CC 68 BFFFFFFF                     	PUSH	-1073741825
   377 000000D1 68 00400000                     	PUSH	4194304
   378 000000D6 E8 [00000000]                   	CALL	_memtest
   379 000000DB 68 003C0000                     	PUSH	3932160
   380 000000E0 89 85 FFFFF938                  	MOV	DWORD [-1736+EBP],EAX
   381 000000E6 E8 [00000000]                   	CALL	_memman_init
   382 000000EB 68 0009E000                     	PUSH	647168
   383 000000F0 68 00001000                     	PUSH	4096
   384 000000F5 68 003C0000                     	PUSH	3932160
   385 000000FA E8 [00000000]                   	CALL	_memman_free
   386 000000FF 8B 85 FFFFF938                  	MOV	EAX,DWORD [-1736+EBP]
   387 00000105 2D 00400000                     	SUB	EAX,4194304
   388 0000010A 50                              	PUSH	EAX
   389 0000010B 68 00400000                     	PUSH	4194304
   390 00000110 68 003C0000                     	PUSH	3932160
   391 00000115 E8 [00000000]                   	CALL	_memman_free
   392 0000011A 83 C4 24                        	ADD	ESP,36
   393 0000011D E8 [00000000]                   	CALL	_init_palette
   394 00000122 0F BF 05 00000FF6               	MOVSX	EAX,WORD [4086]
   395 00000129 50                              	PUSH	EAX
   396 0000012A 0F BF 05 00000FF4               	MOVSX	EAX,WORD [4084]
   397 00000131 50                              	PUSH	EAX
   398 00000132 FF 35 00000FF8                  	PUSH	DWORD [4088]
   399 00000138 68 003C0000                     	PUSH	3932160
   400 0000013D E8 [00000000]                   	CALL	_shtctl_init
   401 00000142 68 003C0000                     	PUSH	3932160
   402 00000147 89 C6                           	MOV	ESI,EAX
   403 00000149 E8 [00000000]                   	CALL	_task_init
   404 0000014E 6A 02                           	PUSH	2
   405 00000150 6A 01                           	PUSH	1
   406 00000152 89 85 FFFFF914                  	MOV	DWORD [-1772+EBP],EAX
   407 00000158 50                              	PUSH	EAX
   408 00000159 89 85 FFFFFCEC                  	MOV	DWORD [-788+EBP],EAX
   409 0000015F E8 [00000000]                   	CALL	_task_run
   410 00000164 83 C4 20                        	ADD	ESP,32
   411 00000167 56                              	PUSH	ESI
   412 00000168 E8 [00000000]                   	CALL	_sheet_alloc
   413 0000016D 0F BF 15 00000FF6               	MOVSX	EDX,WORD [4086]
   414 00000174 89 85 FFFFF934                  	MOV	DWORD [-1740+EBP],EAX
   415 0000017A 0F BF 05 00000FF4               	MOVSX	EAX,WORD [4084]
   416 00000181 0F AF C2                        	IMUL	EAX,EDX
   417 00000184 50                              	PUSH	EAX
   418 00000185 68 003C0000                     	PUSH	3932160
   419 0000018A E8 [00000000]                   	CALL	_memman_alloc_4k
   420 0000018F 6A FF                           	PUSH	-1
   421 00000191 89 C3                           	MOV	EBX,EAX
   422 00000193 0F BF 05 00000FF6               	MOVSX	EAX,WORD [4086]
   423 0000019A 50                              	PUSH	EAX
   424 0000019B 0F BF 05 00000FF4               	MOVSX	EAX,WORD [4084]
   425 000001A2 50                              	PUSH	EAX
   426 000001A3 53                              	PUSH	EBX
   427 000001A4 FF B5 FFFFF934                  	PUSH	DWORD [-1740+EBP]
   428 000001AA E8 [00000000]                   	CALL	_sheet_setbuf
   429 000001AF 83 C4 20                        	ADD	ESP,32
   430 000001B2 0F BF 05 00000FF6               	MOVSX	EAX,WORD [4086]
   431 000001B9 50                              	PUSH	EAX
   432 000001BA 0F BF 05 00000FF4               	MOVSX	EAX,WORD [4084]
   433 000001C1 50                              	PUSH	EAX
   434 000001C2 53                              	PUSH	EBX
   435 000001C3 8D 9D FFFFFCF4                  	LEA	EBX,DWORD [-780+EBP]
   436 000001C9 E8 [00000000]                   	CALL	_init_screen8
   437 000001CE 56                              	PUSH	ESI
   438 000001CF E8 [00000000]                   	CALL	_sheet_alloc
   439 000001D4 68 0000A500                     	PUSH	42240
   440 000001D9 68 003C0000                     	PUSH	3932160
   441 000001DE 89 85 FFFFF92C                  	MOV	DWORD [-1748+EBP],EAX
   442 000001E4 E8 [00000000]                   	CALL	_memman_alloc_4k
   443 000001E9 6A FF                           	PUSH	-1
   444 000001EB 68 000000A5                     	PUSH	165
   445 000001F0 89 85 FFFFF924                  	MOV	DWORD [-1756+EBP],EAX
   446 000001F6 68 00000100                     	PUSH	256
   447 000001FB 50                              	PUSH	EAX
   448 000001FC FF B5 FFFFF92C                  	PUSH	DWORD [-1748+EBP]
   449 00000202 E8 [00000000]                   	CALL	_sheet_setbuf
   450 00000207 83 C4 2C                        	ADD	ESP,44
   451 0000020A 6A 00                           	PUSH	0
   452 0000020C 68 [00000100]                   	PUSH	LC0
   453 00000211 68 000000A5                     	PUSH	165
   454 00000216 68 00000100                     	PUSH	256
   455 0000021B FF B5 FFFFF924                  	PUSH	DWORD [-1756+EBP]
   456 00000221 E8 [00000000]                   	CALL	_make_window8
   457 00000226 6A 00                           	PUSH	0
   458 00000228 68 00000080                     	PUSH	128
   459 0000022D 68 000000F0                     	PUSH	240
   460 00000232 6A 1C                           	PUSH	28
   461 00000234 6A 08                           	PUSH	8
   462 00000236 FF B5 FFFFF92C                  	PUSH	DWORD [-1748+EBP]
   463 0000023C E8 [00000000]                   	CALL	_make_textbox8
   464 00000241 83 C4 2C                        	ADD	ESP,44
   465 00000244 E8 [00000000]                   	CALL	_task_alloc
   466 00000249 68 00010000                     	PUSH	65536
   467 0000024E 68 003C0000                     	PUSH	3932160
   468 00000253 89 85 FFFFF910                  	MOV	DWORD [-1776+EBP],EAX
   469 00000259 E8 [00000000]                   	CALL	_memman_alloc_4k
   470 0000025E 8B 95 FFFFF910                  	MOV	EDX,DWORD [-1776+EBP]
   471 00000264 05 0000FFF4                     	ADD	EAX,65524
   472 00000269 89 42 48                        	MOV	DWORD [72+EDX],EAX
   473 0000026C C7 42 30 [00000000]             	MOV	DWORD [48+EDX],_console_task
   474 00000273 C7 42 58 00000008               	MOV	DWORD [88+EDX],8
   475 0000027A C7 42 5C 00000010               	MOV	DWORD [92+EDX],16
   476 00000281 C7 42 60 00000008               	MOV	DWORD [96+EDX],8
   477 00000288 C7 42 64 00000008               	MOV	DWORD [100+EDX],8
   478 0000028F C7 42 68 00000008               	MOV	DWORD [104+EDX],8
   479 00000296 C7 42 6C 00000008               	MOV	DWORD [108+EDX],8
   480 0000029D 8B 95 FFFFF92C                  	MOV	EDX,DWORD [-1748+EBP]
   481 000002A3 89 50 04                        	MOV	DWORD [4+EAX],EDX
   482 000002A6 8B 95 FFFFF910                  	MOV	EDX,DWORD [-1776+EBP]
   483 000002AC 8B 42 48                        	MOV	EAX,DWORD [72+EDX]
   484 000002AF 8B 95 FFFFF938                  	MOV	EDX,DWORD [-1736+EBP]
   485 000002B5 89 50 08                        	MOV	DWORD [8+EAX],EDX
   486 000002B8 6A 02                           	PUSH	2
   487 000002BA 6A 02                           	PUSH	2
   488 000002BC FF B5 FFFFF910                  	PUSH	DWORD [-1776+EBP]
   489 000002C2 E8 [00000000]                   	CALL	_task_run
   490 000002C7 56                              	PUSH	ESI
   491 000002C8 E8 [00000000]                   	CALL	_sheet_alloc
   492 000002CD 68 00002080                     	PUSH	8320
   493 000002D2 68 003C0000                     	PUSH	3932160
   494 000002D7 89 C7                           	MOV	EDI,EAX
   495 000002D9 E8 [00000000]                   	CALL	_memman_alloc_4k
   496 000002DE 83 C4 20                        	ADD	ESP,32
   497 000002E1 6A FF                           	PUSH	-1
   498 000002E3 89 85 FFFFF928                  	MOV	DWORD [-1752+EBP],EAX
   499 000002E9 6A 34                           	PUSH	52
   500 000002EB 68 00000090                     	PUSH	144
   501 000002F0 50                              	PUSH	EAX
   502 000002F1 57                              	PUSH	EDI
   503 000002F2 E8 [00000000]                   	CALL	_sheet_setbuf
   504 000002F7 6A 01                           	PUSH	1
   505 000002F9 68 [00000108]                   	PUSH	LC1
   506 000002FE 6A 34                           	PUSH	52
   507 00000300 68 00000090                     	PUSH	144
   508 00000305 FF B5 FFFFF928                  	PUSH	DWORD [-1752+EBP]
   509 0000030B E8 [00000000]                   	CALL	_make_window8
   510 00000310 83 C4 28                        	ADD	ESP,40
   511 00000313 6A 07                           	PUSH	7
   512 00000315 6A 10                           	PUSH	16
   513 00000317 68 00000080                     	PUSH	128
   514 0000031C 6A 1C                           	PUSH	28
   515 0000031E 6A 08                           	PUSH	8
   516 00000320 57                              	PUSH	EDI
   517 00000321 E8 [00000000]                   	CALL	_make_textbox8
   518 00000326 C7 85 FFFFF91C 00000008         	MOV	DWORD [-1764+EBP],8
   519 00000330 C7 85 FFFFF918 00000007         	MOV	DWORD [-1768+EBP],7
   520 0000033A E8 [00000000]                   	CALL	_timer_alloc
   521 0000033F 6A 01                           	PUSH	1
   522 00000341 89 85 FFFFF920                  	MOV	DWORD [-1760+EBP],EAX
   523 00000347 8D 85 FFFFFCD4                  	LEA	EAX,DWORD [-812+EBP]
   524 0000034D 50                              	PUSH	EAX
   525 0000034E FF B5 FFFFF920                  	PUSH	DWORD [-1760+EBP]
   526 00000354 E8 [00000000]                   	CALL	_timer_init
   527 00000359 83 C4 24                        	ADD	ESP,36
   528 0000035C 6A 32                           	PUSH	50
   529 0000035E FF B5 FFFFF920                  	PUSH	DWORD [-1760+EBP]
   530 00000364 E8 [00000000]                   	CALL	_timer_settime
   531 00000369 56                              	PUSH	ESI
   532 0000036A E8 [00000000]                   	CALL	_sheet_alloc
   533 0000036F 6A 63                           	PUSH	99
   534 00000371 6A 10                           	PUSH	16
   535 00000373 6A 10                           	PUSH	16
   536 00000375 89 85 FFFFF930                  	MOV	DWORD [-1744+EBP],EAX
   537 0000037B 53                              	PUSH	EBX
   538 0000037C 50                              	PUSH	EAX
   539 0000037D E8 [00000000]                   	CALL	_sheet_setbuf
   540 00000382 83 C4 20                        	ADD	ESP,32
   541 00000385 6A 63                           	PUSH	99
   542 00000387 53                              	PUSH	EBX
   543 00000388 BB 00000002                     	MOV	EBX,2
   544 0000038D E8 [00000000]                   	CALL	_init_mouse_cursor8
   545 00000392 0F BF 05 00000FF4               	MOVSX	EAX,WORD [4084]
   546 00000399 8D 48 F0                        	LEA	ECX,DWORD [-16+EAX]
   547 0000039C 89 C8                           	MOV	EAX,ECX
   548 0000039E 99                              	CDQ
   549 0000039F F7 FB                           	IDIV	EBX
   550 000003A1 89 85 FFFFF940                  	MOV	DWORD [-1728+EBP],EAX
   551 000003A7 0F BF 05 00000FF6               	MOVSX	EAX,WORD [4086]
   552 000003AE 6A 00                           	PUSH	0
   553 000003B0 8D 48 D4                        	LEA	ECX,DWORD [-44+EAX]
   554 000003B3 6A 00                           	PUSH	0
   555 000003B5 89 C8                           	MOV	EAX,ECX
   556 000003B7 99                              	CDQ
   557 000003B8 F7 FB                           	IDIV	EBX
   558 000003BA FF B5 FFFFF934                  	PUSH	DWORD [-1740+EBP]
   559 000003C0 89 85 FFFFF93C                  	MOV	DWORD [-1732+EBP],EAX
   560 000003C6 E8 [00000000]                   	CALL	_sheet_slide
   561 000003CB 6A 04                           	PUSH	4
   562 000003CD 6A 20                           	PUSH	32
   563 000003CF FF B5 FFFFF92C                  	PUSH	DWORD [-1748+EBP]
   564 000003D5 E8 [00000000]                   	CALL	_sheet_slide
   565 000003DA 83 C4 20                        	ADD	ESP,32
   566 000003DD 6A 38                           	PUSH	56
   567 000003DF 6A 40                           	PUSH	64
   568 000003E1 57                              	PUSH	EDI
   569 000003E2 E8 [00000000]                   	CALL	_sheet_slide
   570 000003E7 FF B5 FFFFF93C                  	PUSH	DWORD [-1732+EBP]
   571 000003ED FF B5 FFFFF940                  	PUSH	DWORD [-1728+EBP]
   572 000003F3 FF B5 FFFFF930                  	PUSH	DWORD [-1744+EBP]
   573 000003F9 E8 [00000000]                   	CALL	_sheet_slide
   574 000003FE 6A 00                           	PUSH	0
   575 00000400 FF B5 FFFFF934                  	PUSH	DWORD [-1740+EBP]
   576 00000406 E8 [00000000]                   	CALL	_sheet_updown
   577 0000040B 83 C4 20                        	ADD	ESP,32
   578 0000040E 6A 01                           	PUSH	1
   579 00000410 FF B5 FFFFF92C                  	PUSH	DWORD [-1748+EBP]
   580 00000416 E8 [00000000]                   	CALL	_sheet_updown
   581 0000041B 6A 02                           	PUSH	2
   582 0000041D 57                              	PUSH	EDI
   583 0000041E E8 [00000000]                   	CALL	_sheet_updown
   584 00000423 6A 03                           	PUSH	3
   585 00000425 FF B5 FFFFF930                  	PUSH	DWORD [-1744+EBP]
   586 0000042B E8 [00000000]                   	CALL	_sheet_updown
   587 00000430 8D 95 FFFFFCB4                  	LEA	EDX,DWORD [-844+EBP]
   588 00000436 68 000000ED                     	PUSH	237
   589 0000043B 52                              	PUSH	EDX
   590 0000043C E8 [00000000]                   	CALL	_fifo32_put
   591 00000441 8D 85 FFFFFCB4                  	LEA	EAX,DWORD [-844+EBP]
   592 00000447 83 C4 20                        	ADD	ESP,32
   593 0000044A FF B5 FFFFF904                  	PUSH	DWORD [-1788+EBP]
   594 00000450 50                              	PUSH	EAX
   595 00000451 E8 [00000000]                   	CALL	_fifo32_put
   596 00000456 59                              	POP	ECX
   597 00000457 5B                              	POP	EBX
   598 00000458                                 L2:
   599 00000458 8D 9D FFFFFCB4                  	LEA	EBX,DWORD [-844+EBP]
   600 0000045E 53                              	PUSH	EBX
   601 0000045F E8 [00000000]                   	CALL	_fifo32_status
   602 00000464 5A                              	POP	EDX
   603 00000465 85 C0                           	TEST	EAX,EAX
   604 00000467 7E 0D                           	JLE	L5
   605 00000469 83 BD FFFFF900 00               	CMP	DWORD [-1792+EBP],0
   606 00000470 0F 88 00000680                  	JS	L58
   607 00000476                                 L5:
   608 00000476 8D 9D FFFFFCD4                  	LEA	EBX,DWORD [-812+EBP]
   609 0000047C E8 [00000000]                   	CALL	_io_cli
   610 00000481 53                              	PUSH	EBX
   611 00000482 E8 [00000000]                   	CALL	_fifo32_status
   612 00000487 5E                              	POP	ESI
   613 00000488 85 C0                           	TEST	EAX,EAX
   614 0000048A 0F 84 00000650                  	JE	L59
   615 00000490 53                              	PUSH	EBX
   616 00000491 E8 [00000000]                   	CALL	_fifo32_get
   617 00000496 89 C6                           	MOV	ESI,EAX
   618 00000498 E8 [00000000]                   	CALL	_io_sti
   619 0000049D 59                              	POP	ECX
   620 0000049E 8D 86 FFFFFF00                  	LEA	EAX,DWORD [-256+ESI]
   621 000004A4 3D 000000FF                     	CMP	EAX,255
   622 000004A9 0F 86 000001AC                  	JBE	L60
   623 000004AF 8D 86 FFFFFE00                  	LEA	EAX,DWORD [-512+ESI]
   624 000004B5 3D 000000FF                     	CMP	EAX,255
   625 000004BA 0F 86 000000C2                  	JBE	L61
   626 000004C0 83 FE 01                        	CMP	ESI,1
   627 000004C3 7F 93                           	JG	L2
   628 000004C5 85 F6                           	TEST	ESI,ESI
   629 000004C7 0F 84 00000088                  	JE	L51
   630 000004CD 6A 00                           	PUSH	0
   631 000004CF 53                              	PUSH	EBX
   632 000004D0 FF B5 FFFFF920                  	PUSH	DWORD [-1760+EBP]
   633 000004D6 E8 [00000000]                   	CALL	_timer_init
   634 000004DB 83 C4 0C                        	ADD	ESP,12
   635 000004DE 83 BD FFFFF918 00               	CMP	DWORD [-1768+EBP],0
   636 000004E5 78 0A                           	JS	L53
   637 000004E7 C7 85 FFFFF918 00000000         	MOV	DWORD [-1768+EBP],0
   638 000004F1                                 L53:
   639 000004F1 6A 32                           	PUSH	50
   640 000004F3 FF B5 FFFFF920                  	PUSH	DWORD [-1760+EBP]
   641 000004F9 E8 [00000000]                   	CALL	_timer_settime
   642 000004FE 58                              	POP	EAX
   643 000004FF 5A                              	POP	EDX
   644 00000500 83 BD FFFFF918 00               	CMP	DWORD [-1768+EBP],0
   645 00000507 0F 88 FFFFFF4B                  	JS	L2
   646 0000050D 8B 85 FFFFF91C                  	MOV	EAX,DWORD [-1764+EBP]
   647 00000513 6A 2B                           	PUSH	43
   648 00000515 83 C0 07                        	ADD	EAX,7
   649 00000518 50                              	PUSH	EAX
   650 00000519 6A 1C                           	PUSH	28
   651 0000051B FF B5 FFFFF91C                  	PUSH	DWORD [-1764+EBP]
   652 00000521 0F B6 85 FFFFF918               	MOVZX	EAX,BYTE [-1768+EBP]
   653 00000528 50                              	PUSH	EAX
   654 00000529 FF 77 04                        	PUSH	DWORD [4+EDI]
   655 0000052C FF 37                           	PUSH	DWORD [EDI]
   656 0000052E E8 [00000000]                   	CALL	_boxfill8
   657 00000533 8B 85 FFFFF91C                  	MOV	EAX,DWORD [-1764+EBP]
   658 00000539 6A 2C                           	PUSH	44
   659 0000053B 83 C0 08                        	ADD	EAX,8
   660 0000053E 50                              	PUSH	EAX
   661 0000053F 6A 1C                           	PUSH	28
   662 00000541 FF B5 FFFFF91C                  	PUSH	DWORD [-1764+EBP]
   663 00000547 57                              	PUSH	EDI
   664 00000548 E8 [00000000]                   	CALL	_sheet_refresh
   665 0000054D 83 C4 30                        	ADD	ESP,48
   666 00000550 E9 FFFFFF03                     	JMP	L2
   667 00000555                                 L51:
   668 00000555 6A 01                           	PUSH	1
   669 00000557 53                              	PUSH	EBX
   670 00000558 FF B5 FFFFF920                  	PUSH	DWORD [-1760+EBP]
   671 0000055E E8 [00000000]                   	CALL	_timer_init
   672 00000563 83 C4 0C                        	ADD	ESP,12
   673 00000566 83 BD FFFFF918 00               	CMP	DWORD [-1768+EBP],0
   674 0000056D 0F 88 FFFFFF7E                  	JS	L53
   675 00000573 C7 85 FFFFF918 00000007         	MOV	DWORD [-1768+EBP],7
   676 0000057D E9 FFFFFF6F                     	JMP	L53
   677 00000582                                 L61:
   678 00000582 89 F2                           	MOV	EDX,ESI
   679 00000584 0F B6 C2                        	MOVZX	EAX,DL
   680 00000587 50                              	PUSH	EAX
   681 00000588 8D 85 FFFFFE04                  	LEA	EAX,DWORD [-508+EBP]
   682 0000058E 50                              	PUSH	EAX
   683 0000058F E8 [00000000]                   	CALL	_mouse_decode
   684 00000594 59                              	POP	ECX
   685 00000595 5B                              	POP	EBX
   686 00000596 85 C0                           	TEST	EAX,EAX
   687 00000598 0F 84 FFFFFEBA                  	JE	L2
   688 0000059E 8B 85 FFFFFE0C                  	MOV	EAX,DWORD [-500+EBP]
   689 000005A4 8B 95 FFFFFE08                  	MOV	EDX,DWORD [-504+EBP]
   690 000005AA 01 85 FFFFF93C                  	ADD	DWORD [-1732+EBP],EAX
   691 000005B0 01 95 FFFFF940                  	ADD	DWORD [-1728+EBP],EDX
   692 000005B6 0F 88 00000090                  	JS	L62
   693 000005BC                                 L44:
   694 000005BC 83 BD FFFFF93C 00               	CMP	DWORD [-1732+EBP],0
   695 000005C3 78 78                           	JS	L63
   696 000005C5                                 L45:
   697 000005C5 0F BF 05 00000FF4               	MOVSX	EAX,WORD [4084]
   698 000005CC 48                              	DEC	EAX
   699 000005CD 39 85 FFFFF940                  	CMP	DWORD [-1728+EBP],EAX
   700 000005D3 7E 06                           	JLE	L46
   701 000005D5 89 85 FFFFF940                  	MOV	DWORD [-1728+EBP],EAX
   702 000005DB                                 L46:
   703 000005DB 0F BF 05 00000FF6               	MOVSX	EAX,WORD [4086]
   704 000005E2 48                              	DEC	EAX
   705 000005E3 39 85 FFFFF93C                  	CMP	DWORD [-1732+EBP],EAX
   706 000005E9 7E 06                           	JLE	L47
   707 000005EB 89 85 FFFFF93C                  	MOV	DWORD [-1732+EBP],EAX
   708 000005F1                                 L47:
   709 000005F1 FF B5 FFFFF93C                  	PUSH	DWORD [-1732+EBP]
   710 000005F7 FF B5 FFFFF940                  	PUSH	DWORD [-1728+EBP]
   711 000005FD FF B5 FFFFF930                  	PUSH	DWORD [-1744+EBP]
   712 00000603 E8 [00000000]                   	CALL	_sheet_slide
   713 00000608 83 C4 0C                        	ADD	ESP,12
   714 0000060B F7 85 FFFFFE10 00000001         	TEST	DWORD [-496+EBP],1
   715 00000615 0F 84 FFFFFE3D                  	JE	L2
   716 0000061B 8B 85 FFFFF93C                  	MOV	EAX,DWORD [-1732+EBP]
   717 00000621 83 E8 50                        	SUB	EAX,80
   718 00000624 50                              	PUSH	EAX
   719 00000625 8B 85 FFFFF940                  	MOV	EAX,DWORD [-1728+EBP]
   720 0000062B 83 E8 50                        	SUB	EAX,80
   721 0000062E 50                              	PUSH	EAX
   722 0000062F 57                              	PUSH	EDI
   723 00000630 E8 [00000000]                   	CALL	_sheet_slide
   724 00000635 83 C4 0C                        	ADD	ESP,12
   725 00000638 E9 FFFFFE1B                     	JMP	L2
   726 0000063D                                 L63:
   727 0000063D C7 85 FFFFF93C 00000000         	MOV	DWORD [-1732+EBP],0
   728 00000647 E9 FFFFFF79                     	JMP	L45
   729 0000064C                                 L62:
   730 0000064C C7 85 FFFFF940 00000000         	MOV	DWORD [-1728+EBP],0
   731 00000656 E9 FFFFFF61                     	JMP	L44
   732 0000065B                                 L60:
   733 0000065B 81 FE 0000017F                  	CMP	ESI,383
   734 00000661 0F 8F 00000470                  	JG	L9
   735 00000667 83 BD FFFFF908 00               	CMP	DWORD [-1784+EBP],0
   736 0000066E 0F 85 00000458                  	JNE	L10
   737 00000674 8A 86 [FFFFFF00]                	MOV	AL,BYTE [_keytable0.0-256+ESI]
   738 0000067A                                 L57:
   739 0000067A 88 45 C4                        	MOV	BYTE [-60+EBP],AL
   740 0000067D                                 L12:
   741 0000067D 8A 55 C4                        	MOV	DL,BYTE [-60+EBP]
   742 00000680 8D 42 BF                        	LEA	EAX,DWORD [-65+EDX]
   743 00000683 3C 19                           	CMP	AL,25
   744 00000685 77 1D                           	JA	L13
   745 00000687 F7 85 FFFFF904 00000004         	TEST	DWORD [-1788+EBP],4
   746 00000691 0F 85 00000426                  	JNE	L56
   747 00000697 83 BD FFFFF908 00               	CMP	DWORD [-1784+EBP],0
   748 0000069E 0F 84 0000040E                  	JE	L15
   749 000006A4                                 L13:
   750 000006A4 8A 45 C4                        	MOV	AL,BYTE [-60+EBP]
   751 000006A7 84 C0                           	TEST	AL,AL
   752 000006A9 74 3C                           	JE	L17
   753 000006AB 83 BD FFFFF90C 00               	CMP	DWORD [-1780+EBP],0
   754 000006B2 0F 85 000003DB                  	JNE	L18
   755 000006B8 83 BD FFFFF91C 7F               	CMP	DWORD [-1764+EBP],127
   756 000006BF 7F 26                           	JG	L17
   757 000006C1 6A 01                           	PUSH	1
   758 000006C3 8D 45 C4                        	LEA	EAX,DWORD [-60+EBP]
   759 000006C6 50                              	PUSH	EAX
   760 000006C7 6A 07                           	PUSH	7
   761 000006C9 6A 00                           	PUSH	0
   762 000006CB 6A 1C                           	PUSH	28
   763 000006CD FF B5 FFFFF91C                  	PUSH	DWORD [-1764+EBP]
   764 000006D3 57                              	PUSH	EDI
   765 000006D4 C6 45 C5 00                     	MOV	BYTE [-59+EBP],0
   766 000006D8 E8 [00000000]                   	CALL	_putfonts8_asc_sht
   767 000006DD 83 C4 1C                        	ADD	ESP,28
   768 000006E0 83 85 FFFFF91C 08               	ADD	DWORD [-1764+EBP],8
   769 000006E7                                 L17:
   770 000006E7 81 FE 0000010E                  	CMP	ESI,270
   771 000006ED 0F 84 00000347                  	JE	L64
   772 000006F3                                 L21:
   773 000006F3 81 FE 0000011C                  	CMP	ESI,284
   774 000006F9 0F 84 00000313                  	JE	L65
   775 000006FF                                 L25:
   776 000006FF 81 FE 0000010F                  	CMP	ESI,271
   777 00000705 0F 84 000001F4                  	JE	L66
   778 0000070B                                 L27:
   779 0000070B 81 FE 0000012A                  	CMP	ESI,298
   780 00000711 0F 84 000001DC                  	JE	L67
   781 00000717                                 L30:
   782 00000717 81 FE 00000136                  	CMP	ESI,310
   783 0000071D 0F 84 000001C4                  	JE	L68
   784 00000723                                 L31:
   785 00000723 81 FE 000001AA                  	CMP	ESI,426
   786 00000729 0F 84 000001AC                  	JE	L69
   787 0000072F                                 L32:
   788 0000072F 81 FE 000001B6                  	CMP	ESI,438
   789 00000735 0F 84 00000194                  	JE	L70
   790 0000073B                                 L33:
   791 0000073B 81 FE 0000013A                  	CMP	ESI,314
   792 00000741 0F 84 0000015C                  	JE	L71
   793 00000747                                 L34:
   794 00000747 81 FE 00000145                  	CMP	ESI,325
   795 0000074D 0F 84 00000124                  	JE	L72
   796 00000753                                 L35:
   797 00000753 81 FE 00000146                  	CMP	ESI,326
   798 00000759 0F 84 000000EC                  	JE	L73
   799 0000075F                                 L36:
   800 0000075F 81 FE 00000138                  	CMP	ESI,312
   801 00000765 0F 84 00000089                  	JE	L74
   802 0000076B                                 L37:
   803 0000076B 81 FE 000001FA                  	CMP	ESI,506
   804 00000771 74 72                           	JE	L75
   805 00000773                                 L38:
   806 00000773 81 FE 000001FE                  	CMP	ESI,510
   807 00000779 74 54                           	JE	L76
   808 0000077B                                 L39:
   809 0000077B 83 BD FFFFF918 00               	CMP	DWORD [-1768+EBP],0
   810 00000782 78 29                           	JS	L40
   811 00000784 8B 85 FFFFF91C                  	MOV	EAX,DWORD [-1764+EBP]
   812 0000078A 6A 2B                           	PUSH	43
   813 0000078C 83 C0 07                        	ADD	EAX,7
   814 0000078F 50                              	PUSH	EAX
   815 00000790 6A 1C                           	PUSH	28
   816 00000792 FF B5 FFFFF91C                  	PUSH	DWORD [-1764+EBP]
   817 00000798 0F B6 85 FFFFF918               	MOVZX	EAX,BYTE [-1768+EBP]
   818 0000079F 50                              	PUSH	EAX
   819 000007A0 FF 77 04                        	PUSH	DWORD [4+EDI]
   820 000007A3 FF 37                           	PUSH	DWORD [EDI]
   821 000007A5 E8 [00000000]                   	CALL	_boxfill8
   822 000007AA 83 C4 1C                        	ADD	ESP,28
   823 000007AD                                 L40:
   824 000007AD 8B 85 FFFFF91C                  	MOV	EAX,DWORD [-1764+EBP]
   825 000007B3 6A 2C                           	PUSH	44
   826 000007B5 83 C0 08                        	ADD	EAX,8
   827 000007B8 50                              	PUSH	EAX
   828 000007B9 6A 1C                           	PUSH	28
   829 000007BB FF B5 FFFFF91C                  	PUSH	DWORD [-1764+EBP]
   830 000007C1 57                              	PUSH	EDI
   831 000007C2 E8 [00000000]                   	CALL	_sheet_refresh
   832 000007C7 83 C4 14                        	ADD	ESP,20
   833 000007CA E9 FFFFFC89                     	JMP	L2
   834 000007CF                                 L76:
   835 000007CF E8 [00000000]                   	CALL	_wait_KBC_sendready
   836 000007D4 FF B5 FFFFF900                  	PUSH	DWORD [-1792+EBP]
   837 000007DA 6A 60                           	PUSH	96
   838 000007DC E8 [00000000]                   	CALL	_io_out8
   839 000007E1 5E                              	POP	ESI
   840 000007E2 58                              	POP	EAX
   841 000007E3 EB 96                           	JMP	L39
   842 000007E5                                 L75:
   843 000007E5 C7 85 FFFFF900 FFFFFFFF         	MOV	DWORD [-1792+EBP],-1
   844 000007EF E9 FFFFFF7F                     	JMP	L38
   845 000007F4                                 L74:
   846 000007F4 83 BD FFFFF908 00               	CMP	DWORD [-1784+EBP],0
   847 000007FB 0F 84 FFFFFF6A                  	JE	L37
   848 00000801 8B 85 FFFFF910                  	MOV	EAX,DWORD [-1776+EBP]
   849 00000807 83 78 18 00                     	CMP	DWORD [24+EAX],0
   850 0000080B 0F 84 FFFFFF5A                  	JE	L37
   851 00000811 68 [0000010F]                   	PUSH	LC5
   852 00000816 FF 35 00000FEC                  	PUSH	DWORD [4076]
   853 0000081C E8 [00000000]                   	CALL	_console_putstr0
   854 00000821 E8 [00000000]                   	CALL	_io_cli
   855 00000826 8B 95 FFFFF910                  	MOV	EDX,DWORD [-1776+EBP]
   856 0000082C 8B 85 FFFFF910                  	MOV	EAX,DWORD [-1776+EBP]
   857 00000832 83 C0 14                        	ADD	EAX,20
   858 00000835 89 42 38                        	MOV	DWORD [56+EDX],EAX
   859 00000838 C7 42 30 [00000000]             	MOV	DWORD [48+EDX],_asm_end_app
   860 0000083F E8 [00000000]                   	CALL	_io_sti
   861 00000844 58                              	POP	EAX
   862 00000845 5A                              	POP	EDX
   863 00000846 E9 FFFFFF20                     	JMP	L37
   864 0000084B                                 L73:
   865 0000084B 68 000000ED                     	PUSH	237
   866 00000850 8D 9D FFFFFCB4                  	LEA	EBX,DWORD [-844+EBP]
   867 00000856 53                              	PUSH	EBX
   868 00000857 83 B5 FFFFF904 01               	XOR	DWORD [-1788+EBP],1
   869 0000085E E8 [00000000]                   	CALL	_fifo32_put
   870 00000863 FF B5 FFFFF904                  	PUSH	DWORD [-1788+EBP]
   871 00000869 53                              	PUSH	EBX
   872 0000086A E8 [00000000]                   	CALL	_fifo32_put
   873 0000086F 83 C4 10                        	ADD	ESP,16
   874 00000872 E9 FFFFFEE8                     	JMP	L36
   875 00000877                                 L72:
   876 00000877 68 000000ED                     	PUSH	237
   877 0000087C 8D 9D FFFFFCB4                  	LEA	EBX,DWORD [-844+EBP]
   878 00000882 53                              	PUSH	EBX
   879 00000883 83 B5 FFFFF904 02               	XOR	DWORD [-1788+EBP],2
   880 0000088A E8 [00000000]                   	CALL	_fifo32_put
   881 0000088F FF B5 FFFFF904                  	PUSH	DWORD [-1788+EBP]
   882 00000895 53                              	PUSH	EBX
   883 00000896 E8 [00000000]                   	CALL	_fifo32_put
   884 0000089B 83 C4 10                        	ADD	ESP,16
   885 0000089E E9 FFFFFEB0                     	JMP	L35
   886 000008A3                                 L71:
   887 000008A3 68 000000ED                     	PUSH	237
   888 000008A8 8D 9D FFFFFCB4                  	LEA	EBX,DWORD [-844+EBP]
   889 000008AE 53                              	PUSH	EBX
   890 000008AF 83 B5 FFFFF904 04               	XOR	DWORD [-1788+EBP],4
   891 000008B6 E8 [00000000]                   	CALL	_fifo32_put
   892 000008BB FF B5 FFFFF904                  	PUSH	DWORD [-1788+EBP]
   893 000008C1 53                              	PUSH	EBX
   894 000008C2 E8 [00000000]                   	CALL	_fifo32_put
   895 000008C7 83 C4 10                        	ADD	ESP,16
   896 000008CA E9 FFFFFE78                     	JMP	L34
   897 000008CF                                 L70:
   898 000008CF 83 A5 FFFFF908 FD               	AND	DWORD [-1784+EBP],-3
   899 000008D6 E9 FFFFFE60                     	JMP	L33
   900 000008DB                                 L69:
   901 000008DB 83 A5 FFFFF908 FE               	AND	DWORD [-1784+EBP],-2
   902 000008E2 E9 FFFFFE48                     	JMP	L32
   903 000008E7                                 L68:
   904 000008E7 83 8D FFFFF908 02               	OR	DWORD [-1784+EBP],2
   905 000008EE E9 FFFFFE30                     	JMP	L31
   906 000008F3                                 L67:
   907 000008F3 83 8D FFFFF908 01               	OR	DWORD [-1784+EBP],1
   908 000008FA E9 FFFFFE18                     	JMP	L30
   909 000008FF                                 L66:
   910 000008FF 83 BD FFFFF90C 00               	CMP	DWORD [-1780+EBP],0
   911 00000906 0F 85 000000A7                  	JNE	L28
   912 0000090C 6A 00                           	PUSH	0
   913 0000090E 68 [00000126]                   	PUSH	LC3
   914 00000913 FF 77 04                        	PUSH	DWORD [4+EDI]
   915 00000916 FF B5 FFFFF928                  	PUSH	DWORD [-1752+EBP]
   916 0000091C C7 85 FFFFF90C 00000001         	MOV	DWORD [-1780+EBP],1
   917 00000926 E8 [00000000]                   	CALL	_make_window_title
   918 0000092B 8B 95 FFFFF92C                  	MOV	EDX,DWORD [-1748+EBP]
   919 00000931 6A 01                           	PUSH	1
   920 00000933 68 [0000012D]                   	PUSH	LC4
   921 00000938 FF 72 04                        	PUSH	DWORD [4+EDX]
   922 0000093B FF B5 FFFFF924                  	PUSH	DWORD [-1756+EBP]
   923 00000941 E8 [00000000]                   	CALL	_make_window_title
   924 00000946 8B 85 FFFFF91C                  	MOV	EAX,DWORD [-1764+EBP]
   925 0000094C 83 C4 20                        	ADD	ESP,32
   926 0000094F 83 C0 07                        	ADD	EAX,7
   927 00000952 C7 85 FFFFF918 FFFFFFFF         	MOV	DWORD [-1768+EBP],-1
   928 0000095C 6A 2B                           	PUSH	43
   929 0000095E 50                              	PUSH	EAX
   930 0000095F 6A 1C                           	PUSH	28
   931 00000961 FF B5 FFFFF91C                  	PUSH	DWORD [-1764+EBP]
   932 00000967 6A 07                           	PUSH	7
   933 00000969 FF 77 04                        	PUSH	DWORD [4+EDI]
   934 0000096C FF 37                           	PUSH	DWORD [EDI]
   935 0000096E E8 [00000000]                   	CALL	_boxfill8
   936 00000973 8B 85 FFFFF910                  	MOV	EAX,DWORD [-1776+EBP]
   937 00000979 6A 02                           	PUSH	2
   938 0000097B 83 C0 78                        	ADD	EAX,120
   939 0000097E 50                              	PUSH	EAX
   940 0000097F E8 [00000000]                   	CALL	_fifo32_put
   941 00000984 83 C4 24                        	ADD	ESP,36
   942 00000987                                 L29:
   943 00000987 6A 15                           	PUSH	21
   944 00000989 FF 77 04                        	PUSH	DWORD [4+EDI]
   945 0000098C 6A 00                           	PUSH	0
   946 0000098E 6A 00                           	PUSH	0
   947 00000990 57                              	PUSH	EDI
   948 00000991 E8 [00000000]                   	CALL	_sheet_refresh
   949 00000996 8B 95 FFFFF92C                  	MOV	EDX,DWORD [-1748+EBP]
   950 0000099C 6A 15                           	PUSH	21
   951 0000099E FF 72 04                        	PUSH	DWORD [4+EDX]
   952 000009A1 6A 00                           	PUSH	0
   953 000009A3 6A 00                           	PUSH	0
   954 000009A5 52                              	PUSH	EDX
   955 000009A6 E8 [00000000]                   	CALL	_sheet_refresh
   956 000009AB 83 C4 28                        	ADD	ESP,40
   957 000009AE E9 FFFFFD58                     	JMP	L27
   958 000009B3                                 L28:
   959 000009B3 6A 01                           	PUSH	1
   960 000009B5 68 [00000126]                   	PUSH	LC3
   961 000009BA FF 77 04                        	PUSH	DWORD [4+EDI]
   962 000009BD FF B5 FFFFF928                  	PUSH	DWORD [-1752+EBP]
   963 000009C3 C7 85 FFFFF90C 00000000         	MOV	DWORD [-1780+EBP],0
   964 000009CD E8 [00000000]                   	CALL	_make_window_title
   965 000009D2 8B 85 FFFFF92C                  	MOV	EAX,DWORD [-1748+EBP]
   966 000009D8 6A 00                           	PUSH	0
   967 000009DA 68 [0000012D]                   	PUSH	LC4
   968 000009DF FF 70 04                        	PUSH	DWORD [4+EAX]
   969 000009E2 FF B5 FFFFF924                  	PUSH	DWORD [-1756+EBP]
   970 000009E8 E8 [00000000]                   	CALL	_make_window_title
   971 000009ED 8B 85 FFFFF910                  	MOV	EAX,DWORD [-1776+EBP]
   972 000009F3 83 C4 20                        	ADD	ESP,32
   973 000009F6 83 C0 78                        	ADD	EAX,120
   974 000009F9 C7 85 FFFFF918 00000000         	MOV	DWORD [-1768+EBP],0
   975 00000A03 6A 03                           	PUSH	3
   976 00000A05 50                              	PUSH	EAX
   977 00000A06 E8 [00000000]                   	CALL	_fifo32_put
   978 00000A0B 59                              	POP	ECX
   979 00000A0C 5B                              	POP	EBX
   980 00000A0D E9 FFFFFF75                     	JMP	L29
   981 00000A12                                 L65:
   982 00000A12 83 BD FFFFF90C 00               	CMP	DWORD [-1780+EBP],0
   983 00000A19 0F 84 FFFFFCE0                  	JE	L25
   984 00000A1F 8B 85 FFFFF910                  	MOV	EAX,DWORD [-1776+EBP]
   985 00000A25 68 0000010A                     	PUSH	266
   986 00000A2A 83 C0 78                        	ADD	EAX,120
   987 00000A2D 50                              	PUSH	EAX
   988 00000A2E E8 [00000000]                   	CALL	_fifo32_put
   989 00000A33 58                              	POP	EAX
   990 00000A34 5A                              	POP	EDX
   991 00000A35 E9 FFFFFCC5                     	JMP	L25
   992 00000A3A                                 L64:
   993 00000A3A 83 BD FFFFF90C 00               	CMP	DWORD [-1780+EBP],0
   994 00000A41 75 35                           	JNE	L22
   995 00000A43 83 BD FFFFF91C 08               	CMP	DWORD [-1764+EBP],8
   996 00000A4A 0F 8E FFFFFCA3                  	JLE	L21
   997 00000A50 6A 01                           	PUSH	1
   998 00000A52 68 [00000135]                   	PUSH	LC2
   999 00000A57 6A 07                           	PUSH	7
  1000 00000A59 6A 00                           	PUSH	0
  1001 00000A5B 6A 1C                           	PUSH	28
  1002 00000A5D FF B5 FFFFF91C                  	PUSH	DWORD [-1764+EBP]
  1003 00000A63 57                              	PUSH	EDI
  1004 00000A64 E8 [00000000]                   	CALL	_putfonts8_asc_sht
  1005 00000A69 83 C4 1C                        	ADD	ESP,28
  1006 00000A6C 83 AD FFFFF91C 08               	SUB	DWORD [-1764+EBP],8
  1007 00000A73 E9 FFFFFC7B                     	JMP	L21
  1008 00000A78                                 L22:
  1009 00000A78 8B 85 FFFFF910                  	MOV	EAX,DWORD [-1776+EBP]
  1010 00000A7E 68 00000108                     	PUSH	264
  1011 00000A83 83 C0 78                        	ADD	EAX,120
  1012 00000A86 50                              	PUSH	EAX
  1013 00000A87 E8 [00000000]                   	CALL	_fifo32_put
  1014 00000A8C 59                              	POP	ECX
  1015 00000A8D 5B                              	POP	EBX
  1016 00000A8E E9 FFFFFC60                     	JMP	L21
  1017 00000A93                                 L18:
  1018 00000A93 0F BE C0                        	MOVSX	EAX,AL
  1019 00000A96 05 00000100                     	ADD	EAX,256
  1020 00000A9B 50                              	PUSH	EAX
  1021 00000A9C 8B 85 FFFFF910                  	MOV	EAX,DWORD [-1776+EBP]
  1022 00000AA2 83 C0 78                        	ADD	EAX,120
  1023 00000AA5 50                              	PUSH	EAX
  1024 00000AA6 E8 [00000000]                   	CALL	_fifo32_put
  1025 00000AAB 58                              	POP	EAX
  1026 00000AAC 5A                              	POP	EDX
  1027 00000AAD E9 FFFFFC35                     	JMP	L17
  1028 00000AB2                                 L15:
  1029 00000AB2 8D 42 20                        	LEA	EAX,DWORD [32+EDX]
  1030 00000AB5 88 45 C4                        	MOV	BYTE [-60+EBP],AL
  1031 00000AB8 E9 FFFFFBE7                     	JMP	L13
  1032 00000ABD                                 L56:
  1033 00000ABD 83 BD FFFFF908 00               	CMP	DWORD [-1784+EBP],0
  1034 00000AC4 0F 84 FFFFFBDA                  	JE	L13
  1035 00000ACA EB E6                           	JMP	L15
  1036 00000ACC                                 L10:
  1037 00000ACC 8A 86 [FFFFFF80]                	MOV	AL,BYTE [_keytable1.1-256+ESI]
  1038 00000AD2 E9 FFFFFBA3                     	JMP	L57
  1039 00000AD7                                 L9:
  1040 00000AD7 C6 45 C4 00                     	MOV	BYTE [-60+EBP],0
  1041 00000ADB E9 FFFFFB9D                     	JMP	L12
  1042 00000AE0                                 L59:
  1043 00000AE0 FF B5 FFFFF914                  	PUSH	DWORD [-1772+EBP]
  1044 00000AE6 E8 [00000000]                   	CALL	_task_sleep
  1045 00000AEB E8 [00000000]                   	CALL	_io_sti
  1046 00000AF0 5B                              	POP	EBX
  1047 00000AF1 E9 FFFFF962                     	JMP	L2
  1048 00000AF6                                 L58:
  1049 00000AF6 53                              	PUSH	EBX
  1050 00000AF7 E8 [00000000]                   	CALL	_fifo32_get
  1051 00000AFC 89 85 FFFFF900                  	MOV	DWORD [-1792+EBP],EAX
  1052 00000B02 E8 [00000000]                   	CALL	_wait_KBC_sendready
  1053 00000B07 FF B5 FFFFF900                  	PUSH	DWORD [-1792+EBP]
  1054 00000B0D 6A 60                           	PUSH	96
  1055 00000B0F E8 [00000000]                   	CALL	_io_out8
  1056 00000B14 83 C4 0C                        	ADD	ESP,12
  1057 00000B17 E9 FFFFF95A                     	JMP	L5
  1058                                          [SECTION .data]
  1059 00000137                                 LC6:
  1060 00000137 25 31 31 64 00                  	DB	"%11d",0x00
  1061                                          [SECTION .text]
  1062 00000B1C                                 	GLOBAL	_task_b_main
  1063 00000B1C                                 _task_b_main:
  1064 00000B1C 55                              	PUSH	EBP
  1065 00000B1D 89 E5                           	MOV	EBP,ESP
  1066 00000B1F 57                              	PUSH	EDI
  1067 00000B20 56                              	PUSH	ESI
  1068 00000B21 31 FF                           	XOR	EDI,EDI
  1069 00000B23 53                              	PUSH	EBX
  1070 00000B24 8D 85 FFFFFDD4                  	LEA	EAX,DWORD [-556+EBP]
  1071 00000B2A 81 EC 00000234                  	SUB	ESP,564
  1072 00000B30 8D 5D D4                        	LEA	EBX,DWORD [-44+EBP]
  1073 00000B33 C7 85 FFFFFDC0 00000000         	MOV	DWORD [-576+EBP],0
  1074 00000B3D 6A 00                           	PUSH	0
  1075 00000B3F 50                              	PUSH	EAX
  1076 00000B40 68 00000080                     	PUSH	128
  1077 00000B45 53                              	PUSH	EBX
  1078 00000B46 E8 [00000000]                   	CALL	_fifo32_init
  1079 00000B4B E8 [00000000]                   	CALL	_timer_alloc
  1080 00000B50 6A 64                           	PUSH	100
  1081 00000B52 53                              	PUSH	EBX
  1082 00000B53 89 C6                           	MOV	ESI,EAX
  1083 00000B55 50                              	PUSH	EAX
  1084 00000B56 E8 [00000000]                   	CALL	_timer_init
  1085 00000B5B 6A 64                           	PUSH	100
  1086 00000B5D 56                              	PUSH	ESI
  1087 00000B5E E8 [00000000]                   	CALL	_timer_settime
  1088 00000B63 83 C4 24                        	ADD	ESP,36
  1089 00000B66                                 L78:
  1090 00000B66 8D 5D D4                        	LEA	EBX,DWORD [-44+EBP]
  1091 00000B69 E8 [00000000]                   	CALL	_io_cli
  1092 00000B6E 53                              	PUSH	EBX
  1093 00000B6F 47                              	INC	EDI
  1094 00000B70 E8 [00000000]                   	CALL	_fifo32_status
  1095 00000B75 5A                              	POP	EDX
  1096 00000B76 85 C0                           	TEST	EAX,EAX
  1097 00000B78 74 55                           	JE	L84
  1098 00000B7A 53                              	PUSH	EBX
  1099 00000B7B E8 [00000000]                   	CALL	_fifo32_get
  1100 00000B80 89 C3                           	MOV	EBX,EAX
  1101 00000B82 E8 [00000000]                   	CALL	_io_sti
  1102 00000B87 59                              	POP	ECX
  1103 00000B88 83 FB 64                        	CMP	EBX,100
  1104 00000B8B 75 D9                           	JNE	L78
  1105 00000B8D 89 F8                           	MOV	EAX,EDI
  1106 00000B8F 8D 9D FFFFFDC4                  	LEA	EBX,DWORD [-572+EBP]
  1107 00000B95 2B 85 FFFFFDC0                  	SUB	EAX,DWORD [-576+EBP]
  1108 00000B9B 50                              	PUSH	EAX
  1109 00000B9C 68 [00000137]                   	PUSH	LC6
  1110 00000BA1 53                              	PUSH	EBX
  1111 00000BA2 E8 [00000000]                   	CALL	_sprintf
  1112 00000BA7 6A 0B                           	PUSH	11
  1113 00000BA9 53                              	PUSH	EBX
  1114 00000BAA 6A 08                           	PUSH	8
  1115 00000BAC 6A 00                           	PUSH	0
  1116 00000BAE 6A 1C                           	PUSH	28
  1117 00000BB0 6A 18                           	PUSH	24
  1118 00000BB2 FF 75 08                        	PUSH	DWORD [8+EBP]
  1119 00000BB5 E8 [00000000]                   	CALL	_putfonts8_asc_sht
  1120 00000BBA 83 C4 28                        	ADD	ESP,40
  1121 00000BBD 89 BD FFFFFDC0                  	MOV	DWORD [-576+EBP],EDI
  1122 00000BC3 6A 64                           	PUSH	100
  1123 00000BC5 56                              	PUSH	ESI
  1124 00000BC6 E8 [00000000]                   	CALL	_timer_settime
  1125 00000BCB 58                              	POP	EAX
  1126 00000BCC 5A                              	POP	EDX
  1127 00000BCD EB 97                           	JMP	L78
  1128 00000BCF                                 L84:
  1129 00000BCF E8 [00000000]                   	CALL	_io_sti
  1130 00000BD4 EB 90                           	JMP	L78
