     1 00000000                                 [FORMAT "WCOFF"]
     2 00000000                                 [INSTRSET "i486p"]
     3 00000000                                 [OPTIMIZE 1]
     4 00000000                                 [OPTION 1]
     5 00000000                                 [BITS 32]
     6 00000000                                 	EXTERN	_load_gdtr
     7 00000000                                 	EXTERN	_load_idtr
     8 00000000                                 	EXTERN	_sprintf
     9 00000000                                 	EXTERN	_io_hlt
    10 00000000                                 	EXTERN	_io_load_eflags
    11 00000000                                 	EXTERN	_io_cli
    12 00000000                                 	EXTERN	_io_out8
    13 00000000                                 	EXTERN	_io_store_eflags
    14 00000000                                 	EXTERN	_hankaku
    15 00000000                                 [FILE "bootpack.c"]
    16                                          [SECTION .text]
    17 00000000                                 	GLOBAL	_init_gdtidt
    18 00000000                                 _init_gdtidt:
    19 00000000 55                              	PUSH	EBP
    20 00000001 89 E5                           	MOV	EBP,ESP
    21 00000003 56                              	PUSH	ESI
    22 00000004 53                              	PUSH	EBX
    23 00000005 BE 00270000                     	MOV	ESI,2555904
    24 0000000A BB 00001FFF                     	MOV	EBX,8191
    25 0000000F                                 L6:
    26 0000000F 6A 00                           	PUSH	0
    27 00000011 6A 00                           	PUSH	0
    28 00000013 6A 00                           	PUSH	0
    29 00000015 56                              	PUSH	ESI
    30 00000016 83 C6 08                        	ADD	ESI,8
    31 00000019 E8 0000007B                     	CALL	_set_segmdesc
    32 0000001E 83 C4 10                        	ADD	ESP,16
    33 00000021 4B                              	DEC	EBX
    34 00000022 79 EB                           	JNS	L6
    35 00000024 68 00004092                     	PUSH	16530
    36 00000029 BE 0026F800                     	MOV	ESI,2553856
    37 0000002E 6A 00                           	PUSH	0
    38 00000030 BB 000000FF                     	MOV	EBX,255
    39 00000035 6A FF                           	PUSH	-1
    40 00000037 68 00270008                     	PUSH	2555912
    41 0000003C E8 00000058                     	CALL	_set_segmdesc
    42 00000041 68 0000409A                     	PUSH	16538
    43 00000046 68 00280000                     	PUSH	2621440
    44 0000004B 68 0007FFFF                     	PUSH	524287
    45 00000050 68 00270010                     	PUSH	2555920
    46 00000055 E8 0000003F                     	CALL	_set_segmdesc
    47 0000005A 83 C4 20                        	ADD	ESP,32
    48 0000005D 68 00270000                     	PUSH	2555904
    49 00000062 68 0000FFFF                     	PUSH	65535
    50 00000067 E8 [00000000]                   	CALL	_load_gdtr
    51 0000006C 58                              	POP	EAX
    52 0000006D 5A                              	POP	EDX
    53 0000006E                                 L11:
    54 0000006E 6A 00                           	PUSH	0
    55 00000070 6A 00                           	PUSH	0
    56 00000072 6A 00                           	PUSH	0
    57 00000074 56                              	PUSH	ESI
    58 00000075 83 C6 08                        	ADD	ESI,8
    59 00000078 E8 00000066                     	CALL	_set_gatedesc
    60 0000007D 83 C4 10                        	ADD	ESP,16
    61 00000080 4B                              	DEC	EBX
    62 00000081 79 EB                           	JNS	L11
    63 00000083 68 0026F800                     	PUSH	2553856
    64 00000088 68 000007FF                     	PUSH	2047
    65 0000008D E8 [00000000]                   	CALL	_load_idtr
    66 00000092 8D 65 F8                        	LEA	ESP,DWORD [-8+EBP]
    67 00000095 5B                              	POP	EBX
    68 00000096 5E                              	POP	ESI
    69 00000097 5D                              	POP	EBP
    70 00000098 C3                              	RET
    71 00000099                                 	GLOBAL	_set_segmdesc
    72 00000099                                 _set_segmdesc:
    73 00000099 55                              	PUSH	EBP
    74 0000009A 89 E5                           	MOV	EBP,ESP
    75 0000009C 53                              	PUSH	EBX
    76 0000009D 8B 55 0C                        	MOV	EDX,DWORD [12+EBP]
    77 000000A0 8B 4D 10                        	MOV	ECX,DWORD [16+EBP]
    78 000000A3 8B 5D 08                        	MOV	EBX,DWORD [8+EBP]
    79 000000A6 8B 45 14                        	MOV	EAX,DWORD [20+EBP]
    80 000000A9 81 FA 000FFFFF                  	CMP	EDX,1048575
    81 000000AF 76 08                           	JBE	L17
    82 000000B1 C1 EA 0C                        	SHR	EDX,12
    83 000000B4 0D 00008000                     	OR	EAX,32768
    84 000000B9                                 L17:
    85 000000B9 66 89 13                        	MOV	WORD [EBX],DX
    86 000000BC 88 43 05                        	MOV	BYTE [5+EBX],AL
    87 000000BF C1 EA 10                        	SHR	EDX,16
    88 000000C2 C1 F8 08                        	SAR	EAX,8
    89 000000C5 83 E2 0F                        	AND	EDX,15
    90 000000C8 66 89 4B 02                     	MOV	WORD [2+EBX],CX
    91 000000CC 83 E0 F0                        	AND	EAX,-16
    92 000000CF C1 F9 10                        	SAR	ECX,16
    93 000000D2 09 C2                           	OR	EDX,EAX
    94 000000D4 88 4B 04                        	MOV	BYTE [4+EBX],CL
    95 000000D7 88 53 06                        	MOV	BYTE [6+EBX],DL
    96 000000DA C1 F9 08                        	SAR	ECX,8
    97 000000DD 88 4B 07                        	MOV	BYTE [7+EBX],CL
    98 000000E0 5B                              	POP	EBX
    99 000000E1 5D                              	POP	EBP
   100 000000E2 C3                              	RET
   101 000000E3                                 	GLOBAL	_set_gatedesc
   102 000000E3                                 _set_gatedesc:
   103 000000E3 55                              	PUSH	EBP
   104 000000E4 89 E5                           	MOV	EBP,ESP
   105 000000E6 53                              	PUSH	EBX
   106 000000E7 8B 55 08                        	MOV	EDX,DWORD [8+EBP]
   107 000000EA 8B 45 10                        	MOV	EAX,DWORD [16+EBP]
   108 000000ED 8B 5D 14                        	MOV	EBX,DWORD [20+EBP]
   109 000000F0 8B 4D 0C                        	MOV	ECX,DWORD [12+EBP]
   110 000000F3 66 89 42 02                     	MOV	WORD [2+EDX],AX
   111 000000F7 88 5A 05                        	MOV	BYTE [5+EDX],BL
   112 000000FA 66 89 0A                        	MOV	WORD [EDX],CX
   113 000000FD 89 D8                           	MOV	EAX,EBX
   114 000000FF C1 F8 08                        	SAR	EAX,8
   115 00000102 C1 F9 10                        	SAR	ECX,16
   116 00000105 88 42 04                        	MOV	BYTE [4+EDX],AL
   117 00000108 66 89 4A 06                     	MOV	WORD [6+EDX],CX
   118 0000010C 5B                              	POP	EBX
   119 0000010D 5D                              	POP	EBP
   120 0000010E C3                              	RET
   121                                          [SECTION .data]
   122 00000000                                 _font_A.0:
   123 00000000 00                              	DB	0
   124 00000001 18                              	DB	24
   125 00000002 18                              	DB	24
   126 00000003 18                              	DB	24
   127 00000004 18                              	DB	24
   128 00000005 24                              	DB	36
   129 00000006 24                              	DB	36
   130 00000007 24                              	DB	36
   131 00000008 24                              	DB	36
   132 00000009 7E                              	DB	126
   133 0000000A 42                              	DB	66
   134 0000000B 42                              	DB	66
   135 0000000C 42                              	DB	66
   136 0000000D E7                              	DB	-25
   137 0000000E 00                              	DB	0
   138 0000000F 00                              	DB	0
   139 00000010                                 LC0:
   140 00000010 41 42 43 20 31 32 33 00         	DB	"ABC 123",0x00
   141 00000018                                 LC1:
   142 00000018 48 65 6C 6C 6F 20 4C 69 6E 67   	DB	"Hello LingerOS",0x00
       00000022 65 72 4F 53 00 
   143 00000027                                 LC2:
   144 00000027 73 63 72 6E 78 3D 25 64 00      	DB	"scrnx=%d",0x00
   145                                          [SECTION .text]
   146 0000010F                                 	GLOBAL	_HariMain
   147 0000010F                                 _HariMain:
   148 0000010F 55                              	PUSH	EBP
   149 00000110 89 E5                           	MOV	EBP,ESP
   150 00000112 53                              	PUSH	EBX
   151 00000113 81 EC 00000100                  	SUB	ESP,256
   152 00000119 E8 000000C3                     	CALL	_init_palette
   153 0000011E 0F BF 05 00000FF6               	MOVSX	EAX,WORD [4086]
   154 00000125 50                              	PUSH	EAX
   155 00000126 0F BF 05 00000FF4               	MOVSX	EAX,WORD [4084]
   156 0000012D 50                              	PUSH	EAX
   157 0000012E FF 35 00000FF8                  	PUSH	DWORD [4088]
   158 00000134 E8 00000194                     	CALL	_init_screen
   159 00000139 68 [00000010]                   	PUSH	LC0
   160 0000013E 6A 07                           	PUSH	7
   161 00000140 6A 08                           	PUSH	8
   162 00000142 6A 08                           	PUSH	8
   163 00000144 0F BF 05 00000FF4               	MOVSX	EAX,WORD [4084]
   164 0000014B 50                              	PUSH	EAX
   165 0000014C FF 35 00000FF8                  	PUSH	DWORD [4088]
   166 00000152 E8 00000387                     	CALL	_putfonts8_asc
   167 00000157 83 C4 24                        	ADD	ESP,36
   168 0000015A 68 [00000018]                   	PUSH	LC1
   169 0000015F 6A 00                           	PUSH	0
   170 00000161 6A 1F                           	PUSH	31
   171 00000163 6A 1F                           	PUSH	31
   172 00000165 0F BF 05 00000FF4               	MOVSX	EAX,WORD [4084]
   173 0000016C 50                              	PUSH	EAX
   174 0000016D FF 35 00000FF8                  	PUSH	DWORD [4088]
   175 00000173 E8 00000366                     	CALL	_putfonts8_asc
   176 00000178 0F BF 05 00000FF4               	MOVSX	EAX,WORD [4084]
   177 0000017F 50                              	PUSH	EAX
   178 00000180 68 [00000027]                   	PUSH	LC2
   179 00000185 53                              	PUSH	EBX
   180 00000186 E8 [00000000]                   	CALL	_sprintf
   181 0000018B 83 C4 24                        	ADD	ESP,36
   182 0000018E 53                              	PUSH	EBX
   183 0000018F 8D 9D FFFFFEFC                  	LEA	EBX,DWORD [-260+EBP]
   184 00000195 6A 07                           	PUSH	7
   185 00000197 6A 40                           	PUSH	64
   186 00000199 6A 10                           	PUSH	16
   187 0000019B 0F BF 05 00000FF4               	MOVSX	EAX,WORD [4084]
   188 000001A2 50                              	PUSH	EAX
   189 000001A3 FF 35 00000FF8                  	PUSH	DWORD [4088]
   190 000001A9 E8 00000330                     	CALL	_putfonts8_asc
   191 000001AE 6A 0E                           	PUSH	14
   192 000001B0 53                              	PUSH	EBX
   193 000001B1 E8 00000377                     	CALL	_init_mouse_cursor8
   194 000001B6 83 C4 20                        	ADD	ESP,32
   195 000001B9 6A 10                           	PUSH	16
   196 000001BB 53                              	PUSH	EBX
   197 000001BC 6A 46                           	PUSH	70
   198 000001BE 6A 64                           	PUSH	100
   199 000001C0 6A 10                           	PUSH	16
   200 000001C2 6A 10                           	PUSH	16
   201 000001C4 0F BF 05 00000FF4               	MOVSX	EAX,WORD [4084]
   202 000001CB 50                              	PUSH	EAX
   203 000001CC FF 35 00000FF8                  	PUSH	DWORD [4088]
   204 000001D2 E8 000003B3                     	CALL	_putblock8_8
   205 000001D7 83 C4 20                        	ADD	ESP,32
   206 000001DA                                 L20:
   207 000001DA E8 [00000000]                   	CALL	_io_hlt
   208 000001DF EB F9                           	JMP	L20
   209                                          [SECTION .data]
   210 00000030                                 _table_rgb.1:
   211 00000030 00                              	DB	0
   212 00000031 00                              	DB	0
   213 00000032 00                              	DB	0
   214 00000033 FF                              	DB	-1
   215 00000034 00                              	DB	0
   216 00000035 00                              	DB	0
   217 00000036 00                              	DB	0
   218 00000037 FF                              	DB	-1
   219 00000038 00                              	DB	0
   220 00000039 FF                              	DB	-1
   221 0000003A FF                              	DB	-1
   222 0000003B 00                              	DB	0
   223 0000003C 00                              	DB	0
   224 0000003D 00                              	DB	0
   225 0000003E FF                              	DB	-1
   226 0000003F FF                              	DB	-1
   227 00000040 00                              	DB	0
   228 00000041 FF                              	DB	-1
   229 00000042 00                              	DB	0
   230 00000043 FF                              	DB	-1
   231 00000044 FF                              	DB	-1
   232 00000045 FF                              	DB	-1
   233 00000046 FF                              	DB	-1
   234 00000047 FF                              	DB	-1
   235 00000048 C6                              	DB	-58
   236 00000049 C6                              	DB	-58
   237 0000004A C6                              	DB	-58
   238 0000004B 84                              	DB	-124
   239 0000004C 00                              	DB	0
   240 0000004D 00                              	DB	0
   241 0000004E 00                              	DB	0
   242 0000004F 84                              	DB	-124
   243 00000050 00                              	DB	0
   244 00000051 84                              	DB	-124
   245 00000052 84                              	DB	-124
   246 00000053 00                              	DB	0
   247 00000054 00                              	DB	0
   248 00000055 00                              	DB	0
   249 00000056 84                              	DB	-124
   250 00000057 84                              	DB	-124
   251 00000058 00                              	DB	0
   252 00000059 84                              	DB	-124
   253 0000005A 00                              	DB	0
   254 0000005B 84                              	DB	-124
   255 0000005C 84                              	DB	-124
   256 0000005D 84                              	DB	-124
   257 0000005E 84                              	DB	-124
   258 0000005F 84                              	DB	-124
   259                                          [SECTION .text]
   260 000001E1                                 	GLOBAL	_init_palette
   261 000001E1                                 _init_palette:
   262 000001E1 55                              	PUSH	EBP
   263 000001E2 89 E5                           	MOV	EBP,ESP
   264 000001E4 68 [00000030]                   	PUSH	_table_rgb.1
   265 000001E9 6A 0F                           	PUSH	15
   266 000001EB 6A 00                           	PUSH	0
   267 000001ED E8 00000002                     	CALL	_set_palette
   268 000001F2 C9                              	LEAVE
   269 000001F3 C3                              	RET
   270 000001F4                                 	GLOBAL	_set_palette
   271 000001F4                                 _set_palette:
   272 000001F4 55                              	PUSH	EBP
   273 000001F5 89 E5                           	MOV	EBP,ESP
   274 000001F7 57                              	PUSH	EDI
   275 000001F8 56                              	PUSH	ESI
   276 000001F9 53                              	PUSH	EBX
   277 000001FA 50                              	PUSH	EAX
   278 000001FB 8B 5D 08                        	MOV	EBX,DWORD [8+EBP]
   279 000001FE 8B 7D 0C                        	MOV	EDI,DWORD [12+EBP]
   280 00000201 8B 75 10                        	MOV	ESI,DWORD [16+EBP]
   281 00000204 E8 [00000000]                   	CALL	_io_load_eflags
   282 00000209 89 45 F0                        	MOV	DWORD [-16+EBP],EAX
   283 0000020C E8 [00000000]                   	CALL	_io_cli
   284 00000211 53                              	PUSH	EBX
   285 00000212 68 000003C8                     	PUSH	968
   286 00000217 E8 [00000000]                   	CALL	_io_out8
   287 0000021C 39 FB                           	CMP	EBX,EDI
   288 0000021E 59                              	POP	ECX
   289 0000021F 58                              	POP	EAX
   290 00000220 7E 12                           	JLE	L29
   291 00000222                                 L31:
   292 00000222 8B 45 F0                        	MOV	EAX,DWORD [-16+EBP]
   293 00000225 89 45 08                        	MOV	DWORD [8+EBP],EAX
   294 00000228 8D 65 F4                        	LEA	ESP,DWORD [-12+EBP]
   295 0000022B 5B                              	POP	EBX
   296 0000022C 5E                              	POP	ESI
   297 0000022D 5F                              	POP	EDI
   298 0000022E 5D                              	POP	EBP
   299 0000022F E9 [00000000]                   	JMP	_io_store_eflags
   300 00000234                                 L29:
   301 00000234 8A 06                           	MOV	AL,BYTE [ESI]
   302 00000236 43                              	INC	EBX
   303 00000237 C0 E8 02                        	SHR	AL,2
   304 0000023A 0F B6 C0                        	MOVZX	EAX,AL
   305 0000023D 50                              	PUSH	EAX
   306 0000023E 68 000003C9                     	PUSH	969
   307 00000243 E8 [00000000]                   	CALL	_io_out8
   308 00000248 8A 46 01                        	MOV	AL,BYTE [1+ESI]
   309 0000024B C0 E8 02                        	SHR	AL,2
   310 0000024E 0F B6 C0                        	MOVZX	EAX,AL
   311 00000251 50                              	PUSH	EAX
   312 00000252 68 000003C9                     	PUSH	969
   313 00000257 E8 [00000000]                   	CALL	_io_out8
   314 0000025C 8A 46 02                        	MOV	AL,BYTE [2+ESI]
   315 0000025F C0 E8 02                        	SHR	AL,2
   316 00000262 83 C6 03                        	ADD	ESI,3
   317 00000265 0F B6 C0                        	MOVZX	EAX,AL
   318 00000268 50                              	PUSH	EAX
   319 00000269 68 000003C9                     	PUSH	969
   320 0000026E E8 [00000000]                   	CALL	_io_out8
   321 00000273 83 C4 18                        	ADD	ESP,24
   322 00000276 39 FB                           	CMP	EBX,EDI
   323 00000278 7E BA                           	JLE	L29
   324 0000027A EB A6                           	JMP	L31
   325 0000027C                                 	GLOBAL	_boxfill8
   326 0000027C                                 _boxfill8:
   327 0000027C 55                              	PUSH	EBP
   328 0000027D 89 E5                           	MOV	EBP,ESP
   329 0000027F 57                              	PUSH	EDI
   330 00000280 56                              	PUSH	ESI
   331 00000281 53                              	PUSH	EBX
   332 00000282 51                              	PUSH	ECX
   333 00000283 51                              	PUSH	ECX
   334 00000284 8A 45 10                        	MOV	AL,BYTE [16+EBP]
   335 00000287 8B 4D 18                        	MOV	ECX,DWORD [24+EBP]
   336 0000028A 8B 7D 1C                        	MOV	EDI,DWORD [28+EBP]
   337 0000028D 88 45 F3                        	MOV	BYTE [-13+EBP],AL
   338 00000290 3B 4D 20                        	CMP	ECX,DWORD [32+EBP]
   339 00000293 7F 31                           	JG	L44
   340 00000295 8B 5D 0C                        	MOV	EBX,DWORD [12+EBP]
   341 00000298 0F AF D9                        	IMUL	EBX,ECX
   342 0000029B                                 L42:
   343 0000029B 8B 55 14                        	MOV	EDX,DWORD [20+EBP]
   344 0000029E 39 FA                           	CMP	EDX,EDI
   345 000002A0 7F 1B                           	JG	L46
   346 000002A2 8B 75 08                        	MOV	ESI,DWORD [8+EBP]
   347 000002A5 01 DE                           	ADD	ESI,EBX
   348 000002A7 01 D6                           	ADD	ESI,EDX
   349 000002A9 89 75 EC                        	MOV	DWORD [-20+EBP],ESI
   350 000002AC                                 L41:
   351 000002AC 8B 75 EC                        	MOV	ESI,DWORD [-20+EBP]
   352 000002AF 8A 45 F3                        	MOV	AL,BYTE [-13+EBP]
   353 000002B2 42                              	INC	EDX
   354 000002B3 88 06                           	MOV	BYTE [ESI],AL
   355 000002B5 46                              	INC	ESI
   356 000002B6 89 75 EC                        	MOV	DWORD [-20+EBP],ESI
   357 000002B9 39 FA                           	CMP	EDX,EDI
   358 000002BB 7E EF                           	JLE	L41
   359 000002BD                                 L46:
   360 000002BD 41                              	INC	ECX
   361 000002BE 03 5D 0C                        	ADD	EBX,DWORD [12+EBP]
   362 000002C1 3B 4D 20                        	CMP	ECX,DWORD [32+EBP]
   363 000002C4 7E D5                           	JLE	L42
   364 000002C6                                 L44:
   365 000002C6 58                              	POP	EAX
   366 000002C7 5A                              	POP	EDX
   367 000002C8 5B                              	POP	EBX
   368 000002C9 5E                              	POP	ESI
   369 000002CA 5F                              	POP	EDI
   370 000002CB 5D                              	POP	EBP
   371 000002CC C3                              	RET
   372 000002CD                                 	GLOBAL	_init_screen
   373 000002CD                                 _init_screen:
   374 000002CD 55                              	PUSH	EBP
   375 000002CE 89 E5                           	MOV	EBP,ESP
   376 000002D0 57                              	PUSH	EDI
   377 000002D1 56                              	PUSH	ESI
   378 000002D2 53                              	PUSH	EBX
   379 000002D3 83 EC 0C                        	SUB	ESP,12
   380 000002D6 8B 45 10                        	MOV	EAX,DWORD [16+EBP]
   381 000002D9 8B 7D 0C                        	MOV	EDI,DWORD [12+EBP]
   382 000002DC 83 E8 1D                        	SUB	EAX,29
   383 000002DF 4F                              	DEC	EDI
   384 000002E0 50                              	PUSH	EAX
   385 000002E1 57                              	PUSH	EDI
   386 000002E2 6A 00                           	PUSH	0
   387 000002E4 6A 00                           	PUSH	0
   388 000002E6 6A 0E                           	PUSH	14
   389 000002E8 FF 75 0C                        	PUSH	DWORD [12+EBP]
   390 000002EB FF 75 08                        	PUSH	DWORD [8+EBP]
   391 000002EE E8 FFFFFF89                     	CALL	_boxfill8
   392 000002F3 8B 45 10                        	MOV	EAX,DWORD [16+EBP]
   393 000002F6 83 E8 1C                        	SUB	EAX,28
   394 000002F9 50                              	PUSH	EAX
   395 000002FA 57                              	PUSH	EDI
   396 000002FB 50                              	PUSH	EAX
   397 000002FC 6A 00                           	PUSH	0
   398 000002FE 6A 08                           	PUSH	8
   399 00000300 FF 75 0C                        	PUSH	DWORD [12+EBP]
   400 00000303 FF 75 08                        	PUSH	DWORD [8+EBP]
   401 00000306 E8 FFFFFF71                     	CALL	_boxfill8
   402 0000030B 8B 45 10                        	MOV	EAX,DWORD [16+EBP]
   403 0000030E 83 C4 38                        	ADD	ESP,56
   404 00000311 83 E8 1B                        	SUB	EAX,27
   405 00000314 50                              	PUSH	EAX
   406 00000315 57                              	PUSH	EDI
   407 00000316 50                              	PUSH	EAX
   408 00000317 6A 00                           	PUSH	0
   409 00000319 6A 07                           	PUSH	7
   410 0000031B FF 75 0C                        	PUSH	DWORD [12+EBP]
   411 0000031E FF 75 08                        	PUSH	DWORD [8+EBP]
   412 00000321 E8 FFFFFF56                     	CALL	_boxfill8
   413 00000326 8B 45 10                        	MOV	EAX,DWORD [16+EBP]
   414 00000329 48                              	DEC	EAX
   415 0000032A 50                              	PUSH	EAX
   416 0000032B 8B 45 10                        	MOV	EAX,DWORD [16+EBP]
   417 0000032E 57                              	PUSH	EDI
   418 0000032F 83 E8 1A                        	SUB	EAX,26
   419 00000332 50                              	PUSH	EAX
   420 00000333 6A 00                           	PUSH	0
   421 00000335 6A 08                           	PUSH	8
   422 00000337 FF 75 0C                        	PUSH	DWORD [12+EBP]
   423 0000033A FF 75 08                        	PUSH	DWORD [8+EBP]
   424 0000033D E8 FFFFFF3A                     	CALL	_boxfill8
   425 00000342 8B 75 10                        	MOV	ESI,DWORD [16+EBP]
   426 00000345 83 C4 38                        	ADD	ESP,56
   427 00000348 83 EE 18                        	SUB	ESI,24
   428 0000034B 56                              	PUSH	ESI
   429 0000034C 6A 3B                           	PUSH	59
   430 0000034E 56                              	PUSH	ESI
   431 0000034F 6A 03                           	PUSH	3
   432 00000351 6A 07                           	PUSH	7
   433 00000353 FF 75 0C                        	PUSH	DWORD [12+EBP]
   434 00000356 FF 75 08                        	PUSH	DWORD [8+EBP]
   435 00000359 E8 FFFFFF1E                     	CALL	_boxfill8
   436 0000035E 8B 45 10                        	MOV	EAX,DWORD [16+EBP]
   437 00000361 83 E8 04                        	SUB	EAX,4
   438 00000364 50                              	PUSH	EAX
   439 00000365 89 45 F0                        	MOV	DWORD [-16+EBP],EAX
   440 00000368 6A 02                           	PUSH	2
   441 0000036A 56                              	PUSH	ESI
   442 0000036B 6A 02                           	PUSH	2
   443 0000036D 6A 07                           	PUSH	7
   444 0000036F FF 75 0C                        	PUSH	DWORD [12+EBP]
   445 00000372 FF 75 08                        	PUSH	DWORD [8+EBP]
   446 00000375 E8 FFFFFF02                     	CALL	_boxfill8
   447 0000037A 83 C4 38                        	ADD	ESP,56
   448 0000037D FF 75 F0                        	PUSH	DWORD [-16+EBP]
   449 00000380 6A 3B                           	PUSH	59
   450 00000382 FF 75 F0                        	PUSH	DWORD [-16+EBP]
   451 00000385 6A 03                           	PUSH	3
   452 00000387 6A 0F                           	PUSH	15
   453 00000389 FF 75 0C                        	PUSH	DWORD [12+EBP]
   454 0000038C FF 75 08                        	PUSH	DWORD [8+EBP]
   455 0000038F E8 FFFFFEE8                     	CALL	_boxfill8
   456 00000394 8B 45 10                        	MOV	EAX,DWORD [16+EBP]
   457 00000397 83 E8 05                        	SUB	EAX,5
   458 0000039A 50                              	PUSH	EAX
   459 0000039B 8B 45 10                        	MOV	EAX,DWORD [16+EBP]
   460 0000039E 6A 3B                           	PUSH	59
   461 000003A0 83 E8 17                        	SUB	EAX,23
   462 000003A3 50                              	PUSH	EAX
   463 000003A4 89 45 EC                        	MOV	DWORD [-20+EBP],EAX
   464 000003A7 6A 3B                           	PUSH	59
   465 000003A9 6A 0F                           	PUSH	15
   466 000003AB FF 75 0C                        	PUSH	DWORD [12+EBP]
   467 000003AE FF 75 08                        	PUSH	DWORD [8+EBP]
   468 000003B1 E8 FFFFFEC6                     	CALL	_boxfill8
   469 000003B6 8B 45 10                        	MOV	EAX,DWORD [16+EBP]
   470 000003B9 83 C4 38                        	ADD	ESP,56
   471 000003BC 83 E8 03                        	SUB	EAX,3
   472 000003BF 89 45 E8                        	MOV	DWORD [-24+EBP],EAX
   473 000003C2 50                              	PUSH	EAX
   474 000003C3 6A 3B                           	PUSH	59
   475 000003C5 50                              	PUSH	EAX
   476 000003C6 6A 02                           	PUSH	2
   477 000003C8 6A 00                           	PUSH	0
   478 000003CA FF 75 0C                        	PUSH	DWORD [12+EBP]
   479 000003CD FF 75 08                        	PUSH	DWORD [8+EBP]
   480 000003D0 E8 FFFFFEA7                     	CALL	_boxfill8
   481 000003D5 FF 75 E8                        	PUSH	DWORD [-24+EBP]
   482 000003D8 6A 3C                           	PUSH	60
   483 000003DA 56                              	PUSH	ESI
   484 000003DB 6A 3C                           	PUSH	60
   485 000003DD 6A 00                           	PUSH	0
   486 000003DF FF 75 0C                        	PUSH	DWORD [12+EBP]
   487 000003E2 FF 75 08                        	PUSH	DWORD [8+EBP]
   488 000003E5 E8 FFFFFE92                     	CALL	_boxfill8
   489 000003EA 8B 7D 0C                        	MOV	EDI,DWORD [12+EBP]
   490 000003ED 83 C4 38                        	ADD	ESP,56
   491 000003F0 8B 5D 0C                        	MOV	EBX,DWORD [12+EBP]
   492 000003F3 83 EB 04                        	SUB	EBX,4
   493 000003F6 83 EF 2F                        	SUB	EDI,47
   494 000003F9 56                              	PUSH	ESI
   495 000003FA 53                              	PUSH	EBX
   496 000003FB 56                              	PUSH	ESI
   497 000003FC 57                              	PUSH	EDI
   498 000003FD 6A 0F                           	PUSH	15
   499 000003FF FF 75 0C                        	PUSH	DWORD [12+EBP]
   500 00000402 FF 75 08                        	PUSH	DWORD [8+EBP]
   501 00000405 E8 FFFFFE72                     	CALL	_boxfill8
   502 0000040A FF 75 F0                        	PUSH	DWORD [-16+EBP]
   503 0000040D 57                              	PUSH	EDI
   504 0000040E FF 75 EC                        	PUSH	DWORD [-20+EBP]
   505 00000411 57                              	PUSH	EDI
   506 00000412 6A 0F                           	PUSH	15
   507 00000414 FF 75 0C                        	PUSH	DWORD [12+EBP]
   508 00000417 FF 75 08                        	PUSH	DWORD [8+EBP]
   509 0000041A E8 FFFFFE5D                     	CALL	_boxfill8
   510 0000041F 83 C4 38                        	ADD	ESP,56
   511 00000422 FF 75 E8                        	PUSH	DWORD [-24+EBP]
   512 00000425 53                              	PUSH	EBX
   513 00000426 FF 75 E8                        	PUSH	DWORD [-24+EBP]
   514 00000429 57                              	PUSH	EDI
   515 0000042A 6A 07                           	PUSH	7
   516 0000042C FF 75 0C                        	PUSH	DWORD [12+EBP]
   517 0000042F FF 75 08                        	PUSH	DWORD [8+EBP]
   518 00000432 E8 FFFFFE45                     	CALL	_boxfill8
   519 00000437 8B 45 0C                        	MOV	EAX,DWORD [12+EBP]
   520 0000043A FF 75 E8                        	PUSH	DWORD [-24+EBP]
   521 0000043D 83 E8 03                        	SUB	EAX,3
   522 00000440 50                              	PUSH	EAX
   523 00000441 56                              	PUSH	ESI
   524 00000442 50                              	PUSH	EAX
   525 00000443 6A 07                           	PUSH	7
   526 00000445 FF 75 0C                        	PUSH	DWORD [12+EBP]
   527 00000448 FF 75 08                        	PUSH	DWORD [8+EBP]
   528 0000044B E8 FFFFFE2C                     	CALL	_boxfill8
   529 00000450 8D 65 F4                        	LEA	ESP,DWORD [-12+EBP]
   530 00000453 5B                              	POP	EBX
   531 00000454 5E                              	POP	ESI
   532 00000455 5F                              	POP	EDI
   533 00000456 5D                              	POP	EBP
   534 00000457 C3                              	RET
   535 00000458                                 	GLOBAL	_putfont8
   536 00000458                                 _putfont8:
   537 00000458 55                              	PUSH	EBP
   538 00000459 89 E5                           	MOV	EBP,ESP
   539 0000045B 57                              	PUSH	EDI
   540 0000045C 56                              	PUSH	ESI
   541 0000045D 31 F6                           	XOR	ESI,ESI
   542 0000045F 53                              	PUSH	EBX
   543 00000460 8B 7D 1C                        	MOV	EDI,DWORD [28+EBP]
   544 00000463 8A 5D 18                        	MOV	BL,BYTE [24+EBP]
   545 00000466                                 L61:
   546 00000466 8B 45 14                        	MOV	EAX,DWORD [20+EBP]
   547 00000469 8B 55 10                        	MOV	EDX,DWORD [16+EBP]
   548 0000046C 01 F0                           	ADD	EAX,ESI
   549 0000046E 0F AF 45 0C                     	IMUL	EAX,DWORD [12+EBP]
   550 00000472 03 45 08                        	ADD	EAX,DWORD [8+EBP]
   551 00000475 8D 0C 02                        	LEA	ECX,DWORD [EDX+EAX*1]
   552 00000478 8A 14 3E                        	MOV	DL,BYTE [ESI+EDI*1]
   553 0000047B 84 D2                           	TEST	DL,DL
   554 0000047D 79 02                           	JNS	L53
   555 0000047F 88 19                           	MOV	BYTE [ECX],BL
   556 00000481                                 L53:
   557 00000481 88 D0                           	MOV	AL,DL
   558 00000483 83 E0 40                        	AND	EAX,64
   559 00000486 84 C0                           	TEST	AL,AL
   560 00000488 74 03                           	JE	L54
   561 0000048A 88 59 01                        	MOV	BYTE [1+ECX],BL
   562 0000048D                                 L54:
   563 0000048D 88 D0                           	MOV	AL,DL
   564 0000048F 83 E0 20                        	AND	EAX,32
   565 00000492 84 C0                           	TEST	AL,AL
   566 00000494 74 03                           	JE	L55
   567 00000496 88 59 02                        	MOV	BYTE [2+ECX],BL
   568 00000499                                 L55:
   569 00000499 88 D0                           	MOV	AL,DL
   570 0000049B 83 E0 10                        	AND	EAX,16
   571 0000049E 84 C0                           	TEST	AL,AL
   572 000004A0 74 03                           	JE	L56
   573 000004A2 88 59 03                        	MOV	BYTE [3+ECX],BL
   574 000004A5                                 L56:
   575 000004A5 88 D0                           	MOV	AL,DL
   576 000004A7 83 E0 08                        	AND	EAX,8
   577 000004AA 84 C0                           	TEST	AL,AL
   578 000004AC 74 03                           	JE	L57
   579 000004AE 88 59 04                        	MOV	BYTE [4+ECX],BL
   580 000004B1                                 L57:
   581 000004B1 88 D0                           	MOV	AL,DL
   582 000004B3 83 E0 04                        	AND	EAX,4
   583 000004B6 84 C0                           	TEST	AL,AL
   584 000004B8 74 03                           	JE	L58
   585 000004BA 88 59 05                        	MOV	BYTE [5+ECX],BL
   586 000004BD                                 L58:
   587 000004BD 88 D0                           	MOV	AL,DL
   588 000004BF 83 E0 02                        	AND	EAX,2
   589 000004C2 84 C0                           	TEST	AL,AL
   590 000004C4 74 03                           	JE	L59
   591 000004C6 88 59 06                        	MOV	BYTE [6+ECX],BL
   592 000004C9                                 L59:
   593 000004C9 83 E2 01                        	AND	EDX,1
   594 000004CC 84 D2                           	TEST	DL,DL
   595 000004CE 74 03                           	JE	L51
   596 000004D0 88 59 07                        	MOV	BYTE [7+ECX],BL
   597 000004D3                                 L51:
   598 000004D3 46                              	INC	ESI
   599 000004D4 83 FE 0F                        	CMP	ESI,15
   600 000004D7 7E 8D                           	JLE	L61
   601 000004D9 5B                              	POP	EBX
   602 000004DA 5E                              	POP	ESI
   603 000004DB 5F                              	POP	EDI
   604 000004DC 5D                              	POP	EBP
   605 000004DD C3                              	RET
   606 000004DE                                 	GLOBAL	_putfonts8_asc
   607 000004DE                                 _putfonts8_asc:
   608 000004DE 55                              	PUSH	EBP
   609 000004DF 89 E5                           	MOV	EBP,ESP
   610 000004E1 57                              	PUSH	EDI
   611 000004E2 56                              	PUSH	ESI
   612 000004E3 53                              	PUSH	EBX
   613 000004E4 53                              	PUSH	EBX
   614 000004E5 8B 5D 1C                        	MOV	EBX,DWORD [28+EBP]
   615 000004E8 8A 45 18                        	MOV	AL,BYTE [24+EBP]
   616 000004EB 88 45 F3                        	MOV	BYTE [-13+EBP],AL
   617 000004EE 8B 75 10                        	MOV	ESI,DWORD [16+EBP]
   618 000004F1 8B 7D 14                        	MOV	EDI,DWORD [20+EBP]
   619 000004F4 80 3B 00                        	CMP	BYTE [EBX],0
   620 000004F7 75 08                           	JNE	L69
   621 000004F9                                 L71:
   622 000004F9 8D 65 F4                        	LEA	ESP,DWORD [-12+EBP]
   623 000004FC 5B                              	POP	EBX
   624 000004FD 5E                              	POP	ESI
   625 000004FE 5F                              	POP	EDI
   626 000004FF 5D                              	POP	EBP
   627 00000500 C3                              	RET
   628 00000501                                 L69:
   629 00000501 0F B6 03                        	MOVZX	EAX,BYTE [EBX]
   630 00000504 C1 E0 04                        	SAL	EAX,4
   631 00000507 43                              	INC	EBX
   632 00000508 05 [00000000]                   	ADD	EAX,_hankaku
   633 0000050D 50                              	PUSH	EAX
   634 0000050E 0F BE 45 F3                     	MOVSX	EAX,BYTE [-13+EBP]
   635 00000512 50                              	PUSH	EAX
   636 00000513 57                              	PUSH	EDI
   637 00000514 56                              	PUSH	ESI
   638 00000515 83 C6 08                        	ADD	ESI,8
   639 00000518 FF 75 0C                        	PUSH	DWORD [12+EBP]
   640 0000051B FF 75 08                        	PUSH	DWORD [8+EBP]
   641 0000051E E8 FFFFFF35                     	CALL	_putfont8
   642 00000523 83 C4 18                        	ADD	ESP,24
   643 00000526 80 3B 00                        	CMP	BYTE [EBX],0
   644 00000529 75 D6                           	JNE	L69
   645 0000052B EB CC                           	JMP	L71
   646                                          [SECTION .data]
   647 00000060                                 _cursor.2:
   648 00000060 2A 2A 2A 2A 2A 2A 2A 2A 2A 2A   	DB	"**************.."
       0000006A 2A 2A 2A 2A 2E 2E 
   649 00000070 2A 4F 4F 4F 4F 4F 4F 4F 4F 4F   	DB	"*OOOOOOOOOOO*..."
       0000007A 4F 4F 2A 2E 2E 2E 
   650 00000080 2A 4F 4F 4F 4F 4F 4F 4F 4F 4F   	DB	"*OOOOOOOOOO*...."
       0000008A 4F 2A 2E 2E 2E 2E 
   651 00000090 2A 4F 4F 4F 4F 4F 4F 4F 4F 4F   	DB	"*OOOOOOOOO*....."
       0000009A 2A 2E 2E 2E 2E 2E 
   652 000000A0 2A 4F 4F 4F 4F 4F 4F 4F 4F 2A   	DB	"*OOOOOOOO*......"
       000000AA 2E 2E 2E 2E 2E 2E 
   653 000000B0 2A 4F 4F 4F 4F 4F 4F 4F 2A 2E   	DB	"*OOOOOOO*......."
       000000BA 2E 2E 2E 2E 2E 2E 
   654 000000C0 2A 4F 4F 4F 4F 4F 4F 4F 2A 2E   	DB	"*OOOOOOO*......."
       000000CA 2E 2E 2E 2E 2E 2E 
   655 000000D0 2A 4F 4F 4F 4F 4F 4F 4F 4F 2A   	DB	"*OOOOOOOO*......"
       000000DA 2E 2E 2E 2E 2E 2E 
   656 000000E0 2A 4F 4F 4F 4F 2A 2A 4F 4F 4F   	DB	"*OOOO**OOO*....."
       000000EA 2A 2E 2E 2E 2E 2E 
   657 000000F0 2A 4F 4F 4F 2A 2E 2E 2A 4F 4F   	DB	"*OOO*..*OOO*...."
       000000FA 4F 2A 2E 2E 2E 2E 
   658 00000100 2A 4F 4F 2A 2E 2E 2E 2E 2A 4F   	DB	"*OO*....*OOO*..."
       0000010A 4F 4F 2A 2E 2E 2E 
   659 00000110 2A 4F 2A 2E 2E 2E 2E 2E 2E 2A   	DB	"*O*......*OOO*.."
       0000011A 4F 4F 4F 2A 2E 2E 
   660 00000120 2A 2A 2E 2E 2E 2E 2E 2E 2E 2E   	DB	"**........*OOO*."
       0000012A 2A 4F 4F 4F 2A 2E 
   661 00000130 2A 2E 2E 2E 2E 2E 2E 2E 2E 2E   	DB	"*..........*OOO*"
       0000013A 2E 2A 4F 4F 4F 2A 
   662 00000140 2E 2E 2E 2E 2E 2E 2E 2E 2E 2E   	DB	"............*OO*"
       0000014A 2E 2E 2A 4F 4F 2A 
   663 00000150 2E 2E 2E 2E 2E 2E 2E 2E 2E 2E   	DB	".............***"
       0000015A 2E 2E 2E 2A 2A 2A 
   664                                          [SECTION .text]
   665 0000052D                                 	GLOBAL	_init_mouse_cursor8
   666 0000052D                                 _init_mouse_cursor8:
   667 0000052D 55                              	PUSH	EBP
   668 0000052E 89 E5                           	MOV	EBP,ESP
   669 00000530 57                              	PUSH	EDI
   670 00000531 56                              	PUSH	ESI
   671 00000532 53                              	PUSH	EBX
   672 00000533 31 DB                           	XOR	EBX,EBX
   673 00000535 57                              	PUSH	EDI
   674 00000536 31 FF                           	XOR	EDI,EDI
   675 00000538 8A 45 0C                        	MOV	AL,BYTE [12+EBP]
   676 0000053B 8B 75 08                        	MOV	ESI,DWORD [8+EBP]
   677 0000053E 88 45 F3                        	MOV	BYTE [-13+EBP],AL
   678 00000541                                 L85:
   679 00000541 31 D2                           	XOR	EDX,EDX
   680 00000543                                 L84:
   681 00000543 8D 04 3A                        	LEA	EAX,DWORD [EDX+EDI*1]
   682 00000546 80 B8 [00000060] 2A             	CMP	BYTE [_cursor.2+EAX],42
   683 0000054D 74 35                           	JE	L90
   684 0000054F                                 L81:
   685 0000054F 80 B8 [00000060] 30             	CMP	BYTE [_cursor.2+EAX],48
   686 00000556 74 26                           	JE	L91
   687 00000558                                 L82:
   688 00000558 80 B8 [00000060] 2E             	CMP	BYTE [_cursor.2+EAX],46
   689 0000055F 74 15                           	JE	L92
   690 00000561                                 L79:
   691 00000561 42                              	INC	EDX
   692 00000562 83 FA 0F                        	CMP	EDX,15
   693 00000565 7E DC                           	JLE	L84
   694 00000567 43                              	INC	EBX
   695 00000568 83 C7 10                        	ADD	EDI,16
   696 0000056B 83 FB 0F                        	CMP	EBX,15
   697 0000056E 7E D1                           	JLE	L85
   698 00000570 5E                              	POP	ESI
   699 00000571 5B                              	POP	EBX
   700 00000572 5E                              	POP	ESI
   701 00000573 5F                              	POP	EDI
   702 00000574 5D                              	POP	EBP
   703 00000575 C3                              	RET
   704 00000576                                 L92:
   705 00000576 8A 4D F3                        	MOV	CL,BYTE [-13+EBP]
   706 00000579 88 0C 30                        	MOV	BYTE [EAX+ESI*1],CL
   707 0000057C EB E3                           	JMP	L79
   708 0000057E                                 L91:
   709 0000057E C6 04 30 07                     	MOV	BYTE [EAX+ESI*1],7
   710 00000582 EB D4                           	JMP	L82
   711 00000584                                 L90:
   712 00000584 C6 04 30 00                     	MOV	BYTE [EAX+ESI*1],0
   713 00000588 EB C5                           	JMP	L81
   714 0000058A                                 	GLOBAL	_putblock8_8
   715 0000058A                                 _putblock8_8:
   716 0000058A 55                              	PUSH	EBP
   717 0000058B 89 E5                           	MOV	EBP,ESP
   718 0000058D 57                              	PUSH	EDI
   719 0000058E 56                              	PUSH	ESI
   720 0000058F 31 F6                           	XOR	ESI,ESI
   721 00000591 53                              	PUSH	EBX
   722 00000592 83 EC 0C                        	SUB	ESP,12
   723 00000595 3B 75 14                        	CMP	ESI,DWORD [20+EBP]
   724 00000598 7D 3E                           	JGE	L105
   725 0000059A 31 FF                           	XOR	EDI,EDI
   726 0000059C                                 L103:
   727 0000059C 31 DB                           	XOR	EBX,EBX
   728 0000059E 3B 5D 10                        	CMP	EBX,DWORD [16+EBP]
   729 000005A1 7D 2C                           	JGE	L107
   730 000005A3 8B 45 20                        	MOV	EAX,DWORD [32+EBP]
   731 000005A6 01 F8                           	ADD	EAX,EDI
   732 000005A8 89 45 EC                        	MOV	DWORD [-20+EBP],EAX
   733 000005AB                                 L102:
   734 000005AB 8B 45 1C                        	MOV	EAX,DWORD [28+EBP]
   735 000005AE 8B 55 18                        	MOV	EDX,DWORD [24+EBP]
   736 000005B1 01 F0                           	ADD	EAX,ESI
   737 000005B3 01 DA                           	ADD	EDX,EBX
   738 000005B5 0F AF 45 0C                     	IMUL	EAX,DWORD [12+EBP]
   739 000005B9 01 D0                           	ADD	EAX,EDX
   740 000005BB 8B 4D 08                        	MOV	ECX,DWORD [8+EBP]
   741 000005BE 8B 55 EC                        	MOV	EDX,DWORD [-20+EBP]
   742 000005C1 43                              	INC	EBX
   743 000005C2 8A 12                           	MOV	DL,BYTE [EDX]
   744 000005C4 88 14 08                        	MOV	BYTE [EAX+ECX*1],DL
   745 000005C7 FF 45 EC                        	INC	DWORD [-20+EBP]
   746 000005CA 3B 5D 10                        	CMP	EBX,DWORD [16+EBP]
   747 000005CD 7C DC                           	JL	L102
   748 000005CF                                 L107:
   749 000005CF 46                              	INC	ESI
   750 000005D0 03 7D 24                        	ADD	EDI,DWORD [36+EBP]
   751 000005D3 3B 75 14                        	CMP	ESI,DWORD [20+EBP]
   752 000005D6 7C C4                           	JL	L103
   753 000005D8                                 L105:
   754 000005D8 83 C4 0C                        	ADD	ESP,12
   755 000005DB 5B                              	POP	EBX
   756 000005DC 5E                              	POP	ESI
   757 000005DD 5F                              	POP	EDI
   758 000005DE 5D                              	POP	EBP
   759 000005DF C3                              	RET
