     1 00000000                                 [FORMAT "WCOFF"]
     2 00000000                                 [INSTRSET "i486p"]
     3 00000000                                 [OPTIMIZE 1]
     4 00000000                                 [OPTION 1]
     5 00000000                                 [BITS 32]
     6 00000000                                 	EXTERN	_init_gdtidt
     7 00000000                                 	EXTERN	_init_pic
     8 00000000                                 	EXTERN	_io_sti
     9 00000000                                 	EXTERN	_fifo32_init
    10 00000000                                 	EXTERN	_init_pit
    11 00000000                                 	EXTERN	_init_keyboard
    12 00000000                                 	EXTERN	_enable_mouse
    13 00000000                                 	EXTERN	_io_out8
    14 00000000                                 	EXTERN	_memtest
    15 00000000                                 	EXTERN	_memman_init
    16 00000000                                 	EXTERN	_memman_free
    17 00000000                                 	EXTERN	_init_palette
    18 00000000                                 	EXTERN	_shtctl_init
    19 00000000                                 	EXTERN	_task_init
    20 00000000                                 	EXTERN	_task_run
    21 00000000                                 	EXTERN	_sheet_alloc
    22 00000000                                 	EXTERN	_memman_alloc_4k
    23 00000000                                 	EXTERN	_sheet_setbuf
    24 00000000                                 	EXTERN	_init_screen8
    25 00000000                                 	EXTERN	_task_alloc
    26 00000000                                 	EXTERN	_timer_alloc
    27 00000000                                 	EXTERN	_timer_init
    28 00000000                                 	EXTERN	_timer_settime
    29 00000000                                 	EXTERN	_init_mouse_cursor8
    30 00000000                                 	EXTERN	_sheet_slide
    31 00000000                                 	EXTERN	_sheet_updown
    32 00000000                                 	EXTERN	_sprintf
    33 00000000                                 	EXTERN	_memman_total
    34 00000000                                 	EXTERN	_io_cli
    35 00000000                                 	EXTERN	_fifo32_status
    36 00000000                                 	EXTERN	_fifo32_get
    37 00000000                                 	EXTERN	_boxfill8
    38 00000000                                 	EXTERN	_sheet_refresh
    39 00000000                                 	EXTERN	_mouse_decode
    40 00000000                                 	EXTERN	_keytable0.0
    41 00000000                                 	EXTERN	_fifo32_put
    42 00000000                                 	EXTERN	_keytable1.1
    43 00000000                                 	EXTERN	_task_sleep
    44 00000000                                 	EXTERN	_putfonts8_asc
    45 00000000                                 	EXTERN	_task_now
    46 00000000                                 [FILE "bootpack.c"]
    47                                          [SECTION .data]
    48 00000000                                 _keytable0.0:
    49 00000000 00                              	DB	0
    50 00000001 00                              	DB	0
    51 00000002 31                              	DB	49
    52 00000003 32                              	DB	50
    53 00000004 33                              	DB	51
    54 00000005 34                              	DB	52
    55 00000006 35                              	DB	53
    56 00000007 36                              	DB	54
    57 00000008 37                              	DB	55
    58 00000009 38                              	DB	56
    59 0000000A 39                              	DB	57
    60 0000000B 30                              	DB	48
    61 0000000C 2D                              	DB	45
    62 0000000D 5E                              	DB	94
    63 0000000E 00                              	DB	0
    64 0000000F 00                              	DB	0
    65 00000010 51                              	DB	81
    66 00000011 57                              	DB	87
    67 00000012 45                              	DB	69
    68 00000013 52                              	DB	82
    69 00000014 54                              	DB	84
    70 00000015 59                              	DB	89
    71 00000016 55                              	DB	85
    72 00000017 49                              	DB	73
    73 00000018 4F                              	DB	79
    74 00000019 50                              	DB	80
    75 0000001A 40                              	DB	64
    76 0000001B 5B                              	DB	91
    77 0000001C 00                              	DB	0
    78 0000001D 00                              	DB	0
    79 0000001E 41                              	DB	65
    80 0000001F 53                              	DB	83
    81 00000020 44                              	DB	68
    82 00000021 46                              	DB	70
    83 00000022 47                              	DB	71
    84 00000023 48                              	DB	72
    85 00000024 4A                              	DB	74
    86 00000025 4B                              	DB	75
    87 00000026 4C                              	DB	76
    88 00000027 3B                              	DB	59
    89 00000028 3A                              	DB	58
    90 00000029 00                              	DB	0
    91 0000002A 00                              	DB	0
    92 0000002B 5D                              	DB	93
    93 0000002C 5A                              	DB	90
    94 0000002D 58                              	DB	88
    95 0000002E 43                              	DB	67
    96 0000002F 56                              	DB	86
    97 00000030 42                              	DB	66
    98 00000031 4E                              	DB	78
    99 00000032 4D                              	DB	77
   100 00000033 2C                              	DB	44
   101 00000034 2E                              	DB	46
   102 00000035 2F                              	DB	47
   103 00000036 00                              	DB	0
   104 00000037 2A                              	DB	42
   105 00000038 00                              	DB	0
   106 00000039 20                              	DB	32
   107 0000003A 00                              	DB	0
   108 0000003B 00                              	DB	0
   109 0000003C 00                              	DB	0
   110 0000003D 00                              	DB	0
   111 0000003E 00                              	DB	0
   112 0000003F 00                              	DB	0
   113 00000040 00                              	DB	0
   114 00000041 00                              	DB	0
   115 00000042 00                              	DB	0
   116 00000043 00                              	DB	0
   117 00000044 00                              	DB	0
   118 00000045 00                              	DB	0
   119 00000046 00                              	DB	0
   120 00000047 37                              	DB	55
   121 00000048 38                              	DB	56
   122 00000049 39                              	DB	57
   123 0000004A 2D                              	DB	45
   124 0000004B 34                              	DB	52
   125 0000004C 35                              	DB	53
   126 0000004D 36                              	DB	54
   127 0000004E 2B                              	DB	43
   128 0000004F 31                              	DB	49
   129 00000050 32                              	DB	50
   130 00000051 33                              	DB	51
   131 00000052 30                              	DB	48
   132 00000053 2E                              	DB	46
   133 00000054 00                              	DB	0
   134 00000055 00                              	DB	0
   135 00000056 00                              	DB	0
   136 00000057 00                              	DB	0
   137 00000058 00                              	DB	0
   138 00000059 00                              	DB	0
   139 0000005A 00                              	DB	0
   140 0000005B 00                              	DB	0
   141 0000005C 00                              	DB	0
   142 0000005D 00                              	DB	0
   143 0000005E 00                              	DB	0
   144 0000005F 00                              	DB	0
   145 00000060 00                              	DB	0
   146 00000061 00                              	DB	0
   147 00000062 00                              	DB	0
   148 00000063 00                              	DB	0
   149 00000064 00                              	DB	0
   150 00000065 00                              	DB	0
   151 00000066 00                              	DB	0
   152 00000067 00                              	DB	0
   153 00000068 00                              	DB	0
   154 00000069 00                              	DB	0
   155 0000006A 00                              	DB	0
   156 0000006B 00                              	DB	0
   157 0000006C 00                              	DB	0
   158 0000006D 00                              	DB	0
   159 0000006E 00                              	DB	0
   160 0000006F 00                              	DB	0
   161 00000070 00                              	DB	0
   162 00000071 00                              	DB	0
   163 00000072 00                              	DB	0
   164 00000073 5C                              	DB	92
   165 00000074 00                              	DB	0
   166 00000075 00                              	DB	0
   167 00000076 00                              	DB	0
   168 00000077 00                              	DB	0
   169 00000078 00                              	DB	0
   170 00000079 00                              	DB	0
   171 0000007A 00                              	DB	0
   172 0000007B 00                              	DB	0
   173 0000007C 00                              	DB	0
   174 0000007D 5C                              	DB	92
   175 0000007E 00                              	DB	0
   176 0000007F 00                              	DB	0
   177 00000080                                 _keytable1.1:
   178 00000080 00                              	DB	0
   179 00000081 00                              	DB	0
   180 00000082 21                              	DB	33
   181 00000083 22                              	DB	34
   182 00000084 23                              	DB	35
   183 00000085 24                              	DB	36
   184 00000086 25                              	DB	37
   185 00000087 26                              	DB	38
   186 00000088 27                              	DB	39
   187 00000089 28                              	DB	40
   188 0000008A 29                              	DB	41
   189 0000008B 7E                              	DB	126
   190 0000008C 3D                              	DB	61
   191 0000008D 7E                              	DB	126
   192 0000008E 00                              	DB	0
   193 0000008F 00                              	DB	0
   194 00000090 51                              	DB	81
   195 00000091 57                              	DB	87
   196 00000092 45                              	DB	69
   197 00000093 52                              	DB	82
   198 00000094 54                              	DB	84
   199 00000095 59                              	DB	89
   200 00000096 55                              	DB	85
   201 00000097 49                              	DB	73
   202 00000098 4F                              	DB	79
   203 00000099 50                              	DB	80
   204 0000009A 60                              	DB	96
   205 0000009B 7B                              	DB	123
   206 0000009C 00                              	DB	0
   207 0000009D 00                              	DB	0
   208 0000009E 41                              	DB	65
   209 0000009F 53                              	DB	83
   210 000000A0 44                              	DB	68
   211 000000A1 46                              	DB	70
   212 000000A2 47                              	DB	71
   213 000000A3 48                              	DB	72
   214 000000A4 4A                              	DB	74
   215 000000A5 4B                              	DB	75
   216 000000A6 4C                              	DB	76
   217 000000A7 2B                              	DB	43
   218 000000A8 2A                              	DB	42
   219 000000A9 00                              	DB	0
   220 000000AA 00                              	DB	0
   221 000000AB 7D                              	DB	125
   222 000000AC 5A                              	DB	90
   223 000000AD 58                              	DB	88
   224 000000AE 43                              	DB	67
   225 000000AF 56                              	DB	86
   226 000000B0 42                              	DB	66
   227 000000B1 4E                              	DB	78
   228 000000B2 4D                              	DB	77
   229 000000B3 3C                              	DB	60
   230 000000B4 3E                              	DB	62
   231 000000B5 3F                              	DB	63
   232 000000B6 00                              	DB	0
   233 000000B7 2A                              	DB	42
   234 000000B8 00                              	DB	0
   235 000000B9 20                              	DB	32
   236 000000BA 00                              	DB	0
   237 000000BB 00                              	DB	0
   238 000000BC 00                              	DB	0
   239 000000BD 00                              	DB	0
   240 000000BE 00                              	DB	0
   241 000000BF 00                              	DB	0
   242 000000C0 00                              	DB	0
   243 000000C1 00                              	DB	0
   244 000000C2 00                              	DB	0
   245 000000C3 00                              	DB	0
   246 000000C4 00                              	DB	0
   247 000000C5 00                              	DB	0
   248 000000C6 00                              	DB	0
   249 000000C7 37                              	DB	55
   250 000000C8 38                              	DB	56
   251 000000C9 39                              	DB	57
   252 000000CA 2D                              	DB	45
   253 000000CB 34                              	DB	52
   254 000000CC 35                              	DB	53
   255 000000CD 36                              	DB	54
   256 000000CE 2B                              	DB	43
   257 000000CF 31                              	DB	49
   258 000000D0 32                              	DB	50
   259 000000D1 33                              	DB	51
   260 000000D2 30                              	DB	48
   261 000000D3 2E                              	DB	46
   262 000000D4 00                              	DB	0
   263 000000D5 00                              	DB	0
   264 000000D6 00                              	DB	0
   265 000000D7 00                              	DB	0
   266 000000D8 00                              	DB	0
   267 000000D9 00                              	DB	0
   268 000000DA 00                              	DB	0
   269 000000DB 00                              	DB	0
   270 000000DC 00                              	DB	0
   271 000000DD 00                              	DB	0
   272 000000DE 00                              	DB	0
   273 000000DF 00                              	DB	0
   274 000000E0 00                              	DB	0
   275 000000E1 00                              	DB	0
   276 000000E2 00                              	DB	0
   277 000000E3 00                              	DB	0
   278 000000E4 00                              	DB	0
   279 000000E5 00                              	DB	0
   280 000000E6 00                              	DB	0
   281 000000E7 00                              	DB	0
   282 000000E8 00                              	DB	0
   283 000000E9 00                              	DB	0
   284 000000EA 00                              	DB	0
   285 000000EB 00                              	DB	0
   286 000000EC 00                              	DB	0
   287 000000ED 00                              	DB	0
   288 000000EE 00                              	DB	0
   289 000000EF 00                              	DB	0
   290 000000F0 00                              	DB	0
   291 000000F1 00                              	DB	0
   292 000000F2 00                              	DB	0
   293 000000F3 5F                              	DB	95
   294 000000F4 00                              	DB	0
   295 000000F5 00                              	DB	0
   296 000000F6 00                              	DB	0
   297 000000F7 00                              	DB	0
   298 000000F8 00                              	DB	0
   299 000000F9 00                              	DB	0
   300 000000FA 00                              	DB	0
   301 000000FB 00                              	DB	0
   302 000000FC 00                              	DB	0
   303 000000FD 7C                              	DB	124
   304 000000FE 00                              	DB	0
   305 000000FF 00                              	DB	0
   306 00000100                                 LC0:
   307 00000100 63 6F 6E 73 6F 6C 65 00         	DB	"console",0x00
   308 00000108                                 LC1:
   309 00000108 74 61 73 6B 5F 61 00            	DB	"task_a",0x00
   310 0000010F                                 LC2:
   311 0000010F 28 25 33 64 2C 20 25 33 64 29   	DB	"(%3d, %3d)",0x00
       00000119 00 
   312 0000011A                                 LC3:
   313 0000011A 6D 65 6D 6F 72 79 20 25 64 4D   	DB	"memory %dMB   free : %dKB",0x00
       00000124 42 20 20 20 66 72 65 65 20 3A 
       0000012E 20 25 64 4B 42 00 
   314 00000134                                 LC8:
   315 00000134 5B 6C 63 72 20 25 34 64 20 25   	DB	"[lcr %4d %4d]",0x00
       0000013E 34 64 5D 00 
   316 00000142                                 LC4:
   317 00000142 25 30 32 58 00                  	DB	"%02X",0x00
   318 00000147                                 LC6:
   319 00000147 54 61 73 6B 5F 41 00            	DB	"Task_A",0x00
   320 0000014E                                 LC7:
   321 0000014E 43 6F 6E 73 6F 6C 65 00         	DB	"Console",0x00
   322 00000156                                 LC5:
   323 00000156 20 00                           	DB	" ",0x00
   324                                          [SECTION .text]
   325 00000000                                 	GLOBAL	_HariMain
   326 00000000                                 _HariMain:
   327 00000000 55                              	PUSH	EBP
   328 00000001 89 E5                           	MOV	EBP,ESP
   329 00000003 57                              	PUSH	EDI
   330 00000004 56                              	PUSH	ESI
   331 00000005 53                              	PUSH	EBX
   332 00000006 8D 9D FFFFFCD4                  	LEA	EBX,DWORD [-812+EBP]
   333 0000000C 81 EC 00000654                  	SUB	ESP,1620
   334 00000012 C7 85 FFFFF9AC 00000000         	MOV	DWORD [-1620+EBP],0
   335 0000001C C7 85 FFFFF9A8 00000000         	MOV	DWORD [-1624+EBP],0
   336 00000026 E8 [00000000]                   	CALL	_init_gdtidt
   337 0000002B E8 [00000000]                   	CALL	_init_pic
   338 00000030 E8 [00000000]                   	CALL	_io_sti
   339 00000035 8D 85 FFFFFAD4                  	LEA	EAX,DWORD [-1324+EBP]
   340 0000003B 6A 00                           	PUSH	0
   341 0000003D 50                              	PUSH	EAX
   342 0000003E 8D 85 FFFFFCD4                  	LEA	EAX,DWORD [-812+EBP]
   343 00000044 68 00000080                     	PUSH	128
   344 00000049 50                              	PUSH	EAX
   345 0000004A E8 [00000000]                   	CALL	_fifo32_init
   346 0000004F E8 [00000000]                   	CALL	_init_pit
   347 00000054 8D 95 FFFFFCD4                  	LEA	EDX,DWORD [-812+EBP]
   348 0000005A 68 00000100                     	PUSH	256
   349 0000005F 52                              	PUSH	EDX
   350 00000060 E8 [00000000]                   	CALL	_init_keyboard
   351 00000065 8D 85 FFFFFE04                  	LEA	EAX,DWORD [-508+EBP]
   352 0000006B 50                              	PUSH	EAX
   353 0000006C 68 00000200                     	PUSH	512
   354 00000071 53                              	PUSH	EBX
   355 00000072 E8 [00000000]                   	CALL	_enable_mouse
   356 00000077 83 C4 24                        	ADD	ESP,36
   357 0000007A 68 000000F8                     	PUSH	248
   358 0000007F 6A 21                           	PUSH	33
   359 00000081 E8 [00000000]                   	CALL	_io_out8
   360 00000086 68 000000EF                     	PUSH	239
   361 0000008B 68 000000A1                     	PUSH	161
   362 00000090 E8 [00000000]                   	CALL	_io_out8
   363 00000095 68 BFFFFFFF                     	PUSH	-1073741825
   364 0000009A 68 00400000                     	PUSH	4194304
   365 0000009F E8 [00000000]                   	CALL	_memtest
   366 000000A4 68 003C0000                     	PUSH	3932160
   367 000000A9 89 85 FFFFF9D8                  	MOV	DWORD [-1576+EBP],EAX
   368 000000AF E8 [00000000]                   	CALL	_memman_init
   369 000000B4 68 0009E000                     	PUSH	647168
   370 000000B9 68 00001000                     	PUSH	4096
   371 000000BE 68 003C0000                     	PUSH	3932160
   372 000000C3 E8 [00000000]                   	CALL	_memman_free
   373 000000C8 8B 85 FFFFF9D8                  	MOV	EAX,DWORD [-1576+EBP]
   374 000000CE 83 C4 28                        	ADD	ESP,40
   375 000000D1 2D 00400000                     	SUB	EAX,4194304
   376 000000D6 50                              	PUSH	EAX
   377 000000D7 68 00400000                     	PUSH	4194304
   378 000000DC 68 003C0000                     	PUSH	3932160
   379 000000E1 E8 [00000000]                   	CALL	_memman_free
   380 000000E6 E8 [00000000]                   	CALL	_init_palette
   381 000000EB 0F BF 05 00000FF6               	MOVSX	EAX,WORD [4086]
   382 000000F2 50                              	PUSH	EAX
   383 000000F3 0F BF 05 00000FF4               	MOVSX	EAX,WORD [4084]
   384 000000FA 50                              	PUSH	EAX
   385 000000FB FF 35 00000FF8                  	PUSH	DWORD [4088]
   386 00000101 68 003C0000                     	PUSH	3932160
   387 00000106 E8 [00000000]                   	CALL	_shtctl_init
   388 0000010B 68 003C0000                     	PUSH	3932160
   389 00000110 89 C6                           	MOV	ESI,EAX
   390 00000112 E8 [00000000]                   	CALL	_task_init
   391 00000117 83 C4 20                        	ADD	ESP,32
   392 0000011A 89 85 FFFFF9B4                  	MOV	DWORD [-1612+EBP],EAX
   393 00000120 89 85 FFFFFCEC                  	MOV	DWORD [-788+EBP],EAX
   394 00000126 6A 02                           	PUSH	2
   395 00000128 6A 01                           	PUSH	1
   396 0000012A 50                              	PUSH	EAX
   397 0000012B E8 [00000000]                   	CALL	_task_run
   398 00000130 56                              	PUSH	ESI
   399 00000131 E8 [00000000]                   	CALL	_sheet_alloc
   400 00000136 0F BF 15 00000FF6               	MOVSX	EDX,WORD [4086]
   401 0000013D 89 85 FFFFF9D4                  	MOV	DWORD [-1580+EBP],EAX
   402 00000143 0F BF 05 00000FF4               	MOVSX	EAX,WORD [4084]
   403 0000014A 0F AF C2                        	IMUL	EAX,EDX
   404 0000014D 50                              	PUSH	EAX
   405 0000014E 68 003C0000                     	PUSH	3932160
   406 00000153 E8 [00000000]                   	CALL	_memman_alloc_4k
   407 00000158 6A FF                           	PUSH	-1
   408 0000015A 89 C3                           	MOV	EBX,EAX
   409 0000015C 0F BF 05 00000FF6               	MOVSX	EAX,WORD [4086]
   410 00000163 50                              	PUSH	EAX
   411 00000164 0F BF 05 00000FF4               	MOVSX	EAX,WORD [4084]
   412 0000016B 50                              	PUSH	EAX
   413 0000016C 53                              	PUSH	EBX
   414 0000016D FF B5 FFFFF9D4                  	PUSH	DWORD [-1580+EBP]
   415 00000173 E8 [00000000]                   	CALL	_sheet_setbuf
   416 00000178 83 C4 2C                        	ADD	ESP,44
   417 0000017B 0F BF 05 00000FF6               	MOVSX	EAX,WORD [4086]
   418 00000182 50                              	PUSH	EAX
   419 00000183 0F BF 05 00000FF4               	MOVSX	EAX,WORD [4084]
   420 0000018A 50                              	PUSH	EAX
   421 0000018B 53                              	PUSH	EBX
   422 0000018C E8 [00000000]                   	CALL	_init_screen8
   423 00000191 56                              	PUSH	ESI
   424 00000192 E8 [00000000]                   	CALL	_sheet_alloc
   425 00000197 68 0000A500                     	PUSH	42240
   426 0000019C 68 003C0000                     	PUSH	3932160
   427 000001A1 89 85 FFFFF9CC                  	MOV	DWORD [-1588+EBP],EAX
   428 000001A7 E8 [00000000]                   	CALL	_memman_alloc_4k
   429 000001AC 6A FF                           	PUSH	-1
   430 000001AE 68 000000A5                     	PUSH	165
   431 000001B3 89 85 FFFFF9C4                  	MOV	DWORD [-1596+EBP],EAX
   432 000001B9 68 00000100                     	PUSH	256
   433 000001BE 50                              	PUSH	EAX
   434 000001BF FF B5 FFFFF9CC                  	PUSH	DWORD [-1588+EBP]
   435 000001C5 E8 [00000000]                   	CALL	_sheet_setbuf
   436 000001CA 83 C4 2C                        	ADD	ESP,44
   437 000001CD 6A 00                           	PUSH	0
   438 000001CF 68 [00000100]                   	PUSH	LC0
   439 000001D4 68 000000A5                     	PUSH	165
   440 000001D9 68 00000100                     	PUSH	256
   441 000001DE FF B5 FFFFF9C4                  	PUSH	DWORD [-1596+EBP]
   442 000001E4 E8 00000731                     	CALL	_make_window8
   443 000001E9 6A 00                           	PUSH	0
   444 000001EB 68 00000080                     	PUSH	128
   445 000001F0 68 000000F0                     	PUSH	240
   446 000001F5 6A 1C                           	PUSH	28
   447 000001F7 6A 08                           	PUSH	8
   448 000001F9 FF B5 FFFFF9CC                  	PUSH	DWORD [-1588+EBP]
   449 000001FF E8 00000955                     	CALL	_make_textbox8
   450 00000204 83 C4 2C                        	ADD	ESP,44
   451 00000207 E8 [00000000]                   	CALL	_task_alloc
   452 0000020C 68 00010000                     	PUSH	65536
   453 00000211 68 003C0000                     	PUSH	3932160
   454 00000216 89 85 FFFFF9B0                  	MOV	DWORD [-1616+EBP],EAX
   455 0000021C E8 [00000000]                   	CALL	_memman_alloc_4k
   456 00000221 8B 95 FFFFF9CC                  	MOV	EDX,DWORD [-1588+EBP]
   457 00000227 8B 9D FFFFF9B0                  	MOV	EBX,DWORD [-1616+EBP]
   458 0000022D 05 0000FFF8                     	ADD	EAX,65528
   459 00000232 89 43 64                        	MOV	DWORD [100+EBX],EAX
   460 00000235 C7 43 4C [00000D49]             	MOV	DWORD [76+EBX],_console_task
   461 0000023C C7 43 74 00000008               	MOV	DWORD [116+EBX],8
   462 00000243 C7 43 78 00000010               	MOV	DWORD [120+EBX],16
   463 0000024A C7 43 7C 00000008               	MOV	DWORD [124+EBX],8
   464 00000251 C7 83 00000080 00000008         	MOV	DWORD [128+EBX],8
   465 0000025B C7 83 00000084 00000008         	MOV	DWORD [132+EBX],8
   466 00000265 C7 83 00000088 00000008         	MOV	DWORD [136+EBX],8
   467 0000026F 89 50 04                        	MOV	DWORD [4+EAX],EDX
   468 00000272 6A 02                           	PUSH	2
   469 00000274 6A 02                           	PUSH	2
   470 00000276 53                              	PUSH	EBX
   471 00000277 8D 9D FFFFFCD4                  	LEA	EBX,DWORD [-812+EBP]
   472 0000027D E8 [00000000]                   	CALL	_task_run
   473 00000282 56                              	PUSH	ESI
   474 00000283 E8 [00000000]                   	CALL	_sheet_alloc
   475 00000288 68 00002080                     	PUSH	8320
   476 0000028D 68 003C0000                     	PUSH	3932160
   477 00000292 89 C7                           	MOV	EDI,EAX
   478 00000294 E8 [00000000]                   	CALL	_memman_alloc_4k
   479 00000299 83 C4 20                        	ADD	ESP,32
   480 0000029C 6A FF                           	PUSH	-1
   481 0000029E 89 85 FFFFF9C8                  	MOV	DWORD [-1592+EBP],EAX
   482 000002A4 6A 34                           	PUSH	52
   483 000002A6 68 00000090                     	PUSH	144
   484 000002AB 50                              	PUSH	EAX
   485 000002AC 57                              	PUSH	EDI
   486 000002AD E8 [00000000]                   	CALL	_sheet_setbuf
   487 000002B2 6A 01                           	PUSH	1
   488 000002B4 68 [00000108]                   	PUSH	LC1
   489 000002B9 6A 34                           	PUSH	52
   490 000002BB 68 00000090                     	PUSH	144
   491 000002C0 FF B5 FFFFF9C8                  	PUSH	DWORD [-1592+EBP]
   492 000002C6 E8 0000064F                     	CALL	_make_window8
   493 000002CB 83 C4 28                        	ADD	ESP,40
   494 000002CE 6A 07                           	PUSH	7
   495 000002D0 6A 10                           	PUSH	16
   496 000002D2 68 00000080                     	PUSH	128
   497 000002D7 6A 1C                           	PUSH	28
   498 000002D9 6A 08                           	PUSH	8
   499 000002DB 57                              	PUSH	EDI
   500 000002DC E8 00000878                     	CALL	_make_textbox8
   501 000002E1 C7 85 FFFFF9BC 00000008         	MOV	DWORD [-1604+EBP],8
   502 000002EB C7 85 FFFFF9B8 00000007         	MOV	DWORD [-1608+EBP],7
   503 000002F5 E8 [00000000]                   	CALL	_timer_alloc
   504 000002FA 6A 01                           	PUSH	1
   505 000002FC 53                              	PUSH	EBX
   506 000002FD 8D 9D FFFFFCF4                  	LEA	EBX,DWORD [-780+EBP]
   507 00000303 50                              	PUSH	EAX
   508 00000304 89 85 FFFFF9C0                  	MOV	DWORD [-1600+EBP],EAX
   509 0000030A E8 [00000000]                   	CALL	_timer_init
   510 0000030F 83 C4 24                        	ADD	ESP,36
   511 00000312 6A 32                           	PUSH	50
   512 00000314 FF B5 FFFFF9C0                  	PUSH	DWORD [-1600+EBP]
   513 0000031A E8 [00000000]                   	CALL	_timer_settime
   514 0000031F 56                              	PUSH	ESI
   515 00000320 E8 [00000000]                   	CALL	_sheet_alloc
   516 00000325 6A 63                           	PUSH	99
   517 00000327 6A 10                           	PUSH	16
   518 00000329 6A 10                           	PUSH	16
   519 0000032B 89 85 FFFFF9D0                  	MOV	DWORD [-1584+EBP],EAX
   520 00000331 53                              	PUSH	EBX
   521 00000332 50                              	PUSH	EAX
   522 00000333 E8 [00000000]                   	CALL	_sheet_setbuf
   523 00000338 83 C4 20                        	ADD	ESP,32
   524 0000033B 6A 63                           	PUSH	99
   525 0000033D 53                              	PUSH	EBX
   526 0000033E BB 00000002                     	MOV	EBX,2
   527 00000343 E8 [00000000]                   	CALL	_init_mouse_cursor8
   528 00000348 0F BF 05 00000FF4               	MOVSX	EAX,WORD [4084]
   529 0000034F 8D 48 F0                        	LEA	ECX,DWORD [-16+EAX]
   530 00000352 89 C8                           	MOV	EAX,ECX
   531 00000354 99                              	CDQ
   532 00000355 F7 FB                           	IDIV	EBX
   533 00000357 89 85 FFFFF9E0                  	MOV	DWORD [-1568+EBP],EAX
   534 0000035D 0F BF 05 00000FF6               	MOVSX	EAX,WORD [4086]
   535 00000364 6A 00                           	PUSH	0
   536 00000366 8D 48 D4                        	LEA	ECX,DWORD [-44+EAX]
   537 00000369 6A 00                           	PUSH	0
   538 0000036B 89 C8                           	MOV	EAX,ECX
   539 0000036D 99                              	CDQ
   540 0000036E F7 FB                           	IDIV	EBX
   541 00000370 FF B5 FFFFF9D4                  	PUSH	DWORD [-1580+EBP]
   542 00000376 89 85 FFFFF9DC                  	MOV	DWORD [-1572+EBP],EAX
   543 0000037C 8D 5D C4                        	LEA	EBX,DWORD [-60+EBP]
   544 0000037F E8 [00000000]                   	CALL	_sheet_slide
   545 00000384 6A 04                           	PUSH	4
   546 00000386 6A 20                           	PUSH	32
   547 00000388 FF B5 FFFFF9CC                  	PUSH	DWORD [-1588+EBP]
   548 0000038E E8 [00000000]                   	CALL	_sheet_slide
   549 00000393 83 C4 20                        	ADD	ESP,32
   550 00000396 6A 38                           	PUSH	56
   551 00000398 6A 40                           	PUSH	64
   552 0000039A 57                              	PUSH	EDI
   553 0000039B E8 [00000000]                   	CALL	_sheet_slide
   554 000003A0 FF B5 FFFFF9DC                  	PUSH	DWORD [-1572+EBP]
   555 000003A6 FF B5 FFFFF9E0                  	PUSH	DWORD [-1568+EBP]
   556 000003AC FF B5 FFFFF9D0                  	PUSH	DWORD [-1584+EBP]
   557 000003B2 E8 [00000000]                   	CALL	_sheet_slide
   558 000003B7 6A 00                           	PUSH	0
   559 000003B9 FF B5 FFFFF9D4                  	PUSH	DWORD [-1580+EBP]
   560 000003BF E8 [00000000]                   	CALL	_sheet_updown
   561 000003C4 83 C4 20                        	ADD	ESP,32
   562 000003C7 6A 01                           	PUSH	1
   563 000003C9 FF B5 FFFFF9CC                  	PUSH	DWORD [-1588+EBP]
   564 000003CF E8 [00000000]                   	CALL	_sheet_updown
   565 000003D4 6A 02                           	PUSH	2
   566 000003D6 57                              	PUSH	EDI
   567 000003D7 E8 [00000000]                   	CALL	_sheet_updown
   568 000003DC 6A 03                           	PUSH	3
   569 000003DE FF B5 FFFFF9D0                  	PUSH	DWORD [-1584+EBP]
   570 000003E4 E8 [00000000]                   	CALL	_sheet_updown
   571 000003E9 FF B5 FFFFF9DC                  	PUSH	DWORD [-1572+EBP]
   572 000003EF FF B5 FFFFF9E0                  	PUSH	DWORD [-1568+EBP]
   573 000003F5 68 [0000010F]                   	PUSH	LC2
   574 000003FA 53                              	PUSH	EBX
   575 000003FB E8 [00000000]                   	CALL	_sprintf
   576 00000400 83 C4 28                        	ADD	ESP,40
   577 00000403 6A 0A                           	PUSH	10
   578 00000405 53                              	PUSH	EBX
   579 00000406 6A 0E                           	PUSH	14
   580 00000408 6A 07                           	PUSH	7
   581 0000040A 6A 00                           	PUSH	0
   582 0000040C 6A 00                           	PUSH	0
   583 0000040E FF B5 FFFFF9D4                  	PUSH	DWORD [-1580+EBP]
   584 00000414 E8 000006B9                     	CALL	_putfonts8_asc_sht
   585 00000419 68 003C0000                     	PUSH	3932160
   586 0000041E E8 [00000000]                   	CALL	_memman_total
   587 00000423 C1 AD FFFFF9D8 14               	SHR	DWORD [-1576+EBP],20
   588 0000042A C1 E8 0A                        	SHR	EAX,10
   589 0000042D 89 04 24                        	MOV	DWORD [ESP],EAX
   590 00000430 FF B5 FFFFF9D8                  	PUSH	DWORD [-1576+EBP]
   591 00000436 68 [0000011A]                   	PUSH	LC3
   592 0000043B 53                              	PUSH	EBX
   593 0000043C E8 [00000000]                   	CALL	_sprintf
   594 00000441 83 C4 2C                        	ADD	ESP,44
   595 00000444 6A 28                           	PUSH	40
   596 00000446 53                              	PUSH	EBX
   597 00000447 6A 0E                           	PUSH	14
   598 00000449 6A 07                           	PUSH	7
   599 0000044B 6A 20                           	PUSH	32
   600 0000044D 6A 00                           	PUSH	0
   601 0000044F FF B5 FFFFF9D4                  	PUSH	DWORD [-1580+EBP]
   602 00000455 E8 00000678                     	CALL	_putfonts8_asc_sht
   603 0000045A 83 C4 1C                        	ADD	ESP,28
   604 0000045D                                 L2:
   605 0000045D 8D 9D FFFFFCD4                  	LEA	EBX,DWORD [-812+EBP]
   606 00000463 E8 [00000000]                   	CALL	_io_cli
   607 00000468 53                              	PUSH	EBX
   608 00000469 E8 [00000000]                   	CALL	_fifo32_status
   609 0000046E 5E                              	POP	ESI
   610 0000046F 85 C0                           	TEST	EAX,EAX
   611 00000471 0F 84 0000048D                  	JE	L45
   612 00000477 53                              	PUSH	EBX
   613 00000478 E8 [00000000]                   	CALL	_fifo32_get
   614 0000047D 89 C6                           	MOV	ESI,EAX
   615 0000047F E8 [00000000]                   	CALL	_io_sti
   616 00000484 59                              	POP	ECX
   617 00000485 8D 86 FFFFFF00                  	LEA	EAX,DWORD [-256+ESI]
   618 0000048B 3D 000000FF                     	CMP	EAX,255
   619 00000490 0F 86 0000020D                  	JBE	L46
   620 00000496 8D 86 FFFFFE00                  	LEA	EAX,DWORD [-512+ESI]
   621 0000049C 3D 000000FF                     	CMP	EAX,255
   622 000004A1 0F 86 00000094                  	JBE	L47
   623 000004A7 83 FE 01                        	CMP	ESI,1
   624 000004AA 7F B1                           	JG	L2
   625 000004AC 85 F6                           	TEST	ESI,ESI
   626 000004AE 74 71                           	JE	L40
   627 000004B0 6A 00                           	PUSH	0
   628 000004B2 53                              	PUSH	EBX
   629 000004B3 FF B5 FFFFF9C0                  	PUSH	DWORD [-1600+EBP]
   630 000004B9 E8 [00000000]                   	CALL	_timer_init
   631 000004BE C7 85 FFFFF9B8 00000000         	MOV	DWORD [-1608+EBP],0
   632 000004C8                                 L44:
   633 000004C8 83 C4 0C                        	ADD	ESP,12
   634 000004CB 6A 32                           	PUSH	50
   635 000004CD FF B5 FFFFF9C0                  	PUSH	DWORD [-1600+EBP]
   636 000004D3 E8 [00000000]                   	CALL	_timer_settime
   637 000004D8 8B 85 FFFFF9BC                  	MOV	EAX,DWORD [-1604+EBP]
   638 000004DE 6A 2B                           	PUSH	43
   639 000004E0 83 C0 07                        	ADD	EAX,7
   640 000004E3 50                              	PUSH	EAX
   641 000004E4 6A 1C                           	PUSH	28
   642 000004E6 FF B5 FFFFF9BC                  	PUSH	DWORD [-1604+EBP]
   643 000004EC FF B5 FFFFF9B8                  	PUSH	DWORD [-1608+EBP]
   644 000004F2 FF 77 04                        	PUSH	DWORD [4+EDI]
   645 000004F5 FF 37                           	PUSH	DWORD [EDI]
   646 000004F7 E8 [00000000]                   	CALL	_boxfill8
   647 000004FC 8B 85 FFFFF9BC                  	MOV	EAX,DWORD [-1604+EBP]
   648 00000502 83 C4 24                        	ADD	ESP,36
   649 00000505 83 C0 08                        	ADD	EAX,8
   650 00000508 6A 2C                           	PUSH	44
   651 0000050A 50                              	PUSH	EAX
   652 0000050B 6A 1C                           	PUSH	28
   653 0000050D FF B5 FFFFF9BC                  	PUSH	DWORD [-1604+EBP]
   654 00000513 57                              	PUSH	EDI
   655 00000514 E8 [00000000]                   	CALL	_sheet_refresh
   656 00000519 83 C4 14                        	ADD	ESP,20
   657 0000051C E9 FFFFFF3C                     	JMP	L2
   658 00000521                                 L40:
   659 00000521 6A 01                           	PUSH	1
   660 00000523 53                              	PUSH	EBX
   661 00000524 FF B5 FFFFF9C0                  	PUSH	DWORD [-1600+EBP]
   662 0000052A E8 [00000000]                   	CALL	_timer_init
   663 0000052F C7 85 FFFFF9B8 00000007         	MOV	DWORD [-1608+EBP],7
   664 00000539 EB 8D                           	JMP	L44
   665 0000053B                                 L47:
   666 0000053B 89 F3                           	MOV	EBX,ESI
   667 0000053D 0F B6 C3                        	MOVZX	EAX,BL
   668 00000540 50                              	PUSH	EAX
   669 00000541 8D 85 FFFFFE04                  	LEA	EAX,DWORD [-508+EBP]
   670 00000547 50                              	PUSH	EAX
   671 00000548 E8 [00000000]                   	CALL	_mouse_decode
   672 0000054D 5A                              	POP	EDX
   673 0000054E 59                              	POP	ECX
   674 0000054F 85 C0                           	TEST	EAX,EAX
   675 00000551 0F 84 FFFFFF06                  	JE	L2
   676 00000557 FF B5 FFFFFE0C                  	PUSH	DWORD [-500+EBP]
   677 0000055D FF B5 FFFFFE08                  	PUSH	DWORD [-504+EBP]
   678 00000563 68 [00000134]                   	PUSH	LC8
   679 00000568 8D 5D C4                        	LEA	EBX,DWORD [-60+EBP]
   680 0000056B 53                              	PUSH	EBX
   681 0000056C E8 [00000000]                   	CALL	_sprintf
   682 00000571 83 C4 10                        	ADD	ESP,16
   683 00000574 8B 85 FFFFFE10                  	MOV	EAX,DWORD [-496+EBP]
   684 0000057A A9 00000001                     	TEST	EAX,1
   685 0000057F 74 04                           	JE	L30
   686 00000581 C6 45 C5 4C                     	MOV	BYTE [-59+EBP],76
   687 00000585                                 L30:
   688 00000585 A9 00000002                     	TEST	EAX,2
   689 0000058A 74 04                           	JE	L31
   690 0000058C C6 45 C7 52                     	MOV	BYTE [-57+EBP],82
   691 00000590                                 L31:
   692 00000590 83 E0 04                        	AND	EAX,4
   693 00000593 74 04                           	JE	L32
   694 00000595 C6 45 C6 43                     	MOV	BYTE [-58+EBP],67
   695 00000599                                 L32:
   696 00000599 6A 0F                           	PUSH	15
   697 0000059B 53                              	PUSH	EBX
   698 0000059C 6A 0E                           	PUSH	14
   699 0000059E 6A 07                           	PUSH	7
   700 000005A0 6A 10                           	PUSH	16
   701 000005A2 6A 20                           	PUSH	32
   702 000005A4 FF B5 FFFFF9D4                  	PUSH	DWORD [-1580+EBP]
   703 000005AA E8 00000523                     	CALL	_putfonts8_asc_sht
   704 000005AF 8B 95 FFFFFE08                  	MOV	EDX,DWORD [-504+EBP]
   705 000005B5 8B 85 FFFFFE0C                  	MOV	EAX,DWORD [-500+EBP]
   706 000005BB 83 C4 1C                        	ADD	ESP,28
   707 000005BE 01 85 FFFFF9DC                  	ADD	DWORD [-1572+EBP],EAX
   708 000005C4 01 95 FFFFF9E0                  	ADD	DWORD [-1568+EBP],EDX
   709 000005CA 0F 88 000000C4                  	JS	L48
   710 000005D0                                 L33:
   711 000005D0 83 BD FFFFF9DC 00               	CMP	DWORD [-1572+EBP],0
   712 000005D7 0F 88 000000A8                  	JS	L49
   713 000005DD                                 L34:
   714 000005DD 0F BF 05 00000FF4               	MOVSX	EAX,WORD [4084]
   715 000005E4 48                              	DEC	EAX
   716 000005E5 39 85 FFFFF9E0                  	CMP	DWORD [-1568+EBP],EAX
   717 000005EB 7E 06                           	JLE	L35
   718 000005ED 89 85 FFFFF9E0                  	MOV	DWORD [-1568+EBP],EAX
   719 000005F3                                 L35:
   720 000005F3 0F BF 05 00000FF6               	MOVSX	EAX,WORD [4086]
   721 000005FA 48                              	DEC	EAX
   722 000005FB 39 85 FFFFF9DC                  	CMP	DWORD [-1572+EBP],EAX
   723 00000601 7E 06                           	JLE	L36
   724 00000603 89 85 FFFFF9DC                  	MOV	DWORD [-1572+EBP],EAX
   725 00000609                                 L36:
   726 00000609 FF B5 FFFFF9DC                  	PUSH	DWORD [-1572+EBP]
   727 0000060F FF B5 FFFFF9E0                  	PUSH	DWORD [-1568+EBP]
   728 00000615 68 [0000010F]                   	PUSH	LC2
   729 0000061A 53                              	PUSH	EBX
   730 0000061B E8 [00000000]                   	CALL	_sprintf
   731 00000620 6A 0A                           	PUSH	10
   732 00000622 53                              	PUSH	EBX
   733 00000623 6A 0E                           	PUSH	14
   734 00000625 6A 07                           	PUSH	7
   735 00000627 6A 00                           	PUSH	0
   736 00000629 6A 00                           	PUSH	0
   737 0000062B FF B5 FFFFF9D4                  	PUSH	DWORD [-1580+EBP]
   738 00000631 E8 0000049C                     	CALL	_putfonts8_asc_sht
   739 00000636 83 C4 2C                        	ADD	ESP,44
   740 00000639 FF B5 FFFFF9DC                  	PUSH	DWORD [-1572+EBP]
   741 0000063F FF B5 FFFFF9E0                  	PUSH	DWORD [-1568+EBP]
   742 00000645 FF B5 FFFFF9D0                  	PUSH	DWORD [-1584+EBP]
   743 0000064B E8 [00000000]                   	CALL	_sheet_slide
   744 00000650 83 C4 0C                        	ADD	ESP,12
   745 00000653 F7 85 FFFFFE10 00000001         	TEST	DWORD [-496+EBP],1
   746 0000065D 0F 84 FFFFFDFA                  	JE	L2
   747 00000663 8B 85 FFFFF9DC                  	MOV	EAX,DWORD [-1572+EBP]
   748 00000669 83 E8 50                        	SUB	EAX,80
   749 0000066C 50                              	PUSH	EAX
   750 0000066D 8B 85 FFFFF9E0                  	MOV	EAX,DWORD [-1568+EBP]
   751 00000673 83 E8 50                        	SUB	EAX,80
   752 00000676 50                              	PUSH	EAX
   753 00000677 57                              	PUSH	EDI
   754 00000678 E8 [00000000]                   	CALL	_sheet_slide
   755 0000067D 83 C4 0C                        	ADD	ESP,12
   756 00000680 E9 FFFFFDD8                     	JMP	L2
   757 00000685                                 L49:
   758 00000685 C7 85 FFFFF9DC 00000000         	MOV	DWORD [-1572+EBP],0
   759 0000068F E9 FFFFFF49                     	JMP	L34
   760 00000694                                 L48:
   761 00000694 C7 85 FFFFF9E0 00000000         	MOV	DWORD [-1568+EBP],0
   762 0000069E E9 FFFFFF2D                     	JMP	L33
   763 000006A3                                 L46:
   764 000006A3 50                              	PUSH	EAX
   765 000006A4 8D 5D C4                        	LEA	EBX,DWORD [-60+EBP]
   766 000006A7 68 [00000142]                   	PUSH	LC4
   767 000006AC 53                              	PUSH	EBX
   768 000006AD E8 [00000000]                   	CALL	_sprintf
   769 000006B2 6A 02                           	PUSH	2
   770 000006B4 53                              	PUSH	EBX
   771 000006B5 6A 0E                           	PUSH	14
   772 000006B7 6A 07                           	PUSH	7
   773 000006B9 6A 10                           	PUSH	16
   774 000006BB 6A 00                           	PUSH	0
   775 000006BD FF B5 FFFFF9D4                  	PUSH	DWORD [-1580+EBP]
   776 000006C3 E8 0000040A                     	CALL	_putfonts8_asc_sht
   777 000006C8 83 C4 28                        	ADD	ESP,40
   778 000006CB 81 FE 0000017F                  	CMP	ESI,383
   779 000006D1 0F 8F 00000224                  	JG	L8
   780 000006D7 83 BD FFFFF9A8 00               	CMP	DWORD [-1624+EBP],0
   781 000006DE 0F 85 0000020C                  	JNE	L9
   782 000006E4 8A 86 [FFFFFF00]                	MOV	AL,BYTE [_keytable0.0-256+ESI]
   783 000006EA                                 L42:
   784 000006EA 88 45 C4                        	MOV	BYTE [-60+EBP],AL
   785 000006ED                                 L11:
   786 000006ED 8A 45 C4                        	MOV	AL,BYTE [-60+EBP]
   787 000006F0 84 C0                           	TEST	AL,AL
   788 000006F2 74 3C                           	JE	L12
   789 000006F4 83 BD FFFFF9AC 00               	CMP	DWORD [-1620+EBP],0
   790 000006FB 0F 85 000001D0                  	JNE	L13
   791 00000701 83 BD FFFFF9BC 7F               	CMP	DWORD [-1604+EBP],127
   792 00000708 7F 26                           	JG	L12
   793 0000070A 6A 01                           	PUSH	1
   794 0000070C 8D 45 C4                        	LEA	EAX,DWORD [-60+EBP]
   795 0000070F 50                              	PUSH	EAX
   796 00000710 6A 07                           	PUSH	7
   797 00000712 6A 00                           	PUSH	0
   798 00000714 6A 1C                           	PUSH	28
   799 00000716 FF B5 FFFFF9BC                  	PUSH	DWORD [-1604+EBP]
   800 0000071C 57                              	PUSH	EDI
   801 0000071D C6 45 C5 00                     	MOV	BYTE [-59+EBP],0
   802 00000721 E8 000003AC                     	CALL	_putfonts8_asc_sht
   803 00000726 83 C4 1C                        	ADD	ESP,28
   804 00000729 83 85 FFFFF9BC 08               	ADD	DWORD [-1604+EBP],8
   805 00000730                                 L12:
   806 00000730 81 FE 0000010E                  	CMP	ESI,270
   807 00000736 0F 84 0000013C                  	JE	L50
   808 0000073C                                 L16:
   809 0000073C 81 FE 0000010F                  	CMP	ESI,271
   810 00000742 0F 84 0000008D                  	JE	L51
   811 00000748                                 L20:
   812 00000748 81 FE 0000012A                  	CMP	ESI,298
   813 0000074E 74 79                           	JE	L52
   814 00000750                                 L23:
   815 00000750 81 FE 00000136                  	CMP	ESI,310
   816 00000756 74 68                           	JE	L53
   817 00000758                                 L24:
   818 00000758 81 FE 000001AA                  	CMP	ESI,426
   819 0000075E 74 57                           	JE	L54
   820 00000760                                 L25:
   821 00000760 81 FE 000001B6                  	CMP	ESI,438
   822 00000766 74 46                           	JE	L55
   823 00000768                                 L26:
   824 00000768 8B 85 FFFFF9BC                  	MOV	EAX,DWORD [-1604+EBP]
   825 0000076E 6A 2B                           	PUSH	43
   826 00000770 83 C0 07                        	ADD	EAX,7
   827 00000773 50                              	PUSH	EAX
   828 00000774 6A 1C                           	PUSH	28
   829 00000776 FF B5 FFFFF9BC                  	PUSH	DWORD [-1604+EBP]
   830 0000077C FF B5 FFFFF9B8                  	PUSH	DWORD [-1608+EBP]
   831 00000782 FF 77 04                        	PUSH	DWORD [4+EDI]
   832 00000785 FF 37                           	PUSH	DWORD [EDI]
   833 00000787 E8 [00000000]                   	CALL	_boxfill8
   834 0000078C 8B 85 FFFFF9BC                  	MOV	EAX,DWORD [-1604+EBP]
   835 00000792 6A 2C                           	PUSH	44
   836 00000794 83 C0 08                        	ADD	EAX,8
   837 00000797 50                              	PUSH	EAX
   838 00000798 6A 1C                           	PUSH	28
   839 0000079A FF B5 FFFFF9BC                  	PUSH	DWORD [-1604+EBP]
   840 000007A0 57                              	PUSH	EDI
   841 000007A1 E8 [00000000]                   	CALL	_sheet_refresh
   842 000007A6 83 C4 30                        	ADD	ESP,48
   843 000007A9 E9 FFFFFCAF                     	JMP	L2
   844 000007AE                                 L55:
   845 000007AE 83 A5 FFFFF9A8 FD               	AND	DWORD [-1624+EBP],-3
   846 000007B5 EB B1                           	JMP	L26
   847 000007B7                                 L54:
   848 000007B7 83 A5 FFFFF9A8 FE               	AND	DWORD [-1624+EBP],-2
   849 000007BE EB A0                           	JMP	L25
   850 000007C0                                 L53:
   851 000007C0 83 8D FFFFF9A8 02               	OR	DWORD [-1624+EBP],2
   852 000007C7 EB 8F                           	JMP	L24
   853 000007C9                                 L52:
   854 000007C9 83 8D FFFFF9A8 01               	OR	DWORD [-1624+EBP],1
   855 000007D0 E9 FFFFFF7B                     	JMP	L23
   856 000007D5                                 L51:
   857 000007D5 83 BD FFFFF9AC 00               	CMP	DWORD [-1620+EBP],0
   858 000007DC 75 69                           	JNE	L21
   859 000007DE 6A 00                           	PUSH	0
   860 000007E0 68 [00000147]                   	PUSH	LC6
   861 000007E5 FF 77 04                        	PUSH	DWORD [4+EDI]
   862 000007E8 FF B5 FFFFF9C8                  	PUSH	DWORD [-1592+EBP]
   863 000007EE C7 85 FFFFF9AC 00000001         	MOV	DWORD [-1620+EBP],1
   864 000007F8 E8 00000224                     	CALL	_make_window_title
   865 000007FD 8B 9D FFFFF9CC                  	MOV	EBX,DWORD [-1588+EBP]
   866 00000803 6A 01                           	PUSH	1
   867 00000805 68 [0000014E]                   	PUSH	LC7
   868 0000080A FF 73 04                        	PUSH	DWORD [4+EBX]
   869 0000080D                                 L43:
   870 0000080D FF B5 FFFFF9C4                  	PUSH	DWORD [-1596+EBP]
   871 00000813 E8 00000209                     	CALL	_make_window_title
   872 00000818 83 C4 20                        	ADD	ESP,32
   873 0000081B 6A 15                           	PUSH	21
   874 0000081D FF 77 04                        	PUSH	DWORD [4+EDI]
   875 00000820 6A 00                           	PUSH	0
   876 00000822 6A 00                           	PUSH	0
   877 00000824 57                              	PUSH	EDI
   878 00000825 E8 [00000000]                   	CALL	_sheet_refresh
   879 0000082A 8B 95 FFFFF9CC                  	MOV	EDX,DWORD [-1588+EBP]
   880 00000830 6A 15                           	PUSH	21
   881 00000832 FF 72 04                        	PUSH	DWORD [4+EDX]
   882 00000835 6A 00                           	PUSH	0
   883 00000837 6A 00                           	PUSH	0
   884 00000839 52                              	PUSH	EDX
   885 0000083A E8 [00000000]                   	CALL	_sheet_refresh
   886 0000083F 83 C4 28                        	ADD	ESP,40
   887 00000842 E9 FFFFFF01                     	JMP	L20
   888 00000847                                 L21:
   889 00000847 6A 01                           	PUSH	1
   890 00000849 68 [00000147]                   	PUSH	LC6
   891 0000084E FF 77 04                        	PUSH	DWORD [4+EDI]
   892 00000851 FF B5 FFFFF9C8                  	PUSH	DWORD [-1592+EBP]
   893 00000857 C7 85 FFFFF9AC 00000000         	MOV	DWORD [-1620+EBP],0
   894 00000861 E8 000001BB                     	CALL	_make_window_title
   895 00000866 8B 85 FFFFF9CC                  	MOV	EAX,DWORD [-1588+EBP]
   896 0000086C 6A 00                           	PUSH	0
   897 0000086E 68 [0000014E]                   	PUSH	LC7
   898 00000873 FF 70 04                        	PUSH	DWORD [4+EAX]
   899 00000876 EB 95                           	JMP	L43
   900 00000878                                 L50:
   901 00000878 83 BD FFFFF9AC 00               	CMP	DWORD [-1620+EBP],0
   902 0000087F 75 35                           	JNE	L17
   903 00000881 83 BD FFFFF9BC 08               	CMP	DWORD [-1604+EBP],8
   904 00000888 0F 8E FFFFFEAE                  	JLE	L16
   905 0000088E 6A 01                           	PUSH	1
   906 00000890 68 [00000156]                   	PUSH	LC5
   907 00000895 6A 07                           	PUSH	7
   908 00000897 6A 00                           	PUSH	0
   909 00000899 6A 1C                           	PUSH	28
   910 0000089B FF B5 FFFFF9BC                  	PUSH	DWORD [-1604+EBP]
   911 000008A1 57                              	PUSH	EDI
   912 000008A2 E8 0000022B                     	CALL	_putfonts8_asc_sht
   913 000008A7 83 C4 1C                        	ADD	ESP,28
   914 000008AA 83 AD FFFFF9BC 08               	SUB	DWORD [-1604+EBP],8
   915 000008B1 E9 FFFFFE86                     	JMP	L16
   916 000008B6                                 L17:
   917 000008B6 8B 85 FFFFF9B0                  	MOV	EAX,DWORD [-1616+EBP]
   918 000008BC 68 00000108                     	PUSH	264
   919 000008C1 83 C0 10                        	ADD	EAX,16
   920 000008C4 50                              	PUSH	EAX
   921 000008C5 E8 [00000000]                   	CALL	_fifo32_put
   922 000008CA 5B                              	POP	EBX
   923 000008CB 58                              	POP	EAX
   924 000008CC E9 FFFFFE6B                     	JMP	L16
   925 000008D1                                 L13:
   926 000008D1 0F BE C0                        	MOVSX	EAX,AL
   927 000008D4 05 00000100                     	ADD	EAX,256
   928 000008D9 50                              	PUSH	EAX
   929 000008DA 8B 85 FFFFF9B0                  	MOV	EAX,DWORD [-1616+EBP]
   930 000008E0 83 C0 10                        	ADD	EAX,16
   931 000008E3 50                              	PUSH	EAX
   932 000008E4 E8 [00000000]                   	CALL	_fifo32_put
   933 000008E9 58                              	POP	EAX
   934 000008EA 5A                              	POP	EDX
   935 000008EB E9 FFFFFE40                     	JMP	L12
   936 000008F0                                 L9:
   937 000008F0 8A 86 [FFFFFF80]                	MOV	AL,BYTE [_keytable1.1-256+ESI]
   938 000008F6 E9 FFFFFDEF                     	JMP	L42
   939 000008FB                                 L8:
   940 000008FB C6 45 C4 00                     	MOV	BYTE [-60+EBP],0
   941 000008FF E9 FFFFFDE9                     	JMP	L11
   942 00000904                                 L45:
   943 00000904 FF B5 FFFFF9B4                  	PUSH	DWORD [-1612+EBP]
   944 0000090A E8 [00000000]                   	CALL	_task_sleep
   945 0000090F E8 [00000000]                   	CALL	_io_sti
   946 00000914 5B                              	POP	EBX
   947 00000915 E9 FFFFFB43                     	JMP	L2
   948 0000091A                                 	GLOBAL	_make_window8
   949 0000091A                                 _make_window8:
   950 0000091A 55                              	PUSH	EBP
   951 0000091B 89 E5                           	MOV	EBP,ESP
   952 0000091D 57                              	PUSH	EDI
   953 0000091E 56                              	PUSH	ESI
   954 0000091F 53                              	PUSH	EBX
   955 00000920 83 EC 18                        	SUB	ESP,24
   956 00000923 8B 45 10                        	MOV	EAX,DWORD [16+EBP]
   957 00000926 8B 5D 0C                        	MOV	EBX,DWORD [12+EBP]
   958 00000929 89 45 F0                        	MOV	DWORD [-16+EBP],EAX
   959 0000092C 8B 75 08                        	MOV	ESI,DWORD [8+EBP]
   960 0000092F 8B 45 14                        	MOV	EAX,DWORD [20+EBP]
   961 00000932 89 45 EC                        	MOV	DWORD [-20+EBP],EAX
   962 00000935 0F BE 45 18                     	MOVSX	EAX,BYTE [24+EBP]
   963 00000939 89 45 E8                        	MOV	DWORD [-24+EBP],EAX
   964 0000093C 8D 43 FF                        	LEA	EAX,DWORD [-1+EBX]
   965 0000093F 6A 00                           	PUSH	0
   966 00000941 89 45 E4                        	MOV	DWORD [-28+EBP],EAX
   967 00000944 50                              	PUSH	EAX
   968 00000945 6A 00                           	PUSH	0
   969 00000947 6A 00                           	PUSH	0
   970 00000949 6A 08                           	PUSH	8
   971 0000094B 53                              	PUSH	EBX
   972 0000094C 56                              	PUSH	ESI
   973 0000094D E8 [00000000]                   	CALL	_boxfill8
   974 00000952 8D 43 FE                        	LEA	EAX,DWORD [-2+EBX]
   975 00000955 6A 01                           	PUSH	1
   976 00000957 89 45 E0                        	MOV	DWORD [-32+EBP],EAX
   977 0000095A 50                              	PUSH	EAX
   978 0000095B 6A 01                           	PUSH	1
   979 0000095D 6A 01                           	PUSH	1
   980 0000095F 6A 07                           	PUSH	7
   981 00000961 53                              	PUSH	EBX
   982 00000962 56                              	PUSH	ESI
   983 00000963 E8 [00000000]                   	CALL	_boxfill8
   984 00000968 8B 45 F0                        	MOV	EAX,DWORD [-16+EBP]
   985 0000096B 83 C4 38                        	ADD	ESP,56
   986 0000096E 48                              	DEC	EAX
   987 0000096F 89 45 DC                        	MOV	DWORD [-36+EBP],EAX
   988 00000972 50                              	PUSH	EAX
   989 00000973 6A 00                           	PUSH	0
   990 00000975 6A 00                           	PUSH	0
   991 00000977 6A 00                           	PUSH	0
   992 00000979 6A 08                           	PUSH	8
   993 0000097B 53                              	PUSH	EBX
   994 0000097C 56                              	PUSH	ESI
   995 0000097D E8 [00000000]                   	CALL	_boxfill8
   996 00000982 8B 7D F0                        	MOV	EDI,DWORD [-16+EBP]
   997 00000985 83 EF 02                        	SUB	EDI,2
   998 00000988 57                              	PUSH	EDI
   999 00000989 6A 01                           	PUSH	1
  1000 0000098B 6A 01                           	PUSH	1
  1001 0000098D 6A 01                           	PUSH	1
  1002 0000098F 6A 07                           	PUSH	7
  1003 00000991 53                              	PUSH	EBX
  1004 00000992 56                              	PUSH	ESI
  1005 00000993 E8 [00000000]                   	CALL	_boxfill8
  1006 00000998 83 C4 38                        	ADD	ESP,56
  1007 0000099B 57                              	PUSH	EDI
  1008 0000099C FF 75 E0                        	PUSH	DWORD [-32+EBP]
  1009 0000099F 6A 01                           	PUSH	1
  1010 000009A1 FF 75 E0                        	PUSH	DWORD [-32+EBP]
  1011 000009A4 6A 0F                           	PUSH	15
  1012 000009A6 53                              	PUSH	EBX
  1013 000009A7 56                              	PUSH	ESI
  1014 000009A8 E8 [00000000]                   	CALL	_boxfill8
  1015 000009AD FF 75 DC                        	PUSH	DWORD [-36+EBP]
  1016 000009B0 FF 75 E4                        	PUSH	DWORD [-28+EBP]
  1017 000009B3 6A 00                           	PUSH	0
  1018 000009B5 FF 75 E4                        	PUSH	DWORD [-28+EBP]
  1019 000009B8 6A 00                           	PUSH	0
  1020 000009BA 53                              	PUSH	EBX
  1021 000009BB 56                              	PUSH	ESI
  1022 000009BC E8 [00000000]                   	CALL	_boxfill8
  1023 000009C1 8B 45 F0                        	MOV	EAX,DWORD [-16+EBP]
  1024 000009C4 83 C4 38                        	ADD	ESP,56
  1025 000009C7 83 E8 03                        	SUB	EAX,3
  1026 000009CA 50                              	PUSH	EAX
  1027 000009CB 8D 43 FD                        	LEA	EAX,DWORD [-3+EBX]
  1028 000009CE 50                              	PUSH	EAX
  1029 000009CF 6A 02                           	PUSH	2
  1030 000009D1 6A 02                           	PUSH	2
  1031 000009D3 6A 08                           	PUSH	8
  1032 000009D5 53                              	PUSH	EBX
  1033 000009D6 56                              	PUSH	ESI
  1034 000009D7 E8 [00000000]                   	CALL	_boxfill8
  1035 000009DC 57                              	PUSH	EDI
  1036 000009DD FF 75 E0                        	PUSH	DWORD [-32+EBP]
  1037 000009E0 57                              	PUSH	EDI
  1038 000009E1 6A 01                           	PUSH	1
  1039 000009E3 6A 0F                           	PUSH	15
  1040 000009E5 53                              	PUSH	EBX
  1041 000009E6 56                              	PUSH	ESI
  1042 000009E7 E8 [00000000]                   	CALL	_boxfill8
  1043 000009EC 83 C4 38                        	ADD	ESP,56
  1044 000009EF FF 75 DC                        	PUSH	DWORD [-36+EBP]
  1045 000009F2 FF 75 E4                        	PUSH	DWORD [-28+EBP]
  1046 000009F5 FF 75 DC                        	PUSH	DWORD [-36+EBP]
  1047 000009F8 6A 00                           	PUSH	0
  1048 000009FA 6A 00                           	PUSH	0
  1049 000009FC 53                              	PUSH	EBX
  1050 000009FD 56                              	PUSH	ESI
  1051 000009FE E8 [00000000]                   	CALL	_boxfill8
  1052 00000A03 89 75 08                        	MOV	DWORD [8+EBP],ESI
  1053 00000A06 8B 45 E8                        	MOV	EAX,DWORD [-24+EBP]
  1054 00000A09 89 5D 0C                        	MOV	DWORD [12+EBP],EBX
  1055 00000A0C 89 45 14                        	MOV	DWORD [20+EBP],EAX
  1056 00000A0F 83 C4 1C                        	ADD	ESP,28
  1057 00000A12 8B 45 EC                        	MOV	EAX,DWORD [-20+EBP]
  1058 00000A15 89 45 10                        	MOV	DWORD [16+EBP],EAX
  1059 00000A18 8D 65 F4                        	LEA	ESP,DWORD [-12+EBP]
  1060 00000A1B 5B                              	POP	EBX
  1061 00000A1C 5E                              	POP	ESI
  1062 00000A1D 5F                              	POP	EDI
  1063 00000A1E 5D                              	POP	EBP
  1064 00000A1F EB 00                           	JMP	_make_window_title
  1065                                          [SECTION .data]
  1066 00000158                                 _closebtn.2:
  1067 00000158 4F 4F 4F 4F 4F 4F 4F 4F 4F 4F   	DB	"OOOOOOOOOOOOOOO@"
       00000162 4F 4F 4F 4F 4F 40 
  1068 00000168 4F 51 51 51 51 51 51 51 51 51   	DB	"OQQQQQQQQQQQQQ$@"
       00000172 51 51 51 51 24 40 
  1069 00000178 4F 51 51 51 51 51 51 51 51 51   	DB	"OQQQQQQQQQQQQQ$@"
       00000182 51 51 51 51 24 40 
  1070 00000188 4F 51 51 51 40 40 51 51 51 51   	DB	"OQQQ@@QQQQ@@QQ$@"
       00000192 40 40 51 51 24 40 
  1071 00000198 4F 51 51 51 51 40 40 51 51 40   	DB	"OQQQQ@@QQ@@QQQ$@"
       000001A2 40 51 51 51 24 40 
  1072 000001A8 4F 51 51 51 51 51 40 40 40 40   	DB	"OQQQQQ@@@@QQQQ$@"
       000001B2 51 51 51 51 24 40 
  1073 000001B8 4F 51 51 51 51 51 51 40 40 51   	DB	"OQQQQQQ@@QQQQQ$@"
       000001C2 51 51 51 51 24 40 
  1074 000001C8 4F 51 51 51 51 51 40 40 40 40   	DB	"OQQQQQ@@@@QQQQ$@"
       000001D2 51 51 51 51 24 40 
  1075 000001D8 4F 51 51 51 51 40 40 51 51 40   	DB	"OQQQQ@@QQ@@QQQ$@"
       000001E2 40 51 51 51 24 40 
  1076 000001E8 4F 51 51 51 40 40 51 51 51 51   	DB	"OQQQ@@QQQQ@@QQ$@"
       000001F2 40 40 51 51 24 40 
  1077 000001F8 4F 51 51 51 51 51 51 51 51 51   	DB	"OQQQQQQQQQQQQQ$@"
       00000202 51 51 51 51 24 40 
  1078 00000208 4F 51 51 51 51 51 51 51 51 51   	DB	"OQQQQQQQQQQQQQ$@"
       00000212 51 51 51 51 24 40 
  1079 00000218 4F 24 24 24 24 24 24 24 24 24   	DB	"O$$$$$$$$$$$$$$@"
       00000222 24 24 24 24 24 40 
  1080 00000228 40 40 40 40 40 40 40 40 40 40   	DB	"@@@@@@@@@@@@@@@@"
       00000232 40 40 40 40 40 40 
  1081                                          [SECTION .text]
  1082 00000A21                                 	GLOBAL	_make_window_title
  1083 00000A21                                 _make_window_title:
  1084 00000A21 55                              	PUSH	EBP
  1085 00000A22 89 E5                           	MOV	EBP,ESP
  1086 00000A24 57                              	PUSH	EDI
  1087 00000A25 56                              	PUSH	ESI
  1088 00000A26 53                              	PUSH	EBX
  1089 00000A27 57                              	PUSH	EDI
  1090 00000A28 80 7D 14 00                     	CMP	BYTE [20+EBP],0
  1091 00000A2C 0F 84 00000097                  	JE	L58
  1092 00000A32 B3 07                           	MOV	BL,7
  1093 00000A34 B2 0C                           	MOV	DL,12
  1094 00000A36                                 L59:
  1095 00000A36 8B 45 0C                        	MOV	EAX,DWORD [12+EBP]
  1096 00000A39 6A 14                           	PUSH	20
  1097 00000A3B 83 E8 04                        	SUB	EAX,4
  1098 00000A3E 31 FF                           	XOR	EDI,EDI
  1099 00000A40 50                              	PUSH	EAX
  1100 00000A41 6A 03                           	PUSH	3
  1101 00000A43 6A 03                           	PUSH	3
  1102 00000A45 0F B6 C2                        	MOVZX	EAX,DL
  1103 00000A48 50                              	PUSH	EAX
  1104 00000A49 FF 75 0C                        	PUSH	DWORD [12+EBP]
  1105 00000A4C FF 75 08                        	PUSH	DWORD [8+EBP]
  1106 00000A4F E8 [00000000]                   	CALL	_boxfill8
  1107 00000A54 FF 75 10                        	PUSH	DWORD [16+EBP]
  1108 00000A57 0F BE C3                        	MOVSX	EAX,BL
  1109 00000A5A 50                              	PUSH	EAX
  1110 00000A5B 6A 04                           	PUSH	4
  1111 00000A5D 6A 18                           	PUSH	24
  1112 00000A5F FF 75 0C                        	PUSH	DWORD [12+EBP]
  1113 00000A62 FF 75 08                        	PUSH	DWORD [8+EBP]
  1114 00000A65 E8 [00000000]                   	CALL	_putfonts8_asc
  1115 00000A6A 83 C4 34                        	ADD	ESP,52
  1116 00000A6D 6B 5D 0C 05                     	IMUL	EBX,DWORD [12+EBP],5
  1117 00000A71 C7 45 F0 00000000               	MOV	DWORD [-16+EBP],0
  1118 00000A78                                 L75:
  1119 00000A78 8B 45 0C                        	MOV	EAX,DWORD [12+EBP]
  1120 00000A7B 8B 55 08                        	MOV	EDX,DWORD [8+EBP]
  1121 00000A7E 01 D8                           	ADD	EAX,EBX
  1122 00000A80 31 F6                           	XOR	ESI,ESI
  1123 00000A82 8D 4C 02 EB                     	LEA	ECX,DWORD [-21+EDX+EAX*1]
  1124 00000A86                                 L74:
  1125 00000A86 8A 94 3E [00000158]             	MOV	DL,BYTE [_closebtn.2+ESI+EDI*1]
  1126 00000A8D 80 FA 40                        	CMP	DL,64
  1127 00000A90 74 33                           	JE	L80
  1128 00000A92 80 FA 24                        	CMP	DL,36
  1129 00000A95 74 2A                           	JE	L81
  1130 00000A97 80 FA 51                        	CMP	DL,81
  1131 00000A9A B2 08                           	MOV	DL,8
  1132 00000A9C 0F 95 C0                        	SETNE	AL
  1133 00000A9F 28 C2                           	SUB	DL,AL
  1134 00000AA1                                 L69:
  1135 00000AA1 46                              	INC	ESI
  1136 00000AA2 88 11                           	MOV	BYTE [ECX],DL
  1137 00000AA4 41                              	INC	ECX
  1138 00000AA5 83 FE 0F                        	CMP	ESI,15
  1139 00000AA8 7E DC                           	JLE	L74
  1140 00000AAA FF 45 F0                        	INC	DWORD [-16+EBP]
  1141 00000AAD 83 C7 10                        	ADD	EDI,16
  1142 00000AB0 03 5D 0C                        	ADD	EBX,DWORD [12+EBP]
  1143 00000AB3 83 7D F0 0D                     	CMP	DWORD [-16+EBP],13
  1144 00000AB7 7E BF                           	JLE	L75
  1145 00000AB9 8D 65 F4                        	LEA	ESP,DWORD [-12+EBP]
  1146 00000ABC 5B                              	POP	EBX
  1147 00000ABD 5E                              	POP	ESI
  1148 00000ABE 5F                              	POP	EDI
  1149 00000ABF 5D                              	POP	EBP
  1150 00000AC0 C3                              	RET
  1151 00000AC1                                 L81:
  1152 00000AC1 B2 0F                           	MOV	DL,15
  1153 00000AC3 EB DC                           	JMP	L69
  1154 00000AC5                                 L80:
  1155 00000AC5 31 D2                           	XOR	EDX,EDX
  1156 00000AC7 EB D8                           	JMP	L69
  1157 00000AC9                                 L58:
  1158 00000AC9 B3 08                           	MOV	BL,8
  1159 00000ACB B2 0F                           	MOV	DL,15
  1160 00000ACD E9 FFFFFF64                     	JMP	L59
  1161 00000AD2                                 	GLOBAL	_putfonts8_asc_sht
  1162 00000AD2                                 _putfonts8_asc_sht:
  1163 00000AD2 55                              	PUSH	EBP
  1164 00000AD3 89 E5                           	MOV	EBP,ESP
  1165 00000AD5 57                              	PUSH	EDI
  1166 00000AD6 56                              	PUSH	ESI
  1167 00000AD7 53                              	PUSH	EBX
  1168 00000AD8 83 EC 0C                        	SUB	ESP,12
  1169 00000ADB 8B 45 08                        	MOV	EAX,DWORD [8+EBP]
  1170 00000ADE 8B 7D 10                        	MOV	EDI,DWORD [16+EBP]
  1171 00000AE1 89 45 F0                        	MOV	DWORD [-16+EBP],EAX
  1172 00000AE4 8B 5D 14                        	MOV	EBX,DWORD [20+EBP]
  1173 00000AE7 8B 45 0C                        	MOV	EAX,DWORD [12+EBP]
  1174 00000AEA 89 45 EC                        	MOV	DWORD [-20+EBP],EAX
  1175 00000AED 8B 45 1C                        	MOV	EAX,DWORD [28+EBP]
  1176 00000AF0 89 45 E8                        	MOV	DWORD [-24+EBP],EAX
  1177 00000AF3 8D 47 0F                        	LEA	EAX,DWORD [15+EDI]
  1178 00000AF6 50                              	PUSH	EAX
  1179 00000AF7 8B 45 EC                        	MOV	EAX,DWORD [-20+EBP]
  1180 00000AFA 8B 75 20                        	MOV	ESI,DWORD [32+EBP]
  1181 00000AFD 0F BE DB                        	MOVSX	EBX,BL
  1182 00000B00 8D 34 F0                        	LEA	ESI,DWORD [EAX+ESI*8]
  1183 00000B03 8D 46 FF                        	LEA	EAX,DWORD [-1+ESI]
  1184 00000B06 50                              	PUSH	EAX
  1185 00000B07 57                              	PUSH	EDI
  1186 00000B08 FF 75 EC                        	PUSH	DWORD [-20+EBP]
  1187 00000B0B 0F B6 45 18                     	MOVZX	EAX,BYTE [24+EBP]
  1188 00000B0F 50                              	PUSH	EAX
  1189 00000B10 8B 45 F0                        	MOV	EAX,DWORD [-16+EBP]
  1190 00000B13 FF 70 04                        	PUSH	DWORD [4+EAX]
  1191 00000B16 FF 30                           	PUSH	DWORD [EAX]
  1192 00000B18 E8 [00000000]                   	CALL	_boxfill8
  1193 00000B1D FF 75 E8                        	PUSH	DWORD [-24+EBP]
  1194 00000B20 53                              	PUSH	EBX
  1195 00000B21 57                              	PUSH	EDI
  1196 00000B22 FF 75 EC                        	PUSH	DWORD [-20+EBP]
  1197 00000B25 8B 45 F0                        	MOV	EAX,DWORD [-16+EBP]
  1198 00000B28 FF 70 04                        	PUSH	DWORD [4+EAX]
  1199 00000B2B FF 30                           	PUSH	DWORD [EAX]
  1200 00000B2D E8 [00000000]                   	CALL	_putfonts8_asc
  1201 00000B32 89 7D 10                        	MOV	DWORD [16+EBP],EDI
  1202 00000B35 8D 47 10                        	LEA	EAX,DWORD [16+EDI]
  1203 00000B38 89 75 14                        	MOV	DWORD [20+EBP],ESI
  1204 00000B3B 89 45 18                        	MOV	DWORD [24+EBP],EAX
  1205 00000B3E 83 C4 34                        	ADD	ESP,52
  1206 00000B41 8B 45 EC                        	MOV	EAX,DWORD [-20+EBP]
  1207 00000B44 89 45 0C                        	MOV	DWORD [12+EBP],EAX
  1208 00000B47 8B 45 F0                        	MOV	EAX,DWORD [-16+EBP]
  1209 00000B4A 89 45 08                        	MOV	DWORD [8+EBP],EAX
  1210 00000B4D 8D 65 F4                        	LEA	ESP,DWORD [-12+EBP]
  1211 00000B50 5B                              	POP	EBX
  1212 00000B51 5E                              	POP	ESI
  1213 00000B52 5F                              	POP	EDI
  1214 00000B53 5D                              	POP	EBP
  1215 00000B54 E9 [00000000]                   	JMP	_sheet_refresh
  1216 00000B59                                 	GLOBAL	_make_textbox8
  1217 00000B59                                 _make_textbox8:
  1218 00000B59 55                              	PUSH	EBP
  1219 00000B5A 89 E5                           	MOV	EBP,ESP
  1220 00000B5C 57                              	PUSH	EDI
  1221 00000B5D 56                              	PUSH	ESI
  1222 00000B5E 53                              	PUSH	EBX
  1223 00000B5F 83 EC 14                        	SUB	ESP,20
  1224 00000B62 8B 45 0C                        	MOV	EAX,DWORD [12+EBP]
  1225 00000B65 8B 75 10                        	MOV	ESI,DWORD [16+EBP]
  1226 00000B68 03 45 14                        	ADD	EAX,DWORD [20+EBP]
  1227 00000B6B 83 EE 03                        	SUB	ESI,3
  1228 00000B6E 56                              	PUSH	ESI
  1229 00000B6F 89 45 F0                        	MOV	DWORD [-16+EBP],EAX
  1230 00000B72 8B 45 10                        	MOV	EAX,DWORD [16+EBP]
  1231 00000B75 03 45 18                        	ADD	EAX,DWORD [24+EBP]
  1232 00000B78 89 45 EC                        	MOV	DWORD [-20+EBP],EAX
  1233 00000B7B 8B 45 F0                        	MOV	EAX,DWORD [-16+EBP]
  1234 00000B7E 40                              	INC	EAX
  1235 00000B7F 50                              	PUSH	EAX
  1236 00000B80 89 45 E8                        	MOV	DWORD [-24+EBP],EAX
  1237 00000B83 8B 45 0C                        	MOV	EAX,DWORD [12+EBP]
  1238 00000B86 56                              	PUSH	ESI
  1239 00000B87 83 E8 02                        	SUB	EAX,2
  1240 00000B8A 50                              	PUSH	EAX
  1241 00000B8B 89 45 E4                        	MOV	DWORD [-28+EBP],EAX
  1242 00000B8E 8B 45 08                        	MOV	EAX,DWORD [8+EBP]
  1243 00000B91 6A 0F                           	PUSH	15
  1244 00000B93 FF 70 04                        	PUSH	DWORD [4+EAX]
  1245 00000B96 FF 30                           	PUSH	DWORD [EAX]
  1246 00000B98 E8 [00000000]                   	CALL	_boxfill8
  1247 00000B9D 8B 7D 0C                        	MOV	EDI,DWORD [12+EBP]
  1248 00000BA0 8B 45 EC                        	MOV	EAX,DWORD [-20+EBP]
  1249 00000BA3 83 EF 03                        	SUB	EDI,3
  1250 00000BA6 40                              	INC	EAX
  1251 00000BA7 50                              	PUSH	EAX
  1252 00000BA8 89 45 E0                        	MOV	DWORD [-32+EBP],EAX
  1253 00000BAB 57                              	PUSH	EDI
  1254 00000BAC 8B 45 08                        	MOV	EAX,DWORD [8+EBP]
  1255 00000BAF 56                              	PUSH	ESI
  1256 00000BB0 57                              	PUSH	EDI
  1257 00000BB1 6A 0F                           	PUSH	15
  1258 00000BB3 FF 70 04                        	PUSH	DWORD [4+EAX]
  1259 00000BB6 FF 30                           	PUSH	DWORD [EAX]
  1260 00000BB8 E8 [00000000]                   	CALL	_boxfill8
  1261 00000BBD 8B 45 08                        	MOV	EAX,DWORD [8+EBP]
  1262 00000BC0 83 C4 38                        	ADD	ESP,56
  1263 00000BC3 8B 5D EC                        	MOV	EBX,DWORD [-20+EBP]
  1264 00000BC6 83 C3 02                        	ADD	EBX,2
  1265 00000BC9 53                              	PUSH	EBX
  1266 00000BCA FF 75 E8                        	PUSH	DWORD [-24+EBP]
  1267 00000BCD 53                              	PUSH	EBX
  1268 00000BCE 57                              	PUSH	EDI
  1269 00000BCF 6A 07                           	PUSH	7
  1270 00000BD1 FF 70 04                        	PUSH	DWORD [4+EAX]
  1271 00000BD4 FF 30                           	PUSH	DWORD [EAX]
  1272 00000BD6 E8 [00000000]                   	CALL	_boxfill8
  1273 00000BDB 8B 45 F0                        	MOV	EAX,DWORD [-16+EBP]
  1274 00000BDE 53                              	PUSH	EBX
  1275 00000BDF 83 C0 02                        	ADD	EAX,2
  1276 00000BE2 50                              	PUSH	EAX
  1277 00000BE3 56                              	PUSH	ESI
  1278 00000BE4 50                              	PUSH	EAX
  1279 00000BE5 8B 45 08                        	MOV	EAX,DWORD [8+EBP]
  1280 00000BE8 6A 07                           	PUSH	7
  1281 00000BEA FF 70 04                        	PUSH	DWORD [4+EAX]
  1282 00000BED FF 30                           	PUSH	DWORD [EAX]
  1283 00000BEF E8 [00000000]                   	CALL	_boxfill8
  1284 00000BF4 8B 45 08                        	MOV	EAX,DWORD [8+EBP]
  1285 00000BF7 83 C4 38                        	ADD	ESP,56
  1286 00000BFA 8B 5D 10                        	MOV	EBX,DWORD [16+EBP]
  1287 00000BFD 83 EB 02                        	SUB	EBX,2
  1288 00000C00 8B 7D 0C                        	MOV	EDI,DWORD [12+EBP]
  1289 00000C03 53                              	PUSH	EBX
  1290 00000C04 4F                              	DEC	EDI
  1291 00000C05 FF 75 F0                        	PUSH	DWORD [-16+EBP]
  1292 00000C08 53                              	PUSH	EBX
  1293 00000C09 57                              	PUSH	EDI
  1294 00000C0A 6A 00                           	PUSH	0
  1295 00000C0C FF 70 04                        	PUSH	DWORD [4+EAX]
  1296 00000C0F FF 30                           	PUSH	DWORD [EAX]
  1297 00000C11 E8 [00000000]                   	CALL	_boxfill8
  1298 00000C16 8B 45 08                        	MOV	EAX,DWORD [8+EBP]
  1299 00000C19 FF 75 EC                        	PUSH	DWORD [-20+EBP]
  1300 00000C1C FF 75 E4                        	PUSH	DWORD [-28+EBP]
  1301 00000C1F 53                              	PUSH	EBX
  1302 00000C20 FF 75 E4                        	PUSH	DWORD [-28+EBP]
  1303 00000C23 6A 00                           	PUSH	0
  1304 00000C25 FF 70 04                        	PUSH	DWORD [4+EAX]
  1305 00000C28 FF 30                           	PUSH	DWORD [EAX]
  1306 00000C2A E8 [00000000]                   	CALL	_boxfill8
  1307 00000C2F 8B 45 08                        	MOV	EAX,DWORD [8+EBP]
  1308 00000C32 83 C4 38                        	ADD	ESP,56
  1309 00000C35 FF 75 E0                        	PUSH	DWORD [-32+EBP]
  1310 00000C38 FF 75 F0                        	PUSH	DWORD [-16+EBP]
  1311 00000C3B FF 75 E0                        	PUSH	DWORD [-32+EBP]
  1312 00000C3E FF 75 E4                        	PUSH	DWORD [-28+EBP]
  1313 00000C41 6A 08                           	PUSH	8
  1314 00000C43 FF 70 04                        	PUSH	DWORD [4+EAX]
  1315 00000C46 FF 30                           	PUSH	DWORD [EAX]
  1316 00000C48 E8 [00000000]                   	CALL	_boxfill8
  1317 00000C4D 8B 45 08                        	MOV	EAX,DWORD [8+EBP]
  1318 00000C50 FF 75 E0                        	PUSH	DWORD [-32+EBP]
  1319 00000C53 FF 75 E8                        	PUSH	DWORD [-24+EBP]
  1320 00000C56 53                              	PUSH	EBX
  1321 00000C57 FF 75 E8                        	PUSH	DWORD [-24+EBP]
  1322 00000C5A 6A 08                           	PUSH	8
  1323 00000C5C FF 70 04                        	PUSH	DWORD [4+EAX]
  1324 00000C5F FF 30                           	PUSH	DWORD [EAX]
  1325 00000C61 E8 [00000000]                   	CALL	_boxfill8
  1326 00000C66 8B 45 10                        	MOV	EAX,DWORD [16+EBP]
  1327 00000C69 83 C4 38                        	ADD	ESP,56
  1328 00000C6C 48                              	DEC	EAX
  1329 00000C6D FF 75 EC                        	PUSH	DWORD [-20+EBP]
  1330 00000C70 FF 75 F0                        	PUSH	DWORD [-16+EBP]
  1331 00000C73 50                              	PUSH	EAX
  1332 00000C74 57                              	PUSH	EDI
  1333 00000C75 0F B6 45 1C                     	MOVZX	EAX,BYTE [28+EBP]
  1334 00000C79 50                              	PUSH	EAX
  1335 00000C7A 8B 45 08                        	MOV	EAX,DWORD [8+EBP]
  1336 00000C7D FF 70 04                        	PUSH	DWORD [4+EAX]
  1337 00000C80 FF 30                           	PUSH	DWORD [EAX]
  1338 00000C82 E8 [00000000]                   	CALL	_boxfill8
  1339 00000C87 8D 65 F4                        	LEA	ESP,DWORD [-12+EBP]
  1340 00000C8A 5B                              	POP	EBX
  1341 00000C8B 5E                              	POP	ESI
  1342 00000C8C 5F                              	POP	EDI
  1343 00000C8D 5D                              	POP	EBP
  1344 00000C8E C3                              	RET
  1345                                          [SECTION .data]
  1346 00000238                                 LC9:
  1347 00000238 25 31 31 64 00                  	DB	"%11d",0x00
  1348                                          [SECTION .text]
  1349 00000C8F                                 	GLOBAL	_task_b_main
  1350 00000C8F                                 _task_b_main:
  1351 00000C8F 55                              	PUSH	EBP
  1352 00000C90 89 E5                           	MOV	EBP,ESP
  1353 00000C92 57                              	PUSH	EDI
  1354 00000C93 56                              	PUSH	ESI
  1355 00000C94 31 FF                           	XOR	EDI,EDI
  1356 00000C96 53                              	PUSH	EBX
  1357 00000C97 8D 85 FFFFFDD4                  	LEA	EAX,DWORD [-556+EBP]
  1358 00000C9D 81 EC 00000234                  	SUB	ESP,564
  1359 00000CA3 8D 5D D4                        	LEA	EBX,DWORD [-44+EBP]
  1360 00000CA6 C7 85 FFFFFDC0 00000000         	MOV	DWORD [-576+EBP],0
  1361 00000CB0 6A 00                           	PUSH	0
  1362 00000CB2 50                              	PUSH	EAX
  1363 00000CB3 68 00000080                     	PUSH	128
  1364 00000CB8 53                              	PUSH	EBX
  1365 00000CB9 E8 [00000000]                   	CALL	_fifo32_init
  1366 00000CBE E8 [00000000]                   	CALL	_timer_alloc
  1367 00000CC3 6A 64                           	PUSH	100
  1368 00000CC5 53                              	PUSH	EBX
  1369 00000CC6 89 C6                           	MOV	ESI,EAX
  1370 00000CC8 50                              	PUSH	EAX
  1371 00000CC9 E8 [00000000]                   	CALL	_timer_init
  1372 00000CCE 6A 64                           	PUSH	100
  1373 00000CD0 56                              	PUSH	ESI
  1374 00000CD1 E8 [00000000]                   	CALL	_timer_settime
  1375 00000CD6 83 C4 24                        	ADD	ESP,36
  1376 00000CD9                                 L85:
  1377 00000CD9 8D 5D D4                        	LEA	EBX,DWORD [-44+EBP]
  1378 00000CDC E8 [00000000]                   	CALL	_io_cli
  1379 00000CE1 53                              	PUSH	EBX
  1380 00000CE2 47                              	INC	EDI
  1381 00000CE3 E8 [00000000]                   	CALL	_fifo32_status
  1382 00000CE8 5A                              	POP	EDX
  1383 00000CE9 85 C0                           	TEST	EAX,EAX
  1384 00000CEB 74 55                           	JE	L91
  1385 00000CED 53                              	PUSH	EBX
  1386 00000CEE E8 [00000000]                   	CALL	_fifo32_get
  1387 00000CF3 89 C3                           	MOV	EBX,EAX
  1388 00000CF5 E8 [00000000]                   	CALL	_io_sti
  1389 00000CFA 59                              	POP	ECX
  1390 00000CFB 83 FB 64                        	CMP	EBX,100
  1391 00000CFE 75 D9                           	JNE	L85
  1392 00000D00 89 F8                           	MOV	EAX,EDI
  1393 00000D02 8D 9D FFFFFDC4                  	LEA	EBX,DWORD [-572+EBP]
  1394 00000D08 2B 85 FFFFFDC0                  	SUB	EAX,DWORD [-576+EBP]
  1395 00000D0E 50                              	PUSH	EAX
  1396 00000D0F 68 [00000238]                   	PUSH	LC9
  1397 00000D14 53                              	PUSH	EBX
  1398 00000D15 E8 [00000000]                   	CALL	_sprintf
  1399 00000D1A 6A 0B                           	PUSH	11
  1400 00000D1C 53                              	PUSH	EBX
  1401 00000D1D 6A 08                           	PUSH	8
  1402 00000D1F 6A 00                           	PUSH	0
  1403 00000D21 6A 1C                           	PUSH	28
  1404 00000D23 6A 18                           	PUSH	24
  1405 00000D25 FF 75 08                        	PUSH	DWORD [8+EBP]
  1406 00000D28 E8 FFFFFDA5                     	CALL	_putfonts8_asc_sht
  1407 00000D2D 83 C4 28                        	ADD	ESP,40
  1408 00000D30 89 BD FFFFFDC0                  	MOV	DWORD [-576+EBP],EDI
  1409 00000D36 6A 64                           	PUSH	100
  1410 00000D38 56                              	PUSH	ESI
  1411 00000D39 E8 [00000000]                   	CALL	_timer_settime
  1412 00000D3E 58                              	POP	EAX
  1413 00000D3F 5A                              	POP	EDX
  1414 00000D40 EB 97                           	JMP	L85
  1415 00000D42                                 L91:
  1416 00000D42 E8 [00000000]                   	CALL	_io_sti
  1417 00000D47 EB 90                           	JMP	L85
  1418                                          [SECTION .data]
  1419 0000023D                                 LC10:
  1420 0000023D 3E 00                           	DB	">",0x00
  1421                                          [SECTION .text]
  1422 00000D49                                 	GLOBAL	_console_task
  1423 00000D49                                 _console_task:
  1424 00000D49 55                              	PUSH	EBP
  1425 00000D4A 89 E5                           	MOV	EBP,ESP
  1426 00000D4C 57                              	PUSH	EDI
  1427 00000D4D 56                              	PUSH	ESI
  1428 00000D4E BF 00000010                     	MOV	EDI,16
  1429 00000D53 53                              	PUSH	EBX
  1430 00000D54 81 EC 00000210                  	SUB	ESP,528
  1431 00000D5A E8 [00000000]                   	CALL	_task_now
  1432 00000D5F C7 85 FFFFFDE4 00000000         	MOV	DWORD [-540+EBP],0
  1433 00000D69 50                              	PUSH	EAX
  1434 00000D6A 89 85 FFFFFDE8                  	MOV	DWORD [-536+EBP],EAX
  1435 00000D70 8D 85 FFFFFDF4                  	LEA	EAX,DWORD [-524+EBP]
  1436 00000D76 8B 9D FFFFFDE8                  	MOV	EBX,DWORD [-536+EBP]
  1437 00000D7C 50                              	PUSH	EAX
  1438 00000D7D 83 C3 10                        	ADD	EBX,16
  1439 00000D80 68 00000080                     	PUSH	128
  1440 00000D85 53                              	PUSH	EBX
  1441 00000D86 E8 [00000000]                   	CALL	_fifo32_init
  1442 00000D8B E8 [00000000]                   	CALL	_timer_alloc
  1443 00000D90 6A 01                           	PUSH	1
  1444 00000D92 53                              	PUSH	EBX
  1445 00000D93 50                              	PUSH	EAX
  1446 00000D94 89 85 FFFFFDEC                  	MOV	DWORD [-532+EBP],EAX
  1447 00000D9A E8 [00000000]                   	CALL	_timer_init
  1448 00000D9F 6A 32                           	PUSH	50
  1449 00000DA1 FF B5 FFFFFDEC                  	PUSH	DWORD [-532+EBP]
  1450 00000DA7 E8 [00000000]                   	CALL	_timer_settime
  1451 00000DAC 83 C4 24                        	ADD	ESP,36
  1452 00000DAF 6A 01                           	PUSH	1
  1453 00000DB1 68 [0000023D]                   	PUSH	LC10
  1454 00000DB6 6A 00                           	PUSH	0
  1455 00000DB8 6A 07                           	PUSH	7
  1456 00000DBA 6A 1C                           	PUSH	28
  1457 00000DBC 6A 08                           	PUSH	8
  1458 00000DBE FF 75 08                        	PUSH	DWORD [8+EBP]
  1459 00000DC1 E8 FFFFFD0C                     	CALL	_putfonts8_asc_sht
  1460 00000DC6 83 C4 1C                        	ADD	ESP,28
  1461 00000DC9                                 L106:
  1462 00000DC9 E8 [00000000]                   	CALL	_io_cli
  1463 00000DCE 8B 9D FFFFFDE8                  	MOV	EBX,DWORD [-536+EBP]
  1464 00000DD4 83 C3 10                        	ADD	EBX,16
  1465 00000DD7 53                              	PUSH	EBX
  1466 00000DD8 E8 [00000000]                   	CALL	_fifo32_status
  1467 00000DDD 5A                              	POP	EDX
  1468 00000DDE 85 C0                           	TEST	EAX,EAX
  1469 00000DE0 0F 84 00000103                  	JE	L109
  1470 00000DE6 53                              	PUSH	EBX
  1471 00000DE7 E8 [00000000]                   	CALL	_fifo32_get
  1472 00000DEC 89 C6                           	MOV	ESI,EAX
  1473 00000DEE E8 [00000000]                   	CALL	_io_sti
  1474 00000DF3 58                              	POP	EAX
  1475 00000DF4 83 FE 01                        	CMP	ESI,1
  1476 00000DF7 0F 8E 0000009F                  	JLE	L110
  1477 00000DFD                                 L98:
  1478 00000DFD 8D 86 FFFFFF00                  	LEA	EAX,DWORD [-256+ESI]
  1479 00000E03 3D 000000FF                     	CMP	EAX,255
  1480 00000E08 77 3D                           	JA	L101
  1481 00000E0A 81 FE 00000108                  	CMP	ESI,264
  1482 00000E10 74 6A                           	JE	L111
  1483 00000E12 81 FF 000000EF                  	CMP	EDI,239
  1484 00000E18 7F 2D                           	JG	L101
  1485 00000E1A 89 F0                           	MOV	EAX,ESI
  1486 00000E1C 6A 01                           	PUSH	1
  1487 00000E1E 88 85 FFFFFDF2                  	MOV	BYTE [-526+EBP],AL
  1488 00000E24 8D 85 FFFFFDF2                  	LEA	EAX,DWORD [-526+EBP]
  1489 00000E2A 50                              	PUSH	EAX
  1490 00000E2B 6A 00                           	PUSH	0
  1491 00000E2D 6A 07                           	PUSH	7
  1492 00000E2F 6A 1C                           	PUSH	28
  1493 00000E31 57                              	PUSH	EDI
  1494 00000E32 83 C7 08                        	ADD	EDI,8
  1495 00000E35 FF 75 08                        	PUSH	DWORD [8+EBP]
  1496 00000E38 C6 85 FFFFFDF3 00               	MOV	BYTE [-525+EBP],0
  1497 00000E3F E8 FFFFFC8E                     	CALL	_putfonts8_asc_sht
  1498 00000E44                                 L108:
  1499 00000E44 83 C4 1C                        	ADD	ESP,28
  1500 00000E47                                 L101:
  1501 00000E47 6A 2B                           	PUSH	43
  1502 00000E49 8D 47 07                        	LEA	EAX,DWORD [7+EDI]
  1503 00000E4C 50                              	PUSH	EAX
  1504 00000E4D 8B 45 08                        	MOV	EAX,DWORD [8+EBP]
  1505 00000E50 6A 1C                           	PUSH	28
  1506 00000E52 57                              	PUSH	EDI
  1507 00000E53 FF B5 FFFFFDE4                  	PUSH	DWORD [-540+EBP]
  1508 00000E59 FF 70 04                        	PUSH	DWORD [4+EAX]
  1509 00000E5C FF 30                           	PUSH	DWORD [EAX]
  1510 00000E5E E8 [00000000]                   	CALL	_boxfill8
  1511 00000E63 8D 47 08                        	LEA	EAX,DWORD [8+EDI]
  1512 00000E66 6A 2C                           	PUSH	44
  1513 00000E68 50                              	PUSH	EAX
  1514 00000E69 6A 1C                           	PUSH	28
  1515 00000E6B 57                              	PUSH	EDI
  1516 00000E6C FF 75 08                        	PUSH	DWORD [8+EBP]
  1517 00000E6F E8 [00000000]                   	CALL	_sheet_refresh
  1518 00000E74 83 C4 30                        	ADD	ESP,48
  1519 00000E77 E9 FFFFFF4D                     	JMP	L106
  1520 00000E7C                                 L111:
  1521 00000E7C 83 FF 10                        	CMP	EDI,16
  1522 00000E7F 7E C6                           	JLE	L101
  1523 00000E81 6A 01                           	PUSH	1
  1524 00000E83 68 [00000156]                   	PUSH	LC5
  1525 00000E88 6A 00                           	PUSH	0
  1526 00000E8A 6A 07                           	PUSH	7
  1527 00000E8C 6A 1C                           	PUSH	28
  1528 00000E8E 57                              	PUSH	EDI
  1529 00000E8F 83 EF 08                        	SUB	EDI,8
  1530 00000E92 FF 75 08                        	PUSH	DWORD [8+EBP]
  1531 00000E95 E8 FFFFFC38                     	CALL	_putfonts8_asc_sht
  1532 00000E9A EB A8                           	JMP	L108
  1533 00000E9C                                 L110:
  1534 00000E9C 85 F6                           	TEST	ESI,ESI
  1535 00000E9E 74 2F                           	JE	L99
  1536 00000EA0 6A 00                           	PUSH	0
  1537 00000EA2 53                              	PUSH	EBX
  1538 00000EA3 FF B5 FFFFFDEC                  	PUSH	DWORD [-532+EBP]
  1539 00000EA9 E8 [00000000]                   	CALL	_timer_init
  1540 00000EAE C7 85 FFFFFDE4 00000007         	MOV	DWORD [-540+EBP],7
  1541 00000EB8                                 L107:
  1542 00000EB8 83 C4 0C                        	ADD	ESP,12
  1543 00000EBB 6A 32                           	PUSH	50
  1544 00000EBD FF B5 FFFFFDEC                  	PUSH	DWORD [-532+EBP]
  1545 00000EC3 E8 [00000000]                   	CALL	_timer_settime
  1546 00000EC8 59                              	POP	ECX
  1547 00000EC9 5B                              	POP	EBX
  1548 00000ECA E9 FFFFFF2E                     	JMP	L98
  1549 00000ECF                                 L99:
  1550 00000ECF 6A 01                           	PUSH	1
  1551 00000ED1 53                              	PUSH	EBX
  1552 00000ED2 FF B5 FFFFFDEC                  	PUSH	DWORD [-532+EBP]
  1553 00000ED8 E8 [00000000]                   	CALL	_timer_init
  1554 00000EDD C7 85 FFFFFDE4 00000000         	MOV	DWORD [-540+EBP],0
  1555 00000EE7 EB CF                           	JMP	L107
  1556 00000EE9                                 L109:
  1557 00000EE9 FF B5 FFFFFDE8                  	PUSH	DWORD [-536+EBP]
  1558 00000EEF E8 [00000000]                   	CALL	_task_sleep
  1559 00000EF4 E8 [00000000]                   	CALL	_io_sti
  1560 00000EF9 58                              	POP	EAX
  1561 00000EFA E9 FFFFFECA                     	JMP	L106
