     1 00000000                                 [FORMAT "WCOFF"]
     2 00000000                                 [INSTRSET "i486p"]
     3 00000000                                 [OPTIMIZE 1]
     4 00000000                                 [OPTION 1]
     5 00000000                                 [BITS 32]
     6 00000000                                 	EXTERN	_init_gdtidt
     7 00000000                                 	EXTERN	_init_pic
     8 00000000                                 	EXTERN	_io_sti
     9 00000000                                 	EXTERN	_fifo32_init
    10 00000000                                 	EXTERN	_init_pit
    11 00000000                                 	EXTERN	_init_keyboard
    12 00000000                                 	EXTERN	_enable_mouse
    13 00000000                                 	EXTERN	_io_out8
    14 00000000                                 	EXTERN	_timer_alloc
    15 00000000                                 	EXTERN	_timer_init
    16 00000000                                 	EXTERN	_timer_settime
    17 00000000                                 	EXTERN	_memtest
    18 00000000                                 	EXTERN	_memman_init
    19 00000000                                 	EXTERN	_memman_free
    20 00000000                                 	EXTERN	_init_palette
    21 00000000                                 	EXTERN	_shtctl_init
    22 00000000                                 	EXTERN	_sheet_alloc
    23 00000000                                 	EXTERN	_memman_alloc_4k
    24 00000000                                 	EXTERN	_sheet_setbuf
    25 00000000                                 	EXTERN	_init_screen8
    26 00000000                                 	EXTERN	_init_mouse_cursor8
    27 00000000                                 	EXTERN	_sheet_slide
    28 00000000                                 	EXTERN	_sheet_updown
    29 00000000                                 	EXTERN	_sprintf
    30 00000000                                 	EXTERN	_memman_total
    31 00000000                                 	EXTERN	_set_segmdesc
    32 00000000                                 	EXTERN	_load_tr
    33 00000000                                 	EXTERN	_io_cli
    34 00000000                                 	EXTERN	_fifo32_status
    35 00000000                                 	EXTERN	_fifo32_get
    36 00000000                                 	EXTERN	_boxfill8
    37 00000000                                 	EXTERN	_sheet_refresh
    38 00000000                                 	EXTERN	_mouse_decode
    39 00000000                                 	EXTERN	_keytable.0
    40 00000000                                 	EXTERN	_farjmp
    41 00000000                                 	EXTERN	_io_stihlt
    42 00000000                                 	EXTERN	_putfonts8_asc
    43 00000000                                 [FILE "bootpack.c"]
    44                                          [SECTION .data]
    45 00000000                                 _keytable.0:
    46 00000000 00                              	DB	0
    47 00000001 00                              	DB	0
    48 00000002 31                              	DB	49
    49 00000003 32                              	DB	50
    50 00000004 33                              	DB	51
    51 00000005 34                              	DB	52
    52 00000006 35                              	DB	53
    53 00000007 36                              	DB	54
    54 00000008 37                              	DB	55
    55 00000009 38                              	DB	56
    56 0000000A 39                              	DB	57
    57 0000000B 30                              	DB	48
    58 0000000C 2D                              	DB	45
    59 0000000D 5E                              	DB	94
    60 0000000E 00                              	DB	0
    61 0000000F 00                              	DB	0
    62 00000010 51                              	DB	81
    63 00000011 57                              	DB	87
    64 00000012 45                              	DB	69
    65 00000013 52                              	DB	82
    66 00000014 54                              	DB	84
    67 00000015 59                              	DB	89
    68 00000016 55                              	DB	85
    69 00000017 49                              	DB	73
    70 00000018 4F                              	DB	79
    71 00000019 50                              	DB	80
    72 0000001A 40                              	DB	64
    73 0000001B 5B                              	DB	91
    74 0000001C 00                              	DB	0
    75 0000001D 00                              	DB	0
    76 0000001E 41                              	DB	65
    77 0000001F 53                              	DB	83
    78 00000020 44                              	DB	68
    79 00000021 46                              	DB	70
    80 00000022 47                              	DB	71
    81 00000023 48                              	DB	72
    82 00000024 4A                              	DB	74
    83 00000025 4B                              	DB	75
    84 00000026 4C                              	DB	76
    85 00000027 3B                              	DB	59
    86 00000028 3A                              	DB	58
    87 00000029 00                              	DB	0
    88 0000002A 00                              	DB	0
    89 0000002B 5D                              	DB	93
    90 0000002C 5A                              	DB	90
    91 0000002D 58                              	DB	88
    92 0000002E 43                              	DB	67
    93 0000002F 56                              	DB	86
    94 00000030 42                              	DB	66
    95 00000031 4E                              	DB	78
    96 00000032 4D                              	DB	77
    97 00000033 2C                              	DB	44
    98 00000034 2E                              	DB	46
    99 00000035 2F                              	DB	47
   100 00000036 00                              	DB	0
   101 00000037 2A                              	DB	42
   102 00000038 00                              	DB	0
   103 00000039 20                              	DB	32
   104 0000003A 00                              	DB	0
   105 0000003B 00                              	DB	0
   106 0000003C 00                              	DB	0
   107 0000003D 00                              	DB	0
   108 0000003E 00                              	DB	0
   109 0000003F 00                              	DB	0
   110 00000040 00                              	DB	0
   111 00000041 00                              	DB	0
   112 00000042 00                              	DB	0
   113 00000043 00                              	DB	0
   114 00000044 00                              	DB	0
   115 00000045 00                              	DB	0
   116 00000046 00                              	DB	0
   117 00000047 37                              	DB	55
   118 00000048 38                              	DB	56
   119 00000049 39                              	DB	57
   120 0000004A 2D                              	DB	45
   121 0000004B 34                              	DB	52
   122 0000004C 35                              	DB	53
   123 0000004D 36                              	DB	54
   124 0000004E 2B                              	DB	43
   125 0000004F 31                              	DB	49
   126 00000050 32                              	DB	50
   127 00000051 33                              	DB	51
   128 00000052 30                              	DB	48
   129 00000053 2E                              	DB	46
   130 00000054                                 LC0:
   131 00000054 43 6F 75 6E 74 65 72 00         	DB	"Counter",0x00
   132 0000005C                                 LC1:
   133 0000005C 28 25 33 64 2C 20 25 33 64 29   	DB	"(%3d, %3d)",0x00
       00000066 00 
   134 00000067                                 LC2:
   135 00000067 6D 65 6D 6F 72 79 20 25 64 4D   	DB	"memory %dMB   free : %dKB",0x00
       00000071 42 20 20 20 66 72 65 65 20 3A 
       0000007B 20 25 64 4B 42 00 
   136 00000081                                 LC7:
   137 00000081 33 5B 73 65 63 5D 00            	DB	"3[sec]",0x00
   138 00000088                                 LC6:
   139 00000088 31 30 5B 73 65 63 5D 00         	DB	"10[sec]",0x00
   140 00000090                                 LC5:
   141 00000090 5B 6C 63 72 20 25 34 64 20 25   	DB	"[lcr %4d %4d]",0x00
       0000009A 34 64 5D 00 
   142 0000009E                                 LC3:
   143 0000009E 25 30 32 58 00                  	DB	"%02X",0x00
   144 000000A3                                 LC4:
   145 000000A3 20 00                           	DB	" ",0x00
   146                                          [SECTION .text]
   147 00000000                                 	GLOBAL	_HariMain
   148 00000000                                 _HariMain:
   149 00000000 55                              	PUSH	EBP
   150 00000001 89 E5                           	MOV	EBP,ESP
   151 00000003 57                              	PUSH	EDI
   152 00000004 56                              	PUSH	ESI
   153 00000005 53                              	PUSH	EBX
   154 00000006 8D B5 FFFFFCE4                  	LEA	ESI,DWORD [-796+EBP]
   155 0000000C 81 EC 0000061C                  	SUB	ESP,1564
   156 00000012 E8 [00000000]                   	CALL	_init_gdtidt
   157 00000017 E8 [00000000]                   	CALL	_init_pic
   158 0000001C E8 [00000000]                   	CALL	_io_sti
   159 00000021 8D 85 FFFFFAE4                  	LEA	EAX,DWORD [-1308+EBP]
   160 00000027 50                              	PUSH	EAX
   161 00000028 68 00000080                     	PUSH	128
   162 0000002D 56                              	PUSH	ESI
   163 0000002E E8 [00000000]                   	CALL	_fifo32_init
   164 00000033 E8 [00000000]                   	CALL	_init_pit
   165 00000038 68 00000100                     	PUSH	256
   166 0000003D 56                              	PUSH	ESI
   167 0000003E E8 [00000000]                   	CALL	_init_keyboard
   168 00000043 8D 85 FFFFFE04                  	LEA	EAX,DWORD [-508+EBP]
   169 00000049 50                              	PUSH	EAX
   170 0000004A 68 00000200                     	PUSH	512
   171 0000004F 56                              	PUSH	ESI
   172 00000050 E8 [00000000]                   	CALL	_enable_mouse
   173 00000055 83 C4 20                        	ADD	ESP,32
   174 00000058 68 000000F8                     	PUSH	248
   175 0000005D 6A 21                           	PUSH	33
   176 0000005F E8 [00000000]                   	CALL	_io_out8
   177 00000064 68 000000EF                     	PUSH	239
   178 00000069 68 000000A1                     	PUSH	161
   179 0000006E E8 [00000000]                   	CALL	_io_out8
   180 00000073 E8 [00000000]                   	CALL	_timer_alloc
   181 00000078 6A 0A                           	PUSH	10
   182 0000007A 56                              	PUSH	ESI
   183 0000007B 89 C3                           	MOV	EBX,EAX
   184 0000007D 50                              	PUSH	EAX
   185 0000007E E8 [00000000]                   	CALL	_timer_init
   186 00000083 68 000003E8                     	PUSH	1000
   187 00000088 53                              	PUSH	EBX
   188 00000089 E8 [00000000]                   	CALL	_timer_settime
   189 0000008E 83 C4 24                        	ADD	ESP,36
   190 00000091 E8 [00000000]                   	CALL	_timer_alloc
   191 00000096 6A 03                           	PUSH	3
   192 00000098 89 C3                           	MOV	EBX,EAX
   193 0000009A 56                              	PUSH	ESI
   194 0000009B 50                              	PUSH	EAX
   195 0000009C E8 [00000000]                   	CALL	_timer_init
   196 000000A1 68 0000012C                     	PUSH	300
   197 000000A6 53                              	PUSH	EBX
   198 000000A7 E8 [00000000]                   	CALL	_timer_settime
   199 000000AC E8 [00000000]                   	CALL	_timer_alloc
   200 000000B1 6A 01                           	PUSH	1
   201 000000B3 56                              	PUSH	ESI
   202 000000B4 50                              	PUSH	EAX
   203 000000B5 89 85 FFFFF9EC                  	MOV	DWORD [-1556+EBP],EAX
   204 000000BB E8 [00000000]                   	CALL	_timer_init
   205 000000C0 83 C4 20                        	ADD	ESP,32
   206 000000C3 6A 32                           	PUSH	50
   207 000000C5 FF B5 FFFFF9EC                  	PUSH	DWORD [-1556+EBP]
   208 000000CB E8 [00000000]                   	CALL	_timer_settime
   209 000000D0 E8 [00000000]                   	CALL	_timer_alloc
   210 000000D5 6A 02                           	PUSH	2
   211 000000D7 56                              	PUSH	ESI
   212 000000D8 50                              	PUSH	EAX
   213 000000D9 89 85 FFFFF9E8                  	MOV	DWORD [-1560+EBP],EAX
   214 000000DF E8 [00000000]                   	CALL	_timer_init
   215 000000E4 6A 02                           	PUSH	2
   216 000000E6 FF B5 FFFFF9E8                  	PUSH	DWORD [-1560+EBP]
   217 000000EC E8 [00000000]                   	CALL	_timer_settime
   218 000000F1 68 BFFFFFFF                     	PUSH	-1073741825
   219 000000F6 68 00400000                     	PUSH	4194304
   220 000000FB E8 [00000000]                   	CALL	_memtest
   221 00000100 83 C4 24                        	ADD	ESP,36
   222 00000103 68 003C0000                     	PUSH	3932160
   223 00000108 89 85 FFFFF9FC                  	MOV	DWORD [-1540+EBP],EAX
   224 0000010E E8 [00000000]                   	CALL	_memman_init
   225 00000113 68 0009E000                     	PUSH	647168
   226 00000118 68 00001000                     	PUSH	4096
   227 0000011D 68 003C0000                     	PUSH	3932160
   228 00000122 E8 [00000000]                   	CALL	_memman_free
   229 00000127 8B 85 FFFFF9FC                  	MOV	EAX,DWORD [-1540+EBP]
   230 0000012D 2D 00400000                     	SUB	EAX,4194304
   231 00000132 50                              	PUSH	EAX
   232 00000133 68 00400000                     	PUSH	4194304
   233 00000138 68 003C0000                     	PUSH	3932160
   234 0000013D E8 [00000000]                   	CALL	_memman_free
   235 00000142 E8 [00000000]                   	CALL	_init_palette
   236 00000147 0F BF 05 00000FF6               	MOVSX	EAX,WORD [4086]
   237 0000014E 50                              	PUSH	EAX
   238 0000014F 0F BF 05 00000FF4               	MOVSX	EAX,WORD [4084]
   239 00000156 50                              	PUSH	EAX
   240 00000157 FF 35 00000FF8                  	PUSH	DWORD [4088]
   241 0000015D 68 003C0000                     	PUSH	3932160
   242 00000162 E8 [00000000]                   	CALL	_shtctl_init
   243 00000167 83 C4 2C                        	ADD	ESP,44
   244 0000016A 89 C3                           	MOV	EBX,EAX
   245 0000016C 50                              	PUSH	EAX
   246 0000016D E8 [00000000]                   	CALL	_sheet_alloc
   247 00000172 53                              	PUSH	EBX
   248 00000173 89 85 FFFFF9F8                  	MOV	DWORD [-1544+EBP],EAX
   249 00000179 E8 [00000000]                   	CALL	_sheet_alloc
   250 0000017E 53                              	PUSH	EBX
   251 0000017F 8D 9D FFFFFD04                  	LEA	EBX,DWORD [-764+EBP]
   252 00000185 89 85 FFFFF9F4                  	MOV	DWORD [-1548+EBP],EAX
   253 0000018B E8 [00000000]                   	CALL	_sheet_alloc
   254 00000190 0F BF 15 00000FF6               	MOVSX	EDX,WORD [4086]
   255 00000197 89 85 FFFFF9F0                  	MOV	DWORD [-1552+EBP],EAX
   256 0000019D 0F BF 05 00000FF4               	MOVSX	EAX,WORD [4084]
   257 000001A4 0F AF C2                        	IMUL	EAX,EDX
   258 000001A7 50                              	PUSH	EAX
   259 000001A8 68 003C0000                     	PUSH	3932160
   260 000001AD E8 [00000000]                   	CALL	_memman_alloc_4k
   261 000001B2 68 00002080                     	PUSH	8320
   262 000001B7 68 003C0000                     	PUSH	3932160
   263 000001BC 89 C6                           	MOV	ESI,EAX
   264 000001BE E8 [00000000]                   	CALL	_memman_alloc_4k
   265 000001C3 6A FF                           	PUSH	-1
   266 000001C5 89 C7                           	MOV	EDI,EAX
   267 000001C7 0F BF 05 00000FF6               	MOVSX	EAX,WORD [4086]
   268 000001CE 50                              	PUSH	EAX
   269 000001CF 0F BF 05 00000FF4               	MOVSX	EAX,WORD [4084]
   270 000001D6 50                              	PUSH	EAX
   271 000001D7 56                              	PUSH	ESI
   272 000001D8 FF B5 FFFFF9F8                  	PUSH	DWORD [-1544+EBP]
   273 000001DE E8 [00000000]                   	CALL	_sheet_setbuf
   274 000001E3 83 C4 30                        	ADD	ESP,48
   275 000001E6 6A 63                           	PUSH	99
   276 000001E8 6A 10                           	PUSH	16
   277 000001EA 6A 10                           	PUSH	16
   278 000001EC 53                              	PUSH	EBX
   279 000001ED FF B5 FFFFF9F4                  	PUSH	DWORD [-1548+EBP]
   280 000001F3 E8 [00000000]                   	CALL	_sheet_setbuf
   281 000001F8 6A FF                           	PUSH	-1
   282 000001FA 6A 44                           	PUSH	68
   283 000001FC 68 000000A0                     	PUSH	160
   284 00000201 57                              	PUSH	EDI
   285 00000202 FF B5 FFFFF9F0                  	PUSH	DWORD [-1552+EBP]
   286 00000208 E8 [00000000]                   	CALL	_sheet_setbuf
   287 0000020D 83 C4 28                        	ADD	ESP,40
   288 00000210 0F BF 05 00000FF6               	MOVSX	EAX,WORD [4086]
   289 00000217 50                              	PUSH	EAX
   290 00000218 0F BF 05 00000FF4               	MOVSX	EAX,WORD [4084]
   291 0000021F 50                              	PUSH	EAX
   292 00000220 56                              	PUSH	ESI
   293 00000221 E8 [00000000]                   	CALL	_init_screen8
   294 00000226 6A 63                           	PUSH	99
   295 00000228 53                              	PUSH	EBX
   296 00000229 BB 00000002                     	MOV	EBX,2
   297 0000022E E8 [00000000]                   	CALL	_init_mouse_cursor8
   298 00000233 68 [00000054]                   	PUSH	LC0
   299 00000238 6A 44                           	PUSH	68
   300 0000023A 68 000000A0                     	PUSH	160
   301 0000023F 57                              	PUSH	EDI
   302 00000240 E8 000005CE                     	CALL	_make_window8
   303 00000245 83 C4 24                        	ADD	ESP,36
   304 00000248 6A 07                           	PUSH	7
   305 0000024A 6A 10                           	PUSH	16
   306 0000024C 68 00000090                     	PUSH	144
   307 00000251 6A 1C                           	PUSH	28
   308 00000253 6A 08                           	PUSH	8
   309 00000255 FF B5 FFFFF9F0                  	PUSH	DWORD [-1552+EBP]
   310 0000025B E8 000007A6                     	CALL	_make_textbox8
   311 00000260 6A 00                           	PUSH	0
   312 00000262 6A 00                           	PUSH	0
   313 00000264 FF B5 FFFFF9F8                  	PUSH	DWORD [-1544+EBP]
   314 0000026A C7 85 FFFFF9E4 00000008         	MOV	DWORD [-1564+EBP],8
   315 00000274 C7 85 FFFFF9E0 00000007         	MOV	DWORD [-1568+EBP],7
   316 0000027E E8 [00000000]                   	CALL	_sheet_slide
   317 00000283 83 C4 24                        	ADD	ESP,36
   318 00000286 0F BF 05 00000FF4               	MOVSX	EAX,WORD [4084]
   319 0000028D 8D 48 F0                        	LEA	ECX,DWORD [-16+EAX]
   320 00000290 89 C8                           	MOV	EAX,ECX
   321 00000292 99                              	CDQ
   322 00000293 F7 FB                           	IDIV	EBX
   323 00000295 89 85 FFFFFA00                  	MOV	DWORD [-1536+EBP],EAX
   324 0000029B 0F BF 05 00000FF6               	MOVSX	EAX,WORD [4086]
   325 000002A2 8D 48 D4                        	LEA	ECX,DWORD [-44+EAX]
   326 000002A5 89 C8                           	MOV	EAX,ECX
   327 000002A7 99                              	CDQ
   328 000002A8 F7 FB                           	IDIV	EBX
   329 000002AA 50                              	PUSH	EAX
   330 000002AB 89 C7                           	MOV	EDI,EAX
   331 000002AD FF B5 FFFFFA00                  	PUSH	DWORD [-1536+EBP]
   332 000002B3 FF B5 FFFFF9F4                  	PUSH	DWORD [-1548+EBP]
   333 000002B9 8D 5D C4                        	LEA	EBX,DWORD [-60+EBP]
   334 000002BC E8 [00000000]                   	CALL	_sheet_slide
   335 000002C1 6A 48                           	PUSH	72
   336 000002C3 6A 50                           	PUSH	80
   337 000002C5 FF B5 FFFFF9F0                  	PUSH	DWORD [-1552+EBP]
   338 000002CB E8 [00000000]                   	CALL	_sheet_slide
   339 000002D0 6A 00                           	PUSH	0
   340 000002D2 FF B5 FFFFF9F8                  	PUSH	DWORD [-1544+EBP]
   341 000002D8 E8 [00000000]                   	CALL	_sheet_updown
   342 000002DD 83 C4 20                        	ADD	ESP,32
   343 000002E0 6A 01                           	PUSH	1
   344 000002E2 FF B5 FFFFF9F0                  	PUSH	DWORD [-1552+EBP]
   345 000002E8 E8 [00000000]                   	CALL	_sheet_updown
   346 000002ED 6A 02                           	PUSH	2
   347 000002EF FF B5 FFFFF9F4                  	PUSH	DWORD [-1548+EBP]
   348 000002F5 E8 [00000000]                   	CALL	_sheet_updown
   349 000002FA 57                              	PUSH	EDI
   350 000002FB FF B5 FFFFFA00                  	PUSH	DWORD [-1536+EBP]
   351 00000301 68 [0000005C]                   	PUSH	LC1
   352 00000306 53                              	PUSH	EBX
   353 00000307 E8 [00000000]                   	CALL	_sprintf
   354 0000030C 83 C4 20                        	ADD	ESP,32
   355 0000030F 6A 0A                           	PUSH	10
   356 00000311 53                              	PUSH	EBX
   357 00000312 6A 0E                           	PUSH	14
   358 00000314 6A 07                           	PUSH	7
   359 00000316 6A 00                           	PUSH	0
   360 00000318 6A 00                           	PUSH	0
   361 0000031A FF B5 FFFFF9F8                  	PUSH	DWORD [-1544+EBP]
   362 00000320 E8 0000065A                     	CALL	_putfonts8_asc_sht
   363 00000325 68 003C0000                     	PUSH	3932160
   364 0000032A E8 [00000000]                   	CALL	_memman_total
   365 0000032F C1 AD FFFFF9FC 14               	SHR	DWORD [-1540+EBP],20
   366 00000336 C1 E8 0A                        	SHR	EAX,10
   367 00000339 89 04 24                        	MOV	DWORD [ESP],EAX
   368 0000033C FF B5 FFFFF9FC                  	PUSH	DWORD [-1540+EBP]
   369 00000342 68 [00000067]                   	PUSH	LC2
   370 00000347 53                              	PUSH	EBX
   371 00000348 E8 [00000000]                   	CALL	_sprintf
   372 0000034D 83 C4 2C                        	ADD	ESP,44
   373 00000350 6A 28                           	PUSH	40
   374 00000352 53                              	PUSH	EBX
   375 00000353 6A 0E                           	PUSH	14
   376 00000355 6A 07                           	PUSH	7
   377 00000357 6A 20                           	PUSH	32
   378 00000359 6A 00                           	PUSH	0
   379 0000035B FF B5 FFFFF9F8                  	PUSH	DWORD [-1544+EBP]
   380 00000361 E8 00000619                     	CALL	_putfonts8_asc_sht
   381 00000366 8D 85 FFFFFA74                  	LEA	EAX,DWORD [-1420+EBP]
   382 0000036C 68 00000089                     	PUSH	137
   383 00000371 50                              	PUSH	EAX
   384 00000372 6A 67                           	PUSH	103
   385 00000374 68 00270018                     	PUSH	2555928
   386 00000379 C7 85 FFFFFAD4 00000000         	MOV	DWORD [-1324+EBP],0
   387 00000383 C7 85 FFFFFAD8 40000000         	MOV	DWORD [-1320+EBP],1073741824
   388 0000038D C7 85 FFFFFA64 00000000         	MOV	DWORD [-1436+EBP],0
   389 00000397 C7 85 FFFFFA68 40000000         	MOV	DWORD [-1432+EBP],1073741824
   390 000003A1 E8 [00000000]                   	CALL	_set_segmdesc
   391 000003A6 8D 85 FFFFFA04                  	LEA	EAX,DWORD [-1532+EBP]
   392 000003AC 83 C4 2C                        	ADD	ESP,44
   393 000003AF 68 00000089                     	PUSH	137
   394 000003B4 50                              	PUSH	EAX
   395 000003B5 6A 67                           	PUSH	103
   396 000003B7 68 00270020                     	PUSH	2555936
   397 000003BC E8 [00000000]                   	CALL	_set_segmdesc
   398 000003C1 6A 18                           	PUSH	24
   399 000003C3 E8 [00000000]                   	CALL	_load_tr
   400 000003C8 68 00010000                     	PUSH	65536
   401 000003CD 68 003C0000                     	PUSH	3932160
   402 000003D2 E8 [00000000]                   	CALL	_memman_alloc_4k
   403 000003D7 05 00010000                     	ADD	EAX,65536
   404 000003DC C7 85 FFFFFA24 [00000B3C]       	MOV	DWORD [-1500+EBP],_task_b_main
   405 000003E6 C7 85 FFFFFA28 00000202         	MOV	DWORD [-1496+EBP],514
   406 000003F0 C7 85 FFFFFA2C 00000000         	MOV	DWORD [-1492+EBP],0
   407 000003FA C7 85 FFFFFA30 00000000         	MOV	DWORD [-1488+EBP],0
   408 00000404 C7 85 FFFFFA34 00000000         	MOV	DWORD [-1484+EBP],0
   409 0000040E C7 85 FFFFFA38 00000000         	MOV	DWORD [-1480+EBP],0
   410 00000418 89 85 FFFFFA3C                  	MOV	DWORD [-1476+EBP],EAX
   411 0000041E C7 85 FFFFFA40 00000000         	MOV	DWORD [-1472+EBP],0
   412 00000428 C7 85 FFFFFA44 00000000         	MOV	DWORD [-1468+EBP],0
   413 00000432 C7 85 FFFFFA48 00000000         	MOV	DWORD [-1464+EBP],0
   414 0000043C C7 85 FFFFFA4C 00000008         	MOV	DWORD [-1460+EBP],8
   415 00000446 C7 85 FFFFFA50 00000010         	MOV	DWORD [-1456+EBP],16
   416 00000450 C7 85 FFFFFA54 00000008         	MOV	DWORD [-1452+EBP],8
   417 0000045A C7 85 FFFFFA58 00000008         	MOV	DWORD [-1448+EBP],8
   418 00000464 C7 85 FFFFFA5C 00000008         	MOV	DWORD [-1444+EBP],8
   419 0000046E C7 85 FFFFFA60 00000008         	MOV	DWORD [-1440+EBP],8
   420 00000478                                 L32:
   421 00000478 83 C4 1C                        	ADD	ESP,28
   422 0000047B                                 L2:
   423 0000047B 8D B5 FFFFFCE4                  	LEA	ESI,DWORD [-796+EBP]
   424 00000481 E8 [00000000]                   	CALL	_io_cli
   425 00000486 56                              	PUSH	ESI
   426 00000487 E8 [00000000]                   	CALL	_fifo32_status
   427 0000048C 5A                              	POP	EDX
   428 0000048D 85 C0                           	TEST	EAX,EAX
   429 0000048F 0F 84 00000374                  	JE	L35
   430 00000495 56                              	PUSH	ESI
   431 00000496 E8 [00000000]                   	CALL	_fifo32_get
   432 0000049B 89 C3                           	MOV	EBX,EAX
   433 0000049D E8 [00000000]                   	CALL	_io_sti
   434 000004A2 58                              	POP	EAX
   435 000004A3 83 FB 02                        	CMP	EBX,2
   436 000004A6 0F 84 0000033F                  	JE	L36
   437 000004AC 8D 83 FFFFFF00                  	LEA	EAX,DWORD [-256+EBX]
   438 000004B2 3D 000000FF                     	CMP	EAX,255
   439 000004B7 0F 86 00000233                  	JBE	L37
   440 000004BD 8D 83 FFFFFE00                  	LEA	EAX,DWORD [-512+EBX]
   441 000004C3 3D 000000FF                     	CMP	EAX,255
   442 000004C8 0F 86 000000E2                  	JBE	L38
   443 000004CE 83 FB 0A                        	CMP	EBX,10
   444 000004D1 0F 84 000000CA                  	JE	L39
   445 000004D7 83 FB 03                        	CMP	EBX,3
   446 000004DA 0F 84 000000A2                  	JE	L40
   447 000004E0 83 FB 01                        	CMP	EBX,1
   448 000004E3 7F 96                           	JG	L2
   449 000004E5 85 DB                           	TEST	EBX,EBX
   450 000004E7 74 7C                           	JE	L30
   451 000004E9 6A 00                           	PUSH	0
   452 000004EB 56                              	PUSH	ESI
   453 000004EC FF B5 FFFFF9EC                  	PUSH	DWORD [-1556+EBP]
   454 000004F2 E8 [00000000]                   	CALL	_timer_init
   455 000004F7 C7 85 FFFFF9E0 00000000         	MOV	DWORD [-1568+EBP],0
   456 00000501                                 L34:
   457 00000501 83 C4 0C                        	ADD	ESP,12
   458 00000504 6A 32                           	PUSH	50
   459 00000506 FF B5 FFFFF9EC                  	PUSH	DWORD [-1556+EBP]
   460 0000050C E8 [00000000]                   	CALL	_timer_settime
   461 00000511 8B 95 FFFFF9F0                  	MOV	EDX,DWORD [-1552+EBP]
   462 00000517 8B 85 FFFFF9E4                  	MOV	EAX,DWORD [-1564+EBP]
   463 0000051D 6A 2B                           	PUSH	43
   464 0000051F 83 C0 07                        	ADD	EAX,7
   465 00000522 50                              	PUSH	EAX
   466 00000523 6A 1C                           	PUSH	28
   467 00000525 FF B5 FFFFF9E4                  	PUSH	DWORD [-1564+EBP]
   468 0000052B FF B5 FFFFF9E0                  	PUSH	DWORD [-1568+EBP]
   469 00000531 FF 72 04                        	PUSH	DWORD [4+EDX]
   470 00000534 FF 32                           	PUSH	DWORD [EDX]
   471 00000536 E8 [00000000]                   	CALL	_boxfill8
   472 0000053B 8B 85 FFFFF9E4                  	MOV	EAX,DWORD [-1564+EBP]
   473 00000541 83 C4 24                        	ADD	ESP,36
   474 00000544 83 C0 08                        	ADD	EAX,8
   475 00000547 6A 2C                           	PUSH	44
   476 00000549 50                              	PUSH	EAX
   477 0000054A 6A 1C                           	PUSH	28
   478 0000054C FF B5 FFFFF9E4                  	PUSH	DWORD [-1564+EBP]
   479 00000552 FF B5 FFFFF9F0                  	PUSH	DWORD [-1552+EBP]
   480 00000558 E8 [00000000]                   	CALL	_sheet_refresh
   481 0000055D 83 C4 14                        	ADD	ESP,20
   482 00000560 E9 FFFFFF16                     	JMP	L2
   483 00000565                                 L30:
   484 00000565 6A 01                           	PUSH	1
   485 00000567 56                              	PUSH	ESI
   486 00000568 FF B5 FFFFF9EC                  	PUSH	DWORD [-1556+EBP]
   487 0000056E E8 [00000000]                   	CALL	_timer_init
   488 00000573 C7 85 FFFFF9E0 00000007         	MOV	DWORD [-1568+EBP],7
   489 0000057D E9 FFFFFF7F                     	JMP	L34
   490 00000582                                 L40:
   491 00000582 6A 06                           	PUSH	6
   492 00000584 68 [00000081]                   	PUSH	LC7
   493 00000589 6A 0E                           	PUSH	14
   494 0000058B 6A 07                           	PUSH	7
   495 0000058D 6A 50                           	PUSH	80
   496 0000058F                                 L33:
   497 0000058F 6A 00                           	PUSH	0
   498 00000591 FF B5 FFFFF9F8                  	PUSH	DWORD [-1544+EBP]
   499 00000597 E8 000003E3                     	CALL	_putfonts8_asc_sht
   500 0000059C E9 FFFFFED7                     	JMP	L32
   501 000005A1                                 L39:
   502 000005A1 6A 07                           	PUSH	7
   503 000005A3 68 [00000088]                   	PUSH	LC6
   504 000005A8 6A 0E                           	PUSH	14
   505 000005AA 6A 07                           	PUSH	7
   506 000005AC 6A 40                           	PUSH	64
   507 000005AE EB DF                           	JMP	L33
   508 000005B0                                 L38:
   509 000005B0 0F B6 C3                        	MOVZX	EAX,BL
   510 000005B3 50                              	PUSH	EAX
   511 000005B4 8D 85 FFFFFE04                  	LEA	EAX,DWORD [-508+EBP]
   512 000005BA 50                              	PUSH	EAX
   513 000005BB E8 [00000000]                   	CALL	_mouse_decode
   514 000005C0 5A                              	POP	EDX
   515 000005C1 59                              	POP	ECX
   516 000005C2 85 C0                           	TEST	EAX,EAX
   517 000005C4 0F 84 FFFFFEB1                  	JE	L2
   518 000005CA FF B5 FFFFFE0C                  	PUSH	DWORD [-500+EBP]
   519 000005D0 FF B5 FFFFFE08                  	PUSH	DWORD [-504+EBP]
   520 000005D6 68 [00000090]                   	PUSH	LC5
   521 000005DB 8D 5D C4                        	LEA	EBX,DWORD [-60+EBP]
   522 000005DE 53                              	PUSH	EBX
   523 000005DF E8 [00000000]                   	CALL	_sprintf
   524 000005E4 83 C4 10                        	ADD	ESP,16
   525 000005E7 8B 85 FFFFFE10                  	MOV	EAX,DWORD [-496+EBP]
   526 000005ED A9 00000001                     	TEST	EAX,1
   527 000005F2 74 04                           	JE	L16
   528 000005F4 C6 45 C5 4C                     	MOV	BYTE [-59+EBP],76
   529 000005F8                                 L16:
   530 000005F8 A9 00000002                     	TEST	EAX,2
   531 000005FD 74 04                           	JE	L17
   532 000005FF C6 45 C7 52                     	MOV	BYTE [-57+EBP],82
   533 00000603                                 L17:
   534 00000603 83 E0 04                        	AND	EAX,4
   535 00000606 74 04                           	JE	L18
   536 00000608 C6 45 C6 43                     	MOV	BYTE [-58+EBP],67
   537 0000060C                                 L18:
   538 0000060C 6A 0F                           	PUSH	15
   539 0000060E 53                              	PUSH	EBX
   540 0000060F 6A 0E                           	PUSH	14
   541 00000611 6A 07                           	PUSH	7
   542 00000613 6A 10                           	PUSH	16
   543 00000615 6A 20                           	PUSH	32
   544 00000617 FF B5 FFFFF9F8                  	PUSH	DWORD [-1544+EBP]
   545 0000061D E8 0000035D                     	CALL	_putfonts8_asc_sht
   546 00000622 8B 85 FFFFFE08                  	MOV	EAX,DWORD [-504+EBP]
   547 00000628 03 BD FFFFFE0C                  	ADD	EDI,DWORD [-500+EBP]
   548 0000062E 83 C4 1C                        	ADD	ESP,28
   549 00000631 01 85 FFFFFA00                  	ADD	DWORD [-1536+EBP],EAX
   550 00000637 0F 88 000000A4                  	JS	L41
   551 0000063D                                 L19:
   552 0000063D 85 FF                           	TEST	EDI,EDI
   553 0000063F 0F 88 00000095                  	JS	L42
   554 00000645                                 L20:
   555 00000645 0F BF 05 00000FF4               	MOVSX	EAX,WORD [4084]
   556 0000064C 48                              	DEC	EAX
   557 0000064D 39 85 FFFFFA00                  	CMP	DWORD [-1536+EBP],EAX
   558 00000653 7E 06                           	JLE	L21
   559 00000655 89 85 FFFFFA00                  	MOV	DWORD [-1536+EBP],EAX
   560 0000065B                                 L21:
   561 0000065B 0F BF 05 00000FF6               	MOVSX	EAX,WORD [4086]
   562 00000662 48                              	DEC	EAX
   563 00000663 39 C7                           	CMP	EDI,EAX
   564 00000665 7E 02                           	JLE	L22
   565 00000667 89 C7                           	MOV	EDI,EAX
   566 00000669                                 L22:
   567 00000669 57                              	PUSH	EDI
   568 0000066A FF B5 FFFFFA00                  	PUSH	DWORD [-1536+EBP]
   569 00000670 68 [0000005C]                   	PUSH	LC1
   570 00000675 53                              	PUSH	EBX
   571 00000676 E8 [00000000]                   	CALL	_sprintf
   572 0000067B 6A 0A                           	PUSH	10
   573 0000067D 53                              	PUSH	EBX
   574 0000067E 6A 0E                           	PUSH	14
   575 00000680 6A 07                           	PUSH	7
   576 00000682 6A 00                           	PUSH	0
   577 00000684 6A 00                           	PUSH	0
   578 00000686 FF B5 FFFFF9F8                  	PUSH	DWORD [-1544+EBP]
   579 0000068C E8 000002EE                     	CALL	_putfonts8_asc_sht
   580 00000691 83 C4 2C                        	ADD	ESP,44
   581 00000694 57                              	PUSH	EDI
   582 00000695 FF B5 FFFFFA00                  	PUSH	DWORD [-1536+EBP]
   583 0000069B FF B5 FFFFF9F4                  	PUSH	DWORD [-1548+EBP]
   584 000006A1 E8 [00000000]                   	CALL	_sheet_slide
   585 000006A6 83 C4 0C                        	ADD	ESP,12
   586 000006A9 F7 85 FFFFFE10 00000001         	TEST	DWORD [-496+EBP],1
   587 000006B3 0F 84 FFFFFDC2                  	JE	L2
   588 000006B9 8D 47 B0                        	LEA	EAX,DWORD [-80+EDI]
   589 000006BC 50                              	PUSH	EAX
   590 000006BD 8B 85 FFFFFA00                  	MOV	EAX,DWORD [-1536+EBP]
   591 000006C3 83 E8 50                        	SUB	EAX,80
   592 000006C6 50                              	PUSH	EAX
   593 000006C7 FF B5 FFFFF9F0                  	PUSH	DWORD [-1552+EBP]
   594 000006CD E8 [00000000]                   	CALL	_sheet_slide
   595 000006D2 83 C4 0C                        	ADD	ESP,12
   596 000006D5 E9 FFFFFDA1                     	JMP	L2
   597 000006DA                                 L42:
   598 000006DA 31 FF                           	XOR	EDI,EDI
   599 000006DC E9 FFFFFF64                     	JMP	L20
   600 000006E1                                 L41:
   601 000006E1 C7 85 FFFFFA00 00000000         	MOV	DWORD [-1536+EBP],0
   602 000006EB E9 FFFFFF4D                     	JMP	L19
   603 000006F0                                 L37:
   604 000006F0 50                              	PUSH	EAX
   605 000006F1 8D 75 C4                        	LEA	ESI,DWORD [-60+EBP]
   606 000006F4 68 [0000009E]                   	PUSH	LC3
   607 000006F9 56                              	PUSH	ESI
   608 000006FA E8 [00000000]                   	CALL	_sprintf
   609 000006FF 6A 02                           	PUSH	2
   610 00000701 56                              	PUSH	ESI
   611 00000702 6A 0E                           	PUSH	14
   612 00000704 6A 07                           	PUSH	7
   613 00000706 6A 10                           	PUSH	16
   614 00000708 6A 00                           	PUSH	0
   615 0000070A FF B5 FFFFF9F8                  	PUSH	DWORD [-1544+EBP]
   616 00000710 E8 0000026A                     	CALL	_putfonts8_asc_sht
   617 00000715 83 C4 28                        	ADD	ESP,40
   618 00000718 81 FB 00000153                  	CMP	EBX,339
   619 0000071E 7F 41                           	JG	L10
   620 00000720 8A 83 [FFFFFF00]                	MOV	AL,BYTE [_keytable.0-256+EBX]
   621 00000726 84 C0                           	TEST	AL,AL
   622 00000728 74 37                           	JE	L10
   623 0000072A 81 BD FFFFF9E4 0000008F         	CMP	DWORD [-1564+EBP],143
   624 00000734 7F 2B                           	JG	L10
   625 00000736 6A 01                           	PUSH	1
   626 00000738 88 45 C4                        	MOV	BYTE [-60+EBP],AL
   627 0000073B 56                              	PUSH	ESI
   628 0000073C 6A 08                           	PUSH	8
   629 0000073E 6A 00                           	PUSH	0
   630 00000740 6A 1C                           	PUSH	28
   631 00000742 FF B5 FFFFF9E4                  	PUSH	DWORD [-1564+EBP]
   632 00000748 FF B5 FFFFF9F0                  	PUSH	DWORD [-1552+EBP]
   633 0000074E C6 45 C5 00                     	MOV	BYTE [-59+EBP],0
   634 00000752 E8 00000228                     	CALL	_putfonts8_asc_sht
   635 00000757 83 C4 1C                        	ADD	ESP,28
   636 0000075A 83 85 FFFFF9E4 08               	ADD	DWORD [-1564+EBP],8
   637 00000761                                 L10:
   638 00000761 81 FB 0000010E                  	CMP	EBX,270
   639 00000767 74 4C                           	JE	L43
   640 00000769                                 L12:
   641 00000769 8B 85 FFFFF9E4                  	MOV	EAX,DWORD [-1564+EBP]
   642 0000076F 6A 2B                           	PUSH	43
   643 00000771 83 C0 07                        	ADD	EAX,7
   644 00000774 8B 9D FFFFF9F0                  	MOV	EBX,DWORD [-1552+EBP]
   645 0000077A 50                              	PUSH	EAX
   646 0000077B 6A 1C                           	PUSH	28
   647 0000077D FF B5 FFFFF9E4                  	PUSH	DWORD [-1564+EBP]
   648 00000783 FF B5 FFFFF9E0                  	PUSH	DWORD [-1568+EBP]
   649 00000789 FF 73 04                        	PUSH	DWORD [4+EBX]
   650 0000078C FF 33                           	PUSH	DWORD [EBX]
   651 0000078E E8 [00000000]                   	CALL	_boxfill8
   652 00000793 8B 85 FFFFF9E4                  	MOV	EAX,DWORD [-1564+EBP]
   653 00000799 6A 2C                           	PUSH	44
   654 0000079B 83 C0 08                        	ADD	EAX,8
   655 0000079E 50                              	PUSH	EAX
   656 0000079F 6A 1C                           	PUSH	28
   657 000007A1 FF B5 FFFFF9E4                  	PUSH	DWORD [-1564+EBP]
   658 000007A7 53                              	PUSH	EBX
   659 000007A8 E8 [00000000]                   	CALL	_sheet_refresh
   660 000007AD 83 C4 30                        	ADD	ESP,48
   661 000007B0 E9 FFFFFCC6                     	JMP	L2
   662 000007B5                                 L43:
   663 000007B5 83 BD FFFFF9E4 08               	CMP	DWORD [-1564+EBP],8
   664 000007BC 7E AB                           	JLE	L12
   665 000007BE 6A 01                           	PUSH	1
   666 000007C0 68 [000000A3]                   	PUSH	LC4
   667 000007C5 6A 07                           	PUSH	7
   668 000007C7 6A 00                           	PUSH	0
   669 000007C9 6A 1C                           	PUSH	28
   670 000007CB FF B5 FFFFF9E4                  	PUSH	DWORD [-1564+EBP]
   671 000007D1 FF B5 FFFFF9F0                  	PUSH	DWORD [-1552+EBP]
   672 000007D7 E8 000001A3                     	CALL	_putfonts8_asc_sht
   673 000007DC 83 C4 1C                        	ADD	ESP,28
   674 000007DF 83 AD FFFFF9E4 08               	SUB	DWORD [-1564+EBP],8
   675 000007E6 E9 FFFFFF7E                     	JMP	L12
   676 000007EB                                 L36:
   677 000007EB 6A 20                           	PUSH	32
   678 000007ED 6A 00                           	PUSH	0
   679 000007EF E8 [00000000]                   	CALL	_farjmp
   680 000007F4 6A 02                           	PUSH	2
   681 000007F6 FF B5 FFFFF9E8                  	PUSH	DWORD [-1560+EBP]
   682 000007FC E8 [00000000]                   	CALL	_timer_settime
   683 00000801 83 C4 10                        	ADD	ESP,16
   684 00000804 E9 FFFFFC72                     	JMP	L2
   685 00000809                                 L35:
   686 00000809 E8 [00000000]                   	CALL	_io_stihlt
   687 0000080E E9 FFFFFC68                     	JMP	L2
   688                                          [SECTION .data]
   689 000000A5                                 _closebtn.1:
   690 000000A5 4F 4F 4F 4F 4F 4F 4F 4F 4F 4F   	DB	"OOOOOOOOOOOOOOO@"
       000000AF 4F 4F 4F 4F 4F 40 
   691 000000B5 4F 51 51 51 51 51 51 51 51 51   	DB	"OQQQQQQQQQQQQQ$@"
       000000BF 51 51 51 51 24 40 
   692 000000C5 4F 51 51 51 51 51 51 51 51 51   	DB	"OQQQQQQQQQQQQQ$@"
       000000CF 51 51 51 51 24 40 
   693 000000D5 4F 51 51 51 40 40 51 51 51 51   	DB	"OQQQ@@QQQQ@@QQ$@"
       000000DF 40 40 51 51 24 40 
   694 000000E5 4F 51 51 51 51 40 40 51 51 40   	DB	"OQQQQ@@QQ@@QQQ$@"
       000000EF 40 51 51 51 24 40 
   695 000000F5 4F 51 51 51 51 51 40 40 40 40   	DB	"OQQQQQ@@@@QQQQ$@"
       000000FF 51 51 51 51 24 40 
   696 00000105 4F 51 51 51 51 51 51 40 40 51   	DB	"OQQQQQQ@@QQQQQ$@"
       0000010F 51 51 51 51 24 40 
   697 00000115 4F 51 51 51 51 51 40 40 40 40   	DB	"OQQQQQ@@@@QQQQ$@"
       0000011F 51 51 51 51 24 40 
   698 00000125 4F 51 51 51 51 40 40 51 51 40   	DB	"OQQQQ@@QQ@@QQQ$@"
       0000012F 40 51 51 51 24 40 
   699 00000135 4F 51 51 51 40 40 51 51 51 51   	DB	"OQQQ@@QQQQ@@QQ$@"
       0000013F 40 40 51 51 24 40 
   700 00000145 4F 51 51 51 51 51 51 51 51 51   	DB	"OQQQQQQQQQQQQQ$@"
       0000014F 51 51 51 51 24 40 
   701 00000155 4F 51 51 51 51 51 51 51 51 51   	DB	"OQQQQQQQQQQQQQ$@"
       0000015F 51 51 51 51 24 40 
   702 00000165 4F 24 24 24 24 24 24 24 24 24   	DB	"O$$$$$$$$$$$$$$@"
       0000016F 24 24 24 24 24 40 
   703 00000175 40 40 40 40 40 40 40 40 40 40   	DB	"@@@@@@@@@@@@@@@@"
       0000017F 40 40 40 40 40 40 
   704                                          [SECTION .text]
   705 00000813                                 	GLOBAL	_make_window8
   706 00000813                                 _make_window8:
   707 00000813 55                              	PUSH	EBP
   708 00000814 89 E5                           	MOV	EBP,ESP
   709 00000816 57                              	PUSH	EDI
   710 00000817 56                              	PUSH	ESI
   711 00000818 53                              	PUSH	EBX
   712 00000819 83 EC 14                        	SUB	ESP,20
   713 0000081C 8B 5D 0C                        	MOV	EBX,DWORD [12+EBP]
   714 0000081F 6A 00                           	PUSH	0
   715 00000821 8D 43 FF                        	LEA	EAX,DWORD [-1+EBX]
   716 00000824 8D 7B FE                        	LEA	EDI,DWORD [-2+EBX]
   717 00000827 50                              	PUSH	EAX
   718 00000828 89 45 EC                        	MOV	DWORD [-20+EBP],EAX
   719 0000082B 6A 00                           	PUSH	0
   720 0000082D 6A 00                           	PUSH	0
   721 0000082F 6A 08                           	PUSH	8
   722 00000831 53                              	PUSH	EBX
   723 00000832 FF 75 08                        	PUSH	DWORD [8+EBP]
   724 00000835 E8 [00000000]                   	CALL	_boxfill8
   725 0000083A 6A 01                           	PUSH	1
   726 0000083C 57                              	PUSH	EDI
   727 0000083D 6A 01                           	PUSH	1
   728 0000083F 6A 01                           	PUSH	1
   729 00000841 6A 07                           	PUSH	7
   730 00000843 53                              	PUSH	EBX
   731 00000844 FF 75 08                        	PUSH	DWORD [8+EBP]
   732 00000847 E8 [00000000]                   	CALL	_boxfill8
   733 0000084C 8B 55 10                        	MOV	EDX,DWORD [16+EBP]
   734 0000084F 83 C4 38                        	ADD	ESP,56
   735 00000852 4A                              	DEC	EDX
   736 00000853 89 55 E8                        	MOV	DWORD [-24+EBP],EDX
   737 00000856 52                              	PUSH	EDX
   738 00000857 6A 00                           	PUSH	0
   739 00000859 6A 00                           	PUSH	0
   740 0000085B 6A 00                           	PUSH	0
   741 0000085D 6A 08                           	PUSH	8
   742 0000085F 53                              	PUSH	EBX
   743 00000860 FF 75 08                        	PUSH	DWORD [8+EBP]
   744 00000863 E8 [00000000]                   	CALL	_boxfill8
   745 00000868 8B 75 10                        	MOV	ESI,DWORD [16+EBP]
   746 0000086B 83 EE 02                        	SUB	ESI,2
   747 0000086E 56                              	PUSH	ESI
   748 0000086F 6A 01                           	PUSH	1
   749 00000871 6A 01                           	PUSH	1
   750 00000873 6A 01                           	PUSH	1
   751 00000875 6A 07                           	PUSH	7
   752 00000877 53                              	PUSH	EBX
   753 00000878 FF 75 08                        	PUSH	DWORD [8+EBP]
   754 0000087B E8 [00000000]                   	CALL	_boxfill8
   755 00000880 83 C4 38                        	ADD	ESP,56
   756 00000883 56                              	PUSH	ESI
   757 00000884 57                              	PUSH	EDI
   758 00000885 6A 01                           	PUSH	1
   759 00000887 57                              	PUSH	EDI
   760 00000888 6A 0F                           	PUSH	15
   761 0000088A 53                              	PUSH	EBX
   762 0000088B FF 75 08                        	PUSH	DWORD [8+EBP]
   763 0000088E E8 [00000000]                   	CALL	_boxfill8
   764 00000893 FF 75 E8                        	PUSH	DWORD [-24+EBP]
   765 00000896 FF 75 EC                        	PUSH	DWORD [-20+EBP]
   766 00000899 6A 00                           	PUSH	0
   767 0000089B FF 75 EC                        	PUSH	DWORD [-20+EBP]
   768 0000089E 6A 00                           	PUSH	0
   769 000008A0 53                              	PUSH	EBX
   770 000008A1 FF 75 08                        	PUSH	DWORD [8+EBP]
   771 000008A4 E8 [00000000]                   	CALL	_boxfill8
   772 000008A9 8B 45 10                        	MOV	EAX,DWORD [16+EBP]
   773 000008AC 83 C4 38                        	ADD	ESP,56
   774 000008AF 83 E8 03                        	SUB	EAX,3
   775 000008B2 50                              	PUSH	EAX
   776 000008B3 8D 43 FD                        	LEA	EAX,DWORD [-3+EBX]
   777 000008B6 50                              	PUSH	EAX
   778 000008B7 6A 02                           	PUSH	2
   779 000008B9 6A 02                           	PUSH	2
   780 000008BB 6A 08                           	PUSH	8
   781 000008BD 53                              	PUSH	EBX
   782 000008BE FF 75 08                        	PUSH	DWORD [8+EBP]
   783 000008C1 E8 [00000000]                   	CALL	_boxfill8
   784 000008C6 8D 43 FC                        	LEA	EAX,DWORD [-4+EBX]
   785 000008C9 6A 14                           	PUSH	20
   786 000008CB 50                              	PUSH	EAX
   787 000008CC 6A 03                           	PUSH	3
   788 000008CE 6A 03                           	PUSH	3
   789 000008D0 6A 0C                           	PUSH	12
   790 000008D2 53                              	PUSH	EBX
   791 000008D3 FF 75 08                        	PUSH	DWORD [8+EBP]
   792 000008D6 E8 [00000000]                   	CALL	_boxfill8
   793 000008DB 83 C4 38                        	ADD	ESP,56
   794 000008DE 56                              	PUSH	ESI
   795 000008DF 57                              	PUSH	EDI
   796 000008E0 56                              	PUSH	ESI
   797 000008E1 6A 01                           	PUSH	1
   798 000008E3 6A 0F                           	PUSH	15
   799 000008E5 53                              	PUSH	EBX
   800 000008E6 FF 75 08                        	PUSH	DWORD [8+EBP]
   801 000008E9 E8 [00000000]                   	CALL	_boxfill8
   802 000008EE FF 75 E8                        	PUSH	DWORD [-24+EBP]
   803 000008F1 FF 75 EC                        	PUSH	DWORD [-20+EBP]
   804 000008F4 FF 75 E8                        	PUSH	DWORD [-24+EBP]
   805 000008F7 6A 00                           	PUSH	0
   806 000008F9 6A 00                           	PUSH	0
   807 000008FB 6B F3 05                        	IMUL	ESI,EBX,5
   808 000008FE 53                              	PUSH	EBX
   809 000008FF FF 75 08                        	PUSH	DWORD [8+EBP]
   810 00000902 E8 [00000000]                   	CALL	_boxfill8
   811 00000907 83 C4 38                        	ADD	ESP,56
   812 0000090A FF 75 14                        	PUSH	DWORD [20+EBP]
   813 0000090D 6A 07                           	PUSH	7
   814 0000090F 6A 04                           	PUSH	4
   815 00000911 6A 18                           	PUSH	24
   816 00000913 53                              	PUSH	EBX
   817 00000914 FF 75 08                        	PUSH	DWORD [8+EBP]
   818 00000917 E8 [00000000]                   	CALL	_putfonts8_asc
   819 0000091C 83 C4 18                        	ADD	ESP,24
   820 0000091F C7 45 F0 00000000               	MOV	DWORD [-16+EBP],0
   821 00000926 C7 45 E0 00000000               	MOV	DWORD [-32+EBP],0
   822 0000092D                                 L60:
   823 0000092D 8D 04 1E                        	LEA	EAX,DWORD [ESI+EBX*1]
   824 00000930 8B 55 08                        	MOV	EDX,DWORD [8+EBP]
   825 00000933 31 FF                           	XOR	EDI,EDI
   826 00000935 8D 4C 02 EB                     	LEA	ECX,DWORD [-21+EDX+EAX*1]
   827 00000939                                 L59:
   828 00000939 8B 45 E0                        	MOV	EAX,DWORD [-32+EBP]
   829 0000093C 8A 94 07 [000000A5]             	MOV	DL,BYTE [_closebtn.1+EDI+EAX*1]
   830 00000943 80 FA 40                        	CMP	DL,64
   831 00000946 74 33                           	JE	L65
   832 00000948 80 FA 24                        	CMP	DL,36
   833 0000094B 74 2A                           	JE	L66
   834 0000094D 80 FA 51                        	CMP	DL,81
   835 00000950 B2 08                           	MOV	DL,8
   836 00000952 0F 95 C0                        	SETNE	AL
   837 00000955 28 C2                           	SUB	DL,AL
   838 00000957                                 L54:
   839 00000957 47                              	INC	EDI
   840 00000958 88 11                           	MOV	BYTE [ECX],DL
   841 0000095A 41                              	INC	ECX
   842 0000095B 83 FF 0F                        	CMP	EDI,15
   843 0000095E 7E D9                           	JLE	L59
   844 00000960 FF 45 F0                        	INC	DWORD [-16+EBP]
   845 00000963 01 DE                           	ADD	ESI,EBX
   846 00000965 83 45 E0 10                     	ADD	DWORD [-32+EBP],16
   847 00000969 83 7D F0 0D                     	CMP	DWORD [-16+EBP],13
   848 0000096D 7E BE                           	JLE	L60
   849 0000096F 8D 65 F4                        	LEA	ESP,DWORD [-12+EBP]
   850 00000972 5B                              	POP	EBX
   851 00000973 5E                              	POP	ESI
   852 00000974 5F                              	POP	EDI
   853 00000975 5D                              	POP	EBP
   854 00000976 C3                              	RET
   855 00000977                                 L66:
   856 00000977 B2 0F                           	MOV	DL,15
   857 00000979 EB DC                           	JMP	L54
   858 0000097B                                 L65:
   859 0000097B 31 D2                           	XOR	EDX,EDX
   860 0000097D EB D8                           	JMP	L54
   861 0000097F                                 	GLOBAL	_putfonts8_asc_sht
   862 0000097F                                 _putfonts8_asc_sht:
   863 0000097F 55                              	PUSH	EBP
   864 00000980 89 E5                           	MOV	EBP,ESP
   865 00000982 57                              	PUSH	EDI
   866 00000983 56                              	PUSH	ESI
   867 00000984 53                              	PUSH	EBX
   868 00000985 83 EC 0C                        	SUB	ESP,12
   869 00000988 8B 45 08                        	MOV	EAX,DWORD [8+EBP]
   870 0000098B 8B 7D 10                        	MOV	EDI,DWORD [16+EBP]
   871 0000098E 89 45 F0                        	MOV	DWORD [-16+EBP],EAX
   872 00000991 8B 5D 14                        	MOV	EBX,DWORD [20+EBP]
   873 00000994 8B 45 0C                        	MOV	EAX,DWORD [12+EBP]
   874 00000997 89 45 EC                        	MOV	DWORD [-20+EBP],EAX
   875 0000099A 8B 45 1C                        	MOV	EAX,DWORD [28+EBP]
   876 0000099D 89 45 E8                        	MOV	DWORD [-24+EBP],EAX
   877 000009A0 8D 47 0F                        	LEA	EAX,DWORD [15+EDI]
   878 000009A3 50                              	PUSH	EAX
   879 000009A4 8B 45 EC                        	MOV	EAX,DWORD [-20+EBP]
   880 000009A7 8B 75 20                        	MOV	ESI,DWORD [32+EBP]
   881 000009AA 0F BE DB                        	MOVSX	EBX,BL
   882 000009AD 8D 34 F0                        	LEA	ESI,DWORD [EAX+ESI*8]
   883 000009B0 8D 46 FF                        	LEA	EAX,DWORD [-1+ESI]
   884 000009B3 50                              	PUSH	EAX
   885 000009B4 57                              	PUSH	EDI
   886 000009B5 FF 75 EC                        	PUSH	DWORD [-20+EBP]
   887 000009B8 0F B6 45 18                     	MOVZX	EAX,BYTE [24+EBP]
   888 000009BC 50                              	PUSH	EAX
   889 000009BD 8B 45 F0                        	MOV	EAX,DWORD [-16+EBP]
   890 000009C0 FF 70 04                        	PUSH	DWORD [4+EAX]
   891 000009C3 FF 30                           	PUSH	DWORD [EAX]
   892 000009C5 E8 [00000000]                   	CALL	_boxfill8
   893 000009CA FF 75 E8                        	PUSH	DWORD [-24+EBP]
   894 000009CD 53                              	PUSH	EBX
   895 000009CE 57                              	PUSH	EDI
   896 000009CF FF 75 EC                        	PUSH	DWORD [-20+EBP]
   897 000009D2 8B 45 F0                        	MOV	EAX,DWORD [-16+EBP]
   898 000009D5 FF 70 04                        	PUSH	DWORD [4+EAX]
   899 000009D8 FF 30                           	PUSH	DWORD [EAX]
   900 000009DA E8 [00000000]                   	CALL	_putfonts8_asc
   901 000009DF 89 7D 10                        	MOV	DWORD [16+EBP],EDI
   902 000009E2 8D 47 10                        	LEA	EAX,DWORD [16+EDI]
   903 000009E5 89 75 14                        	MOV	DWORD [20+EBP],ESI
   904 000009E8 89 45 18                        	MOV	DWORD [24+EBP],EAX
   905 000009EB 83 C4 34                        	ADD	ESP,52
   906 000009EE 8B 45 EC                        	MOV	EAX,DWORD [-20+EBP]
   907 000009F1 89 45 0C                        	MOV	DWORD [12+EBP],EAX
   908 000009F4 8B 45 F0                        	MOV	EAX,DWORD [-16+EBP]
   909 000009F7 89 45 08                        	MOV	DWORD [8+EBP],EAX
   910 000009FA 8D 65 F4                        	LEA	ESP,DWORD [-12+EBP]
   911 000009FD 5B                              	POP	EBX
   912 000009FE 5E                              	POP	ESI
   913 000009FF 5F                              	POP	EDI
   914 00000A00 5D                              	POP	EBP
   915 00000A01 E9 [00000000]                   	JMP	_sheet_refresh
   916 00000A06                                 	GLOBAL	_make_textbox8
   917 00000A06                                 _make_textbox8:
   918 00000A06 55                              	PUSH	EBP
   919 00000A07 89 E5                           	MOV	EBP,ESP
   920 00000A09 57                              	PUSH	EDI
   921 00000A0A 56                              	PUSH	ESI
   922 00000A0B 53                              	PUSH	EBX
   923 00000A0C 83 EC 14                        	SUB	ESP,20
   924 00000A0F 8B 45 0C                        	MOV	EAX,DWORD [12+EBP]
   925 00000A12 8B 75 10                        	MOV	ESI,DWORD [16+EBP]
   926 00000A15 03 45 14                        	ADD	EAX,DWORD [20+EBP]
   927 00000A18 83 EE 03                        	SUB	ESI,3
   928 00000A1B 56                              	PUSH	ESI
   929 00000A1C 89 45 F0                        	MOV	DWORD [-16+EBP],EAX
   930 00000A1F 8B 45 10                        	MOV	EAX,DWORD [16+EBP]
   931 00000A22 03 45 18                        	ADD	EAX,DWORD [24+EBP]
   932 00000A25 89 45 EC                        	MOV	DWORD [-20+EBP],EAX
   933 00000A28 8B 45 F0                        	MOV	EAX,DWORD [-16+EBP]
   934 00000A2B 40                              	INC	EAX
   935 00000A2C 50                              	PUSH	EAX
   936 00000A2D 89 45 E8                        	MOV	DWORD [-24+EBP],EAX
   937 00000A30 8B 45 0C                        	MOV	EAX,DWORD [12+EBP]
   938 00000A33 56                              	PUSH	ESI
   939 00000A34 83 E8 02                        	SUB	EAX,2
   940 00000A37 50                              	PUSH	EAX
   941 00000A38 89 45 E4                        	MOV	DWORD [-28+EBP],EAX
   942 00000A3B 8B 45 08                        	MOV	EAX,DWORD [8+EBP]
   943 00000A3E 6A 0F                           	PUSH	15
   944 00000A40 FF 70 04                        	PUSH	DWORD [4+EAX]
   945 00000A43 FF 30                           	PUSH	DWORD [EAX]
   946 00000A45 E8 [00000000]                   	CALL	_boxfill8
   947 00000A4A 8B 7D 0C                        	MOV	EDI,DWORD [12+EBP]
   948 00000A4D 8B 45 EC                        	MOV	EAX,DWORD [-20+EBP]
   949 00000A50 83 EF 03                        	SUB	EDI,3
   950 00000A53 40                              	INC	EAX
   951 00000A54 50                              	PUSH	EAX
   952 00000A55 89 45 E0                        	MOV	DWORD [-32+EBP],EAX
   953 00000A58 57                              	PUSH	EDI
   954 00000A59 8B 45 08                        	MOV	EAX,DWORD [8+EBP]
   955 00000A5C 56                              	PUSH	ESI
   956 00000A5D 57                              	PUSH	EDI
   957 00000A5E 6A 0F                           	PUSH	15
   958 00000A60 FF 70 04                        	PUSH	DWORD [4+EAX]
   959 00000A63 FF 30                           	PUSH	DWORD [EAX]
   960 00000A65 E8 [00000000]                   	CALL	_boxfill8
   961 00000A6A 8B 45 08                        	MOV	EAX,DWORD [8+EBP]
   962 00000A6D 83 C4 38                        	ADD	ESP,56
   963 00000A70 8B 5D EC                        	MOV	EBX,DWORD [-20+EBP]
   964 00000A73 83 C3 02                        	ADD	EBX,2
   965 00000A76 53                              	PUSH	EBX
   966 00000A77 FF 75 E8                        	PUSH	DWORD [-24+EBP]
   967 00000A7A 53                              	PUSH	EBX
   968 00000A7B 57                              	PUSH	EDI
   969 00000A7C 6A 07                           	PUSH	7
   970 00000A7E FF 70 04                        	PUSH	DWORD [4+EAX]
   971 00000A81 FF 30                           	PUSH	DWORD [EAX]
   972 00000A83 E8 [00000000]                   	CALL	_boxfill8
   973 00000A88 8B 45 F0                        	MOV	EAX,DWORD [-16+EBP]
   974 00000A8B 53                              	PUSH	EBX
   975 00000A8C 83 C0 02                        	ADD	EAX,2
   976 00000A8F 50                              	PUSH	EAX
   977 00000A90 56                              	PUSH	ESI
   978 00000A91 50                              	PUSH	EAX
   979 00000A92 8B 45 08                        	MOV	EAX,DWORD [8+EBP]
   980 00000A95 6A 07                           	PUSH	7
   981 00000A97 FF 70 04                        	PUSH	DWORD [4+EAX]
   982 00000A9A FF 30                           	PUSH	DWORD [EAX]
   983 00000A9C E8 [00000000]                   	CALL	_boxfill8
   984 00000AA1 8B 45 08                        	MOV	EAX,DWORD [8+EBP]
   985 00000AA4 83 C4 38                        	ADD	ESP,56
   986 00000AA7 8B 5D 10                        	MOV	EBX,DWORD [16+EBP]
   987 00000AAA 83 EB 02                        	SUB	EBX,2
   988 00000AAD 8B 7D 0C                        	MOV	EDI,DWORD [12+EBP]
   989 00000AB0 53                              	PUSH	EBX
   990 00000AB1 4F                              	DEC	EDI
   991 00000AB2 FF 75 F0                        	PUSH	DWORD [-16+EBP]
   992 00000AB5 53                              	PUSH	EBX
   993 00000AB6 57                              	PUSH	EDI
   994 00000AB7 6A 00                           	PUSH	0
   995 00000AB9 FF 70 04                        	PUSH	DWORD [4+EAX]
   996 00000ABC FF 30                           	PUSH	DWORD [EAX]
   997 00000ABE E8 [00000000]                   	CALL	_boxfill8
   998 00000AC3 8B 45 08                        	MOV	EAX,DWORD [8+EBP]
   999 00000AC6 FF 75 EC                        	PUSH	DWORD [-20+EBP]
  1000 00000AC9 FF 75 E4                        	PUSH	DWORD [-28+EBP]
  1001 00000ACC 53                              	PUSH	EBX
  1002 00000ACD FF 75 E4                        	PUSH	DWORD [-28+EBP]
  1003 00000AD0 6A 00                           	PUSH	0
  1004 00000AD2 FF 70 04                        	PUSH	DWORD [4+EAX]
  1005 00000AD5 FF 30                           	PUSH	DWORD [EAX]
  1006 00000AD7 E8 [00000000]                   	CALL	_boxfill8
  1007 00000ADC 8B 45 08                        	MOV	EAX,DWORD [8+EBP]
  1008 00000ADF 83 C4 38                        	ADD	ESP,56
  1009 00000AE2 FF 75 E0                        	PUSH	DWORD [-32+EBP]
  1010 00000AE5 FF 75 F0                        	PUSH	DWORD [-16+EBP]
  1011 00000AE8 FF 75 E0                        	PUSH	DWORD [-32+EBP]
  1012 00000AEB FF 75 E4                        	PUSH	DWORD [-28+EBP]
  1013 00000AEE 6A 08                           	PUSH	8
  1014 00000AF0 FF 70 04                        	PUSH	DWORD [4+EAX]
  1015 00000AF3 FF 30                           	PUSH	DWORD [EAX]
  1016 00000AF5 E8 [00000000]                   	CALL	_boxfill8
  1017 00000AFA 8B 45 08                        	MOV	EAX,DWORD [8+EBP]
  1018 00000AFD FF 75 E0                        	PUSH	DWORD [-32+EBP]
  1019 00000B00 FF 75 E8                        	PUSH	DWORD [-24+EBP]
  1020 00000B03 53                              	PUSH	EBX
  1021 00000B04 FF 75 E8                        	PUSH	DWORD [-24+EBP]
  1022 00000B07 6A 08                           	PUSH	8
  1023 00000B09 FF 70 04                        	PUSH	DWORD [4+EAX]
  1024 00000B0C FF 30                           	PUSH	DWORD [EAX]
  1025 00000B0E E8 [00000000]                   	CALL	_boxfill8
  1026 00000B13 8B 45 10                        	MOV	EAX,DWORD [16+EBP]
  1027 00000B16 83 C4 38                        	ADD	ESP,56
  1028 00000B19 48                              	DEC	EAX
  1029 00000B1A FF 75 EC                        	PUSH	DWORD [-20+EBP]
  1030 00000B1D FF 75 F0                        	PUSH	DWORD [-16+EBP]
  1031 00000B20 50                              	PUSH	EAX
  1032 00000B21 57                              	PUSH	EDI
  1033 00000B22 0F B6 45 1C                     	MOVZX	EAX,BYTE [28+EBP]
  1034 00000B26 50                              	PUSH	EAX
  1035 00000B27 8B 45 08                        	MOV	EAX,DWORD [8+EBP]
  1036 00000B2A FF 70 04                        	PUSH	DWORD [4+EAX]
  1037 00000B2D FF 30                           	PUSH	DWORD [EAX]
  1038 00000B2F E8 [00000000]                   	CALL	_boxfill8
  1039 00000B34 8D 65 F4                        	LEA	ESP,DWORD [-12+EBP]
  1040 00000B37 5B                              	POP	EBX
  1041 00000B38 5E                              	POP	ESI
  1042 00000B39 5F                              	POP	EDI
  1043 00000B3A 5D                              	POP	EBP
  1044 00000B3B C3                              	RET
  1045 00000B3C                                 	GLOBAL	_task_b_main
  1046 00000B3C                                 _task_b_main:
  1047 00000B3C 55                              	PUSH	EBP
  1048 00000B3D 89 E5                           	MOV	EBP,ESP
  1049 00000B3F 56                              	PUSH	ESI
  1050 00000B40 53                              	PUSH	EBX
  1051 00000B41 81 EC 00000220                  	SUB	ESP,544
  1052 00000B47 8D 85 FFFFFDD8                  	LEA	EAX,DWORD [-552+EBP]
  1053 00000B4D 8D 5D D8                        	LEA	EBX,DWORD [-40+EBP]
  1054 00000B50 50                              	PUSH	EAX
  1055 00000B51 68 00000080                     	PUSH	128
  1056 00000B56 53                              	PUSH	EBX
  1057 00000B57 E8 [00000000]                   	CALL	_fifo32_init
  1058 00000B5C E8 [00000000]                   	CALL	_timer_alloc
  1059 00000B61 6A 01                           	PUSH	1
  1060 00000B63 53                              	PUSH	EBX
  1061 00000B64 89 C6                           	MOV	ESI,EAX
  1062 00000B66 50                              	PUSH	EAX
  1063 00000B67 E8 [00000000]                   	CALL	_timer_init
  1064 00000B6C 6A 02                           	PUSH	2
  1065 00000B6E 56                              	PUSH	ESI
  1066 00000B6F E8 [00000000]                   	CALL	_timer_settime
  1067 00000B74 83 C4 20                        	ADD	ESP,32
  1068 00000B77                                 L70:
  1069 00000B77 8D 5D D8                        	LEA	EBX,DWORD [-40+EBP]
  1070 00000B7A E8 [00000000]                   	CALL	_io_cli
  1071 00000B7F 53                              	PUSH	EBX
  1072 00000B80 E8 [00000000]                   	CALL	_fifo32_status
  1073 00000B85 5A                              	POP	EDX
  1074 00000B86 85 C0                           	TEST	EAX,EAX
  1075 00000B88 74 27                           	JE	L76
  1076 00000B8A 53                              	PUSH	EBX
  1077 00000B8B E8 [00000000]                   	CALL	_fifo32_get
  1078 00000B90 89 C3                           	MOV	EBX,EAX
  1079 00000B92 E8 [00000000]                   	CALL	_io_sti
  1080 00000B97 59                              	POP	ECX
  1081 00000B98 4B                              	DEC	EBX
  1082 00000B99 75 DC                           	JNE	L70
  1083 00000B9B 6A 18                           	PUSH	24
  1084 00000B9D 6A 00                           	PUSH	0
  1085 00000B9F E8 [00000000]                   	CALL	_farjmp
  1086 00000BA4 6A 02                           	PUSH	2
  1087 00000BA6 56                              	PUSH	ESI
  1088 00000BA7 E8 [00000000]                   	CALL	_timer_settime
  1089 00000BAC 83 C4 10                        	ADD	ESP,16
  1090 00000BAF EB C6                           	JMP	L70
  1091 00000BB1                                 L76:
  1092 00000BB1 E8 [00000000]                   	CALL	_io_stihlt
  1093 00000BB6 EB BF                           	JMP	L70
